<?xml version="1.0" encoding="UTF-8"?>
<!-- Generated by org.testng.reporters.JUnitReportReporter -->
<testsuite hostname="DESKTOP-N7K85DJ" name="Test_Cases_Prod.Forgot_Password" tests="2" failures="0" timestamp="30 Sep 2021 03:41:36 GMT" time="34.697" errors="0">
  <testcase name="HomePage_Header_login" time="18.769" classname="Test_Cases_Prod.Forgot_Password"/>
  <testcase name="HomePage_Header_login" time="15.928" classname="Test_Cases_Prod.Forgot_Password"/>
</testsuite> <!-- Test_Cases_Prod.Forgot_Password -->
