<?xml version="1.0" encoding="UTF-8"?>
<!-- Generated by org.testng.reporters.JUnitReportReporter -->
<testsuite hostname="DESKTOP-N7K85DJ" name="Test_Cases_Dev.What_we_Do_TC" tests="2" failures="0" timestamp="23 Aug 2021 15:13:26 GMT" time="91.320" errors="0">
  <testcase name="HomePage_Header_login" time="46.326" classname="Test_Cases_Dev.What_we_Do_TC"/>
  <testcase name="HomePage_Header_login" time="44.994" classname="Test_Cases_Dev.What_we_Do_TC"/>
</testsuite> <!-- Test_Cases_Dev.What_we_Do_TC -->
