<?xml version="1.0" encoding="UTF-8"?>
<!-- Generated by org.testng.reporters.JUnitReportReporter -->
<testsuite hostname="DESKTOP-N7K85DJ" name="Test_Cases_Prod.What_we_Do_TC" tests="2" failures="0" timestamp="30 Sep 2021 03:41:36 GMT" time="82.430" errors="0">
  <testcase name="HomePage_Header_login" time="45.279" classname="Test_Cases_Prod.What_we_Do_TC"/>
  <testcase name="HomePage_Header_login" time="37.151" classname="Test_Cases_Prod.What_we_Do_TC"/>
</testsuite> <!-- Test_Cases_Prod.What_we_Do_TC -->
