<?xml version="1.0" encoding="UTF-8"?>
<!-- Generated by org.testng.reporters.JUnitReportReporter -->
<testsuite hostname="DESKTOP-N7K85DJ" name="Test_Cases_Prod.Home_TC" tests="8" failures="0" timestamp="15 Sep 2021 16:39:53 GMT" time="169.927" errors="0">
  <testcase name="HomePage_Header_ContactUS_btn" time="18.272" classname="Test_Cases_Prod.Home_TC"/>
  <testcase name="HomePage_Header_login" time="17.831" classname="Test_Cases_Prod.Home_TC"/>
  <testcase name="HomePage_Header_What_weDo" time="24.229" classname="Test_Cases_Prod.Home_TC"/>
  <testcase name="HomePage_Header_What_weDo" time="14.478" classname="Test_Cases_Prod.Home_TC"/>
  <testcase name="HomePage_Header_Our_approach" time="22.731" classname="Test_Cases_Prod.Home_TC"/>
  <testcase name="HomePage_Header_Our_approach" time="18.155" classname="Test_Cases_Prod.Home_TC"/>
  <testcase name="HomePage_Header_login" time="30.835" classname="Test_Cases_Prod.Home_TC"/>
  <testcase name="HomePage_Header_ContactUS_btn" time="23.396" classname="Test_Cases_Prod.Home_TC"/>
</testsuite> <!-- Test_Cases_Prod.Home_TC -->
