<?xml version="1.0" encoding="UTF-8"?>
<!-- Generated by org.testng.reporters.JUnitReportReporter -->
<testsuite hostname="DESKTOP-N7K85DJ" name="Test_Cases_Dev.Home_TC" tests="8" failures="0" timestamp="23 Aug 2021 15:13:26 GMT" time="225.179" errors="0">
  <testcase name="HomePage_Header_Our_approach" time="24.992" classname="Test_Cases_Dev.Home_TC"/>
  <testcase name="HomePage_Header_ContactUS_btn" time="33.900" classname="Test_Cases_Dev.Home_TC"/>
  <testcase name="HomePage_Header_login" time="25.436" classname="Test_Cases_Dev.Home_TC"/>
  <testcase name="HomePage_Header_What_weDo" time="21.508" classname="Test_Cases_Dev.Home_TC"/>
  <testcase name="HomePage_Header_login" time="27.953" classname="Test_Cases_Dev.Home_TC"/>
  <testcase name="HomePage_Header_ContactUS_btn" time="29.727" classname="Test_Cases_Dev.Home_TC"/>
  <testcase name="HomePage_Header_What_weDo" time="33.296" classname="Test_Cases_Dev.Home_TC"/>
  <testcase name="HomePage_Header_Our_approach" time="28.367" classname="Test_Cases_Dev.Home_TC"/>
</testsuite> <!-- Test_Cases_Dev.Home_TC -->
