<?xml version="1.0" encoding="UTF-8"?>
<!-- Generated by org.testng.reporters.JUnitReportReporter -->
<testsuite hostname="DESKTOP-N7K85DJ" name="Test_Cases_Prod.What_we_Do_TC" tests="2" failures="0" timestamp="25 Oct 2021 12:29:00 GMT" time="89.718" errors="0">
  <testcase name="HomePage_Header_login" time="51.993" classname="Test_Cases_Prod.What_we_Do_TC"/>
  <testcase name="HomePage_Header_login" time="37.725" classname="Test_Cases_Prod.What_we_Do_TC"/>
</testsuite> <!-- Test_Cases_Prod.What_we_Do_TC -->
