<?xml version="1.0" encoding="UTF-8"?>
<!-- Generated by org.testng.reporters.JUnitReportReporter -->
<testsuite hostname="DESKTOP-N7K85DJ" name="Test_Cases_Dev.Home_TC" tests="8" failures="0" timestamp="30 Sep 2021 03:29:33 GMT" time="216.221" errors="0">
  <testcase name="HomePage_Header_Our_approach" time="26.001" classname="Test_Cases_Dev.Home_TC"/>
  <testcase name="HomePage_Header_ContactUS_btn" time="26.395" classname="Test_Cases_Dev.Home_TC"/>
  <testcase name="HomePage_Header_login" time="25.317" classname="Test_Cases_Dev.Home_TC"/>
  <testcase name="HomePage_Header_What_weDo" time="21.541" classname="Test_Cases_Dev.Home_TC"/>
  <testcase name="HomePage_Header_login" time="38.054" classname="Test_Cases_Dev.Home_TC"/>
  <testcase name="HomePage_Header_ContactUS_btn" time="19.267" classname="Test_Cases_Dev.Home_TC"/>
  <testcase name="HomePage_Header_What_weDo" time="23.185" classname="Test_Cases_Dev.Home_TC"/>
  <testcase name="HomePage_Header_Our_approach" time="36.461" classname="Test_Cases_Dev.Home_TC"/>
</testsuite> <!-- Test_Cases_Dev.Home_TC -->
