<?xml version="1.0" encoding="UTF-8"?>
<!-- Generated by org.testng.reporters.JUnitReportReporter -->
<testsuite hostname="DESKTOP-N7K85DJ" name="Test_Cases_Dev.Forgot_Password" tests="2" failures="0" timestamp="29 Oct 2021 10:29:13 GMT" time="45.086" errors="0">
  <testcase name="HomePage_Header_login" time="12.900" classname="Test_Cases_Dev.Forgot_Password"/>
  <testcase name="HomePage_Header_login" time="32.186" classname="Test_Cases_Dev.Forgot_Password"/>
</testsuite> <!-- Test_Cases_Dev.Forgot_Password -->
