<?xml version="1.0" encoding="UTF-8"?>
<!-- Generated by org.testng.reporters.JUnitReportReporter -->
<testsuite hostname="DESKTOP-N7K85DJ" name="Test_Cases_Dev.What_we_Do_TC" tests="2" failures="0" timestamp="30 Sep 2021 03:29:33 GMT" time="92.779" errors="0">
  <testcase name="HomePage_Header_login" time="45.381" classname="Test_Cases_Dev.What_we_Do_TC"/>
  <testcase name="HomePage_Header_login" time="47.398" classname="Test_Cases_Dev.What_we_Do_TC"/>
</testsuite> <!-- Test_Cases_Dev.What_we_Do_TC -->
