<?xml version="1.0" encoding="UTF-8"?>
<!-- Generated by org.testng.reporters.JUnitReportReporter -->
<testsuite hostname="DESKTOP-N7K85DJ" name="Test_Cases_Prod.Home_TC" tests="8" failures="0" timestamp="30 Sep 2021 03:41:36 GMT" time="168.327" errors="0">
  <testcase name="HomePage_Header_login" time="17.731" classname="Test_Cases_Prod.Home_TC"/>
  <testcase name="HomePage_Header_What_weDo" time="24.495" classname="Test_Cases_Prod.Home_TC"/>
  <testcase name="HomePage_Header_Our_approach" time="21.695" classname="Test_Cases_Prod.Home_TC"/>
  <testcase name="HomePage_Header_What_weDo" time="13.021" classname="Test_Cases_Prod.Home_TC"/>
  <testcase name="HomePage_Header_Our_approach" time="17.948" classname="Test_Cases_Prod.Home_TC"/>
  <testcase name="HomePage_Header_login" time="33.828" classname="Test_Cases_Prod.Home_TC"/>
  <testcase name="HomePage_Header_ContactUS_btn" time="17.518" classname="Test_Cases_Prod.Home_TC"/>
  <testcase name="HomePage_Header_ContactUS_btn" time="22.091" classname="Test_Cases_Prod.Home_TC"/>
</testsuite> <!-- Test_Cases_Prod.Home_TC -->
