<?xml version="1.0" encoding="UTF-8"?>
<!-- Generated by org.testng.reporters.JUnitReportReporter -->
<testsuite hostname="DESKTOP-N7K85DJ" name="Test_Cases_Prod.Forgot_Password" tests="2" failures="0" timestamp="25 Oct 2021 12:29:00 GMT" time="45.968" errors="0">
  <testcase name="HomePage_Header_login" time="13.799" classname="Test_Cases_Prod.Forgot_Password"/>
  <testcase name="HomePage_Header_login" time="32.169" classname="Test_Cases_Prod.Forgot_Password"/>
</testsuite> <!-- Test_Cases_Prod.Forgot_Password -->
