<?xml version="1.0" encoding="UTF-8"?>
<!-- Generated by org.testng.reporters.JUnitReportReporter -->
<testsuite hostname="DESKTOP-N7K85DJ" name="Test_Cases_Prod.Forgot_Password" tests="2" failures="0" timestamp="15 Nov 2021 09:36:36 GMT" time="32.508" errors="0">
  <testcase name="HomePage_Header_login" time="14.138" classname="Test_Cases_Prod.Forgot_Password"/>
  <testcase name="HomePage_Header_login" time="18.370" classname="Test_Cases_Prod.Forgot_Password"/>
</testsuite> <!-- Test_Cases_Prod.Forgot_Password -->
