<?xml version="1.0" encoding="UTF-8"?>
<!-- Generated by org.testng.reporters.JUnitReportReporter -->
<testsuite hostname="DESKTOP-N7K85DJ" name="Test_Cases_Dev.Home_TC" tests="8" failures="0" timestamp="29 Oct 2021 10:29:13 GMT" time="171.241" errors="0">
  <testcase name="HomePage_Header_Our_approach" time="14.019" classname="Test_Cases_Dev.Home_TC"/>
  <testcase name="HomePage_Header_ContactUS_btn" time="25.159" classname="Test_Cases_Dev.Home_TC"/>
  <testcase name="HomePage_Header_What_weDo" time="11.333" classname="Test_Cases_Dev.Home_TC"/>
  <testcase name="HomePage_Header_login" time="19.508" classname="Test_Cases_Dev.Home_TC"/>
  <testcase name="HomePage_Header_ContactUS_btn" time="20.049" classname="Test_Cases_Dev.Home_TC"/>
  <testcase name="HomePage_Header_What_weDo" time="31.239" classname="Test_Cases_Dev.Home_TC"/>
  <testcase name="HomePage_Header_login" time="14.732" classname="Test_Cases_Dev.Home_TC"/>
  <testcase name="HomePage_Header_Our_approach" time="35.202" classname="Test_Cases_Dev.Home_TC"/>
</testsuite> <!-- Test_Cases_Dev.Home_TC -->
