<?xml version="1.0" encoding="UTF-8"?>
<!-- Generated by org.testng.reporters.JUnitReportReporter -->
<testsuite hostname="DESKTOP-N7K85DJ" name="Test_Cases_Dev.Forgot_Password" tests="2" failures="0" timestamp="30 Sep 2021 03:29:33 GMT" time="45.651" errors="0">
  <testcase name="HomePage_Header_login" time="12.666" classname="Test_Cases_Dev.Forgot_Password"/>
  <testcase name="HomePage_Header_login" time="32.985" classname="Test_Cases_Dev.Forgot_Password"/>
</testsuite> <!-- Test_Cases_Dev.Forgot_Password -->
