<?xml version="1.0" encoding="UTF-8"?>
<!-- Generated by org.testng.reporters.JUnitReportReporter -->
<testsuite hostname="DESKTOP-N7K85DJ" name="Test_Cases_Prod.Forgot_Password" tests="2" failures="0" timestamp="15 Sep 2021 16:39:53 GMT" time="44.503" errors="0">
  <testcase name="HomePage_Header_login" time="16.271" classname="Test_Cases_Prod.Forgot_Password"/>
  <testcase name="HomePage_Header_login" time="28.232" classname="Test_Cases_Prod.Forgot_Password"/>
</testsuite> <!-- Test_Cases_Prod.Forgot_Password -->
