<?xml version="1.0" encoding="UTF-8"?>
<!-- Generated by org.testng.reporters.JUnitReportReporter -->
<testsuite hostname="DESKTOP-N7K85DJ" name="Test_Cases_Dev.What_we_Do_TC" tests="2" failures="0" timestamp="29 Oct 2021 10:29:13 GMT" time="89.216" errors="0">
  <testcase name="HomePage_Header_login" time="52.469" classname="Test_Cases_Dev.What_we_Do_TC"/>
  <testcase name="HomePage_Header_login" time="36.747" classname="Test_Cases_Dev.What_we_Do_TC"/>
</testsuite> <!-- Test_Cases_Dev.What_we_Do_TC -->
