<?xml version="1.0" encoding="UTF-8"?>
<!-- Generated by org.testng.reporters.JUnitReportReporter -->
<testsuite hostname="DESKTOP-N7K85DJ" name="Test_Cases_Prod.What_we_Do_TC" tests="2" failures="0" timestamp="15 Nov 2021 09:36:36 GMT" time="86.640" errors="0">
  <testcase name="HomePage_Header_login" time="51.062" classname="Test_Cases_Prod.What_we_Do_TC"/>
  <testcase name="HomePage_Header_login" time="35.578" classname="Test_Cases_Prod.What_we_Do_TC"/>
</testsuite> <!-- Test_Cases_Prod.What_we_Do_TC -->
