<?xml version="1.0" encoding="UTF-8"?>
<!-- Generated by org.testng.reporters.JUnitReportReporter -->
<testsuite hostname="DESKTOP-N7K85DJ" name="Test_Cases_Prod.What_we_Do_TC" tests="2" failures="0" timestamp="15 Sep 2021 16:39:53 GMT" time="86.509" errors="0">
  <testcase name="HomePage_Header_login" time="47.998" classname="Test_Cases_Prod.What_we_Do_TC"/>
  <testcase name="HomePage_Header_login" time="38.511" classname="Test_Cases_Prod.What_we_Do_TC"/>
</testsuite> <!-- Test_Cases_Prod.What_we_Do_TC -->
