<?xml version="1.0" encoding="UTF-8"?>
<!-- Generated by org.testng.reporters.JUnitReportReporter -->
<testsuite hostname="DESKTOP-N7K85DJ" name="Test_Cases_Prod.Home_TC" tests="8" failures="0" timestamp="25 Oct 2021 12:29:00 GMT" time="192.340" errors="0">
  <testcase name="HomePage_Header_ContactUS_btn" time="17.133" classname="Test_Cases_Prod.Home_TC"/>
  <testcase name="HomePage_Header_login" time="17.076" classname="Test_Cases_Prod.Home_TC"/>
  <testcase name="HomePage_Header_What_weDo" time="31.714" classname="Test_Cases_Prod.Home_TC"/>
  <testcase name="HomePage_Header_What_weDo" time="13.548" classname="Test_Cases_Prod.Home_TC"/>
  <testcase name="HomePage_Header_Our_approach" time="37.062" classname="Test_Cases_Prod.Home_TC"/>
  <testcase name="HomePage_Header_Our_approach" time="17.280" classname="Test_Cases_Prod.Home_TC"/>
  <testcase name="HomePage_Header_login" time="22.011" classname="Test_Cases_Prod.Home_TC"/>
  <testcase name="HomePage_Header_ContactUS_btn" time="36.516" classname="Test_Cases_Prod.Home_TC"/>
</testsuite> <!-- Test_Cases_Prod.Home_TC -->
