<?xml version="1.0" encoding="UTF-8"?>
<!-- Generated by org.testng.reporters.JUnitReportReporter -->
<testsuite hostname="DESKTOP-N7K85DJ" name="Test_Cases_Dev.Forgot_Password" tests="2" failures="0" timestamp="23 Aug 2021 15:13:26 GMT" time="41.981" errors="0">
  <testcase name="HomePage_Header_login" time="13.358" classname="Test_Cases_Dev.Forgot_Password"/>
  <testcase name="HomePage_Header_login" time="28.623" classname="Test_Cases_Dev.Forgot_Password"/>
</testsuite> <!-- Test_Cases_Dev.Forgot_Password -->
