<?xml version="1.0" encoding="UTF-8"?>
<!-- Generated by org.testng.reporters.JUnitReportReporter -->
<testsuite hostname="DESKTOP-N7K85DJ" name="Test_Cases_Prod.Home_TC" tests="8" failures="0" timestamp="15 Nov 2021 09:36:36 GMT" time="153.558" errors="0">
  <testcase name="HomePage_Header_ContactUS_btn" time="16.595" classname="Test_Cases_Prod.Home_TC"/>
  <testcase name="HomePage_Header_What_weDo" time="16.128" classname="Test_Cases_Prod.Home_TC"/>
  <testcase name="HomePage_Header_What_weDo" time="12.882" classname="Test_Cases_Prod.Home_TC"/>
  <testcase name="HomePage_Header_Our_approach" time="20.575" classname="Test_Cases_Prod.Home_TC"/>
  <testcase name="HomePage_Header_Our_approach" time="17.187" classname="Test_Cases_Prod.Home_TC"/>
  <testcase name="HomePage_Header_login" time="16.175" classname="Test_Cases_Prod.Home_TC"/>
  <testcase name="HomePage_Header_login" time="33.949" classname="Test_Cases_Prod.Home_TC"/>
  <testcase name="HomePage_Header_ContactUS_btn" time="20.067" classname="Test_Cases_Prod.Home_TC"/>
</testsuite> <!-- Test_Cases_Prod.Home_TC -->
