<?xml version="1.0" encoding="UTF-8"?>
<!-- Generated by org.testng.reporters.JUnitReportReporter -->
<testsuite hostname="DESKTOP-N7K85DJ" name="Credit_Global_Test_Cases_Dev.What_we_Do_TC" tests="2" failures="0" timestamp="29 Dec 2021 16:51:03 GMT" time="85.271" errors="0">
  <testcase name="HomePage_Header_login" time="47.327" classname="Credit_Global_Test_Cases_Dev.What_we_Do_TC"/>
  <testcase name="HomePage_Header_login" time="37.944" classname="Credit_Global_Test_Cases_Dev.What_we_Do_TC"/>
</testsuite> <!-- Credit_Global_Test_Cases_Dev.What_we_Do_TC -->
