<?xml version="1.0" encoding="UTF-8"?>
<!-- Generated by org.testng.reporters.JUnitReportReporter -->
<testsuite hostname="DESKTOP-N7K85DJ" name="Test_Case_Prod.Contact_US_TC" tests="2" failures="0" timestamp="15 Sep 2021 17:53:01 GMT" time="56.106" errors="0">
  <testcase name="Footer" time="24.586" classname="Test_Case_Prod.Contact_US_TC"/>
  <testcase name="Footer" time="31.520" classname="Test_Case_Prod.Contact_US_TC"/>
</testsuite> <!-- Test_Case_Prod.Contact_US_TC -->
