<?xml version="1.0" encoding="UTF-8"?>
<!-- Generated by org.testng.reporters.JUnitReportReporter -->
<testsuite hostname="DESKTOP-N7K85DJ" name="Test_Case_Dev.What_We_offer" tests="2" failures="0" timestamp="30 Sep 2021 08:32:31 GMT" time="98.587" errors="0">
  <testcase name="Footer" time="56.430" classname="Test_Case_Dev.What_We_offer"/>
  <testcase name="Footer" time="42.157" classname="Test_Case_Dev.What_We_offer"/>
</testsuite> <!-- Test_Case_Dev.What_We_offer -->
