<?xml version="1.0" encoding="UTF-8"?>
<!-- Generated by org.testng.reporters.JUnitReportReporter -->
<testsuite hostname="DESKTOP-N7K85DJ" name="Test_Case_Dev.Contact_US_TC" tests="2" failures="0" timestamp="30 Sep 2021 08:32:31 GMT" time="75.015" errors="0">
  <testcase name="Footer" time="34.017" classname="Test_Case_Dev.Contact_US_TC"/>
  <testcase name="Footer" time="40.998" classname="Test_Case_Dev.Contact_US_TC"/>
</testsuite> <!-- Test_Case_Dev.Contact_US_TC -->
