<?xml version="1.0" encoding="UTF-8"?>
<!-- Generated by org.testng.reporters.JUnitReportReporter -->
<testsuite hostname="DESKTOP-N7K85DJ" name="Test_Case_Prod.About_Us" tests="2" failures="0" timestamp="15 Nov 2021 14:06:35 GMT" time="36.620" errors="0">
  <testcase name="Footer" time="20.923" classname="Test_Case_Prod.About_Us"/>
  <testcase name="Footer" time="15.697" classname="Test_Case_Prod.About_Us"/>
</testsuite> <!-- Test_Case_Prod.About_Us -->
