<?xml version="1.0" encoding="UTF-8"?>
<!-- Generated by org.testng.reporters.JUnitReportReporter -->
<testsuite hostname="DESKTOP-N7K85DJ" name="Test_Case_Prod.Contact_US_TC" tests="2" failures="0" timestamp="15 Nov 2021 14:06:35 GMT" time="52.774" errors="0">
  <testcase name="Footer" time="29.882" classname="Test_Case_Prod.Contact_US_TC"/>
  <testcase name="Footer" time="22.892" classname="Test_Case_Prod.Contact_US_TC"/>
</testsuite> <!-- Test_Case_Prod.Contact_US_TC -->
