<?xml version="1.0" encoding="UTF-8"?>
<!-- Generated by org.testng.reporters.JUnitReportReporter -->
<testsuite hostname="DESKTOP-N7K85DJ" name="Speciality_underwriters_Test_Case_Dev.About_Us" tests="2" failures="0" timestamp="29 Dec 2021 13:35:55 GMT" time="34.224" errors="0">
  <testcase name="Footer" time="19.541" classname="Speciality_underwriters_Test_Case_Dev.About_Us"/>
  <testcase name="Footer" time="14.683" classname="Speciality_underwriters_Test_Case_Dev.About_Us"/>
</testsuite> <!-- Speciality_underwriters_Test_Case_Dev.About_Us -->
