<?xml version="1.0" encoding="UTF-8"?>
<!-- Generated by org.testng.reporters.JUnitReportReporter -->
<testsuite hostname="DESKTOP-N7K85DJ" name="Test_Case_Prod.What_We_offer" tests="2" failures="0" timestamp="15 Nov 2021 14:06:35 GMT" time="92.276" errors="0">
  <testcase name="Footer" time="49.019" classname="Test_Case_Prod.What_We_offer"/>
  <testcase name="Footer" time="43.257" classname="Test_Case_Prod.What_We_offer"/>
</testsuite> <!-- Test_Case_Prod.What_We_offer -->
