<?xml version="1.0" encoding="UTF-8"?>
<!-- Generated by org.testng.reporters.JUnitReportReporter -->
<testsuite hostname="DESKTOP-N7K85DJ" name="Test_Case_Dev.Home_TC" tests="2" failures="0" timestamp="30 Sep 2021 08:32:31 GMT" time="66.328" errors="0">
  <testcase name="Footer" time="30.567" classname="Test_Case_Dev.Home_TC"/>
  <testcase name="Footer" time="35.761" classname="Test_Case_Dev.Home_TC"/>
</testsuite> <!-- Test_Case_Dev.Home_TC -->
