<?xml version="1.0" encoding="UTF-8"?>
<!-- Generated by org.testng.reporters.JUnitReportReporter -->
<testsuite hostname="DESKTOP-N7K85DJ" name="Test_Case_Dev.Home_TC" tests="2" failures="0" timestamp="15 Nov 2021 14:00:57 GMT" time="49.528" errors="0">
  <testcase name="Footer" time="27.169" classname="Test_Case_Dev.Home_TC"/>
  <testcase name="Footer" time="22.359" classname="Test_Case_Dev.Home_TC"/>
</testsuite> <!-- Test_Case_Dev.Home_TC -->
