<?xml version="1.0" encoding="UTF-8"?>
<!-- Generated by org.testng.reporters.JUnitReportReporter -->
<testsuite hostname="DESKTOP-N7K85DJ" name="Test_Case_Prod.About_Us" tests="2" failures="0" timestamp="30 Sep 2021 08:39:04 GMT" time="43.125" errors="0">
  <testcase name="Footer" time="26.005" classname="Test_Case_Prod.About_Us"/>
  <testcase name="Footer" time="17.120" classname="Test_Case_Prod.About_Us"/>
</testsuite> <!-- Test_Case_Prod.About_Us -->
