<?xml version="1.0" encoding="UTF-8"?>
<!-- Generated by org.testng.reporters.JUnitReportReporter -->
<testsuite hostname="DESKTOP-N7K85DJ" name="Test_Case_Dev.About_Us" tests="2" failures="0" timestamp="30 Sep 2021 08:32:31 GMT" time="56.296" errors="0">
  <testcase name="Footer" time="30.949" classname="Test_Case_Dev.About_Us"/>
  <testcase name="Footer" time="25.347" classname="Test_Case_Dev.About_Us"/>
</testsuite> <!-- Test_Case_Dev.About_Us -->
