<?xml version="1.0" encoding="UTF-8"?>
<!-- Generated by org.testng.reporters.JUnitReportReporter -->
<testsuite hostname="DESKTOP-N7K85DJ" name="Speciality_underwriters_Test_Case_Dev.Home_TC" tests="2" failures="0" timestamp="29 Dec 2021 13:35:55 GMT" time="43.868" errors="0">
  <testcase name="Footer" time="23.865" classname="Speciality_underwriters_Test_Case_Dev.Home_TC"/>
  <testcase name="Footer" time="20.003" classname="Speciality_underwriters_Test_Case_Dev.Home_TC"/>
</testsuite> <!-- Speciality_underwriters_Test_Case_Dev.Home_TC -->
