<?xml version="1.0" encoding="UTF-8"?>
<!-- Generated by org.testng.reporters.JUnitReportReporter -->
<testsuite hostname="DESKTOP-N7K85DJ" name="Test_Case_Dev.What_We_offer" tests="2" failures="0" timestamp="15 Nov 2021 14:00:57 GMT" time="86.930" errors="0">
  <testcase name="Footer" time="47.903" classname="Test_Case_Dev.What_We_offer"/>
  <testcase name="Footer" time="39.027" classname="Test_Case_Dev.What_We_offer"/>
</testsuite> <!-- Test_Case_Dev.What_We_offer -->
