<?xml version="1.0" encoding="UTF-8"?>
<!-- Generated by org.testng.reporters.JUnitReportReporter -->
<testsuite hostname="DESKTOP-N7K85DJ" name="Test_Case_Dev.About_Us" tests="2" failures="0" timestamp="15 Nov 2021 14:00:57 GMT" time="39.737" errors="0">
  <testcase name="Footer" time="22.023" classname="Test_Case_Dev.About_Us"/>
  <testcase name="Footer" time="17.714" classname="Test_Case_Dev.About_Us"/>
</testsuite> <!-- Test_Case_Dev.About_Us -->
