<?xml version="1.0" encoding="UTF-8"?>
<!-- Generated by org.testng.reporters.JUnitReportReporter -->
<testsuite hostname="DESKTOP-N7K85DJ" name="Test_Case_Prod.Home_TC" tests="2" failures="0" timestamp="15 Sep 2021 17:53:01 GMT" time="52.212" errors="0">
  <testcase name="Footer" time="23.249" classname="Test_Case_Prod.Home_TC"/>
  <testcase name="Footer" time="28.963" classname="Test_Case_Prod.Home_TC"/>
</testsuite> <!-- Test_Case_Prod.Home_TC -->
