<?xml version="1.0" encoding="UTF-8"?>
<!-- Generated by org.testng.reporters.JUnitReportReporter -->
<testsuite hostname="DESKTOP-N7K85DJ" name="Test_Case_Prod.What_We_offer" tests="2" failures="0" timestamp="30 Sep 2021 08:39:04 GMT" time="97.305" errors="0">
  <testcase name="Footer" time="43.942" classname="Test_Case_Prod.What_We_offer"/>
  <testcase name="Footer" time="53.363" classname="Test_Case_Prod.What_We_offer"/>
</testsuite> <!-- Test_Case_Prod.What_We_offer -->
