<?xml version="1.0" encoding="UTF-8"?>
<!-- Generated by org.testng.reporters.JUnitReportReporter -->
<testsuite hostname="DESKTOP-N7K85DJ" name="Test_Case_Prod.About_Us" tests="2" failures="0" timestamp="15 Sep 2021 17:53:01 GMT" time="40.107" errors="0">
  <testcase name="Footer" time="23.549" classname="Test_Case_Prod.About_Us"/>
  <testcase name="Footer" time="16.558" classname="Test_Case_Prod.About_Us"/>
</testsuite> <!-- Test_Case_Prod.About_Us -->
