<?xml version="1.0" encoding="UTF-8"?>
<!-- Generated by org.testng.reporters.JUnitReportReporter -->
<testsuite hostname="DESKTOP-N7K85DJ" name="Test_Case_Prod.What_We_offer" tests="2" failures="0" timestamp="15 Sep 2021 17:53:01 GMT" time="95.040" errors="0">
  <testcase name="Footer" time="44.537" classname="Test_Case_Prod.What_We_offer"/>
  <testcase name="Footer" time="50.503" classname="Test_Case_Prod.What_We_offer"/>
</testsuite> <!-- Test_Case_Prod.What_We_offer -->
