<?xml version="1.0" encoding="UTF-8"?>
<!-- Generated by org.testng.reporters.JUnitReportReporter -->
<testsuite hostname="DESKTOP-N7K85DJ" name="Test_Case_Dev.Contact_US_TC" tests="2" failures="0" timestamp="15 Nov 2021 14:00:57 GMT" time="57.922" errors="0">
  <testcase name="Footer" time="31.177" classname="Test_Case_Dev.Contact_US_TC"/>
  <testcase name="Footer" time="26.745" classname="Test_Case_Dev.Contact_US_TC"/>
</testsuite> <!-- Test_Case_Dev.Contact_US_TC -->
