<?xml version="1.0" encoding="UTF-8"?>
<!-- Generated by org.testng.reporters.JUnitReportReporter -->
<testsuite hostname="DESKTOP-N7K85DJ" name="Promesa_Test_Case_Prod.Change_language" tests="2" failures="0" timestamp="29 Dec 2021 12:29:12 GMT" time="21.232" errors="0">
  <testcase name="Change_Language" time="15.045" classname="Promesa_Test_Case_Prod.Change_language"/>
  <testcase name="Change_Language" time="6.187" classname="Promesa_Test_Case_Prod.Change_language"/>
</testsuite> <!-- Promesa_Test_Case_Prod.Change_language -->
