<?xml version="1.0" encoding="UTF-8"?>
<!-- Generated by org.testng.reporters.JUnitReportReporter -->
<testsuite hostname="DESKTOP-N7K85DJ" name="Test_Case_Development.Change_language" tests="2" failures="0" timestamp="15 Nov 2021 13:21:26 GMT" time="31.477" errors="0">
  <testcase name="Change_Language" time="9.368" classname="Test_Case_Development.Change_language"/>
  <testcase name="Change_Language" time="22.109" classname="Test_Case_Development.Change_language"/>
</testsuite> <!-- Test_Case_Development.Change_language -->
