<?xml version="1.0" encoding="UTF-8"?>
<!-- Generated by org.testng.reporters.JUnitReportReporter -->
<testsuite hostname="DESKTOP-N7K85DJ" name="Test_Case.FAQ" tests="1" failures="0" timestamp="15 Nov 2021 13:11:37 GMT" time="29.876" errors="0">
  <testcase name="Siheading_2" time="29.876" classname="Test_Case.FAQ"/>
</testsuite> <!-- Test_Case.FAQ -->
