<?xml version="1.0" encoding="UTF-8"?>
<!-- Generated by org.testng.reporters.JUnitReportReporter -->
<testsuite hostname="DESKTOP-N7K85DJ" name="Test_Case_Development.Pharmacy_search" tests="2" failures="0" timestamp="4 Oct 2021 15:18:14 GMT" time="265.200" errors="0">
  <testcase name="Side_Heading_One" time="129.305" classname="Test_Case_Development.Pharmacy_search"/>
  <testcase name="Side_Heading_One" time="135.895" classname="Test_Case_Development.Pharmacy_search"/>
</testsuite> <!-- Test_Case_Development.Pharmacy_search -->
