<?xml version="1.0" encoding="UTF-8"?>
<!-- Generated by org.testng.reporters.JUnitReportReporter -->
<testsuite hostname="DESKTOP-N7K85DJ" name="Promesa_Test_Case_Development.Side_Heading_Two" tests="1" failures="0" timestamp="29 Dec 2021 12:09:02 GMT" time="20.993" errors="0">
  <testcase name="Siheading_2" time="20.993" classname="Promesa_Test_Case_Development.Side_Heading_Two"/>
</testsuite> <!-- Promesa_Test_Case_Development.Side_Heading_Two -->
