<?xml version="1.0" encoding="UTF-8"?>
<!-- Generated by org.testng.reporters.JUnitReportReporter -->
<testsuite hostname="DESKTOP-N7K85DJ" name="Test_Case.Side_Heading_Two" tests="1" failures="0" timestamp="15 Nov 2021 13:11:37 GMT" time="21.242" errors="0">
  <testcase name="Siheading_2" time="21.242" classname="Test_Case.Side_Heading_Two"/>
</testsuite> <!-- Test_Case.Side_Heading_Two -->
