<?xml version="1.0" encoding="UTF-8"?>
<!-- Generated by org.testng.reporters.JUnitReportReporter -->
<testsuite hostname="DESKTOP-N7K85DJ" name="Promesa_Test_Case_Development.Change_language" tests="2" failures="0" timestamp="29 Dec 2021 12:09:02 GMT" time="23.985" errors="0">
  <testcase name="Change_Language" time="7.247" classname="Promesa_Test_Case_Development.Change_language"/>
  <testcase name="Change_Language" time="16.738" classname="Promesa_Test_Case_Development.Change_language"/>
</testsuite> <!-- Promesa_Test_Case_Development.Change_language -->
