<?xml version="1.0" encoding="UTF-8"?>
<!-- Generated by org.testng.reporters.JUnitReportReporter -->
<testsuite hostname="DESKTOP-N7K85DJ" name="Test_Case_Development.Side_Heading_One" tests="1" failures="0" timestamp="4 Oct 2021 15:18:14 GMT" time="34.413" errors="0">
  <testcase name="Side_Heading_One" time="34.413" classname="Test_Case_Development.Side_Heading_One"/>
</testsuite> <!-- Test_Case_Development.Side_Heading_One -->
