<?xml version="1.0" encoding="UTF-8"?>
<!-- Generated by org.testng.reporters.JUnitReportReporter -->
<testsuite hostname="DESKTOP-N7K85DJ" name="Test_Case.Footer" tests="10" failures="0" timestamp="5 Oct 2021 05:57:37 GMT" time="185.635" errors="0">
  <testcase name="Footer_linkedin" time="10.517" classname="Test_Case.Footer"/>
  <testcase name="Footer_linkedin" time="16.390" classname="Test_Case.Footer"/>
  <testcase name="Footer_facebook" time="28.741" classname="Test_Case.Footer"/>
  <testcase name="Footer_twitter" time="11.663" classname="Test_Case.Footer"/>
  <testcase name="Footer_facebook" time="23.284" classname="Test_Case.Footer"/>
  <testcase name="Footer_PrivacyPolicy" time="23.646" classname="Test_Case.Footer"/>
  <testcase name="Footer_PrivacyPolicy" time="29.428" classname="Test_Case.Footer"/>
  <testcase name="Footer_instagram" time="15.716" classname="Test_Case.Footer"/>
  <testcase name="Footer_instagram" time="10.817" classname="Test_Case.Footer"/>
  <testcase name="Footer_twitter" time="15.433" classname="Test_Case.Footer"/>
</testsuite> <!-- Test_Case.Footer -->
