<?xml version="1.0" encoding="UTF-8"?>
<!-- Generated by org.testng.reporters.JUnitReportReporter -->
<testsuite hostname="DESKTOP-N7K85DJ" name="Test_Case.Side_Heading_One" tests="1" failures="0" timestamp="15 Nov 2021 13:11:37 GMT" time="37.110" errors="0">
  <testcase name="Side_Heading_One" time="37.110" classname="Test_Case.Side_Heading_One"/>
</testsuite> <!-- Test_Case.Side_Heading_One -->
