<?xml version="1.0" encoding="UTF-8"?>
<!-- Generated by org.testng.reporters.JUnitReportReporter -->
<testsuite hostname="DESKTOP-N7K85DJ" name="Test_Case.Side_Heading_One" tests="1" failures="0" timestamp="5 Oct 2021 05:57:37 GMT" time="34.131" errors="0">
  <testcase name="Side_Heading_One" time="34.131" classname="Test_Case.Side_Heading_One"/>
</testsuite> <!-- Test_Case.Side_Heading_One -->
