<?xml version="1.0" encoding="UTF-8"?>
<!-- Generated by org.testng.reporters.JUnitReportReporter -->
<testsuite hostname="DESKTOP-N7K85DJ" name="Test_Case.Change_language" tests="2" failures="0" timestamp="5 Oct 2021 05:57:37 GMT" time="25.026" errors="0">
  <testcase name="Change_Language" time="14.831" classname="Test_Case.Change_language"/>
  <testcase name="Change_Language" time="10.195" classname="Test_Case.Change_language"/>
</testsuite> <!-- Test_Case.Change_language -->
