<?xml version="1.0" encoding="UTF-8"?>
<!-- Generated by org.testng.reporters.JUnitReportReporter -->
<testsuite hostname="DESKTOP-N7K85DJ" name="Test_Case_Development.Side_Heading_Two" tests="1" failures="0" timestamp="4 Oct 2021 15:18:14 GMT" time="21.986" errors="0">
  <testcase name="Siheading_2" time="21.986" classname="Test_Case_Development.Side_Heading_Two"/>
</testsuite> <!-- Test_Case_Development.Side_Heading_Two -->
