<?xml version="1.0" encoding="UTF-8"?>
<!-- Generated by org.testng.reporters.JUnitReportReporter -->
<testsuite hostname="DESKTOP-N7K85DJ" name="Test_Case_Development.Footer" tests="2" failures="0" timestamp="15 Nov 2021 13:21:26 GMT" time="131.524" errors="0">
  <testcase name="Footer" time="60.468" classname="Test_Case_Development.Footer"/>
  <testcase name="Footer" time="71.056" classname="Test_Case_Development.Footer"/>
</testsuite> <!-- Test_Case_Development.Footer -->
