<?xml version="1.0" encoding="UTF-8"?>
<!-- Generated by org.testng.reporters.JUnitReportReporter -->
<testsuite hostname="DESKTOP-N7K85DJ" name="Promesa_Test_Case_Development.Footer" tests="2" failures="0" timestamp="29 Dec 2021 12:09:02 GMT" time="126.419" errors="0">
  <testcase name="Footer" time="66.179" classname="Promesa_Test_Case_Development.Footer"/>
  <testcase name="Footer" time="60.240" classname="Promesa_Test_Case_Development.Footer"/>
</testsuite> <!-- Promesa_Test_Case_Development.Footer -->
