<?xml version="1.0" encoding="UTF-8"?>
<!-- Generated by org.testng.reporters.JUnitReportReporter -->
<testsuite hostname="DESKTOP-N7K85DJ" name="Test_Case.Footer" tests="10" failures="0" timestamp="15 Nov 2021 13:11:37 GMT" time="183.010" errors="0">
  <testcase name="Footer_instagram" time="10.958" classname="Test_Case.Footer"/>
  <testcase name="Footer_twitter" time="14.619" classname="Test_Case.Footer"/>
  <testcase name="Footer_facebook" time="30.257" classname="Test_Case.Footer"/>
  <testcase name="Footer_linkedin" time="10.595" classname="Test_Case.Footer"/>
  <testcase name="Footer_PrivacyPolicy" time="28.279" classname="Test_Case.Footer"/>
  <testcase name="Footer_instagram" time="14.303" classname="Test_Case.Footer"/>
  <testcase name="Footer_linkedin" time="14.855" classname="Test_Case.Footer"/>
  <testcase name="Footer_twitter" time="10.763" classname="Test_Case.Footer"/>
  <testcase name="Footer_PrivacyPolicy" time="24.487" classname="Test_Case.Footer"/>
  <testcase name="Footer_facebook" time="23.894" classname="Test_Case.Footer"/>
</testsuite> <!-- Test_Case.Footer -->
