<?xml version="1.0" encoding="UTF-8"?>
<!-- Generated by org.testng.reporters.JUnitReportReporter -->
<testsuite hostname="DESKTOP-N7K85DJ" name="Test_Case.Pharmacy_search" tests="2" failures="0" timestamp="15 Nov 2021 13:11:37 GMT" time="260.959" errors="0">
  <testcase name="Side_Heading_One" time="132.878" classname="Test_Case.Pharmacy_search"/>
  <testcase name="Side_Heading_One" time="128.081" classname="Test_Case.Pharmacy_search"/>
</testsuite> <!-- Test_Case.Pharmacy_search -->
