<?xml version="1.0" encoding="UTF-8"?>
<!-- Generated by org.testng.reporters.JUnitReportReporter -->
<testsuite hostname="DESKTOP-N7K85DJ" name="Test_Case_Development.Pharmacy_search" tests="2" failures="0" timestamp="15 Nov 2021 13:21:26 GMT" time="262.860" errors="0">
  <testcase name="Side_Heading_One" time="130.689" classname="Test_Case_Development.Pharmacy_search"/>
  <testcase name="Side_Heading_One" time="132.171" classname="Test_Case_Development.Pharmacy_search"/>
</testsuite> <!-- Test_Case_Development.Pharmacy_search -->
