<?xml version="1.0" encoding="UTF-8"?>
<!-- Generated by org.testng.reporters.JUnitReportReporter -->
<testsuite hostname="DESKTOP-N7K85DJ" name="Test_Case.FAQ" tests="1" failures="0" timestamp="5 Oct 2021 05:57:37 GMT" time="26.559" errors="0">
  <testcase name="Siheading_2" time="26.559" classname="Test_Case.FAQ"/>
</testsuite> <!-- Test_Case.FAQ -->
