<?xml version="1.0" encoding="UTF-8"?>
<!-- Generated by org.testng.reporters.JUnitReportReporter -->
<testsuite hostname="DESKTOP-N7K85DJ" name="Test_Case_Development.Footer" tests="2" failures="0" timestamp="4 Oct 2021 15:18:14 GMT" time="120.033" errors="0">
  <testcase name="Footer" time="59.897" classname="Test_Case_Development.Footer"/>
  <testcase name="Footer" time="60.136" classname="Test_Case_Development.Footer"/>
</testsuite> <!-- Test_Case_Development.Footer -->
