<?xml version="1.0" encoding="UTF-8"?>
<!-- Generated by org.testng.reporters.JUnitReportReporter -->
<testsuite hostname="DESKTOP-N7K85DJ" name="Test_Case.Pharmacy_search" tests="2" failures="0" timestamp="5 Oct 2021 05:57:37 GMT" time="265.294" errors="0">
  <testcase name="Side_Heading_One" time="130.780" classname="Test_Case.Pharmacy_search"/>
  <testcase name="Side_Heading_One" time="134.514" classname="Test_Case.Pharmacy_search"/>
</testsuite> <!-- Test_Case.Pharmacy_search -->
