<?xml version="1.0" encoding="UTF-8"?>
<!-- Generated by org.testng.reporters.JUnitReportReporter -->
<testsuite hostname="DESKTOP-N7K85DJ" name="Promesa_Test_Case_Prod.Footer" tests="10" failures="0" timestamp="29 Dec 2021 12:29:12 GMT" time="189.601" errors="0">
  <testcase name="Footer_linkedin" time="11.081" classname="Promesa_Test_Case_Prod.Footer"/>
  <testcase name="Footer_facebook" time="28.602" classname="Promesa_Test_Case_Prod.Footer"/>
  <testcase name="Footer_facebook" time="25.600" classname="Promesa_Test_Case_Prod.Footer"/>
  <testcase name="Footer_twitter" time="12.503" classname="Promesa_Test_Case_Prod.Footer"/>
  <testcase name="Footer_PrivacyPolicy" time="23.979" classname="Promesa_Test_Case_Prod.Footer"/>
  <testcase name="Footer_PrivacyPolicy" time="29.767" classname="Promesa_Test_Case_Prod.Footer"/>
  <testcase name="Footer_instagram" time="14.327" classname="Promesa_Test_Case_Prod.Footer"/>
  <testcase name="Footer_linkedin" time="16.320" classname="Promesa_Test_Case_Prod.Footer"/>
  <testcase name="Footer_instagram" time="11.161" classname="Promesa_Test_Case_Prod.Footer"/>
  <testcase name="Footer_twitter" time="16.261" classname="Promesa_Test_Case_Prod.Footer"/>
</testsuite> <!-- Promesa_Test_Case_Prod.Footer -->
