<?xml version="1.0" encoding="UTF-8"?>
<!-- Generated by org.testng.reporters.JUnitReportReporter -->
<testsuite hostname="DESKTOP-N7K85DJ" name="Test_Case.Change_language" tests="2" failures="0" timestamp="15 Nov 2021 13:11:37 GMT" time="19.363" errors="0">
  <testcase name="Change_Language" time="5.946" classname="Test_Case.Change_language"/>
  <testcase name="Change_Language" time="13.417" classname="Test_Case.Change_language"/>
</testsuite> <!-- Test_Case.Change_language -->
