<?xml version="1.0" encoding="UTF-8"?>
<!-- Generated by org.testng.reporters.JUnitReportReporter -->
<testsuite hostname="DESKTOP-N7K85DJ" name="Test_Case.Side_Heading_Two" tests="1" failures="0" timestamp="5 Oct 2021 05:57:37 GMT" time="20.862" errors="0">
  <testcase name="Siheading_2" time="20.862" classname="Test_Case.Side_Heading_Two"/>
</testsuite> <!-- Test_Case.Side_Heading_Two -->
