<?xml version="1.0" encoding="UTF-8"?>
<!-- Generated by org.testng.reporters.JUnitReportReporter -->
<testsuite hostname="DESKTOP-N7K85DJ" name="Test_Case_Development.Change_language" tests="2" failures="0" timestamp="4 Oct 2021 15:18:14 GMT" time="24.731" errors="0">
  <testcase name="Change_Language" time="7.370" classname="Test_Case_Development.Change_language"/>
  <testcase name="Change_Language" time="17.361" classname="Test_Case_Development.Change_language"/>
</testsuite> <!-- Test_Case_Development.Change_language -->
