<?xml version="1.0" encoding="UTF-8"?>
<!-- Generated by org.testng.reporters.JUnitReportReporter -->
<testsuite hostname="DESKTOP-N7K85DJ" name="Test_case_Prod.Side_Heading1" tests="1" failures="0" timestamp="15 Nov 2021 09:27:49 GMT" time="113.594" errors="0">
  <testcase name="Side_Heading" time="113.594" classname="Test_case_Prod.Side_Heading1"/>
</testsuite> <!-- Test_case_Prod.Side_Heading1 -->
