<?xml version="1.0" encoding="UTF-8"?>
<!-- Generated by org.testng.reporters.JUnitReportReporter -->
<testsuite hostname="DESKTOP-N7K85DJ" name="Test_case_Prod.Footer" tests="10" failures="0" timestamp="29 Sep 2021 11:45:44 GMT" time="218.460" errors="0">
  <testcase name="AUW_Instagram" time="21.667" classname="Test_case_Prod.Footer"/>
  <testcase name="AUW_Facebook" time="20.284" classname="Test_case_Prod.Footer"/>
  <testcase name="AUW_Policy" time="29.376" classname="Test_case_Prod.Footer"/>
  <testcase name="AUW_twitter" time="18.810" classname="Test_case_Prod.Footer"/>
  <testcase name="AUW_Policy" time="33.570" classname="Test_case_Prod.Footer"/>
  <testcase name="AUW_Linkedin" time="12.699" classname="Test_case_Prod.Footer"/>
  <testcase name="AUW_Instagram" time="15.990" classname="Test_case_Prod.Footer"/>
  <testcase name="AUW_twitter" time="14.910" classname="Test_case_Prod.Footer"/>
  <testcase name="AUW_Facebook" time="33.926" classname="Test_case_Prod.Footer"/>
  <testcase name="AUW_Linkedin" time="17.228" classname="Test_case_Prod.Footer"/>
</testsuite> <!-- Test_case_Prod.Footer -->
