<?xml version="1.0" encoding="UTF-8"?>
<!-- Generated by org.testng.reporters.JUnitReportReporter -->
<testsuite hostname="DESKTOP-N7K85DJ" name="Test_case_Prod.Side_Heading1" tests="1" failures="0" timestamp="20 Aug 2021 16:20:43 GMT" time="123.951" errors="0">
  <testcase name="Side_Heading" time="123.951" classname="Test_case_Prod.Side_Heading1"/>
</testsuite> <!-- Test_case_Prod.Side_Heading1 -->
