<?xml version="1.0" encoding="UTF-8"?>
<!-- Generated by org.testng.reporters.JUnitReportReporter -->
<testsuite hostname="DESKTOP-N7K85DJ" name="Test_case_Prod.Footer" tests="10" failures="0" timestamp="25 Oct 2021 11:47:42 GMT" time="213.147" errors="0">
  <testcase name="AUW_Instagram" time="15.643" classname="Test_case_Prod.Footer"/>
  <testcase name="AUW_Policy" time="30.726" classname="Test_case_Prod.Footer"/>
  <testcase name="AUW_Facebook" time="21.974" classname="Test_case_Prod.Footer"/>
  <testcase name="AUW_twitter" time="20.673" classname="Test_case_Prod.Footer"/>
  <testcase name="AUW_Policy" time="35.263" classname="Test_case_Prod.Footer"/>
  <testcase name="AUW_Linkedin" time="14.929" classname="Test_case_Prod.Footer"/>
  <testcase name="AUW_Instagram" time="16.427" classname="Test_case_Prod.Footer"/>
  <testcase name="AUW_twitter" time="15.820" classname="Test_case_Prod.Footer"/>
  <testcase name="AUW_Facebook" time="24.997" classname="Test_case_Prod.Footer"/>
  <testcase name="AUW_Linkedin" time="16.695" classname="Test_case_Prod.Footer"/>
</testsuite> <!-- Test_case_Prod.Footer -->
