<?xml version="1.0" encoding="UTF-8"?>
<!-- Generated by org.testng.reporters.JUnitReportReporter -->
<testsuite hostname="DESKTOP-N7K85DJ" name="Careers_Test_case_Development.Side_Heading1" tests="1" failures="0" timestamp="29 Dec 2021 15:04:06 GMT" time="140.788" errors="0">
  <testcase name="Side_Heading" time="140.788" classname="Careers_Test_case_Development.Side_Heading1"/>
</testsuite> <!-- Careers_Test_case_Development.Side_Heading1 -->
