<?xml version="1.0" encoding="UTF-8"?>
<!-- Generated by org.testng.reporters.JUnitReportReporter -->
<testsuite hostname="DESKTOP-N7K85DJ" name="Careers_Test_case_Prod.Footer" tests="10" failures="0" timestamp="29 Dec 2021 15:59:57 GMT" time="201.513" errors="0">
  <testcase name="AUW_Instagram" time="13.334" classname="Careers_Test_case_Prod.Footer"/>
  <testcase name="AUW_Facebook" time="21.465" classname="Careers_Test_case_Prod.Footer"/>
  <testcase name="AUW_Policy" time="29.354" classname="Careers_Test_case_Prod.Footer"/>
  <testcase name="AUW_twitter" time="18.731" classname="Careers_Test_case_Prod.Footer"/>
  <testcase name="AUW_Policy" time="32.212" classname="Careers_Test_case_Prod.Footer"/>
  <testcase name="AUW_Linkedin" time="12.814" classname="Careers_Test_case_Prod.Footer"/>
  <testcase name="AUW_Instagram" time="17.011" classname="Careers_Test_case_Prod.Footer"/>
  <testcase name="AUW_twitter" time="15.152" classname="Careers_Test_case_Prod.Footer"/>
  <testcase name="AUW_Facebook" time="24.863" classname="Careers_Test_case_Prod.Footer"/>
  <testcase name="AUW_Linkedin" time="16.577" classname="Careers_Test_case_Prod.Footer"/>
</testsuite> <!-- Careers_Test_case_Prod.Footer -->
