<?xml version="1.0" encoding="UTF-8"?>
<!-- Generated by org.testng.reporters.JUnitReportReporter -->
<testsuite hostname="DESKTOP-N7K85DJ" name="Test_case_Prod.Footer" tests="2" failures="0" timestamp="20 Aug 2021 16:20:43 GMT" time="158.170" errors="0">
  <testcase name="AUW_Footer" time="88.249" classname="Test_case_Prod.Footer"/>
  <testcase name="AUW_Footer" time="69.921" classname="Test_case_Prod.Footer"/>
</testsuite> <!-- Test_case_Prod.Footer -->
