<?xml version="1.0" encoding="UTF-8"?>
<!-- Generated by org.testng.reporters.JUnitReportReporter -->
<testsuite hostname="DESKTOP-N7K85DJ" name="Test_case_Prod.Side_Heading1" tests="1" failures="0" timestamp="19 Oct 2021 12:01:26 GMT" time="139.559" errors="0">
  <testcase name="Side_Heading" time="139.559" classname="Test_case_Prod.Side_Heading1"/>
</testsuite> <!-- Test_case_Prod.Side_Heading1 -->
