<?xml version="1.0" encoding="UTF-8"?>
<!-- Generated by org.testng.reporters.JUnitReportReporter -->
<testsuite hostname="DESKTOP-N7K85DJ" name="Test_case_Prod.Side_Heading1" tests="1" failures="0" timestamp="25 Oct 2021 11:47:42 GMT" time="121.093" errors="0">
  <testcase name="Side_Heading" time="121.093" classname="Test_case_Prod.Side_Heading1"/>
</testsuite> <!-- Test_case_Prod.Side_Heading1 -->
