<?xml version="1.0" encoding="UTF-8"?>
<!-- Generated by org.testng.reporters.JUnitReportReporter -->
<testsuite hostname="DESKTOP-N7K85DJ" name="Test_case_Development.Footer" tests="2" failures="0" timestamp="15 Nov 2021 09:19:05 GMT" time="150.217" errors="0">
  <testcase name="AUW_Footer" time="71.900" classname="Test_case_Development.Footer"/>
  <testcase name="AUW_Footer" time="78.317" classname="Test_case_Development.Footer"/>
</testsuite> <!-- Test_case_Development.Footer -->
