<?xml version="1.0" encoding="UTF-8"?>
<!-- Generated by org.testng.reporters.JUnitReportReporter -->
<testsuite hostname="DESKTOP-N7K85DJ" name="Test_case_Prod.Footer" tests="10" failures="0" timestamp="17 Sep 2021 15:52:54 GMT" time="274.423" errors="0">
  <testcase name="AUW_Instagram" time="16.252" classname="Test_case_Prod.Footer"/>
  <testcase name="AUW_Policy" time="33.003" classname="Test_case_Prod.Footer"/>
  <testcase name="AUW_Facebook" time="22.392" classname="Test_case_Prod.Footer"/>
  <testcase name="AUW_Instagram" time="26.696" classname="Test_case_Prod.Footer"/>
  <testcase name="AUW_Linkedin" time="19.170" classname="Test_case_Prod.Footer"/>
  <testcase name="AUW_Facebook" time="29.569" classname="Test_case_Prod.Footer"/>
  <testcase name="AUW_Linkedin" time="26.312" classname="Test_case_Prod.Footer"/>
  <testcase name="AUW_twitter" time="29.877" classname="Test_case_Prod.Footer"/>
  <testcase name="AUW_Policy" time="43.762" classname="Test_case_Prod.Footer"/>
  <testcase name="AUW_twitter" time="27.390" classname="Test_case_Prod.Footer"/>
</testsuite> <!-- Test_case_Prod.Footer -->
