<?xml version="1.0" encoding="UTF-8"?>
<!-- Generated by org.testng.reporters.JUnitReportReporter -->
<testsuite hostname="DESKTOP-N7K85DJ" name="Test_case_Development.Footer" tests="1" failures="0" timestamp="17 Sep 2021 15:44:22 GMT" time="86.341" errors="0">
  <testcase name="AUW_Footer" time="86.341" classname="Test_case_Development.Footer"/>
</testsuite> <!-- Test_case_Development.Footer -->
