<?xml version="1.0" encoding="UTF-8"?>
<!-- Generated by org.testng.reporters.JUnitReportReporter -->
<testsuite hostname="DESKTOP-N7K85DJ" name="Test_case_Development.Side_Heading1" tests="1" failures="0" timestamp="17 Sep 2021 15:37:43 GMT" time="132.209" errors="0">
  <testcase name="Side_Heading" time="132.209" classname="Test_case_Development.Side_Heading1"/>
</testsuite> <!-- Test_case_Development.Side_Heading1 -->
