<?xml version="1.0" encoding="UTF-8"?>
<!-- Generated by org.testng.reporters.JUnitReportReporter -->
<testsuite hostname="DESKTOP-N7K85DJ" name="Careers_Test_case_Development.Footer" tests="2" failures="0" timestamp="29 Dec 2021 15:04:06 GMT" time="144.719" errors="0">
  <testcase name="AUW_Footer" time="74.016" classname="Careers_Test_case_Development.Footer"/>
  <testcase name="AUW_Footer" time="70.703" classname="Careers_Test_case_Development.Footer"/>
</testsuite> <!-- Careers_Test_case_Development.Footer -->
