<?xml version="1.0" encoding="UTF-8"?>
<!-- Generated by org.testng.reporters.JUnitReportReporter -->
<testsuite hostname="DESKTOP-N7K85DJ" name="Test_case_Prod.Footer" tests="10" failures="0" timestamp="19 Oct 2021 12:01:26 GMT" time="244.739" errors="0">
  <testcase name="AUW_Instagram" time="16.403" classname="Test_case_Prod.Footer"/>
  <testcase name="AUW_Facebook" time="21.521" classname="Test_case_Prod.Footer"/>
  <testcase name="AUW_Policy" time="41.148" classname="Test_case_Prod.Footer"/>
  <testcase name="AUW_twitter" time="17.900" classname="Test_case_Prod.Footer"/>
  <testcase name="AUW_Policy" time="33.814" classname="Test_case_Prod.Footer"/>
  <testcase name="AUW_Linkedin" time="22.446" classname="Test_case_Prod.Footer"/>
  <testcase name="AUW_Instagram" time="17.486" classname="Test_case_Prod.Footer"/>
  <testcase name="AUW_twitter" time="23.744" classname="Test_case_Prod.Footer"/>
  <testcase name="AUW_Facebook" time="34.297" classname="Test_case_Prod.Footer"/>
  <testcase name="AUW_Linkedin" time="15.980" classname="Test_case_Prod.Footer"/>
</testsuite> <!-- Test_case_Prod.Footer -->
