<?xml version="1.0" encoding="UTF-8"?>
<!-- Generated by org.testng.reporters.JUnitReportReporter -->
<testsuite hostname="DESKTOP-N7K85DJ" name="Test_case_Prod.Side_Heading1" tests="1" failures="0" timestamp="17 Sep 2021 15:52:54 GMT" time="168.220" errors="0">
  <testcase name="Side_Heading" time="168.220" classname="Test_case_Prod.Side_Heading1"/>
</testsuite> <!-- Test_case_Prod.Side_Heading1 -->
