<?xml version="1.0" encoding="UTF-8"?>
<!-- Generated by org.testng.reporters.JUnitReportReporter -->
<testsuite hostname="DESKTOP-N7K85DJ" name="Test_case_Prod.Footer" tests="10" failures="0" timestamp="15 Nov 2021 09:27:49 GMT" time="203.779" errors="0">
  <testcase name="AUW_Instagram" time="14.354" classname="Test_case_Prod.Footer"/>
  <testcase name="AUW_Facebook" time="22.982" classname="Test_case_Prod.Footer"/>
  <testcase name="AUW_Policy" time="31.875" classname="Test_case_Prod.Footer"/>
  <testcase name="AUW_twitter" time="17.172" classname="Test_case_Prod.Footer"/>
  <testcase name="AUW_Policy" time="35.345" classname="Test_case_Prod.Footer"/>
  <testcase name="AUW_Linkedin" time="11.760" classname="Test_case_Prod.Footer"/>
  <testcase name="AUW_Instagram" time="15.750" classname="Test_case_Prod.Footer"/>
  <testcase name="AUW_twitter" time="13.278" classname="Test_case_Prod.Footer"/>
  <testcase name="AUW_Facebook" time="25.576" classname="Test_case_Prod.Footer"/>
  <testcase name="AUW_Linkedin" time="15.687" classname="Test_case_Prod.Footer"/>
</testsuite> <!-- Test_case_Prod.Footer -->
