<?xml version="1.0" encoding="UTF-8"?>
<!-- Generated by org.testng.reporters.JUnitReportReporter -->
<testsuite hostname="DESKTOP-N7K85DJ" name="Test_case_Development.Side_Heading1" tests="1" failures="0" timestamp="15 Nov 2021 09:19:05 GMT" time="115.746" errors="0">
  <testcase name="Side_Heading" time="115.746" classname="Test_case_Development.Side_Heading1"/>
</testsuite> <!-- Test_case_Development.Side_Heading1 -->
