<?xml version="1.0" encoding="UTF-8"?>
<!-- Generated by org.testng.reporters.JUnitReportReporter -->
<testsuite hostname="DESKTOP-N7K85DJ" name="Test_Case.Side_Heading_Production" tests="5" failures="0" timestamp="15 Sep 2021 17:48:43 GMT" time="302.151" errors="0">
  <testcase name="Side_Heading_Two" time="63.877" classname="Test_Case.Side_Heading_Production"/>
  <testcase name="Side_Heading_Three" time="54.890" classname="Test_Case.Side_Heading_Production"/>
  <testcase name="Side_Heading_One" time="57.660" classname="Test_Case.Side_Heading_Production"/>
  <testcase name="Side_Heading_Five" time="65.385" classname="Test_Case.Side_Heading_Production"/>
  <testcase name="Side_Heading_Four" time="60.339" classname="Test_Case.Side_Heading_Production"/>
</testsuite> <!-- Test_Case.Side_Heading_Production -->
