<?xml version="1.0" encoding="UTF-8"?>
<!-- Generated by org.testng.reporters.JUnitReportReporter -->
<testsuite hostname="DESKTOP-N7K85DJ" name="Test_Case.Side_head_sample" tests="5" failures="0" timestamp="23 Aug 2021 14:50:50 GMT" time="271.425" errors="0">
  <testcase name="Side_Heading_Four" time="50.909" classname="Test_Case.Side_head_sample"/>
  <testcase name="Side_Heading_Five" time="58.275" classname="Test_Case.Side_head_sample"/>
  <testcase name="Side_Heading_Two" time="49.833" classname="Test_Case.Side_head_sample"/>
  <testcase name="Side_Heading_Three" time="54.460" classname="Test_Case.Side_head_sample"/>
  <testcase name="Side_Heading_One" time="57.948" classname="Test_Case.Side_head_sample"/>
</testsuite> <!-- Test_Case.Side_head_sample -->
