<?xml version="1.0" encoding="UTF-8"?>
<!-- Generated by org.testng.reporters.JUnitReportReporter -->
<testsuite hostname="DESKTOP-N7K85DJ" name="Test_Case.Footer_Develop" tests="2" failures="0" timestamp="30 Sep 2021 08:16:09 GMT" time="128.894" errors="0">
  <testcase name="Footer" time="70.732" classname="Test_Case.Footer_Develop"/>
  <testcase name="Footer" time="58.162" classname="Test_Case.Footer_Develop"/>
</testsuite> <!-- Test_Case.Footer_Develop -->
