<?xml version="1.0" encoding="UTF-8"?>
<!-- Generated by org.testng.reporters.JUnitReportReporter -->
<testsuite hostname="DESKTOP-N7K85DJ" name="Solution_one_Development.Footer_Develop" tests="2" failures="0" timestamp="29 Dec 2021 12:44:45 GMT" time="113.946" errors="0">
  <testcase name="Footer" time="55.667" classname="Solution_one_Development.Footer_Develop"/>
  <testcase name="Footer" time="58.279" classname="Solution_one_Development.Footer_Develop"/>
</testsuite> <!-- Solution_one_Development.Footer_Develop -->
