<?xml version="1.0" encoding="UTF-8"?>
<!-- Generated by org.testng.reporters.JUnitReportReporter -->
<testsuite hostname="DESKTOP-N7K85DJ" name="Test_Case.Side_Heading_Production" tests="5" failures="0" timestamp="30 Sep 2021 08:24:22 GMT" time="290.581" errors="0">
  <testcase name="Side_Heading_One" time="60.153" classname="Test_Case.Side_Heading_Production"/>
  <testcase name="Side_Heading_Four" time="58.615" classname="Test_Case.Side_Heading_Production"/>
  <testcase name="Side_Heading_Three" time="52.837" classname="Test_Case.Side_Heading_Production"/>
  <testcase name="Side_Heading_Two" time="58.974" classname="Test_Case.Side_Heading_Production"/>
  <testcase name="Side_Heading_Five" time="60.002" classname="Test_Case.Side_Heading_Production"/>
</testsuite> <!-- Test_Case.Side_Heading_Production -->
