<?xml version="1.0" encoding="UTF-8"?>
<!-- Generated by org.testng.reporters.JUnitReportReporter -->
<testsuite hostname="DESKTOP-N7K85DJ" name="Test_Case.Side_head_sample" tests="5" failures="0" timestamp="15 Nov 2021 13:52:05 GMT" time="249.604" errors="0">
  <testcase name="Side_Heading_Five" time="54.105" classname="Test_Case.Side_head_sample"/>
  <testcase name="Side_Heading_Three" time="50.147" classname="Test_Case.Side_head_sample"/>
  <testcase name="Side_Heading_One" time="47.855" classname="Test_Case.Side_head_sample"/>
  <testcase name="Side_Heading_Two" time="48.116" classname="Test_Case.Side_head_sample"/>
  <testcase name="Side_Heading_Four" time="49.381" classname="Test_Case.Side_head_sample"/>
</testsuite> <!-- Test_Case.Side_head_sample -->
