<?xml version="1.0" encoding="UTF-8"?>
<!-- Generated by org.testng.reporters.JUnitReportReporter -->
<testsuite hostname="DESKTOP-N7K85DJ" name="Solution_one_Development.Side_head_sample" tests="5" failures="0" timestamp="29 Dec 2021 12:44:45 GMT" time="242.370" errors="0">
  <testcase name="Side_Heading_Five" time="48.915" classname="Solution_one_Development.Side_head_sample"/>
  <testcase name="Side_Heading_Two" time="49.580" classname="Solution_one_Development.Side_head_sample"/>
  <testcase name="Side_Heading_Four" time="49.499" classname="Solution_one_Development.Side_head_sample"/>
  <testcase name="Side_Heading_Three" time="50.139" classname="Solution_one_Development.Side_head_sample"/>
  <testcase name="Side_Heading_One" time="44.237" classname="Solution_one_Development.Side_head_sample"/>
</testsuite> <!-- Solution_one_Development.Side_head_sample -->
