<?xml version="1.0" encoding="UTF-8"?>
<!-- Generated by org.testng.reporters.JUnitReportReporter -->
<testsuite hostname="DESKTOP-N7K85DJ" name="Test_Case.Footer_Production" tests="2" failures="0" timestamp="15 Sep 2021 17:48:43 GMT" time="124.875" errors="0">
  <testcase name="Footer" time="69.990" classname="Test_Case.Footer_Production"/>
  <testcase name="Footer" time="54.885" classname="Test_Case.Footer_Production"/>
</testsuite> <!-- Test_Case.Footer_Production -->
