<?xml version="1.0" encoding="UTF-8"?>
<!-- Generated by org.testng.reporters.JUnitReportReporter -->
<testsuite hostname="DESKTOP-N7K85DJ" name="Test_Case.Side_Heading_Production" tests="5" failures="0" timestamp="15 Nov 2021 13:42:01 GMT" time="253.947" errors="0">
  <testcase name="Side_Heading_Four" time="51.895" classname="Test_Case.Side_Heading_Production"/>
  <testcase name="Side_Heading_Three" time="54.887" classname="Test_Case.Side_Heading_Production"/>
  <testcase name="Side_Heading_Five" time="48.625" classname="Test_Case.Side_Heading_Production"/>
  <testcase name="Side_Heading_One" time="47.718" classname="Test_Case.Side_Heading_Production"/>
  <testcase name="Side_Heading_Two" time="50.822" classname="Test_Case.Side_Heading_Production"/>
</testsuite> <!-- Test_Case.Side_Heading_Production -->
