<?xml version="1.0" encoding="UTF-8"?>
<!-- Generated by org.testng.reporters.JUnitReportReporter -->
<testsuite hostname="DESKTOP-N7K85DJ" name="Test_Case.Side_head_sample" tests="5" failures="0" timestamp="30 Sep 2021 08:16:09 GMT" time="273.023" errors="0">
  <testcase name="Side_Heading_Two" time="52.943" classname="Test_Case.Side_head_sample"/>
  <testcase name="Side_Heading_Five" time="61.498" classname="Test_Case.Side_head_sample"/>
  <testcase name="Side_Heading_Three" time="61.029" classname="Test_Case.Side_head_sample"/>
  <testcase name="Side_Heading_Four" time="50.055" classname="Test_Case.Side_head_sample"/>
  <testcase name="Side_Heading_One" time="47.498" classname="Test_Case.Side_head_sample"/>
</testsuite> <!-- Test_Case.Side_head_sample -->
