<?xml version="1.0" encoding="UTF-8"?>
<!-- Generated by org.testng.reporters.JUnitReportReporter -->
<testsuite hostname="DESKTOP-N7K85DJ" name="Test_Case.Footer_Production" tests="2" failures="0" timestamp="15 Nov 2021 13:42:01 GMT" time="115.572" errors="0">
  <testcase name="Footer" time="60.451" classname="Test_Case.Footer_Production"/>
  <testcase name="Footer" time="55.121" classname="Test_Case.Footer_Production"/>
</testsuite> <!-- Test_Case.Footer_Production -->
