<?xml version="1.0" encoding="UTF-8"?>
<!-- Generated by org.testng.reporters.JUnitReportReporter -->
<testsuite hostname="DESKTOP-N7K85DJ" name="Test_Case.Footer_Develop" tests="2" failures="0" timestamp="15 Nov 2021 13:52:05 GMT" time="118.081" errors="0">
  <testcase name="Footer" time="56.680" classname="Test_Case.Footer_Develop"/>
  <testcase name="Footer" time="61.401" classname="Test_Case.Footer_Develop"/>
</testsuite> <!-- Test_Case.Footer_Develop -->
