<?xml version="1.0" encoding="UTF-8"?>
<!-- Generated by org.testng.reporters.JUnitReportReporter -->
<testsuite hostname="DESKTOP-N7K85DJ" name="Test_Case.Footer_Develop" tests="2" failures="0" timestamp="23 Aug 2021 14:50:50 GMT" time="135.166" errors="0">
  <testcase name="Footer" time="63.700" classname="Test_Case.Footer_Develop"/>
  <testcase name="Footer" time="71.466" classname="Test_Case.Footer_Develop"/>
</testsuite> <!-- Test_Case.Footer_Develop -->
