<?xml version="1.0" encoding="UTF-8"?>
<!-- Generated by org.testng.reporters.JUnitReportReporter -->
<testsuite hostname="DESKTOP-N7K85DJ" name="Test_Case_Prod.HomePage_TC" tests="2" failures="0" timestamp="15 Nov 2021 07:33:24 GMT" time="255.511" errors="0">
  <testcase name="Home_Page" time="126.006" classname="Test_Case_Prod.HomePage_TC"/>
  <testcase name="Home_Page" time="129.505" classname="Test_Case_Prod.HomePage_TC"/>
</testsuite> <!-- Test_Case_Prod.HomePage_TC -->
