<?xml version="1.0" encoding="UTF-8"?>
<!-- Generated by org.testng.reporters.JUnitReportReporter -->
<testsuite hostname="DESKTOP-N7K85DJ" name="Test_Cases_Dev.HomePage_TC_dev" tests="2" failures="0" timestamp="5 Nov 2021 12:43:36 GMT" time="289.591" errors="0">
  <testcase name="Home_Page" time="136.466" classname="Test_Cases_Dev.HomePage_TC_dev"/>
  <testcase name="Home_Page" time="153.125" classname="Test_Cases_Dev.HomePage_TC_dev"/>
</testsuite> <!-- Test_Cases_Dev.HomePage_TC_dev -->
