<?xml version="1.0" encoding="UTF-8"?>
<!-- Generated by org.testng.reporters.JUnitReportReporter -->
<testsuite hostname="DESKTOP-N7K85DJ" name="AFL_Test_Case_Prod.What_We_offer_OutSideUs" tests="2" failures="0" timestamp="24 Feb 2022 12:20:18 GMT" time="575.315" errors="0">
  <testcase name="Footer" time="293.523" classname="AFL_Test_Case_Prod.What_We_offer_OutSideUs"/>
  <testcase name="Footer" time="281.792" classname="AFL_Test_Case_Prod.What_We_offer_OutSideUs"/>
</testsuite> <!-- AFL_Test_Case_Prod.What_We_offer_OutSideUs -->
