<?xml version="1.0" encoding="UTF-8"?>
<!-- Generated by org.testng.reporters.JUnitReportReporter -->
<testsuite hostname="DESKTOP-N7K85DJ" name="Test_Case_Prod.AboutUS_OutsideUS" tests="2" failures="0" timestamp="30 Sep 2021 05:09:54 GMT" time="55.078" errors="0">
  <testcase name="main_Home_Page" time="29.368" classname="Test_Case_Prod.AboutUS_OutsideUS"/>
  <testcase name="main_Home_Page" time="25.710" classname="Test_Case_Prod.AboutUS_OutsideUS"/>
</testsuite> <!-- Test_Case_Prod.AboutUS_OutsideUS -->
