<?xml version="1.0" encoding="UTF-8"?>
<!-- Generated by org.testng.reporters.JUnitReportReporter -->
<testsuite hostname="DESKTOP-N7K85DJ" name="AFL_Test_Cases_Dev.AboutUS_OutsideUS_dev" tests="2" failures="0" timestamp="29 Dec 2021 11:03:00 GMT" time="63.335" errors="0">
  <testcase name="main_Home_Page" time="30.269" classname="AFL_Test_Cases_Dev.AboutUS_OutsideUS_dev"/>
  <testcase name="main_Home_Page" time="33.066" classname="AFL_Test_Cases_Dev.AboutUS_OutsideUS_dev"/>
</testsuite> <!-- AFL_Test_Cases_Dev.AboutUS_OutsideUS_dev -->
