<?xml version="1.0" encoding="UTF-8"?>
<!-- Generated by org.testng.reporters.JUnitReportReporter -->
<testsuite hostname="DESKTOP-N7K85DJ" name="AFL_Test_Cases_Dev.What_We_offer_OutSideUs_dev" tests="2" failures="0" timestamp="29 Dec 2021 11:03:00 GMT" time="523.638" errors="0">
  <testcase name="Footer" time="259.328" classname="AFL_Test_Cases_Dev.What_We_offer_OutSideUs_dev"/>
  <testcase name="Footer" time="264.310" classname="AFL_Test_Cases_Dev.What_We_offer_OutSideUs_dev"/>
</testsuite> <!-- AFL_Test_Cases_Dev.What_We_offer_OutSideUs_dev -->
