<?xml version="1.0" encoding="UTF-8"?>
<!-- Generated by org.testng.reporters.JUnitReportReporter -->
<testsuite hostname="DESKTOP-N7K85DJ" name="Test_Case_Prod.HomePage_TC" tests="2" failures="0" timestamp="8 Nov 2021 15:50:34 GMT" time="250.178" errors="0">
  <testcase name="Home_Page" time="131.732" classname="Test_Case_Prod.HomePage_TC"/>
  <testcase name="Home_Page" time="118.446" classname="Test_Case_Prod.HomePage_TC"/>
</testsuite> <!-- Test_Case_Prod.HomePage_TC -->
