<?xml version="1.0" encoding="UTF-8"?>
<!-- Generated by org.testng.reporters.JUnitReportReporter -->
<testsuite hostname="DESKTOP-N7K85DJ" name="Test_Case_Prod.AboutUS_OutsideUS" tests="2" failures="0" timestamp="8 Nov 2021 15:50:34 GMT" time="50.687" errors="0">
  <testcase name="main_Home_Page" time="28.891" classname="Test_Case_Prod.AboutUS_OutsideUS"/>
  <testcase name="main_Home_Page" time="21.796" classname="Test_Case_Prod.AboutUS_OutsideUS"/>
</testsuite> <!-- Test_Case_Prod.AboutUS_OutsideUS -->
