<?xml version="1.0" encoding="UTF-8"?>
<!-- Generated by org.testng.reporters.JUnitReportReporter -->
<testsuite hostname="DESKTOP-N7K85DJ" name="Test_Cases_Dev.Footer_TC_dev" tests="2" failures="0" timestamp="15 Nov 2021 07:10:06 GMT" time="163.843" errors="0">
  <testcase name="Footer" time="79.239" classname="Test_Cases_Dev.Footer_TC_dev"/>
  <testcase name="Footer" time="84.604" classname="Test_Cases_Dev.Footer_TC_dev"/>
</testsuite> <!-- Test_Cases_Dev.Footer_TC_dev -->
