<?xml version="1.0" encoding="UTF-8"?>
<!-- Generated by org.testng.reporters.JUnitReportReporter -->
<testsuite hostname="DESKTOP-N7K85DJ" name="Test_Cases_Dev.ContactUS_OutsideUS_dev" tests="2" failures="0" timestamp="8 Nov 2021 14:51:34 GMT" time="62.596" errors="0">
  <testcase name="ContactUs_Page" time="32.286" classname="Test_Cases_Dev.ContactUS_OutsideUS_dev"/>
  <testcase name="ContactUs_Page" time="30.310" classname="Test_Cases_Dev.ContactUS_OutsideUS_dev"/>
</testsuite> <!-- Test_Cases_Dev.ContactUS_OutsideUS_dev -->
