<?xml version="1.0" encoding="UTF-8"?>
<!-- Generated by org.testng.reporters.JUnitReportReporter -->
<testsuite hostname="DESKTOP-N7K85DJ" name="Test_Cases_Dev.AboutUS_OutsideUS_dev" tests="2" failures="0" timestamp="30 Sep 2021 04:50:44 GMT" time="91.824" errors="0">
  <testcase name="main_Home_Page" time="44.168" classname="Test_Cases_Dev.AboutUS_OutsideUS_dev"/>
  <testcase name="main_Home_Page" time="47.656" classname="Test_Cases_Dev.AboutUS_OutsideUS_dev"/>
</testsuite> <!-- Test_Cases_Dev.AboutUS_OutsideUS_dev -->
