<?xml version="1.0" encoding="UTF-8"?>
<!-- Generated by org.testng.reporters.JUnitReportReporter -->
<testsuite hostname="DESKTOP-N7K85DJ" name="Test_Cases_Dev.ContactUS_OutsideUS_dev" tests="2" failures="0" timestamp="15 Nov 2021 07:10:06 GMT" time="59.146" errors="0">
  <testcase name="ContactUs_Page" time="29.974" classname="Test_Cases_Dev.ContactUS_OutsideUS_dev"/>
  <testcase name="ContactUs_Page" time="29.172" classname="Test_Cases_Dev.ContactUS_OutsideUS_dev"/>
</testsuite> <!-- Test_Cases_Dev.ContactUS_OutsideUS_dev -->
