<?xml version="1.0" encoding="UTF-8"?>
<!-- Generated by org.testng.reporters.JUnitReportReporter -->
<testsuite hostname="DESKTOP-N7K85DJ" name="Test_Case_Prod.ContactUS_OutsideUS" tests="2" failures="0" timestamp="30 Sep 2021 05:09:54 GMT" time="67.300" errors="0">
  <testcase name="ContactUs_Page" time="36.212" classname="Test_Case_Prod.ContactUS_OutsideUS"/>
  <testcase name="ContactUs_Page" time="31.088" classname="Test_Case_Prod.ContactUS_OutsideUS"/>
</testsuite> <!-- Test_Case_Prod.ContactUS_OutsideUS -->
