<?xml version="1.0" encoding="UTF-8"?>
<!-- Generated by org.testng.reporters.JUnitReportReporter -->
<testsuite hostname="DESKTOP-N7K85DJ" name="Test_Case_Prod.Footer_TC" tests="2" failures="0" timestamp="15 Nov 2021 07:33:24 GMT" time="152.721" errors="0">
  <testcase name="Footer" time="74.428" classname="Test_Case_Prod.Footer_TC"/>
  <testcase name="Footer" time="78.293" classname="Test_Case_Prod.Footer_TC"/>
</testsuite> <!-- Test_Case_Prod.Footer_TC -->
