<?xml version="1.0" encoding="UTF-8"?>
<!-- Generated by org.testng.reporters.JUnitReportReporter -->
<testsuite hostname="DESKTOP-N7K85DJ" name="Test_Cases_Dev.Footer_TC_dev" tests="2" failures="0" timestamp="30 Sep 2021 04:50:44 GMT" time="196.777" errors="0">
  <testcase name="Footer" time="97.308" classname="Test_Cases_Dev.Footer_TC_dev"/>
  <testcase name="Footer" time="99.469" classname="Test_Cases_Dev.Footer_TC_dev"/>
</testsuite> <!-- Test_Cases_Dev.Footer_TC_dev -->
