<?xml version="1.0" encoding="UTF-8"?>
<!-- Generated by org.testng.reporters.JUnitReportReporter -->
<testsuite hostname="DESKTOP-N7K85DJ" name="Test_Case_Prod.ContactUS_OutsideUS" tests="2" failures="0" timestamp="8 Nov 2021 15:50:34 GMT" time="62.953" errors="0">
  <testcase name="ContactUs_Page" time="34.782" classname="Test_Case_Prod.ContactUS_OutsideUS"/>
  <testcase name="ContactUs_Page" time="28.171" classname="Test_Case_Prod.ContactUS_OutsideUS"/>
</testsuite> <!-- Test_Case_Prod.ContactUS_OutsideUS -->
