<?xml version="1.0" encoding="UTF-8"?>
<!-- Generated by org.testng.reporters.JUnitReportReporter -->
<testsuite hostname="DESKTOP-N7K85DJ" name="Test_Case_Prod.HomePage_TC" tests="2" failures="0" timestamp="30 Sep 2021 05:09:54 GMT" time="251.262" errors="0">
  <testcase name="Home_Page" time="122.736" classname="Test_Case_Prod.HomePage_TC"/>
  <testcase name="Home_Page" time="128.526" classname="Test_Case_Prod.HomePage_TC"/>
</testsuite> <!-- Test_Case_Prod.HomePage_TC -->
