<?xml version="1.0" encoding="UTF-8"?>
<!-- Generated by org.testng.reporters.JUnitReportReporter -->
<testsuite hostname="DESKTOP-N7K85DJ" name="Test_Cases_Dev.What_We_offer_OutSideUs_dev" tests="2" failures="0" timestamp="30 Sep 2021 04:50:44 GMT" time="502.408" errors="0">
  <testcase name="Footer" time="266.777" classname="Test_Cases_Dev.What_We_offer_OutSideUs_dev"/>
  <testcase name="Footer" time="235.631" classname="Test_Cases_Dev.What_We_offer_OutSideUs_dev"/>
</testsuite> <!-- Test_Cases_Dev.What_We_offer_OutSideUs_dev -->
