<?xml version="1.0" encoding="UTF-8"?>
<!-- Generated by org.testng.reporters.JUnitReportReporter -->
<testsuite hostname="DESKTOP-N7K85DJ" name="Test_Cases_Dev.What_We_offer_OutSideUs_dev" tests="2" failures="0" timestamp="8 Nov 2021 14:51:34 GMT" time="539.832" errors="0">
  <testcase name="Footer" time="265.822" classname="Test_Cases_Dev.What_We_offer_OutSideUs_dev"/>
  <testcase name="Footer" time="274.010" classname="Test_Cases_Dev.What_We_offer_OutSideUs_dev"/>
</testsuite> <!-- Test_Cases_Dev.What_We_offer_OutSideUs_dev -->
