<?xml version="1.0" encoding="UTF-8"?>
<!-- Generated by org.testng.reporters.JUnitReportReporter -->
<testsuite hostname="DESKTOP-N7K85DJ" name="Test_Case_Prod.Footer_TC" tests="2" failures="0" timestamp="30 Sep 2021 05:09:54 GMT" time="163.100" errors="0">
  <testcase name="Footer" time="84.275" classname="Test_Case_Prod.Footer_TC"/>
  <testcase name="Footer" time="78.825" classname="Test_Case_Prod.Footer_TC"/>
</testsuite> <!-- Test_Case_Prod.Footer_TC -->
