<?xml version="1.0" encoding="UTF-8"?>
<!-- Generated by org.testng.reporters.JUnitReportReporter -->
<testsuite hostname="DESKTOP-N7K85DJ" name="Test_Case_Prod.Footer_TC" tests="2" failures="0" timestamp="8 Nov 2021 15:50:34 GMT" time="153.144" errors="0">
  <testcase name="Footer" time="74.250" classname="Test_Case_Prod.Footer_TC"/>
  <testcase name="Footer" time="78.894" classname="Test_Case_Prod.Footer_TC"/>
</testsuite> <!-- Test_Case_Prod.Footer_TC -->
