<?xml version="1.0" encoding="UTF-8"?>
<!-- Generated by org.testng.reporters.JUnitReportReporter -->
<testsuite hostname="DESKTOP-N7K85DJ" name="Test_Cases_Dev.Footer_TC_dev" tests="2" failures="0" timestamp="8 Nov 2021 14:51:34 GMT" time="159.413" errors="0">
  <testcase name="Footer" time="77.373" classname="Test_Cases_Dev.Footer_TC_dev"/>
  <testcase name="Footer" time="82.040" classname="Test_Cases_Dev.Footer_TC_dev"/>
</testsuite> <!-- Test_Cases_Dev.Footer_TC_dev -->
