<?xml version="1.0" encoding="UTF-8"?>
<!-- Generated by org.testng.reporters.JUnitReportReporter -->
<testsuite hostname="DESKTOP-N7K85DJ" name="Test_Cases_Dev.AboutUS_OutsideUS_dev" tests="2" failures="0" timestamp="15 Nov 2021 07:10:06 GMT" time="69.644" errors="0">
  <testcase name="main_Home_Page" time="36.554" classname="Test_Cases_Dev.AboutUS_OutsideUS_dev"/>
  <testcase name="main_Home_Page" time="33.090" classname="Test_Cases_Dev.AboutUS_OutsideUS_dev"/>
</testsuite> <!-- Test_Cases_Dev.AboutUS_OutsideUS_dev -->
