<?xml version="1.0" encoding="UTF-8"?>
<!-- Generated by org.testng.reporters.JUnitReportReporter -->
<testsuite hostname="DESKTOP-N7K85DJ" name="Test_Case_Prod.What_We_offer_OutSideUs" tests="2" failures="0" timestamp="30 Sep 2021 05:09:54 GMT" time="436.656" errors="0">
  <testcase name="Footer" time="216.115" classname="Test_Case_Prod.What_We_offer_OutSideUs"/>
  <testcase name="Footer" time="220.541" classname="Test_Case_Prod.What_We_offer_OutSideUs"/>
</testsuite> <!-- Test_Case_Prod.What_We_offer_OutSideUs -->
