<?xml version="1.0" encoding="UTF-8"?>
<!-- Generated by org.testng.reporters.JUnitReportReporter -->
<testsuite hostname="DESKTOP-N7K85DJ" name="Test_Case_Prod.What_We_offer_OutSideUs" tests="2" failures="0" timestamp="15 Nov 2021 07:33:24 GMT" time="577.673" errors="0">
  <testcase name="Footer" time="291.255" classname="Test_Case_Prod.What_We_offer_OutSideUs"/>
  <testcase name="Footer" time="286.418" classname="Test_Case_Prod.What_We_offer_OutSideUs"/>
</testsuite> <!-- Test_Case_Prod.What_We_offer_OutSideUs -->
