<?xml version="1.0" encoding="UTF-8"?>
<!-- Generated by org.testng.reporters.JUnitReportReporter -->
<testsuite hostname="DESKTOP-N7K85DJ" name="Test_Cases_Dev.AboutUS_OutsideUS_dev" tests="2" failures="0" timestamp="5 Nov 2021 12:43:36 GMT" time="80.573" errors="0">
  <testcase name="main_Home_Page" time="37.722" classname="Test_Cases_Dev.AboutUS_OutsideUS_dev"/>
  <testcase name="main_Home_Page" time="42.851" classname="Test_Cases_Dev.AboutUS_OutsideUS_dev"/>
</testsuite> <!-- Test_Cases_Dev.AboutUS_OutsideUS_dev -->
