<?xml version="1.0" encoding="UTF-8"?>
<!-- Generated by org.testng.reporters.JUnitReportReporter -->
<testsuite hostname="DESKTOP-N7K85DJ" name="AFL_Test_Case_Prod.HomePage_TC" tests="2" failures="0" timestamp="24 Feb 2022 12:20:18 GMT" time="267.224" errors="0">
  <testcase name="Home_Page" time="143.091" classname="AFL_Test_Case_Prod.HomePage_TC"/>
  <testcase name="Home_Page" time="124.133" classname="AFL_Test_Case_Prod.HomePage_TC"/>
</testsuite> <!-- AFL_Test_Case_Prod.HomePage_TC -->
