<?xml version="1.0" encoding="UTF-8"?>
<!-- Generated by org.testng.reporters.JUnitReportReporter -->
<testsuite hostname="DESKTOP-N7K85DJ" name="Test_Cases_Dev.What_We_offer_OutSideUs_dev" tests="2" failures="0" timestamp="15 Nov 2021 07:10:06 GMT" time="557.518" errors="0">
  <testcase name="Footer" time="280.155" classname="Test_Cases_Dev.What_We_offer_OutSideUs_dev"/>
  <testcase name="Footer" time="277.363" classname="Test_Cases_Dev.What_We_offer_OutSideUs_dev"/>
</testsuite> <!-- Test_Cases_Dev.What_We_offer_OutSideUs_dev -->
