<?xml version="1.0" encoding="UTF-8"?>
<!-- Generated by org.testng.reporters.JUnitReportReporter -->
<testsuite hostname="DESKTOP-N7K85DJ" name="Test_Cases_Dev.HomePage_TC_dev" tests="2" failures="0" timestamp="15 Nov 2021 07:10:06 GMT" time="258.439" errors="0">
  <testcase name="Home_Page" time="127.653" classname="Test_Cases_Dev.HomePage_TC_dev"/>
  <testcase name="Home_Page" time="130.786" classname="Test_Cases_Dev.HomePage_TC_dev"/>
</testsuite> <!-- Test_Cases_Dev.HomePage_TC_dev -->
