<?xml version="1.0" encoding="UTF-8"?>
<!-- Generated by org.testng.reporters.JUnitReportReporter -->
<testsuite hostname="DESKTOP-N7K85DJ" name="Test_Case_Prod.ContactUS_OutsideUS" tests="2" failures="0" timestamp="15 Nov 2021 07:33:24 GMT" time="61.551" errors="0">
  <testcase name="ContactUs_Page" time="32.142" classname="Test_Case_Prod.ContactUS_OutsideUS"/>
  <testcase name="ContactUs_Page" time="29.409" classname="Test_Case_Prod.ContactUS_OutsideUS"/>
</testsuite> <!-- Test_Case_Prod.ContactUS_OutsideUS -->
