<?xml version="1.0" encoding="UTF-8"?>
<!-- Generated by org.testng.reporters.JUnitReportReporter -->
<testsuite hostname="DESKTOP-N7K85DJ" name="AFL_Test_Cases_Dev.AboutUS_OutsideUS_dev" tests="2" failures="0" timestamp="24 Feb 2022 12:08:58 GMT" time="71.421" errors="0">
  <testcase name="main_Home_Page" time="36.968" classname="AFL_Test_Cases_Dev.AboutUS_OutsideUS_dev"/>
  <testcase name="main_Home_Page" time="34.453" classname="AFL_Test_Cases_Dev.AboutUS_OutsideUS_dev"/>
</testsuite> <!-- AFL_Test_Cases_Dev.AboutUS_OutsideUS_dev -->
