<?xml version="1.0" encoding="UTF-8"?>
<!-- Generated by org.testng.reporters.JUnitReportReporter -->
<testsuite hostname="DESKTOP-N7K85DJ" name="Test_Cases_Dev.ContactUS_OutsideUS_dev" tests="2" failures="0" timestamp="5 Nov 2021 12:43:36 GMT" time="67.243" errors="0">
  <testcase name="ContactUs_Page" time="32.877" classname="Test_Cases_Dev.ContactUS_OutsideUS_dev"/>
  <testcase name="ContactUs_Page" time="34.366" classname="Test_Cases_Dev.ContactUS_OutsideUS_dev"/>
</testsuite> <!-- Test_Cases_Dev.ContactUS_OutsideUS_dev -->
