<?xml version="1.0" encoding="UTF-8"?>
<!-- Generated by org.testng.reporters.JUnitReportReporter -->
<testsuite hostname="DESKTOP-N7K85DJ" name="AFL_Test_Cases_Dev.AboutUS_OutsideUS_dev" tests="2" failures="0" timestamp="3 Jan 2022 15:58:11 GMT" time="63.711" errors="0">
  <testcase name="main_Home_Page" time="29.666" classname="AFL_Test_Cases_Dev.AboutUS_OutsideUS_dev"/>
  <testcase name="main_Home_Page" time="34.045" classname="AFL_Test_Cases_Dev.AboutUS_OutsideUS_dev"/>
</testsuite> <!-- AFL_Test_Cases_Dev.AboutUS_OutsideUS_dev -->
