<?xml version="1.0" encoding="UTF-8"?>
<!-- Generated by org.testng.reporters.JUnitReportReporter -->
<testsuite hostname="DESKTOP-N7K85DJ" name="Test_Case_Prod.What_We_offer_OutSideUs" tests="2" failures="0" timestamp="8 Nov 2021 15:50:34 GMT" time="563.803" errors="0">
  <testcase name="Footer" time="276.032" classname="Test_Case_Prod.What_We_offer_OutSideUs"/>
  <testcase name="Footer" time="287.771" classname="Test_Case_Prod.What_We_offer_OutSideUs"/>
</testsuite> <!-- Test_Case_Prod.What_We_offer_OutSideUs -->
