<?xml version="1.0" encoding="UTF-8"?>
<!-- Generated by org.testng.reporters.JUnitReportReporter -->
<testsuite hostname="DESKTOP-N7K85DJ" name="Test_Cases_Dev.AboutUS_OutsideUS_dev" tests="2" failures="0" timestamp="8 Nov 2021 14:51:34 GMT" time="69.126" errors="0">
  <testcase name="main_Home_Page" time="34.543" classname="Test_Cases_Dev.AboutUS_OutsideUS_dev"/>
  <testcase name="main_Home_Page" time="34.583" classname="Test_Cases_Dev.AboutUS_OutsideUS_dev"/>
</testsuite> <!-- Test_Cases_Dev.AboutUS_OutsideUS_dev -->
