<?xml version="1.0" encoding="UTF-8"?>
<!-- Generated by org.testng.reporters.JUnitReportReporter -->
<testsuite hostname="DESKTOP-N7K85DJ" name="Test_Cases_Dev.ContactUS_OutsideUS_dev" tests="2" failures="0" timestamp="30 Sep 2021 04:50:44 GMT" time="108.231" errors="0">
  <testcase name="ContactUs_Page" time="46.240" classname="Test_Cases_Dev.ContactUS_OutsideUS_dev"/>
  <testcase name="ContactUs_Page" time="61.991" classname="Test_Cases_Dev.ContactUS_OutsideUS_dev"/>
</testsuite> <!-- Test_Cases_Dev.ContactUS_OutsideUS_dev -->
