<?xml version="1.0" encoding="UTF-8"?>
<!-- Generated by org.testng.reporters.JUnitReportReporter -->
<testsuite hostname="DESKTOP-N7K85DJ" name="Test_Cases_Dev.HomePage_TC_dev" tests="2" failures="0" timestamp="8 Nov 2021 14:51:34 GMT" time="272.994" errors="0">
  <testcase name="Home_Page" time="141.316" classname="Test_Cases_Dev.HomePage_TC_dev"/>
  <testcase name="Home_Page" time="131.678" classname="Test_Cases_Dev.HomePage_TC_dev"/>
</testsuite> <!-- Test_Cases_Dev.HomePage_TC_dev -->
