<?xml version="1.0" encoding="UTF-8"?>
<!-- Generated by org.testng.reporters.JUnitReportReporter -->
<testsuite hostname="DESKTOP-N7K85DJ" name="AFL_Test_Cases_Dev.What_We_offer_OutSideUs_dev" tests="2" failures="0" timestamp="3 Jan 2022 15:58:11 GMT" time="546.624" errors="0">
  <testcase name="Footer" time="281.582" classname="AFL_Test_Cases_Dev.What_We_offer_OutSideUs_dev"/>
  <testcase name="Footer" time="265.042" classname="AFL_Test_Cases_Dev.What_We_offer_OutSideUs_dev"/>
</testsuite> <!-- AFL_Test_Cases_Dev.What_We_offer_OutSideUs_dev -->
