<?xml version="1.0" encoding="UTF-8"?>
<!-- Generated by org.testng.reporters.JUnitReportReporter -->
<testsuite hostname="DESKTOP-N7K85DJ" name="Test_Case_Prod.AboutUS_OutsideUS" tests="2" failures="0" timestamp="15 Nov 2021 07:33:24 GMT" time="49.939" errors="0">
  <testcase name="main_Home_Page" time="27.062" classname="Test_Case_Prod.AboutUS_OutsideUS"/>
  <testcase name="main_Home_Page" time="22.877" classname="Test_Case_Prod.AboutUS_OutsideUS"/>
</testsuite> <!-- Test_Case_Prod.AboutUS_OutsideUS -->
