<?xml version="1.0" encoding="UTF-8"?>
<!-- Generated by org.testng.reporters.JUnitReportReporter -->
<testsuite hostname="DESKTOP-N7K85DJ" name="Test_Cases_Dev.Footer_TC_dev" tests="2" failures="0" timestamp="5 Nov 2021 12:43:36 GMT" time="204.763" errors="0">
  <testcase name="Footer" time="91.305" classname="Test_Cases_Dev.Footer_TC_dev"/>
  <testcase name="Footer" time="113.458" classname="Test_Cases_Dev.Footer_TC_dev"/>
</testsuite> <!-- Test_Cases_Dev.Footer_TC_dev -->
