<?xml version="1.0" encoding="UTF-8"?>
<!-- Generated by org.testng.reporters.JUnitReportReporter -->
<testsuite hostname="DESKTOP-N7K85DJ" name="Test_Cases_Dev.HomePage_TC_dev" tests="2" failures="0" timestamp="30 Sep 2021 04:50:44 GMT" time="331.065" errors="0">
  <testcase name="Home_Page" time="172.361" classname="Test_Cases_Dev.HomePage_TC_dev"/>
  <testcase name="Home_Page" time="158.704" classname="Test_Cases_Dev.HomePage_TC_dev"/>
</testsuite> <!-- Test_Cases_Dev.HomePage_TC_dev -->
