<?xml version="1.0" encoding="UTF-8"?>
<!-- Generated by org.testng.reporters.JUnitReportReporter -->
<testsuite hostname="DESKTOP-N7K85DJ" name="Tradewel_Test_Cases_Production.About_US" tests="2" failures="0" timestamp="2 Mar 2022 15:49:47 GMT" time="82.804" errors="0">
  <testcase name="main_Home_Page" time="43.793" classname="Tradewel_Test_Cases_Production.About_US"/>
  <testcase name="main_Home_Page" time="39.011" classname="Tradewel_Test_Cases_Production.About_US"/>
</testsuite> <!-- Tradewel_Test_Cases_Production.About_US -->
