<?xml version="1.0" encoding="UTF-8"?>
<!-- Generated by org.testng.reporters.JUnitReportReporter -->
<testsuite hostname="DESKTOP-N7K85DJ" name="Test_Cases_Development.Comprehensive_Protection_FF" tests="1" failures="0" timestamp="28 Oct 2021 08:25:40 GMT" time="51.615" errors="0">
  <testcase name="Comprehensive" time="51.615" classname="Test_Cases_Development.Comprehensive_Protection_FF"/>
</testsuite> <!-- Test_Cases_Development.Comprehensive_Protection_FF -->
