<?xml version="1.0" encoding="UTF-8"?>
<!-- Generated by org.testng.reporters.JUnitReportReporter -->
<testsuite hostname="DESKTOP-N7K85DJ" name="Test_Cases_Development.comprehensive_Protection" tests="1" failures="0" timestamp="19 Oct 2021 10:13:47 GMT" time="29.632" errors="0">
  <testcase name="Comprehensive" time="29.632" classname="Test_Cases_Development.comprehensive_Protection"/>
</testsuite> <!-- Test_Cases_Development.comprehensive_Protection -->
