<?xml version="1.0" encoding="UTF-8"?>
<!-- Generated by org.testng.reporters.JUnitReportReporter -->
<testsuite hostname="DESKTOP-N7K85DJ" name="Test_Cases_Development.About_US" tests="2" failures="0" timestamp="19 Nov 2021 12:20:43 GMT" time="83.240" errors="0">
  <testcase name="main_Home_Page" time="38.902" classname="Test_Cases_Development.About_US"/>
  <testcase name="main_Home_Page" time="44.338" classname="Test_Cases_Development.About_US"/>
</testsuite> <!-- Test_Cases_Development.About_US -->
