<?xml version="1.0" encoding="UTF-8"?>
<!-- Generated by org.testng.reporters.JUnitReportReporter -->
<testsuite hostname="DESKTOP-N7K85DJ" name="Test_Cases_Development.About_US" tests="2" failures="0" timestamp="28 Oct 2021 08:25:40 GMT" time="80.317" errors="0">
  <testcase name="main_Home_Page" time="40.119" classname="Test_Cases_Development.About_US"/>
  <testcase name="main_Home_Page" time="40.198" classname="Test_Cases_Development.About_US"/>
</testsuite> <!-- Test_Cases_Development.About_US -->
