<?xml version="1.0" encoding="UTF-8"?>
<!-- Generated by org.testng.reporters.JUnitReportReporter -->
<testsuite hostname="DESKTOP-N7K85DJ" name="Tradewel_Test_Cases_Development.Comprehensive_Protection_FF" tests="1" failures="0" timestamp="2 Mar 2022 15:32:00 GMT" time="52.395" errors="0">
  <testcase name="Comprehensive" time="52.395" classname="Tradewel_Test_Cases_Development.Comprehensive_Protection_FF"/>
</testsuite> <!-- Tradewel_Test_Cases_Development.Comprehensive_Protection_FF -->
