<?xml version="1.0" encoding="UTF-8"?>
<!-- Generated by org.testng.reporters.JUnitReportReporter -->
<testsuite hostname="DESKTOP-N7K85DJ" name="Test_Cases_Development.comprehensive_Protection" tests="1" failures="0" timestamp="19 Nov 2021 12:20:43 GMT" time="168.748" errors="0">
  <testcase name="Comprehensive" time="168.748" classname="Test_Cases_Development.comprehensive_Protection"/>
</testsuite> <!-- Test_Cases_Development.comprehensive_Protection -->
