<?xml version="1.0" encoding="UTF-8"?>
<!-- Generated by org.testng.reporters.JUnitReportReporter -->
<testsuite hostname="DESKTOP-N7K85DJ" name="Tradewel_Test_Cases_Development.About_US" tests="2" failures="0" timestamp="2 Mar 2022 15:32:00 GMT" time="82.952" errors="0">
  <testcase name="main_Home_Page" time="37.625" classname="Tradewel_Test_Cases_Development.About_US"/>
  <testcase name="main_Home_Page" time="45.327" classname="Tradewel_Test_Cases_Development.About_US"/>
</testsuite> <!-- Tradewel_Test_Cases_Development.About_US -->
