<?xml version="1.0" encoding="UTF-8"?>
<!-- Generated by org.testng.reporters.JUnitReportReporter -->
<testsuite hostname="DESKTOP-N7K85DJ" name="Test_Cases_Development.About_US" tests="1" failures="0" timestamp="19 Oct 2021 08:56:10 GMT" time="32.480" errors="0">
  <testcase name="main_Home_Page" time="32.480" classname="Test_Cases_Development.About_US"/>
</testsuite> <!-- Test_Cases_Development.About_US -->
