<?xml version="1.0" encoding="UTF-8"?>
<!-- Generated by org.testng.reporters.JUnitReportReporter -->
<testsuite hostname="DESKTOP-N7K85DJ" name="Tradewel_Test_Cases_Development.Comprehensive_Protection_FF" tests="1" failures="0" timestamp="29 Dec 2021 13:52:37 GMT" time="52.512" errors="0">
  <testcase name="Comprehensive" time="52.512" classname="Tradewel_Test_Cases_Development.Comprehensive_Protection_FF"/>
</testsuite> <!-- Tradewel_Test_Cases_Development.Comprehensive_Protection_FF -->
