<?xml version="1.0" encoding="UTF-8"?>
<!-- Generated by org.testng.reporters.JUnitReportReporter -->
<testsuite hostname="DESKTOP-N7K85DJ" name="Test_case_prod.Side_Heading" tests="1" failures="0" timestamp="15 Sep 2021 16:49:16 GMT" time="105.696" errors="0">
  <testcase name="Header_Footer" time="105.696" classname="Test_case_prod.Side_Heading"/>
</testsuite> <!-- Test_case_prod.Side_Heading -->
