<?xml version="1.0" encoding="UTF-8"?>
<!-- Generated by org.testng.reporters.JUnitReportReporter -->
<testsuite hostname="DESKTOP-N7K85DJ" name="Test_case_prod.Header_footer" tests="10" failures="0" timestamp="2 Sep 2021 17:55:24 GMT" time="362.341" errors="0">
  <testcase name="Header_Login" time="30.835" classname="Test_case_prod.Header_footer"/>
  <testcase name="Footer_Instagram" time="31.429" classname="Test_case_prod.Header_footer"/>
  <testcase name="Footer_Privacy" time="45.096" classname="Test_case_prod.Header_footer"/>
  <testcase name="Footer_Privacy" time="41.864" classname="Test_case_prod.Header_footer"/>
  <testcase name="Footer_linkedIN" time="31.099" classname="Test_case_prod.Header_footer"/>
  <testcase name="Footer_Facebook" time="39.264" classname="Test_case_prod.Header_footer"/>
  <testcase name="Footer_Instagram" time="37.267" classname="Test_case_prod.Header_footer"/>
  <testcase name="Footer_Facebook" time="33.830" classname="Test_case_prod.Header_footer"/>
  <testcase name="Header_Login" time="26.013" classname="Test_case_prod.Header_footer"/>
  <testcase name="Footer_linkedIN" time="45.644" classname="Test_case_prod.Header_footer"/>
</testsuite> <!-- Test_case_prod.Header_footer -->
