<?xml version="1.0" encoding="UTF-8"?>
<!-- Generated by org.testng.reporters.JUnitReportReporter -->
<testsuite hostname="DESKTOP-N7K85DJ" name="Test_case.Header_footer" tests="10" failures="0" timestamp="24 Nov 2021 14:41:36 GMT" time="349.184" errors="0">
  <testcase name="Footer_Instagram" time="29.762" classname="Test_case.Header_footer"/>
  <testcase name="Footer_linkedIN" time="34.616" classname="Test_case.Header_footer"/>
  <testcase name="Footer_Privacy" time="41.392" classname="Test_case.Header_footer"/>
  <testcase name="Footer_Facebook" time="30.190" classname="Test_case.Header_footer"/>
  <testcase name="Footer_Privacy" time="50.946" classname="Test_case.Header_footer"/>
  <testcase name="Footer_Facebook" time="38.684" classname="Test_case.Header_footer"/>
  <testcase name="Footer_Instagram" time="34.040" classname="Test_case.Header_footer"/>
  <testcase name="Header_Login" time="31.883" classname="Test_case.Header_footer"/>
  <testcase name="Footer_linkedIN" time="30.169" classname="Test_case.Header_footer"/>
  <testcase name="Header_Login" time="27.502" classname="Test_case.Header_footer"/>
</testsuite> <!-- Test_case.Header_footer -->
