<?xml version="1.0" encoding="UTF-8"?>
<!-- Generated by org.testng.reporters.JUnitReportReporter -->
<testsuite hostname="DESKTOP-N7K85DJ" name="Test_case.Side_Heading" tests="1" failures="0" timestamp="2 Sep 2021 16:51:20 GMT" time="99.669" errors="0">
  <testcase name="Side_heading" time="99.669" classname="Test_case.Side_Heading"/>
</testsuite> <!-- Test_case.Side_Heading -->
