<?xml version="1.0" encoding="UTF-8"?>
<!-- Generated by org.testng.reporters.JUnitReportReporter -->
<testsuite hostname="DESKTOP-N7K85DJ" name="Test_case.Side_Heading" tests="1" failures="0" timestamp="30 Sep 2021 07:01:46 GMT" time="97.551" errors="0">
  <testcase name="Side_heading" time="97.551" classname="Test_case.Side_Heading"/>
</testsuite> <!-- Test_case.Side_Heading -->
