<?xml version="1.0" encoding="UTF-8"?>
<!-- Generated by org.testng.reporters.JUnitReportReporter -->
<testsuite hostname="DESKTOP-N7K85DJ" name="Test_case.Header_footer" tests="10" failures="0" timestamp="2 Sep 2021 16:51:20 GMT" time="357.892" errors="0">
  <testcase name="Footer_Instagram" time="30.769" classname="Test_case.Header_footer"/>
  <testcase name="Footer_Privacy" time="41.079" classname="Test_case.Header_footer"/>
  <testcase name="Footer_Facebook" time="34.268" classname="Test_case.Header_footer"/>
  <testcase name="Footer_Privacy" time="46.580" classname="Test_case.Header_footer"/>
  <testcase name="Footer_Facebook" time="45.227" classname="Test_case.Header_footer"/>
  <testcase name="Footer_Instagram" time="37.400" classname="Test_case.Header_footer"/>
  <testcase name="Footer_linkedIN" time="35.727" classname="Test_case.Header_footer"/>
  <testcase name="Header_Login" time="30.252" classname="Test_case.Header_footer"/>
  <testcase name="Footer_linkedIN" time="30.828" classname="Test_case.Header_footer"/>
  <testcase name="Header_Login" time="25.762" classname="Test_case.Header_footer"/>
</testsuite> <!-- Test_case.Header_footer -->
