<?xml version="1.0" encoding="UTF-8"?>
<!-- Generated by org.testng.reporters.JUnitReportReporter -->
<testsuite hostname="DESKTOP-N7K85DJ" name="Test_case_prod.Side_Heading" tests="1" failures="0" timestamp="24 Nov 2021 14:52:11 GMT" time="129.913" errors="0">
  <testcase name="Header_Footer" time="129.913" classname="Test_case_prod.Side_Heading"/>
</testsuite> <!-- Test_case_prod.Side_Heading -->
