<?xml version="1.0" encoding="UTF-8"?>
<!-- Generated by org.testng.reporters.JUnitReportReporter -->
<testsuite hostname="DESKTOP-N7K85DJ" name="Test_case.Header_footer" tests="10" failures="0" timestamp="30 Sep 2021 07:01:46 GMT" time="386.675" errors="0">
  <testcase name="Footer_linkedIN" time="30.211" classname="Test_case.Header_footer"/>
  <testcase name="Footer_Facebook" time="41.729" classname="Test_case.Header_footer"/>
  <testcase name="Header_Login" time="29.685" classname="Test_case.Header_footer"/>
  <testcase name="Footer_Instagram" time="30.950" classname="Test_case.Header_footer"/>
  <testcase name="Footer_linkedIN" time="44.151" classname="Test_case.Header_footer"/>
  <testcase name="Footer_Facebook" time="45.188" classname="Test_case.Header_footer"/>
  <testcase name="Footer_Privacy" time="45.181" classname="Test_case.Header_footer"/>
  <testcase name="Footer_Privacy" time="40.459" classname="Test_case.Header_footer"/>
  <testcase name="Footer_Instagram" time="45.183" classname="Test_case.Header_footer"/>
  <testcase name="Header_Login" time="33.938" classname="Test_case.Header_footer"/>
</testsuite> <!-- Test_case.Header_footer -->
