<?xml version="1.0" encoding="UTF-8"?>
<!-- Generated by org.testng.reporters.JUnitReportReporter -->
<testsuite hostname="DESKTOP-N7K85DJ" name="JumboGC_Test_case_Devlopment.Header_footer" tests="10" failures="0" timestamp="29 Dec 2021 14:15:16 GMT" time="340.563" errors="0">
  <testcase name="Footer_linkedIN" time="30.243" classname="JumboGC_Test_case_Devlopment.Header_footer"/>
  <testcase name="Header_Login" time="29.469" classname="JumboGC_Test_case_Devlopment.Header_footer"/>
  <testcase name="Footer_Instagram" time="30.453" classname="JumboGC_Test_case_Devlopment.Header_footer"/>
  <testcase name="Footer_Facebook" time="34.559" classname="JumboGC_Test_case_Devlopment.Header_footer"/>
  <testcase name="Footer_Facebook" time="30.146" classname="JumboGC_Test_case_Devlopment.Header_footer"/>
  <testcase name="Footer_Privacy" time="45.699" classname="JumboGC_Test_case_Devlopment.Header_footer"/>
  <testcase name="Footer_Privacy" time="42.510" classname="JumboGC_Test_case_Devlopment.Header_footer"/>
  <testcase name="Footer_Instagram" time="34.804" classname="JumboGC_Test_case_Devlopment.Header_footer"/>
  <testcase name="Header_Login" time="25.354" classname="JumboGC_Test_case_Devlopment.Header_footer"/>
  <testcase name="Footer_linkedIN" time="37.326" classname="JumboGC_Test_case_Devlopment.Header_footer"/>
</testsuite> <!-- JumboGC_Test_case_Devlopment.Header_footer -->
