<?xml version="1.0" encoding="UTF-8"?>
<!-- Generated by org.testng.reporters.JUnitReportReporter -->
<testsuite hostname="DESKTOP-N7K85DJ" name="Test_case_prod.Side_Heading" tests="1" failures="0" timestamp="23 Aug 2021 16:53:58 GMT" time="143.639" errors="0">
  <testcase name="Header_Footer" time="143.639" classname="Test_case_prod.Side_Heading"/>
</testsuite> <!-- Test_case_prod.Side_Heading -->
