<?xml version="1.0" encoding="UTF-8"?>
<!-- Generated by org.testng.reporters.JUnitReportReporter -->
<testsuite hostname="DESKTOP-N7K85DJ" name="Test_case_prod.Header_footer" tests="10" failures="0" timestamp="24 Nov 2021 14:52:11 GMT" time="357.178" errors="0">
  <testcase name="Footer_Instagram" time="29.837" classname="Test_case_prod.Header_footer"/>
  <testcase name="Header_Login" time="35.740" classname="Test_case_prod.Header_footer"/>
  <testcase name="Footer_Facebook" time="29.876" classname="Test_case_prod.Header_footer"/>
  <testcase name="Footer_Privacy" time="48.738" classname="Test_case_prod.Header_footer"/>
  <testcase name="Footer_Privacy" time="40.429" classname="Test_case_prod.Header_footer"/>
  <testcase name="Header_Login" time="27.462" classname="Test_case_prod.Header_footer"/>
  <testcase name="Footer_Facebook" time="41.551" classname="Test_case_prod.Header_footer"/>
  <testcase name="Footer_linkedIN" time="30.072" classname="Test_case_prod.Header_footer"/>
  <testcase name="Footer_Instagram" time="36.647" classname="Test_case_prod.Header_footer"/>
  <testcase name="Footer_linkedIN" time="36.826" classname="Test_case_prod.Header_footer"/>
</testsuite> <!-- Test_case_prod.Header_footer -->
