<?xml version="1.0" encoding="UTF-8"?>
<!-- Generated by org.testng.reporters.JUnitReportReporter -->
<testsuite hostname="DESKTOP-N7K85DJ" name="Test_case.Side_Heading" tests="1" failures="0" timestamp="24 Nov 2021 14:41:36 GMT" time="126.081" errors="0">
  <testcase name="Side_heading" time="126.081" classname="Test_case.Side_Heading"/>
</testsuite> <!-- Test_case.Side_Heading -->
