<?xml version="1.0" encoding="UTF-8"?>
<!-- Generated by org.testng.reporters.JUnitReportReporter -->
<testsuite hostname="DESKTOP-N7K85DJ" name="Test_case_prod.Header_footer" tests="10" failures="0" timestamp="15 Sep 2021 16:49:16 GMT" time="432.676" errors="0">
  <testcase name="Footer_linkedIN" time="36.462" classname="Test_case_prod.Header_footer"/>
  <testcase name="Footer_Instagram" time="48.741" classname="Test_case_prod.Header_footer"/>
  <testcase name="Footer_linkedIN" time="33.109" classname="Test_case_prod.Header_footer"/>
  <testcase name="Footer_Privacy" time="51.483" classname="Test_case_prod.Header_footer"/>
  <testcase name="Footer_Privacy" time="58.629" classname="Test_case_prod.Header_footer"/>
  <testcase name="Footer_Facebook" time="47.783" classname="Test_case_prod.Header_footer"/>
  <testcase name="Footer_Instagram" time="31.465" classname="Test_case_prod.Header_footer"/>
  <testcase name="Header_Login" time="37.432" classname="Test_case_prod.Header_footer"/>
  <testcase name="Footer_Facebook" time="47.247" classname="Test_case_prod.Header_footer"/>
  <testcase name="Header_Login" time="40.325" classname="Test_case_prod.Header_footer"/>
</testsuite> <!-- Test_case_prod.Header_footer -->
