<?xml version="1.0" encoding="UTF-8"?>
<!-- Generated by org.testng.reporters.JUnitReportReporter -->
<testsuite hostname="DESKTOP-N7K85DJ" name="Test_case_prod.Header_footer" tests="10" failures="0" timestamp="30 Sep 2021 07:23:41 GMT" time="400.061" errors="0">
  <testcase name="Footer_linkedIN" time="31.120" classname="Test_case_prod.Header_footer"/>
  <testcase name="Header_Login" time="31.635" classname="Test_case_prod.Header_footer"/>
  <testcase name="Footer_Privacy" time="46.605" classname="Test_case_prod.Header_footer"/>
  <testcase name="Footer_Facebook" time="40.771" classname="Test_case_prod.Header_footer"/>
  <testcase name="Footer_Facebook" time="48.459" classname="Test_case_prod.Header_footer"/>
  <testcase name="Header_Login" time="44.305" classname="Test_case_prod.Header_footer"/>
  <testcase name="Footer_Privacy" time="43.843" classname="Test_case_prod.Header_footer"/>
  <testcase name="Footer_Instagram" time="36.079" classname="Test_case_prod.Header_footer"/>
  <testcase name="Footer_linkedIN" time="45.503" classname="Test_case_prod.Header_footer"/>
  <testcase name="Footer_Instagram" time="31.741" classname="Test_case_prod.Header_footer"/>
</testsuite> <!-- Test_case_prod.Header_footer -->
