<?xml version="1.0" encoding="UTF-8"?>
<!-- Generated by org.testng.reporters.JUnitReportReporter -->
<testsuite hostname="DESKTOP-N7K85DJ" name="AUW_Test_case_prod.AUW_header_web_Prod" tests="2" failures="0" timestamp="29 Jun 2022 13:39:44 GMT" time="113.915" errors="0">
  <testcase name="main" time="57.637" classname="AUW_Test_case_prod.AUW_header_web_Prod"/>
  <testcase name="main" time="56.278" classname="AUW_Test_case_prod.AUW_header_web_Prod"/>
</testsuite> <!-- AUW_Test_case_prod.AUW_header_web_Prod -->
