<?xml version="1.0" encoding="UTF-8"?>
<!-- Generated by org.testng.reporters.JUnitReportReporter -->
<testsuite hostname="DESKTOP-N7K85DJ" name="Warranty_Test_Case_Prod.About_US" tests="2" failures="0" timestamp="28 Jun 2022 16:03:53 GMT" time="120.781" errors="0">
  <testcase name="Home_page" time="61.093" classname="Warranty_Test_Case_Prod.About_US"/>
  <testcase name="Home_page" time="59.688" classname="Warranty_Test_Case_Prod.About_US"/>
</testsuite> <!-- Warranty_Test_Case_Prod.About_US -->
