<?xml version="1.0" encoding="UTF-8"?>
<!-- Generated by org.testng.reporters.JUnitReportReporter -->
<testsuite hostname="DESKTOP-N7K85DJ" name="Casuality_Prod_TC.Menu_Contact_Us" tests="2" failures="0" timestamp="4 Jul 2022 13:57:23 GMT" time="86.463" errors="0">
  <testcase name="HomePage" time="44.535" classname="Casuality_Prod_TC.Menu_Contact_Us"/>
  <testcase name="HomePage" time="41.928" classname="Casuality_Prod_TC.Menu_Contact_Us"/>
</testsuite> <!-- Casuality_Prod_TC.Menu_Contact_Us -->
