<?xml version="1.0" encoding="UTF-8"?>
<!-- Generated by org.testng.reporters.JUnitReportReporter -->
<testsuite hostname="DESKTOP-N7K85DJ" name="Promesa_Test_Case_Prod.Change_language" tests="1" failures="0" timestamp="29 Jun 2022 14:40:55 GMT" time="22.501" errors="0">
  <testcase name="Change_Language" time="22.501" classname="Promesa_Test_Case_Prod.Change_language"/>
</testsuite> <!-- Promesa_Test_Case_Prod.Change_language -->
