<?xml version="1.0" encoding="UTF-8"?>
<!-- Generated by org.testng.reporters.JUnitReportReporter -->
<testsuite hostname="DESKTOP-N7K85DJ" name="Casuality_Prod_TC.Menu_Press_Room" tests="2" failures="0" timestamp="28 Jun 2022 16:03:53 GMT" time="164.968" errors="0">
  <testcase name="HomePage" time="80.344" classname="Casuality_Prod_TC.Menu_Press_Room"/>
  <testcase name="HomePage" time="84.624" classname="Casuality_Prod_TC.Menu_Press_Room"/>
</testsuite> <!-- Casuality_Prod_TC.Menu_Press_Room -->
