<?xml version="1.0" encoding="UTF-8"?>
<!-- Generated by org.testng.reporters.JUnitReportReporter -->
<testsuite hostname="DESKTOP-N7K85DJ" name="Casuality_Prod_TC.Menu_Press_Room" tests="2" failures="0" timestamp="29 Jun 2022 13:39:44 GMT" time="165.892" errors="0">
  <testcase name="HomePage" time="85.385" classname="Casuality_Prod_TC.Menu_Press_Room"/>
  <testcase name="HomePage" time="80.507" classname="Casuality_Prod_TC.Menu_Press_Room"/>
</testsuite> <!-- Casuality_Prod_TC.Menu_Press_Room -->
