<?xml version="1.0" encoding="UTF-8"?>
<!-- Generated by org.testng.reporters.JUnitReportReporter -->
<testsuite hostname="DESKTOP-N7K85DJ" name="Casuality_Prod_TC.Home_page" tests="2" failures="0" timestamp="29 Jun 2022 13:39:44 GMT" time="194.737" errors="0">
  <testcase name="HomePage" time="95.798" classname="Casuality_Prod_TC.Home_page"/>
  <testcase name="HomePage" time="98.939" classname="Casuality_Prod_TC.Home_page"/>
</testsuite> <!-- Casuality_Prod_TC.Home_page -->
