<?xml version="1.0" encoding="UTF-8"?>
<!-- Generated by org.testng.reporters.JUnitReportReporter -->
<testsuite hostname="DESKTOP-N7K85DJ" name="Warranty_Test_Case_Prod.Partner_With_US" tests="2" failures="0" timestamp="29 Jun 2022 13:39:44 GMT" time="65.033" errors="0">
  <testcase name="partner" time="32.483" classname="Warranty_Test_Case_Prod.Partner_With_US"/>
  <testcase name="partner" time="32.550" classname="Warranty_Test_Case_Prod.Partner_With_US"/>
</testsuite> <!-- Warranty_Test_Case_Prod.Partner_With_US -->
