<?xml version="1.0" encoding="UTF-8"?>
<!-- Generated by org.testng.reporters.JUnitReportReporter -->
<testsuite hostname="DESKTOP-N7K85DJ" name="Aerospace_TestCases_Prod.Menu_Aviation" tests="2" failures="0" timestamp="29 Jun 2022 13:39:44 GMT" time="196.645" errors="0">
  <testcase name="Home_Menu_Aeviation" time="100.658" classname="Aerospace_TestCases_Prod.Menu_Aviation"/>
  <testcase name="Home_Menu_Aeviation" time="95.987" classname="Aerospace_TestCases_Prod.Menu_Aviation"/>
</testsuite> <!-- Aerospace_TestCases_Prod.Menu_Aviation -->
