<?xml version="1.0" encoding="UTF-8"?>
<!-- Generated by org.testng.reporters.JUnitReportReporter -->
<testsuite hostname="DESKTOP-N7K85DJ" name="Adler_TestCases_Prod.News" tests="2" failures="0" timestamp="28 Jun 2022 16:03:53 GMT" time="312.480" errors="0">
  <testcase name="main_Home_Page" time="160.722" classname="Adler_TestCases_Prod.News"/>
  <testcase name="main_Home_Page" time="151.758" classname="Adler_TestCases_Prod.News"/>
</testsuite> <!-- Adler_TestCases_Prod.News -->
