<?xml version="1.0" encoding="UTF-8"?>
<!-- Generated by org.testng.reporters.JUnitReportReporter -->
<testsuite hostname="DESKTOP-N7K85DJ" name="Credit_Global_Test_Cases_Prod.What_we_Do_TC" tests="2" failures="0" timestamp="28 Jun 2022 16:03:53 GMT" time="122.665" errors="0">
  <testcase name="HomePage_Header_login" time="62.829" classname="Credit_Global_Test_Cases_Prod.What_we_Do_TC"/>
  <testcase name="HomePage_Header_login" time="59.836" classname="Credit_Global_Test_Cases_Prod.What_we_Do_TC"/>
</testsuite> <!-- Credit_Global_Test_Cases_Prod.What_we_Do_TC -->
