<?xml version="1.0" encoding="UTF-8"?>
<!-- Generated by org.testng.reporters.JUnitReportReporter -->
<testsuite hostname="DESKTOP-N7K85DJ" name="Adler_TestCases_Prod.News" tests="2" failures="0" timestamp="4 Jul 2022 13:57:23 GMT" time="314.324" errors="0">
  <testcase name="main_Home_Page" time="151.361" classname="Adler_TestCases_Prod.News"/>
  <testcase name="main_Home_Page" time="162.963" classname="Adler_TestCases_Prod.News"/>
</testsuite> <!-- Adler_TestCases_Prod.News -->
