<?xml version="1.0" encoding="UTF-8"?>
<!-- Generated by org.testng.reporters.JUnitReportReporter -->
<testsuite hostname="DESKTOP-N7K85DJ" name="Aerospace_TestCases_Prod.Home_TC" tests="2" failures="0" timestamp="28 Jun 2022 16:03:53 GMT" time="127.872" errors="0">
  <testcase name="Home_Page_main" time="61.904" classname="Aerospace_TestCases_Prod.Home_TC"/>
  <testcase name="Home_Page_main" time="65.968" classname="Aerospace_TestCases_Prod.Home_TC"/>
</testsuite> <!-- Aerospace_TestCases_Prod.Home_TC -->
