<?xml version="1.0" encoding="UTF-8"?>
<!-- Generated by org.testng.reporters.JUnitReportReporter -->
<testsuite hostname="DESKTOP-N7K85DJ" name="Pinnacle_Test_Cases_Production.WatsNew" tests="2" failures="0" timestamp="28 Jun 2022 16:03:53 GMT" time="240.222" errors="0">
  <testcase name="WhatsNew" time="118.221" classname="Pinnacle_Test_Cases_Production.WatsNew"/>
  <testcase name="WhatsNew" time="122.001" classname="Pinnacle_Test_Cases_Production.WatsNew"/>
</testsuite> <!-- Pinnacle_Test_Cases_Production.WatsNew -->
