<?xml version="1.0" encoding="UTF-8"?>
<!-- Generated by org.testng.reporters.JUnitReportReporter -->
<testsuite hostname="DESKTOP-N7K85DJ" name="MTL_Test_Cases_Prod.More_offers_TC" tests="2" failures="0" timestamp="28 Jun 2022 16:03:54 GMT" time="122.759" errors="0">
  <testcase name="More_offers" time="60.813" classname="MTL_Test_Cases_Prod.More_offers_TC"/>
  <testcase name="More_offers" time="61.946" classname="MTL_Test_Cases_Prod.More_offers_TC"/>
</testsuite> <!-- MTL_Test_Cases_Prod.More_offers_TC -->
