<?xml version="1.0" encoding="UTF-8"?>
<!-- Generated by org.testng.reporters.JUnitReportReporter -->
<testsuite hostname="DESKTOP-N7K85DJ" name="AUW_Test_case_prod.AUW_Experience" tests="2" failures="0" timestamp="4 Jul 2022 13:57:23 GMT" time="832.096" errors="0">
  <testcase name="main" time="415.425" classname="AUW_Test_case_prod.AUW_Experience"/>
  <testcase name="main" time="416.671" classname="AUW_Test_case_prod.AUW_Experience"/>
</testsuite> <!-- AUW_Test_case_prod.AUW_Experience -->
