<?xml version="1.0" encoding="UTF-8"?>
<!-- Generated by org.testng.reporters.JUnitReportReporter -->
<testsuite hostname="DESKTOP-N7K85DJ" name="Careers_Test_case_Prod.Side_Heading1" tests="1" failures="0" timestamp="4 Jul 2022 13:57:23 GMT" time="161.536" errors="0">
  <testcase name="Side_Heading" time="161.536" classname="Careers_Test_case_Prod.Side_Heading1"/>
</testsuite> <!-- Careers_Test_case_Prod.Side_Heading1 -->
