<?xml version="1.0" encoding="UTF-8"?>
<!-- Generated by org.testng.reporters.JUnitReportReporter -->
<testsuite hostname="DESKTOP-N7K85DJ" name="AUW_Test_case_prod.AUW_CallUpdate" tests="2" failures="0" timestamp="4 Jul 2022 13:57:23 GMT" time="138.239" errors="0">
  <testcase name="main" time="68.953" classname="AUW_Test_case_prod.AUW_CallUpdate"/>
  <testcase name="main" time="69.286" classname="AUW_Test_case_prod.AUW_CallUpdate"/>
</testsuite> <!-- AUW_Test_case_prod.AUW_CallUpdate -->
