<?xml version="1.0" encoding="UTF-8"?>
<!-- Generated by org.testng.reporters.JUnitReportReporter -->
<testsuite hostname="DESKTOP-N7K85DJ" name="MTL_Test_Cases_Prod.Home_URL" tests="2" failures="0" timestamp="28 Jun 2022 16:03:53 GMT" time="118.992" errors="0">
  <testcase name="Footer" time="60.847" classname="MTL_Test_Cases_Prod.Home_URL"/>
  <testcase name="Footer" time="58.145" classname="MTL_Test_Cases_Prod.Home_URL"/>
</testsuite> <!-- MTL_Test_Cases_Prod.Home_URL -->
