<?xml version="1.0" encoding="UTF-8"?>
<!-- Generated by org.testng.reporters.JUnitReportReporter -->
<testsuite hostname="DESKTOP-N7K85DJ" name="AUW_Test_case_prod.AUW_Heartwood" tests="1" failures="0" timestamp="29 Jun 2022 15:30:20 GMT" time="59.403" errors="0">
  <testcase name="main" time="59.403" classname="AUW_Test_case_prod.AUW_Heartwood"/>
</testsuite> <!-- AUW_Test_case_prod.AUW_Heartwood -->
