<?xml version="1.0" encoding="UTF-8"?>
<!-- Generated by org.testng.reporters.JUnitReportReporter -->
<testsuite hostname="DESKTOP-N7K85DJ" name="MTL_Test_Cases_Prod.What_we_offer_URL_TC" tests="2" failures="0" timestamp="28 Jun 2022 16:03:53 GMT" time="271.266" errors="0">
  <testcase name="Heading" time="131.833" classname="MTL_Test_Cases_Prod.What_we_offer_URL_TC"/>
  <testcase name="Heading" time="139.433" classname="MTL_Test_Cases_Prod.What_we_offer_URL_TC"/>
</testsuite> <!-- MTL_Test_Cases_Prod.What_we_offer_URL_TC -->
