<?xml version="1.0" encoding="UTF-8"?>
<!-- Generated by org.testng.reporters.JUnitReportReporter -->
<testsuite hostname="DESKTOP-N7K85DJ" name="Solution_one_Prod.Footer_Production" tests="2" failures="0" timestamp="28 Jun 2022 16:03:54 GMT" time="174.798" errors="0">
  <testcase name="Footer" time="88.114" classname="Solution_one_Prod.Footer_Production"/>
  <testcase name="Footer" time="86.684" classname="Solution_one_Prod.Footer_Production"/>
</testsuite> <!-- Solution_one_Prod.Footer_Production -->
