<?xml version="1.0" encoding="UTF-8"?>
<!-- Generated by org.testng.reporters.JUnitReportReporter -->
<testsuite hostname="DESKTOP-N7K85DJ" name="Promesa_Test_Case_Prod.FAQ" tests="1" failures="0" timestamp="29 Jun 2022 13:39:44 GMT" time="45.794" errors="0">
  <testcase name="Siheading_2" time="45.794" classname="Promesa_Test_Case_Prod.FAQ"/>
</testsuite> <!-- Promesa_Test_Case_Prod.FAQ -->
