<?xml version="1.0" encoding="UTF-8"?>
<!-- Generated by org.testng.reporters.JUnitReportReporter -->
<testsuite hostname="DESKTOP-N7K85DJ" name="Warranty_Test_Case_Prod.Partner_With_US" tests="2" failures="0" timestamp="28 Jun 2022 16:03:53 GMT" time="64.702" errors="0">
  <testcase name="partner" time="31.144" classname="Warranty_Test_Case_Prod.Partner_With_US"/>
  <testcase name="partner" time="33.558" classname="Warranty_Test_Case_Prod.Partner_With_US"/>
</testsuite> <!-- Warranty_Test_Case_Prod.Partner_With_US -->
