<?xml version="1.0" encoding="UTF-8"?>
<!-- Generated by org.testng.reporters.JUnitReportReporter -->
<testsuite hostname="DESKTOP-N7K85DJ" name="Tradewel_Test_Cases_Production.Comprehensive_Protection_FF" tests="1" failures="0" timestamp="29 Jun 2022 13:39:44 GMT" time="68.492" errors="0">
  <testcase name="Comprehensive" time="68.492" classname="Tradewel_Test_Cases_Production.Comprehensive_Protection_FF"/>
</testsuite> <!-- Tradewel_Test_Cases_Production.Comprehensive_Protection_FF -->
