<?xml version="1.0" encoding="UTF-8"?>
<!-- Generated by org.testng.reporters.JUnitReportReporter -->
<testsuite hostname="DESKTOP-N7K85DJ" name="Casuality_Prod_TC.Home_page" tests="2" failures="0" timestamp="28 Jun 2022 16:03:53 GMT" time="196.699" errors="0">
  <testcase name="HomePage" time="95.143" classname="Casuality_Prod_TC.Home_page"/>
  <testcase name="HomePage" time="101.556" classname="Casuality_Prod_TC.Home_page"/>
</testsuite> <!-- Casuality_Prod_TC.Home_page -->
