<?xml version="1.0" encoding="UTF-8"?>
<!-- Generated by org.testng.reporters.JUnitReportReporter -->
<testsuite hostname="DESKTOP-N7K85DJ" name="Promesa_Test_Case_Prod.Change_language" tests="2" failures="0" timestamp="4 Jul 2022 13:57:23 GMT" time="51.604" errors="0">
  <testcase name="Change_Language" time="24.670" classname="Promesa_Test_Case_Prod.Change_language"/>
  <testcase name="Change_Language" time="26.934" classname="Promesa_Test_Case_Prod.Change_language"/>
</testsuite> <!-- Promesa_Test_Case_Prod.Change_language -->
