<?xml version="1.0" encoding="UTF-8"?>
<!-- Generated by org.testng.reporters.JUnitReportReporter -->
<testsuite hostname="DESKTOP-N7K85DJ" name="AFL_Test_Case_Prod.ContactUS_OutsideUS" tests="2" failures="0" timestamp="28 Jun 2022 16:03:53 GMT" time="88.917" errors="0">
  <testcase name="ContactUs_Page" time="43.104" classname="AFL_Test_Case_Prod.ContactUS_OutsideUS"/>
  <testcase name="ContactUs_Page" time="45.813" classname="AFL_Test_Case_Prod.ContactUS_OutsideUS"/>
</testsuite> <!-- AFL_Test_Case_Prod.ContactUS_OutsideUS -->
