<?xml version="1.0" encoding="UTF-8"?>
<!-- Generated by org.testng.reporters.JUnitReportReporter -->
<testsuite hostname="DESKTOP-N7K85DJ" name="Aerospace_TestCases_Prod.Menu_About_Us" tests="2" failures="0" timestamp="4 Jul 2022 13:57:23 GMT" time="71.421" errors="0">
  <testcase name="Home_Menu_AboutUS" time="36.316" classname="Aerospace_TestCases_Prod.Menu_About_Us"/>
  <testcase name="Home_Menu_AboutUS" time="35.105" classname="Aerospace_TestCases_Prod.Menu_About_Us"/>
</testsuite> <!-- Aerospace_TestCases_Prod.Menu_About_Us -->
