<?xml version="1.0" encoding="UTF-8"?>
<!-- Generated by org.testng.reporters.JUnitReportReporter -->
<testsuite hostname="DESKTOP-N7K85DJ" name="AUW_Test_case_prod.AUW_PPP" tests="2" failures="0" timestamp="29 Jun 2022 13:39:44 GMT" time="78.285" errors="0">
  <testcase name="main" time="36.578" classname="AUW_Test_case_prod.AUW_PPP"/>
  <testcase name="main" time="41.707" classname="AUW_Test_case_prod.AUW_PPP"/>
</testsuite> <!-- AUW_Test_case_prod.AUW_PPP -->
