<?xml version="1.0" encoding="UTF-8"?>
<!-- Generated by org.testng.reporters.JUnitReportReporter -->
<testsuite hostname="DESKTOP-N7K85DJ" name="Casuality_Prod_TC.Menu_Press_Room" tests="2" failures="0" timestamp="4 Jul 2022 13:57:23 GMT" time="164.645" errors="0">
  <testcase name="HomePage" time="83.420" classname="Casuality_Prod_TC.Menu_Press_Room"/>
  <testcase name="HomePage" time="81.225" classname="Casuality_Prod_TC.Menu_Press_Room"/>
</testsuite> <!-- Casuality_Prod_TC.Menu_Press_Room -->
