<?xml version="1.0" encoding="UTF-8"?>
<!-- Generated by org.testng.reporters.JUnitReportReporter -->
<testsuite hostname="DESKTOP-N7K85DJ" name="AUW_Test_case_prod.AUW_NJ_Update" tests="2" failures="0" timestamp="28 Jun 2022 16:03:54 GMT" time="131.680" errors="0">
  <testcase name="main" time="63.018" classname="AUW_Test_case_prod.AUW_NJ_Update"/>
  <testcase name="main" time="68.662" classname="AUW_Test_case_prod.AUW_NJ_Update"/>
</testsuite> <!-- AUW_Test_case_prod.AUW_NJ_Update -->
