<?xml version="1.0" encoding="UTF-8"?>
<!-- Generated by org.testng.reporters.JUnitReportReporter -->
<testsuite hostname="DESKTOP-N7K85DJ" name="AUW_Test_case_prod.AUW_Heartwood" tests="1" failures="0" timestamp="28 Jun 2022 16:27:54 GMT" time="100.492" errors="0">
  <testcase name="main" time="100.492" classname="AUW_Test_case_prod.AUW_Heartwood"/>
</testsuite> <!-- AUW_Test_case_prod.AUW_Heartwood -->
