<?xml version="1.0" encoding="UTF-8"?>
<!-- Generated by org.testng.reporters.JUnitReportReporter -->
<testsuite hostname="DESKTOP-N7K85DJ" name="Promesa_Test_Case_Prod.Footer" tests="10" failures="0" timestamp="28 Jun 2022 16:03:53 GMT" time="328.662" errors="0">
  <testcase name="Footer_PrivacyPolicy" time="43.101" classname="Promesa_Test_Case_Prod.Footer"/>
  <testcase name="Footer_twitter" time="25.654" classname="Promesa_Test_Case_Prod.Footer"/>
  <testcase name="Footer_linkedin" time="29.341" classname="Promesa_Test_Case_Prod.Footer"/>
  <testcase name="Footer_facebook" time="38.021" classname="Promesa_Test_Case_Prod.Footer"/>
  <testcase name="Footer_PrivacyPolicy" time="43.126" classname="Promesa_Test_Case_Prod.Footer"/>
  <testcase name="Footer_twitter" time="28.704" classname="Promesa_Test_Case_Prod.Footer"/>
  <testcase name="Footer_instagram" time="25.680" classname="Promesa_Test_Case_Prod.Footer"/>
  <testcase name="Footer_linkedin" time="25.527" classname="Promesa_Test_Case_Prod.Footer"/>
  <testcase name="Footer_facebook" time="41.527" classname="Promesa_Test_Case_Prod.Footer"/>
  <testcase name="Footer_instagram" time="27.981" classname="Promesa_Test_Case_Prod.Footer"/>
</testsuite> <!-- Promesa_Test_Case_Prod.Footer -->
