<?xml version="1.0" encoding="UTF-8"?>
<!-- Generated by org.testng.reporters.JUnitReportReporter -->
<testsuite hostname="DESKTOP-N7K85DJ" name="AUW_Test_case_prod.Practices_CustomerSeekingCoverage" tests="2" failures="0" timestamp="28 Jun 2022 16:03:53 GMT" time="657.096" errors="0">
  <testcase name="Practices_CustomerSeekingCoverage" time="342.120" classname="AUW_Test_case_prod.Practices_CustomerSeekingCoverage"/>
  <testcase name="Practices_CustomerSeekingCoverage" time="314.976" classname="AUW_Test_case_prod.Practices_CustomerSeekingCoverage"/>
</testsuite> <!-- AUW_Test_case_prod.Practices_CustomerSeekingCoverage -->
