<?xml version="1.0" encoding="UTF-8"?>
<!-- Generated by org.testng.reporters.JUnitReportReporter -->
<testsuite hostname="DESKTOP-N7K85DJ" name="MTL_Test_Cases_Prod.Home_URL" tests="1" failures="0" timestamp="29 Jun 2022 14:40:55 GMT" time="62.192" errors="0">
  <testcase name="Footer" time="62.192" classname="MTL_Test_Cases_Prod.Home_URL"/>
</testsuite> <!-- MTL_Test_Cases_Prod.Home_URL -->
