<?xml version="1.0" encoding="UTF-8"?>
<!-- Generated by org.testng.reporters.JUnitReportReporter -->
<testsuite hostname="DESKTOP-N7K85DJ" name="Pinnacle_Test_Cases_Production.WatsNew" tests="2" failures="0" timestamp="29 Jun 2022 13:39:44 GMT" time="238.587" errors="0">
  <testcase name="WhatsNew" time="112.412" classname="Pinnacle_Test_Cases_Production.WatsNew"/>
  <testcase name="WhatsNew" time="126.175" classname="Pinnacle_Test_Cases_Production.WatsNew"/>
</testsuite> <!-- Pinnacle_Test_Cases_Production.WatsNew -->
