<?xml version="1.0" encoding="UTF-8"?>
<!-- Generated by org.testng.reporters.JUnitReportReporter -->
<testsuite hostname="DESKTOP-N7K85DJ" name="Tradewel_Test_Cases_Production.About_US" tests="2" failures="0" timestamp="4 Jul 2022 13:57:23 GMT" time="127.834" errors="0">
  <testcase name="main_Home_Page" time="63.744" classname="Tradewel_Test_Cases_Production.About_US"/>
  <testcase name="main_Home_Page" time="64.090" classname="Tradewel_Test_Cases_Production.About_US"/>
</testsuite> <!-- Tradewel_Test_Cases_Production.About_US -->
