<?xml version="1.0" encoding="UTF-8"?>
<!-- Generated by org.testng.reporters.JUnitReportReporter -->
<testsuite hostname="DESKTOP-N7K85DJ" name="Aerospace_TestCases_Prod.Home_TC" tests="1" failures="0" timestamp="29 Jun 2022 14:40:55 GMT" time="60.147" errors="0">
  <testcase name="Home_Page_main" time="60.147" classname="Aerospace_TestCases_Prod.Home_TC"/>
</testsuite> <!-- Aerospace_TestCases_Prod.Home_TC -->
