<?xml version="1.0" encoding="UTF-8"?>
<!-- Generated by org.testng.reporters.JUnitReportReporter -->
<testsuite hostname="DESKTOP-N7K85DJ" name="AUW_Test_case_prod.AUW_header_web_Prod" tests="2" failures="0" timestamp="4 Jul 2022 13:57:23 GMT" time="128.471" errors="0">
  <testcase name="main" time="60.228" classname="AUW_Test_case_prod.AUW_header_web_Prod"/>
  <testcase name="main" time="68.243" classname="AUW_Test_case_prod.AUW_header_web_Prod"/>
</testsuite> <!-- AUW_Test_case_prod.AUW_header_web_Prod -->
