<?xml version="1.0" encoding="UTF-8"?>
<!-- Generated by org.testng.reporters.JUnitReportReporter -->
<testsuite hostname="DESKTOP-N7K85DJ" name="AFL_Test_Case_Prod.HomePage_TC" tests="2" failures="0" timestamp="29 Jun 2022 13:39:44 GMT" time="611.483" errors="0">
  <testcase name="Home_Page" time="303.055" classname="AFL_Test_Case_Prod.HomePage_TC"/>
  <testcase name="Home_Page" time="308.428" classname="AFL_Test_Case_Prod.HomePage_TC"/>
</testsuite> <!-- AFL_Test_Case_Prod.HomePage_TC -->
