<?xml version="1.0" encoding="UTF-8"?>
<!-- Generated by org.testng.reporters.JUnitReportReporter -->
<testsuite hostname="DESKTOP-N7K85DJ" name="Adler_TestCases_Prod.Home" tests="2" failures="0" timestamp="29 Jun 2022 13:39:44 GMT" time="81.910" errors="0">
  <testcase name="main_Home_Page" time="39.107" classname="Adler_TestCases_Prod.Home"/>
  <testcase name="main_Home_Page" time="42.803" classname="Adler_TestCases_Prod.Home"/>
</testsuite> <!-- Adler_TestCases_Prod.Home -->
