<?xml version="1.0" encoding="UTF-8"?>
<!-- Generated by org.testng.reporters.JUnitReportReporter -->
<testsuite hostname="DESKTOP-N7K85DJ" name="Warranty_Test_Case_Prod.Our_Partner" tests="12" failures="0" timestamp="4 Jul 2022 13:57:23 GMT" time="1251.521" errors="0">
  <testcase name="Partner5" time="97.696" classname="Warranty_Test_Case_Prod.Our_Partner"/>
  <testcase name="Partner4" time="100.077" classname="Warranty_Test_Case_Prod.Our_Partner"/>
  <testcase name="Partner3" time="108.505" classname="Warranty_Test_Case_Prod.Our_Partner"/>
  <testcase name="Partner3" time="100.458" classname="Warranty_Test_Case_Prod.Our_Partner"/>
  <testcase name="Partner2" time="106.268" classname="Warranty_Test_Case_Prod.Our_Partner"/>
  <testcase name="Partner4" time="109.699" classname="Warranty_Test_Case_Prod.Our_Partner"/>
  <testcase name="Partner1" time="106.809" classname="Warranty_Test_Case_Prod.Our_Partner"/>
  <testcase name="Partner1" time="98.542" classname="Warranty_Test_Case_Prod.Our_Partner"/>
  <testcase name="Partner6" time="104.013" classname="Warranty_Test_Case_Prod.Our_Partner"/>
  <testcase name="Partner5" time="110.102" classname="Warranty_Test_Case_Prod.Our_Partner"/>
  <testcase name="Partner2" time="98.980" classname="Warranty_Test_Case_Prod.Our_Partner"/>
  <testcase name="Partner6" time="110.372" classname="Warranty_Test_Case_Prod.Our_Partner"/>
</testsuite> <!-- Warranty_Test_Case_Prod.Our_Partner -->
