<?xml version="1.0" encoding="UTF-8"?>
<!-- Generated by org.testng.reporters.JUnitReportReporter -->
<testsuite hostname="DESKTOP-N7K85DJ" name="AUW_Global_Test_Cases_Prod.Home_More" tests="1" failures="0" timestamp="28 Jun 2022 16:03:53 GMT" time="81.078" errors="0">
  <testcase name="More_button" time="81.078" classname="AUW_Global_Test_Cases_Prod.Home_More"/>
</testsuite> <!-- AUW_Global_Test_Cases_Prod.Home_More -->
