<?xml version="1.0" encoding="UTF-8"?>
<!-- Generated by org.testng.reporters.JUnitReportReporter -->
<testsuite hostname="DESKTOP-N7K85DJ" name="AFL_Test_Case_Prod.What_We_offer_OutSideUs" tests="1" failures="0" timestamp="28 Jun 2022 16:27:54 GMT" time="38.996" errors="0">
  <testcase name="WhatweOffer_outsideUS" time="38.996" classname="AFL_Test_Case_Prod.What_We_offer_OutSideUs"/>
</testsuite> <!-- AFL_Test_Case_Prod.What_We_offer_OutSideUs -->
