<?xml version="1.0" encoding="UTF-8"?>
<!-- Generated by org.testng.reporters.JUnitReportReporter -->
<testsuite hostname="DESKTOP-N7K85DJ" name="Warranty_Test_Case_Prod.HomePage_Testcase" tests="2" failures="0" timestamp="29 Jun 2022 13:39:44 GMT" time="783.188" errors="0">
  <testcase name="Home_page" time="389.672" classname="Warranty_Test_Case_Prod.HomePage_Testcase"/>
  <testcase name="Home_page" time="393.516" classname="Warranty_Test_Case_Prod.HomePage_Testcase"/>
</testsuite> <!-- Warranty_Test_Case_Prod.HomePage_Testcase -->
