<?xml version="1.0" encoding="UTF-8"?>
<!-- Generated by org.testng.reporters.JUnitReportReporter -->
<testsuite hostname="DESKTOP-N7K85DJ" name="AUW_Test_case_prod.AUW_NJ_Update" tests="2" failures="0" timestamp="29 Jun 2022 13:39:44 GMT" time="127.357" errors="0">
  <testcase name="main" time="62.414" classname="AUW_Test_case_prod.AUW_NJ_Update"/>
  <testcase name="main" time="64.943" classname="AUW_Test_case_prod.AUW_NJ_Update"/>
</testsuite> <!-- AUW_Test_case_prod.AUW_NJ_Update -->
