<?xml version="1.0" encoding="UTF-8"?>
<!-- Generated by org.testng.reporters.JUnitReportReporter -->
<testsuite hostname="DESKTOP-N7K85DJ" name="Aerospace_TestCases_Prod.Menu_Aviation" tests="2" failures="0" timestamp="4 Jul 2022 13:57:23 GMT" time="199.052" errors="0">
  <testcase name="Home_Menu_Aeviation" time="95.708" classname="Aerospace_TestCases_Prod.Menu_Aviation"/>
  <testcase name="Home_Menu_Aeviation" time="103.344" classname="Aerospace_TestCases_Prod.Menu_Aviation"/>
</testsuite> <!-- Aerospace_TestCases_Prod.Menu_Aviation -->
