<?xml version="1.0" encoding="UTF-8"?>
<!-- Generated by org.testng.reporters.JUnitReportReporter -->
<testsuite hostname="DESKTOP-N7K85DJ" name="Aerospace_TestCases_Prod.Home_TC" tests="2" failures="0" timestamp="4 Jul 2022 13:57:23 GMT" time="130.002" errors="0">
  <testcase name="Home_Page_main" time="69.624" classname="Aerospace_TestCases_Prod.Home_TC"/>
  <testcase name="Home_Page_main" time="60.378" classname="Aerospace_TestCases_Prod.Home_TC"/>
</testsuite> <!-- Aerospace_TestCases_Prod.Home_TC -->
