<?xml version="1.0" encoding="UTF-8"?>
<!-- Generated by org.testng.reporters.JUnitReportReporter -->
<testsuite hostname="DESKTOP-N7K85DJ" name="Speciality_underwriters_Test_Case_Prod.What_We_offer" tests="1" failures="0" timestamp="29 Jun 2022 14:40:55 GMT" time="66.327" errors="0">
  <testcase name="Footer" time="66.327" classname="Speciality_underwriters_Test_Case_Prod.What_We_offer"/>
</testsuite> <!-- Speciality_underwriters_Test_Case_Prod.What_We_offer -->
