<?xml version="1.0" encoding="UTF-8"?>
<!-- Generated by org.testng.reporters.JUnitReportReporter -->
<testsuite hostname="DESKTOP-N7K85DJ" name="Promesa_Test_Case_Prod.Side_Heading_One" tests="1" failures="0" timestamp="28 Jun 2022 16:03:53 GMT" time="52.258" errors="0">
  <testcase name="Side_Heading_One" time="52.258" classname="Promesa_Test_Case_Prod.Side_Heading_One"/>
</testsuite> <!-- Promesa_Test_Case_Prod.Side_Heading_One -->
