<?xml version="1.0" encoding="UTF-8"?>
<!-- Generated by org.testng.reporters.JUnitReportReporter -->
<testsuite hostname="DESKTOP-N7K85DJ" name="Casuality_Prod_TC.Menu_Our_Carriers" tests="2" failures="0" timestamp="29 Jun 2022 13:39:44 GMT" time="110.298" errors="0">
  <testcase name="Carriers" time="57.100" classname="Casuality_Prod_TC.Menu_Our_Carriers"/>
  <testcase name="Carriers" time="53.198" classname="Casuality_Prod_TC.Menu_Our_Carriers"/>
</testsuite> <!-- Casuality_Prod_TC.Menu_Our_Carriers -->
