<?xml version="1.0" encoding="UTF-8"?>
<!-- Generated by org.testng.reporters.JUnitReportReporter -->
<testsuite hostname="DESKTOP-N7K85DJ" name="Aerospace_TestCases_Prod.Menu_Contact_US" tests="2" failures="0" timestamp="28 Jun 2022 16:03:53 GMT" time="73.225" errors="0">
  <testcase name="Home_Menu_News" time="38.655" classname="Aerospace_TestCases_Prod.Menu_Contact_US"/>
  <testcase name="Home_Menu_News" time="34.570" classname="Aerospace_TestCases_Prod.Menu_Contact_US"/>
</testsuite> <!-- Aerospace_TestCases_Prod.Menu_Contact_US -->
