<?xml version="1.0" encoding="UTF-8"?>
<!-- Generated by org.testng.reporters.JUnitReportReporter -->
<testsuite hostname="DESKTOP-N7K85DJ" name="AFL_Test_Case_Prod.HomePage_TC" tests="2" failures="0" timestamp="28 Jun 2022 16:03:54 GMT" time="605.881" errors="0">
  <testcase name="Home_Page" time="299.222" classname="AFL_Test_Case_Prod.HomePage_TC"/>
  <testcase name="Home_Page" time="306.659" classname="AFL_Test_Case_Prod.HomePage_TC"/>
</testsuite> <!-- AFL_Test_Case_Prod.HomePage_TC -->
