<?xml version="1.0" encoding="UTF-8"?>
<!-- Generated by org.testng.reporters.JUnitReportReporter -->
<testsuite hostname="DESKTOP-N7K85DJ" name="MTL_Test_Cases_Prod.What_we_offer_URL_TC" tests="2" failures="0" timestamp="29 Jun 2022 13:39:44 GMT" time="264.287" errors="0">
  <testcase name="Heading" time="132.247" classname="MTL_Test_Cases_Prod.What_we_offer_URL_TC"/>
  <testcase name="Heading" time="132.040" classname="MTL_Test_Cases_Prod.What_we_offer_URL_TC"/>
</testsuite> <!-- MTL_Test_Cases_Prod.What_we_offer_URL_TC -->
