<?xml version="1.0" encoding="UTF-8"?>
<!-- Generated by org.testng.reporters.JUnitReportReporter -->
<testsuite hostname="DESKTOP-N7K85DJ" name="Warranty_Test_Case_Prod.About_US" tests="2" failures="0" timestamp="29 Jun 2022 13:39:44 GMT" time="122.315" errors="0">
  <testcase name="Home_page" time="58.993" classname="Warranty_Test_Case_Prod.About_US"/>
  <testcase name="Home_page" time="63.322" classname="Warranty_Test_Case_Prod.About_US"/>
</testsuite> <!-- Warranty_Test_Case_Prod.About_US -->
