<?xml version="1.0" encoding="UTF-8"?>
<!-- Generated by org.testng.reporters.JUnitReportReporter -->
<testsuite hostname="DESKTOP-N7K85DJ" name="Aerospace_TestCases_Prod.Menu_Aviation" tests="2" failures="0" timestamp="28 Jun 2022 16:03:53 GMT" time="197.922" errors="0">
  <testcase name="Home_Menu_Aeviation" time="99.502" classname="Aerospace_TestCases_Prod.Menu_Aviation"/>
  <testcase name="Home_Menu_Aeviation" time="98.420" classname="Aerospace_TestCases_Prod.Menu_Aviation"/>
</testsuite> <!-- Aerospace_TestCases_Prod.Menu_Aviation -->
