<?xml version="1.0" encoding="UTF-8"?>
<!-- Generated by org.testng.reporters.JUnitReportReporter -->
<testsuite hostname="DESKTOP-N7K85DJ" name="Credit_Global_Test_Cases_Prod.What_we_Do_TC" tests="2" failures="0" timestamp="4 Jul 2022 13:57:23 GMT" time="125.307" errors="0">
  <testcase name="HomePage_Header_login" time="59.282" classname="Credit_Global_Test_Cases_Prod.What_we_Do_TC"/>
  <testcase name="HomePage_Header_login" time="66.025" classname="Credit_Global_Test_Cases_Prod.What_we_Do_TC"/>
</testsuite> <!-- Credit_Global_Test_Cases_Prod.What_we_Do_TC -->
