<?xml version="1.0" encoding="UTF-8"?>
<!-- Generated by org.testng.reporters.JUnitReportReporter -->
<testsuite hostname="DESKTOP-N7K85DJ" name="Aerospace_TestCases_Prod.Menu_News" tests="2" failures="0" timestamp="28 Jun 2022 16:03:53 GMT" time="264.204" errors="0">
  <testcase name="Home_Menu_News" time="130.651" classname="Aerospace_TestCases_Prod.Menu_News"/>
  <testcase name="Home_Menu_News" time="133.553" classname="Aerospace_TestCases_Prod.Menu_News"/>
</testsuite> <!-- Aerospace_TestCases_Prod.Menu_News -->
