<?xml version="1.0" encoding="UTF-8"?>
<!-- Generated by org.testng.reporters.JUnitReportReporter -->
<testsuite hostname="DESKTOP-N7K85DJ" name="Casuality_Prod_TC.Menu_Contact_Us" tests="2" failures="0" timestamp="29 Jun 2022 13:39:44 GMT" time="87.262" errors="0">
  <testcase name="HomePage" time="45.562" classname="Casuality_Prod_TC.Menu_Contact_Us"/>
  <testcase name="HomePage" time="41.700" classname="Casuality_Prod_TC.Menu_Contact_Us"/>
</testsuite> <!-- Casuality_Prod_TC.Menu_Contact_Us -->
