<?xml version="1.0" encoding="UTF-8"?>
<!-- Generated by org.testng.reporters.JUnitReportReporter -->
<testsuite hostname="DESKTOP-N7K85DJ" name="Credit_Global_Test_Cases_Prod.What_we_Do_TC" tests="2" failures="0" timestamp="29 Jun 2022 13:39:44 GMT" time="127.058" errors="0">
  <testcase name="HomePage_Header_login" time="66.523" classname="Credit_Global_Test_Cases_Prod.What_we_Do_TC"/>
  <testcase name="HomePage_Header_login" time="60.535" classname="Credit_Global_Test_Cases_Prod.What_we_Do_TC"/>
</testsuite> <!-- Credit_Global_Test_Cases_Prod.What_we_Do_TC -->
