<?xml version="1.0" encoding="UTF-8"?>
<!-- Generated by org.testng.reporters.JUnitReportReporter -->
<testsuite hostname="DESKTOP-N7K85DJ" name="Aerospace_TestCases_Prod.Menu_Contact_US" tests="2" failures="0" timestamp="4 Jul 2022 13:57:23 GMT" time="77.175" errors="0">
  <testcase name="Home_Menu_News" time="41.058" classname="Aerospace_TestCases_Prod.Menu_Contact_US"/>
  <testcase name="Home_Menu_News" time="36.117" classname="Aerospace_TestCases_Prod.Menu_Contact_US"/>
</testsuite> <!-- Aerospace_TestCases_Prod.Menu_Contact_US -->
