<?xml version="1.0" encoding="UTF-8"?>
<!-- Generated by org.testng.reporters.JUnitReportReporter -->
<testsuite hostname="DESKTOP-N7K85DJ" name="Casuality_Prod_TC.Menu_Contact_Us" tests="2" failures="0" timestamp="28 Jun 2022 16:03:53 GMT" time="86.106" errors="0">
  <testcase name="HomePage" time="43.966" classname="Casuality_Prod_TC.Menu_Contact_Us"/>
  <testcase name="HomePage" time="42.140" classname="Casuality_Prod_TC.Menu_Contact_Us"/>
</testsuite> <!-- Casuality_Prod_TC.Menu_Contact_Us -->
