<?xml version="1.0" encoding="UTF-8"?>
<!-- Generated by org.testng.reporters.JUnitReportReporter -->
<testsuite hostname="DESKTOP-N7K85DJ" name="Casuality_Prod_TC.Menu_About_US" tests="2" failures="0" timestamp="29 Jun 2022 13:39:44 GMT" time="148.634" errors="0">
  <testcase name="HomePage" time="75.609" classname="Casuality_Prod_TC.Menu_About_US"/>
  <testcase name="HomePage" time="73.025" classname="Casuality_Prod_TC.Menu_About_US"/>
</testsuite> <!-- Casuality_Prod_TC.Menu_About_US -->
