<?xml version="1.0" encoding="UTF-8"?>
<!-- Generated by org.testng.reporters.JUnitReportReporter -->
<testsuite hostname="DESKTOP-N7K85DJ" name="Aerospace_TestCases_Prod.Menu_Contact_US" tests="2" failures="0" timestamp="29 Jun 2022 13:39:44 GMT" time="74.159" errors="0">
  <testcase name="Home_Menu_News" time="39.000" classname="Aerospace_TestCases_Prod.Menu_Contact_US"/>
  <testcase name="Home_Menu_News" time="35.159" classname="Aerospace_TestCases_Prod.Menu_Contact_US"/>
</testsuite> <!-- Aerospace_TestCases_Prod.Menu_Contact_US -->
