<?xml version="1.0" encoding="UTF-8"?>
<!-- Generated by org.testng.reporters.JUnitReportReporter -->
<testsuite hostname="DESKTOP-N7K85DJ" name="AUW_Test_case_prod.AUW_Footer_Prod" tests="2" failures="0" timestamp="4 Jul 2022 13:57:23 GMT" time="240.929" errors="0">
  <testcase name="AUW_Footer" time="116.556" classname="AUW_Test_case_prod.AUW_Footer_Prod"/>
  <testcase name="AUW_Footer" time="124.373" classname="AUW_Test_case_prod.AUW_Footer_Prod"/>
</testsuite> <!-- AUW_Test_case_prod.AUW_Footer_Prod -->
