<?xml version="1.0" encoding="UTF-8"?>
<!-- Generated by org.testng.reporters.JUnitReportReporter -->
<testsuite hostname="DESKTOP-N7K85DJ" name="Casuality_Prod_TC.Menu_Our_Carriers" tests="2" failures="0" timestamp="28 Jun 2022 16:03:53 GMT" time="110.424" errors="0">
  <testcase name="Carriers" time="53.690" classname="Casuality_Prod_TC.Menu_Our_Carriers"/>
  <testcase name="Carriers" time="56.734" classname="Casuality_Prod_TC.Menu_Our_Carriers"/>
</testsuite> <!-- Casuality_Prod_TC.Menu_Our_Carriers -->
