<?xml version="1.0" encoding="UTF-8"?>
<!-- Generated by org.testng.reporters.JUnitReportReporter -->
<testsuite hostname="DESKTOP-N7K85DJ" name="AUW_Test_case_prod.AUW_header_web_Prod" tests="2" failures="0" timestamp="28 Jun 2022 16:03:53 GMT" time="120.473" errors="0">
  <testcase name="main" time="58.094" classname="AUW_Test_case_prod.AUW_header_web_Prod"/>
  <testcase name="main" time="62.379" classname="AUW_Test_case_prod.AUW_header_web_Prod"/>
</testsuite> <!-- AUW_Test_case_prod.AUW_header_web_Prod -->
