<?xml version="1.0" encoding="UTF-8"?>
<!-- Generated by org.testng.reporters.JUnitReportReporter -->
<testsuite hostname="DESKTOP-N7K85DJ" name="Casuality_Prod_TC.Menu_About_US" tests="2" failures="0" timestamp="28 Jun 2022 16:03:54 GMT" time="151.547" errors="0">
  <testcase name="HomePage" time="75.879" classname="Casuality_Prod_TC.Menu_About_US"/>
  <testcase name="HomePage" time="75.668" classname="Casuality_Prod_TC.Menu_About_US"/>
</testsuite> <!-- Casuality_Prod_TC.Menu_About_US -->
