<?xml version="1.0" encoding="UTF-8"?>
<!-- Generated by org.testng.reporters.JUnitReportReporter -->
<testsuite hostname="DESKTOP-N7K85DJ" name="Adler_TestCases_Prod.Home" tests="2" failures="0" timestamp="28 Jun 2022 16:03:53 GMT" time="83.240" errors="0">
  <testcase name="main_Home_Page" time="44.242" classname="Adler_TestCases_Prod.Home"/>
  <testcase name="main_Home_Page" time="38.998" classname="Adler_TestCases_Prod.Home"/>
</testsuite> <!-- Adler_TestCases_Prod.Home -->
