<?xml version="1.0" encoding="UTF-8"?>
<!-- Generated by org.testng.reporters.JUnitReportReporter -->
<testsuite hostname="DESKTOP-N7K85DJ" name="AUW_Test_case_prod.AUW_Experience" tests="2" failures="0" timestamp="28 Jun 2022 16:03:53 GMT" time="831.266" errors="0">
  <testcase name="main" time="422.399" classname="AUW_Test_case_prod.AUW_Experience"/>
  <testcase name="main" time="408.867" classname="AUW_Test_case_prod.AUW_Experience"/>
</testsuite> <!-- AUW_Test_case_prod.AUW_Experience -->
