<?xml version="1.0" encoding="UTF-8"?>
<!-- Generated by org.testng.reporters.JUnitReportReporter -->
<testsuite hostname="DESKTOP-N7K85DJ" name="Tradewel_Test_Cases_Production.Comprehensive_Protection_FF" tests="1" failures="0" timestamp="4 Jul 2022 13:57:23 GMT" time="72.319" errors="0">
  <testcase name="Comprehensive" time="72.319" classname="Tradewel_Test_Cases_Production.Comprehensive_Protection_FF"/>
</testsuite> <!-- Tradewel_Test_Cases_Production.Comprehensive_Protection_FF -->
