<?xml version="1.0" encoding="UTF-8"?>
<!-- Generated by org.testng.reporters.JUnitReportReporter -->
<testsuite hostname="DESKTOP-N7K85DJ" name="Warranty_Test_Case_Prod.About_US" tests="2" failures="0" timestamp="4 Jul 2022 13:57:23 GMT" time="119.600" errors="0">
  <testcase name="Home_page" time="58.643" classname="Warranty_Test_Case_Prod.About_US"/>
  <testcase name="Home_page" time="60.957" classname="Warranty_Test_Case_Prod.About_US"/>
</testsuite> <!-- Warranty_Test_Case_Prod.About_US -->
