<?xml version="1.0" encoding="UTF-8"?>
<!-- Generated by org.testng.reporters.JUnitReportReporter -->
<testsuite hostname="DESKTOP-N7K85DJ" name="Promesa_Test_Case_Prod.Change_language" tests="2" failures="0" timestamp="28 Jun 2022 16:03:53 GMT" time="54.044" errors="0">
  <testcase name="Change_Language" time="25.734" classname="Promesa_Test_Case_Prod.Change_language"/>
  <testcase name="Change_Language" time="28.310" classname="Promesa_Test_Case_Prod.Change_language"/>
</testsuite> <!-- Promesa_Test_Case_Prod.Change_language -->
