<?xml version="1.0" encoding="UTF-8"?>
<!-- Generated by org.testng.reporters.JUnitReportReporter -->
<testsuite hostname="DESKTOP-N7K85DJ" name="Adler_TestCases_Prod.Home" tests="2" failures="0" timestamp="4 Jul 2022 13:57:23 GMT" time="82.833" errors="0">
  <testcase name="main_Home_Page" time="39.461" classname="Adler_TestCases_Prod.Home"/>
  <testcase name="main_Home_Page" time="43.372" classname="Adler_TestCases_Prod.Home"/>
</testsuite> <!-- Adler_TestCases_Prod.Home -->
