<?xml version="1.0" encoding="UTF-8"?>
<!-- Generated by org.testng.reporters.JUnitReportReporter -->
<testsuite hostname="DESKTOP-N7K85DJ" name="AUW_Test_case_prod.AUW_Intelligence_TC" tests="2" failures="0" timestamp="29 Jun 2022 13:39:44 GMT" time="293.935" errors="0">
  <testcase name="main" time="148.003" classname="AUW_Test_case_prod.AUW_Intelligence_TC"/>
  <testcase name="main" time="145.932" classname="AUW_Test_case_prod.AUW_Intelligence_TC"/>
</testsuite> <!-- AUW_Test_case_prod.AUW_Intelligence_TC -->
