<?xml version="1.0" encoding="UTF-8"?>
<!-- Generated by org.testng.reporters.JUnitReportReporter -->
<testsuite hostname="DESKTOP-N7K85DJ" name="AUW_Test_case_prod.AUW_CallUpdate" tests="2" failures="0" timestamp="28 Jun 2022 16:03:53 GMT" time="137.468" errors="0">
  <testcase name="main" time="63.089" classname="AUW_Test_case_prod.AUW_CallUpdate"/>
  <testcase name="main" time="74.379" classname="AUW_Test_case_prod.AUW_CallUpdate"/>
</testsuite> <!-- AUW_Test_case_prod.AUW_CallUpdate -->
