<?xml version="1.0" encoding="UTF-8"?>
<!-- Generated by org.testng.reporters.JUnitReportReporter -->
<testsuite hostname="DESKTOP-N7K85DJ" name="AUW_Test_case_prod.AUW_PPP" tests="2" failures="0" timestamp="28 Jun 2022 16:03:53 GMT" time="77.649" errors="0">
  <testcase name="main" time="36.810" classname="AUW_Test_case_prod.AUW_PPP"/>
  <testcase name="main" time="40.839" classname="AUW_Test_case_prod.AUW_PPP"/>
</testsuite> <!-- AUW_Test_case_prod.AUW_PPP -->
