<?xml version="1.0" encoding="UTF-8"?>
<!-- Generated by org.testng.reporters.JUnitReportReporter -->
<testsuite hostname="DESKTOP-N7K85DJ" name="AUW_Test_case_prod.AUW_AboutUS" tests="2" failures="0" timestamp="29 Jun 2022 13:39:44 GMT" time="261.783" errors="0">
  <testcase name="AboutUS" time="130.293" classname="AUW_Test_case_prod.AUW_AboutUS"/>
  <testcase name="AboutUS" time="131.490" classname="AUW_Test_case_prod.AUW_AboutUS"/>
</testsuite> <!-- AUW_Test_case_prod.AUW_AboutUS -->
