<?xml version="1.0" encoding="UTF-8"?>
<!-- Generated by org.testng.reporters.JUnitReportReporter -->
<testsuite hostname="DESKTOP-N7K85DJ" name="Aerospace_TestCases_Prod.Menu_About_Us" tests="2" failures="0" timestamp="29 Jun 2022 13:39:44 GMT" time="73.129" errors="0">
  <testcase name="Home_Menu_AboutUS" time="34.884" classname="Aerospace_TestCases_Prod.Menu_About_Us"/>
  <testcase name="Home_Menu_AboutUS" time="38.245" classname="Aerospace_TestCases_Prod.Menu_About_Us"/>
</testsuite> <!-- Aerospace_TestCases_Prod.Menu_About_Us -->
