<?xml version="1.0" encoding="UTF-8"?>
<!-- Generated by org.testng.reporters.JUnitReportReporter -->
<testsuite hostname="DESKTOP-N7K85DJ" name="AUW_Test_case_prod.AUW_Footer_Prod" tests="2" failures="0" timestamp="28 Jun 2022 16:03:53 GMT" time="218.319" errors="0">
  <testcase name="AUW_Footer" time="108.653" classname="AUW_Test_case_prod.AUW_Footer_Prod"/>
  <testcase name="AUW_Footer" time="109.666" classname="AUW_Test_case_prod.AUW_Footer_Prod"/>
</testsuite> <!-- AUW_Test_case_prod.AUW_Footer_Prod -->
