<?xml version="1.0" encoding="UTF-8"?>
<!-- Generated by org.testng.reporters.JUnitReportReporter -->
<testsuite hostname="DESKTOP-N7K85DJ" name="Solution_one_Prod.Footer_Production" tests="2" failures="0" timestamp="4 Jul 2022 13:57:23 GMT" time="174.412" errors="0">
  <testcase name="Footer" time="87.912" classname="Solution_one_Prod.Footer_Production"/>
  <testcase name="Footer" time="86.500" classname="Solution_one_Prod.Footer_Production"/>
</testsuite> <!-- Solution_one_Prod.Footer_Production -->
