<?xml version="1.0" encoding="UTF-8"?>
<!-- Generated by org.testng.reporters.JUnitReportReporter -->
<testsuite hostname="DESKTOP-N7K85DJ" name="Warranty_Test_Case_Prod.HomePage_Testcase" tests="2" failures="0" timestamp="4 Jul 2022 13:57:23 GMT" time="777.167" errors="0">
  <testcase name="Home_page" time="390.177" classname="Warranty_Test_Case_Prod.HomePage_Testcase"/>
  <testcase name="Home_page" time="386.990" classname="Warranty_Test_Case_Prod.HomePage_Testcase"/>
</testsuite> <!-- Warranty_Test_Case_Prod.HomePage_Testcase -->
