<?xml version="1.0" encoding="UTF-8"?>
<!-- Generated by org.testng.reporters.JUnitReportReporter -->
<testsuite hostname="DESKTOP-N7K85DJ" name="Careers_Test_case_Prod.Footer" tests="10" failures="0" timestamp="29 Jun 2022 13:39:44 GMT" time="350.384" errors="0">
  <testcase name="AUW_Facebook" time="39.692" classname="Careers_Test_case_Prod.Footer"/>
  <testcase name="AUW_Linkedin" time="29.102" classname="Careers_Test_case_Prod.Footer"/>
  <testcase name="AUW_Instagram" time="29.388" classname="Careers_Test_case_Prod.Footer"/>
  <testcase name="AUW_twitter" time="29.996" classname="Careers_Test_case_Prod.Footer"/>
  <testcase name="AUW_Facebook" time="34.294" classname="Careers_Test_case_Prod.Footer"/>
  <testcase name="AUW_Policy" time="45.610" classname="Careers_Test_case_Prod.Footer"/>
  <testcase name="AUW_Policy" time="48.941" classname="Careers_Test_case_Prod.Footer"/>
  <testcase name="AUW_Instagram" time="29.870" classname="Careers_Test_case_Prod.Footer"/>
  <testcase name="AUW_twitter" time="31.743" classname="Careers_Test_case_Prod.Footer"/>
  <testcase name="AUW_Linkedin" time="31.748" classname="Careers_Test_case_Prod.Footer"/>
</testsuite> <!-- Careers_Test_case_Prod.Footer -->
