<?xml version="1.0" encoding="UTF-8"?>
<!-- Generated by org.testng.reporters.JUnitReportReporter -->
<testsuite hostname="DESKTOP-N7K85DJ" name="Warranty_Test_Case_Prod.Partner_With_US" tests="2" failures="0" timestamp="4 Jul 2022 13:57:23 GMT" time="62.651" errors="0">
  <testcase name="partner" time="29.950" classname="Warranty_Test_Case_Prod.Partner_With_US"/>
  <testcase name="partner" time="32.701" classname="Warranty_Test_Case_Prod.Partner_With_US"/>
</testsuite> <!-- Warranty_Test_Case_Prod.Partner_With_US -->
