<?xml version="1.0" encoding="UTF-8"?>
<!-- Generated by org.testng.reporters.JUnitReportReporter -->
<testsuite hostname="DESKTOP-N7K85DJ" name="Aerospace_TestCases_Prod.Menu_About_Us" tests="1" failures="0" timestamp="28 Jun 2022 16:37:22 GMT" time="19.874" errors="0">
  <testcase name="Home_Menu_AboutUS" time="19.874" classname="Aerospace_TestCases_Prod.Menu_About_Us"/>
</testsuite> <!-- Aerospace_TestCases_Prod.Menu_About_Us -->
