<?xml version="1.0" encoding="UTF-8"?>
<!-- Generated by org.testng.reporters.JUnitReportReporter -->
<testsuite hostname="DESKTOP-N7K85DJ" name="Aerospace_TestCases_Prod.Menu_News" tests="2" failures="0" timestamp="4 Jul 2022 13:57:23 GMT" time="272.258" errors="0">
  <testcase name="Home_Menu_News" time="139.023" classname="Aerospace_TestCases_Prod.Menu_News"/>
  <testcase name="Home_Menu_News" time="133.235" classname="Aerospace_TestCases_Prod.Menu_News"/>
</testsuite> <!-- Aerospace_TestCases_Prod.Menu_News -->
