<?xml version="1.0" encoding="UTF-8"?>
<!-- Generated by org.testng.reporters.JUnitReportReporter -->
<testsuite hostname="DESKTOP-N7K85DJ" name="Promesa_Test_Case_Prod.Footer" tests="10" failures="0" timestamp="4 Jul 2022 13:57:23 GMT" time="328.699" errors="0">
  <testcase name="Footer_twitter" time="26.028" classname="Promesa_Test_Case_Prod.Footer"/>
  <testcase name="Footer_PrivacyPolicy" time="39.377" classname="Promesa_Test_Case_Prod.Footer"/>
  <testcase name="Footer_linkedin" time="28.124" classname="Promesa_Test_Case_Prod.Footer"/>
  <testcase name="Footer_instagram" time="29.907" classname="Promesa_Test_Case_Prod.Footer"/>
  <testcase name="Footer_linkedin" time="25.121" classname="Promesa_Test_Case_Prod.Footer"/>
  <testcase name="Footer_PrivacyPolicy" time="43.424" classname="Promesa_Test_Case_Prod.Footer"/>
  <testcase name="Footer_twitter" time="27.638" classname="Promesa_Test_Case_Prod.Footer"/>
  <testcase name="Footer_facebook" time="39.660" classname="Promesa_Test_Case_Prod.Footer"/>
  <testcase name="Footer_instagram" time="28.110" classname="Promesa_Test_Case_Prod.Footer"/>
  <testcase name="Footer_facebook" time="41.310" classname="Promesa_Test_Case_Prod.Footer"/>
</testsuite> <!-- Promesa_Test_Case_Prod.Footer -->
