<?xml version="1.0" encoding="UTF-8"?>
<!-- Generated by org.testng.reporters.JUnitReportReporter -->
<testsuite hostname="DESKTOP-N7K85DJ" name="AUW_Test_case_prod.AUW_Intelligence_TC" tests="2" failures="0" timestamp="28 Jun 2022 16:03:53 GMT" time="303.262" errors="0">
  <testcase name="main" time="149.472" classname="AUW_Test_case_prod.AUW_Intelligence_TC"/>
  <testcase name="main" time="153.790" classname="AUW_Test_case_prod.AUW_Intelligence_TC"/>
</testsuite> <!-- AUW_Test_case_prod.AUW_Intelligence_TC -->
