<?xml version="1.0" encoding="UTF-8"?>
<!-- Generated by org.testng.reporters.JUnitReportReporter -->
<testsuite hostname="DESKTOP-N7K85DJ" name="AUW_Test_case_prod.AUW_AboutUS" tests="2" failures="0" timestamp="28 Jun 2022 16:03:54 GMT" time="270.779" errors="0">
  <testcase name="AboutUS" time="139.262" classname="AUW_Test_case_prod.AUW_AboutUS"/>
  <testcase name="AboutUS" time="131.517" classname="AUW_Test_case_prod.AUW_AboutUS"/>
</testsuite> <!-- AUW_Test_case_prod.AUW_AboutUS -->
