<?xml version="1.0" encoding="UTF-8"?>
<!-- Generated by org.testng.reporters.JUnitReportReporter -->
<testsuite hostname="DESKTOP-N7K85DJ" name="Casuality_Prod_TC.Menu_Our_Carriers" tests="2" failures="0" timestamp="4 Jul 2022 13:57:23 GMT" time="111.253" errors="0">
  <testcase name="Carriers" time="56.076" classname="Casuality_Prod_TC.Menu_Our_Carriers"/>
  <testcase name="Carriers" time="55.177" classname="Casuality_Prod_TC.Menu_Our_Carriers"/>
</testsuite> <!-- Casuality_Prod_TC.Menu_Our_Carriers -->
