<?xml version="1.0" encoding="UTF-8"?>
<!-- Generated by org.testng.reporters.JUnitReportReporter -->
<testsuite hostname="DESKTOP-N7K85DJ" name="Careers_Test_case_Prod.Footer" tests="10" failures="0" timestamp="28 Jun 2022 16:03:53 GMT" time="346.959" errors="0">
  <testcase name="AUW_Instagram" time="28.251" classname="Careers_Test_case_Prod.Footer"/>
  <testcase name="AUW_Linkedin" time="26.582" classname="Careers_Test_case_Prod.Footer"/>
  <testcase name="AUW_twitter" time="31.504" classname="Careers_Test_case_Prod.Footer"/>
  <testcase name="AUW_Facebook" time="35.146" classname="Careers_Test_case_Prod.Footer"/>
  <testcase name="AUW_Instagram" time="32.898" classname="Careers_Test_case_Prod.Footer"/>
  <testcase name="AUW_Policy" time="46.995" classname="Careers_Test_case_Prod.Footer"/>
  <testcase name="AUW_Policy" time="47.012" classname="Careers_Test_case_Prod.Footer"/>
  <testcase name="AUW_Linkedin" time="29.786" classname="Careers_Test_case_Prod.Footer"/>
  <testcase name="AUW_Facebook" time="39.135" classname="Careers_Test_case_Prod.Footer"/>
  <testcase name="AUW_twitter" time="29.650" classname="Careers_Test_case_Prod.Footer"/>
</testsuite> <!-- Careers_Test_case_Prod.Footer -->
