<?xml version="1.0" encoding="UTF-8"?>
<!-- Generated by org.testng.reporters.JUnitReportReporter -->
<testsuite hostname="DESKTOP-N7K85DJ" name="Careers_Test_case_Prod.Footer" tests="10" failures="0" timestamp="4 Jul 2022 13:57:23 GMT" time="349.064" errors="0">
  <testcase name="AUW_twitter" time="32.691" classname="Careers_Test_case_Prod.Footer"/>
  <testcase name="AUW_Policy" time="47.168" classname="Careers_Test_case_Prod.Footer"/>
  <testcase name="AUW_Policy" time="49.672" classname="Careers_Test_case_Prod.Footer"/>
  <testcase name="AUW_Linkedin" time="29.858" classname="Careers_Test_case_Prod.Footer"/>
  <testcase name="AUW_Instagram" time="26.755" classname="Careers_Test_case_Prod.Footer"/>
  <testcase name="AUW_Instagram" time="30.209" classname="Careers_Test_case_Prod.Footer"/>
  <testcase name="AUW_Linkedin" time="26.656" classname="Careers_Test_case_Prod.Footer"/>
  <testcase name="AUW_Facebook" time="36.686" classname="Careers_Test_case_Prod.Footer"/>
  <testcase name="AUW_Facebook" time="34.383" classname="Careers_Test_case_Prod.Footer"/>
  <testcase name="AUW_twitter" time="34.986" classname="Careers_Test_case_Prod.Footer"/>
</testsuite> <!-- Careers_Test_case_Prod.Footer -->
