<?xml version="1.0" encoding="UTF-8"?>
<!-- Generated by org.testng.reporters.JUnitReportReporter -->
<testsuite hostname="DESKTOP-N7K85DJ" name="AFL_Test_Case_Prod.What_We_offer_OutSideUs" tests="8" failures="0" timestamp="4 Jul 2022 13:57:23 GMT" time="1776.696" errors="0">
  <testcase name="WhatweOffer_tab2" time="425.762" classname="AFL_Test_Case_Prod.What_We_offer_OutSideUs"/>
  <testcase name="WhatweOffer_outsideUS" time="39.525" classname="AFL_Test_Case_Prod.What_We_offer_OutSideUs"/>
  <testcase name="WhatweOffer_tab1" time="198.532" classname="AFL_Test_Case_Prod.What_We_offer_OutSideUs"/>
  <testcase name="WhatweOffer_tab3" time="226.121" classname="AFL_Test_Case_Prod.What_We_offer_OutSideUs"/>
  <testcase name="WhatweOffer_tab2" time="418.467" classname="AFL_Test_Case_Prod.What_We_offer_OutSideUs"/>
  <testcase name="WhatweOffer_tab1" time="201.520" classname="AFL_Test_Case_Prod.What_We_offer_OutSideUs"/>
  <testcase name="WhatweOffer_tab3" time="227.021" classname="AFL_Test_Case_Prod.What_We_offer_OutSideUs"/>
  <testcase name="WhatweOffer_outsideUS" time="39.748" classname="AFL_Test_Case_Prod.What_We_offer_OutSideUs"/>
</testsuite> <!-- AFL_Test_Case_Prod.What_We_offer_OutSideUs -->
