<?xml version="1.0" encoding="UTF-8"?>
<!-- Generated by org.testng.reporters.JUnitReportReporter -->
<testsuite hostname="DESKTOP-N7K85DJ" name="Promesa_Test_Case_Prod.FAQ" tests="1" failures="0" timestamp="4 Jul 2022 13:57:23 GMT" time="49.935" errors="0">
  <testcase name="Siheading_2" time="49.935" classname="Promesa_Test_Case_Prod.FAQ"/>
</testsuite> <!-- Promesa_Test_Case_Prod.FAQ -->
