<?xml version="1.0" encoding="UTF-8"?>
<!-- Generated by org.testng.reporters.JUnitReportReporter -->
<testsuite hostname="DESKTOP-N7K85DJ" name="Warranty_Test_Case_Prod.Contact_US" tests="2" failures="0" timestamp="28 Jun 2022 16:03:53 GMT" time="154.389" errors="0">
  <testcase name="ContactUS" time="78.550" classname="Warranty_Test_Case_Prod.Contact_US"/>
  <testcase name="ContactUS" time="75.839" classname="Warranty_Test_Case_Prod.Contact_US"/>
</testsuite> <!-- Warranty_Test_Case_Prod.Contact_US -->
