<?xml version="1.0" encoding="UTF-8"?>
<!-- Generated by org.testng.reporters.JUnitReportReporter -->
<testsuite hostname="DESKTOP-N7K85DJ" name="Promesa_Test_Case_Prod.Footer" tests="10" failures="0" timestamp="29 Jun 2022 13:39:44 GMT" time="322.369" errors="0">
  <testcase name="Footer_linkedin" time="25.420" classname="Promesa_Test_Case_Prod.Footer"/>
  <testcase name="Footer_linkedin" time="27.817" classname="Promesa_Test_Case_Prod.Footer"/>
  <testcase name="Footer_instagram" time="25.609" classname="Promesa_Test_Case_Prod.Footer"/>
  <testcase name="Footer_PrivacyPolicy" time="39.710" classname="Promesa_Test_Case_Prod.Footer"/>
  <testcase name="Footer_twitter" time="25.085" classname="Promesa_Test_Case_Prod.Footer"/>
  <testcase name="Footer_PrivacyPolicy" time="43.744" classname="Promesa_Test_Case_Prod.Footer"/>
  <testcase name="Footer_twitter" time="27.021" classname="Promesa_Test_Case_Prod.Footer"/>
  <testcase name="Footer_facebook" time="42.034" classname="Promesa_Test_Case_Prod.Footer"/>
  <testcase name="Footer_instagram" time="28.197" classname="Promesa_Test_Case_Prod.Footer"/>
  <testcase name="Footer_facebook" time="37.732" classname="Promesa_Test_Case_Prod.Footer"/>
</testsuite> <!-- Promesa_Test_Case_Prod.Footer -->
