<?xml version="1.0" encoding="UTF-8"?>
<!-- Generated by org.testng.reporters.JUnitReportReporter -->
<testsuite hostname="DESKTOP-N7K85DJ" name="AFL_Test_Case_Prod.Footer_TC" tests="2" failures="0" timestamp="28 Jun 2022 16:03:53 GMT" time="206.156" errors="0">
  <testcase name="Footer" time="104.954" classname="AFL_Test_Case_Prod.Footer_TC"/>
  <testcase name="Footer" time="101.202" classname="AFL_Test_Case_Prod.Footer_TC"/>
</testsuite> <!-- AFL_Test_Case_Prod.Footer_TC -->
