<?xml version="1.0" encoding="UTF-8"?>
<!-- Generated by org.testng.reporters.JUnitReportReporter -->
<testsuite hostname="DESKTOP-N7K85DJ" name="Adler_TestCases_Prod.News" tests="1" failures="0" timestamp="29 Jun 2022 14:40:55 GMT" time="154.267" errors="0">
  <testcase name="main_Home_Page" time="154.267" classname="Adler_TestCases_Prod.News"/>
</testsuite> <!-- Adler_TestCases_Prod.News -->
