<?xml version="1.0" encoding="UTF-8"?>
<!-- Generated by org.testng.reporters.JUnitReportReporter -->
<testsuite hostname="DESKTOP-N7K85DJ" name="AUW_Test_case_prod.AUW_Footer_Prod" tests="2" failures="0" timestamp="29 Jun 2022 13:39:44 GMT" time="218.357" errors="0">
  <testcase name="AUW_Footer" time="109.412" classname="AUW_Test_case_prod.AUW_Footer_Prod"/>
  <testcase name="AUW_Footer" time="108.945" classname="AUW_Test_case_prod.AUW_Footer_Prod"/>
</testsuite> <!-- AUW_Test_case_prod.AUW_Footer_Prod -->
