<?xml version="1.0" encoding="UTF-8"?>
<!-- Generated by org.testng.reporters.JUnitReportReporter -->
<testsuite hostname="DESKTOP-N7K85DJ" name="Pinnacle_Test_Cases_Production.WatsNew" tests="2" failures="0" timestamp="4 Jul 2022 13:57:23 GMT" time="242.652" errors="0">
  <testcase name="WhatsNew" time="117.146" classname="Pinnacle_Test_Cases_Production.WatsNew"/>
  <testcase name="WhatsNew" time="125.506" classname="Pinnacle_Test_Cases_Production.WatsNew"/>
</testsuite> <!-- Pinnacle_Test_Cases_Production.WatsNew -->
