<?xml version="1.0" encoding="UTF-8"?>
<!-- Generated by org.testng.reporters.JUnitReportReporter -->
<testsuite hostname="DESKTOP-N7K85DJ" name="AUW_Test_case_prod.AUW_Experience" tests="2" failures="0" timestamp="29 Jun 2022 13:39:44 GMT" time="822.261" errors="0">
  <testcase name="main" time="412.111" classname="AUW_Test_case_prod.AUW_Experience"/>
  <testcase name="main" time="410.150" classname="AUW_Test_case_prod.AUW_Experience"/>
</testsuite> <!-- AUW_Test_case_prod.AUW_Experience -->
