<?xml version="1.0" encoding="UTF-8"?>
<!-- Generated by org.testng.reporters.JUnitReportReporter -->
<testsuite hostname="DESKTOP-N7K85DJ" name="AUW_Test_case_prod.AUW_CallUpdate" tests="2" failures="0" timestamp="29 Jun 2022 13:39:44 GMT" time="133.094" errors="0">
  <testcase name="main" time="69.770" classname="AUW_Test_case_prod.AUW_CallUpdate"/>
  <testcase name="main" time="63.324" classname="AUW_Test_case_prod.AUW_CallUpdate"/>
</testsuite> <!-- AUW_Test_case_prod.AUW_CallUpdate -->
