<?xml version="1.0" encoding="UTF-8"?>
<!-- Generated by org.testng.reporters.JUnitReportReporter -->
<testsuite hostname="DESKTOP-N7K85DJ" name="Solution_one_Prod.Footer_Production" tests="2" failures="0" timestamp="29 Jun 2022 13:39:44 GMT" time="180.248" errors="0">
  <testcase name="Footer" time="91.357" classname="Solution_one_Prod.Footer_Production"/>
  <testcase name="Footer" time="88.891" classname="Solution_one_Prod.Footer_Production"/>
</testsuite> <!-- Solution_one_Prod.Footer_Production -->
