<?xml version="1.0" encoding="UTF-8"?>
<!-- Generated by org.testng.reporters.JUnitReportReporter -->
<testsuite hostname="DESKTOP-N7K85DJ" name="AFL_Test_Case_Prod.Footer_TC" tests="2" failures="0" timestamp="29 Jun 2022 13:39:44 GMT" time="204.262" errors="0">
  <testcase name="Footer" time="102.491" classname="AFL_Test_Case_Prod.Footer_TC"/>
  <testcase name="Footer" time="101.771" classname="AFL_Test_Case_Prod.Footer_TC"/>
</testsuite> <!-- AFL_Test_Case_Prod.Footer_TC -->
