<?xml version="1.0" encoding="UTF-8"?>
<!-- Generated by org.testng.reporters.JUnitReportReporter -->
<testsuite hostname="DESKTOP-N7K85DJ" name="Aerospace_TestCases_Prod.Menu_News" tests="2" failures="0" timestamp="29 Jun 2022 13:39:44 GMT" time="306.442" errors="0">
  <testcase name="Home_Menu_News" time="133.767" classname="Aerospace_TestCases_Prod.Menu_News"/>
  <testcase name="Home_Menu_News" time="172.675" classname="Aerospace_TestCases_Prod.Menu_News"/>
</testsuite> <!-- Aerospace_TestCases_Prod.Menu_News -->
