<?xml version="1.0" encoding="UTF-8"?>
<!-- Generated by org.testng.reporters.JUnitReportReporter -->
<testsuite hostname="DESKTOP-N7K85DJ" name="AUW_Test_case_prod.Practices_AgentsBrokers" tests="2" failures="0" timestamp="28 Jun 2022 16:03:53 GMT" time="249.773" errors="0">
  <testcase name="Practices_AgentsBrokers" time="128.484" classname="AUW_Test_case_prod.Practices_AgentsBrokers"/>
  <testcase name="Practices_AgentsBrokers" time="121.289" classname="AUW_Test_case_prod.Practices_AgentsBrokers"/>
</testsuite> <!-- AUW_Test_case_prod.Practices_AgentsBrokers -->
