<?xml version="1.0" encoding="UTF-8"?>
<!-- Generated by org.testng.reporters.JUnitReportReporter -->
<testsuite hostname="DESKTOP-N7K85DJ" name="AUW_Test_case_prod.AUW_Intelligence_TC" tests="2" failures="0" timestamp="4 Jul 2022 13:57:23 GMT" time="297.383" errors="0">
  <testcase name="main" time="149.333" classname="AUW_Test_case_prod.AUW_Intelligence_TC"/>
  <testcase name="main" time="148.050" classname="AUW_Test_case_prod.AUW_Intelligence_TC"/>
</testsuite> <!-- AUW_Test_case_prod.AUW_Intelligence_TC -->
