<?xml version="1.0" encoding="UTF-8"?>
<!-- Generated by org.testng.reporters.JUnitReportReporter -->
<testsuite hostname="DESKTOP-N7K85DJ" name="AUW_Global_Test_Cases_Prod.Home_More" tests="1" failures="0" timestamp="29 Jun 2022 13:39:44 GMT" time="82.066" errors="0">
  <testcase name="More_button" time="82.066" classname="AUW_Global_Test_Cases_Prod.Home_More"/>
</testsuite> <!-- AUW_Global_Test_Cases_Prod.Home_More -->
