<?xml version="1.0" encoding="UTF-8"?>
<!-- Generated by org.testng.reporters.JUnitReportReporter -->
<testsuite hostname="DESKTOP-N7K85DJ" name="Tradewel_Test_Cases_Production.About_US" tests="2" failures="0" timestamp="29 Jun 2022 13:39:44 GMT" time="127.725" errors="0">
  <testcase name="main_Home_Page" time="64.433" classname="Tradewel_Test_Cases_Production.About_US"/>
  <testcase name="main_Home_Page" time="63.292" classname="Tradewel_Test_Cases_Production.About_US"/>
</testsuite> <!-- Tradewel_Test_Cases_Production.About_US -->
