<?xml version="1.0" encoding="UTF-8"?>
<!-- Generated by org.testng.reporters.JUnitReportReporter -->
<testsuite hostname="DESKTOP-N7K85DJ" name="Casuality_Prod_TC.Menu_About_US" tests="2" failures="0" timestamp="4 Jul 2022 13:57:23 GMT" time="149.701" errors="0">
  <testcase name="HomePage" time="73.176" classname="Casuality_Prod_TC.Menu_About_US"/>
  <testcase name="HomePage" time="76.525" classname="Casuality_Prod_TC.Menu_About_US"/>
</testsuite> <!-- Casuality_Prod_TC.Menu_About_US -->
