<?xml version="1.0" encoding="UTF-8"?>
<!-- Generated by org.testng.reporters.JUnitReportReporter -->
<testsuite hostname="DESKTOP-N7K85DJ" name="New.Sel_test" tests="1" failures="0" timestamp="12 Jul 2021 14:53:11 GMT" time="7.720" errors="0">
  <testcase name="setupApplication" time="7.720" classname="New.Sel_test"/>
</testsuite> <!-- New.Sel_test -->
