<?xml version="1.0" encoding="UTF-8"?>
<!-- Generated by org.testng.reporters.JUnitReportReporter -->
<testsuite hostname="DESKTOP-N7K85DJ" name="Test_Case.Side_Heading_Production" tests="1" failures="0" timestamp="13 Jul 2021 11:03:41 GMT" time="72.888" errors="0">
  <testcase name="Side_Heading_One" time="72.888" classname="Test_Case.Side_Heading_Production"/>
</testsuite> <!-- Test_Case.Side_Heading_Production -->
