<?xml version="1.0" encoding="UTF-8"?>
<!-- Generated by org.testng.reporters.JUnitReportReporter -->
<testsuite hostname="DESKTOP-N7K85DJ" name="Test_Case.Footer_Production" tests="2" failures="0" timestamp="13 Jul 2021 11:03:41 GMT" time="130.001" errors="0">
  <testcase name="Footer" time="61.217" classname="Test_Case.Footer_Production"/>
  <testcase name="Footer" time="68.784" classname="Test_Case.Footer_Production"/>
</testsuite> <!-- Test_Case.Footer_Production -->
