<?xml version="1.0" encoding="UTF-8"?>
<!-- Generated by org.testng.reporters.JUnitReportReporter -->
<testsuite hostname="DESKTOP-N7K85DJ" name="Adler_TestCases_Development.News" tests="2" failures="0" timestamp="29 Dec 2021 08:43:28 GMT" time="256.613" errors="0">
  <testcase name="main_Home_Page" time="129.291" classname="Adler_TestCases_Development.News"/>
  <testcase name="main_Home_Page" time="127.322" classname="Adler_TestCases_Development.News"/>
</testsuite> <!-- Adler_TestCases_Development.News -->
