<?xml version="1.0" encoding="UTF-8"?>
<!-- Generated by org.testng.reporters.JUnitReportReporter -->
<testsuite hostname="DESKTOP-N7K85DJ" name="TestCases_Development.News" tests="2" failures="0" timestamp="19 Nov 2021 11:41:50 GMT" time="287.590" errors="0">
  <testcase name="main_Home_Page" time="154.517" classname="TestCases_Development.News"/>
  <testcase name="main_Home_Page" time="133.073" classname="TestCases_Development.News"/>
</testsuite> <!-- TestCases_Development.News -->
