<?xml version="1.0" encoding="UTF-8"?>
<!-- Generated by org.testng.reporters.JUnitReportReporter -->
<testsuite hostname="DESKTOP-N7K85DJ" name="TestCases_Development.News" tests="2" failures="0" timestamp="7 Oct 2021 11:14:18 GMT" time="74.989" errors="0">
  <testcase name="main_Home_Page" time="38.262" classname="TestCases_Development.News"/>
  <testcase name="main_Home_Page" time="36.727" classname="TestCases_Development.News"/>
</testsuite> <!-- TestCases_Development.News -->
