<?xml version="1.0" encoding="UTF-8"?>
<!-- Generated by org.testng.reporters.JUnitReportReporter -->
<testsuite hostname="DESKTOP-N7K85DJ" name="TestCases_Development.News" tests="2" failures="0" timestamp="11 Oct 2021 13:09:47 GMT" time="74.487" errors="0">
  <testcase name="main_Home_Page" time="31.144" classname="TestCases_Development.News"/>
  <testcase name="main_Home_Page" time="43.343" classname="TestCases_Development.News"/>
</testsuite> <!-- TestCases_Development.News -->
