<?xml version="1.0" encoding="UTF-8"?>
<!-- Generated by org.testng.reporters.JUnitReportReporter -->
<testsuite hostname="DESKTOP-N7K85DJ" name="TestCases_Prod.Home" tests="2" failures="0" timestamp="19 Nov 2021 11:28:09 GMT" time="61.155" errors="0">
  <testcase name="main_Home_Page" time="27.666" classname="TestCases_Prod.Home"/>
  <testcase name="main_Home_Page" time="33.489" classname="TestCases_Prod.Home"/>
</testsuite> <!-- TestCases_Prod.Home -->
