<?xml version="1.0" encoding="UTF-8"?>
<!-- Generated by org.testng.reporters.JUnitReportReporter -->
<testsuite hostname="DESKTOP-N7K85DJ" name="TestCases_Development.Home" tests="2" failures="0" timestamp="19 Nov 2021 11:41:50 GMT" time="61.971" errors="0">
  <testcase name="main_Home_Page" time="32.907" classname="TestCases_Development.Home"/>
  <testcase name="main_Home_Page" time="29.064" classname="TestCases_Development.Home"/>
</testsuite> <!-- TestCases_Development.Home -->
