<?xml version="1.0" encoding="UTF-8"?>
<!-- Generated by org.testng.reporters.JUnitReportReporter -->
<testsuite hostname="DESKTOP-N7K85DJ" name="TestCases_Development.News" tests="2" failures="0" timestamp="22 Oct 2021 14:52:23 GMT" time="195.104" errors="0">
  <testcase name="main_Home_Page" time="99.658" classname="TestCases_Development.News"/>
  <testcase name="main_Home_Page" time="95.446" classname="TestCases_Development.News"/>
</testsuite> <!-- TestCases_Development.News -->
