<?xml version="1.0" encoding="UTF-8"?>
<!-- Generated by org.testng.reporters.JUnitReportReporter -->
<testsuite hostname="DESKTOP-N7K85DJ" name="TestCases_Prod.Home" tests="2" failures="0" timestamp="7 Oct 2021 11:22:53 GMT" time="40.336" errors="0">
  <testcase name="main_Home_Page" time="18.728" classname="TestCases_Prod.Home"/>
  <testcase name="main_Home_Page" time="21.608" classname="TestCases_Prod.Home"/>
</testsuite> <!-- TestCases_Prod.Home -->
