<?xml version="1.0" encoding="UTF-8"?>
<!-- Generated by org.testng.reporters.JUnitReportReporter -->
<testsuite hostname="DESKTOP-N7K85DJ" name="TestCases_Development.Home" tests="2" failures="0" timestamp="11 Oct 2021 13:09:47 GMT" time="58.791" errors="0">
  <testcase name="main_Home_Page" time="25.819" classname="TestCases_Development.Home"/>
  <testcase name="main_Home_Page" time="32.972" classname="TestCases_Development.Home"/>
</testsuite> <!-- TestCases_Development.Home -->
