<?xml version="1.0" encoding="UTF-8"?>
<!-- Generated by org.testng.reporters.JUnitReportReporter -->
<testsuite hostname="DESKTOP-N7K85DJ" name="Adler_TestCases_Prod.News" tests="2" failures="0" timestamp="29 Dec 2021 09:11:22 GMT" time="247.824" errors="0">
  <testcase name="main_Home_Page" time="125.934" classname="Adler_TestCases_Prod.News"/>
  <testcase name="main_Home_Page" time="121.890" classname="Adler_TestCases_Prod.News"/>
</testsuite> <!-- Adler_TestCases_Prod.News -->
