<?xml version="1.0" encoding="UTF-8"?>
<!-- Generated by org.testng.reporters.JUnitReportReporter -->
<testsuite hostname="DESKTOP-N7K85DJ" name="TestCases_Prod.Home" tests="2" failures="0" timestamp="29 Oct 2021 10:45:37 GMT" time="57.701" errors="0">
  <testcase name="main_Home_Page" time="26.607" classname="TestCases_Prod.Home"/>
  <testcase name="main_Home_Page" time="31.094" classname="TestCases_Prod.Home"/>
</testsuite> <!-- TestCases_Prod.Home -->
