<?xml version="1.0" encoding="UTF-8"?>
<!-- Generated by org.testng.reporters.JUnitReportReporter -->
<testsuite hostname="DESKTOP-N7K85DJ" name="TestCases_Prod.News" tests="2" failures="0" timestamp="29 Oct 2021 10:45:37 GMT" time="70.801" errors="0">
  <testcase name="main_Home_Page" time="36.342" classname="TestCases_Prod.News"/>
  <testcase name="main_Home_Page" time="34.459" classname="TestCases_Prod.News"/>
</testsuite> <!-- TestCases_Prod.News -->
