<?xml version="1.0" encoding="UTF-8"?>
<!-- Generated by org.testng.reporters.JUnitReportReporter -->
<testsuite hostname="DESKTOP-N7K85DJ" name="Adler_TestCases_Development.Home" tests="2" failures="0" timestamp="29 Dec 2021 08:43:28 GMT" time="56.875" errors="0">
  <testcase name="main_Home_Page" time="29.501" classname="Adler_TestCases_Development.Home"/>
  <testcase name="main_Home_Page" time="27.374" classname="Adler_TestCases_Development.Home"/>
</testsuite> <!-- Adler_TestCases_Development.Home -->
