<?xml version="1.0" encoding="UTF-8"?>
<!-- Generated by org.testng.reporters.JUnitReportReporter -->
<testsuite hostname="DESKTOP-N7K85DJ" name="Adler_TestCases_Prod.Home" tests="2" failures="0" timestamp="29 Dec 2021 09:11:22 GMT" time="53.857" errors="0">
  <testcase name="main_Home_Page" time="28.739" classname="Adler_TestCases_Prod.Home"/>
  <testcase name="main_Home_Page" time="25.118" classname="Adler_TestCases_Prod.Home"/>
</testsuite> <!-- Adler_TestCases_Prod.Home -->
