<?xml version="1.0" encoding="UTF-8"?>
<!-- Generated by org.testng.reporters.JUnitReportReporter -->
<testsuite hostname="DESKTOP-N7K85DJ" name="TestCases_Prod.News" tests="2" failures="0" timestamp="19 Nov 2021 11:28:09 GMT" time="275.576" errors="0">
  <testcase name="main_Home_Page" time="139.693" classname="TestCases_Prod.News"/>
  <testcase name="main_Home_Page" time="135.883" classname="TestCases_Prod.News"/>
</testsuite> <!-- TestCases_Prod.News -->
