<?xml version="1.0" encoding="UTF-8"?>
<!-- Generated by org.testng.reporters.JUnitReportReporter -->
<testsuite hostname="DESKTOP-N7K85DJ" name="TestCases_Development.Home" tests="2" failures="0" timestamp="22 Oct 2021 14:52:23 GMT" time="62.483" errors="0">
  <testcase name="main_Home_Page" time="36.021" classname="TestCases_Development.Home"/>
  <testcase name="main_Home_Page" time="26.462" classname="TestCases_Development.Home"/>
</testsuite> <!-- TestCases_Development.Home -->
