<?xml version="1.0" encoding="UTF-8"?>
<!-- Generated by org.testng.reporters.JUnitReportReporter -->
<testsuite hostname="DESKTOP-N7K85DJ" name="TestCases_Development.Home" tests="2" failures="0" timestamp="7 Oct 2021 11:14:18 GMT" time="37.717" errors="0">
  <testcase name="main_Home_Page" time="15.982" classname="TestCases_Development.Home"/>
  <testcase name="main_Home_Page" time="21.735" classname="TestCases_Development.Home"/>
</testsuite> <!-- TestCases_Development.Home -->
