<?xml version="1.0" encoding="UTF-8"?>
<!-- Generated by org.testng.reporters.JUnitReportReporter -->
<testsuite hostname="DESKTOP-N7K85DJ" name="TestCases_Prod.News" tests="2" failures="0" timestamp="11 Oct 2021 14:30:32 GMT" time="83.166" errors="0">
  <testcase name="main_Home_Page" time="47.381" classname="TestCases_Prod.News"/>
  <testcase name="main_Home_Page" time="35.785" classname="TestCases_Prod.News"/>
</testsuite> <!-- TestCases_Prod.News -->
