<?xml version="1.0" encoding="UTF-8"?>
<!-- Generated by org.testng.reporters.JUnitReportReporter -->
<testsuite hostname="DESKTOP-N7K85DJ" name="TestCases_Prod.News" tests="2" failures="0" timestamp="7 Oct 2021 11:22:53 GMT" time="69.781" errors="0">
  <testcase name="main_Home_Page" time="33.679" classname="TestCases_Prod.News"/>
  <testcase name="main_Home_Page" time="36.102" classname="TestCases_Prod.News"/>
</testsuite> <!-- TestCases_Prod.News -->
