<?xml version="1.0" encoding="UTF-8"?>
<!-- Generated by org.testng.reporters.JUnitReportReporter -->
<testsuite hostname="DESKTOP-N7K85DJ" name="TestCases_Prod.Home" tests="2" failures="0" timestamp="11 Oct 2021 14:30:32 GMT" time="61.814" errors="0">
  <testcase name="main_Home_Page" time="26.478" classname="TestCases_Prod.Home"/>
  <testcase name="main_Home_Page" time="35.336" classname="TestCases_Prod.Home"/>
</testsuite> <!-- TestCases_Prod.Home -->
