<?xml version="1.0" encoding="UTF-8"?>
<!-- Generated by org.testng.reporters.JUnitReportReporter -->
<testsuite hostname="DESKTOP-N7K85DJ" name="AUW_Test_case_prod.AUW_CallUpdate" tests="2" failures="0" timestamp="17 Feb 2022 12:40:42 GMT" time="250.367" errors="0">
  <testcase name="main" time="189.374" classname="AUW_Test_case_prod.AUW_CallUpdate"/>
  <testcase name="main" time="60.993" classname="AUW_Test_case_prod.AUW_CallUpdate"/>
</testsuite> <!-- AUW_Test_case_prod.AUW_CallUpdate -->
