<?xml version="1.0" encoding="UTF-8"?>
<!-- Generated by org.testng.reporters.JUnitReportReporter -->
<testsuite hostname="DESKTOP-N7K85DJ" name="AUW_Test_case_prod.AUW_Experience" tests="2" failures="0" timestamp="16 Mar 2022 12:48:23 GMT" time="702.896" errors="0">
  <testcase name="main" time="385.625" classname="AUW_Test_case_prod.AUW_Experience"/>
  <testcase name="main" time="317.271" classname="AUW_Test_case_prod.AUW_Experience"/>
</testsuite> <!-- AUW_Test_case_prod.AUW_Experience -->
