<?xml version="1.0" encoding="UTF-8"?>
<!-- Generated by org.testng.reporters.JUnitReportReporter -->
<testsuite hostname="DESKTOP-N7K85DJ" name="AUW_Test_case_prod.AUW_PPP" tests="2" failures="0" timestamp="15 Dec 2021 11:56:30 GMT" time="47.103" errors="0">
  <testcase name="main" time="26.419" classname="AUW_Test_case_prod.AUW_PPP"/>
  <testcase name="main" time="20.684" classname="AUW_Test_case_prod.AUW_PPP"/>
</testsuite> <!-- AUW_Test_case_prod.AUW_PPP -->
