<?xml version="1.0" encoding="UTF-8"?>
<!-- Generated by org.testng.reporters.JUnitReportReporter -->
<testsuite hostname="DESKTOP-N7K85DJ" name="Warranty_Test_Case_Prod.Contact_US" tests="2" failures="0" timestamp="22 Apr 2022 10:04:10 GMT" time="206.405" errors="0">
  <testcase name="ContactUS" time="153.374" classname="Warranty_Test_Case_Prod.Contact_US"/>
  <testcase name="ContactUS" time="53.031" classname="Warranty_Test_Case_Prod.Contact_US"/>
</testsuite> <!-- Warranty_Test_Case_Prod.Contact_US -->
