<?xml version="1.0" encoding="UTF-8"?>
<!-- Generated by org.testng.reporters.JUnitReportReporter -->
<testsuite hostname="DESKTOP-N7K85DJ" name="AFL_Test_Case_Prod.AboutUS_OutsideUS" tests="2" failures="0" timestamp="2 May 2022 07:01:07 GMT" time="68.029" errors="0">
  <testcase name="main_Home_Page" time="21.938" classname="AFL_Test_Case_Prod.AboutUS_OutsideUS"/>
  <testcase name="main_Home_Page" time="46.091" classname="AFL_Test_Case_Prod.AboutUS_OutsideUS"/>
</testsuite> <!-- AFL_Test_Case_Prod.AboutUS_OutsideUS -->
