<?xml version="1.0" encoding="UTF-8"?>
<!-- Generated by org.testng.reporters.JUnitReportReporter -->
<testsuite hostname="DESKTOP-N7K85DJ" name="Solution_one_Development.Footer_Develop" tests="2" failures="0" timestamp="7 Mar 2022 12:41:03 GMT" time="220.115" errors="0">
  <testcase name="Footer" time="125.393" classname="Solution_one_Development.Footer_Develop"/>
  <testcase name="Footer" time="94.722" classname="Solution_one_Development.Footer_Develop"/>
</testsuite> <!-- Solution_one_Development.Footer_Develop -->
