<?xml version="1.0" encoding="UTF-8"?>
<!-- Generated by org.testng.reporters.JUnitReportReporter -->
<testsuite hostname="DESKTOP-N7K85DJ" name="Warranty_Test_Case_Prod.About_US" tests="2" failures="0" timestamp="30 Mar 2022 06:35:29 GMT" time="111.446" errors="0">
  <testcase name="Home_page" time="44.090" classname="Warranty_Test_Case_Prod.About_US"/>
  <testcase name="Home_page" time="67.356" classname="Warranty_Test_Case_Prod.About_US"/>
</testsuite> <!-- Warranty_Test_Case_Prod.About_US -->
