<?xml version="1.0" encoding="UTF-8"?>
<!-- Generated by org.testng.reporters.JUnitReportReporter -->
<testsuite hostname="DESKTOP-N7K85DJ" name="AUW_Test_case_prod.Practices_CustomerSeekingCoverage" tests="2" failures="0" timestamp="12 Jan 2022 15:20:27 GMT" time="641.608" errors="0">
  <testcase name="Practices_CustomerSeekingCoverage" time="238.256" classname="AUW_Test_case_prod.Practices_CustomerSeekingCoverage"/>
  <testcase name="Practices_CustomerSeekingCoverage" time="403.352" classname="AUW_Test_case_prod.Practices_CustomerSeekingCoverage"/>
</testsuite> <!-- AUW_Test_case_prod.Practices_CustomerSeekingCoverage -->
