<?xml version="1.0" encoding="UTF-8"?>
<!-- Generated by org.testng.reporters.JUnitReportReporter -->
<testsuite hostname="DESKTOP-N7K85DJ" name="Solution_one_Prod.Footer_Production" tests="2" failures="0" timestamp="27 Dec 2021 15:43:57 GMT" time="115.602" errors="0">
  <testcase name="Footer" time="59.283" classname="Solution_one_Prod.Footer_Production"/>
  <testcase name="Footer" time="56.319" classname="Solution_one_Prod.Footer_Production"/>
</testsuite> <!-- Solution_one_Prod.Footer_Production -->
