<?xml version="1.0" encoding="UTF-8"?>
<!-- Generated by org.testng.reporters.JUnitReportReporter -->
<testsuite hostname="DESKTOP-N7K85DJ" name="Warranty_Test_Case_Dev.Partner_With_US" tests="2" failures="0" timestamp="14 Feb 2022 11:13:18 GMT" time="52.371" errors="0">
  <testcase name="partner" time="20.390" classname="Warranty_Test_Case_Dev.Partner_With_US"/>
  <testcase name="partner" time="31.981" classname="Warranty_Test_Case_Dev.Partner_With_US"/>
</testsuite> <!-- Warranty_Test_Case_Dev.Partner_With_US -->
