<?xml version="1.0" encoding="UTF-8"?>
<!-- Generated by org.testng.reporters.JUnitReportReporter -->
<testsuite hostname="DESKTOP-N7K85DJ" name="AUW_Test_case_prod.AUW_NJ_Update" tests="2" failures="0" timestamp="16 Feb 2022 08:42:47 GMT" time="152.682" errors="0">
  <testcase name="main" time="53.314" classname="AUW_Test_case_prod.AUW_NJ_Update"/>
  <testcase name="main" time="99.368" classname="AUW_Test_case_prod.AUW_NJ_Update"/>
</testsuite> <!-- AUW_Test_case_prod.AUW_NJ_Update -->
