<?xml version="1.0" encoding="UTF-8"?>
<!-- Generated by org.testng.reporters.JUnitReportReporter -->
<testsuite hostname="DESKTOP-N7K85DJ" name="AFL_Test_Case_Prod.Footer_TC" tests="2" failures="0" timestamp="15 Mar 2022 10:17:10 GMT" time="164.343" errors="0">
  <testcase name="Footer" time="77.592" classname="AFL_Test_Case_Prod.Footer_TC"/>
  <testcase name="Footer" time="86.751" classname="AFL_Test_Case_Prod.Footer_TC"/>
</testsuite> <!-- AFL_Test_Case_Prod.Footer_TC -->
