<?xml version="1.0" encoding="UTF-8"?>
<!-- Generated by org.testng.reporters.JUnitReportReporter -->
<testsuite hostname="DESKTOP-N7K85DJ" name="Promesa_Test_Case_Development.Change_language" tests="2" failures="0" timestamp="16 Dec 2021 13:45:34 GMT" time="23.725" errors="0">
  <testcase name="Change_Language" time="15.176" classname="Promesa_Test_Case_Development.Change_language"/>
  <testcase name="Change_Language" time="8.549" classname="Promesa_Test_Case_Development.Change_language"/>
</testsuite> <!-- Promesa_Test_Case_Development.Change_language -->
