<?xml version="1.0" encoding="UTF-8"?>
<!-- Generated by org.testng.reporters.JUnitReportReporter -->
<testsuite hostname="DESKTOP-N7K85DJ" name="Warranty_Test_Case_Prod.About_US" tests="2" failures="0" timestamp="28 Feb 2022 06:59:29 GMT" time="131.034" errors="0">
  <testcase name="Home_page" time="86.032" classname="Warranty_Test_Case_Prod.About_US"/>
  <testcase name="Home_page" time="45.002" classname="Warranty_Test_Case_Prod.About_US"/>
</testsuite> <!-- Warranty_Test_Case_Prod.About_US -->
