<?xml version="1.0" encoding="UTF-8"?>
<!-- Generated by org.testng.reporters.JUnitReportReporter -->
<testsuite hostname="DESKTOP-N7K85DJ" name="AUW_Test_Case_dev.AUW_AboutUS" tests="2" failures="0" timestamp="7 Mar 2022 12:41:03 GMT" time="275.799" errors="0">
  <testcase name="AboutUS" time="113.114" classname="AUW_Test_Case_dev.AUW_AboutUS"/>
  <testcase name="AboutUS" time="162.685" classname="AUW_Test_Case_dev.AUW_AboutUS"/>
</testsuite> <!-- AUW_Test_Case_dev.AUW_AboutUS -->
