<?xml version="1.0" encoding="UTF-8"?>
<!-- Generated by org.testng.reporters.JUnitReportReporter -->
<testsuite hostname="DESKTOP-N7K85DJ" name="Tradewel_Test_Cases_Production.About_US" tests="2" failures="0" timestamp="8 Mar 2022 09:14:16 GMT" time="119.190" errors="0">
  <testcase name="main_Home_Page" time="45.878" classname="Tradewel_Test_Cases_Production.About_US"/>
  <testcase name="main_Home_Page" time="73.312" classname="Tradewel_Test_Cases_Production.About_US"/>
</testsuite> <!-- Tradewel_Test_Cases_Production.About_US -->
