<?xml version="1.0" encoding="UTF-8"?>
<!-- Generated by org.testng.reporters.JUnitReportReporter -->
<testsuite hostname="DESKTOP-N7K85DJ" name="Promesa_Test_Case_Prod.Footer" tests="10" failures="0" timestamp="23 Feb 2022 11:40:24 GMT" time="236.437" errors="0">
  <testcase name="Footer_linkedin" time="17.794" classname="Promesa_Test_Case_Prod.Footer"/>
  <testcase name="Footer_PrivacyPolicy" time="32.804" classname="Promesa_Test_Case_Prod.Footer"/>
  <testcase name="Footer_linkedin" time="18.128" classname="Promesa_Test_Case_Prod.Footer"/>
  <testcase name="Footer_twitter" time="17.569" classname="Promesa_Test_Case_Prod.Footer"/>
  <testcase name="Footer_facebook" time="30.425" classname="Promesa_Test_Case_Prod.Footer"/>
  <testcase name="Footer_instagram" time="18.550" classname="Promesa_Test_Case_Prod.Footer"/>
  <testcase name="Footer_facebook" time="29.442" classname="Promesa_Test_Case_Prod.Footer"/>
  <testcase name="Footer_twitter" time="18.215" classname="Promesa_Test_Case_Prod.Footer"/>
  <testcase name="Footer_PrivacyPolicy" time="35.749" classname="Promesa_Test_Case_Prod.Footer"/>
  <testcase name="Footer_instagram" time="17.761" classname="Promesa_Test_Case_Prod.Footer"/>
</testsuite> <!-- Promesa_Test_Case_Prod.Footer -->
