<?xml version="1.0" encoding="UTF-8"?>
<!-- Generated by org.testng.reporters.JUnitReportReporter -->
<testsuite hostname="DESKTOP-N7K85DJ" name="AUW_Test_case_prod.AUW_AboutUS" tests="2" failures="0" timestamp="27 Apr 2022 11:15:08 GMT" time="845.903" errors="0">
  <testcase name="AboutUS" time="75.987" classname="AUW_Test_case_prod.AUW_AboutUS"/>
  <testcase name="AboutUS" time="769.916" classname="AUW_Test_case_prod.AUW_AboutUS"/>
</testsuite> <!-- AUW_Test_case_prod.AUW_AboutUS -->
