<?xml version="1.0" encoding="UTF-8"?>
<!-- Generated by org.testng.reporters.JUnitReportReporter -->
<testsuite hostname="DESKTOP-N7K85DJ" name="AUW_Test_case_prod.AUW_Intelligence_TC" tests="2" failures="0" timestamp="10 May 2022 11:54:17 GMT" time="247.277" errors="0">
  <testcase name="main" time="155.535" classname="AUW_Test_case_prod.AUW_Intelligence_TC"/>
  <testcase name="main" time="91.742" classname="AUW_Test_case_prod.AUW_Intelligence_TC"/>
</testsuite> <!-- AUW_Test_case_prod.AUW_Intelligence_TC -->
