<?xml version="1.0" encoding="UTF-8"?>
<!-- Generated by org.testng.reporters.JUnitReportReporter -->
<testsuite hostname="DESKTOP-N7K85DJ" name="Casuality_Dev_TC.Menu_Contact_Us" tests="2" failures="0" timestamp="23 Feb 2022 12:36:01 GMT" time="76.957" errors="0">
  <testcase name="HomePage" time="32.933" classname="Casuality_Dev_TC.Menu_Contact_Us"/>
  <testcase name="HomePage" time="44.024" classname="Casuality_Dev_TC.Menu_Contact_Us"/>
</testsuite> <!-- Casuality_Dev_TC.Menu_Contact_Us -->
