<?xml version="1.0" encoding="UTF-8"?>
<!-- Generated by org.testng.reporters.JUnitReportReporter -->
<testsuite hostname="DESKTOP-N7K85DJ" name="Warranty_Test_Case_Prod.Our_Partner" tests="12" failures="0" timestamp="21 Feb 2022 13:14:22 GMT" time="1087.773" errors="0">
  <testcase name="Partner2" time="84.273" classname="Warranty_Test_Case_Prod.Our_Partner"/>
  <testcase name="Partner4" time="82.286" classname="Warranty_Test_Case_Prod.Our_Partner"/>
  <testcase name="Partner4" time="83.733" classname="Warranty_Test_Case_Prod.Our_Partner"/>
  <testcase name="Partner6" time="83.642" classname="Warranty_Test_Case_Prod.Our_Partner"/>
  <testcase name="Partner5" time="78.338" classname="Warranty_Test_Case_Prod.Our_Partner"/>
  <testcase name="Partner1" time="84.218" classname="Warranty_Test_Case_Prod.Our_Partner"/>
  <testcase name="Partner3" time="85.635" classname="Warranty_Test_Case_Prod.Our_Partner"/>
  <testcase name="Partner2" time="126.126" classname="Warranty_Test_Case_Prod.Our_Partner"/>
  <testcase name="Partner3" time="98.884" classname="Warranty_Test_Case_Prod.Our_Partner"/>
  <testcase name="Partner1" time="138.228" classname="Warranty_Test_Case_Prod.Our_Partner"/>
  <testcase name="Partner5" time="71.362" classname="Warranty_Test_Case_Prod.Our_Partner"/>
  <testcase name="Partner6" time="71.048" classname="Warranty_Test_Case_Prod.Our_Partner"/>
</testsuite> <!-- Warranty_Test_Case_Prod.Our_Partner -->
