<?xml version="1.0" encoding="UTF-8"?>
<!-- Generated by org.testng.reporters.JUnitReportReporter -->
<testsuite hostname="DESKTOP-N7K85DJ" name="AUW_Test_Case_dev.AUW_PPP" tests="2" failures="0" timestamp="10 Feb 2022 13:28:21 GMT" time="66.165" errors="0">
  <testcase name="main" time="31.630" classname="AUW_Test_Case_dev.AUW_PPP"/>
  <testcase name="main" time="34.535" classname="AUW_Test_Case_dev.AUW_PPP"/>
</testsuite> <!-- AUW_Test_Case_dev.AUW_PPP -->
