<?xml version="1.0" encoding="UTF-8"?>
<!-- Generated by org.testng.reporters.JUnitReportReporter -->
<testsuite hostname="DESKTOP-N7K85DJ" name="Solution_one_Prod.Footer_Production" tests="2" failures="0" timestamp="22 Apr 2022 10:04:10 GMT" time="147.686" errors="0">
  <testcase name="Footer" time="58.502" classname="Solution_one_Prod.Footer_Production"/>
  <testcase name="Footer" time="89.184" classname="Solution_one_Prod.Footer_Production"/>
</testsuite> <!-- Solution_one_Prod.Footer_Production -->
