<?xml version="1.0" encoding="UTF-8"?>
<!-- Generated by org.testng.reporters.JUnitReportReporter -->
<testsuite hostname="DESKTOP-N7K85DJ" name="AUW_Test_Case_dev.AUW_Experience" tests="2" failures="0" timestamp="11 Feb 2022 10:29:05 GMT" time="695.781" errors="0">
  <testcase name="main" time="358.106" classname="AUW_Test_Case_dev.AUW_Experience"/>
  <testcase name="main" time="337.675" classname="AUW_Test_Case_dev.AUW_Experience"/>
</testsuite> <!-- AUW_Test_Case_dev.AUW_Experience -->
