<?xml version="1.0" encoding="UTF-8"?>
<!-- Generated by org.testng.reporters.JUnitReportReporter -->
<testsuite hostname="DESKTOP-N7K85DJ" name="Solution_one_Development.Side_head_sample" tests="5" failures="0" timestamp="4 Jan 2022 11:14:57 GMT" time="398.108" errors="0">
  <testcase name="Side_Heading_Three" time="72.633" classname="Solution_one_Development.Side_head_sample"/>
  <testcase name="Side_Heading_One" time="71.305" classname="Solution_one_Development.Side_head_sample"/>
  <testcase name="Side_Heading_Two" time="70.528" classname="Solution_one_Development.Side_head_sample"/>
  <testcase name="Side_Heading_Four" time="116.047" classname="Solution_one_Development.Side_head_sample"/>
  <testcase name="Side_Heading_Five" time="67.595" classname="Solution_one_Development.Side_head_sample"/>
</testsuite> <!-- Solution_one_Development.Side_head_sample -->
