<?xml version="1.0" encoding="UTF-8"?>
<!-- Generated by org.testng.reporters.JUnitReportReporter -->
<testsuite hostname="DESKTOP-N7K85DJ" name="Warranty_Test_Case_Prod.Our_Partner" tests="12" failures="0" timestamp="1 Apr 2022 11:34:41 GMT" time="838.549" errors="0">
  <testcase name="Partner4" time="72.771" classname="Warranty_Test_Case_Prod.Our_Partner"/>
  <testcase name="Partner1" time="71.862" classname="Warranty_Test_Case_Prod.Our_Partner"/>
  <testcase name="Partner2" time="69.968" classname="Warranty_Test_Case_Prod.Our_Partner"/>
  <testcase name="Partner6" time="66.628" classname="Warranty_Test_Case_Prod.Our_Partner"/>
  <testcase name="Partner5" time="71.292" classname="Warranty_Test_Case_Prod.Our_Partner"/>
  <testcase name="Partner1" time="66.793" classname="Warranty_Test_Case_Prod.Our_Partner"/>
  <testcase name="Partner2" time="70.374" classname="Warranty_Test_Case_Prod.Our_Partner"/>
  <testcase name="Partner5" time="67.364" classname="Warranty_Test_Case_Prod.Our_Partner"/>
  <testcase name="Partner3" time="69.222" classname="Warranty_Test_Case_Prod.Our_Partner"/>
  <testcase name="Partner4" time="70.677" classname="Warranty_Test_Case_Prod.Our_Partner"/>
  <testcase name="Partner3" time="71.207" classname="Warranty_Test_Case_Prod.Our_Partner"/>
  <testcase name="Partner6" time="70.391" classname="Warranty_Test_Case_Prod.Our_Partner"/>
</testsuite> <!-- Warranty_Test_Case_Prod.Our_Partner -->
