<?xml version="1.0" encoding="UTF-8"?>
<!-- Generated by org.testng.reporters.JUnitReportReporter -->
<testsuite hostname="DESKTOP-N7K85DJ" name="Adler_TestCases_Prod.News" tests="2" failures="0" timestamp="8 Mar 2022 09:14:16 GMT" time="347.478" errors="0">
  <testcase name="main_Home_Page" time="212.917" classname="Adler_TestCases_Prod.News"/>
  <testcase name="main_Home_Page" time="134.561" classname="Adler_TestCases_Prod.News"/>
</testsuite> <!-- Adler_TestCases_Prod.News -->
