<?xml version="1.0" encoding="UTF-8"?>
<!-- Generated by org.testng.reporters.JUnitReportReporter -->
<testsuite hostname="DESKTOP-N7K85DJ" name="AUW_Test_case_prod.AUW_Intelligence_TC" tests="2" failures="0" timestamp="12 Apr 2022 07:47:29 GMT" time="210.068" errors="0">
  <testcase name="main" time="122.226" classname="AUW_Test_case_prod.AUW_Intelligence_TC"/>
  <testcase name="main" time="87.842" classname="AUW_Test_case_prod.AUW_Intelligence_TC"/>
</testsuite> <!-- AUW_Test_case_prod.AUW_Intelligence_TC -->
