<?xml version="1.0" encoding="UTF-8"?>
<!-- Generated by org.testng.reporters.JUnitReportReporter -->
<testsuite hostname="DESKTOP-N7K85DJ" name="Casuality_Prod_TC.Home_page" tests="2" failures="0" timestamp="22 Mar 2022 11:03:07 GMT" time="166.243" errors="0">
  <testcase name="HomePage" time="86.604" classname="Casuality_Prod_TC.Home_page"/>
  <testcase name="HomePage" time="79.639" classname="Casuality_Prod_TC.Home_page"/>
</testsuite> <!-- Casuality_Prod_TC.Home_page -->
