<?xml version="1.0" encoding="UTF-8"?>
<!-- Generated by org.testng.reporters.JUnitReportReporter -->
<testsuite hostname="DESKTOP-N7K85DJ" name="AUW_Test_Case_dev.AUW_header_web_Development" tests="2" failures="0" timestamp="8 Mar 2022 10:47:11 GMT" time="132.683" errors="0">
  <testcase name="main" time="62.854" classname="AUW_Test_Case_dev.AUW_header_web_Development"/>
  <testcase name="main" time="69.829" classname="AUW_Test_Case_dev.AUW_header_web_Development"/>
</testsuite> <!-- AUW_Test_Case_dev.AUW_header_web_Development -->
