<?xml version="1.0" encoding="UTF-8"?>
<!-- Generated by org.testng.reporters.JUnitReportReporter -->
<testsuite hostname="DESKTOP-N7K85DJ" name="MTL_Test_Cases_Prod.Home_URL" tests="2" failures="0" timestamp="30 Dec 2021 15:02:05 GMT" time="75.541" errors="0">
  <testcase name="Footer" time="35.023" classname="MTL_Test_Cases_Prod.Home_URL"/>
  <testcase name="Footer" time="40.518" classname="MTL_Test_Cases_Prod.Home_URL"/>
</testsuite> <!-- MTL_Test_Cases_Prod.Home_URL -->
