<?xml version="1.0" encoding="UTF-8"?>
<!-- Generated by org.testng.reporters.JUnitReportReporter -->
<testsuite hostname="DESKTOP-N7K85DJ" name="Adler_TestCases_Development.News" tests="2" failures="0" timestamp="7 Mar 2022 12:41:03 GMT" time="400.452" errors="0">
  <testcase name="main_Home_Page" time="155.876" classname="Adler_TestCases_Development.News"/>
  <testcase name="main_Home_Page" time="244.576" classname="Adler_TestCases_Development.News"/>
</testsuite> <!-- Adler_TestCases_Development.News -->
