<?xml version="1.0" encoding="UTF-8"?>
<!-- Generated by org.testng.reporters.JUnitReportReporter -->
<testsuite hostname="DESKTOP-N7K85DJ" name="AUW_Test_Case_dev.AUW_CallUpdate" tests="2" failures="0" timestamp="7 Mar 2022 12:41:03 GMT" time="170.184" errors="0">
  <testcase name="main" time="83.060" classname="AUW_Test_Case_dev.AUW_CallUpdate"/>
  <testcase name="main" time="87.124" classname="AUW_Test_Case_dev.AUW_CallUpdate"/>
</testsuite> <!-- AUW_Test_Case_dev.AUW_CallUpdate -->
