<?xml version="1.0" encoding="UTF-8"?>
<!-- Generated by org.testng.reporters.JUnitReportReporter -->
<testsuite hostname="DESKTOP-N7K85DJ" name="MTL_Test_Cases_Prod.Home_URL" tests="2" failures="0" timestamp="1 Apr 2022 10:47:35 GMT" time="99.727" errors="0">
  <testcase name="Footer" time="41.075" classname="MTL_Test_Cases_Prod.Home_URL"/>
  <testcase name="Footer" time="58.652" classname="MTL_Test_Cases_Prod.Home_URL"/>
</testsuite> <!-- MTL_Test_Cases_Prod.Home_URL -->
