<?xml version="1.0" encoding="UTF-8"?>
<!-- Generated by org.testng.reporters.JUnitReportReporter -->
<testsuite hostname="DESKTOP-N7K85DJ" name="Casuality_Prod_TC.Home_page" tests="2" failures="0" timestamp="24 Feb 2022 14:29:27 GMT" time="170.198" errors="0">
  <testcase name="HomePage" time="76.253" classname="Casuality_Prod_TC.Home_page"/>
  <testcase name="HomePage" time="93.945" classname="Casuality_Prod_TC.Home_page"/>
</testsuite> <!-- Casuality_Prod_TC.Home_page -->
