<?xml version="1.0" encoding="UTF-8"?>
<!-- Generated by org.testng.reporters.JUnitReportReporter -->
<testsuite hostname="DESKTOP-N7K85DJ" name="AUW_Test_case_prod.AUW_PPP" tests="2" failures="0" timestamp="23 Mar 2022 12:03:17 GMT" time="54.052" errors="0">
  <testcase name="main" time="25.472" classname="AUW_Test_case_prod.AUW_PPP"/>
  <testcase name="main" time="28.580" classname="AUW_Test_case_prod.AUW_PPP"/>
</testsuite> <!-- AUW_Test_case_prod.AUW_PPP -->
