<?xml version="1.0" encoding="UTF-8"?>
<!-- Generated by org.testng.reporters.JUnitReportReporter -->
<testsuite hostname="DESKTOP-N7K85DJ" name="Promesa_Test_Case_Development.Pharmacy_search" tests="2" failures="0" timestamp="15 Dec 2021 09:54:42 GMT" time="259.501" errors="0">
  <testcase name="Side_Heading_One" time="128.419" classname="Promesa_Test_Case_Development.Pharmacy_search"/>
  <testcase name="Side_Heading_One" time="131.082" classname="Promesa_Test_Case_Development.Pharmacy_search"/>
</testsuite> <!-- Promesa_Test_Case_Development.Pharmacy_search -->
