<?xml version="1.0" encoding="UTF-8"?>
<!-- Generated by org.testng.reporters.JUnitReportReporter -->
<testsuite hostname="DESKTOP-N7K85DJ" name="MTL_Test_Cases_Prod.Home_URL" tests="2" failures="0" timestamp="3 Mar 2022 14:31:02 GMT" time="136.659" errors="0">
  <testcase name="Footer" time="41.434" classname="MTL_Test_Cases_Prod.Home_URL"/>
  <testcase name="Footer" time="95.225" classname="MTL_Test_Cases_Prod.Home_URL"/>
</testsuite> <!-- MTL_Test_Cases_Prod.Home_URL -->
