<?xml version="1.0" encoding="UTF-8"?>
<!-- Generated by org.testng.reporters.JUnitReportReporter -->
<testsuite hostname="DESKTOP-N7K85DJ" name="AFL_Test_Case_Prod.HomePage_TC" tests="2" failures="0" timestamp="17 Mar 2022 11:54:46 GMT" time="281.649" errors="0">
  <testcase name="Home_Page" time="155.818" classname="AFL_Test_Case_Prod.HomePage_TC"/>
  <testcase name="Home_Page" time="125.831" classname="AFL_Test_Case_Prod.HomePage_TC"/>
</testsuite> <!-- AFL_Test_Case_Prod.HomePage_TC -->
