<?xml version="1.0" encoding="UTF-8"?>
<!-- Generated by org.testng.reporters.JUnitReportReporter -->
<testsuite hostname="DESKTOP-N7K85DJ" name="AFL_Test_Case_Prod.AboutUS_OutsideUS" tests="2" failures="0" timestamp="5 Jan 2022 10:13:38 GMT" time="87.724" errors="0">
  <testcase name="main_Home_Page" time="41.866" classname="AFL_Test_Case_Prod.AboutUS_OutsideUS"/>
  <testcase name="main_Home_Page" time="45.858" classname="AFL_Test_Case_Prod.AboutUS_OutsideUS"/>
</testsuite> <!-- AFL_Test_Case_Prod.AboutUS_OutsideUS -->
