<?xml version="1.0" encoding="UTF-8"?>
<!-- Generated by org.testng.reporters.JUnitReportReporter -->
<testsuite hostname="DESKTOP-N7K85DJ" name="Adler_TestCases_Prod.Home" tests="2" failures="0" timestamp="15 Mar 2022 10:17:10 GMT" time="83.790" errors="0">
  <testcase name="main_Home_Page" time="48.813" classname="Adler_TestCases_Prod.Home"/>
  <testcase name="main_Home_Page" time="34.977" classname="Adler_TestCases_Prod.Home"/>
</testsuite> <!-- Adler_TestCases_Prod.Home -->
