<?xml version="1.0" encoding="UTF-8"?>
<!-- Generated by org.testng.reporters.JUnitReportReporter -->
<testsuite hostname="DESKTOP-N7K85DJ" name="MTL_Test_Cases_Prod.More_offers_TC" tests="2" failures="0" timestamp="16 Mar 2022 12:48:23 GMT" time="103.361" errors="0">
  <testcase name="More_offers" time="55.169" classname="MTL_Test_Cases_Prod.More_offers_TC"/>
  <testcase name="More_offers" time="48.192" classname="MTL_Test_Cases_Prod.More_offers_TC"/>
</testsuite> <!-- MTL_Test_Cases_Prod.More_offers_TC -->
