<?xml version="1.0" encoding="UTF-8"?>
<!-- Generated by org.testng.reporters.JUnitReportReporter -->
<testsuite hostname="DESKTOP-N7K85DJ" name="AUW_Test_case_prod.AUW_Intelligence_TC" tests="2" failures="0" timestamp="23 Feb 2022 11:40:24 GMT" time="245.331" errors="0">
  <testcase name="main" time="97.880" classname="AUW_Test_case_prod.AUW_Intelligence_TC"/>
  <testcase name="main" time="147.451" classname="AUW_Test_case_prod.AUW_Intelligence_TC"/>
</testsuite> <!-- AUW_Test_case_prod.AUW_Intelligence_TC -->
