<?xml version="1.0" encoding="UTF-8"?>
<!-- Generated by org.testng.reporters.JUnitReportReporter -->
<testsuite hostname="DESKTOP-N7K85DJ" name="Tradewel_Test_Cases_Development.About_US" tests="2" failures="0" timestamp="9 Dec 2021 11:12:25 GMT" time="77.409" errors="0">
  <testcase name="main_Home_Page" time="36.525" classname="Tradewel_Test_Cases_Development.About_US"/>
  <testcase name="main_Home_Page" time="40.884" classname="Tradewel_Test_Cases_Development.About_US"/>
</testsuite> <!-- Tradewel_Test_Cases_Development.About_US -->
