<?xml version="1.0" encoding="UTF-8"?>
<!-- Generated by org.testng.reporters.JUnitReportReporter -->
<testsuite hostname="DESKTOP-N7K85DJ" name="MTL_Test_Cases_Prod.Home_URL" tests="2" failures="0" timestamp="9 Mar 2022 15:47:56 GMT" time="158.804" errors="0">
  <testcase name="Footer" time="105.092" classname="MTL_Test_Cases_Prod.Home_URL"/>
  <testcase name="Footer" time="53.712" classname="MTL_Test_Cases_Prod.Home_URL"/>
</testsuite> <!-- MTL_Test_Cases_Prod.Home_URL -->
