<?xml version="1.0" encoding="UTF-8"?>
<!-- Generated by org.testng.reporters.JUnitReportReporter -->
<testsuite hostname="DESKTOP-N7K85DJ" name="Adler_TestCases_Development.News" tests="2" failures="0" timestamp="24 Jan 2022 11:23:12 GMT" time="336.920" errors="0">
  <testcase name="main_Home_Page" time="176.930" classname="Adler_TestCases_Development.News"/>
  <testcase name="main_Home_Page" time="159.990" classname="Adler_TestCases_Development.News"/>
</testsuite> <!-- Adler_TestCases_Development.News -->
