<?xml version="1.0" encoding="UTF-8"?>
<!-- Generated by org.testng.reporters.JUnitReportReporter -->
<testsuite hostname="DESKTOP-N7K85DJ" name="Promesa_Test_Case_Prod.Change_language" tests="2" failures="0" timestamp="22 Mar 2022 09:50:23 GMT" time="35.404" errors="0">
  <testcase name="Change_Language" time="12.341" classname="Promesa_Test_Case_Prod.Change_language"/>
  <testcase name="Change_Language" time="23.063" classname="Promesa_Test_Case_Prod.Change_language"/>
</testsuite> <!-- Promesa_Test_Case_Prod.Change_language -->
