<?xml version="1.0" encoding="UTF-8"?>
<!-- Generated by org.testng.reporters.JUnitReportReporter -->
<testsuite hostname="DESKTOP-N7K85DJ" name="Adler_TestCases_Development.Home" tests="2" failures="0" timestamp="7 Mar 2022 12:41:03 GMT" time="107.172" errors="0">
  <testcase name="main_Home_Page" time="54.048" classname="Adler_TestCases_Development.Home"/>
  <testcase name="main_Home_Page" time="53.124" classname="Adler_TestCases_Development.Home"/>
</testsuite> <!-- Adler_TestCases_Development.Home -->
