<?xml version="1.0" encoding="UTF-8"?>
<!-- Generated by org.testng.reporters.JUnitReportReporter -->
<testsuite hostname="DESKTOP-N7K85DJ" name="AUW_Test_case_prod.AUW_Heartwood" tests="1" failures="0" timestamp="18 Feb 2022 14:06:49 GMT" time="74.055" errors="0">
  <testcase name="main" time="74.055" classname="AUW_Test_case_prod.AUW_Heartwood"/>
</testsuite> <!-- AUW_Test_case_prod.AUW_Heartwood -->
