<?xml version="1.0" encoding="UTF-8"?>
<!-- Generated by org.testng.reporters.JUnitReportReporter -->
<testsuite hostname="DESKTOP-N7K85DJ" name="Adler_TestCases_Development.Home" tests="2" failures="0" timestamp="23 Feb 2022 12:36:01 GMT" time="97.399" errors="0">
  <testcase name="main_Home_Page" time="45.833" classname="Adler_TestCases_Development.Home"/>
  <testcase name="main_Home_Page" time="51.566" classname="Adler_TestCases_Development.Home"/>
</testsuite> <!-- Adler_TestCases_Development.Home -->
