<?xml version="1.0" encoding="UTF-8"?>
<!-- Generated by org.testng.reporters.JUnitReportReporter -->
<testsuite hostname="DESKTOP-N7K85DJ" name="Speciality_underwriters_Test_Case_Dev.Contact_US_TC" tests="2" failures="0" timestamp="9 Dec 2021 11:12:25 GMT" time="53.794" errors="0">
  <testcase name="Footer" time="29.498" classname="Speciality_underwriters_Test_Case_Dev.Contact_US_TC"/>
  <testcase name="Footer" time="24.296" classname="Speciality_underwriters_Test_Case_Dev.Contact_US_TC"/>
</testsuite> <!-- Speciality_underwriters_Test_Case_Dev.Contact_US_TC -->
