<?xml version="1.0" encoding="UTF-8"?>
<!-- Generated by org.testng.reporters.JUnitReportReporter -->
<testsuite hostname="DESKTOP-N7K85DJ" name="Casuality_Prod_TC.Home_page" tests="2" failures="0" timestamp="16 Mar 2022 12:48:23 GMT" time="201.399" errors="0">
  <testcase name="HomePage" time="127.148" classname="Casuality_Prod_TC.Home_page"/>
  <testcase name="HomePage" time="74.251" classname="Casuality_Prod_TC.Home_page"/>
</testsuite> <!-- Casuality_Prod_TC.Home_page -->
