<?xml version="1.0" encoding="UTF-8"?>
<!-- Generated by org.testng.reporters.JUnitReportReporter -->
<testsuite hostname="DESKTOP-N7K85DJ" name="Careers_Test_case_Development.Footer" tests="2" failures="0" timestamp="11 Feb 2022 10:29:05 GMT" time="233.448" errors="0">
  <testcase name="AUW_Footer" time="128.846" classname="Careers_Test_case_Development.Footer"/>
  <testcase name="AUW_Footer" time="104.602" classname="Careers_Test_case_Development.Footer"/>
</testsuite> <!-- Careers_Test_case_Development.Footer -->
