<?xml version="1.0" encoding="UTF-8"?>
<!-- Generated by org.testng.reporters.JUnitReportReporter -->
<testsuite hostname="DESKTOP-N7K85DJ" name="AUW_Test_case_prod.AUW_NJ_Update" tests="2" failures="0" timestamp="2 Mar 2022 14:47:22 GMT" time="137.131" errors="0">
  <testcase name="main" time="88.043" classname="AUW_Test_case_prod.AUW_NJ_Update"/>
  <testcase name="main" time="49.088" classname="AUW_Test_case_prod.AUW_NJ_Update"/>
</testsuite> <!-- AUW_Test_case_prod.AUW_NJ_Update -->
