<?xml version="1.0" encoding="UTF-8"?>
<!-- Generated by org.testng.reporters.JUnitReportReporter -->
<testsuite hostname="DESKTOP-N7K85DJ" name="AUW_Test_Case_dev.AUW_AboutUS" tests="2" failures="0" timestamp="23 Feb 2022 14:25:17 GMT" time="155.744" errors="0">
  <testcase name="AboutUS" time="79.170" classname="AUW_Test_Case_dev.AUW_AboutUS"/>
  <testcase name="AboutUS" time="76.574" classname="AUW_Test_Case_dev.AUW_AboutUS"/>
</testsuite> <!-- AUW_Test_Case_dev.AUW_AboutUS -->
