<?xml version="1.0" encoding="UTF-8"?>
<!-- Generated by org.testng.reporters.JUnitReportReporter -->
<testsuite hostname="DESKTOP-N7K85DJ" name="Tradewel_Test_Cases_Production.About_US" tests="2" failures="0" timestamp="17 Mar 2022 11:54:46 GMT" time="110.499" errors="0">
  <testcase name="main_Home_Page" time="44.762" classname="Tradewel_Test_Cases_Production.About_US"/>
  <testcase name="main_Home_Page" time="65.737" classname="Tradewel_Test_Cases_Production.About_US"/>
</testsuite> <!-- Tradewel_Test_Cases_Production.About_US -->
