<?xml version="1.0" encoding="UTF-8"?>
<!-- Generated by org.testng.reporters.JUnitReportReporter -->
<testsuite hostname="DESKTOP-N7K85DJ" name="AFL_Test_Case_Prod.HomePage_TC" tests="2" failures="0" timestamp="8 Apr 2022 08:47:38 GMT" time="273.868" errors="0">
  <testcase name="Home_Page" time="117.190" classname="AFL_Test_Case_Prod.HomePage_TC"/>
  <testcase name="Home_Page" time="156.678" classname="AFL_Test_Case_Prod.HomePage_TC"/>
</testsuite> <!-- AFL_Test_Case_Prod.HomePage_TC -->
