<?xml version="1.0" encoding="UTF-8"?>
<!-- Generated by org.testng.reporters.JUnitReportReporter -->
<testsuite hostname="DESKTOP-N7K85DJ" name="AUW_Global_Test_Cases_Prod.Home_Page_TC" tests="2" failures="0" timestamp="10 May 2022 11:54:17 GMT" time="71.971" errors="0">
  <testcase name="HomePage" time="25.701" classname="AUW_Global_Test_Cases_Prod.Home_Page_TC"/>
  <testcase name="HomePage" time="46.270" classname="AUW_Global_Test_Cases_Prod.Home_Page_TC"/>
</testsuite> <!-- AUW_Global_Test_Cases_Prod.Home_Page_TC -->
