<?xml version="1.0" encoding="UTF-8"?>
<!-- Generated by org.testng.reporters.JUnitReportReporter -->
<testsuite hostname="DESKTOP-N7K85DJ" name="Careers_Test_case_Prod.Footer" tests="10" failures="0" timestamp="7 Mar 2022 11:16:52 GMT" time="412.962" errors="0">
  <testcase name="AUW_twitter" time="63.524" classname="Careers_Test_case_Prod.Footer"/>
  <testcase name="AUW_Instagram" time="22.238" classname="Careers_Test_case_Prod.Footer"/>
  <testcase name="AUW_Linkedin" time="61.779" classname="Careers_Test_case_Prod.Footer"/>
  <testcase name="AUW_Instagram" time="49.415" classname="Careers_Test_case_Prod.Footer"/>
  <testcase name="AUW_Facebook" time="28.784" classname="Careers_Test_case_Prod.Footer"/>
  <testcase name="AUW_Policy" time="36.053" classname="Careers_Test_case_Prod.Footer"/>
  <testcase name="AUW_Policy" time="62.070" classname="Careers_Test_case_Prod.Footer"/>
  <testcase name="AUW_Facebook" time="44.062" classname="Careers_Test_case_Prod.Footer"/>
  <testcase name="AUW_twitter" time="20.965" classname="Careers_Test_case_Prod.Footer"/>
  <testcase name="AUW_Linkedin" time="24.072" classname="Careers_Test_case_Prod.Footer"/>
</testsuite> <!-- Careers_Test_case_Prod.Footer -->
