<?xml version="1.0" encoding="UTF-8"?>
<!-- Generated by org.testng.reporters.JUnitReportReporter -->
<testsuite hostname="DESKTOP-N7K85DJ" name="Casuality_Dev_TC.Home_page" tests="2" failures="0" timestamp="28 Feb 2022 07:58:39 GMT" time="193.610" errors="0">
  <testcase name="HomePage" time="84.393" classname="Casuality_Dev_TC.Home_page"/>
  <testcase name="HomePage" time="109.217" classname="Casuality_Dev_TC.Home_page"/>
</testsuite> <!-- Casuality_Dev_TC.Home_page -->
