<?xml version="1.0" encoding="UTF-8"?>
<!-- Generated by org.testng.reporters.JUnitReportReporter -->
<testsuite hostname="DESKTOP-N7K85DJ" name="Warranty_Test_Case_Dev.Partner_With_US" tests="2" failures="0" timestamp="28 Feb 2022 07:58:39 GMT" time="82.541" errors="0">
  <testcase name="partner" time="57.001" classname="Warranty_Test_Case_Dev.Partner_With_US"/>
  <testcase name="partner" time="25.540" classname="Warranty_Test_Case_Dev.Partner_With_US"/>
</testsuite> <!-- Warranty_Test_Case_Dev.Partner_With_US -->
