<?xml version="1.0" encoding="UTF-8"?>
<!-- Generated by org.testng.reporters.JUnitReportReporter -->
<testsuite hostname="DESKTOP-N7K85DJ" name="Warranty_Test_Case_Prod.About_US" tests="2" failures="0" timestamp="11 Feb 2022 12:38:07 GMT" time="137.745" errors="0">
  <testcase name="Home_page" time="88.589" classname="Warranty_Test_Case_Prod.About_US"/>
  <testcase name="Home_page" time="49.156" classname="Warranty_Test_Case_Prod.About_US"/>
</testsuite> <!-- Warranty_Test_Case_Prod.About_US -->
