<?xml version="1.0" encoding="UTF-8"?>
<!-- Generated by org.testng.reporters.JUnitReportReporter -->
<testsuite hostname="DESKTOP-N7K85DJ" name="Solution_one_Prod.Footer_Production" tests="2" failures="0" timestamp="28 Feb 2022 06:59:29 GMT" time="335.408" errors="0">
  <testcase name="Footer" time="68.505" classname="Solution_one_Prod.Footer_Production"/>
  <testcase name="Footer" time="266.903" classname="Solution_one_Prod.Footer_Production"/>
</testsuite> <!-- Solution_one_Prod.Footer_Production -->
