<?xml version="1.0" encoding="UTF-8"?>
<!-- Generated by org.testng.reporters.JUnitReportReporter -->
<testsuite hostname="DESKTOP-N7K85DJ" name="Casuality_Prod_TC.Home_page" tests="2" failures="0" timestamp="9 Mar 2022 15:47:56 GMT" time="203.764" errors="0">
  <testcase name="HomePage" time="81.447" classname="Casuality_Prod_TC.Home_page"/>
  <testcase name="HomePage" time="122.317" classname="Casuality_Prod_TC.Home_page"/>
</testsuite> <!-- Casuality_Prod_TC.Home_page -->
