<?xml version="1.0" encoding="UTF-8"?>
<!-- Generated by org.testng.reporters.JUnitReportReporter -->
<testsuite hostname="DESKTOP-N7K85DJ" name="Promesa_Test_Case_Prod.Footer" tests="10" failures="0" timestamp="15 Feb 2022 15:16:06 GMT" time="298.678" errors="0">
  <testcase name="Footer_linkedin" time="17.391" classname="Promesa_Test_Case_Prod.Footer"/>
  <testcase name="Footer_PrivacyPolicy" time="32.042" classname="Promesa_Test_Case_Prod.Footer"/>
  <testcase name="Footer_PrivacyPolicy" time="56.343" classname="Promesa_Test_Case_Prod.Footer"/>
  <testcase name="Footer_twitter" time="32.877" classname="Promesa_Test_Case_Prod.Footer"/>
  <testcase name="Footer_twitter" time="19.017" classname="Promesa_Test_Case_Prod.Footer"/>
  <testcase name="Footer_facebook" time="55.756" classname="Promesa_Test_Case_Prod.Footer"/>
  <testcase name="Footer_linkedin" time="18.149" classname="Promesa_Test_Case_Prod.Footer"/>
  <testcase name="Footer_instagram" time="17.904" classname="Promesa_Test_Case_Prod.Footer"/>
  <testcase name="Footer_facebook" time="30.160" classname="Promesa_Test_Case_Prod.Footer"/>
  <testcase name="Footer_instagram" time="19.039" classname="Promesa_Test_Case_Prod.Footer"/>
</testsuite> <!-- Promesa_Test_Case_Prod.Footer -->
