<?xml version="1.0" encoding="UTF-8"?>
<!-- Generated by org.testng.reporters.JUnitReportReporter -->
<testsuite hostname="DESKTOP-N7K85DJ" name="Warranty_Test_Case_Dev.Our_Partner" tests="12" failures="0" timestamp="14 Dec 2021 11:47:24 GMT" time="819.314" errors="0">
  <testcase name="Partner6" time="70.554" classname="Warranty_Test_Case_Dev.Our_Partner"/>
  <testcase name="Partner6" time="64.823" classname="Warranty_Test_Case_Dev.Our_Partner"/>
  <testcase name="Partner5" time="65.580" classname="Warranty_Test_Case_Dev.Our_Partner"/>
  <testcase name="Partner5" time="70.458" classname="Warranty_Test_Case_Dev.Our_Partner"/>
  <testcase name="Partner2" time="70.161" classname="Warranty_Test_Case_Dev.Our_Partner"/>
  <testcase name="Partner1" time="70.326" classname="Warranty_Test_Case_Dev.Our_Partner"/>
  <testcase name="Partner2" time="69.254" classname="Warranty_Test_Case_Dev.Our_Partner"/>
  <testcase name="Partner3" time="70.204" classname="Warranty_Test_Case_Dev.Our_Partner"/>
  <testcase name="Partner4" time="71.978" classname="Warranty_Test_Case_Dev.Our_Partner"/>
  <testcase name="Partner1" time="64.964" classname="Warranty_Test_Case_Dev.Our_Partner"/>
  <testcase name="Partner4" time="66.232" classname="Warranty_Test_Case_Dev.Our_Partner"/>
  <testcase name="Partner3" time="64.780" classname="Warranty_Test_Case_Dev.Our_Partner"/>
</testsuite> <!-- Warranty_Test_Case_Dev.Our_Partner -->
