<?xml version="1.0" encoding="UTF-8"?>
<!-- Generated by org.testng.reporters.JUnitReportReporter -->
<testsuite hostname="DESKTOP-N7K85DJ" name="Careers_Test_case_Prod.Footer" tests="10" failures="0" timestamp="1 Mar 2022 12:40:42 GMT" time="461.951" errors="0">
  <testcase name="AUW_twitter" time="23.145" classname="Careers_Test_case_Prod.Footer"/>
  <testcase name="AUW_Policy" time="39.326" classname="Careers_Test_case_Prod.Footer"/>
  <testcase name="AUW_Facebook" time="37.246" classname="Careers_Test_case_Prod.Footer"/>
  <testcase name="AUW_twitter" time="85.897" classname="Careers_Test_case_Prod.Footer"/>
  <testcase name="AUW_Instagram" time="34.742" classname="Careers_Test_case_Prod.Footer"/>
  <testcase name="AUW_Linkedin" time="58.311" classname="Careers_Test_case_Prod.Footer"/>
  <testcase name="AUW_Policy" time="112.575" classname="Careers_Test_case_Prod.Footer"/>
  <testcase name="AUW_Linkedin" time="21.326" classname="Careers_Test_case_Prod.Footer"/>
  <testcase name="AUW_Facebook" time="30.769" classname="Careers_Test_case_Prod.Footer"/>
  <testcase name="AUW_Instagram" time="18.614" classname="Careers_Test_case_Prod.Footer"/>
</testsuite> <!-- Careers_Test_case_Prod.Footer -->
