<?xml version="1.0" encoding="UTF-8"?>
<!-- Generated by org.testng.reporters.JUnitReportReporter -->
<testsuite hostname="DESKTOP-N7K85DJ" name="Casuality_Prod_TC.Menu_Contact_Us" tests="2" failures="0" timestamp="4 Feb 2022 11:48:19 GMT" time="54.761" errors="0">
  <testcase name="HomePage" time="25.034" classname="Casuality_Prod_TC.Menu_Contact_Us"/>
  <testcase name="HomePage" time="29.727" classname="Casuality_Prod_TC.Menu_Contact_Us"/>
</testsuite> <!-- Casuality_Prod_TC.Menu_Contact_Us -->
