<?xml version="1.0" encoding="UTF-8"?>
<!-- Generated by org.testng.reporters.JUnitReportReporter -->
<testsuite hostname="DESKTOP-N7K85DJ" name="Careers_Test_case_Prod.Footer" tests="10" failures="0" timestamp="24 Dec 2021 14:37:44 GMT" time="272.413" errors="0">
  <testcase name="AUW_Policy" time="43.275" classname="Careers_Test_case_Prod.Footer"/>
  <testcase name="AUW_Instagram" time="17.664" classname="Careers_Test_case_Prod.Footer"/>
  <testcase name="AUW_Facebook" time="25.206" classname="Careers_Test_case_Prod.Footer"/>
  <testcase name="AUW_Linkedin" time="27.162" classname="Careers_Test_case_Prod.Footer"/>
  <testcase name="AUW_Facebook" time="32.570" classname="Careers_Test_case_Prod.Footer"/>
  <testcase name="AUW_twitter" time="23.302" classname="Careers_Test_case_Prod.Footer"/>
  <testcase name="AUW_Policy" time="34.126" classname="Careers_Test_case_Prod.Footer"/>
  <testcase name="AUW_Linkedin" time="17.445" classname="Careers_Test_case_Prod.Footer"/>
  <testcase name="AUW_twitter" time="25.156" classname="Careers_Test_case_Prod.Footer"/>
  <testcase name="AUW_Instagram" time="26.507" classname="Careers_Test_case_Prod.Footer"/>
</testsuite> <!-- Careers_Test_case_Prod.Footer -->
