<?xml version="1.0" encoding="UTF-8"?>
<!-- Generated by org.testng.reporters.JUnitReportReporter -->
<testsuite hostname="DESKTOP-N7K85DJ" name="Warranty_Test_Case_Dev.Partner_With_US" tests="2" failures="0" timestamp="5 Jan 2022 12:51:26 GMT" time="56.541" errors="0">
  <testcase name="partner" time="26.298" classname="Warranty_Test_Case_Dev.Partner_With_US"/>
  <testcase name="partner" time="30.243" classname="Warranty_Test_Case_Dev.Partner_With_US"/>
</testsuite> <!-- Warranty_Test_Case_Dev.Partner_With_US -->
