<?xml version="1.0" encoding="UTF-8"?>
<!-- Generated by org.testng.reporters.JUnitReportReporter -->
<testsuite hostname="DESKTOP-N7K85DJ" name="AUW_Test_case_prod.AUW_Intelligence_TC" tests="2" failures="0" timestamp="25 Feb 2022 12:26:47 GMT" time="213.418" errors="0">
  <testcase name="main" time="122.539" classname="AUW_Test_case_prod.AUW_Intelligence_TC"/>
  <testcase name="main" time="90.879" classname="AUW_Test_case_prod.AUW_Intelligence_TC"/>
</testsuite> <!-- AUW_Test_case_prod.AUW_Intelligence_TC -->
