<?xml version="1.0" encoding="UTF-8"?>
<!-- Generated by org.testng.reporters.JUnitReportReporter -->
<testsuite hostname="DESKTOP-N7K85DJ" name="Tradewel_Test_Cases_Production.About_US" tests="2" failures="0" timestamp="22 Mar 2022 09:50:23 GMT" time="99.412" errors="0">
  <testcase name="main_Home_Page" time="54.864" classname="Tradewel_Test_Cases_Production.About_US"/>
  <testcase name="main_Home_Page" time="44.548" classname="Tradewel_Test_Cases_Production.About_US"/>
</testsuite> <!-- Tradewel_Test_Cases_Production.About_US -->
