<?xml version="1.0" encoding="UTF-8"?>
<!-- Generated by org.testng.reporters.JUnitReportReporter -->
<testsuite hostname="DESKTOP-N7K85DJ" name="Solution_one_Prod.Footer_Production" tests="2" failures="0" timestamp="21 Feb 2022 13:14:22 GMT" time="245.433" errors="0">
  <testcase name="Footer" time="63.034" classname="Solution_one_Prod.Footer_Production"/>
  <testcase name="Footer" time="182.399" classname="Solution_one_Prod.Footer_Production"/>
</testsuite> <!-- Solution_one_Prod.Footer_Production -->
