<?xml version="1.0" encoding="UTF-8"?>
<!-- Generated by org.testng.reporters.JUnitReportReporter -->
<testsuite hostname="DESKTOP-N7K85DJ" name="Warranty_Test_Case_Prod.Contact_US" tests="2" failures="0" timestamp="2 Mar 2022 14:47:22 GMT" time="173.826" errors="0">
  <testcase name="ContactUS" time="125.434" classname="Warranty_Test_Case_Prod.Contact_US"/>
  <testcase name="ContactUS" time="48.392" classname="Warranty_Test_Case_Prod.Contact_US"/>
</testsuite> <!-- Warranty_Test_Case_Prod.Contact_US -->
