<?xml version="1.0" encoding="UTF-8"?>
<!-- Generated by org.testng.reporters.JUnitReportReporter -->
<testsuite hostname="DESKTOP-N7K85DJ" name="AUW_Test_case_prod.AUW_Experience" tests="2" failures="0" timestamp="24 Dec 2021 14:37:44 GMT" time="648.569" errors="0">
  <testcase name="main" time="322.420" classname="AUW_Test_case_prod.AUW_Experience"/>
  <testcase name="main" time="326.149" classname="AUW_Test_case_prod.AUW_Experience"/>
</testsuite> <!-- AUW_Test_case_prod.AUW_Experience -->
