<?xml version="1.0" encoding="UTF-8"?>
<!-- Generated by org.testng.reporters.JUnitReportReporter -->
<testsuite hostname="DESKTOP-N7K85DJ" name="Promesa_Test_Case_Prod.Pharmacy_search" tests="2" failures="0" timestamp="22 Dec 2021 09:39:17 GMT" time="267.823" errors="0">
  <testcase name="Side_Heading_One" time="131.944" classname="Promesa_Test_Case_Prod.Pharmacy_search"/>
  <testcase name="Side_Heading_One" time="135.879" classname="Promesa_Test_Case_Prod.Pharmacy_search"/>
</testsuite> <!-- Promesa_Test_Case_Prod.Pharmacy_search -->
