<?xml version="1.0" encoding="UTF-8"?>
<!-- Generated by org.testng.reporters.JUnitReportReporter -->
<testsuite hostname="DESKTOP-N7K85DJ" name="AUW_Test_case_prod.AUW_header_web_Prod" tests="2" failures="0" timestamp="27 Dec 2021 15:43:57 GMT" time="96.995" errors="0">
  <testcase name="main" time="53.165" classname="AUW_Test_case_prod.AUW_header_web_Prod"/>
  <testcase name="main" time="43.830" classname="AUW_Test_case_prod.AUW_header_web_Prod"/>
</testsuite> <!-- AUW_Test_case_prod.AUW_header_web_Prod -->
