<?xml version="1.0" encoding="UTF-8"?>
<!-- Generated by org.testng.reporters.JUnitReportReporter -->
<testsuite hostname="DESKTOP-N7K85DJ" name="Warranty_Test_Case_Prod.Our_Partner" tests="12" failures="0" timestamp="17 Mar 2022 11:54:46 GMT" time="978.764" errors="0">
  <testcase name="Partner3" time="75.043" classname="Warranty_Test_Case_Prod.Our_Partner"/>
  <testcase name="Partner6" time="67.604" classname="Warranty_Test_Case_Prod.Our_Partner"/>
  <testcase name="Partner3" time="83.929" classname="Warranty_Test_Case_Prod.Our_Partner"/>
  <testcase name="Partner2" time="119.386" classname="Warranty_Test_Case_Prod.Our_Partner"/>
  <testcase name="Partner4" time="76.167" classname="Warranty_Test_Case_Prod.Our_Partner"/>
  <testcase name="Partner4" time="81.962" classname="Warranty_Test_Case_Prod.Our_Partner"/>
  <testcase name="Partner5" time="75.384" classname="Warranty_Test_Case_Prod.Our_Partner"/>
  <testcase name="Partner6" time="74.149" classname="Warranty_Test_Case_Prod.Our_Partner"/>
  <testcase name="Partner2" time="76.602" classname="Warranty_Test_Case_Prod.Our_Partner"/>
  <testcase name="Partner1" time="100.385" classname="Warranty_Test_Case_Prod.Our_Partner"/>
  <testcase name="Partner1" time="75.280" classname="Warranty_Test_Case_Prod.Our_Partner"/>
  <testcase name="Partner5" time="72.873" classname="Warranty_Test_Case_Prod.Our_Partner"/>
</testsuite> <!-- Warranty_Test_Case_Prod.Our_Partner -->
