<?xml version="1.0" encoding="UTF-8"?>
<!-- Generated by org.testng.reporters.JUnitReportReporter -->
<testsuite hostname="DESKTOP-N7K85DJ" name="MTL_Test_Cases_Prod.More_offers_TC" tests="2" failures="0" timestamp="4 Feb 2022 12:56:04 GMT" time="74.137" errors="0">
  <testcase name="More_offers" time="39.743" classname="MTL_Test_Cases_Prod.More_offers_TC"/>
  <testcase name="More_offers" time="34.394" classname="MTL_Test_Cases_Prod.More_offers_TC"/>
</testsuite> <!-- MTL_Test_Cases_Prod.More_offers_TC -->
