<?xml version="1.0" encoding="UTF-8"?>
<!-- Generated by org.testng.reporters.JUnitReportReporter -->
<testsuite hostname="DESKTOP-N7K85DJ" name="AFL_Test_Case_Prod.Footer_TC" tests="2" failures="0" timestamp="28 Feb 2022 06:59:29 GMT" time="222.616" errors="0">
  <testcase name="Footer" time="143.026" classname="AFL_Test_Case_Prod.Footer_TC"/>
  <testcase name="Footer" time="79.590" classname="AFL_Test_Case_Prod.Footer_TC"/>
</testsuite> <!-- AFL_Test_Case_Prod.Footer_TC -->
