<?xml version="1.0" encoding="UTF-8"?>
<!-- Generated by org.testng.reporters.JUnitReportReporter -->
<testsuite hostname="DESKTOP-N7K85DJ" name="Adler_TestCases_Prod.News" tests="2" failures="0" timestamp="28 Feb 2022 06:59:29 GMT" time="342.472" errors="0">
  <testcase name="main_Home_Page" time="138.379" classname="Adler_TestCases_Prod.News"/>
  <testcase name="main_Home_Page" time="204.093" classname="Adler_TestCases_Prod.News"/>
</testsuite> <!-- Adler_TestCases_Prod.News -->
