<?xml version="1.0" encoding="UTF-8"?>
<!-- Generated by org.testng.reporters.JUnitReportReporter -->
<testsuite hostname="DESKTOP-N7K85DJ" name="Casuality_Prod_TC.Home_page" tests="2" failures="0" timestamp="31 Mar 2022 13:36:20 GMT" time="162.954" errors="0">
  <testcase name="HomePage" time="85.771" classname="Casuality_Prod_TC.Home_page"/>
  <testcase name="HomePage" time="77.183" classname="Casuality_Prod_TC.Home_page"/>
</testsuite> <!-- Casuality_Prod_TC.Home_page -->
