<?xml version="1.0" encoding="UTF-8"?>
<!-- Generated by org.testng.reporters.JUnitReportReporter -->
<testsuite hostname="DESKTOP-N7K85DJ" name="Tradewel_Test_Cases_Production.About_US" tests="2" failures="0" timestamp="31 Mar 2022 09:38:46 GMT" time="98.423" errors="0">
  <testcase name="main_Home_Page" time="45.152" classname="Tradewel_Test_Cases_Production.About_US"/>
  <testcase name="main_Home_Page" time="53.271" classname="Tradewel_Test_Cases_Production.About_US"/>
</testsuite> <!-- Tradewel_Test_Cases_Production.About_US -->
