<?xml version="1.0" encoding="UTF-8"?>
<!-- Generated by org.testng.reporters.JUnitReportReporter -->
<testsuite hostname="DESKTOP-N7K85DJ" name="Tradewel_Test_Cases_Development.About_US" tests="2" failures="0" timestamp="18 Jan 2022 10:21:18 GMT" time="132.505" errors="0">
  <testcase name="main_Home_Page" time="63.644" classname="Tradewel_Test_Cases_Development.About_US"/>
  <testcase name="main_Home_Page" time="68.861" classname="Tradewel_Test_Cases_Development.About_US"/>
</testsuite> <!-- Tradewel_Test_Cases_Development.About_US -->
