<?xml version="1.0" encoding="UTF-8"?>
<!-- Generated by org.testng.reporters.JUnitReportReporter -->
<testsuite hostname="DESKTOP-N7K85DJ" name="Warranty_Test_Case_Prod.Our_Partner" tests="12" failures="0" timestamp="11 Mar 2022 13:55:32 GMT" time="1026.764" errors="0">
  <testcase name="Partner4" time="81.393" classname="Warranty_Test_Case_Prod.Our_Partner"/>
  <testcase name="Partner6" time="71.593" classname="Warranty_Test_Case_Prod.Our_Partner"/>
  <testcase name="Partner1" time="98.899" classname="Warranty_Test_Case_Prod.Our_Partner"/>
  <testcase name="Partner5" time="70.299" classname="Warranty_Test_Case_Prod.Our_Partner"/>
  <testcase name="Partner6" time="79.509" classname="Warranty_Test_Case_Prod.Our_Partner"/>
  <testcase name="Partner1" time="82.922" classname="Warranty_Test_Case_Prod.Our_Partner"/>
  <testcase name="Partner2" time="98.801" classname="Warranty_Test_Case_Prod.Our_Partner"/>
  <testcase name="Partner2" time="83.299" classname="Warranty_Test_Case_Prod.Our_Partner"/>
  <testcase name="Partner4" time="92.529" classname="Warranty_Test_Case_Prod.Our_Partner"/>
  <testcase name="Partner3" time="101.434" classname="Warranty_Test_Case_Prod.Our_Partner"/>
  <testcase name="Partner3" time="81.007" classname="Warranty_Test_Case_Prod.Our_Partner"/>
  <testcase name="Partner5" time="85.079" classname="Warranty_Test_Case_Prod.Our_Partner"/>
</testsuite> <!-- Warranty_Test_Case_Prod.Our_Partner -->
