<?xml version="1.0" encoding="UTF-8"?>
<!-- Generated by org.testng.reporters.JUnitReportReporter -->
<testsuite hostname="DESKTOP-N7K85DJ" name="AUW_Test_Case_dev.AUW_header_web_Development" tests="2" failures="0" timestamp="21 Feb 2022 15:12:16 GMT" time="173.603" errors="0">
  <testcase name="main" time="91.928" classname="AUW_Test_Case_dev.AUW_header_web_Development"/>
  <testcase name="main" time="81.675" classname="AUW_Test_Case_dev.AUW_header_web_Development"/>
</testsuite> <!-- AUW_Test_Case_dev.AUW_header_web_Development -->
