<?xml version="1.0" encoding="UTF-8"?>
<!-- Generated by org.testng.reporters.JUnitReportReporter -->
<testsuite hostname="DESKTOP-N7K85DJ" name="Casuality_Prod_TC.Menu_Contact_Us" tests="2" failures="0" timestamp="10 Feb 2022 16:45:42 GMT" time="83.473" errors="0">
  <testcase name="HomePage" time="51.710" classname="Casuality_Prod_TC.Menu_Contact_Us"/>
  <testcase name="HomePage" time="31.763" classname="Casuality_Prod_TC.Menu_Contact_Us"/>
</testsuite> <!-- Casuality_Prod_TC.Menu_Contact_Us -->
