<?xml version="1.0" encoding="UTF-8"?>
<!-- Generated by org.testng.reporters.JUnitReportReporter -->
<testsuite hostname="DESKTOP-N7K85DJ" name="AFL_Test_Case_Prod.Footer_TC" tests="2" failures="0" timestamp="24 Feb 2022 14:29:27 GMT" time="186.450" errors="0">
  <testcase name="Footer" time="97.860" classname="AFL_Test_Case_Prod.Footer_TC"/>
  <testcase name="Footer" time="88.590" classname="AFL_Test_Case_Prod.Footer_TC"/>
</testsuite> <!-- AFL_Test_Case_Prod.Footer_TC -->
