<?xml version="1.0" encoding="UTF-8"?>
<!-- Generated by org.testng.reporters.JUnitReportReporter -->
<testsuite hostname="DESKTOP-N7K85DJ" name="AFL_Test_Case_Prod.Footer_TC" tests="2" failures="0" timestamp="5 Jan 2022 10:13:38 GMT" time="181.770" errors="0">
  <testcase name="Footer" time="79.015" classname="AFL_Test_Case_Prod.Footer_TC"/>
  <testcase name="Footer" time="102.755" classname="AFL_Test_Case_Prod.Footer_TC"/>
</testsuite> <!-- AFL_Test_Case_Prod.Footer_TC -->
