<?xml version="1.0" encoding="UTF-8"?>
<!-- Generated by org.testng.reporters.JUnitReportReporter -->
<testsuite hostname="DESKTOP-N7K85DJ" name="AUW_Test_case_prod.AUW_header_web_Prod" tests="2" failures="0" timestamp="1 Apr 2022 10:47:35 GMT" time="137.969" errors="0">
  <testcase name="main" time="58.915" classname="AUW_Test_case_prod.AUW_header_web_Prod"/>
  <testcase name="main" time="79.054" classname="AUW_Test_case_prod.AUW_header_web_Prod"/>
</testsuite> <!-- AUW_Test_case_prod.AUW_header_web_Prod -->
