<?xml version="1.0" encoding="UTF-8"?>
<!-- Generated by org.testng.reporters.JUnitReportReporter -->
<testsuite hostname="DESKTOP-N7K85DJ" name="Warranty_Test_Case_Dev.About_US" tests="2" failures="0" timestamp="23 Dec 2021 12:43:52 GMT" time="89.339" errors="0">
  <testcase name="Home_page" time="44.045" classname="Warranty_Test_Case_Dev.About_US"/>
  <testcase name="Home_page" time="45.294" classname="Warranty_Test_Case_Dev.About_US"/>
</testsuite> <!-- Warranty_Test_Case_Dev.About_US -->
