<?xml version="1.0" encoding="UTF-8"?>
<!-- Generated by org.testng.reporters.JUnitReportReporter -->
<testsuite hostname="DESKTOP-N7K85DJ" name="Warranty_Test_Case_Prod.About_US" tests="2" failures="0" timestamp="16 Feb 2022 08:42:47 GMT" time="107.815" errors="0">
  <testcase name="Home_page" time="62.890" classname="Warranty_Test_Case_Prod.About_US"/>
  <testcase name="Home_page" time="44.925" classname="Warranty_Test_Case_Prod.About_US"/>
</testsuite> <!-- Warranty_Test_Case_Prod.About_US -->
