<?xml version="1.0" encoding="UTF-8"?>
<!-- Generated by org.testng.reporters.JUnitReportReporter -->
<testsuite hostname="DESKTOP-N7K85DJ" name="MTL_Test_Cases_Prod.More_offers_TC" tests="2" failures="0" timestamp="24 Feb 2022 14:29:27 GMT" time="91.021" errors="0">
  <testcase name="More_offers" time="48.485" classname="MTL_Test_Cases_Prod.More_offers_TC"/>
  <testcase name="More_offers" time="42.536" classname="MTL_Test_Cases_Prod.More_offers_TC"/>
</testsuite> <!-- MTL_Test_Cases_Prod.More_offers_TC -->
