<?xml version="1.0" encoding="UTF-8"?>
<!-- Generated by org.testng.reporters.JUnitReportReporter -->
<testsuite hostname="DESKTOP-N7K85DJ" name="Casuality_Prod_TC.Menu_About_US" tests="2" failures="0" timestamp="31 Mar 2022 13:36:20 GMT" time="125.691" errors="0">
  <testcase name="HomePage" time="70.226" classname="Casuality_Prod_TC.Menu_About_US"/>
  <testcase name="HomePage" time="55.465" classname="Casuality_Prod_TC.Menu_About_US"/>
</testsuite> <!-- Casuality_Prod_TC.Menu_About_US -->
