<?xml version="1.0" encoding="UTF-8"?>
<!-- Generated by org.testng.reporters.JUnitReportReporter -->
<testsuite hostname="DESKTOP-N7K85DJ" name="AUW_Test_case_prod.AUW_AboutUS" tests="2" failures="0" timestamp="31 Mar 2022 09:38:46 GMT" time="250.475" errors="0">
  <testcase name="AboutUS" time="172.101" classname="AUW_Test_case_prod.AUW_AboutUS"/>
  <testcase name="AboutUS" time="78.374" classname="AUW_Test_case_prod.AUW_AboutUS"/>
</testsuite> <!-- AUW_Test_case_prod.AUW_AboutUS -->
