<?xml version="1.0" encoding="UTF-8"?>
<!-- Generated by org.testng.reporters.JUnitReportReporter -->
<testsuite hostname="DESKTOP-N7K85DJ" name="Credit_Global_Test_Cases_Dev.What_we_Do_TC" tests="2" failures="0" timestamp="16 Dec 2021 13:45:34 GMT" time="77.743" errors="0">
  <testcase name="HomePage_Header_login" time="32.390" classname="Credit_Global_Test_Cases_Dev.What_we_Do_TC"/>
  <testcase name="HomePage_Header_login" time="45.353" classname="Credit_Global_Test_Cases_Dev.What_we_Do_TC"/>
</testsuite> <!-- Credit_Global_Test_Cases_Dev.What_we_Do_TC -->
