<?xml version="1.0" encoding="UTF-8"?>
<!-- Generated by org.testng.reporters.JUnitReportReporter -->
<testsuite hostname="DESKTOP-N7K85DJ" name="Adler_TestCases_Development.News" tests="2" failures="0" timestamp="16 Dec 2021 13:45:35 GMT" time="332.008" errors="0">
  <testcase name="main_Home_Page" time="128.043" classname="Adler_TestCases_Development.News"/>
  <testcase name="main_Home_Page" time="203.965" classname="Adler_TestCases_Development.News"/>
</testsuite> <!-- Adler_TestCases_Development.News -->
