<?xml version="1.0" encoding="UTF-8"?>
<!-- Generated by org.testng.reporters.JUnitReportReporter -->
<testsuite hostname="DESKTOP-N7K85DJ" name="AUW_Test_Case_dev.Practices_AgentsBrokers" tests="2" failures="0" timestamp="24 Feb 2022 15:18:06 GMT" time="148.593" errors="0">
  <testcase name="Practices_AgentsBrokers" time="69.099" classname="AUW_Test_Case_dev.Practices_AgentsBrokers"/>
  <testcase name="Practices_AgentsBrokers" time="79.494" classname="AUW_Test_Case_dev.Practices_AgentsBrokers"/>
</testsuite> <!-- AUW_Test_Case_dev.Practices_AgentsBrokers -->
