<?xml version="1.0" encoding="UTF-8"?>
<!-- Generated by org.testng.reporters.JUnitReportReporter -->
<testsuite hostname="DESKTOP-N7K85DJ" name="AUW_Test_Case_dev.AUW_Intelligence_TC" tests="2" failures="0" timestamp="12 Jan 2022 10:17:31 GMT" time="234.818" errors="0">
  <testcase name="main" time="127.852" classname="AUW_Test_Case_dev.AUW_Intelligence_TC"/>
  <testcase name="main" time="106.966" classname="AUW_Test_Case_dev.AUW_Intelligence_TC"/>
</testsuite> <!-- AUW_Test_Case_dev.AUW_Intelligence_TC -->
