<?xml version="1.0" encoding="UTF-8"?>
<!-- Generated by org.testng.reporters.JUnitReportReporter -->
<testsuite hostname="DESKTOP-N7K85DJ" name="Casuality_Dev_TC.Menu_About_US" tests="2" failures="0" timestamp="8 Mar 2022 10:47:11 GMT" time="104.521" errors="0">
  <testcase name="HomePage" time="48.813" classname="Casuality_Dev_TC.Menu_About_US"/>
  <testcase name="HomePage" time="55.708" classname="Casuality_Dev_TC.Menu_About_US"/>
</testsuite> <!-- Casuality_Dev_TC.Menu_About_US -->
