<?xml version="1.0" encoding="UTF-8"?>
<!-- Generated by org.testng.reporters.JUnitReportReporter -->
<testsuite hostname="DESKTOP-N7K85DJ" name="Casuality_Prod_TC.Menu_Contact_Us" tests="2" failures="0" timestamp="21 Feb 2022 13:14:22 GMT" time="110.815" errors="0">
  <testcase name="HomePage" time="74.331" classname="Casuality_Prod_TC.Menu_Contact_Us"/>
  <testcase name="HomePage" time="36.484" classname="Casuality_Prod_TC.Menu_Contact_Us"/>
</testsuite> <!-- Casuality_Prod_TC.Menu_Contact_Us -->
