<?xml version="1.0" encoding="UTF-8"?>
<!-- Generated by org.testng.reporters.JUnitReportReporter -->
<testsuite hostname="DESKTOP-N7K85DJ" name="Casuality_Dev_TC.Menu_Contact_Us" tests="2" failures="0" timestamp="21 Feb 2022 15:12:16 GMT" time="85.426" errors="0">
  <testcase name="HomePage" time="40.004" classname="Casuality_Dev_TC.Menu_Contact_Us"/>
  <testcase name="HomePage" time="45.422" classname="Casuality_Dev_TC.Menu_Contact_Us"/>
</testsuite> <!-- Casuality_Dev_TC.Menu_Contact_Us -->
