<?xml version="1.0" encoding="UTF-8"?>
<!-- Generated by org.testng.reporters.JUnitReportReporter -->
<testsuite hostname="DESKTOP-N7K85DJ" name="Casuality_Dev_TC.Menu_Press_Room" tests="2" failures="0" timestamp="28 Feb 2022 07:58:39 GMT" time="169.730" errors="0">
  <testcase name="HomePage" time="96.876" classname="Casuality_Dev_TC.Menu_Press_Room"/>
  <testcase name="HomePage" time="72.854" classname="Casuality_Dev_TC.Menu_Press_Room"/>
</testsuite> <!-- Casuality_Dev_TC.Menu_Press_Room -->
