<?xml version="1.0" encoding="UTF-8"?>
<!-- Generated by org.testng.reporters.JUnitReportReporter -->
<testsuite hostname="DESKTOP-N7K85DJ" name="AFL_Test_Cases_Dev.AboutUS_OutsideUS_dev" tests="2" failures="0" timestamp="23 Feb 2022 12:36:01 GMT" time="110.905" errors="0">
  <testcase name="main_Home_Page" time="45.520" classname="AFL_Test_Cases_Dev.AboutUS_OutsideUS_dev"/>
  <testcase name="main_Home_Page" time="65.385" classname="AFL_Test_Cases_Dev.AboutUS_OutsideUS_dev"/>
</testsuite> <!-- AFL_Test_Cases_Dev.AboutUS_OutsideUS_dev -->
