<?xml version="1.0" encoding="UTF-8"?>
<!-- Generated by org.testng.reporters.JUnitReportReporter -->
<testsuite hostname="DESKTOP-N7K85DJ" name="Warranty_Test_Case_Dev.Our_Partner" tests="12" failures="0" timestamp="4 Mar 2022 12:50:00 GMT" time="1166.019" errors="0">
  <testcase name="Partner2" time="95.386" classname="Warranty_Test_Case_Dev.Our_Partner"/>
  <testcase name="Partner4" time="104.658" classname="Warranty_Test_Case_Dev.Our_Partner"/>
  <testcase name="Partner5" time="80.972" classname="Warranty_Test_Case_Dev.Our_Partner"/>
  <testcase name="Partner5" time="100.955" classname="Warranty_Test_Case_Dev.Our_Partner"/>
  <testcase name="Partner4" time="107.907" classname="Warranty_Test_Case_Dev.Our_Partner"/>
  <testcase name="Partner1" time="93.535" classname="Warranty_Test_Case_Dev.Our_Partner"/>
  <testcase name="Partner3" time="95.409" classname="Warranty_Test_Case_Dev.Our_Partner"/>
  <testcase name="Partner2" time="102.307" classname="Warranty_Test_Case_Dev.Our_Partner"/>
  <testcase name="Partner1" time="100.975" classname="Warranty_Test_Case_Dev.Our_Partner"/>
  <testcase name="Partner6" time="81.591" classname="Warranty_Test_Case_Dev.Our_Partner"/>
  <testcase name="Partner6" time="90.426" classname="Warranty_Test_Case_Dev.Our_Partner"/>
  <testcase name="Partner3" time="111.898" classname="Warranty_Test_Case_Dev.Our_Partner"/>
</testsuite> <!-- Warranty_Test_Case_Dev.Our_Partner -->
