<?xml version="1.0" encoding="UTF-8"?>
<!-- Generated by org.testng.reporters.JUnitReportReporter -->
<testsuite hostname="DESKTOP-N7K85DJ" name="Promesa_Test_Case_Development.Footer" tests="2" failures="0" timestamp="22 Dec 2021 14:58:12 GMT" time="149.869" errors="0">
  <testcase name="Footer" time="72.420" classname="Promesa_Test_Case_Development.Footer"/>
  <testcase name="Footer" time="77.449" classname="Promesa_Test_Case_Development.Footer"/>
</testsuite> <!-- Promesa_Test_Case_Development.Footer -->
