<?xml version="1.0" encoding="UTF-8"?>
<!-- Generated by org.testng.reporters.JUnitReportReporter -->
<testsuite hostname="DESKTOP-N7K85DJ" name="AUW_Global_Test_Cases_Development.Home_More" tests="1" failures="0" timestamp="28 Dec 2021 09:27:57 GMT" time="74.008" errors="0">
  <testcase name="More_button" time="74.008" classname="AUW_Global_Test_Cases_Development.Home_More"/>
</testsuite> <!-- AUW_Global_Test_Cases_Development.Home_More -->
