<?xml version="1.0" encoding="UTF-8"?>
<!-- Generated by org.testng.reporters.JUnitReportReporter -->
<testsuite hostname="DESKTOP-N7K85DJ" name="Promesa_Test_Case_Prod.Footer" tests="10" failures="0" timestamp="9 Dec 2021 13:26:34 GMT" time="186.382" errors="0">
  <testcase name="Footer_PrivacyPolicy" time="29.187" classname="Promesa_Test_Case_Prod.Footer"/>
  <testcase name="Footer_twitter" time="15.265" classname="Promesa_Test_Case_Prod.Footer"/>
  <testcase name="Footer_linkedin" time="11.358" classname="Promesa_Test_Case_Prod.Footer"/>
  <testcase name="Footer_facebook" time="29.182" classname="Promesa_Test_Case_Prod.Footer"/>
  <testcase name="Footer_PrivacyPolicy" time="24.843" classname="Promesa_Test_Case_Prod.Footer"/>
  <testcase name="Footer_twitter" time="10.790" classname="Promesa_Test_Case_Prod.Footer"/>
  <testcase name="Footer_instagram" time="14.132" classname="Promesa_Test_Case_Prod.Footer"/>
  <testcase name="Footer_facebook" time="24.473" classname="Promesa_Test_Case_Prod.Footer"/>
  <testcase name="Footer_instagram" time="11.434" classname="Promesa_Test_Case_Prod.Footer"/>
  <testcase name="Footer_linkedin" time="15.718" classname="Promesa_Test_Case_Prod.Footer"/>
</testsuite> <!-- Promesa_Test_Case_Prod.Footer -->
