<?xml version="1.0" encoding="UTF-8"?>
<!-- Generated by org.testng.reporters.JUnitReportReporter -->
<testsuite hostname="DESKTOP-N7K85DJ" name="AUW_Test_case_prod.AUW_PPP" tests="2" failures="0" timestamp="8 Apr 2022 08:47:38 GMT" time="153.770" errors="0">
  <testcase name="main" time="26.137" classname="AUW_Test_case_prod.AUW_PPP"/>
  <testcase name="main" time="127.633" classname="AUW_Test_case_prod.AUW_PPP"/>
</testsuite> <!-- AUW_Test_case_prod.AUW_PPP -->
