<?xml version="1.0" encoding="UTF-8"?>
<!-- Generated by org.testng.reporters.JUnitReportReporter -->
<testsuite hostname="DESKTOP-N7K85DJ" name="AUW_Test_Case_dev.AUW_PPP" tests="2" failures="0" timestamp="24 Feb 2022 15:18:07 GMT" time="179.574" errors="0">
  <testcase name="main" time="36.701" classname="AUW_Test_Case_dev.AUW_PPP"/>
  <testcase name="main" time="142.873" classname="AUW_Test_Case_dev.AUW_PPP"/>
</testsuite> <!-- AUW_Test_Case_dev.AUW_PPP -->
