<?xml version="1.0" encoding="UTF-8"?>
<!-- Generated by org.testng.reporters.JUnitReportReporter -->
<testsuite hostname="DESKTOP-N7K85DJ" name="MTL_Test_Cases_Prod.Home_URL" tests="2" failures="0" timestamp="4 Jan 2022 15:10:58 GMT" time="105.819" errors="0">
  <testcase name="Footer" time="46.201" classname="MTL_Test_Cases_Prod.Home_URL"/>
  <testcase name="Footer" time="59.618" classname="MTL_Test_Cases_Prod.Home_URL"/>
</testsuite> <!-- MTL_Test_Cases_Prod.Home_URL -->
