<?xml version="1.0" encoding="UTF-8"?>
<!-- Generated by org.testng.reporters.JUnitReportReporter -->
<testsuite hostname="DESKTOP-N7K85DJ" name="Promesa_Test_Case_Development.Footer" tests="2" failures="0" timestamp="10 Feb 2022 14:59:57 GMT" time="137.118" errors="0">
  <testcase name="Footer" time="64.399" classname="Promesa_Test_Case_Development.Footer"/>
  <testcase name="Footer" time="72.719" classname="Promesa_Test_Case_Development.Footer"/>
</testsuite> <!-- Promesa_Test_Case_Development.Footer -->
