<?xml version="1.0" encoding="UTF-8"?>
<!-- Generated by org.testng.reporters.JUnitReportReporter -->
<testsuite hostname="DESKTOP-N7K85DJ" name="Promesa_Test_Case_Prod.Change_language" tests="2" failures="0" timestamp="24 Dec 2021 14:37:44 GMT" time="26.971" errors="0">
  <testcase name="Change_Language" time="18.063" classname="Promesa_Test_Case_Prod.Change_language"/>
  <testcase name="Change_Language" time="8.908" classname="Promesa_Test_Case_Prod.Change_language"/>
</testsuite> <!-- Promesa_Test_Case_Prod.Change_language -->
