<?xml version="1.0" encoding="UTF-8"?>
<!-- Generated by org.testng.reporters.JUnitReportReporter -->
<testsuite hostname="DESKTOP-N7K85DJ" name="AUW_Test_case_prod.AUW_NJ_Update" tests="2" failures="0" timestamp="1 Apr 2022 10:47:35 GMT" time="146.222" errors="0">
  <testcase name="main" time="97.516" classname="AUW_Test_case_prod.AUW_NJ_Update"/>
  <testcase name="main" time="48.706" classname="AUW_Test_case_prod.AUW_NJ_Update"/>
</testsuite> <!-- AUW_Test_case_prod.AUW_NJ_Update -->
