<?xml version="1.0" encoding="UTF-8"?>
<!-- Generated by org.testng.reporters.JUnitReportReporter -->
<testsuite hostname="DESKTOP-N7K85DJ" name="Adler_TestCases_Prod.News" tests="2" failures="0" timestamp="11 Feb 2022 12:38:07 GMT" time="337.402" errors="0">
  <testcase name="main_Home_Page" time="151.456" classname="Adler_TestCases_Prod.News"/>
  <testcase name="main_Home_Page" time="185.946" classname="Adler_TestCases_Prod.News"/>
</testsuite> <!-- Adler_TestCases_Prod.News -->
