<?xml version="1.0" encoding="UTF-8"?>
<!-- Generated by org.testng.reporters.JUnitReportReporter -->
<testsuite hostname="DESKTOP-N7K85DJ" name="Casuality_Prod_TC.Menu_Press_Room" tests="2" failures="0" timestamp="12 Apr 2022 10:11:26 GMT" time="113.327" errors="0">
  <testcase name="HomePage" time="56.131" classname="Casuality_Prod_TC.Menu_Press_Room"/>
  <testcase name="HomePage" time="57.196" classname="Casuality_Prod_TC.Menu_Press_Room"/>
</testsuite> <!-- Casuality_Prod_TC.Menu_Press_Room -->
