<?xml version="1.0" encoding="UTF-8"?>
<!-- Generated by org.testng.reporters.JUnitReportReporter -->
<testsuite hostname="DESKTOP-N7K85DJ" name="Promesa_Test_Case_Prod.Change_language" tests="2" failures="0" timestamp="12 Jan 2022 15:20:27 GMT" time="81.634" errors="0">
  <testcase name="Change_Language" time="14.191" classname="Promesa_Test_Case_Prod.Change_language"/>
  <testcase name="Change_Language" time="67.443" classname="Promesa_Test_Case_Prod.Change_language"/>
</testsuite> <!-- Promesa_Test_Case_Prod.Change_language -->
