<?xml version="1.0" encoding="UTF-8"?>
<!-- Generated by org.testng.reporters.JUnitReportReporter -->
<testsuite hostname="DESKTOP-N7K85DJ" name="Pinnacle_Test_Cases_Production.WatsNew" tests="2" failures="0" timestamp="17 Mar 2022 11:54:46 GMT" time="291.341" errors="0">
  <testcase name="WhatsNew" time="194.282" classname="Pinnacle_Test_Cases_Production.WatsNew"/>
  <testcase name="WhatsNew" time="97.059" classname="Pinnacle_Test_Cases_Production.WatsNew"/>
</testsuite> <!-- Pinnacle_Test_Cases_Production.WatsNew -->
