<?xml version="1.0" encoding="UTF-8"?>
<!-- Generated by org.testng.reporters.JUnitReportReporter -->
<testsuite hostname="DESKTOP-N7K85DJ" name="Warranty_Test_Case_Dev.NewsEvents" tests="2" failures="0" timestamp="14 Jan 2022 10:44:32 GMT" time="374.398" errors="0">
  <testcase name="NewsEvents" time="215.721" classname="Warranty_Test_Case_Dev.NewsEvents"/>
  <testcase name="NewsEvents" time="158.677" classname="Warranty_Test_Case_Dev.NewsEvents"/>
</testsuite> <!-- Warranty_Test_Case_Dev.NewsEvents -->
