<?xml version="1.0" encoding="UTF-8"?>
<!-- Generated by org.testng.reporters.JUnitReportReporter -->
<testsuite hostname="DESKTOP-N7K85DJ" name="AUW_Test_case_prod.AUW_CallUpdate" tests="2" failures="0" timestamp="16 Mar 2022 12:48:23 GMT" time="156.758" errors="0">
  <testcase name="main" time="106.691" classname="AUW_Test_case_prod.AUW_CallUpdate"/>
  <testcase name="main" time="50.067" classname="AUW_Test_case_prod.AUW_CallUpdate"/>
</testsuite> <!-- AUW_Test_case_prod.AUW_CallUpdate -->
