<?xml version="1.0" encoding="UTF-8"?>
<!-- Generated by org.testng.reporters.JUnitReportReporter -->
<testsuite hostname="DESKTOP-N7K85DJ" name="Casuality_Prod_TC.Menu_About_US" tests="2" failures="0" timestamp="22 Apr 2022 10:04:10 GMT" time="180.456" errors="0">
  <testcase name="HomePage" time="129.864" classname="Casuality_Prod_TC.Menu_About_US"/>
  <testcase name="HomePage" time="50.592" classname="Casuality_Prod_TC.Menu_About_US"/>
</testsuite> <!-- Casuality_Prod_TC.Menu_About_US -->
