<?xml version="1.0" encoding="UTF-8"?>
<!-- Generated by org.testng.reporters.JUnitReportReporter -->
<testsuite hostname="DESKTOP-N7K85DJ" name="Warranty_Test_Case_Prod.Partner_With_US" tests="2" failures="0" timestamp="15 Feb 2022 15:16:06 GMT" time="69.419" errors="0">
  <testcase name="partner" time="48.480" classname="Warranty_Test_Case_Prod.Partner_With_US"/>
  <testcase name="partner" time="20.939" classname="Warranty_Test_Case_Prod.Partner_With_US"/>
</testsuite> <!-- Warranty_Test_Case_Prod.Partner_With_US -->
