<?xml version="1.0" encoding="UTF-8"?>
<!-- Generated by org.testng.reporters.JUnitReportReporter -->
<testsuite hostname="DESKTOP-N7K85DJ" name="Adler_TestCases_Development.News" tests="2" failures="0" timestamp="4 Jan 2022 11:14:57 GMT" time="297.124" errors="0">
  <testcase name="main_Home_Page" time="138.318" classname="Adler_TestCases_Development.News"/>
  <testcase name="main_Home_Page" time="158.806" classname="Adler_TestCases_Development.News"/>
</testsuite> <!-- Adler_TestCases_Development.News -->
