<?xml version="1.0" encoding="UTF-8"?>
<!-- Generated by org.testng.reporters.JUnitReportReporter -->
<testsuite hostname="DESKTOP-N7K85DJ" name="Solution_one_Development.Side_head_sample" tests="5" failures="0" timestamp="15 Dec 2021 09:54:42 GMT" time="248.044" errors="0">
  <testcase name="Side_Heading_Two" time="50.105" classname="Solution_one_Development.Side_head_sample"/>
  <testcase name="Side_Heading_Four" time="49.191" classname="Solution_one_Development.Side_head_sample"/>
  <testcase name="Side_Heading_Three" time="53.398" classname="Solution_one_Development.Side_head_sample"/>
  <testcase name="Side_Heading_Five" time="49.719" classname="Solution_one_Development.Side_head_sample"/>
  <testcase name="Side_Heading_One" time="45.631" classname="Solution_one_Development.Side_head_sample"/>
</testsuite> <!-- Solution_one_Development.Side_head_sample -->
