<?xml version="1.0" encoding="UTF-8"?>
<!-- Generated by org.testng.reporters.JUnitReportReporter -->
<testsuite hostname="DESKTOP-N7K85DJ" name="Promesa_Test_Case_Prod.Footer" tests="10" failures="0" timestamp="11 Mar 2022 13:55:32 GMT" time="330.648" errors="0">
  <testcase name="Footer_instagram" time="20.702" classname="Promesa_Test_Case_Prod.Footer"/>
  <testcase name="Footer_facebook" time="48.371" classname="Promesa_Test_Case_Prod.Footer"/>
  <testcase name="Footer_twitter" time="15.488" classname="Promesa_Test_Case_Prod.Footer"/>
  <testcase name="Footer_instagram" time="17.476" classname="Promesa_Test_Case_Prod.Footer"/>
  <testcase name="Footer_linkedin" time="77.870" classname="Promesa_Test_Case_Prod.Footer"/>
  <testcase name="Footer_twitter" time="34.169" classname="Promesa_Test_Case_Prod.Footer"/>
  <testcase name="Footer_linkedin" time="15.980" classname="Promesa_Test_Case_Prod.Footer"/>
  <testcase name="Footer_PrivacyPolicy" time="29.078" classname="Promesa_Test_Case_Prod.Footer"/>
  <testcase name="Footer_facebook" time="29.250" classname="Promesa_Test_Case_Prod.Footer"/>
  <testcase name="Footer_PrivacyPolicy" time="42.264" classname="Promesa_Test_Case_Prod.Footer"/>
</testsuite> <!-- Promesa_Test_Case_Prod.Footer -->
