<?xml version="1.0" encoding="UTF-8"?>
<!-- Generated by org.testng.reporters.JUnitReportReporter -->
<testsuite hostname="DESKTOP-N7K85DJ" name="Promesa_Test_Case_Prod.Change_language" tests="2" failures="0" timestamp="23 Mar 2022 12:03:18 GMT" time="32.472" errors="0">
  <testcase name="Change_Language" time="20.181" classname="Promesa_Test_Case_Prod.Change_language"/>
  <testcase name="Change_Language" time="12.291" classname="Promesa_Test_Case_Prod.Change_language"/>
</testsuite> <!-- Promesa_Test_Case_Prod.Change_language -->
