<?xml version="1.0" encoding="UTF-8"?>
<!-- Generated by org.testng.reporters.JUnitReportReporter -->
<testsuite hostname="DESKTOP-N7K85DJ" name="AFL_Test_Case_Prod.HomePage_TC" tests="2" failures="0" timestamp="23 Mar 2022 12:22:06 GMT" time="228.378" errors="0">
  <testcase name="Home_Page" time="106.827" classname="AFL_Test_Case_Prod.HomePage_TC"/>
  <testcase name="Home_Page" time="121.551" classname="AFL_Test_Case_Prod.HomePage_TC"/>
</testsuite> <!-- AFL_Test_Case_Prod.HomePage_TC -->
