<?xml version="1.0" encoding="UTF-8"?>
<!-- Generated by org.testng.reporters.JUnitReportReporter -->
<testsuite hostname="DESKTOP-N7K85DJ" name="Promesa_Test_Case_Prod.Change_language" tests="2" failures="0" timestamp="11 Mar 2022 13:55:32 GMT" time="43.157" errors="0">
  <testcase name="Change_Language" time="12.966" classname="Promesa_Test_Case_Prod.Change_language"/>
  <testcase name="Change_Language" time="30.191" classname="Promesa_Test_Case_Prod.Change_language"/>
</testsuite> <!-- Promesa_Test_Case_Prod.Change_language -->
