<?xml version="1.0" encoding="UTF-8"?>
<!-- Generated by org.testng.reporters.JUnitReportReporter -->
<testsuite hostname="DESKTOP-N7K85DJ" name="AUW_Test_Case_dev.AUW_header_web_Development" tests="2" failures="0" timestamp="23 Dec 2021 12:43:52 GMT" time="121.316" errors="0">
  <testcase name="main" time="53.344" classname="AUW_Test_Case_dev.AUW_header_web_Development"/>
  <testcase name="main" time="67.972" classname="AUW_Test_Case_dev.AUW_header_web_Development"/>
</testsuite> <!-- AUW_Test_Case_dev.AUW_header_web_Development -->
