<?xml version="1.0" encoding="UTF-8"?>
<!-- Generated by org.testng.reporters.JUnitReportReporter -->
<testsuite hostname="DESKTOP-N7K85DJ" name="AUW_Test_case_prod.AUW_header_web_Prod" tests="2" failures="0" timestamp="24 Dec 2021 14:37:44 GMT" time="108.473" errors="0">
  <testcase name="main" time="57.265" classname="AUW_Test_case_prod.AUW_header_web_Prod"/>
  <testcase name="main" time="51.208" classname="AUW_Test_case_prod.AUW_header_web_Prod"/>
</testsuite> <!-- AUW_Test_case_prod.AUW_header_web_Prod -->
