<?xml version="1.0" encoding="UTF-8"?>
<!-- Generated by org.testng.reporters.JUnitReportReporter -->
<testsuite hostname="DESKTOP-N7K85DJ" name="Solution_one_Prod.Footer_Production" tests="2" failures="0" timestamp="11 Mar 2022 13:55:32 GMT" time="244.991" errors="0">
  <testcase name="Footer" time="178.096" classname="Solution_one_Prod.Footer_Production"/>
  <testcase name="Footer" time="66.895" classname="Solution_one_Prod.Footer_Production"/>
</testsuite> <!-- Solution_one_Prod.Footer_Production -->
