<?xml version="1.0" encoding="UTF-8"?>
<!-- Generated by org.testng.reporters.JUnitReportReporter -->
<testsuite hostname="DESKTOP-N7K85DJ" name="Warranty_Test_Case_Prod.Our_Partner" tests="12" failures="0" timestamp="4 Feb 2022 10:36:28 GMT" time="1078.795" errors="0">
  <testcase name="Partner5" time="80.963" classname="Warranty_Test_Case_Prod.Our_Partner"/>
  <testcase name="Partner6" time="76.462" classname="Warranty_Test_Case_Prod.Our_Partner"/>
  <testcase name="Partner3" time="83.293" classname="Warranty_Test_Case_Prod.Our_Partner"/>
  <testcase name="Partner3" time="80.550" classname="Warranty_Test_Case_Prod.Our_Partner"/>
  <testcase name="Partner4" time="73.434" classname="Warranty_Test_Case_Prod.Our_Partner"/>
  <testcase name="Partner2" time="147.019" classname="Warranty_Test_Case_Prod.Our_Partner"/>
  <testcase name="Partner4" time="86.616" classname="Warranty_Test_Case_Prod.Our_Partner"/>
  <testcase name="Partner1" time="145.912" classname="Warranty_Test_Case_Prod.Our_Partner"/>
  <testcase name="Partner6" time="76.175" classname="Warranty_Test_Case_Prod.Our_Partner"/>
  <testcase name="Partner5" time="67.215" classname="Warranty_Test_Case_Prod.Our_Partner"/>
  <testcase name="Partner2" time="79.570" classname="Warranty_Test_Case_Prod.Our_Partner"/>
  <testcase name="Partner1" time="81.586" classname="Warranty_Test_Case_Prod.Our_Partner"/>
</testsuite> <!-- Warranty_Test_Case_Prod.Our_Partner -->
