<?xml version="1.0" encoding="UTF-8"?>
<!-- Generated by org.testng.reporters.JUnitReportReporter -->
<testsuite hostname="DESKTOP-N7K85DJ" name="Warranty_Test_Case_Prod.Partner_With_US" tests="2" failures="0" timestamp="5 Jan 2022 10:13:38 GMT" time="59.969" errors="0">
  <testcase name="partner" time="30.260" classname="Warranty_Test_Case_Prod.Partner_With_US"/>
  <testcase name="partner" time="29.709" classname="Warranty_Test_Case_Prod.Partner_With_US"/>
</testsuite> <!-- Warranty_Test_Case_Prod.Partner_With_US -->
