<?xml version="1.0" encoding="UTF-8"?>
<!-- Generated by org.testng.reporters.JUnitReportReporter -->
<testsuite hostname="DESKTOP-N7K85DJ" name="AUW_Test_case_prod.AUW_NJ_Update" tests="2" failures="0" timestamp="28 Feb 2022 06:59:29 GMT" time="176.204" errors="0">
  <testcase name="main" time="119.380" classname="AUW_Test_case_prod.AUW_NJ_Update"/>
  <testcase name="main" time="56.824" classname="AUW_Test_case_prod.AUW_NJ_Update"/>
</testsuite> <!-- AUW_Test_case_prod.AUW_NJ_Update -->
