<?xml version="1.0" encoding="UTF-8"?>
<!-- Generated by org.testng.reporters.JUnitReportReporter -->
<testsuite hostname="DESKTOP-N7K85DJ" name="Speciality_underwriters_Test_Case_Dev.About_Us" tests="2" failures="0" timestamp="24 Feb 2022 15:18:07 GMT" time="48.316" errors="0">
  <testcase name="Footer" time="22.473" classname="Speciality_underwriters_Test_Case_Dev.About_Us"/>
  <testcase name="Footer" time="25.843" classname="Speciality_underwriters_Test_Case_Dev.About_Us"/>
</testsuite> <!-- Speciality_underwriters_Test_Case_Dev.About_Us -->
