<?xml version="1.0" encoding="UTF-8"?>
<!-- Generated by org.testng.reporters.JUnitReportReporter -->
<testsuite hostname="DESKTOP-N7K85DJ" name="MTL_Test_Cases_Prod.Home_URL" tests="2" failures="0" timestamp="8 Mar 2022 09:14:17 GMT" time="178.300" errors="0">
  <testcase name="Footer" time="129.911" classname="MTL_Test_Cases_Prod.Home_URL"/>
  <testcase name="Footer" time="48.389" classname="MTL_Test_Cases_Prod.Home_URL"/>
</testsuite> <!-- MTL_Test_Cases_Prod.Home_URL -->
