<?xml version="1.0" encoding="UTF-8"?>
<!-- Generated by org.testng.reporters.JUnitReportReporter -->
<testsuite hostname="DESKTOP-N7K85DJ" name="AUW_Test_case_prod.AUW_PPP" tests="2" failures="0" timestamp="12 Jan 2022 15:20:27 GMT" time="226.687" errors="0">
  <testcase name="main" time="198.985" classname="AUW_Test_case_prod.AUW_PPP"/>
  <testcase name="main" time="27.702" classname="AUW_Test_case_prod.AUW_PPP"/>
</testsuite> <!-- AUW_Test_case_prod.AUW_PPP -->
