<?xml version="1.0" encoding="UTF-8"?>
<!-- Generated by org.testng.reporters.JUnitReportReporter -->
<testsuite hostname="DESKTOP-N7K85DJ" name="Solution_one_Prod.Footer_Production" tests="2" failures="0" timestamp="18 Jan 2022 13:48:13 GMT" time="223.765" errors="0">
  <testcase name="Footer" time="147.002" classname="Solution_one_Prod.Footer_Production"/>
  <testcase name="Footer" time="76.763" classname="Solution_one_Prod.Footer_Production"/>
</testsuite> <!-- Solution_one_Prod.Footer_Production -->
