<?xml version="1.0" encoding="UTF-8"?>
<!-- Generated by org.testng.reporters.JUnitReportReporter -->
<testsuite hostname="DESKTOP-N7K85DJ" name="Warranty_Test_Case_Dev.Partner_With_US" tests="2" failures="0" timestamp="14 Jan 2022 10:44:32 GMT" time="92.063" errors="0">
  <testcase name="partner" time="43.841" classname="Warranty_Test_Case_Dev.Partner_With_US"/>
  <testcase name="partner" time="48.222" classname="Warranty_Test_Case_Dev.Partner_With_US"/>
</testsuite> <!-- Warranty_Test_Case_Dev.Partner_With_US -->
