<?xml version="1.0" encoding="UTF-8"?>
<!-- Generated by org.testng.reporters.JUnitReportReporter -->
<testsuite hostname="DESKTOP-N7K85DJ" name="AUW_Test_case_prod.AUW_CallUpdate" tests="2" failures="0" timestamp="16 Feb 2022 08:42:47 GMT" time="177.085" errors="0">
  <testcase name="main" time="123.574" classname="AUW_Test_case_prod.AUW_CallUpdate"/>
  <testcase name="main" time="53.511" classname="AUW_Test_case_prod.AUW_CallUpdate"/>
</testsuite> <!-- AUW_Test_case_prod.AUW_CallUpdate -->
