<?xml version="1.0" encoding="UTF-8"?>
<!-- Generated by org.testng.reporters.JUnitReportReporter -->
<testsuite hostname="DESKTOP-N7K85DJ" name="AUW_Test_case_prod.AUW_Experience" tests="2" failures="0" timestamp="9 Dec 2021 13:26:34 GMT" time="549.897" errors="0">
  <testcase name="main" time="271.465" classname="AUW_Test_case_prod.AUW_Experience"/>
  <testcase name="main" time="278.432" classname="AUW_Test_case_prod.AUW_Experience"/>
</testsuite> <!-- AUW_Test_case_prod.AUW_Experience -->
