<?xml version="1.0" encoding="UTF-8"?>
<!-- Generated by org.testng.reporters.JUnitReportReporter -->
<testsuite hostname="DESKTOP-N7K85DJ" name="Casuality_Dev_TC.Home_page" tests="2" failures="0" timestamp="12 Apr 2022 05:27:58 GMT" time="162.631" errors="0">
  <testcase name="HomePage" time="69.398" classname="Casuality_Dev_TC.Home_page"/>
  <testcase name="HomePage" time="93.233" classname="Casuality_Dev_TC.Home_page"/>
</testsuite> <!-- Casuality_Dev_TC.Home_page -->
