<?xml version="1.0" encoding="UTF-8"?>
<!-- Generated by org.testng.reporters.JUnitReportReporter -->
<testsuite hostname="DESKTOP-N7K85DJ" name="Warranty_Test_Case_Dev.HomePage_Testcase" tests="2" failures="0" timestamp="4 Apr 2022 07:43:47 GMT" time="640.825" errors="0">
  <testcase name="Home_page" time="305.769" classname="Warranty_Test_Case_Dev.HomePage_Testcase"/>
  <testcase name="Home_page" time="335.056" classname="Warranty_Test_Case_Dev.HomePage_Testcase"/>
</testsuite> <!-- Warranty_Test_Case_Dev.HomePage_Testcase -->
