<?xml version="1.0" encoding="UTF-8"?>
<!-- Generated by org.testng.reporters.JUnitReportReporter -->
<testsuite hostname="DESKTOP-N7K85DJ" name="Promesa_Test_Case_Prod.Footer" tests="10" failures="0" timestamp="11 Feb 2022 12:38:07 GMT" time="322.357" errors="0">
  <testcase name="Footer_twitter" time="21.399" classname="Promesa_Test_Case_Prod.Footer"/>
  <testcase name="Footer_linkedin" time="25.417" classname="Promesa_Test_Case_Prod.Footer"/>
  <testcase name="Footer_facebook" time="38.319" classname="Promesa_Test_Case_Prod.Footer"/>
  <testcase name="Footer_instagram" time="19.940" classname="Promesa_Test_Case_Prod.Footer"/>
  <testcase name="Footer_linkedin" time="17.702" classname="Promesa_Test_Case_Prod.Footer"/>
  <testcase name="Footer_twitter" time="68.428" classname="Promesa_Test_Case_Prod.Footer"/>
  <testcase name="Footer_PrivacyPolicy" time="36.189" classname="Promesa_Test_Case_Prod.Footer"/>
  <testcase name="Footer_facebook" time="34.468" classname="Promesa_Test_Case_Prod.Footer"/>
  <testcase name="Footer_PrivacyPolicy" time="34.031" classname="Promesa_Test_Case_Prod.Footer"/>
  <testcase name="Footer_instagram" time="26.464" classname="Promesa_Test_Case_Prod.Footer"/>
</testsuite> <!-- Promesa_Test_Case_Prod.Footer -->
