<?xml version="1.0" encoding="UTF-8"?>
<!-- Generated by org.testng.reporters.JUnitReportReporter -->
<testsuite hostname="DESKTOP-N7K85DJ" name="MTL_Test_Cases_Prod.Home_URL" tests="2" failures="0" timestamp="21 Feb 2022 13:14:22 GMT" time="124.805" errors="0">
  <testcase name="Footer" time="56.650" classname="MTL_Test_Cases_Prod.Home_URL"/>
  <testcase name="Footer" time="68.155" classname="MTL_Test_Cases_Prod.Home_URL"/>
</testsuite> <!-- MTL_Test_Cases_Prod.Home_URL -->
