<?xml version="1.0" encoding="UTF-8"?>
<!-- Generated by org.testng.reporters.JUnitReportReporter -->
<testsuite hostname="DESKTOP-N7K85DJ" name="Warranty_Test_Case_Prod.Contact_US" tests="2" failures="0" timestamp="27 Jan 2022 13:33:16 GMT" time="118.173" errors="0">
  <testcase name="ContactUS" time="65.788" classname="Warranty_Test_Case_Prod.Contact_US"/>
  <testcase name="ContactUS" time="52.385" classname="Warranty_Test_Case_Prod.Contact_US"/>
</testsuite> <!-- Warranty_Test_Case_Prod.Contact_US -->
