<?xml version="1.0" encoding="UTF-8"?>
<!-- Generated by org.testng.reporters.JUnitReportReporter -->
<testsuite hostname="DESKTOP-N7K85DJ" name="AUW_Test_case_prod.Practices_CustomerSeekingCoverage" tests="2" failures="0" timestamp="26 Apr 2022 10:56:41 GMT" time="449.763" errors="0">
  <testcase name="Practices_CustomerSeekingCoverage" time="224.958" classname="AUW_Test_case_prod.Practices_CustomerSeekingCoverage"/>
  <testcase name="Practices_CustomerSeekingCoverage" time="224.805" classname="AUW_Test_case_prod.Practices_CustomerSeekingCoverage"/>
</testsuite> <!-- AUW_Test_case_prod.Practices_CustomerSeekingCoverage -->
