<?xml version="1.0" encoding="UTF-8"?>
<!-- Generated by org.testng.reporters.JUnitReportReporter -->
<testsuite hostname="DESKTOP-N7K85DJ" name="Promesa_Test_Case_Development.Change_language" tests="2" failures="0" timestamp="14 Dec 2021 11:47:24 GMT" time="21.532" errors="0">
  <testcase name="Change_Language" time="9.142" classname="Promesa_Test_Case_Development.Change_language"/>
  <testcase name="Change_Language" time="12.390" classname="Promesa_Test_Case_Development.Change_language"/>
</testsuite> <!-- Promesa_Test_Case_Development.Change_language -->
