<?xml version="1.0" encoding="UTF-8"?>
<!-- Generated by org.testng.reporters.JUnitReportReporter -->
<testsuite hostname="DESKTOP-N7K85DJ" name="Adler_TestCases_Prod.News" tests="2" failures="0" timestamp="22 Dec 2021 09:39:17 GMT" time="257.154" errors="0">
  <testcase name="main_Home_Page" time="130.418" classname="Adler_TestCases_Prod.News"/>
  <testcase name="main_Home_Page" time="126.736" classname="Adler_TestCases_Prod.News"/>
</testsuite> <!-- Adler_TestCases_Prod.News -->
