<?xml version="1.0" encoding="UTF-8"?>
<!-- Generated by org.testng.reporters.JUnitReportReporter -->
<testsuite hostname="DESKTOP-N7K85DJ" name="Adler_TestCases_Prod.Home" tests="2" failures="0" timestamp="4 Feb 2022 10:36:29 GMT" time="83.459" errors="0">
  <testcase name="main_Home_Page" time="37.032" classname="Adler_TestCases_Prod.Home"/>
  <testcase name="main_Home_Page" time="46.427" classname="Adler_TestCases_Prod.Home"/>
</testsuite> <!-- Adler_TestCases_Prod.Home -->
