<?xml version="1.0" encoding="UTF-8"?>
<!-- Generated by org.testng.reporters.JUnitReportReporter -->
<testsuite hostname="DESKTOP-N7K85DJ" name="MTL_Test_Cases_Prod.More_offers_TC" tests="2" failures="0" timestamp="7 Mar 2022 11:16:52 GMT" time="162.591" errors="0">
  <testcase name="More_offers" time="54.420" classname="MTL_Test_Cases_Prod.More_offers_TC"/>
  <testcase name="More_offers" time="108.171" classname="MTL_Test_Cases_Prod.More_offers_TC"/>
</testsuite> <!-- MTL_Test_Cases_Prod.More_offers_TC -->
