<?xml version="1.0" encoding="UTF-8"?>
<!-- Generated by org.testng.reporters.JUnitReportReporter -->
<testsuite hostname="DESKTOP-N7K85DJ" name="AUW_Test_Case_dev.AUW_Experience" tests="2" failures="0" timestamp="28 Feb 2022 07:58:39 GMT" time="719.454" errors="0">
  <testcase name="main" time="382.205" classname="AUW_Test_Case_dev.AUW_Experience"/>
  <testcase name="main" time="337.249" classname="AUW_Test_Case_dev.AUW_Experience"/>
</testsuite> <!-- AUW_Test_Case_dev.AUW_Experience -->
