<?xml version="1.0" encoding="UTF-8"?>
<!-- Generated by org.testng.reporters.JUnitReportReporter -->
<testsuite hostname="DESKTOP-N7K85DJ" name="Warranty_Test_Case_Prod.About_US" tests="2" failures="0" timestamp="14 Jan 2022 12:33:11 GMT" time="180.072" errors="0">
  <testcase name="Home_page" time="138.504" classname="Warranty_Test_Case_Prod.About_US"/>
  <testcase name="Home_page" time="41.568" classname="Warranty_Test_Case_Prod.About_US"/>
</testsuite> <!-- Warranty_Test_Case_Prod.About_US -->
