<?xml version="1.0" encoding="UTF-8"?>
<!-- Generated by org.testng.reporters.JUnitReportReporter -->
<testsuite hostname="DESKTOP-N7K85DJ" name="MTL_Test_Cases_Prod.More_offers_TC" tests="2" failures="0" timestamp="27 Dec 2021 15:43:57 GMT" time="124.625" errors="0">
  <testcase name="More_offers" time="34.473" classname="MTL_Test_Cases_Prod.More_offers_TC"/>
  <testcase name="More_offers" time="90.152" classname="MTL_Test_Cases_Prod.More_offers_TC"/>
</testsuite> <!-- MTL_Test_Cases_Prod.More_offers_TC -->
