<?xml version="1.0" encoding="UTF-8"?>
<!-- Generated by org.testng.reporters.JUnitReportReporter -->
<testsuite hostname="DESKTOP-N7K85DJ" name="Adler_TestCases_Prod.Home" tests="2" failures="0" timestamp="4 Jan 2022 15:10:58 GMT" time="94.793" errors="0">
  <testcase name="main_Home_Page" time="33.588" classname="Adler_TestCases_Prod.Home"/>
  <testcase name="main_Home_Page" time="61.205" classname="Adler_TestCases_Prod.Home"/>
</testsuite> <!-- Adler_TestCases_Prod.Home -->
