<?xml version="1.0" encoding="UTF-8"?>
<!-- Generated by org.testng.reporters.JUnitReportReporter -->
<testsuite hostname="DESKTOP-N7K85DJ" name="Adler_TestCases_Prod.Home" tests="2" failures="0" timestamp="22 Dec 2021 09:39:17 GMT" time="61.096" errors="0">
  <testcase name="main_Home_Page" time="31.755" classname="Adler_TestCases_Prod.Home"/>
  <testcase name="main_Home_Page" time="29.341" classname="Adler_TestCases_Prod.Home"/>
</testsuite> <!-- Adler_TestCases_Prod.Home -->
