<?xml version="1.0" encoding="UTF-8"?>
<!-- Generated by org.testng.reporters.JUnitReportReporter -->
<testsuite hostname="DESKTOP-N7K85DJ" name="Speciality_underwriters_Test_Case_Prod.About_Us" tests="2" failures="0" timestamp="15 Dec 2021 11:56:30 GMT" time="38.225" errors="0">
  <testcase name="Footer" time="16.771" classname="Speciality_underwriters_Test_Case_Prod.About_Us"/>
  <testcase name="Footer" time="21.454" classname="Speciality_underwriters_Test_Case_Prod.About_Us"/>
</testsuite> <!-- Speciality_underwriters_Test_Case_Prod.About_Us -->
