<?xml version="1.0" encoding="UTF-8"?>
<!-- Generated by org.testng.reporters.JUnitReportReporter -->
<testsuite hostname="DESKTOP-N7K85DJ" name="Adler_TestCases_Prod.Home" tests="2" failures="0" timestamp="11 Mar 2022 13:55:32 GMT" time="113.030" errors="0">
  <testcase name="main_Home_Page" time="79.403" classname="Adler_TestCases_Prod.Home"/>
  <testcase name="main_Home_Page" time="33.627" classname="Adler_TestCases_Prod.Home"/>
</testsuite> <!-- Adler_TestCases_Prod.Home -->
