<?xml version="1.0" encoding="UTF-8"?>
<!-- Generated by org.testng.reporters.JUnitReportReporter -->
<testsuite hostname="DESKTOP-N7K85DJ" name="Casuality_Prod_TC.Menu_Press_Room" tests="2" failures="0" timestamp="11 Feb 2022 12:57:48 GMT" time="159.266" errors="0">
  <testcase name="HomePage" time="91.705" classname="Casuality_Prod_TC.Menu_Press_Room"/>
  <testcase name="HomePage" time="67.561" classname="Casuality_Prod_TC.Menu_Press_Room"/>
</testsuite> <!-- Casuality_Prod_TC.Menu_Press_Room -->
