<?xml version="1.0" encoding="UTF-8"?>
<!-- Generated by org.testng.reporters.JUnitReportReporter -->
<testsuite hostname="DESKTOP-N7K85DJ" name="AUW_Test_case_prod.AUW_AboutUS" tests="2" failures="0" timestamp="10 May 2022 11:54:17 GMT" time="235.171" errors="0">
  <testcase name="AboutUS" time="148.957" classname="AUW_Test_case_prod.AUW_AboutUS"/>
  <testcase name="AboutUS" time="86.214" classname="AUW_Test_case_prod.AUW_AboutUS"/>
</testsuite> <!-- AUW_Test_case_prod.AUW_AboutUS -->
