<?xml version="1.0" encoding="UTF-8"?>
<!-- Generated by org.testng.reporters.JUnitReportReporter -->
<testsuite hostname="DESKTOP-N7K85DJ" name="MTL_Test_Cases_Prod.Home_URL" tests="2" failures="0" timestamp="2 May 2022 07:01:07 GMT" time="110.588" errors="0">
  <testcase name="Footer" time="67.430" classname="MTL_Test_Cases_Prod.Home_URL"/>
  <testcase name="Footer" time="43.158" classname="MTL_Test_Cases_Prod.Home_URL"/>
</testsuite> <!-- MTL_Test_Cases_Prod.Home_URL -->
