<?xml version="1.0" encoding="UTF-8"?>
<!-- Generated by org.testng.reporters.JUnitReportReporter -->
<testsuite hostname="DESKTOP-N7K85DJ" name="Casuality_Prod_TC.Menu_Press_Room" tests="2" failures="0" timestamp="9 Mar 2022 15:47:56 GMT" time="185.713" errors="0">
  <testcase name="HomePage" time="120.457" classname="Casuality_Prod_TC.Menu_Press_Room"/>
  <testcase name="HomePage" time="65.256" classname="Casuality_Prod_TC.Menu_Press_Room"/>
</testsuite> <!-- Casuality_Prod_TC.Menu_Press_Room -->
