<?xml version="1.0" encoding="UTF-8"?>
<!-- Generated by org.testng.reporters.JUnitReportReporter -->
<testsuite hostname="DESKTOP-N7K85DJ" name="Adler_TestCases_Development.News" tests="2" failures="0" timestamp="16 Feb 2022 09:34:57 GMT" time="325.474" errors="0">
  <testcase name="main_Home_Page" time="164.346" classname="Adler_TestCases_Development.News"/>
  <testcase name="main_Home_Page" time="161.128" classname="Adler_TestCases_Development.News"/>
</testsuite> <!-- Adler_TestCases_Development.News -->
