<?xml version="1.0" encoding="UTF-8"?>
<!-- Generated by org.testng.reporters.JUnitReportReporter -->
<testsuite hostname="DESKTOP-N7K85DJ" name="AFL_Test_Case_Prod.HomePage_TC" tests="2" failures="0" timestamp="12 Jan 2022 15:20:27 GMT" time="457.479" errors="0">
  <testcase name="Home_Page" time="125.728" classname="AFL_Test_Case_Prod.HomePage_TC"/>
  <testcase name="Home_Page" time="331.751" classname="AFL_Test_Case_Prod.HomePage_TC"/>
</testsuite> <!-- AFL_Test_Case_Prod.HomePage_TC -->
