<?xml version="1.0" encoding="UTF-8"?>
<!-- Generated by org.testng.reporters.JUnitReportReporter -->
<testsuite hostname="DESKTOP-N7K85DJ" name="Careers_Test_case_Prod.Footer" tests="10" failures="0" timestamp="8 Mar 2022 09:14:16 GMT" time="543.098" errors="0">
  <testcase name="AUW_Linkedin" time="18.554" classname="Careers_Test_case_Prod.Footer"/>
  <testcase name="AUW_Instagram" time="83.402" classname="Careers_Test_case_Prod.Footer"/>
  <testcase name="AUW_Policy" time="34.678" classname="Careers_Test_case_Prod.Footer"/>
  <testcase name="AUW_Instagram" time="19.264" classname="Careers_Test_case_Prod.Footer"/>
  <testcase name="AUW_Facebook" time="27.182" classname="Careers_Test_case_Prod.Footer"/>
  <testcase name="AUW_Facebook" time="83.282" classname="Careers_Test_case_Prod.Footer"/>
  <testcase name="AUW_Linkedin" time="57.585" classname="Careers_Test_case_Prod.Footer"/>
  <testcase name="AUW_twitter" time="93.411" classname="Careers_Test_case_Prod.Footer"/>
  <testcase name="AUW_Policy" time="103.047" classname="Careers_Test_case_Prod.Footer"/>
  <testcase name="AUW_twitter" time="22.693" classname="Careers_Test_case_Prod.Footer"/>
</testsuite> <!-- Careers_Test_case_Prod.Footer -->
