<?xml version="1.0" encoding="UTF-8"?>
<!-- Generated by org.testng.reporters.JUnitReportReporter -->
<testsuite hostname="DESKTOP-N7K85DJ" name="AUW_Test_Case_dev.AUW_CallUpdate" tests="2" failures="0" timestamp="14 Feb 2022 11:13:18 GMT" time="115.280" errors="0">
  <testcase name="main" time="53.833" classname="AUW_Test_Case_dev.AUW_CallUpdate"/>
  <testcase name="main" time="61.447" classname="AUW_Test_Case_dev.AUW_CallUpdate"/>
</testsuite> <!-- AUW_Test_Case_dev.AUW_CallUpdate -->
