<?xml version="1.0" encoding="UTF-8"?>
<!-- Generated by org.testng.reporters.JUnitReportReporter -->
<testsuite hostname="DESKTOP-N7K85DJ" name="Pinnacle_Test_Cases_Production.HomePage_TC" tests="2" failures="0" timestamp="22 Mar 2022 10:22:55 GMT" time="116.637" errors="0">
  <testcase name="main_Home_Page" time="59.512" classname="Pinnacle_Test_Cases_Production.HomePage_TC"/>
  <testcase name="main_Home_Page" time="57.125" classname="Pinnacle_Test_Cases_Production.HomePage_TC"/>
</testsuite> <!-- Pinnacle_Test_Cases_Production.HomePage_TC -->
