<?xml version="1.0" encoding="UTF-8"?>
<!-- Generated by org.testng.reporters.JUnitReportReporter -->
<testsuite hostname="DESKTOP-N7K85DJ" name="AUW_Test_case_prod.AUW_PPP" tests="2" failures="0" timestamp="27 Dec 2021 15:43:57 GMT" time="52.398" errors="0">
  <testcase name="main" time="22.166" classname="AUW_Test_case_prod.AUW_PPP"/>
  <testcase name="main" time="30.232" classname="AUW_Test_case_prod.AUW_PPP"/>
</testsuite> <!-- AUW_Test_case_prod.AUW_PPP -->
