<?xml version="1.0" encoding="UTF-8"?>
<!-- Generated by org.testng.reporters.JUnitReportReporter -->
<testsuite hostname="DESKTOP-N7K85DJ" name="AUW_Test_case_prod.AUW_header_web_Prod" tests="2" failures="0" timestamp="16 Mar 2022 12:48:23 GMT" time="130.363" errors="0">
  <testcase name="main" time="58.358" classname="AUW_Test_case_prod.AUW_header_web_Prod"/>
  <testcase name="main" time="72.005" classname="AUW_Test_case_prod.AUW_header_web_Prod"/>
</testsuite> <!-- AUW_Test_case_prod.AUW_header_web_Prod -->
