<?xml version="1.0" encoding="UTF-8"?>
<!-- Generated by org.testng.reporters.JUnitReportReporter -->
<testsuite hostname="DESKTOP-N7K85DJ" name="AUW_Test_Case_dev.AUW_NJ_Update" tests="2" failures="0" timestamp="24 Jan 2022 11:23:12 GMT" time="109.578" errors="0">
  <testcase name="main" time="51.363" classname="AUW_Test_Case_dev.AUW_NJ_Update"/>
  <testcase name="main" time="58.215" classname="AUW_Test_Case_dev.AUW_NJ_Update"/>
</testsuite> <!-- AUW_Test_Case_dev.AUW_NJ_Update -->
