<?xml version="1.0" encoding="UTF-8"?>
<!-- Generated by org.testng.reporters.JUnitReportReporter -->
<testsuite hostname="DESKTOP-N7K85DJ" name="Solution_one_Development.Side_head_sample" tests="5" failures="0" timestamp="23 Dec 2021 12:43:52 GMT" time="339.321" errors="0">
  <testcase name="Side_Heading_Five" time="66.373" classname="Solution_one_Development.Side_head_sample"/>
  <testcase name="Side_Heading_One" time="71.483" classname="Solution_one_Development.Side_head_sample"/>
  <testcase name="Side_Heading_Two" time="65.291" classname="Solution_one_Development.Side_head_sample"/>
  <testcase name="Side_Heading_Four" time="65.130" classname="Solution_one_Development.Side_head_sample"/>
  <testcase name="Side_Heading_Three" time="71.044" classname="Solution_one_Development.Side_head_sample"/>
</testsuite> <!-- Solution_one_Development.Side_head_sample -->
