<?xml version="1.0" encoding="UTF-8"?>
<!-- Generated by org.testng.reporters.JUnitReportReporter -->
<testsuite hostname="DESKTOP-N7K85DJ" name="Casuality_Prod_TC.Menu_Press_Room" tests="2" failures="0" timestamp="7 Feb 2022 15:35:33 GMT" time="122.619" errors="0">
  <testcase name="HomePage" time="57.080" classname="Casuality_Prod_TC.Menu_Press_Room"/>
  <testcase name="HomePage" time="65.539" classname="Casuality_Prod_TC.Menu_Press_Room"/>
</testsuite> <!-- Casuality_Prod_TC.Menu_Press_Room -->
