<?xml version="1.0" encoding="UTF-8"?>
<!-- Generated by org.testng.reporters.JUnitReportReporter -->
<testsuite hostname="DESKTOP-N7K85DJ" name="MTL_Test_Cases_Prod.Home_URL" tests="2" failures="0" timestamp="1 Mar 2022 12:40:42 GMT" time="118.696" errors="0">
  <testcase name="Footer" time="48.072" classname="MTL_Test_Cases_Prod.Home_URL"/>
  <testcase name="Footer" time="70.624" classname="MTL_Test_Cases_Prod.Home_URL"/>
</testsuite> <!-- MTL_Test_Cases_Prod.Home_URL -->
