<?xml version="1.0" encoding="UTF-8"?>
<!-- Generated by org.testng.reporters.JUnitReportReporter -->
<testsuite hostname="DESKTOP-N7K85DJ" name="Adler_TestCases_Development.Home" tests="2" failures="0" timestamp="17 Feb 2022 14:18:50 GMT" time="91.468" errors="0">
  <testcase name="main_Home_Page" time="39.538" classname="Adler_TestCases_Development.Home"/>
  <testcase name="main_Home_Page" time="51.930" classname="Adler_TestCases_Development.Home"/>
</testsuite> <!-- Adler_TestCases_Development.Home -->
