<?xml version="1.0" encoding="UTF-8"?>
<!-- Generated by org.testng.reporters.JUnitReportReporter -->
<testsuite hostname="DESKTOP-N7K85DJ" name="AFL_Test_Case_Prod.HomePage_TC" tests="2" failures="0" timestamp="14 Mar 2022 11:17:46 GMT" time="324.649" errors="0">
  <testcase name="Home_Page" time="117.515" classname="AFL_Test_Case_Prod.HomePage_TC"/>
  <testcase name="Home_Page" time="207.134" classname="AFL_Test_Case_Prod.HomePage_TC"/>
</testsuite> <!-- AFL_Test_Case_Prod.HomePage_TC -->
