<?xml version="1.0" encoding="UTF-8"?>
<!-- Generated by org.testng.reporters.JUnitReportReporter -->
<testsuite hostname="DESKTOP-N7K85DJ" name="Promesa_Test_Case_Development.Footer" tests="2" failures="0" timestamp="4 Mar 2022 12:50:00 GMT" time="184.493" errors="0">
  <testcase name="Footer" time="86.806" classname="Promesa_Test_Case_Development.Footer"/>
  <testcase name="Footer" time="97.687" classname="Promesa_Test_Case_Development.Footer"/>
</testsuite> <!-- Promesa_Test_Case_Development.Footer -->
