<?xml version="1.0" encoding="UTF-8"?>
<!-- Generated by org.testng.reporters.JUnitReportReporter -->
<testsuite hostname="DESKTOP-N7K85DJ" name="Warranty_Test_Case_Dev.About_US" tests="2" failures="0" timestamp="14 Jan 2022 10:44:32 GMT" time="142.937" errors="0">
  <testcase name="Home_page" time="64.855" classname="Warranty_Test_Case_Dev.About_US"/>
  <testcase name="Home_page" time="78.082" classname="Warranty_Test_Case_Dev.About_US"/>
</testsuite> <!-- Warranty_Test_Case_Dev.About_US -->
