<?xml version="1.0" encoding="UTF-8"?>
<!-- Generated by org.testng.reporters.JUnitReportReporter -->
<testsuite hostname="DESKTOP-N7K85DJ" name="Casuality_Dev_TC.Menu_Press_Room" tests="2" failures="0" timestamp="16 Feb 2022 15:23:24 GMT" time="129.306" errors="0">
  <testcase name="HomePage" time="59.817" classname="Casuality_Dev_TC.Menu_Press_Room"/>
  <testcase name="HomePage" time="69.489" classname="Casuality_Dev_TC.Menu_Press_Room"/>
</testsuite> <!-- Casuality_Dev_TC.Menu_Press_Room -->
