<?xml version="1.0" encoding="UTF-8"?>
<!-- Generated by org.testng.reporters.JUnitReportReporter -->
<testsuite hostname="DESKTOP-N7K85DJ" name="Adler_TestCases_Prod.Home" tests="2" failures="0" timestamp="27 Apr 2022 11:15:08 GMT" time="71.937" errors="0">
  <testcase name="main_Home_Page" time="32.245" classname="Adler_TestCases_Prod.Home"/>
  <testcase name="main_Home_Page" time="39.692" classname="Adler_TestCases_Prod.Home"/>
</testsuite> <!-- Adler_TestCases_Prod.Home -->
