<?xml version="1.0" encoding="UTF-8"?>
<!-- Generated by org.testng.reporters.JUnitReportReporter -->
<testsuite hostname="DESKTOP-N7K85DJ" name="AUW_Test_case_prod.AUW_CallUpdate" tests="2" failures="0" timestamp="18 Feb 2022 14:06:49 GMT" time="116.457" errors="0">
  <testcase name="main" time="52.134" classname="AUW_Test_case_prod.AUW_CallUpdate"/>
  <testcase name="main" time="64.323" classname="AUW_Test_case_prod.AUW_CallUpdate"/>
</testsuite> <!-- AUW_Test_case_prod.AUW_CallUpdate -->
