<?xml version="1.0" encoding="UTF-8"?>
<!-- Generated by org.testng.reporters.JUnitReportReporter -->
<testsuite hostname="DESKTOP-N7K85DJ" name="Credit_Global_Test_Cases_Prod.What_we_Do_TC" tests="2" failures="0" timestamp="11 Mar 2022 13:55:32 GMT" time="164.332" errors="0">
  <testcase name="HomePage_Header_login" time="121.214" classname="Credit_Global_Test_Cases_Prod.What_we_Do_TC"/>
  <testcase name="HomePage_Header_login" time="43.118" classname="Credit_Global_Test_Cases_Prod.What_we_Do_TC"/>
</testsuite> <!-- Credit_Global_Test_Cases_Prod.What_we_Do_TC -->
