<?xml version="1.0" encoding="UTF-8"?>
<!-- Generated by org.testng.reporters.JUnitReportReporter -->
<testsuite hostname="DESKTOP-N7K85DJ" name="Casuality_Dev_TC.Menu_Press_Room" tests="2" failures="0" timestamp="4 Apr 2022 06:52:09 GMT" time="154.877" errors="0">
  <testcase name="HomePage" time="72.143" classname="Casuality_Dev_TC.Menu_Press_Room"/>
  <testcase name="HomePage" time="82.734" classname="Casuality_Dev_TC.Menu_Press_Room"/>
</testsuite> <!-- Casuality_Dev_TC.Menu_Press_Room -->
