<?xml version="1.0" encoding="UTF-8"?>
<!-- Generated by org.testng.reporters.JUnitReportReporter -->
<testsuite hostname="DESKTOP-N7K85DJ" name="Solution_one_Prod.Footer_Production" tests="2" failures="0" timestamp="3 Mar 2022 14:31:02 GMT" time="247.771" errors="0">
  <testcase name="Footer" time="60.987" classname="Solution_one_Prod.Footer_Production"/>
  <testcase name="Footer" time="186.784" classname="Solution_one_Prod.Footer_Production"/>
</testsuite> <!-- Solution_one_Prod.Footer_Production -->
