<?xml version="1.0" encoding="UTF-8"?>
<!-- Generated by org.testng.reporters.JUnitReportReporter -->
<testsuite hostname="DESKTOP-N7K85DJ" name="Casuality_Prod_TC.Menu_Press_Room" tests="2" failures="0" timestamp="4 Mar 2022 11:36:24 GMT" time="132.016" errors="0">
  <testcase name="HomePage" time="62.698" classname="Casuality_Prod_TC.Menu_Press_Room"/>
  <testcase name="HomePage" time="69.318" classname="Casuality_Prod_TC.Menu_Press_Room"/>
</testsuite> <!-- Casuality_Prod_TC.Menu_Press_Room -->
