<?xml version="1.0" encoding="UTF-8"?>
<!-- Generated by org.testng.reporters.JUnitReportReporter -->
<testsuite hostname="DESKTOP-N7K85DJ" name="Warranty_Test_Case_Prod.Contact_US" tests="2" failures="0" timestamp="11 Mar 2022 13:55:32 GMT" time="144.357" errors="0">
  <testcase name="ContactUS" time="86.660" classname="Warranty_Test_Case_Prod.Contact_US"/>
  <testcase name="ContactUS" time="57.697" classname="Warranty_Test_Case_Prod.Contact_US"/>
</testsuite> <!-- Warranty_Test_Case_Prod.Contact_US -->
