<?xml version="1.0" encoding="UTF-8"?>
<!-- Generated by org.testng.reporters.JUnitReportReporter -->
<testsuite hostname="DESKTOP-N7K85DJ" name="AUW_Test_case_prod.Practices_AgentsBrokers" tests="2" failures="0" timestamp="9 Dec 2021 13:26:34 GMT" time="140.493" errors="0">
  <testcase name="Practices_AgentsBrokers" time="62.095" classname="AUW_Test_case_prod.Practices_AgentsBrokers"/>
  <testcase name="Practices_AgentsBrokers" time="78.398" classname="AUW_Test_case_prod.Practices_AgentsBrokers"/>
</testsuite> <!-- AUW_Test_case_prod.Practices_AgentsBrokers -->
