<?xml version="1.0" encoding="UTF-8"?>
<!-- Generated by org.testng.reporters.JUnitReportReporter -->
<testsuite hostname="DESKTOP-N7K85DJ" name="Careers_Test_case_Development.Side_Heading1" tests="1" failures="0" timestamp="9 Dec 2021 11:12:25 GMT" time="119.523" errors="0">
  <testcase name="Side_Heading" time="119.523" classname="Careers_Test_case_Development.Side_Heading1"/>
</testsuite> <!-- Careers_Test_case_Development.Side_Heading1 -->
