<?xml version="1.0" encoding="UTF-8"?>
<!-- Generated by org.testng.reporters.JUnitReportReporter -->
<testsuite hostname="DESKTOP-N7K85DJ" name="Promesa_Test_Case_Prod.Side_Heading_Two" tests="1" failures="0" timestamp="25 Jan 2022 14:00:35 GMT" time="67.491" errors="0">
  <testcase name="Siheading_2" time="67.491" classname="Promesa_Test_Case_Prod.Side_Heading_Two"/>
</testsuite> <!-- Promesa_Test_Case_Prod.Side_Heading_Two -->
