<?xml version="1.0" encoding="UTF-8"?>
<!-- Generated by org.testng.reporters.JUnitReportReporter -->
<testsuite hostname="DESKTOP-N7K85DJ" name="Warranty_Test_Case_Prod.Partner_With_US" tests="2" failures="0" timestamp="26 Apr 2022 09:47:26 GMT" time="45.226" errors="0">
  <testcase name="partner" time="26.287" classname="Warranty_Test_Case_Prod.Partner_With_US"/>
  <testcase name="partner" time="18.939" classname="Warranty_Test_Case_Prod.Partner_With_US"/>
</testsuite> <!-- Warranty_Test_Case_Prod.Partner_With_US -->
