<?xml version="1.0" encoding="UTF-8"?>
<!-- Generated by org.testng.reporters.JUnitReportReporter -->
<testsuite hostname="DESKTOP-N7K85DJ" name="Careers_Test_case_Prod.Footer" tests="10" failures="0" timestamp="17 Mar 2022 11:54:46 GMT" time="367.746" errors="0">
  <testcase name="AUW_Policy" time="38.010" classname="Careers_Test_case_Prod.Footer"/>
  <testcase name="AUW_Instagram" time="78.363" classname="Careers_Test_case_Prod.Footer"/>
  <testcase name="AUW_twitter" time="52.801" classname="Careers_Test_case_Prod.Footer"/>
  <testcase name="AUW_Instagram" time="19.458" classname="Careers_Test_case_Prod.Footer"/>
  <testcase name="AUW_Linkedin" time="19.965" classname="Careers_Test_case_Prod.Footer"/>
  <testcase name="AUW_Facebook" time="30.589" classname="Careers_Test_case_Prod.Footer"/>
  <testcase name="AUW_Linkedin" time="19.978" classname="Careers_Test_case_Prod.Footer"/>
  <testcase name="AUW_twitter" time="23.172" classname="Careers_Test_case_Prod.Footer"/>
  <testcase name="AUW_Facebook" time="49.216" classname="Careers_Test_case_Prod.Footer"/>
  <testcase name="AUW_Policy" time="36.194" classname="Careers_Test_case_Prod.Footer"/>
</testsuite> <!-- Careers_Test_case_Prod.Footer -->
