<?xml version="1.0" encoding="UTF-8"?>
<!-- Generated by org.testng.reporters.JUnitReportReporter -->
<testsuite hostname="DESKTOP-N7K85DJ" name="Warranty_Test_Case_Prod.Partner_With_US" tests="2" failures="0" timestamp="1 Mar 2022 12:40:42 GMT" time="66.365" errors="0">
  <testcase name="partner" time="22.232" classname="Warranty_Test_Case_Prod.Partner_With_US"/>
  <testcase name="partner" time="44.133" classname="Warranty_Test_Case_Prod.Partner_With_US"/>
</testsuite> <!-- Warranty_Test_Case_Prod.Partner_With_US -->
