<?xml version="1.0" encoding="UTF-8"?>
<!-- Generated by org.testng.reporters.JUnitReportReporter -->
<testsuite hostname="DESKTOP-N7K85DJ" name="AFL_Test_Case_Prod.What_We_offer_OutSideUs" tests="2" failures="0" timestamp="12 Jan 2022 15:20:27 GMT" time="923.922" errors="0">
  <testcase name="Footer" time="277.004" classname="AFL_Test_Case_Prod.What_We_offer_OutSideUs"/>
  <testcase name="Footer" time="646.918" classname="AFL_Test_Case_Prod.What_We_offer_OutSideUs"/>
</testsuite> <!-- AFL_Test_Case_Prod.What_We_offer_OutSideUs -->
