<?xml version="1.0" encoding="UTF-8"?>
<!-- Generated by org.testng.reporters.JUnitReportReporter -->
<testsuite hostname="DESKTOP-N7K85DJ" name="Warranty_Test_Case_Prod.Our_Partner" tests="12" failures="0" timestamp="23 Feb 2022 13:23:04 GMT" time="848.964" errors="0">
  <testcase name="Partner4" time="74.019" classname="Warranty_Test_Case_Prod.Our_Partner"/>
  <testcase name="Partner1" time="72.988" classname="Warranty_Test_Case_Prod.Our_Partner"/>
  <testcase name="Partner2" time="68.523" classname="Warranty_Test_Case_Prod.Our_Partner"/>
  <testcase name="Partner6" time="69.843" classname="Warranty_Test_Case_Prod.Our_Partner"/>
  <testcase name="Partner5" time="72.150" classname="Warranty_Test_Case_Prod.Our_Partner"/>
  <testcase name="Partner1" time="67.247" classname="Warranty_Test_Case_Prod.Our_Partner"/>
  <testcase name="Partner2" time="74.198" classname="Warranty_Test_Case_Prod.Our_Partner"/>
  <testcase name="Partner5" time="67.751" classname="Warranty_Test_Case_Prod.Our_Partner"/>
  <testcase name="Partner3" time="66.216" classname="Warranty_Test_Case_Prod.Our_Partner"/>
  <testcase name="Partner4" time="69.032" classname="Warranty_Test_Case_Prod.Our_Partner"/>
  <testcase name="Partner3" time="74.096" classname="Warranty_Test_Case_Prod.Our_Partner"/>
  <testcase name="Partner6" time="72.901" classname="Warranty_Test_Case_Prod.Our_Partner"/>
</testsuite> <!-- Warranty_Test_Case_Prod.Our_Partner -->
