<?xml version="1.0" encoding="UTF-8"?>
<!-- Generated by org.testng.reporters.JUnitReportReporter -->
<testsuite hostname="DESKTOP-N7K85DJ" name="MTL_Test_Cases_Prod.Home_URL" tests="2" failures="0" timestamp="24 Dec 2021 14:37:44 GMT" time="87.228" errors="0">
  <testcase name="Footer" time="37.134" classname="MTL_Test_Cases_Prod.Home_URL"/>
  <testcase name="Footer" time="50.094" classname="MTL_Test_Cases_Prod.Home_URL"/>
</testsuite> <!-- MTL_Test_Cases_Prod.Home_URL -->
