<?xml version="1.0" encoding="UTF-8"?>
<!-- Generated by org.testng.reporters.JUnitReportReporter -->
<testsuite hostname="DESKTOP-N7K85DJ" name="AUW_Test_case_prod.AUW_Experience" tests="2" failures="0" timestamp="23 Mar 2022 12:03:18 GMT" time="672.276" errors="0">
  <testcase name="main" time="320.885" classname="AUW_Test_case_prod.AUW_Experience"/>
  <testcase name="main" time="351.391" classname="AUW_Test_case_prod.AUW_Experience"/>
</testsuite> <!-- AUW_Test_case_prod.AUW_Experience -->
