<?xml version="1.0" encoding="UTF-8"?>
<!-- Generated by org.testng.reporters.JUnitReportReporter -->
<testsuite hostname="DESKTOP-N7K85DJ" name="Tradewel_Test_Cases_Development.comprehensive_Protection" tests="1" failures="0" timestamp="24 Feb 2022 15:18:06 GMT" time="204.453" errors="0">
  <testcase name="Comprehensive" time="204.453" classname="Tradewel_Test_Cases_Development.comprehensive_Protection"/>
</testsuite> <!-- Tradewel_Test_Cases_Development.comprehensive_Protection -->
