<?xml version="1.0" encoding="UTF-8"?>
<!-- Generated by org.testng.reporters.JUnitReportReporter -->
<testsuite hostname="DESKTOP-N7K85DJ" name="AUW_Test_Case_dev.AUW_Intelligence_TC" tests="2" failures="0" timestamp="5 May 2022 13:53:40 GMT" time="197.116" errors="0">
  <testcase name="main" time="101.420" classname="AUW_Test_Case_dev.AUW_Intelligence_TC"/>
  <testcase name="main" time="95.696" classname="AUW_Test_Case_dev.AUW_Intelligence_TC"/>
</testsuite> <!-- AUW_Test_Case_dev.AUW_Intelligence_TC -->
