<?xml version="1.0" encoding="UTF-8"?>
<!-- Generated by org.testng.reporters.JUnitReportReporter -->
<testsuite hostname="DESKTOP-N7K85DJ" name="Careers_Test_case_Development.Footer" tests="2" failures="0" timestamp="21 Feb 2022 15:12:15 GMT" time="211.310" errors="0">
  <testcase name="AUW_Footer" time="126.977" classname="Careers_Test_case_Development.Footer"/>
  <testcase name="AUW_Footer" time="84.333" classname="Careers_Test_case_Development.Footer"/>
</testsuite> <!-- Careers_Test_case_Development.Footer -->
