<?xml version="1.0" encoding="UTF-8"?>
<!-- Generated by org.testng.reporters.JUnitReportReporter -->
<testsuite hostname="DESKTOP-N7K85DJ" name="AUW_Test_Case_dev.AUW_PPP" tests="2" failures="0" timestamp="5 Jan 2022 12:51:26 GMT" time="65.972" errors="0">
  <testcase name="main" time="38.535" classname="AUW_Test_Case_dev.AUW_PPP"/>
  <testcase name="main" time="27.437" classname="AUW_Test_Case_dev.AUW_PPP"/>
</testsuite> <!-- AUW_Test_Case_dev.AUW_PPP -->
