<?xml version="1.0" encoding="UTF-8"?>
<!-- Generated by org.testng.reporters.JUnitReportReporter -->
<testsuite hostname="DESKTOP-N7K85DJ" name="Promesa_Test_Case_Prod.Change_language" tests="2" failures="0" timestamp="14 Mar 2022 11:17:46 GMT" time="35.468" errors="0">
  <testcase name="Change_Language" time="13.398" classname="Promesa_Test_Case_Prod.Change_language"/>
  <testcase name="Change_Language" time="22.070" classname="Promesa_Test_Case_Prod.Change_language"/>
</testsuite> <!-- Promesa_Test_Case_Prod.Change_language -->
