<?xml version="1.0" encoding="UTF-8"?>
<!-- Generated by org.testng.reporters.JUnitReportReporter -->
<testsuite hostname="DESKTOP-N7K85DJ" name="Warranty_Test_Case_Dev.Contact_US" tests="2" failures="0" timestamp="25 Feb 2022 13:22:59 GMT" time="130.002" errors="0">
  <testcase name="ContactUS" time="71.878" classname="Warranty_Test_Case_Dev.Contact_US"/>
  <testcase name="ContactUS" time="58.124" classname="Warranty_Test_Case_Dev.Contact_US"/>
</testsuite> <!-- Warranty_Test_Case_Dev.Contact_US -->
