<?xml version="1.0" encoding="UTF-8"?>
<!-- Generated by org.testng.reporters.JUnitReportReporter -->
<testsuite hostname="DESKTOP-N7K85DJ" name="JumboGC_Test_case_Devlopment.Side_Heading" tests="1" failures="0" timestamp="21 Feb 2022 15:12:16 GMT" time="198.390" errors="0">
  <testcase name="Side_heading" time="198.390" classname="JumboGC_Test_case_Devlopment.Side_Heading"/>
</testsuite> <!-- JumboGC_Test_case_Devlopment.Side_Heading -->
