<?xml version="1.0" encoding="UTF-8"?>
<!-- Generated by org.testng.reporters.JUnitReportReporter -->
<testsuite hostname="DESKTOP-N7K85DJ" name="AUW_Test_case_prod.AUW_PPP" tests="2" failures="0" timestamp="2 May 2022 07:01:07 GMT" time="61.181" errors="0">
  <testcase name="main" time="35.354" classname="AUW_Test_case_prod.AUW_PPP"/>
  <testcase name="main" time="25.827" classname="AUW_Test_case_prod.AUW_PPP"/>
</testsuite> <!-- AUW_Test_case_prod.AUW_PPP -->
