<?xml version="1.0" encoding="UTF-8"?>
<!-- Generated by org.testng.reporters.JUnitReportReporter -->
<testsuite hostname="DESKTOP-N7K85DJ" name="Promesa_Test_Case_Development.Change_language" tests="2" failures="0" timestamp="18 Jan 2022 10:21:18 GMT" time="31.608" errors="0">
  <testcase name="Change_Language" time="19.647" classname="Promesa_Test_Case_Development.Change_language"/>
  <testcase name="Change_Language" time="11.961" classname="Promesa_Test_Case_Development.Change_language"/>
</testsuite> <!-- Promesa_Test_Case_Development.Change_language -->
