<?xml version="1.0" encoding="UTF-8"?>
<!-- Generated by org.testng.reporters.JUnitReportReporter -->
<testsuite hostname="DESKTOP-N7K85DJ" name="Casuality_Dev_TC.Menu_Contact_Us" tests="2" failures="0" timestamp="16 Feb 2022 15:23:24 GMT" time="64.754" errors="0">
  <testcase name="HomePage" time="30.767" classname="Casuality_Dev_TC.Menu_Contact_Us"/>
  <testcase name="HomePage" time="33.987" classname="Casuality_Dev_TC.Menu_Contact_Us"/>
</testsuite> <!-- Casuality_Dev_TC.Menu_Contact_Us -->
