<?xml version="1.0" encoding="UTF-8"?>
<!-- Generated by org.testng.reporters.JUnitReportReporter -->
<testsuite hostname="DESKTOP-N7K85DJ" name="Careers_Test_case_Prod.Footer" tests="5" failures="0" timestamp="4 Mar 2022 15:23:46 GMT" time="94.192" errors="0">
  <testcase name="AUW_Facebook" time="21.404" classname="Careers_Test_case_Prod.Footer"/>
  <testcase name="AUW_Instagram" time="15.996" classname="Careers_Test_case_Prod.Footer"/>
  <testcase name="AUW_Linkedin" time="12.570" classname="Careers_Test_case_Prod.Footer"/>
  <testcase name="AUW_twitter" time="17.176" classname="Careers_Test_case_Prod.Footer"/>
  <testcase name="AUW_Policy" time="27.046" classname="Careers_Test_case_Prod.Footer"/>
</testsuite> <!-- Careers_Test_case_Prod.Footer -->
