<?xml version="1.0" encoding="UTF-8"?>
<!-- Generated by org.testng.reporters.JUnitReportReporter -->
<testsuite hostname="DESKTOP-N7K85DJ" name="AUW_Test_Case_dev.AUW_CallUpdate" tests="2" failures="0" timestamp="10 Feb 2022 13:28:21 GMT" time="143.785" errors="0">
  <testcase name="main" time="81.816" classname="AUW_Test_Case_dev.AUW_CallUpdate"/>
  <testcase name="main" time="61.969" classname="AUW_Test_Case_dev.AUW_CallUpdate"/>
</testsuite> <!-- AUW_Test_Case_dev.AUW_CallUpdate -->
