<?xml version="1.0" encoding="UTF-8"?>
<!-- Generated by org.testng.reporters.JUnitReportReporter -->
<testsuite hostname="DESKTOP-N7K85DJ" name="Tradewel_Test_Cases_Development.About_US" tests="2" failures="0" timestamp="5 Jan 2022 12:51:26 GMT" time="113.628" errors="0">
  <testcase name="main_Home_Page" time="66.575" classname="Tradewel_Test_Cases_Development.About_US"/>
  <testcase name="main_Home_Page" time="47.053" classname="Tradewel_Test_Cases_Development.About_US"/>
</testsuite> <!-- Tradewel_Test_Cases_Development.About_US -->
