<?xml version="1.0" encoding="UTF-8"?>
<!-- Generated by org.testng.reporters.JUnitReportReporter -->
<testsuite hostname="DESKTOP-N7K85DJ" name="Casuality_Dev_TC.Menu_Press_Room" tests="2" failures="0" timestamp="14 Feb 2022 11:13:18 GMT" time="156.417" errors="0">
  <testcase name="HomePage" time="79.133" classname="Casuality_Dev_TC.Menu_Press_Room"/>
  <testcase name="HomePage" time="77.284" classname="Casuality_Dev_TC.Menu_Press_Room"/>
</testsuite> <!-- Casuality_Dev_TC.Menu_Press_Room -->
