<?xml version="1.0" encoding="UTF-8"?>
<!-- Generated by org.testng.reporters.JUnitReportReporter -->
<testsuite hostname="DESKTOP-N7K85DJ" name="Warranty_Test_Case_Dev.Partner_With_US" tests="2" failures="0" timestamp="28 Dec 2021 09:27:57 GMT" time="41.576" errors="0">
  <testcase name="partner" time="18.060" classname="Warranty_Test_Case_Dev.Partner_With_US"/>
  <testcase name="partner" time="23.516" classname="Warranty_Test_Case_Dev.Partner_With_US"/>
</testsuite> <!-- Warranty_Test_Case_Dev.Partner_With_US -->
