<?xml version="1.0" encoding="UTF-8"?>
<!-- Generated by org.testng.reporters.JUnitReportReporter -->
<testsuite hostname="DESKTOP-N7K85DJ" name="Casuality_Prod_TC.Menu_About_US" tests="2" failures="0" timestamp="26 Apr 2022 09:47:26 GMT" time="146.687" errors="0">
  <testcase name="HomePage" time="52.351" classname="Casuality_Prod_TC.Menu_About_US"/>
  <testcase name="HomePage" time="94.336" classname="Casuality_Prod_TC.Menu_About_US"/>
</testsuite> <!-- Casuality_Prod_TC.Menu_About_US -->
