<?xml version="1.0" encoding="UTF-8"?>
<!-- Generated by org.testng.reporters.JUnitReportReporter -->
<testsuite hostname="DESKTOP-N7K85DJ" name="Promesa_Test_Case_Prod.Change_language" tests="2" failures="0" timestamp="3 Mar 2022 14:31:02 GMT" time="45.335" errors="0">
  <testcase name="Change_Language" time="13.807" classname="Promesa_Test_Case_Prod.Change_language"/>
  <testcase name="Change_Language" time="31.528" classname="Promesa_Test_Case_Prod.Change_language"/>
</testsuite> <!-- Promesa_Test_Case_Prod.Change_language -->
