<?xml version="1.0" encoding="UTF-8"?>
<!-- Generated by org.testng.reporters.JUnitReportReporter -->
<testsuite hostname="DESKTOP-N7K85DJ" name="AUW_Test_case_prod.AUW_PPP" tests="2" failures="0" timestamp="14 Mar 2022 11:43:39 GMT" time="109.386" errors="0">
  <testcase name="main" time="83.547" classname="AUW_Test_case_prod.AUW_PPP"/>
  <testcase name="main" time="25.839" classname="AUW_Test_case_prod.AUW_PPP"/>
</testsuite> <!-- AUW_Test_case_prod.AUW_PPP -->
