<?xml version="1.0" encoding="UTF-8"?>
<!-- Generated by org.testng.reporters.JUnitReportReporter -->
<testsuite hostname="DESKTOP-N7K85DJ" name="AUW_Test_Case_dev.Practices_AgentsBrokers" tests="2" failures="0" timestamp="4 Mar 2022 12:50:00 GMT" time="168.873" errors="0">
  <testcase name="Practices_AgentsBrokers" time="91.127" classname="AUW_Test_Case_dev.Practices_AgentsBrokers"/>
  <testcase name="Practices_AgentsBrokers" time="77.746" classname="AUW_Test_Case_dev.Practices_AgentsBrokers"/>
</testsuite> <!-- AUW_Test_Case_dev.Practices_AgentsBrokers -->
