<?xml version="1.0" encoding="UTF-8"?>
<!-- Generated by org.testng.reporters.JUnitReportReporter -->
<testsuite hostname="DESKTOP-N7K85DJ" name="Adler_TestCases_Prod.Home" tests="2" failures="0" timestamp="17 Mar 2022 11:54:46 GMT" time="135.294" errors="0">
  <testcase name="main_Home_Page" time="96.347" classname="Adler_TestCases_Prod.Home"/>
  <testcase name="main_Home_Page" time="38.947" classname="Adler_TestCases_Prod.Home"/>
</testsuite> <!-- Adler_TestCases_Prod.Home -->
