<?xml version="1.0" encoding="UTF-8"?>
<!-- Generated by org.testng.reporters.JUnitReportReporter -->
<testsuite hostname="DESKTOP-N7K85DJ" name="AUW_Test_Case_dev.AUW_header_web_Development" tests="2" failures="0" timestamp="5 May 2022 13:53:40 GMT" time="111.250" errors="0">
  <testcase name="main" time="63.101" classname="AUW_Test_Case_dev.AUW_header_web_Development"/>
  <testcase name="main" time="48.149" classname="AUW_Test_Case_dev.AUW_header_web_Development"/>
</testsuite> <!-- AUW_Test_Case_dev.AUW_header_web_Development -->
