<?xml version="1.0" encoding="UTF-8"?>
<!-- Generated by org.testng.reporters.JUnitReportReporter -->
<testsuite hostname="DESKTOP-N7K85DJ" name="Solution_one_Development.Footer_Develop" tests="2" failures="0" timestamp="12 Apr 2022 05:27:59 GMT" time="157.810" errors="0">
  <testcase name="Footer" time="60.402" classname="Solution_one_Development.Footer_Develop"/>
  <testcase name="Footer" time="97.408" classname="Solution_one_Development.Footer_Develop"/>
</testsuite> <!-- Solution_one_Development.Footer_Develop -->
