<?xml version="1.0" encoding="UTF-8"?>
<!-- Generated by org.testng.reporters.JUnitReportReporter -->
<testsuite hostname="DESKTOP-N7K85DJ" name="AUW_Test_case_prod.AUW_AboutUS" tests="2" failures="0" timestamp="7 Mar 2022 11:16:52 GMT" time="240.952" errors="0">
  <testcase name="AboutUS" time="159.106" classname="AUW_Test_case_prod.AUW_AboutUS"/>
  <testcase name="AboutUS" time="81.846" classname="AUW_Test_case_prod.AUW_AboutUS"/>
</testsuite> <!-- AUW_Test_case_prod.AUW_AboutUS -->
