<?xml version="1.0" encoding="UTF-8"?>
<!-- Generated by org.testng.reporters.JUnitReportReporter -->
<testsuite hostname="DESKTOP-N7K85DJ" name="Warranty_Test_Case_Prod.Contact_US" tests="2" failures="0" timestamp="14 Mar 2022 11:17:46 GMT" time="190.062" errors="0">
  <testcase name="ContactUS" time="50.892" classname="Warranty_Test_Case_Prod.Contact_US"/>
  <testcase name="ContactUS" time="139.170" classname="Warranty_Test_Case_Prod.Contact_US"/>
</testsuite> <!-- Warranty_Test_Case_Prod.Contact_US -->
