<?xml version="1.0" encoding="UTF-8"?>
<!-- Generated by org.testng.reporters.JUnitReportReporter -->
<testsuite hostname="DESKTOP-N7K85DJ" name="Credit_Global_Test_Cases_Dev.What_we_Do_TC" tests="2" failures="0" timestamp="4 Jan 2022 11:14:57 GMT" time="102.085" errors="0">
  <testcase name="HomePage_Header_login" time="39.405" classname="Credit_Global_Test_Cases_Dev.What_we_Do_TC"/>
  <testcase name="HomePage_Header_login" time="62.680" classname="Credit_Global_Test_Cases_Dev.What_we_Do_TC"/>
</testsuite> <!-- Credit_Global_Test_Cases_Dev.What_we_Do_TC -->
