<?xml version="1.0" encoding="UTF-8"?>
<!-- Generated by org.testng.reporters.JUnitReportReporter -->
<testsuite hostname="DESKTOP-N7K85DJ" name="AFL_Test_Case_Prod.HomePage_TC" tests="2" failures="0" timestamp="2 Mar 2022 14:47:22 GMT" time="257.931" errors="0">
  <testcase name="Home_Page" time="127.657" classname="AFL_Test_Case_Prod.HomePage_TC"/>
  <testcase name="Home_Page" time="130.274" classname="AFL_Test_Case_Prod.HomePage_TC"/>
</testsuite> <!-- AFL_Test_Case_Prod.HomePage_TC -->
