<?xml version="1.0" encoding="UTF-8"?>
<!-- Generated by org.testng.reporters.JUnitReportReporter -->
<testsuite hostname="DESKTOP-N7K85DJ" name="AUW_Test_case_prod.AUW_CallUpdate" tests="2" failures="0" timestamp="1 Mar 2022 12:40:42 GMT" time="203.546" errors="0">
  <testcase name="main" time="149.068" classname="AUW_Test_case_prod.AUW_CallUpdate"/>
  <testcase name="main" time="54.478" classname="AUW_Test_case_prod.AUW_CallUpdate"/>
</testsuite> <!-- AUW_Test_case_prod.AUW_CallUpdate -->
