<?xml version="1.0" encoding="UTF-8"?>
<!-- Generated by org.testng.reporters.JUnitReportReporter -->
<testsuite hostname="DESKTOP-N7K85DJ" name="Casuality_Dev_TC.Menu_Contact_Us" tests="2" failures="0" timestamp="17 Feb 2022 14:18:50 GMT" time="91.701" errors="0">
  <testcase name="HomePage" time="48.939" classname="Casuality_Dev_TC.Menu_Contact_Us"/>
  <testcase name="HomePage" time="42.762" classname="Casuality_Dev_TC.Menu_Contact_Us"/>
</testsuite> <!-- Casuality_Dev_TC.Menu_Contact_Us -->
