<?xml version="1.0" encoding="UTF-8"?>
<!-- Generated by org.testng.reporters.JUnitReportReporter -->
<testsuite hostname="DESKTOP-N7K85DJ" name="Warranty_Test_Case_Dev.Contact_US" tests="2" failures="0" timestamp="4 Mar 2022 12:50:00 GMT" time="143.279" errors="0">
  <testcase name="ContactUS" time="74.776" classname="Warranty_Test_Case_Dev.Contact_US"/>
  <testcase name="ContactUS" time="68.503" classname="Warranty_Test_Case_Dev.Contact_US"/>
</testsuite> <!-- Warranty_Test_Case_Dev.Contact_US -->
