<?xml version="1.0" encoding="UTF-8"?>
<!-- Generated by org.testng.reporters.JUnitReportReporter -->
<testsuite hostname="DESKTOP-N7K85DJ" name="Casuality_Prod_TC.Menu_Contact_Us" tests="2" failures="0" timestamp="25 Feb 2022 12:26:47 GMT" time="66.525" errors="0">
  <testcase name="HomePage" time="32.484" classname="Casuality_Prod_TC.Menu_Contact_Us"/>
  <testcase name="HomePage" time="34.041" classname="Casuality_Prod_TC.Menu_Contact_Us"/>
</testsuite> <!-- Casuality_Prod_TC.Menu_Contact_Us -->
