<?xml version="1.0" encoding="UTF-8"?>
<!-- Generated by org.testng.reporters.JUnitReportReporter -->
<testsuite hostname="DESKTOP-N7K85DJ" name="Warranty_Test_Case_Dev.Our_Partner" tests="12" failures="0" timestamp="16 Feb 2022 15:13:51 GMT" time="998.705" errors="0">
  <testcase name="Partner3" time="78.297" classname="Warranty_Test_Case_Dev.Our_Partner"/>
  <testcase name="Partner5" time="82.496" classname="Warranty_Test_Case_Dev.Our_Partner"/>
  <testcase name="Partner1" time="95.953" classname="Warranty_Test_Case_Dev.Our_Partner"/>
  <testcase name="Partner3" time="82.617" classname="Warranty_Test_Case_Dev.Our_Partner"/>
  <testcase name="Partner4" time="79.874" classname="Warranty_Test_Case_Dev.Our_Partner"/>
  <testcase name="Partner6" time="75.787" classname="Warranty_Test_Case_Dev.Our_Partner"/>
  <testcase name="Partner5" time="73.848" classname="Warranty_Test_Case_Dev.Our_Partner"/>
  <testcase name="Partner2" time="92.430" classname="Warranty_Test_Case_Dev.Our_Partner"/>
  <testcase name="Partner1" time="90.048" classname="Warranty_Test_Case_Dev.Our_Partner"/>
  <testcase name="Partner4" time="78.117" classname="Warranty_Test_Case_Dev.Our_Partner"/>
  <testcase name="Partner2" time="90.073" classname="Warranty_Test_Case_Dev.Our_Partner"/>
  <testcase name="Partner6" time="79.165" classname="Warranty_Test_Case_Dev.Our_Partner"/>
</testsuite> <!-- Warranty_Test_Case_Dev.Our_Partner -->
