<?xml version="1.0" encoding="UTF-8"?>
<!-- Generated by org.testng.reporters.JUnitReportReporter -->
<testsuite hostname="DESKTOP-N7K85DJ" name="JumboGC_Test_case_prod.Header_footer" tests="10" failures="0" timestamp="27 Dec 2021 15:43:57 GMT" time="358.118" errors="0">
  <testcase name="Header_Login" time="27.865" classname="JumboGC_Test_case_prod.Header_footer"/>
  <testcase name="Footer_Privacy" time="47.989" classname="JumboGC_Test_case_prod.Header_footer"/>
  <testcase name="Footer_Facebook" time="32.524" classname="JumboGC_Test_case_prod.Header_footer"/>
  <testcase name="Footer_Instagram" time="32.920" classname="JumboGC_Test_case_prod.Header_footer"/>
  <testcase name="Footer_linkedIN" time="36.208" classname="JumboGC_Test_case_prod.Header_footer"/>
  <testcase name="Footer_Privacy" time="42.652" classname="JumboGC_Test_case_prod.Header_footer"/>
  <testcase name="Footer_Facebook" time="36.955" classname="JumboGC_Test_case_prod.Header_footer"/>
  <testcase name="Footer_linkedIN" time="31.092" classname="JumboGC_Test_case_prod.Header_footer"/>
  <testcase name="Header_Login" time="31.829" classname="JumboGC_Test_case_prod.Header_footer"/>
  <testcase name="Footer_Instagram" time="38.084" classname="JumboGC_Test_case_prod.Header_footer"/>
</testsuite> <!-- JumboGC_Test_case_prod.Header_footer -->
