<?xml version="1.0" encoding="UTF-8"?>
<!-- Generated by org.testng.reporters.JUnitReportReporter -->
<testsuite hostname="DESKTOP-N7K85DJ" name="Promesa_Test_Case_Prod.Footer" tests="10" failures="0" timestamp="24 Feb 2022 14:29:27 GMT" time="237.975" errors="0">
  <testcase name="Footer_linkedin" time="13.962" classname="Promesa_Test_Case_Prod.Footer"/>
  <testcase name="Footer_instagram" time="16.462" classname="Promesa_Test_Case_Prod.Footer"/>
  <testcase name="Footer_PrivacyPolicy" time="32.282" classname="Promesa_Test_Case_Prod.Footer"/>
  <testcase name="Footer_twitter" time="16.121" classname="Promesa_Test_Case_Prod.Footer"/>
  <testcase name="Footer_instagram" time="22.858" classname="Promesa_Test_Case_Prod.Footer"/>
  <testcase name="Footer_linkedin" time="19.556" classname="Promesa_Test_Case_Prod.Footer"/>
  <testcase name="Footer_twitter" time="20.575" classname="Promesa_Test_Case_Prod.Footer"/>
  <testcase name="Footer_PrivacyPolicy" time="28.443" classname="Promesa_Test_Case_Prod.Footer"/>
  <testcase name="Footer_facebook" time="36.800" classname="Promesa_Test_Case_Prod.Footer"/>
  <testcase name="Footer_facebook" time="30.916" classname="Promesa_Test_Case_Prod.Footer"/>
</testsuite> <!-- Promesa_Test_Case_Prod.Footer -->
