<?xml version="1.0" encoding="UTF-8"?>
<!-- Generated by org.testng.reporters.JUnitReportReporter -->
<testsuite hostname="DESKTOP-N7K85DJ" name="Warranty_Test_Case_Dev.Our_Partner" tests="12" failures="0" timestamp="5 Jan 2022 12:51:26 GMT" time="1158.168" errors="0">
  <testcase name="Partner1" time="92.346" classname="Warranty_Test_Case_Dev.Our_Partner"/>
  <testcase name="Partner1" time="86.344" classname="Warranty_Test_Case_Dev.Our_Partner"/>
  <testcase name="Partner6" time="92.534" classname="Warranty_Test_Case_Dev.Our_Partner"/>
  <testcase name="Partner4" time="81.290" classname="Warranty_Test_Case_Dev.Our_Partner"/>
  <testcase name="Partner6" time="74.996" classname="Warranty_Test_Case_Dev.Our_Partner"/>
  <testcase name="Partner4" time="127.435" classname="Warranty_Test_Case_Dev.Our_Partner"/>
  <testcase name="Partner5" time="110.508" classname="Warranty_Test_Case_Dev.Our_Partner"/>
  <testcase name="Partner5" time="86.965" classname="Warranty_Test_Case_Dev.Our_Partner"/>
  <testcase name="Partner2" time="88.733" classname="Warranty_Test_Case_Dev.Our_Partner"/>
  <testcase name="Partner3" time="148.881" classname="Warranty_Test_Case_Dev.Our_Partner"/>
  <testcase name="Partner3" time="82.096" classname="Warranty_Test_Case_Dev.Our_Partner"/>
  <testcase name="Partner2" time="86.040" classname="Warranty_Test_Case_Dev.Our_Partner"/>
</testsuite> <!-- Warranty_Test_Case_Dev.Our_Partner -->
