<?xml version="1.0" encoding="UTF-8"?>
<!-- Generated by org.testng.reporters.JUnitReportReporter -->
<testsuite hostname="DESKTOP-N7K85DJ" name="Warranty_Test_Case_Prod.Our_Partner" tests="12" failures="0" timestamp="25 Apr 2022 10:19:01 GMT" time="1098.157" errors="0">
  <testcase name="Partner2" time="115.895" classname="Warranty_Test_Case_Prod.Our_Partner"/>
  <testcase name="Partner6" time="86.134" classname="Warranty_Test_Case_Prod.Our_Partner"/>
  <testcase name="Partner2" time="73.546" classname="Warranty_Test_Case_Prod.Our_Partner"/>
  <testcase name="Partner5" time="79.075" classname="Warranty_Test_Case_Prod.Our_Partner"/>
  <testcase name="Partner6" time="77.883" classname="Warranty_Test_Case_Prod.Our_Partner"/>
  <testcase name="Partner3" time="122.618" classname="Warranty_Test_Case_Prod.Our_Partner"/>
  <testcase name="Partner1" time="74.921" classname="Warranty_Test_Case_Prod.Our_Partner"/>
  <testcase name="Partner5" time="84.607" classname="Warranty_Test_Case_Prod.Our_Partner"/>
  <testcase name="Partner1" time="120.372" classname="Warranty_Test_Case_Prod.Our_Partner"/>
  <testcase name="Partner3" time="78.664" classname="Warranty_Test_Case_Prod.Our_Partner"/>
  <testcase name="Partner4" time="83.866" classname="Warranty_Test_Case_Prod.Our_Partner"/>
  <testcase name="Partner4" time="100.576" classname="Warranty_Test_Case_Prod.Our_Partner"/>
</testsuite> <!-- Warranty_Test_Case_Prod.Our_Partner -->
