<?xml version="1.0" encoding="UTF-8"?>
<!-- Generated by org.testng.reporters.JUnitReportReporter -->
<testsuite hostname="DESKTOP-N7K85DJ" name="MTL_Test_Cases_Prod.Home_URL" tests="2" failures="0" timestamp="7 Feb 2022 13:48:17 GMT" time="99.474" errors="0">
  <testcase name="Footer" time="49.434" classname="MTL_Test_Cases_Prod.Home_URL"/>
  <testcase name="Footer" time="50.040" classname="MTL_Test_Cases_Prod.Home_URL"/>
</testsuite> <!-- MTL_Test_Cases_Prod.Home_URL -->
