<?xml version="1.0" encoding="UTF-8"?>
<!-- Generated by org.testng.reporters.JUnitReportReporter -->
<testsuite hostname="DESKTOP-N7K85DJ" name="AUW_Test_case_prod.AUW_NJ_Update" tests="2" failures="0" timestamp="2 May 2022 07:01:07 GMT" time="134.553" errors="0">
  <testcase name="main" time="87.034" classname="AUW_Test_case_prod.AUW_NJ_Update"/>
  <testcase name="main" time="47.519" classname="AUW_Test_case_prod.AUW_NJ_Update"/>
</testsuite> <!-- AUW_Test_case_prod.AUW_NJ_Update -->
