<?xml version="1.0" encoding="UTF-8"?>
<!-- Generated by org.testng.reporters.JUnitReportReporter -->
<testsuite hostname="DESKTOP-N7K85DJ" name="AUW_Test_case_prod.AUW_Intelligence_TC" tests="2" failures="0" timestamp="27 Apr 2022 11:15:08 GMT" time="207.907" errors="0">
  <testcase name="main" time="116.167" classname="AUW_Test_case_prod.AUW_Intelligence_TC"/>
  <testcase name="main" time="91.740" classname="AUW_Test_case_prod.AUW_Intelligence_TC"/>
</testsuite> <!-- AUW_Test_case_prod.AUW_Intelligence_TC -->
