<?xml version="1.0" encoding="UTF-8"?>
<!-- Generated by org.testng.reporters.JUnitReportReporter -->
<testsuite hostname="DESKTOP-N7K85DJ" name="Solution_one_Prod.Footer_Production" tests="2" failures="0" timestamp="9 Dec 2021 13:26:34 GMT" time="112.595" errors="0">
  <testcase name="Footer" time="51.327" classname="Solution_one_Prod.Footer_Production"/>
  <testcase name="Footer" time="61.268" classname="Solution_one_Prod.Footer_Production"/>
</testsuite> <!-- Solution_one_Prod.Footer_Production -->
