<?xml version="1.0" encoding="UTF-8"?>
<!-- Generated by org.testng.reporters.JUnitReportReporter -->
<testsuite hostname="DESKTOP-N7K85DJ" name="Careers_Test_case_Development.Footer" tests="2" failures="0" timestamp="7 Mar 2022 12:41:03 GMT" time="271.480" errors="0">
  <testcase name="AUW_Footer" time="101.319" classname="Careers_Test_case_Development.Footer"/>
  <testcase name="AUW_Footer" time="170.161" classname="Careers_Test_case_Development.Footer"/>
</testsuite> <!-- Careers_Test_case_Development.Footer -->
