<?xml version="1.0" encoding="UTF-8"?>
<!-- Generated by org.testng.reporters.JUnitReportReporter -->
<testsuite hostname="DESKTOP-N7K85DJ" name="Adler_TestCases_Development.Home" tests="2" failures="0" timestamp="12 Apr 2022 12:31:24 GMT" time="59.495" errors="0">
  <testcase name="main_Home_Page" time="27.272" classname="Adler_TestCases_Development.Home"/>
  <testcase name="main_Home_Page" time="32.223" classname="Adler_TestCases_Development.Home"/>
</testsuite> <!-- Adler_TestCases_Development.Home -->
