<?xml version="1.0" encoding="UTF-8"?>
<!-- Generated by org.testng.reporters.JUnitReportReporter -->
<testsuite hostname="DESKTOP-N7K85DJ" name="AUW_Test_case_prod.AUW_CallUpdate" tests="2" failures="0" timestamp="5 May 2022 09:54:47 GMT" time="124.831" errors="0">
  <testcase name="main" time="51.223" classname="AUW_Test_case_prod.AUW_CallUpdate"/>
  <testcase name="main" time="73.608" classname="AUW_Test_case_prod.AUW_CallUpdate"/>
</testsuite> <!-- AUW_Test_case_prod.AUW_CallUpdate -->
