<?xml version="1.0" encoding="UTF-8"?>
<!-- Generated by org.testng.reporters.JUnitReportReporter -->
<testsuite hostname="DESKTOP-N7K85DJ" name="AUW_Test_case_prod.AUW_PPP" tests="2" failures="0" timestamp="23 Feb 2022 11:40:24 GMT" time="68.515" errors="0">
  <testcase name="main" time="30.177" classname="AUW_Test_case_prod.AUW_PPP"/>
  <testcase name="main" time="38.338" classname="AUW_Test_case_prod.AUW_PPP"/>
</testsuite> <!-- AUW_Test_case_prod.AUW_PPP -->
