<?xml version="1.0" encoding="UTF-8"?>
<!-- Generated by org.testng.reporters.JUnitReportReporter -->
<testsuite hostname="DESKTOP-N7K85DJ" name="Solution_one_Development.Footer_Develop" tests="2" failures="0" timestamp="9 Dec 2021 11:12:25 GMT" time="117.127" errors="0">
  <testcase name="Footer" time="62.666" classname="Solution_one_Development.Footer_Develop"/>
  <testcase name="Footer" time="54.461" classname="Solution_one_Development.Footer_Develop"/>
</testsuite> <!-- Solution_one_Development.Footer_Develop -->
