<?xml version="1.0" encoding="UTF-8"?>
<!-- Generated by org.testng.reporters.JUnitReportReporter -->
<testsuite hostname="DESKTOP-N7K85DJ" name="Speciality_underwriters_Test_Case_Dev.Home_TC" tests="2" failures="0" timestamp="18 Jan 2022 10:21:18 GMT" time="116.247" errors="0">
  <testcase name="Footer" time="68.382" classname="Speciality_underwriters_Test_Case_Dev.Home_TC"/>
  <testcase name="Footer" time="47.865" classname="Speciality_underwriters_Test_Case_Dev.Home_TC"/>
</testsuite> <!-- Speciality_underwriters_Test_Case_Dev.Home_TC -->
