<?xml version="1.0" encoding="UTF-8"?>
<!-- Generated by org.testng.reporters.JUnitReportReporter -->
<testsuite hostname="DESKTOP-N7K85DJ" name="Solution_one_Prod.Side_Heading_Production" tests="5" failures="0" timestamp="24 Dec 2021 14:37:44 GMT" time="306.387" errors="0">
  <testcase name="Side_Heading_Two" time="62.580" classname="Solution_one_Prod.Side_Heading_Production"/>
  <testcase name="Side_Heading_Five" time="62.194" classname="Solution_one_Prod.Side_Heading_Production"/>
  <testcase name="Side_Heading_One" time="57.905" classname="Solution_one_Prod.Side_Heading_Production"/>
  <testcase name="Side_Heading_Four" time="60.075" classname="Solution_one_Prod.Side_Heading_Production"/>
  <testcase name="Side_Heading_Three" time="63.633" classname="Solution_one_Prod.Side_Heading_Production"/>
</testsuite> <!-- Solution_one_Prod.Side_Heading_Production -->
