<?xml version="1.0" encoding="UTF-8"?>
<!-- Generated by org.testng.reporters.JUnitReportReporter -->
<testsuite hostname="DESKTOP-N7K85DJ" name="Warranty_Test_Case_Dev.Contact_US" tests="2" failures="0" timestamp="18 Jan 2022 10:21:18 GMT" time="126.283" errors="0">
  <testcase name="ContactUS" time="64.890" classname="Warranty_Test_Case_Dev.Contact_US"/>
  <testcase name="ContactUS" time="61.393" classname="Warranty_Test_Case_Dev.Contact_US"/>
</testsuite> <!-- Warranty_Test_Case_Dev.Contact_US -->
