<?xml version="1.0" encoding="UTF-8"?>
<!-- Generated by org.testng.reporters.JUnitReportReporter -->
<testsuite hostname="DESKTOP-N7K85DJ" name="AFL_Test_Case_Prod.HomePage_TC" tests="2" failures="0" timestamp="22 Apr 2022 10:04:10 GMT" time="276.354" errors="0">
  <testcase name="Home_Page" time="112.909" classname="AFL_Test_Case_Prod.HomePage_TC"/>
  <testcase name="Home_Page" time="163.445" classname="AFL_Test_Case_Prod.HomePage_TC"/>
</testsuite> <!-- AFL_Test_Case_Prod.HomePage_TC -->
