<?xml version="1.0" encoding="UTF-8"?>
<!-- Generated by org.testng.reporters.JUnitReportReporter -->
<testsuite hostname="DESKTOP-N7K85DJ" name="Adler_TestCases_Prod.News" tests="2" failures="0" timestamp="15 Dec 2021 11:56:30 GMT" time="253.307" errors="0">
  <testcase name="main_Home_Page" time="126.932" classname="Adler_TestCases_Prod.News"/>
  <testcase name="main_Home_Page" time="126.375" classname="Adler_TestCases_Prod.News"/>
</testsuite> <!-- Adler_TestCases_Prod.News -->
