<?xml version="1.0" encoding="UTF-8"?>
<!-- Generated by org.testng.reporters.JUnitReportReporter -->
<testsuite hostname="DESKTOP-N7K85DJ" name="AUW_Test_case_prod.AUW_AboutUS" tests="2" failures="0" timestamp="15 Feb 2022 16:09:04 GMT" time="328.386" errors="0">
  <testcase name="AboutUS" time="172.144" classname="AUW_Test_case_prod.AUW_AboutUS"/>
  <testcase name="AboutUS" time="156.242" classname="AUW_Test_case_prod.AUW_AboutUS"/>
</testsuite> <!-- AUW_Test_case_prod.AUW_AboutUS -->
