<?xml version="1.0" encoding="UTF-8"?>
<!-- Generated by org.testng.reporters.JUnitReportReporter -->
<testsuite hostname="DESKTOP-N7K85DJ" name="AFL_Test_Case_Prod.Footer_TC" tests="2" failures="0" timestamp="9 Mar 2022 15:47:56 GMT" time="204.909" errors="0">
  <testcase name="Footer" time="122.359" classname="AFL_Test_Case_Prod.Footer_TC"/>
  <testcase name="Footer" time="82.550" classname="AFL_Test_Case_Prod.Footer_TC"/>
</testsuite> <!-- AFL_Test_Case_Prod.Footer_TC -->
