<?xml version="1.0" encoding="UTF-8"?>
<!-- Generated by org.testng.reporters.JUnitReportReporter -->
<testsuite hostname="DESKTOP-N7K85DJ" name="Promesa_Test_Case_Development.Footer" tests="2" failures="0" timestamp="12 Apr 2022 05:27:58 GMT" time="166.563" errors="0">
  <testcase name="Footer" time="71.584" classname="Promesa_Test_Case_Development.Footer"/>
  <testcase name="Footer" time="94.979" classname="Promesa_Test_Case_Development.Footer"/>
</testsuite> <!-- Promesa_Test_Case_Development.Footer -->
