<?xml version="1.0" encoding="UTF-8"?>
<!-- Generated by org.testng.reporters.JUnitReportReporter -->
<testsuite hostname="DESKTOP-N7K85DJ" name="AUW_Test_Case_dev.AUW_NJ_Update" tests="2" failures="0" timestamp="5 May 2022 13:53:40 GMT" time="108.769" errors="0">
  <testcase name="main" time="51.790" classname="AUW_Test_Case_dev.AUW_NJ_Update"/>
  <testcase name="main" time="56.979" classname="AUW_Test_Case_dev.AUW_NJ_Update"/>
</testsuite> <!-- AUW_Test_Case_dev.AUW_NJ_Update -->
