<?xml version="1.0" encoding="UTF-8"?>
<!-- Generated by org.testng.reporters.JUnitReportReporter -->
<testsuite hostname="DESKTOP-N7K85DJ" name="Promesa_Test_Case_Development.Footer" tests="2" failures="0" timestamp="16 Feb 2022 13:57:45 GMT" time="148.556" errors="0">
  <testcase name="Footer" time="70.023" classname="Promesa_Test_Case_Development.Footer"/>
  <testcase name="Footer" time="78.533" classname="Promesa_Test_Case_Development.Footer"/>
</testsuite> <!-- Promesa_Test_Case_Development.Footer -->
