<?xml version="1.0" encoding="UTF-8"?>
<!-- Generated by org.testng.reporters.JUnitReportReporter -->
<testsuite hostname="DESKTOP-N7K85DJ" name="AUW_Test_case_prod.Practices_CustomerSeekingCoverage" tests="2" failures="0" timestamp="9 Mar 2022 16:19:07 GMT" time="451.689" errors="0">
  <testcase name="Practices_CustomerSeekingCoverage" time="224.990" classname="AUW_Test_case_prod.Practices_CustomerSeekingCoverage"/>
  <testcase name="Practices_CustomerSeekingCoverage" time="226.699" classname="AUW_Test_case_prod.Practices_CustomerSeekingCoverage"/>
</testsuite> <!-- AUW_Test_case_prod.Practices_CustomerSeekingCoverage -->
