<?xml version="1.0" encoding="UTF-8"?>
<!-- Generated by org.testng.reporters.JUnitReportReporter -->
<testsuite hostname="DESKTOP-N7K85DJ" name="Promesa_Test_Case_Development.Footer" tests="2" failures="0" timestamp="4 Apr 2022 06:52:09 GMT" time="147.802" errors="0">
  <testcase name="Footer" time="71.658" classname="Promesa_Test_Case_Development.Footer"/>
  <testcase name="Footer" time="76.144" classname="Promesa_Test_Case_Development.Footer"/>
</testsuite> <!-- Promesa_Test_Case_Development.Footer -->
