<?xml version="1.0" encoding="UTF-8"?>
<!-- Generated by org.testng.reporters.JUnitReportReporter -->
<testsuite hostname="DESKTOP-N7K85DJ" name="Casuality_Prod_TC.Home_page" tests="2" failures="0" timestamp="22 Apr 2022 10:04:10 GMT" time="180.314" errors="0">
  <testcase name="HomePage" time="106.689" classname="Casuality_Prod_TC.Home_page"/>
  <testcase name="HomePage" time="73.625" classname="Casuality_Prod_TC.Home_page"/>
</testsuite> <!-- Casuality_Prod_TC.Home_page -->
