<?xml version="1.0" encoding="UTF-8"?>
<!-- Generated by org.testng.reporters.JUnitReportReporter -->
<testsuite hostname="DESKTOP-N7K85DJ" name="Solution_one_Development.Side_head_sample" tests="5" failures="0" timestamp="16 Dec 2021 15:34:26 GMT" time="276.800" errors="0">
  <testcase name="Side_Heading_Five" time="55.495" classname="Solution_one_Development.Side_head_sample"/>
  <testcase name="Side_Heading_Four" time="51.686" classname="Solution_one_Development.Side_head_sample"/>
  <testcase name="Side_Heading_Two" time="52.418" classname="Solution_one_Development.Side_head_sample"/>
  <testcase name="Side_Heading_One" time="50.978" classname="Solution_one_Development.Side_head_sample"/>
  <testcase name="Side_Heading_Three" time="66.223" classname="Solution_one_Development.Side_head_sample"/>
</testsuite> <!-- Solution_one_Development.Side_head_sample -->
