<?xml version="1.0" encoding="UTF-8"?>
<!-- Generated by org.testng.reporters.JUnitReportReporter -->
<testsuite hostname="DESKTOP-N7K85DJ" name="AUW_Test_case_prod.AUW_CallUpdate" tests="2" failures="0" timestamp="28 Feb 2022 06:59:29 GMT" time="197.847" errors="0">
  <testcase name="main" time="137.959" classname="AUW_Test_case_prod.AUW_CallUpdate"/>
  <testcase name="main" time="59.888" classname="AUW_Test_case_prod.AUW_CallUpdate"/>
</testsuite> <!-- AUW_Test_case_prod.AUW_CallUpdate -->
