<?xml version="1.0" encoding="UTF-8"?>
<!-- Generated by org.testng.reporters.JUnitReportReporter -->
<testsuite hostname="DESKTOP-N7K85DJ" name="Warranty_Test_Case_Prod.Contact_US" tests="2" failures="0" timestamp="15 Mar 2022 11:30:31 GMT" time="99.450" errors="0">
  <testcase name="ContactUS" time="49.258" classname="Warranty_Test_Case_Prod.Contact_US"/>
  <testcase name="ContactUS" time="50.192" classname="Warranty_Test_Case_Prod.Contact_US"/>
</testsuite> <!-- Warranty_Test_Case_Prod.Contact_US -->
