<?xml version="1.0" encoding="UTF-8"?>
<!-- Generated by org.testng.reporters.JUnitReportReporter -->
<testsuite hostname="DESKTOP-N7K85DJ" name="AUW_Test_case_prod.AUW_Intelligence_TC" tests="2" failures="0" timestamp="16 Feb 2022 08:42:47 GMT" time="230.303" errors="0">
  <testcase name="main" time="95.209" classname="AUW_Test_case_prod.AUW_Intelligence_TC"/>
  <testcase name="main" time="135.094" classname="AUW_Test_case_prod.AUW_Intelligence_TC"/>
</testsuite> <!-- AUW_Test_case_prod.AUW_Intelligence_TC -->
