<?xml version="1.0" encoding="UTF-8"?>
<!-- Generated by org.testng.reporters.JUnitReportReporter -->
<testsuite hostname="DESKTOP-N7K85DJ" name="Casuality_Prod_TC.Home_page" tests="2" failures="0" timestamp="17 Feb 2022 12:40:42 GMT" time="208.881" errors="0">
  <testcase name="HomePage" time="128.821" classname="Casuality_Prod_TC.Home_page"/>
  <testcase name="HomePage" time="80.060" classname="Casuality_Prod_TC.Home_page"/>
</testsuite> <!-- Casuality_Prod_TC.Home_page -->
