<?xml version="1.0" encoding="UTF-8"?>
<!-- Generated by org.testng.reporters.JUnitReportReporter -->
<testsuite hostname="DESKTOP-N7K85DJ" name="Speciality_underwriters_Test_Case_Dev.Contact_US_TC" tests="2" failures="0" timestamp="14 Dec 2021 11:47:24 GMT" time="51.044" errors="0">
  <testcase name="Footer" time="28.060" classname="Speciality_underwriters_Test_Case_Dev.Contact_US_TC"/>
  <testcase name="Footer" time="22.984" classname="Speciality_underwriters_Test_Case_Dev.Contact_US_TC"/>
</testsuite> <!-- Speciality_underwriters_Test_Case_Dev.Contact_US_TC -->
