<?xml version="1.0" encoding="UTF-8"?>
<!-- Generated by org.testng.reporters.JUnitReportReporter -->
<testsuite hostname="DESKTOP-N7K85DJ" name="AUW_Test_case_prod.AUW_Experience" tests="2" failures="0" timestamp="25 Feb 2022 12:26:47 GMT" time="671.690" errors="0">
  <testcase name="main" time="312.845" classname="AUW_Test_case_prod.AUW_Experience"/>
  <testcase name="main" time="358.845" classname="AUW_Test_case_prod.AUW_Experience"/>
</testsuite> <!-- AUW_Test_case_prod.AUW_Experience -->
