<?xml version="1.0" encoding="UTF-8"?>
<!-- Generated by org.testng.reporters.JUnitReportReporter -->
<testsuite hostname="DESKTOP-N7K85DJ" name="Careers_Test_case_Prod.Footer" tests="10" failures="0" timestamp="5 May 2022 09:54:47 GMT" time="374.632" errors="0">
  <testcase name="AUW_Facebook" time="26.733" classname="Careers_Test_case_Prod.Footer"/>
  <testcase name="AUW_twitter" time="21.919" classname="Careers_Test_case_Prod.Footer"/>
  <testcase name="AUW_Instagram" time="20.669" classname="Careers_Test_case_Prod.Footer"/>
  <testcase name="AUW_Policy" time="35.943" classname="Careers_Test_case_Prod.Footer"/>
  <testcase name="AUW_Facebook" time="59.200" classname="Careers_Test_case_Prod.Footer"/>
  <testcase name="AUW_twitter" time="24.289" classname="Careers_Test_case_Prod.Footer"/>
  <testcase name="AUW_Linkedin" time="19.884" classname="Careers_Test_case_Prod.Footer"/>
  <testcase name="AUW_Instagram" time="18.875" classname="Careers_Test_case_Prod.Footer"/>
  <testcase name="AUW_Policy" time="76.023" classname="Careers_Test_case_Prod.Footer"/>
  <testcase name="AUW_Linkedin" time="71.097" classname="Careers_Test_case_Prod.Footer"/>
</testsuite> <!-- Careers_Test_case_Prod.Footer -->
