<?xml version="1.0" encoding="UTF-8"?>
<!-- Generated by org.testng.reporters.JUnitReportReporter -->
<testsuite hostname="DESKTOP-N7K85DJ" name="Promesa_Test_Case_Prod.Footer" tests="10" failures="0" timestamp="5 Jan 2022 10:13:38 GMT" time="298.363" errors="0">
  <testcase name="Footer_twitter" time="36.427" classname="Promesa_Test_Case_Prod.Footer"/>
  <testcase name="Footer_PrivacyPolicy" time="29.969" classname="Promesa_Test_Case_Prod.Footer"/>
  <testcase name="Footer_PrivacyPolicy" time="39.577" classname="Promesa_Test_Case_Prod.Footer"/>
  <testcase name="Footer_facebook" time="39.237" classname="Promesa_Test_Case_Prod.Footer"/>
  <testcase name="Footer_instagram" time="17.380" classname="Promesa_Test_Case_Prod.Footer"/>
  <testcase name="Footer_facebook" time="33.630" classname="Promesa_Test_Case_Prod.Footer"/>
  <testcase name="Footer_linkedin" time="25.081" classname="Promesa_Test_Case_Prod.Footer"/>
  <testcase name="Footer_linkedin" time="26.934" classname="Promesa_Test_Case_Prod.Footer"/>
  <testcase name="Footer_instagram" time="19.022" classname="Promesa_Test_Case_Prod.Footer"/>
  <testcase name="Footer_twitter" time="31.106" classname="Promesa_Test_Case_Prod.Footer"/>
</testsuite> <!-- Promesa_Test_Case_Prod.Footer -->
