<?xml version="1.0" encoding="UTF-8"?>
<!-- Generated by org.testng.reporters.JUnitReportReporter -->
<testsuite hostname="DESKTOP-N7K85DJ" name="MTL_Test_Cases_Prod.Home_URL" tests="2" failures="0" timestamp="30 Mar 2022 08:39:20 GMT" time="88.824" errors="0">
  <testcase name="Footer" time="51.457" classname="MTL_Test_Cases_Prod.Home_URL"/>
  <testcase name="Footer" time="37.367" classname="MTL_Test_Cases_Prod.Home_URL"/>
</testsuite> <!-- MTL_Test_Cases_Prod.Home_URL -->
