<?xml version="1.0" encoding="UTF-8"?>
<!-- Generated by org.testng.reporters.JUnitReportReporter -->
<testsuite hostname="DESKTOP-N7K85DJ" name="AUW_Test_case_prod.AUW_header_web_Prod" tests="2" failures="0" timestamp="5 Jan 2022 10:13:38 GMT" time="145.651" errors="0">
  <testcase name="main" time="72.699" classname="AUW_Test_case_prod.AUW_header_web_Prod"/>
  <testcase name="main" time="72.952" classname="AUW_Test_case_prod.AUW_header_web_Prod"/>
</testsuite> <!-- AUW_Test_case_prod.AUW_header_web_Prod -->
