<?xml version="1.0" encoding="UTF-8"?>
<!-- Generated by org.testng.reporters.JUnitReportReporter -->
<testsuite hostname="DESKTOP-N7K85DJ" name="Casuality_Prod_TC.Menu_About_US" tests="2" failures="0" timestamp="1 Apr 2022 10:47:35 GMT" time="118.546" errors="0">
  <testcase name="HomePage" time="67.758" classname="Casuality_Prod_TC.Menu_About_US"/>
  <testcase name="HomePage" time="50.788" classname="Casuality_Prod_TC.Menu_About_US"/>
</testsuite> <!-- Casuality_Prod_TC.Menu_About_US -->
