<?xml version="1.0" encoding="UTF-8"?>
<!-- Generated by org.testng.reporters.JUnitReportReporter -->
<testsuite hostname="DESKTOP-N7K85DJ" name="AFL_Test_Cases_Dev.HomePage_TC_dev" tests="2" failures="0" timestamp="18 Jan 2022 10:21:18 GMT" time="318.198" errors="0">
  <testcase name="Home_Page" time="149.075" classname="AFL_Test_Cases_Dev.HomePage_TC_dev"/>
  <testcase name="Home_Page" time="169.123" classname="AFL_Test_Cases_Dev.HomePage_TC_dev"/>
</testsuite> <!-- AFL_Test_Cases_Dev.HomePage_TC_dev -->
