<?xml version="1.0" encoding="UTF-8"?>
<!-- Generated by org.testng.reporters.JUnitReportReporter -->
<testsuite hostname="DESKTOP-N7K85DJ" name="Casuality_Dev_TC.Menu_About_US" tests="2" failures="0" timestamp="24 Feb 2022 15:18:07 GMT" time="119.514" errors="0">
  <testcase name="HomePage" time="53.892" classname="Casuality_Dev_TC.Menu_About_US"/>
  <testcase name="HomePage" time="65.622" classname="Casuality_Dev_TC.Menu_About_US"/>
</testsuite> <!-- Casuality_Dev_TC.Menu_About_US -->
