<?xml version="1.0" encoding="UTF-8"?>
<!-- Generated by org.testng.reporters.JUnitReportReporter -->
<testsuite hostname="DESKTOP-N7K85DJ" name="Careers_Test_case_Prod.Footer" tests="5" failures="0" timestamp="2 Mar 2022 15:22:20 GMT" time="126.435" errors="0">
  <testcase name="AUW_Facebook" time="28.970" classname="Careers_Test_case_Prod.Footer"/>
  <testcase name="AUW_Policy" time="35.000" classname="Careers_Test_case_Prod.Footer"/>
  <testcase name="AUW_Instagram" time="20.938" classname="Careers_Test_case_Prod.Footer"/>
  <testcase name="AUW_twitter" time="22.327" classname="Careers_Test_case_Prod.Footer"/>
  <testcase name="AUW_Linkedin" time="19.200" classname="Careers_Test_case_Prod.Footer"/>
</testsuite> <!-- Careers_Test_case_Prod.Footer -->
