<?xml version="1.0" encoding="UTF-8"?>
<!-- Generated by org.testng.reporters.JUnitReportReporter -->
<testsuite hostname="DESKTOP-N7K85DJ" name="Warranty_Test_Case_Prod.Our_Partner" tests="12" failures="0" timestamp="15 Mar 2022 11:30:31 GMT" time="856.200" errors="0">
  <testcase name="Partner4" time="76.641" classname="Warranty_Test_Case_Prod.Our_Partner"/>
  <testcase name="Partner1" time="73.979" classname="Warranty_Test_Case_Prod.Our_Partner"/>
  <testcase name="Partner2" time="69.766" classname="Warranty_Test_Case_Prod.Our_Partner"/>
  <testcase name="Partner6" time="67.979" classname="Warranty_Test_Case_Prod.Our_Partner"/>
  <testcase name="Partner5" time="73.222" classname="Warranty_Test_Case_Prod.Our_Partner"/>
  <testcase name="Partner1" time="70.362" classname="Warranty_Test_Case_Prod.Our_Partner"/>
  <testcase name="Partner2" time="73.259" classname="Warranty_Test_Case_Prod.Our_Partner"/>
  <testcase name="Partner5" time="67.912" classname="Warranty_Test_Case_Prod.Our_Partner"/>
  <testcase name="Partner3" time="66.617" classname="Warranty_Test_Case_Prod.Our_Partner"/>
  <testcase name="Partner4" time="68.223" classname="Warranty_Test_Case_Prod.Our_Partner"/>
  <testcase name="Partner3" time="74.426" classname="Warranty_Test_Case_Prod.Our_Partner"/>
  <testcase name="Partner6" time="73.814" classname="Warranty_Test_Case_Prod.Our_Partner"/>
</testsuite> <!-- Warranty_Test_Case_Prod.Our_Partner -->
