<?xml version="1.0" encoding="UTF-8"?>
<!-- Generated by org.testng.reporters.JUnitReportReporter -->
<testsuite hostname="DESKTOP-N7K85DJ" name="Casuality_Prod_TC.Menu_Contact_Us" tests="2" failures="0" timestamp="16 Mar 2022 12:48:23 GMT" time="84.797" errors="0">
  <testcase name="HomePage" time="32.709" classname="Casuality_Prod_TC.Menu_Contact_Us"/>
  <testcase name="HomePage" time="52.088" classname="Casuality_Prod_TC.Menu_Contact_Us"/>
</testsuite> <!-- Casuality_Prod_TC.Menu_Contact_Us -->
