<?xml version="1.0" encoding="UTF-8"?>
<!-- Generated by org.testng.reporters.JUnitReportReporter -->
<testsuite hostname="DESKTOP-N7K85DJ" name="AUW_Test_case_prod.AUW_PPP" tests="2" failures="0" timestamp="4 Mar 2022 11:36:24 GMT" time="64.355" errors="0">
  <testcase name="main" time="37.841" classname="AUW_Test_case_prod.AUW_PPP"/>
  <testcase name="main" time="26.514" classname="AUW_Test_case_prod.AUW_PPP"/>
</testsuite> <!-- AUW_Test_case_prod.AUW_PPP -->
