<?xml version="1.0" encoding="UTF-8"?>
<!-- Generated by org.testng.reporters.JUnitReportReporter -->
<testsuite hostname="DESKTOP-N7K85DJ" name="Warranty_Test_Case_Dev.Our_Partner" tests="12" failures="0" timestamp="17 Feb 2022 14:18:50 GMT" time="1298.698" errors="0">
  <testcase name="Partner1" time="112.283" classname="Warranty_Test_Case_Dev.Our_Partner"/>
  <testcase name="Partner6" time="89.354" classname="Warranty_Test_Case_Dev.Our_Partner"/>
  <testcase name="Partner2" time="106.229" classname="Warranty_Test_Case_Dev.Our_Partner"/>
  <testcase name="Partner3" time="95.445" classname="Warranty_Test_Case_Dev.Our_Partner"/>
  <testcase name="Partner6" time="91.713" classname="Warranty_Test_Case_Dev.Our_Partner"/>
  <testcase name="Partner4" time="134.649" classname="Warranty_Test_Case_Dev.Our_Partner"/>
  <testcase name="Partner2" time="110.145" classname="Warranty_Test_Case_Dev.Our_Partner"/>
  <testcase name="Partner5" time="93.207" classname="Warranty_Test_Case_Dev.Our_Partner"/>
  <testcase name="Partner1" time="124.819" classname="Warranty_Test_Case_Dev.Our_Partner"/>
  <testcase name="Partner3" time="113.414" classname="Warranty_Test_Case_Dev.Our_Partner"/>
  <testcase name="Partner4" time="126.159" classname="Warranty_Test_Case_Dev.Our_Partner"/>
  <testcase name="Partner5" time="101.281" classname="Warranty_Test_Case_Dev.Our_Partner"/>
</testsuite> <!-- Warranty_Test_Case_Dev.Our_Partner -->
