<?xml version="1.0" encoding="UTF-8"?>
<!-- Generated by org.testng.reporters.JUnitReportReporter -->
<testsuite hostname="DESKTOP-N7K85DJ" name="AUW_Test_Case_dev.AUW_NJ_Update" tests="2" failures="0" timestamp="12 Jan 2022 10:17:31 GMT" time="133.725" errors="0">
  <testcase name="main" time="71.577" classname="AUW_Test_Case_dev.AUW_NJ_Update"/>
  <testcase name="main" time="62.148" classname="AUW_Test_Case_dev.AUW_NJ_Update"/>
</testsuite> <!-- AUW_Test_Case_dev.AUW_NJ_Update -->
