<?xml version="1.0" encoding="UTF-8"?>
<!-- Generated by org.testng.reporters.JUnitReportReporter -->
<testsuite hostname="DESKTOP-N7K85DJ" name="Casuality_Prod_TC.Menu_About_US" tests="2" failures="0" timestamp="18 Feb 2022 15:38:24 GMT" time="123.643" errors="0">
  <testcase name="HomePage" time="53.848" classname="Casuality_Prod_TC.Menu_About_US"/>
  <testcase name="HomePage" time="69.795" classname="Casuality_Prod_TC.Menu_About_US"/>
</testsuite> <!-- Casuality_Prod_TC.Menu_About_US -->
