<?xml version="1.0" encoding="UTF-8"?>
<!-- Generated by org.testng.reporters.JUnitReportReporter -->
<testsuite hostname="DESKTOP-N7K85DJ" name="AUW_Test_case_prod.AUW_NJ_Update" tests="2" failures="0" timestamp="14 Jan 2022 12:33:11 GMT" time="286.942" errors="0">
  <testcase name="main" time="50.438" classname="AUW_Test_case_prod.AUW_NJ_Update"/>
  <testcase name="main" time="236.504" classname="AUW_Test_case_prod.AUW_NJ_Update"/>
</testsuite> <!-- AUW_Test_case_prod.AUW_NJ_Update -->
