<?xml version="1.0" encoding="UTF-8"?>
<!-- Generated by org.testng.reporters.JUnitReportReporter -->
<testsuite hostname="DESKTOP-N7K85DJ" name="Warranty_Test_Case_Dev.HomePage_Testcase" tests="1" failures="0" timestamp="18 Jan 2022 14:39:50 GMT" time="290.919" errors="0">
  <testcase name="Home_page" time="290.919" classname="Warranty_Test_Case_Dev.HomePage_Testcase"/>
</testsuite> <!-- Warranty_Test_Case_Dev.HomePage_Testcase -->
