<?xml version="1.0" encoding="UTF-8"?>
<!-- Generated by org.testng.reporters.JUnitReportReporter -->
<testsuite hostname="DESKTOP-N7K85DJ" name="Warranty_Test_Case_Prod.Our_Partner" tests="12" failures="0" timestamp="15 Feb 2022 15:16:06 GMT" time="1016.401" errors="0">
  <testcase name="Partner4" time="74.606" classname="Warranty_Test_Case_Prod.Our_Partner"/>
  <testcase name="Partner1" time="99.162" classname="Warranty_Test_Case_Prod.Our_Partner"/>
  <testcase name="Partner3" time="94.931" classname="Warranty_Test_Case_Prod.Our_Partner"/>
  <testcase name="Partner6" time="77.308" classname="Warranty_Test_Case_Prod.Our_Partner"/>
  <testcase name="Partner6" time="67.316" classname="Warranty_Test_Case_Prod.Our_Partner"/>
  <testcase name="Partner1" time="78.027" classname="Warranty_Test_Case_Prod.Our_Partner"/>
  <testcase name="Partner4" time="77.467" classname="Warranty_Test_Case_Prod.Our_Partner"/>
  <testcase name="Partner3" time="77.027" classname="Warranty_Test_Case_Prod.Our_Partner"/>
  <testcase name="Partner5" time="95.162" classname="Warranty_Test_Case_Prod.Our_Partner"/>
  <testcase name="Partner2" time="78.780" classname="Warranty_Test_Case_Prod.Our_Partner"/>
  <testcase name="Partner2" time="125.722" classname="Warranty_Test_Case_Prod.Our_Partner"/>
  <testcase name="Partner5" time="70.893" classname="Warranty_Test_Case_Prod.Our_Partner"/>
</testsuite> <!-- Warranty_Test_Case_Prod.Our_Partner -->
