<?xml version="1.0" encoding="UTF-8"?>
<!-- Generated by org.testng.reporters.JUnitReportReporter -->
<testsuite hostname="DESKTOP-N7K85DJ" name="Adler_TestCases_Prod.Home" tests="2" failures="0" timestamp="15 Feb 2022 15:16:06 GMT" time="102.059" errors="0">
  <testcase name="main_Home_Page" time="31.495" classname="Adler_TestCases_Prod.Home"/>
  <testcase name="main_Home_Page" time="70.564" classname="Adler_TestCases_Prod.Home"/>
</testsuite> <!-- Adler_TestCases_Prod.Home -->
