<?xml version="1.0" encoding="UTF-8"?>
<!-- Generated by org.testng.reporters.JUnitReportReporter -->
<testsuite hostname="DESKTOP-N7K85DJ" name="AUW_Test_Case_dev.Practices_AgentsBrokers" tests="2" failures="0" timestamp="14 Jan 2022 10:44:32 GMT" time="448.332" errors="0">
  <testcase name="Practices_AgentsBrokers" time="366.466" classname="AUW_Test_Case_dev.Practices_AgentsBrokers"/>
  <testcase name="Practices_AgentsBrokers" time="81.866" classname="AUW_Test_Case_dev.Practices_AgentsBrokers"/>
</testsuite> <!-- AUW_Test_Case_dev.Practices_AgentsBrokers -->
