<?xml version="1.0" encoding="UTF-8"?>
<!-- Generated by org.testng.reporters.JUnitReportReporter -->
<testsuite hostname="DESKTOP-N7K85DJ" name="Casuality_Prod_TC.Menu_Contact_Us" tests="2" failures="0" timestamp="27 Apr 2022 11:15:08 GMT" time="87.878" errors="0">
  <testcase name="HomePage" time="31.070" classname="Casuality_Prod_TC.Menu_Contact_Us"/>
  <testcase name="HomePage" time="56.808" classname="Casuality_Prod_TC.Menu_Contact_Us"/>
</testsuite> <!-- Casuality_Prod_TC.Menu_Contact_Us -->
