<?xml version="1.0" encoding="UTF-8"?>
<!-- Generated by org.testng.reporters.JUnitReportReporter -->
<testsuite hostname="DESKTOP-N7K85DJ" name="AUW_Test_case_prod.AUW_Experience" tests="2" failures="0" timestamp="8 Mar 2022 09:14:17 GMT" time="686.508" errors="0">
  <testcase name="main" time="373.955" classname="AUW_Test_case_prod.AUW_Experience"/>
  <testcase name="main" time="312.553" classname="AUW_Test_case_prod.AUW_Experience"/>
</testsuite> <!-- AUW_Test_case_prod.AUW_Experience -->
