<?xml version="1.0" encoding="UTF-8"?>
<!-- Generated by org.testng.reporters.JUnitReportReporter -->
<testsuite hostname="DESKTOP-N7K85DJ" name="Warranty_Test_Case_Prod.Partner_With_US" tests="2" failures="0" timestamp="27 Jan 2022 13:33:16 GMT" time="109.620" errors="0">
  <testcase name="partner" time="87.296" classname="Warranty_Test_Case_Prod.Partner_With_US"/>
  <testcase name="partner" time="22.324" classname="Warranty_Test_Case_Prod.Partner_With_US"/>
</testsuite> <!-- Warranty_Test_Case_Prod.Partner_With_US -->
