<?xml version="1.0" encoding="UTF-8"?>
<!-- Generated by org.testng.reporters.JUnitReportReporter -->
<testsuite hostname="DESKTOP-N7K85DJ" name="AUW_Test_Case_dev.AUW_Experience" tests="2" failures="0" timestamp="15 Dec 2021 09:54:42 GMT" time="597.951" errors="0">
  <testcase name="main" time="282.660" classname="AUW_Test_Case_dev.AUW_Experience"/>
  <testcase name="main" time="315.291" classname="AUW_Test_Case_dev.AUW_Experience"/>
</testsuite> <!-- AUW_Test_Case_dev.AUW_Experience -->
