<?xml version="1.0" encoding="UTF-8"?>
<!-- Generated by org.testng.reporters.JUnitReportReporter -->
<testsuite hostname="DESKTOP-N7K85DJ" name="AUW_Global_Test_Cases_Development.Home_More" tests="1" failures="0" timestamp="14 Jan 2022 10:44:32 GMT" time="183.911" errors="0">
  <testcase name="More_button" time="183.911" classname="AUW_Global_Test_Cases_Development.Home_More"/>
</testsuite> <!-- AUW_Global_Test_Cases_Development.Home_More -->
