<?xml version="1.0" encoding="UTF-8"?>
<!-- Generated by org.testng.reporters.JUnitReportReporter -->
<testsuite hostname="DESKTOP-N7K85DJ" name="Careers_Test_case_Development.Footer" tests="2" failures="0" timestamp="23 Dec 2021 12:43:52 GMT" time="162.467" errors="0">
  <testcase name="AUW_Footer" time="82.736" classname="Careers_Test_case_Development.Footer"/>
  <testcase name="AUW_Footer" time="79.731" classname="Careers_Test_case_Development.Footer"/>
</testsuite> <!-- Careers_Test_case_Development.Footer -->
