<?xml version="1.0" encoding="UTF-8"?>
<!-- Generated by org.testng.reporters.JUnitReportReporter -->
<testsuite hostname="DESKTOP-N7K85DJ" name="AUW_Test_case_prod.AUW_CallUpdate" tests="2" failures="0" timestamp="5 Jan 2022 10:13:38 GMT" time="167.105" errors="0">
  <testcase name="main" time="84.604" classname="AUW_Test_case_prod.AUW_CallUpdate"/>
  <testcase name="main" time="82.501" classname="AUW_Test_case_prod.AUW_CallUpdate"/>
</testsuite> <!-- AUW_Test_case_prod.AUW_CallUpdate -->
