<?xml version="1.0" encoding="UTF-8"?>
<!-- Generated by org.testng.reporters.JUnitReportReporter -->
<testsuite hostname="DESKTOP-N7K85DJ" name="AUW_Test_Case_dev.AUW_Experience" tests="2" failures="0" timestamp="16 Dec 2021 13:45:34 GMT" time="599.610" errors="0">
  <testcase name="main" time="303.684" classname="AUW_Test_Case_dev.AUW_Experience"/>
  <testcase name="main" time="295.926" classname="AUW_Test_Case_dev.AUW_Experience"/>
</testsuite> <!-- AUW_Test_Case_dev.AUW_Experience -->
