<?xml version="1.0" encoding="UTF-8"?>
<!-- Generated by org.testng.reporters.JUnitReportReporter -->
<testsuite hostname="DESKTOP-N7K85DJ" name="Casuality_Dev_TC.Menu_Press_Room" tests="2" failures="0" timestamp="7 Mar 2022 16:52:16 GMT" time="118.911" errors="0">
  <testcase name="HomePage" time="58.857" classname="Casuality_Dev_TC.Menu_Press_Room"/>
  <testcase name="HomePage" time="60.054" classname="Casuality_Dev_TC.Menu_Press_Room"/>
</testsuite> <!-- Casuality_Dev_TC.Menu_Press_Room -->
