<?xml version="1.0" encoding="UTF-8"?>
<!-- Generated by org.testng.reporters.JUnitReportReporter -->
<testsuite hostname="DESKTOP-N7K85DJ" name="Speciality_underwriters_Test_Case_Prod.What_We_offer" tests="2" failures="0" timestamp="15 Feb 2022 15:16:06 GMT" time="115.386" errors="0">
  <testcase name="Footer" time="67.420" classname="Speciality_underwriters_Test_Case_Prod.What_We_offer"/>
  <testcase name="Footer" time="47.966" classname="Speciality_underwriters_Test_Case_Prod.What_We_offer"/>
</testsuite> <!-- Speciality_underwriters_Test_Case_Prod.What_We_offer -->
