<?xml version="1.0" encoding="UTF-8"?>
<!-- Generated by org.testng.reporters.JUnitReportReporter -->
<testsuite hostname="DESKTOP-N7K85DJ" name="Casuality_Prod_TC.Menu_Our_Carriers" tests="2" failures="0" timestamp="5 May 2022 09:54:47 GMT" time="120.710" errors="0">
  <testcase name="Carriers" time="42.785" classname="Casuality_Prod_TC.Menu_Our_Carriers"/>
  <testcase name="Carriers" time="77.925" classname="Casuality_Prod_TC.Menu_Our_Carriers"/>
</testsuite> <!-- Casuality_Prod_TC.Menu_Our_Carriers -->
