<?xml version="1.0" encoding="UTF-8"?>
<!-- Generated by org.testng.reporters.JUnitReportReporter -->
<testsuite hostname="DESKTOP-N7K85DJ" name="AUW_Test_case_prod.AUW_header_web_Prod" tests="2" failures="0" timestamp="17 Mar 2022 13:12:13 GMT" time="148.462" errors="0">
  <testcase name="main" time="100.600" classname="AUW_Test_case_prod.AUW_header_web_Prod"/>
  <testcase name="main" time="47.862" classname="AUW_Test_case_prod.AUW_header_web_Prod"/>
</testsuite> <!-- AUW_Test_case_prod.AUW_header_web_Prod -->
