<?xml version="1.0" encoding="UTF-8"?>
<!-- Generated by org.testng.reporters.JUnitReportReporter -->
<testsuite hostname="DESKTOP-N7K85DJ" name="Promesa_Test_Case_Prod.Change_language" tests="2" failures="0" timestamp="5 May 2022 09:54:47 GMT" time="25.852" errors="0">
  <testcase name="Change_Language" time="12.187" classname="Promesa_Test_Case_Prod.Change_language"/>
  <testcase name="Change_Language" time="13.665" classname="Promesa_Test_Case_Prod.Change_language"/>
</testsuite> <!-- Promesa_Test_Case_Prod.Change_language -->
