<?xml version="1.0" encoding="UTF-8"?>
<!-- Generated by org.testng.reporters.JUnitReportReporter -->
<testsuite hostname="DESKTOP-N7K85DJ" name="Promesa_Test_Case_Prod.Footer" tests="10" failures="0" timestamp="26 Apr 2022 09:47:26 GMT" time="369.968" errors="0">
  <testcase name="Footer_facebook" time="56.157" classname="Promesa_Test_Case_Prod.Footer"/>
  <testcase name="Footer_instagram" time="23.517" classname="Promesa_Test_Case_Prod.Footer"/>
  <testcase name="Footer_facebook" time="36.843" classname="Promesa_Test_Case_Prod.Footer"/>
  <testcase name="Footer_linkedin" time="52.888" classname="Promesa_Test_Case_Prod.Footer"/>
  <testcase name="Footer_twitter" time="24.516" classname="Promesa_Test_Case_Prod.Footer"/>
  <testcase name="Footer_linkedin" time="25.298" classname="Promesa_Test_Case_Prod.Footer"/>
  <testcase name="Footer_twitter" time="25.765" classname="Promesa_Test_Case_Prod.Footer"/>
  <testcase name="Footer_PrivacyPolicy" time="46.875" classname="Promesa_Test_Case_Prod.Footer"/>
  <testcase name="Footer_PrivacyPolicy" time="36.459" classname="Promesa_Test_Case_Prod.Footer"/>
  <testcase name="Footer_instagram" time="41.650" classname="Promesa_Test_Case_Prod.Footer"/>
</testsuite> <!-- Promesa_Test_Case_Prod.Footer -->
