<?xml version="1.0" encoding="UTF-8"?>
<!-- Generated by org.testng.reporters.JUnitReportReporter -->
<testsuite hostname="DESKTOP-N7K85DJ" name="AUW_Test_case_prod.AUW_NJ_Update" tests="2" failures="0" timestamp="18 Jan 2022 13:48:13 GMT" time="188.034" errors="0">
  <testcase name="main" time="56.318" classname="AUW_Test_case_prod.AUW_NJ_Update"/>
  <testcase name="main" time="131.716" classname="AUW_Test_case_prod.AUW_NJ_Update"/>
</testsuite> <!-- AUW_Test_case_prod.AUW_NJ_Update -->
