<?xml version="1.0" encoding="UTF-8"?>
<!-- Generated by org.testng.reporters.JUnitReportReporter -->
<testsuite hostname="DESKTOP-N7K85DJ" name="MTL_Test_Cases_Prod.Home_URL" tests="2" failures="0" timestamp="22 Dec 2021 09:39:17 GMT" time="83.690" errors="0">
  <testcase name="Footer" time="47.882" classname="MTL_Test_Cases_Prod.Home_URL"/>
  <testcase name="Footer" time="35.808" classname="MTL_Test_Cases_Prod.Home_URL"/>
</testsuite> <!-- MTL_Test_Cases_Prod.Home_URL -->
