<?xml version="1.0" encoding="UTF-8"?>
<!-- Generated by org.testng.reporters.JUnitReportReporter -->
<testsuite hostname="DESKTOP-N7K85DJ" name="Casuality_Dev_TC.Home_page" tests="2" failures="0" timestamp="16 Feb 2022 15:23:24 GMT" time="154.727" errors="0">
  <testcase name="HomePage" time="74.310" classname="Casuality_Dev_TC.Home_page"/>
  <testcase name="HomePage" time="80.417" classname="Casuality_Dev_TC.Home_page"/>
</testsuite> <!-- Casuality_Dev_TC.Home_page -->
