<?xml version="1.0" encoding="UTF-8"?>
<!-- Generated by org.testng.reporters.JUnitReportReporter -->
<testsuite hostname="DESKTOP-N7K85DJ" name="Warranty_Test_Case_Dev.HomePage_Testcase" tests="2" failures="0" timestamp="7 Mar 2022 16:16:38 GMT" time="573.081" errors="0">
  <testcase name="Home_page" time="291.892" classname="Warranty_Test_Case_Dev.HomePage_Testcase"/>
  <testcase name="Home_page" time="281.189" classname="Warranty_Test_Case_Dev.HomePage_Testcase"/>
</testsuite> <!-- Warranty_Test_Case_Dev.HomePage_Testcase -->
