<?xml version="1.0" encoding="UTF-8"?>
<!-- Generated by org.testng.reporters.JUnitReportReporter -->
<testsuite hostname="DESKTOP-N7K85DJ" name="AUW_Test_Case_dev.AUW_Experience" tests="2" failures="0" timestamp="23 Dec 2021 12:43:52 GMT" time="674.347" errors="0">
  <testcase name="main" time="341.053" classname="AUW_Test_Case_dev.AUW_Experience"/>
  <testcase name="main" time="333.294" classname="AUW_Test_Case_dev.AUW_Experience"/>
</testsuite> <!-- AUW_Test_Case_dev.AUW_Experience -->
