<?xml version="1.0" encoding="UTF-8"?>
<!-- Generated by org.testng.reporters.JUnitReportReporter -->
<testsuite hostname="DESKTOP-N7K85DJ" name="Promesa_Test_Case_Prod.Footer" tests="10" failures="0" timestamp="9 Mar 2022 15:47:56 GMT" time="329.423" errors="0">
  <testcase name="Footer_linkedin" time="19.460" classname="Promesa_Test_Case_Prod.Footer"/>
  <testcase name="Footer_twitter" time="69.324" classname="Promesa_Test_Case_Prod.Footer"/>
  <testcase name="Footer_facebook" time="31.381" classname="Promesa_Test_Case_Prod.Footer"/>
  <testcase name="Footer_instagram" time="18.520" classname="Promesa_Test_Case_Prod.Footer"/>
  <testcase name="Footer_instagram" time="21.175" classname="Promesa_Test_Case_Prod.Footer"/>
  <testcase name="Footer_facebook" time="44.395" classname="Promesa_Test_Case_Prod.Footer"/>
  <testcase name="Footer_PrivacyPolicy" time="36.691" classname="Promesa_Test_Case_Prod.Footer"/>
  <testcase name="Footer_linkedin" time="34.766" classname="Promesa_Test_Case_Prod.Footer"/>
  <testcase name="Footer_PrivacyPolicy" time="33.691" classname="Promesa_Test_Case_Prod.Footer"/>
  <testcase name="Footer_twitter" time="20.020" classname="Promesa_Test_Case_Prod.Footer"/>
</testsuite> <!-- Promesa_Test_Case_Prod.Footer -->
