<?xml version="1.0" encoding="UTF-8"?>
<!-- Generated by org.testng.reporters.JUnitReportReporter -->
<testsuite hostname="DESKTOP-N7K85DJ" name="Promesa_Test_Case_Prod.Footer" tests="10" failures="0" timestamp="22 Mar 2022 09:50:23 GMT" time="606.178" errors="0">
  <testcase name="Footer_PrivacyPolicy" time="88.406" classname="Promesa_Test_Case_Prod.Footer"/>
  <testcase name="Footer_PrivacyPolicy" time="30.815" classname="Promesa_Test_Case_Prod.Footer"/>
  <testcase name="Footer_facebook" time="27.964" classname="Promesa_Test_Case_Prod.Footer"/>
  <testcase name="Footer_linkedin" time="99.445" classname="Promesa_Test_Case_Prod.Footer"/>
  <testcase name="Footer_instagram" time="17.307" classname="Promesa_Test_Case_Prod.Footer"/>
  <testcase name="Footer_facebook" time="114.945" classname="Promesa_Test_Case_Prod.Footer"/>
  <testcase name="Footer_twitter" time="15.572" classname="Promesa_Test_Case_Prod.Footer"/>
  <testcase name="Footer_linkedin" time="17.147" classname="Promesa_Test_Case_Prod.Footer"/>
  <testcase name="Footer_twitter" time="107.698" classname="Promesa_Test_Case_Prod.Footer"/>
  <testcase name="Footer_instagram" time="86.879" classname="Promesa_Test_Case_Prod.Footer"/>
</testsuite> <!-- Promesa_Test_Case_Prod.Footer -->
