<?xml version="1.0" encoding="UTF-8"?>
<!-- Generated by org.testng.reporters.JUnitReportReporter -->
<testsuite hostname="DESKTOP-N7K85DJ" name="Careers_Test_case_Prod.Footer" tests="10" failures="0" timestamp="9 Mar 2022 17:36:43 GMT" time="273.747" errors="0">
  <testcase name="AUW_twitter" time="20.807" classname="Careers_Test_case_Prod.Footer"/>
  <testcase name="AUW_Facebook" time="27.244" classname="Careers_Test_case_Prod.Footer"/>
  <testcase name="AUW_Policy" time="33.113" classname="Careers_Test_case_Prod.Footer"/>
  <testcase name="AUW_Facebook" time="36.009" classname="Careers_Test_case_Prod.Footer"/>
  <testcase name="AUW_Policy" time="35.292" classname="Careers_Test_case_Prod.Footer"/>
  <testcase name="AUW_twitter" time="22.008" classname="Careers_Test_case_Prod.Footer"/>
  <testcase name="AUW_Linkedin" time="19.543" classname="Careers_Test_case_Prod.Footer"/>
  <testcase name="AUW_Instagram" time="18.513" classname="Careers_Test_case_Prod.Footer"/>
  <testcase name="AUW_Instagram" time="34.923" classname="Careers_Test_case_Prod.Footer"/>
  <testcase name="AUW_Linkedin" time="26.295" classname="Careers_Test_case_Prod.Footer"/>
</testsuite> <!-- Careers_Test_case_Prod.Footer -->
