<?xml version="1.0" encoding="UTF-8"?>
<!-- Generated by org.testng.reporters.JUnitReportReporter -->
<testsuite hostname="DESKTOP-N7K85DJ" name="Casuality_Dev_TC.Menu_About_US" tests="2" failures="0" timestamp="10 Feb 2022 14:49:42 GMT" time="105.395" errors="0">
  <testcase name="HomePage" time="55.851" classname="Casuality_Dev_TC.Menu_About_US"/>
  <testcase name="HomePage" time="49.544" classname="Casuality_Dev_TC.Menu_About_US"/>
</testsuite> <!-- Casuality_Dev_TC.Menu_About_US -->
