<?xml version="1.0" encoding="UTF-8"?>
<!-- Generated by org.testng.reporters.JUnitReportReporter -->
<testsuite hostname="DESKTOP-N7K85DJ" name="AFL_Test_Case_Prod.HomePage_TC" tests="2" failures="0" timestamp="11 Mar 2022 13:55:32 GMT" time="346.787" errors="0">
  <testcase name="Home_Page" time="228.825" classname="AFL_Test_Case_Prod.HomePage_TC"/>
  <testcase name="Home_Page" time="117.962" classname="AFL_Test_Case_Prod.HomePage_TC"/>
</testsuite> <!-- AFL_Test_Case_Prod.HomePage_TC -->
