<?xml version="1.0" encoding="UTF-8"?>
<!-- Generated by org.testng.reporters.JUnitReportReporter -->
<testsuite hostname="DESKTOP-N7K85DJ" name="AFL_Test_Case_Prod.HomePage_TC" tests="2" failures="0" timestamp="27 Dec 2021 15:43:57 GMT" time="230.815" errors="0">
  <testcase name="Home_Page" time="124.335" classname="AFL_Test_Case_Prod.HomePage_TC"/>
  <testcase name="Home_Page" time="106.480" classname="AFL_Test_Case_Prod.HomePage_TC"/>
</testsuite> <!-- AFL_Test_Case_Prod.HomePage_TC -->
