<?xml version="1.0" encoding="UTF-8"?>
<!-- Generated by org.testng.reporters.JUnitReportReporter -->
<testsuite hostname="DESKTOP-N7K85DJ" name="AUW_Test_Case_dev.AUW_Intelligence_TC" tests="2" failures="0" timestamp="23 Feb 2022 14:25:17 GMT" time="186.378" errors="0">
  <testcase name="main" time="94.784" classname="AUW_Test_Case_dev.AUW_Intelligence_TC"/>
  <testcase name="main" time="91.594" classname="AUW_Test_Case_dev.AUW_Intelligence_TC"/>
</testsuite> <!-- AUW_Test_Case_dev.AUW_Intelligence_TC -->
