<?xml version="1.0" encoding="UTF-8"?>
<!-- Generated by org.testng.reporters.JUnitReportReporter -->
<testsuite hostname="DESKTOP-N7K85DJ" name="AUW_Test_case_prod.AUW_Experience" tests="2" failures="0" timestamp="1 Mar 2022 12:40:42 GMT" time="666.327" errors="0">
  <testcase name="main" time="350.288" classname="AUW_Test_case_prod.AUW_Experience"/>
  <testcase name="main" time="316.039" classname="AUW_Test_case_prod.AUW_Experience"/>
</testsuite> <!-- AUW_Test_case_prod.AUW_Experience -->
