<?xml version="1.0" encoding="UTF-8"?>
<!-- Generated by org.testng.reporters.JUnitReportReporter -->
<testsuite hostname="DESKTOP-N7K85DJ" name="Warranty_Test_Case_Prod.Our_Partner" tests="12" failures="0" timestamp="17 Feb 2022 12:40:42 GMT" time="1148.110" errors="0">
  <testcase name="Partner6" time="72.918" classname="Warranty_Test_Case_Prod.Our_Partner"/>
  <testcase name="Partner3" time="152.240" classname="Warranty_Test_Case_Prod.Our_Partner"/>
  <testcase name="Partner1" time="148.803" classname="Warranty_Test_Case_Prod.Our_Partner"/>
  <testcase name="Partner6" time="87.938" classname="Warranty_Test_Case_Prod.Our_Partner"/>
  <testcase name="Partner3" time="78.843" classname="Warranty_Test_Case_Prod.Our_Partner"/>
  <testcase name="Partner2" time="143.191" classname="Warranty_Test_Case_Prod.Our_Partner"/>
  <testcase name="Partner4" time="78.234" classname="Warranty_Test_Case_Prod.Our_Partner"/>
  <testcase name="Partner1" time="78.211" classname="Warranty_Test_Case_Prod.Our_Partner"/>
  <testcase name="Partner5" time="74.801" classname="Warranty_Test_Case_Prod.Our_Partner"/>
  <testcase name="Partner5" time="76.233" classname="Warranty_Test_Case_Prod.Our_Partner"/>
  <testcase name="Partner2" time="78.494" classname="Warranty_Test_Case_Prod.Our_Partner"/>
  <testcase name="Partner4" time="78.204" classname="Warranty_Test_Case_Prod.Our_Partner"/>
</testsuite> <!-- Warranty_Test_Case_Prod.Our_Partner -->
