<?xml version="1.0" encoding="UTF-8"?>
<!-- Generated by org.testng.reporters.JUnitReportReporter -->
<testsuite hostname="DESKTOP-N7K85DJ" name="AUW_Test_case_prod.AUW_PPP" tests="2" failures="0" timestamp="17 Feb 2022 12:40:42 GMT" time="144.968" errors="0">
  <testcase name="main" time="32.497" classname="AUW_Test_case_prod.AUW_PPP"/>
  <testcase name="main" time="112.471" classname="AUW_Test_case_prod.AUW_PPP"/>
</testsuite> <!-- AUW_Test_case_prod.AUW_PPP -->
