<?xml version="1.0" encoding="UTF-8"?>
<!-- Generated by org.testng.reporters.JUnitReportReporter -->
<testsuite hostname="DESKTOP-N7K85DJ" name="MTL_Test_Cases_Prod.Home_URL" tests="2" failures="0" timestamp="16 Mar 2022 12:48:23 GMT" time="140.252" errors="0">
  <testcase name="Footer" time="91.862" classname="MTL_Test_Cases_Prod.Home_URL"/>
  <testcase name="Footer" time="48.390" classname="MTL_Test_Cases_Prod.Home_URL"/>
</testsuite> <!-- MTL_Test_Cases_Prod.Home_URL -->
