<?xml version="1.0" encoding="UTF-8"?>
<!-- Generated by org.testng.reporters.JUnitReportReporter -->
<testsuite hostname="DESKTOP-N7K85DJ" name="Promesa_Test_Case_Development.Footer" tests="2" failures="0" timestamp="25 Feb 2022 13:22:59 GMT" time="139.596" errors="0">
  <testcase name="Footer" time="75.205" classname="Promesa_Test_Case_Development.Footer"/>
  <testcase name="Footer" time="64.391" classname="Promesa_Test_Case_Development.Footer"/>
</testsuite> <!-- Promesa_Test_Case_Development.Footer -->
