<?xml version="1.0" encoding="UTF-8"?>
<!-- Generated by org.testng.reporters.JUnitReportReporter -->
<testsuite hostname="DESKTOP-N7K85DJ" name="AFL_Test_Cases_Dev.Footer_TC_dev" tests="2" failures="0" timestamp="14 Feb 2022 11:13:18 GMT" time="217.477" errors="0">
  <testcase name="Footer" time="107.348" classname="AFL_Test_Cases_Dev.Footer_TC_dev"/>
  <testcase name="Footer" time="110.129" classname="AFL_Test_Cases_Dev.Footer_TC_dev"/>
</testsuite> <!-- AFL_Test_Cases_Dev.Footer_TC_dev -->
