<?xml version="1.0" encoding="UTF-8"?>
<!-- Generated by org.testng.reporters.JUnitReportReporter -->
<testsuite hostname="DESKTOP-N7K85DJ" name="AUW_Test_Case_dev.AUW_AboutUS" tests="2" failures="0" timestamp="28 Dec 2021 09:27:57 GMT" time="151.170" errors="0">
  <testcase name="AboutUS" time="72.610" classname="AUW_Test_Case_dev.AUW_AboutUS"/>
  <testcase name="AboutUS" time="78.560" classname="AUW_Test_Case_dev.AUW_AboutUS"/>
</testsuite> <!-- AUW_Test_Case_dev.AUW_AboutUS -->
