<?xml version="1.0" encoding="UTF-8"?>
<!-- Generated by org.testng.reporters.JUnitReportReporter -->
<testsuite hostname="DESKTOP-N7K85DJ" name="Adler_TestCases_Prod.News" tests="2" failures="0" timestamp="26 Apr 2022 09:47:26 GMT" time="331.297" errors="0">
  <testcase name="main_Home_Page" time="201.815" classname="Adler_TestCases_Prod.News"/>
  <testcase name="main_Home_Page" time="129.482" classname="Adler_TestCases_Prod.News"/>
</testsuite> <!-- Adler_TestCases_Prod.News -->
