<?xml version="1.0" encoding="UTF-8"?>
<!-- Generated by org.testng.reporters.JUnitReportReporter -->
<testsuite hostname="DESKTOP-N7K85DJ" name="AUW_Global_Test_Cases_Prod.LearnMore_TC" tests="2" failures="0" timestamp="31 Mar 2022 09:38:46 GMT" time="69.924" errors="0">
  <testcase name="LearnMore" time="42.761" classname="AUW_Global_Test_Cases_Prod.LearnMore_TC"/>
  <testcase name="LearnMore" time="27.163" classname="AUW_Global_Test_Cases_Prod.LearnMore_TC"/>
</testsuite> <!-- AUW_Global_Test_Cases_Prod.LearnMore_TC -->
