<?xml version="1.0" encoding="UTF-8"?>
<!-- Generated by org.testng.reporters.JUnitReportReporter -->
<testsuite hostname="DESKTOP-N7K85DJ" name="Casuality_Prod_TC.Menu_About_US" tests="2" failures="0" timestamp="7 Mar 2022 11:16:52 GMT" time="166.512" errors="0">
  <testcase name="HomePage" time="61.328" classname="Casuality_Prod_TC.Menu_About_US"/>
  <testcase name="HomePage" time="105.184" classname="Casuality_Prod_TC.Menu_About_US"/>
</testsuite> <!-- Casuality_Prod_TC.Menu_About_US -->
