<?xml version="1.0" encoding="UTF-8"?>
<!-- Generated by org.testng.reporters.JUnitReportReporter -->
<testsuite hostname="DESKTOP-N7K85DJ" name="Warranty_Test_Case_Dev.Partner_With_US" tests="2" failures="0" timestamp="17 Feb 2022 14:18:50 GMT" time="74.734" errors="0">
  <testcase name="partner" time="38.865" classname="Warranty_Test_Case_Dev.Partner_With_US"/>
  <testcase name="partner" time="35.869" classname="Warranty_Test_Case_Dev.Partner_With_US"/>
</testsuite> <!-- Warranty_Test_Case_Dev.Partner_With_US -->
