<?xml version="1.0" encoding="UTF-8"?>
<!-- Generated by org.testng.reporters.JUnitReportReporter -->
<testsuite hostname="DESKTOP-N7K85DJ" name="AUW_Test_Case_dev.AUW_Experience" tests="2" failures="0" timestamp="24 Jan 2022 11:23:12 GMT" time="730.838" errors="0">
  <testcase name="main" time="386.085" classname="AUW_Test_Case_dev.AUW_Experience"/>
  <testcase name="main" time="344.753" classname="AUW_Test_Case_dev.AUW_Experience"/>
</testsuite> <!-- AUW_Test_Case_dev.AUW_Experience -->
