<?xml version="1.0" encoding="UTF-8"?>
<!-- Generated by org.testng.reporters.JUnitReportReporter -->
<testsuite hostname="DESKTOP-N7K85DJ" name="AUW_Test_case_prod.AUW_CallUpdate" tests="2" failures="0" timestamp="25 May 2022 13:05:44 GMT" time="165.545" errors="0">
  <testcase name="main" time="53.371" classname="AUW_Test_case_prod.AUW_CallUpdate"/>
  <testcase name="main" time="112.174" classname="AUW_Test_case_prod.AUW_CallUpdate"/>
</testsuite> <!-- AUW_Test_case_prod.AUW_CallUpdate -->
