<?xml version="1.0" encoding="UTF-8"?>
<!-- Generated by org.testng.reporters.JUnitReportReporter -->
<testsuite hostname="DESKTOP-N7K85DJ" name="Promesa_Test_Case_Prod.Footer" tests="10" failures="0" timestamp="1 Apr 2022 10:47:35 GMT" time="245.643" errors="0">
  <testcase name="Footer_linkedin" time="16.271" classname="Promesa_Test_Case_Prod.Footer"/>
  <testcase name="Footer_facebook" time="36.796" classname="Promesa_Test_Case_Prod.Footer"/>
  <testcase name="Footer_twitter" time="15.088" classname="Promesa_Test_Case_Prod.Footer"/>
  <testcase name="Footer_twitter" time="19.205" classname="Promesa_Test_Case_Prod.Footer"/>
  <testcase name="Footer_instagram" time="29.661" classname="Promesa_Test_Case_Prod.Footer"/>
  <testcase name="Footer_instagram" time="16.851" classname="Promesa_Test_Case_Prod.Footer"/>
  <testcase name="Footer_PrivacyPolicy" time="35.466" classname="Promesa_Test_Case_Prod.Footer"/>
  <testcase name="Footer_facebook" time="28.269" classname="Promesa_Test_Case_Prod.Footer"/>
  <testcase name="Footer_linkedin" time="19.365" classname="Promesa_Test_Case_Prod.Footer"/>
  <testcase name="Footer_PrivacyPolicy" time="28.671" classname="Promesa_Test_Case_Prod.Footer"/>
</testsuite> <!-- Promesa_Test_Case_Prod.Footer -->
