<?xml version="1.0" encoding="UTF-8"?>
<!-- Generated by org.testng.reporters.JUnitReportReporter -->
<testsuite hostname="DESKTOP-N7K85DJ" name="Promesa_Test_Case_Development.Footer" tests="2" failures="0" timestamp="11 Feb 2022 10:29:05 GMT" time="167.638" errors="0">
  <testcase name="Footer" time="74.879" classname="Promesa_Test_Case_Development.Footer"/>
  <testcase name="Footer" time="92.759" classname="Promesa_Test_Case_Development.Footer"/>
</testsuite> <!-- Promesa_Test_Case_Development.Footer -->
