<?xml version="1.0" encoding="UTF-8"?>
<!-- Generated by org.testng.reporters.JUnitReportReporter -->
<testsuite hostname="DESKTOP-N7K85DJ" name="Promesa_Test_Case_Development.FAQ" tests="1" failures="0" timestamp="21 Feb 2022 15:12:16 GMT" time="45.652" errors="0">
  <testcase name="Siheading_2" time="45.652" classname="Promesa_Test_Case_Development.FAQ"/>
</testsuite> <!-- Promesa_Test_Case_Development.FAQ -->
