<?xml version="1.0" encoding="UTF-8"?>
<!-- Generated by org.testng.reporters.JUnitReportReporter -->
<testsuite hostname="DESKTOP-N7K85DJ" name="Promesa_Test_Case_Development.Footer" tests="2" failures="0" timestamp="23 Dec 2021 12:43:52 GMT" time="149.860" errors="0">
  <testcase name="Footer" time="73.644" classname="Promesa_Test_Case_Development.Footer"/>
  <testcase name="Footer" time="76.216" classname="Promesa_Test_Case_Development.Footer"/>
</testsuite> <!-- Promesa_Test_Case_Development.Footer -->
