<?xml version="1.0" encoding="UTF-8"?>
<!-- Generated by org.testng.reporters.JUnitReportReporter -->
<testsuite hostname="DESKTOP-N7K85DJ" name="Casuality_Dev_TC.Home_page" tests="2" failures="0" timestamp="4 Apr 2022 06:52:09 GMT" time="156.480" errors="0">
  <testcase name="HomePage" time="78.339" classname="Casuality_Dev_TC.Home_page"/>
  <testcase name="HomePage" time="78.141" classname="Casuality_Dev_TC.Home_page"/>
</testsuite> <!-- Casuality_Dev_TC.Home_page -->
