<?xml version="1.0" encoding="UTF-8"?>
<!-- Generated by org.testng.reporters.JUnitReportReporter -->
<testsuite hostname="DESKTOP-N7K85DJ" name="Warranty_Test_Case_Dev.About_US" tests="2" failures="0" timestamp="16 Dec 2021 13:45:34 GMT" time="78.151" errors="0">
  <testcase name="Home_page" time="40.169" classname="Warranty_Test_Case_Dev.About_US"/>
  <testcase name="Home_page" time="37.982" classname="Warranty_Test_Case_Dev.About_US"/>
</testsuite> <!-- Warranty_Test_Case_Dev.About_US -->
