<?xml version="1.0" encoding="UTF-8"?>
<!-- Generated by org.testng.reporters.JUnitReportReporter -->
<testsuite hostname="DESKTOP-N7K85DJ" name="AUW_Test_case_prod.AUW_NJ_Update" tests="2" failures="0" timestamp="8 Apr 2022 08:47:38 GMT" time="127.791" errors="0">
  <testcase name="main" time="78.899" classname="AUW_Test_case_prod.AUW_NJ_Update"/>
  <testcase name="main" time="48.892" classname="AUW_Test_case_prod.AUW_NJ_Update"/>
</testsuite> <!-- AUW_Test_case_prod.AUW_NJ_Update -->
