<?xml version="1.0" encoding="UTF-8"?>
<!-- Generated by org.testng.reporters.JUnitReportReporter -->
<testsuite hostname="DESKTOP-N7K85DJ" name="Warranty_Test_Case_Prod.Contact_US" tests="2" failures="0" timestamp="25 Apr 2022 10:19:01 GMT" time="204.770" errors="0">
  <testcase name="ContactUS" time="152.136" classname="Warranty_Test_Case_Prod.Contact_US"/>
  <testcase name="ContactUS" time="52.634" classname="Warranty_Test_Case_Prod.Contact_US"/>
</testsuite> <!-- Warranty_Test_Case_Prod.Contact_US -->
