<?xml version="1.0" encoding="UTF-8"?>
<!-- Generated by org.testng.reporters.JUnitReportReporter -->
<testsuite hostname="DESKTOP-N7K85DJ" name="AFL_Test_Case_Prod.Footer_TC" tests="2" failures="0" timestamp="4 Jan 2022 15:10:58 GMT" time="181.152" errors="0">
  <testcase name="Footer" time="84.872" classname="AFL_Test_Case_Prod.Footer_TC"/>
  <testcase name="Footer" time="96.280" classname="AFL_Test_Case_Prod.Footer_TC"/>
</testsuite> <!-- AFL_Test_Case_Prod.Footer_TC -->
