<?xml version="1.0" encoding="UTF-8"?>
<!-- Generated by org.testng.reporters.JUnitReportReporter -->
<testsuite hostname="DESKTOP-N7K85DJ" name="AUW_Test_case_prod.AUW_AboutUS" tests="2" failures="0" timestamp="1 Apr 2022 10:47:35 GMT" time="175.606" errors="0">
  <testcase name="AboutUS" time="76.180" classname="AUW_Test_case_prod.AUW_AboutUS"/>
  <testcase name="AboutUS" time="99.426" classname="AUW_Test_case_prod.AUW_AboutUS"/>
</testsuite> <!-- AUW_Test_case_prod.AUW_AboutUS -->
