<?xml version="1.0" encoding="UTF-8"?>
<!-- Generated by org.testng.reporters.JUnitReportReporter -->
<testsuite hostname="DESKTOP-N7K85DJ" name="Casuality_Prod_TC.Home_page" tests="2" failures="0" timestamp="23 Feb 2022 11:40:24 GMT" time="171.893" errors="0">
  <testcase name="HomePage" time="94.336" classname="Casuality_Prod_TC.Home_page"/>
  <testcase name="HomePage" time="77.557" classname="Casuality_Prod_TC.Home_page"/>
</testsuite> <!-- Casuality_Prod_TC.Home_page -->
