<?xml version="1.0" encoding="UTF-8"?>
<!-- Generated by org.testng.reporters.JUnitReportReporter -->
<testsuite hostname="DESKTOP-N7K85DJ" name="Casuality_Prod_TC.Menu_Press_Room" tests="2" failures="0" timestamp="16 Feb 2022 08:42:47 GMT" time="126.371" errors="0">
  <testcase name="HomePage" time="60.316" classname="Casuality_Prod_TC.Menu_Press_Room"/>
  <testcase name="HomePage" time="66.055" classname="Casuality_Prod_TC.Menu_Press_Room"/>
</testsuite> <!-- Casuality_Prod_TC.Menu_Press_Room -->
