<?xml version="1.0" encoding="UTF-8"?>
<!-- Generated by org.testng.reporters.JUnitReportReporter -->
<testsuite hostname="DESKTOP-N7K85DJ" name="AUW_Test_Case_dev.AUW_PPP" tests="2" failures="0" timestamp="14 Dec 2021 11:47:24 GMT" time="52.646" errors="0">
  <testcase name="main" time="26.068" classname="AUW_Test_Case_dev.AUW_PPP"/>
  <testcase name="main" time="26.578" classname="AUW_Test_Case_dev.AUW_PPP"/>
</testsuite> <!-- AUW_Test_Case_dev.AUW_PPP -->
