<?xml version="1.0" encoding="UTF-8"?>
<!-- Generated by org.testng.reporters.JUnitReportReporter -->
<testsuite hostname="DESKTOP-N7K85DJ" name="Casuality_Dev_TC.Menu_Contact_Us" tests="2" failures="0" timestamp="12 Apr 2022 05:27:58 GMT" time="66.884" errors="0">
  <testcase name="HomePage" time="26.455" classname="Casuality_Dev_TC.Menu_Contact_Us"/>
  <testcase name="HomePage" time="40.429" classname="Casuality_Dev_TC.Menu_Contact_Us"/>
</testsuite> <!-- Casuality_Dev_TC.Menu_Contact_Us -->
