<?xml version="1.0" encoding="UTF-8"?>
<!-- Generated by org.testng.reporters.JUnitReportReporter -->
<testsuite hostname="DESKTOP-N7K85DJ" name="Adler_TestCases_Development.Home" tests="2" failures="0" timestamp="4 Mar 2022 12:50:00 GMT" time="87.917" errors="0">
  <testcase name="main_Home_Page" time="40.646" classname="Adler_TestCases_Development.Home"/>
  <testcase name="main_Home_Page" time="47.271" classname="Adler_TestCases_Development.Home"/>
</testsuite> <!-- Adler_TestCases_Development.Home -->
