<?xml version="1.0" encoding="UTF-8"?>
<!-- Generated by org.testng.reporters.JUnitReportReporter -->
<testsuite hostname="DESKTOP-N7K85DJ" name="Adler_TestCases_Prod.Home" tests="2" failures="0" timestamp="22 Mar 2022 09:50:23 GMT" time="89.341" errors="0">
  <testcase name="main_Home_Page" time="55.035" classname="Adler_TestCases_Prod.Home"/>
  <testcase name="main_Home_Page" time="34.306" classname="Adler_TestCases_Prod.Home"/>
</testsuite> <!-- Adler_TestCases_Prod.Home -->
