<?xml version="1.0" encoding="UTF-8"?>
<!-- Generated by org.testng.reporters.JUnitReportReporter -->
<testsuite hostname="DESKTOP-N7K85DJ" name="Tradewel_Test_Cases_Development.About_US" tests="2" failures="0" timestamp="14 Jan 2022 10:44:32 GMT" time="173.466" errors="0">
  <testcase name="main_Home_Page" time="57.788" classname="Tradewel_Test_Cases_Development.About_US"/>
  <testcase name="main_Home_Page" time="115.678" classname="Tradewel_Test_Cases_Development.About_US"/>
</testsuite> <!-- Tradewel_Test_Cases_Development.About_US -->
