<?xml version="1.0" encoding="UTF-8"?>
<!-- Generated by org.testng.reporters.JUnitReportReporter -->
<testsuite hostname="DESKTOP-N7K85DJ" name="Promesa_Test_Case_Development.Pharmacy_search" tests="2" failures="0" timestamp="16 Feb 2022 13:57:45 GMT" time="269.609" errors="0">
  <testcase name="Side_Heading_One" time="132.494" classname="Promesa_Test_Case_Development.Pharmacy_search"/>
  <testcase name="Side_Heading_One" time="137.115" classname="Promesa_Test_Case_Development.Pharmacy_search"/>
</testsuite> <!-- Promesa_Test_Case_Development.Pharmacy_search -->
