<?xml version="1.0" encoding="UTF-8"?>
<!-- Generated by org.testng.reporters.JUnitReportReporter -->
<testsuite hostname="DESKTOP-N7K85DJ" name="Warranty_Test_Case_Prod.Contact_US" tests="2" failures="0" timestamp="21 Mar 2022 14:33:38 GMT" time="143.465" errors="0">
  <testcase name="ContactUS" time="90.910" classname="Warranty_Test_Case_Prod.Contact_US"/>
  <testcase name="ContactUS" time="52.555" classname="Warranty_Test_Case_Prod.Contact_US"/>
</testsuite> <!-- Warranty_Test_Case_Prod.Contact_US -->
