<?xml version="1.0" encoding="UTF-8"?>
<!-- Generated by org.testng.reporters.JUnitReportReporter -->
<testsuite hostname="DESKTOP-N7K85DJ" name="AFL_Test_Case_Prod.Footer_TC" tests="2" failures="0" timestamp="31 Mar 2022 09:38:46 GMT" time="220.613" errors="0">
  <testcase name="Footer" time="139.178" classname="AFL_Test_Case_Prod.Footer_TC"/>
  <testcase name="Footer" time="81.435" classname="AFL_Test_Case_Prod.Footer_TC"/>
</testsuite> <!-- AFL_Test_Case_Prod.Footer_TC -->
