<?xml version="1.0" encoding="UTF-8"?>
<!-- Generated by org.testng.reporters.JUnitReportReporter -->
<testsuite hostname="DESKTOP-N7K85DJ" name="AUW_Test_case_prod.AUW_Intelligence_TC" tests="2" failures="0" timestamp="22 Dec 2021 09:39:17 GMT" time="201.207" errors="0">
  <testcase name="main" time="97.723" classname="AUW_Test_case_prod.AUW_Intelligence_TC"/>
  <testcase name="main" time="103.484" classname="AUW_Test_case_prod.AUW_Intelligence_TC"/>
</testsuite> <!-- AUW_Test_case_prod.AUW_Intelligence_TC -->
