<?xml version="1.0" encoding="UTF-8"?>
<!-- Generated by org.testng.reporters.JUnitReportReporter -->
<testsuite hostname="DESKTOP-N7K85DJ" name="Credit_Global_Test_Cases_Prod.Home_TC" tests="8" failures="0" timestamp="2 Mar 2022 14:47:22 GMT" time="228.257" errors="0">
  <testcase name="HomePage_Header_What_weDo" time="19.379" classname="Credit_Global_Test_Cases_Prod.Home_TC"/>
  <testcase name="HomePage_Header_login" time="21.752" classname="Credit_Global_Test_Cases_Prod.Home_TC"/>
  <testcase name="HomePage_Header_Our_approach" time="23.616" classname="Credit_Global_Test_Cases_Prod.Home_TC"/>
  <testcase name="HomePage_Header_ContactUS_btn" time="28.791" classname="Credit_Global_Test_Cases_Prod.Home_TC"/>
  <testcase name="HomePage_Header_Our_approach" time="23.998" classname="Credit_Global_Test_Cases_Prod.Home_TC"/>
  <testcase name="HomePage_Header_ContactUS_btn" time="75.498" classname="Credit_Global_Test_Cases_Prod.Home_TC"/>
  <testcase name="HomePage_Header_What_weDo" time="14.978" classname="Credit_Global_Test_Cases_Prod.Home_TC"/>
  <testcase name="HomePage_Header_login" time="20.245" classname="Credit_Global_Test_Cases_Prod.Home_TC"/>
</testsuite> <!-- Credit_Global_Test_Cases_Prod.Home_TC -->
