<?xml version="1.0" encoding="UTF-8"?>
<!-- Generated by org.testng.reporters.JUnitReportReporter -->
<testsuite hostname="DESKTOP-N7K85DJ" name="Tradewel_Test_Cases_Development.About_US" tests="2" failures="0" timestamp="8 Mar 2022 10:47:11 GMT" time="102.361" errors="0">
  <testcase name="main_Home_Page" time="47.577" classname="Tradewel_Test_Cases_Development.About_US"/>
  <testcase name="main_Home_Page" time="54.784" classname="Tradewel_Test_Cases_Development.About_US"/>
</testsuite> <!-- Tradewel_Test_Cases_Development.About_US -->
