<?xml version="1.0" encoding="UTF-8"?>
<!-- Generated by org.testng.reporters.JUnitReportReporter -->
<testsuite hostname="DESKTOP-N7K85DJ" name="AUW_Test_case_prod.AUW_NJ_Update" tests="2" failures="0" timestamp="18 Feb 2022 14:06:49 GMT" time="148.559" errors="0">
  <testcase name="main" time="49.330" classname="AUW_Test_case_prod.AUW_NJ_Update"/>
  <testcase name="main" time="99.229" classname="AUW_Test_case_prod.AUW_NJ_Update"/>
</testsuite> <!-- AUW_Test_case_prod.AUW_NJ_Update -->
