<?xml version="1.0" encoding="UTF-8"?>
<!-- Generated by org.testng.reporters.JUnitReportReporter -->
<testsuite hostname="DESKTOP-N7K85DJ" name="Warranty_Test_Case_Prod.Partner_With_US" tests="2" failures="0" timestamp="10 Feb 2022 16:20:33 GMT" time="73.531" errors="0">
  <testcase name="partner" time="23.184" classname="Warranty_Test_Case_Prod.Partner_With_US"/>
  <testcase name="partner" time="50.347" classname="Warranty_Test_Case_Prod.Partner_With_US"/>
</testsuite> <!-- Warranty_Test_Case_Prod.Partner_With_US -->
