<?xml version="1.0" encoding="UTF-8"?>
<!-- Generated by org.testng.reporters.JUnitReportReporter -->
<testsuite hostname="DESKTOP-N7K85DJ" name="Adler_TestCases_Development.Home" tests="2" failures="0" timestamp="22 Dec 2021 14:58:11 GMT" time="67.312" errors="0">
  <testcase name="main_Home_Page" time="37.985" classname="Adler_TestCases_Development.Home"/>
  <testcase name="main_Home_Page" time="29.327" classname="Adler_TestCases_Development.Home"/>
</testsuite> <!-- Adler_TestCases_Development.Home -->
