<?xml version="1.0" encoding="UTF-8"?>
<!-- Generated by org.testng.reporters.JUnitReportReporter -->
<testsuite hostname="DESKTOP-N7K85DJ" name="AFL_Test_Case_Prod.Footer_TC" tests="2" failures="0" timestamp="30 Dec 2021 15:02:05 GMT" time="147.438" errors="0">
  <testcase name="Footer" time="71.174" classname="AFL_Test_Case_Prod.Footer_TC"/>
  <testcase name="Footer" time="76.264" classname="AFL_Test_Case_Prod.Footer_TC"/>
</testsuite> <!-- AFL_Test_Case_Prod.Footer_TC -->
