<?xml version="1.0" encoding="UTF-8"?>
<!-- Generated by org.testng.reporters.JUnitReportReporter -->
<testsuite hostname="DESKTOP-N7K85DJ" name="Careers_Test_case_Prod.Footer" tests="10" failures="0" timestamp="22 Mar 2022 09:50:23 GMT" time="476.452" errors="0">
  <testcase name="AUW_Facebook" time="86.667" classname="Careers_Test_case_Prod.Footer"/>
  <testcase name="AUW_Facebook" time="28.791" classname="Careers_Test_case_Prod.Footer"/>
  <testcase name="AUW_Linkedin" time="96.254" classname="Careers_Test_case_Prod.Footer"/>
  <testcase name="AUW_twitter" time="31.048" classname="Careers_Test_case_Prod.Footer"/>
  <testcase name="AUW_Linkedin" time="17.832" classname="Careers_Test_case_Prod.Footer"/>
  <testcase name="AUW_Policy" time="59.000" classname="Careers_Test_case_Prod.Footer"/>
  <testcase name="AUW_Policy" time="34.562" classname="Careers_Test_case_Prod.Footer"/>
  <testcase name="AUW_Instagram" time="79.042" classname="Careers_Test_case_Prod.Footer"/>
  <testcase name="AUW_twitter" time="24.881" classname="Careers_Test_case_Prod.Footer"/>
  <testcase name="AUW_Instagram" time="18.375" classname="Careers_Test_case_Prod.Footer"/>
</testsuite> <!-- Careers_Test_case_Prod.Footer -->
