<?xml version="1.0" encoding="UTF-8"?>
<!-- Generated by org.testng.reporters.JUnitReportReporter -->
<testsuite hostname="DESKTOP-N7K85DJ" name="AUW_Test_case_prod.AUW_CallUpdate" tests="2" failures="0" timestamp="23 Feb 2022 11:40:24 GMT" time="158.087" errors="0">
  <testcase name="main" time="104.500" classname="AUW_Test_case_prod.AUW_CallUpdate"/>
  <testcase name="main" time="53.587" classname="AUW_Test_case_prod.AUW_CallUpdate"/>
</testsuite> <!-- AUW_Test_case_prod.AUW_CallUpdate -->
