<?xml version="1.0" encoding="UTF-8"?>
<!-- Generated by org.testng.reporters.JUnitReportReporter -->
<testsuite hostname="DESKTOP-N7K85DJ" name="Warranty_Test_Case_Prod.Contact_US" tests="2" failures="0" timestamp="18 Jan 2022 13:48:13 GMT" time="238.440" errors="0">
  <testcase name="ContactUS" time="71.549" classname="Warranty_Test_Case_Prod.Contact_US"/>
  <testcase name="ContactUS" time="166.891" classname="Warranty_Test_Case_Prod.Contact_US"/>
</testsuite> <!-- Warranty_Test_Case_Prod.Contact_US -->
