<?xml version="1.0" encoding="UTF-8"?>
<!-- Generated by org.testng.reporters.JUnitReportReporter -->
<testsuite hostname="DESKTOP-N7K85DJ" name="Tradewel_Test_Cases_Development.About_US" tests="2" failures="0" timestamp="23 Dec 2021 12:43:52 GMT" time="90.224" errors="0">
  <testcase name="main_Home_Page" time="43.802" classname="Tradewel_Test_Cases_Development.About_US"/>
  <testcase name="main_Home_Page" time="46.422" classname="Tradewel_Test_Cases_Development.About_US"/>
</testsuite> <!-- Tradewel_Test_Cases_Development.About_US -->
