<?xml version="1.0" encoding="UTF-8"?>
<!-- Generated by org.testng.reporters.JUnitReportReporter -->
<testsuite hostname="DESKTOP-N7K85DJ" name="Solution_one_Prod.Footer_Production" tests="2" failures="0" timestamp="31 Mar 2022 09:38:46 GMT" time="275.278" errors="0">
  <testcase name="Footer" time="211.303" classname="Solution_one_Prod.Footer_Production"/>
  <testcase name="Footer" time="63.975" classname="Solution_one_Prod.Footer_Production"/>
</testsuite> <!-- Solution_one_Prod.Footer_Production -->
