<?xml version="1.0" encoding="UTF-8"?>
<!-- Generated by org.testng.reporters.JUnitReportReporter -->
<testsuite hostname="DESKTOP-N7K85DJ" name="AFL_Test_Cases_Dev.Footer_TC_dev" tests="2" failures="0" timestamp="16 Dec 2021 13:45:34 GMT" time="156.014" errors="0">
  <testcase name="Footer" time="78.559" classname="AFL_Test_Cases_Dev.Footer_TC_dev"/>
  <testcase name="Footer" time="77.455" classname="AFL_Test_Cases_Dev.Footer_TC_dev"/>
</testsuite> <!-- AFL_Test_Cases_Dev.Footer_TC_dev -->
