<?xml version="1.0" encoding="UTF-8"?>
<!-- Generated by org.testng.reporters.JUnitReportReporter -->
<testsuite hostname="DESKTOP-N7K85DJ" name="Careers_Test_case_Development.Footer" tests="2" failures="0" timestamp="24 Jan 2022 11:23:12 GMT" time="198.873" errors="0">
  <testcase name="AUW_Footer" time="107.353" classname="Careers_Test_case_Development.Footer"/>
  <testcase name="AUW_Footer" time="91.520" classname="Careers_Test_case_Development.Footer"/>
</testsuite> <!-- Careers_Test_case_Development.Footer -->
