<?xml version="1.0" encoding="UTF-8"?>
<!-- Generated by org.testng.reporters.JUnitReportReporter -->
<testsuite hostname="DESKTOP-N7K85DJ" name="AUW_Test_Case_dev.AUW_CallUpdate" tests="2" failures="0" timestamp="28 Dec 2021 09:27:57 GMT" time="105.318" errors="0">
  <testcase name="main" time="48.735" classname="AUW_Test_Case_dev.AUW_CallUpdate"/>
  <testcase name="main" time="56.583" classname="AUW_Test_Case_dev.AUW_CallUpdate"/>
</testsuite> <!-- AUW_Test_Case_dev.AUW_CallUpdate -->
