<?xml version="1.0" encoding="UTF-8"?>
<!-- Generated by org.testng.reporters.JUnitReportReporter -->
<testsuite hostname="DESKTOP-N7K85DJ" name="Warranty_Test_Case_Dev.About_US" tests="2" failures="0" timestamp="16 Feb 2022 15:13:51 GMT" time="155.839" errors="0">
  <testcase name="Home_page" time="99.988" classname="Warranty_Test_Case_Dev.About_US"/>
  <testcase name="Home_page" time="55.851" classname="Warranty_Test_Case_Dev.About_US"/>
</testsuite> <!-- Warranty_Test_Case_Dev.About_US -->
