<?xml version="1.0" encoding="UTF-8"?>
<!-- Generated by org.testng.reporters.JUnitReportReporter -->
<testsuite hostname="DESKTOP-N7K85DJ" name="AUW_Test_case_prod.AUW_header_web_Prod" tests="2" failures="0" timestamp="1 Mar 2022 12:40:42 GMT" time="145.571" errors="0">
  <testcase name="main" time="61.095" classname="AUW_Test_case_prod.AUW_header_web_Prod"/>
  <testcase name="main" time="84.476" classname="AUW_Test_case_prod.AUW_header_web_Prod"/>
</testsuite> <!-- AUW_Test_case_prod.AUW_header_web_Prod -->
