<?xml version="1.0" encoding="UTF-8"?>
<!-- Generated by org.testng.reporters.JUnitReportReporter -->
<testsuite hostname="DESKTOP-N7K85DJ" name="AUW_Test_case_prod.AUW_PPP" tests="2" failures="0" timestamp="16 Feb 2022 08:42:47 GMT" time="103.506" errors="0">
  <testcase name="main" time="27.783" classname="AUW_Test_case_prod.AUW_PPP"/>
  <testcase name="main" time="75.723" classname="AUW_Test_case_prod.AUW_PPP"/>
</testsuite> <!-- AUW_Test_case_prod.AUW_PPP -->
