<?xml version="1.0" encoding="UTF-8"?>
<!-- Generated by org.testng.reporters.JUnitReportReporter -->
<testsuite hostname="DESKTOP-N7K85DJ" name="AUW_Test_case_prod.AUW_header_web_Prod" tests="2" failures="0" timestamp="11 Mar 2022 13:55:32 GMT" time="132.807" errors="0">
  <testcase name="main" time="74.348" classname="AUW_Test_case_prod.AUW_header_web_Prod"/>
  <testcase name="main" time="58.459" classname="AUW_Test_case_prod.AUW_header_web_Prod"/>
</testsuite> <!-- AUW_Test_case_prod.AUW_header_web_Prod -->
