<?xml version="1.0" encoding="UTF-8"?>
<!-- Generated by org.testng.reporters.JUnitReportReporter -->
<testsuite hostname="DESKTOP-N7K85DJ" name="Credit_Global_Test_Cases_Prod.Forgot_Password" tests="2" failures="0" timestamp="22 Apr 2022 10:04:10 GMT" time="37.572" errors="0">
  <testcase name="HomePage_Header_login" time="20.209" classname="Credit_Global_Test_Cases_Prod.Forgot_Password"/>
  <testcase name="HomePage_Header_login" time="17.363" classname="Credit_Global_Test_Cases_Prod.Forgot_Password"/>
</testsuite> <!-- Credit_Global_Test_Cases_Prod.Forgot_Password -->
