<?xml version="1.0" encoding="UTF-8"?>
<!-- Generated by org.testng.reporters.JUnitReportReporter -->
<testsuite hostname="DESKTOP-N7K85DJ" name="Tradewel_Test_Cases_Development.About_US" tests="2" failures="0" timestamp="16 Dec 2021 13:45:35 GMT" time="82.177" errors="0">
  <testcase name="main_Home_Page" time="42.354" classname="Tradewel_Test_Cases_Development.About_US"/>
  <testcase name="main_Home_Page" time="39.823" classname="Tradewel_Test_Cases_Development.About_US"/>
</testsuite> <!-- Tradewel_Test_Cases_Development.About_US -->
