<?xml version="1.0" encoding="UTF-8"?>
<!-- Generated by org.testng.reporters.JUnitReportReporter -->
<testsuite hostname="DESKTOP-N7K85DJ" name="MTL_Test_Cases_Prod.Home_URL" tests="2" failures="0" timestamp="15 Feb 2022 15:16:06 GMT" time="117.849" errors="0">
  <testcase name="Footer" time="49.960" classname="MTL_Test_Cases_Prod.Home_URL"/>
  <testcase name="Footer" time="67.889" classname="MTL_Test_Cases_Prod.Home_URL"/>
</testsuite> <!-- MTL_Test_Cases_Prod.Home_URL -->
