<?xml version="1.0" encoding="UTF-8"?>
<!-- Generated by org.testng.reporters.JUnitReportReporter -->
<testsuite hostname="DESKTOP-N7K85DJ" name="Tradewel_Test_Cases_Production.About_US" tests="2" failures="0" timestamp="15 Mar 2022 10:17:10 GMT" time="130.273" errors="0">
  <testcase name="main_Home_Page" time="46.369" classname="Tradewel_Test_Cases_Production.About_US"/>
  <testcase name="main_Home_Page" time="83.904" classname="Tradewel_Test_Cases_Production.About_US"/>
</testsuite> <!-- Tradewel_Test_Cases_Production.About_US -->
