<?xml version="1.0" encoding="UTF-8"?>
<!-- Generated by org.testng.reporters.JUnitReportReporter -->
<testsuite hostname="DESKTOP-N7K85DJ" name="AUW_Test_case_prod.AUW_AboutUS" tests="2" failures="0" timestamp="21 Feb 2022 13:14:22 GMT" time="270.575" errors="0">
  <testcase name="AboutUS" time="81.557" classname="AUW_Test_case_prod.AUW_AboutUS"/>
  <testcase name="AboutUS" time="189.018" classname="AUW_Test_case_prod.AUW_AboutUS"/>
</testsuite> <!-- AUW_Test_case_prod.AUW_AboutUS -->
