<?xml version="1.0" encoding="UTF-8"?>
<!-- Generated by org.testng.reporters.JUnitReportReporter -->
<testsuite hostname="DESKTOP-N7K85DJ" name="Warranty_Test_Case_Dev.Our_Partner" tests="12" failures="0" timestamp="7 Mar 2022 16:16:38 GMT" time="882.257" errors="0">
  <testcase name="Partner3" time="70.203" classname="Warranty_Test_Case_Dev.Our_Partner"/>
  <testcase name="Partner5" time="80.074" classname="Warranty_Test_Case_Dev.Our_Partner"/>
  <testcase name="Partner1" time="79.987" classname="Warranty_Test_Case_Dev.Our_Partner"/>
  <testcase name="Partner6" time="68.838" classname="Warranty_Test_Case_Dev.Our_Partner"/>
  <testcase name="Partner4" time="72.759" classname="Warranty_Test_Case_Dev.Our_Partner"/>
  <testcase name="Partner5" time="69.508" classname="Warranty_Test_Case_Dev.Our_Partner"/>
  <testcase name="Partner2" time="75.030" classname="Warranty_Test_Case_Dev.Our_Partner"/>
  <testcase name="Partner4" time="76.637" classname="Warranty_Test_Case_Dev.Our_Partner"/>
  <testcase name="Partner2" time="69.293" classname="Warranty_Test_Case_Dev.Our_Partner"/>
  <testcase name="Partner3" time="74.658" classname="Warranty_Test_Case_Dev.Our_Partner"/>
  <testcase name="Partner1" time="72.877" classname="Warranty_Test_Case_Dev.Our_Partner"/>
  <testcase name="Partner6" time="72.393" classname="Warranty_Test_Case_Dev.Our_Partner"/>
</testsuite> <!-- Warranty_Test_Case_Dev.Our_Partner -->
