<?xml version="1.0" encoding="UTF-8"?>
<!-- Generated by org.testng.reporters.JUnitReportReporter -->
<testsuite hostname="DESKTOP-N7K85DJ" name="Casuality_Prod_TC.Home_page" tests="2" failures="0" timestamp="30 Mar 2022 06:35:29 GMT" time="173.334" errors="0">
  <testcase name="HomePage" time="76.908" classname="Casuality_Prod_TC.Home_page"/>
  <testcase name="HomePage" time="96.426" classname="Casuality_Prod_TC.Home_page"/>
</testsuite> <!-- Casuality_Prod_TC.Home_page -->
