<?xml version="1.0" encoding="UTF-8"?>
<!-- Generated by org.testng.reporters.JUnitReportReporter -->
<testsuite hostname="DESKTOP-N7K85DJ" name="Promesa_Test_Case_Prod.Footer" tests="10" failures="0" timestamp="14 Jan 2022 12:33:11 GMT" time="752.094" errors="0">
  <testcase name="Footer_PrivacyPolicy" time="31.059" classname="Promesa_Test_Case_Prod.Footer"/>
  <testcase name="Footer_facebook" time="128.551" classname="Promesa_Test_Case_Prod.Footer"/>
  <testcase name="Footer_linkedin" time="117.069" classname="Promesa_Test_Case_Prod.Footer"/>
  <testcase name="Footer_instagram" time="24.310" classname="Promesa_Test_Case_Prod.Footer"/>
  <testcase name="Footer_facebook" time="30.413" classname="Promesa_Test_Case_Prod.Footer"/>
  <testcase name="Footer_twitter" time="177.659" classname="Promesa_Test_Case_Prod.Footer"/>
  <testcase name="Footer_linkedin" time="22.648" classname="Promesa_Test_Case_Prod.Footer"/>
  <testcase name="Footer_instagram" time="100.738" classname="Promesa_Test_Case_Prod.Footer"/>
  <testcase name="Footer_PrivacyPolicy" time="102.907" classname="Promesa_Test_Case_Prod.Footer"/>
  <testcase name="Footer_twitter" time="16.740" classname="Promesa_Test_Case_Prod.Footer"/>
</testsuite> <!-- Promesa_Test_Case_Prod.Footer -->
