<?xml version="1.0" encoding="UTF-8"?>
<!-- Generated by org.testng.reporters.JUnitReportReporter -->
<testsuite hostname="DESKTOP-N7K85DJ" name="Pinnacle_Test_Cases_Development.WatsNew" tests="2" failures="0" timestamp="18 Jan 2022 10:21:18 GMT" time="329.782" errors="0">
  <testcase name="WhatsNew" time="109.636" classname="Pinnacle_Test_Cases_Development.WatsNew"/>
  <testcase name="WhatsNew" time="220.146" classname="Pinnacle_Test_Cases_Development.WatsNew"/>
</testsuite> <!-- Pinnacle_Test_Cases_Development.WatsNew -->
