<?xml version="1.0" encoding="UTF-8"?>
<!-- Generated by org.testng.reporters.JUnitReportReporter -->
<testsuite hostname="DESKTOP-N7K85DJ" name="Solution_one_Prod.Footer_Production" tests="2" failures="0" timestamp="15 Mar 2022 10:17:10 GMT" time="231.999" errors="0">
  <testcase name="Footer" time="167.154" classname="Solution_one_Prod.Footer_Production"/>
  <testcase name="Footer" time="64.845" classname="Solution_one_Prod.Footer_Production"/>
</testsuite> <!-- Solution_one_Prod.Footer_Production -->
