<?xml version="1.0" encoding="UTF-8"?>
<!-- Generated by org.testng.reporters.JUnitReportReporter -->
<testsuite hostname="DESKTOP-N7K85DJ" name="Promesa_Test_Case_Prod.Change_language" tests="2" failures="0" timestamp="11 Feb 2022 12:38:07 GMT" time="41.808" errors="0">
  <testcase name="Change_Language" time="22.232" classname="Promesa_Test_Case_Prod.Change_language"/>
  <testcase name="Change_Language" time="19.576" classname="Promesa_Test_Case_Prod.Change_language"/>
</testsuite> <!-- Promesa_Test_Case_Prod.Change_language -->
