<?xml version="1.0" encoding="UTF-8"?>
<!-- Generated by org.testng.reporters.JUnitReportReporter -->
<testsuite hostname="DESKTOP-N7K85DJ" name="AUW_Test_case_prod.AUW_PPP" tests="2" failures="0" timestamp="28 Feb 2022 06:59:29 GMT" time="86.585" errors="0">
  <testcase name="main" time="55.793" classname="AUW_Test_case_prod.AUW_PPP"/>
  <testcase name="main" time="30.792" classname="AUW_Test_case_prod.AUW_PPP"/>
</testsuite> <!-- AUW_Test_case_prod.AUW_PPP -->
