<?xml version="1.0" encoding="UTF-8"?>
<!-- Generated by org.testng.reporters.JUnitReportReporter -->
<testsuite hostname="DESKTOP-N7K85DJ" name="Promesa_Test_Case_Prod.Footer" tests="10" failures="0" timestamp="15 Dec 2021 11:56:30 GMT" time="182.731" errors="0">
  <testcase name="Footer_twitter" time="10.967" classname="Promesa_Test_Case_Prod.Footer"/>
  <testcase name="Footer_facebook" time="23.665" classname="Promesa_Test_Case_Prod.Footer"/>
  <testcase name="Footer_instagram" time="11.243" classname="Promesa_Test_Case_Prod.Footer"/>
  <testcase name="Footer_PrivacyPolicy" time="29.373" classname="Promesa_Test_Case_Prod.Footer"/>
  <testcase name="Footer_linkedin" time="11.212" classname="Promesa_Test_Case_Prod.Footer"/>
  <testcase name="Footer_twitter" time="14.838" classname="Promesa_Test_Case_Prod.Footer"/>
  <testcase name="Footer_facebook" time="27.609" classname="Promesa_Test_Case_Prod.Footer"/>
  <testcase name="Footer_instagram" time="14.914" classname="Promesa_Test_Case_Prod.Footer"/>
  <testcase name="Footer_PrivacyPolicy" time="23.917" classname="Promesa_Test_Case_Prod.Footer"/>
  <testcase name="Footer_linkedin" time="14.993" classname="Promesa_Test_Case_Prod.Footer"/>
</testsuite> <!-- Promesa_Test_Case_Prod.Footer -->
