<?xml version="1.0" encoding="UTF-8"?>
<!-- Generated by org.testng.reporters.JUnitReportReporter -->
<testsuite hostname="DESKTOP-N7K85DJ" name="Adler_TestCases_Prod.Home" tests="2" failures="0" timestamp="21 Mar 2022 14:33:38 GMT" time="104.077" errors="0">
  <testcase name="main_Home_Page" time="34.775" classname="Adler_TestCases_Prod.Home"/>
  <testcase name="main_Home_Page" time="69.302" classname="Adler_TestCases_Prod.Home"/>
</testsuite> <!-- Adler_TestCases_Prod.Home -->
