<?xml version="1.0" encoding="UTF-8"?>
<!-- Generated by org.testng.reporters.JUnitReportReporter -->
<testsuite hostname="DESKTOP-N7K85DJ" name="Casuality_Prod_TC.Menu_Contact_Us" tests="2" failures="0" timestamp="11 Mar 2022 13:55:32 GMT" time="78.111" errors="0">
  <testcase name="HomePage" time="31.356" classname="Casuality_Prod_TC.Menu_Contact_Us"/>
  <testcase name="HomePage" time="46.755" classname="Casuality_Prod_TC.Menu_Contact_Us"/>
</testsuite> <!-- Casuality_Prod_TC.Menu_Contact_Us -->
