<?xml version="1.0" encoding="UTF-8"?>
<!-- Generated by org.testng.reporters.JUnitReportReporter -->
<testsuite hostname="DESKTOP-N7K85DJ" name="Tradewel_Test_Cases_Development.Comprehensive_Protection_FF" tests="1" failures="0" timestamp="16 Dec 2021 13:45:34 GMT" time="50.756" errors="0">
  <testcase name="Comprehensive" time="50.756" classname="Tradewel_Test_Cases_Development.Comprehensive_Protection_FF"/>
</testsuite> <!-- Tradewel_Test_Cases_Development.Comprehensive_Protection_FF -->
