<?xml version="1.0" encoding="UTF-8"?>
<!-- Generated by org.testng.reporters.JUnitReportReporter -->
<testsuite hostname="DESKTOP-N7K85DJ" name="AUW_Test_case_prod.AUW_header_web_Prod" tests="2" failures="0" timestamp="4 Mar 2022 11:36:24 GMT" time="112.322" errors="0">
  <testcase name="main" time="52.899" classname="AUW_Test_case_prod.AUW_header_web_Prod"/>
  <testcase name="main" time="59.423" classname="AUW_Test_case_prod.AUW_header_web_Prod"/>
</testsuite> <!-- AUW_Test_case_prod.AUW_header_web_Prod -->
