<?xml version="1.0" encoding="UTF-8"?>
<!-- Generated by org.testng.reporters.JUnitReportReporter -->
<testsuite hostname="DESKTOP-N7K85DJ" name="AUW_Test_case_prod.AUW_CallUpdate" tests="2" failures="0" timestamp="30 Mar 2022 07:00:45 GMT" time="118.824" errors="0">
  <testcase name="main" time="72.226" classname="AUW_Test_case_prod.AUW_CallUpdate"/>
  <testcase name="main" time="46.598" classname="AUW_Test_case_prod.AUW_CallUpdate"/>
</testsuite> <!-- AUW_Test_case_prod.AUW_CallUpdate -->
