<?xml version="1.0" encoding="UTF-8"?>
<!-- Generated by org.testng.reporters.JUnitReportReporter -->
<testsuite hostname="DESKTOP-N7K85DJ" name="AUW_Test_Case_dev.AUW_NJ_Update" tests="2" failures="0" timestamp="15 Dec 2021 09:54:42 GMT" time="95.253" errors="0">
  <testcase name="main" time="50.222" classname="AUW_Test_Case_dev.AUW_NJ_Update"/>
  <testcase name="main" time="45.031" classname="AUW_Test_Case_dev.AUW_NJ_Update"/>
</testsuite> <!-- AUW_Test_Case_dev.AUW_NJ_Update -->
