<?xml version="1.0" encoding="UTF-8"?>
<!-- Generated by org.testng.reporters.JUnitReportReporter -->
<testsuite hostname="DESKTOP-N7K85DJ" name="Solution_one_Prod.Footer_Production" tests="2" failures="0" timestamp="23 May 2022 09:46:44 GMT" time="139.534" errors="0">
  <testcase name="Footer" time="60.253" classname="Solution_one_Prod.Footer_Production"/>
  <testcase name="Footer" time="79.281" classname="Solution_one_Prod.Footer_Production"/>
</testsuite> <!-- Solution_one_Prod.Footer_Production -->
