<?xml version="1.0" encoding="UTF-8"?>
<!-- Generated by org.testng.reporters.JUnitReportReporter -->
<testsuite hostname="DESKTOP-N7K85DJ" name="Casuality_Dev_TC.Home_page" tests="2" failures="0" timestamp="23 Feb 2022 12:36:01 GMT" time="201.679" errors="0">
  <testcase name="HomePage" time="109.015" classname="Casuality_Dev_TC.Home_page"/>
  <testcase name="HomePage" time="92.664" classname="Casuality_Dev_TC.Home_page"/>
</testsuite> <!-- Casuality_Dev_TC.Home_page -->
