<?xml version="1.0" encoding="UTF-8"?>
<!-- Generated by org.testng.reporters.JUnitReportReporter -->
<testsuite hostname="DESKTOP-N7K85DJ" name="AFL_Test_Case_Prod.What_We_offer_OutSideUs" tests="2" failures="0" timestamp="27 Apr 2022 11:15:08 GMT" time="715.824" errors="0">
  <testcase name="Footer" time="267.171" classname="AFL_Test_Case_Prod.What_We_offer_OutSideUs"/>
  <testcase name="Footer" time="448.653" classname="AFL_Test_Case_Prod.What_We_offer_OutSideUs"/>
</testsuite> <!-- AFL_Test_Case_Prod.What_We_offer_OutSideUs -->
