<?xml version="1.0" encoding="UTF-8"?>
<!-- Generated by org.testng.reporters.JUnitReportReporter -->
<testsuite hostname="DESKTOP-N7K85DJ" name="AUW_Test_case_prod.AUW_PPP" tests="2" failures="0" timestamp="11 Feb 2022 12:38:07 GMT" time="59.285" errors="0">
  <testcase name="main" time="29.591" classname="AUW_Test_case_prod.AUW_PPP"/>
  <testcase name="main" time="29.694" classname="AUW_Test_case_prod.AUW_PPP"/>
</testsuite> <!-- AUW_Test_case_prod.AUW_PPP -->
