<?xml version="1.0" encoding="UTF-8"?>
<!-- Generated by org.testng.reporters.JUnitReportReporter -->
<testsuite hostname="DESKTOP-N7K85DJ" name="AUW_Test_Case_dev.AUW_Intelligence_TC" tests="2" failures="0" timestamp="18 Jan 2022 10:21:18 GMT" time="256.093" errors="0">
  <testcase name="main" time="120.585" classname="AUW_Test_Case_dev.AUW_Intelligence_TC"/>
  <testcase name="main" time="135.508" classname="AUW_Test_Case_dev.AUW_Intelligence_TC"/>
</testsuite> <!-- AUW_Test_Case_dev.AUW_Intelligence_TC -->
