<?xml version="1.0" encoding="UTF-8"?>
<!-- Generated by org.testng.reporters.JUnitReportReporter -->
<testsuite hostname="DESKTOP-N7K85DJ" name="AUW_Test_case_prod.AUW_NJ_Update" tests="2" failures="0" timestamp="23 Mar 2022 12:03:18 GMT" time="145.529" errors="0">
  <testcase name="main" time="49.211" classname="AUW_Test_case_prod.AUW_NJ_Update"/>
  <testcase name="main" time="96.318" classname="AUW_Test_case_prod.AUW_NJ_Update"/>
</testsuite> <!-- AUW_Test_case_prod.AUW_NJ_Update -->
