<?xml version="1.0" encoding="UTF-8"?>
<!-- Generated by org.testng.reporters.JUnitReportReporter -->
<testsuite hostname="DESKTOP-N7K85DJ" name="AUW_Global_Test_Cases_Prod.Applied_logo" tests="2" failures="0" timestamp="1 Dec 2021 16:30:12 GMT" time="80.774" errors="0">
  <testcase name="More_button" time="37.825" classname="AUW_Global_Test_Cases_Prod.Applied_logo"/>
  <testcase name="More_button" time="42.949" classname="AUW_Global_Test_Cases_Prod.Applied_logo"/>
</testsuite> <!-- AUW_Global_Test_Cases_Prod.Applied_logo -->
