<?xml version="1.0" encoding="UTF-8"?>
<!-- Generated by org.testng.reporters.JUnitReportReporter -->
<testsuite hostname="DESKTOP-N7K85DJ" name="Solution_one_Development.Footer_Develop" tests="2" failures="0" timestamp="24 Feb 2022 15:18:07 GMT" time="168.069" errors="0">
  <testcase name="Footer" time="77.509" classname="Solution_one_Development.Footer_Develop"/>
  <testcase name="Footer" time="90.560" classname="Solution_one_Development.Footer_Develop"/>
</testsuite> <!-- Solution_one_Development.Footer_Develop -->
