<?xml version="1.0" encoding="UTF-8"?>
<!-- Generated by org.testng.reporters.JUnitReportReporter -->
<testsuite hostname="DESKTOP-N7K85DJ" name="Promesa_Test_Case_Prod.Footer" tests="10" failures="0" timestamp="17 Feb 2022 12:40:42 GMT" time="582.927" errors="0">
  <testcase name="Footer_instagram" time="56.575" classname="Promesa_Test_Case_Prod.Footer"/>
  <testcase name="Footer_facebook" time="125.744" classname="Promesa_Test_Case_Prod.Footer"/>
  <testcase name="Footer_PrivacyPolicy" time="78.347" classname="Promesa_Test_Case_Prod.Footer"/>
  <testcase name="Footer_facebook" time="34.010" classname="Promesa_Test_Case_Prod.Footer"/>
  <testcase name="Footer_linkedin" time="63.259" classname="Promesa_Test_Case_Prod.Footer"/>
  <testcase name="Footer_PrivacyPolicy" time="37.734" classname="Promesa_Test_Case_Prod.Footer"/>
  <testcase name="Footer_twitter" time="23.777" classname="Promesa_Test_Case_Prod.Footer"/>
  <testcase name="Footer_twitter" time="117.300" classname="Promesa_Test_Case_Prod.Footer"/>
  <testcase name="Footer_instagram" time="21.448" classname="Promesa_Test_Case_Prod.Footer"/>
  <testcase name="Footer_linkedin" time="24.733" classname="Promesa_Test_Case_Prod.Footer"/>
</testsuite> <!-- Promesa_Test_Case_Prod.Footer -->
