<?xml version="1.0" encoding="UTF-8"?>
<!-- Generated by org.testng.reporters.JUnitReportReporter -->
<testsuite hostname="DESKTOP-N7K85DJ" name="Adler_TestCases_Development.Home" tests="2" failures="0" timestamp="23 Dec 2021 12:43:52 GMT" time="66.286" errors="0">
  <testcase name="main_Home_Page" time="36.484" classname="Adler_TestCases_Development.Home"/>
  <testcase name="main_Home_Page" time="29.802" classname="Adler_TestCases_Development.Home"/>
</testsuite> <!-- Adler_TestCases_Development.Home -->
