<?xml version="1.0" encoding="UTF-8"?>
<!-- Generated by org.testng.reporters.JUnitReportReporter -->
<testsuite hostname="DESKTOP-N7K85DJ" name="AFL_Test_Case_Prod.Footer_TC" tests="2" failures="0" timestamp="22 Dec 2021 09:39:17 GMT" time="143.795" errors="0">
  <testcase name="Footer" time="75.625" classname="AFL_Test_Case_Prod.Footer_TC"/>
  <testcase name="Footer" time="68.170" classname="AFL_Test_Case_Prod.Footer_TC"/>
</testsuite> <!-- AFL_Test_Case_Prod.Footer_TC -->
