<?xml version="1.0" encoding="UTF-8"?>
<!-- Generated by org.testng.reporters.JUnitReportReporter -->
<testsuite hostname="DESKTOP-N7K85DJ" name="Warranty_Test_Case_Prod.Our_Partner" tests="12" failures="0" timestamp="2 Mar 2022 14:47:22 GMT" time="945.000" errors="0">
  <testcase name="Partner6" time="74.316" classname="Warranty_Test_Case_Prod.Our_Partner"/>
  <testcase name="Partner5" time="75.830" classname="Warranty_Test_Case_Prod.Our_Partner"/>
  <testcase name="Partner4" time="76.170" classname="Warranty_Test_Case_Prod.Our_Partner"/>
  <testcase name="Partner1" time="76.982" classname="Warranty_Test_Case_Prod.Our_Partner"/>
  <testcase name="Partner2" time="116.471" classname="Warranty_Test_Case_Prod.Our_Partner"/>
  <testcase name="Partner3" time="74.792" classname="Warranty_Test_Case_Prod.Our_Partner"/>
  <testcase name="Partner4" time="70.809" classname="Warranty_Test_Case_Prod.Our_Partner"/>
  <testcase name="Partner2" time="75.651" classname="Warranty_Test_Case_Prod.Our_Partner"/>
  <testcase name="Partner6" time="64.873" classname="Warranty_Test_Case_Prod.Our_Partner"/>
  <testcase name="Partner1" time="91.946" classname="Warranty_Test_Case_Prod.Our_Partner"/>
  <testcase name="Partner3" time="80.660" classname="Warranty_Test_Case_Prod.Our_Partner"/>
  <testcase name="Partner5" time="66.500" classname="Warranty_Test_Case_Prod.Our_Partner"/>
</testsuite> <!-- Warranty_Test_Case_Prod.Our_Partner -->
