<?xml version="1.0" encoding="UTF-8"?>
<!-- Generated by org.testng.reporters.JUnitReportReporter -->
<testsuite hostname="DESKTOP-N7K85DJ" name="Promesa_Test_Case_Prod.Footer" tests="10" failures="0" timestamp="30 Dec 2021 15:02:05 GMT" time="193.374" errors="0">
  <testcase name="Footer_facebook" time="24.307" classname="Promesa_Test_Case_Prod.Footer"/>
  <testcase name="Footer_linkedin" time="10.924" classname="Promesa_Test_Case_Prod.Footer"/>
  <testcase name="Footer_twitter" time="16.902" classname="Promesa_Test_Case_Prod.Footer"/>
  <testcase name="Footer_PrivacyPolicy" time="30.787" classname="Promesa_Test_Case_Prod.Footer"/>
  <testcase name="Footer_facebook" time="30.030" classname="Promesa_Test_Case_Prod.Footer"/>
  <testcase name="Footer_linkedin" time="17.320" classname="Promesa_Test_Case_Prod.Footer"/>
  <testcase name="Footer_PrivacyPolicy" time="24.078" classname="Promesa_Test_Case_Prod.Footer"/>
  <testcase name="Footer_instagram" time="11.675" classname="Promesa_Test_Case_Prod.Footer"/>
  <testcase name="Footer_twitter" time="11.462" classname="Promesa_Test_Case_Prod.Footer"/>
  <testcase name="Footer_instagram" time="15.889" classname="Promesa_Test_Case_Prod.Footer"/>
</testsuite> <!-- Promesa_Test_Case_Prod.Footer -->
