<?xml version="1.0" encoding="UTF-8"?>
<!-- Generated by org.testng.reporters.JUnitReportReporter -->
<testsuite hostname="DESKTOP-N7K85DJ" name="Warranty_Test_Case_Dev.Partner_With_US" tests="2" failures="0" timestamp="16 Dec 2021 13:45:34 GMT" time="35.223" errors="0">
  <testcase name="partner" time="15.330" classname="Warranty_Test_Case_Dev.Partner_With_US"/>
  <testcase name="partner" time="19.893" classname="Warranty_Test_Case_Dev.Partner_With_US"/>
</testsuite> <!-- Warranty_Test_Case_Dev.Partner_With_US -->
