<?xml version="1.0" encoding="UTF-8"?>
<!-- Generated by org.testng.reporters.JUnitReportReporter -->
<testsuite hostname="DESKTOP-N7K85DJ" name="Solution_one_Development.Footer_Develop" tests="2" failures="0" timestamp="25 Feb 2022 13:22:59 GMT" time="151.885" errors="0">
  <testcase name="Footer" time="71.542" classname="Solution_one_Development.Footer_Develop"/>
  <testcase name="Footer" time="80.343" classname="Solution_one_Development.Footer_Develop"/>
</testsuite> <!-- Solution_one_Development.Footer_Develop -->
