<?xml version="1.0" encoding="UTF-8"?>
<!-- Generated by org.testng.reporters.JUnitReportReporter -->
<testsuite hostname="DESKTOP-N7K85DJ" name="AUW_Test_case_prod.AUW_header_web_Prod" tests="2" failures="0" timestamp="10 Feb 2022 16:20:33 GMT" time="163.972" errors="0">
  <testcase name="main" time="63.198" classname="AUW_Test_case_prod.AUW_header_web_Prod"/>
  <testcase name="main" time="100.774" classname="AUW_Test_case_prod.AUW_header_web_Prod"/>
</testsuite> <!-- AUW_Test_case_prod.AUW_header_web_Prod -->
