<?xml version="1.0" encoding="UTF-8"?>
<!-- Generated by org.testng.reporters.JUnitReportReporter -->
<testsuite hostname="DESKTOP-N7K85DJ" name="AUW_Test_case_prod.AUW_NJ_Update" tests="2" failures="0" timestamp="15 Mar 2022 10:17:10 GMT" time="157.993" errors="0">
  <testcase name="main" time="52.216" classname="AUW_Test_case_prod.AUW_NJ_Update"/>
  <testcase name="main" time="105.777" classname="AUW_Test_case_prod.AUW_NJ_Update"/>
</testsuite> <!-- AUW_Test_case_prod.AUW_NJ_Update -->
