<?xml version="1.0" encoding="UTF-8"?>
<!-- Generated by org.testng.reporters.JUnitReportReporter -->
<testsuite hostname="DESKTOP-N7K85DJ" name="Casuality_Prod_TC.Menu_Press_Room" tests="2" failures="0" timestamp="2 Mar 2022 14:47:22 GMT" time="137.735" errors="0">
  <testcase name="HomePage" time="74.466" classname="Casuality_Prod_TC.Menu_Press_Room"/>
  <testcase name="HomePage" time="63.269" classname="Casuality_Prod_TC.Menu_Press_Room"/>
</testsuite> <!-- Casuality_Prod_TC.Menu_Press_Room -->
