<?xml version="1.0" encoding="UTF-8"?>
<!-- Generated by org.testng.reporters.JUnitReportReporter -->
<testsuite hostname="DESKTOP-N7K85DJ" name="Casuality_Dev_TC.Home_page" tests="2" failures="0" timestamp="24 Feb 2022 15:18:06 GMT" time="175.722" errors="0">
  <testcase name="HomePage" time="91.025" classname="Casuality_Dev_TC.Home_page"/>
  <testcase name="HomePage" time="84.697" classname="Casuality_Dev_TC.Home_page"/>
</testsuite> <!-- Casuality_Dev_TC.Home_page -->
