<?xml version="1.0" encoding="UTF-8"?>
<!-- Generated by org.testng.reporters.JUnitReportReporter -->
<testsuite hostname="DESKTOP-N7K85DJ" name="Solution_one_Development.Side_head_sample" tests="1" failures="0" timestamp="10 Feb 2022 13:28:21 GMT" time="190.617" errors="0">
  <testcase name="Side_Heading_Three" time="190.617" classname="Solution_one_Development.Side_head_sample"/>
</testsuite> <!-- Solution_one_Development.Side_head_sample -->
