<?xml version="1.0" encoding="UTF-8"?>
<!-- Generated by org.testng.reporters.JUnitReportReporter -->
<testsuite hostname="DESKTOP-N7K85DJ" name="Solution_one_Development.Footer_Develop" tests="2" failures="0" timestamp="16 Dec 2021 13:45:35 GMT" time="111.978" errors="0">
  <testcase name="Footer" time="53.093" classname="Solution_one_Development.Footer_Develop"/>
  <testcase name="Footer" time="58.885" classname="Solution_one_Development.Footer_Develop"/>
</testsuite> <!-- Solution_one_Development.Footer_Develop -->
