<?xml version="1.0" encoding="UTF-8"?>
<!-- Generated by org.testng.reporters.JUnitReportReporter -->
<testsuite hostname="DESKTOP-N7K85DJ" name="AUW_Test_case_prod.AUW_Experience" tests="2" failures="0" timestamp="23 Feb 2022 11:40:24 GMT" time="683.462" errors="0">
  <testcase name="main" time="315.331" classname="AUW_Test_case_prod.AUW_Experience"/>
  <testcase name="main" time="368.131" classname="AUW_Test_case_prod.AUW_Experience"/>
</testsuite> <!-- AUW_Test_case_prod.AUW_Experience -->
