<?xml version="1.0" encoding="UTF-8"?>
<!-- Generated by org.testng.reporters.JUnitReportReporter -->
<testsuite hostname="DESKTOP-N7K85DJ" name="AUW_Test_case_prod.AUW_PPP" tests="2" failures="0" timestamp="16 Dec 2021 09:47:07 GMT" time="46.498" errors="0">
  <testcase name="main" time="25.037" classname="AUW_Test_case_prod.AUW_PPP"/>
  <testcase name="main" time="21.461" classname="AUW_Test_case_prod.AUW_PPP"/>
</testsuite> <!-- AUW_Test_case_prod.AUW_PPP -->
