<?xml version="1.0" encoding="UTF-8"?>
<!-- Generated by org.testng.reporters.JUnitReportReporter -->
<testsuite hostname="DESKTOP-N7K85DJ" name="Speciality_underwriters_Test_Case_Dev.What_We_offer" tests="2" failures="0" timestamp="5 Jan 2022 12:51:26 GMT" time="120.349" errors="0">
  <testcase name="Footer" time="55.041" classname="Speciality_underwriters_Test_Case_Dev.What_We_offer"/>
  <testcase name="Footer" time="65.308" classname="Speciality_underwriters_Test_Case_Dev.What_We_offer"/>
</testsuite> <!-- Speciality_underwriters_Test_Case_Dev.What_We_offer -->
