<?xml version="1.0" encoding="UTF-8"?>
<!-- Generated by org.testng.reporters.JUnitReportReporter -->
<testsuite hostname="DESKTOP-N7K85DJ" name="AUW_Test_case_prod.AUW_AboutUS" tests="2" failures="0" timestamp="30 Mar 2022 07:00:45 GMT" time="185.296" errors="0">
  <testcase name="AboutUS" time="112.929" classname="AUW_Test_case_prod.AUW_AboutUS"/>
  <testcase name="AboutUS" time="72.367" classname="AUW_Test_case_prod.AUW_AboutUS"/>
</testsuite> <!-- AUW_Test_case_prod.AUW_AboutUS -->
