<?xml version="1.0" encoding="UTF-8"?>
<!-- Generated by org.testng.reporters.JUnitReportReporter -->
<testsuite hostname="DESKTOP-N7K85DJ" name="Warranty_Test_Case_Prod.Contact_US" tests="2" failures="0" timestamp="31 Mar 2022 12:54:40 GMT" time="92.845" errors="0">
  <testcase name="ContactUS" time="43.945" classname="Warranty_Test_Case_Prod.Contact_US"/>
  <testcase name="ContactUS" time="48.900" classname="Warranty_Test_Case_Prod.Contact_US"/>
</testsuite> <!-- Warranty_Test_Case_Prod.Contact_US -->
