<?xml version="1.0" encoding="UTF-8"?>
<!-- Generated by org.testng.reporters.JUnitReportReporter -->
<testsuite hostname="DESKTOP-N7K85DJ" name="MTL_Test_Cases_Prod.More_offers_TC" tests="2" failures="0" timestamp="15 Dec 2021 11:56:30 GMT" time="82.728" errors="0">
  <testcase name="More_offers" time="43.759" classname="MTL_Test_Cases_Prod.More_offers_TC"/>
  <testcase name="More_offers" time="38.969" classname="MTL_Test_Cases_Prod.More_offers_TC"/>
</testsuite> <!-- MTL_Test_Cases_Prod.More_offers_TC -->
