<?xml version="1.0" encoding="UTF-8"?>
<!-- Generated by org.testng.reporters.JUnitReportReporter -->
<testsuite hostname="DESKTOP-N7K85DJ" name="AUW_Test_case_prod.AUW_PPP" tests="2" failures="0" timestamp="31 Mar 2022 09:38:46 GMT" time="100.307" errors="0">
  <testcase name="main" time="74.351" classname="AUW_Test_case_prod.AUW_PPP"/>
  <testcase name="main" time="25.956" classname="AUW_Test_case_prod.AUW_PPP"/>
</testsuite> <!-- AUW_Test_case_prod.AUW_PPP -->
