<?xml version="1.0" encoding="UTF-8"?>
<!-- Generated by org.testng.reporters.JUnitReportReporter -->
<testsuite hostname="DESKTOP-N7K85DJ" name="AUW_Test_case_prod.AUW_header_web_Prod" tests="2" failures="0" timestamp="21 Feb 2022 13:14:22 GMT" time="144.994" errors="0">
  <testcase name="main" time="57.162" classname="AUW_Test_case_prod.AUW_header_web_Prod"/>
  <testcase name="main" time="87.832" classname="AUW_Test_case_prod.AUW_header_web_Prod"/>
</testsuite> <!-- AUW_Test_case_prod.AUW_header_web_Prod -->
