<?xml version="1.0" encoding="UTF-8"?>
<!-- Generated by org.testng.reporters.JUnitReportReporter -->
<testsuite hostname="DESKTOP-N7K85DJ" name="AUW_Test_case_prod.AUW_NJ_Update" tests="2" failures="0" timestamp="27 Apr 2022 11:15:08 GMT" time="194.191" errors="0">
  <testcase name="main" time="48.604" classname="AUW_Test_case_prod.AUW_NJ_Update"/>
  <testcase name="main" time="145.587" classname="AUW_Test_case_prod.AUW_NJ_Update"/>
</testsuite> <!-- AUW_Test_case_prod.AUW_NJ_Update -->
