<?xml version="1.0" encoding="UTF-8"?>
<!-- Generated by org.testng.reporters.JUnitReportReporter -->
<testsuite hostname="DESKTOP-N7K85DJ" name="Credit_Global_Test_Cases_Dev.Forgot_Password" tests="2" failures="0" timestamp="5 Jan 2022 12:51:26 GMT" time="64.286" errors="0">
  <testcase name="HomePage_Header_login" time="29.919" classname="Credit_Global_Test_Cases_Dev.Forgot_Password"/>
  <testcase name="HomePage_Header_login" time="34.367" classname="Credit_Global_Test_Cases_Dev.Forgot_Password"/>
</testsuite> <!-- Credit_Global_Test_Cases_Dev.Forgot_Password -->
