<?xml version="1.0" encoding="UTF-8"?>
<!-- Generated by org.testng.reporters.JUnitReportReporter -->
<testsuite hostname="DESKTOP-N7K85DJ" name="Casuality_Prod_TC.Menu_Our_Carriers" tests="2" failures="0" timestamp="15 Feb 2022 17:55:12 GMT" time="141.975" errors="0">
  <testcase name="Carriers" time="86.384" classname="Casuality_Prod_TC.Menu_Our_Carriers"/>
  <testcase name="Carriers" time="55.591" classname="Casuality_Prod_TC.Menu_Our_Carriers"/>
</testsuite> <!-- Casuality_Prod_TC.Menu_Our_Carriers -->
