<?xml version="1.0" encoding="UTF-8"?>
<!-- Generated by org.testng.reporters.JUnitReportReporter -->
<testsuite hostname="DESKTOP-N7K85DJ" name="MTL_Test_Cases_Prod.More_offers_TC" tests="2" failures="0" timestamp="16 Feb 2022 08:42:47 GMT" time="123.815" errors="0">
  <testcase name="More_offers" time="66.856" classname="MTL_Test_Cases_Prod.More_offers_TC"/>
  <testcase name="More_offers" time="56.959" classname="MTL_Test_Cases_Prod.More_offers_TC"/>
</testsuite> <!-- MTL_Test_Cases_Prod.More_offers_TC -->
