<?xml version="1.0" encoding="UTF-8"?>
<!-- Generated by org.testng.reporters.JUnitReportReporter -->
<testsuite hostname="DESKTOP-N7K85DJ" name="Tradewel_Test_Cases_Production.About_US" tests="2" failures="0" timestamp="25 May 2022 13:05:44 GMT" time="112.833" errors="0">
  <testcase name="main_Home_Page" time="48.420" classname="Tradewel_Test_Cases_Production.About_US"/>
  <testcase name="main_Home_Page" time="64.413" classname="Tradewel_Test_Cases_Production.About_US"/>
</testsuite> <!-- Tradewel_Test_Cases_Production.About_US -->
