<?xml version="1.0" encoding="UTF-8"?>
<!-- Generated by org.testng.reporters.JUnitReportReporter -->
<testsuite hostname="DESKTOP-N7K85DJ" name="AUW_Test_case_prod.AUW_Experience" tests="2" failures="0" timestamp="14 Jan 2022 12:33:11 GMT" time="879.901" errors="0">
  <testcase name="main" time="567.092" classname="AUW_Test_case_prod.AUW_Experience"/>
  <testcase name="main" time="312.809" classname="AUW_Test_case_prod.AUW_Experience"/>
</testsuite> <!-- AUW_Test_case_prod.AUW_Experience -->
