<?xml version="1.0" encoding="UTF-8"?>
<!-- Generated by org.testng.reporters.JUnitReportReporter -->
<testsuite hostname="DESKTOP-N7K85DJ" name="AUW_Test_Case_dev.AUW_PPP" tests="2" failures="0" timestamp="12 Apr 2022 05:27:58 GMT" time="108.183" errors="0">
  <testcase name="main" time="27.317" classname="AUW_Test_Case_dev.AUW_PPP"/>
  <testcase name="main" time="80.866" classname="AUW_Test_Case_dev.AUW_PPP"/>
</testsuite> <!-- AUW_Test_Case_dev.AUW_PPP -->
