<?xml version="1.0" encoding="UTF-8"?>
<!-- Generated by org.testng.reporters.JUnitReportReporter -->
<testsuite hostname="DESKTOP-N7K85DJ" name="Careers_Test_case_Development.Footer" tests="2" failures="0" timestamp="4 Jan 2022 11:14:57 GMT" time="180.307" errors="0">
  <testcase name="AUW_Footer" time="97.730" classname="Careers_Test_case_Development.Footer"/>
  <testcase name="AUW_Footer" time="82.577" classname="Careers_Test_case_Development.Footer"/>
</testsuite> <!-- Careers_Test_case_Development.Footer -->
