<?xml version="1.0" encoding="UTF-8"?>
<!-- Generated by org.testng.reporters.JUnitReportReporter -->
<testsuite hostname="DESKTOP-N7K85DJ" name="Careers_Test_case_Prod.Footer" tests="10" failures="0" timestamp="3 Mar 2022 14:31:02 GMT" time="445.546" errors="0">
  <testcase name="AUW_Policy" time="61.706" classname="Careers_Test_case_Prod.Footer"/>
  <testcase name="AUW_Policy" time="34.798" classname="Careers_Test_case_Prod.Footer"/>
  <testcase name="AUW_twitter" time="21.889" classname="Careers_Test_case_Prod.Footer"/>
  <testcase name="AUW_Linkedin" time="87.236" classname="Careers_Test_case_Prod.Footer"/>
  <testcase name="AUW_Instagram" time="17.610" classname="Careers_Test_case_Prod.Footer"/>
  <testcase name="AUW_Instagram" time="72.961" classname="Careers_Test_case_Prod.Footer"/>
  <testcase name="AUW_twitter" time="30.956" classname="Careers_Test_case_Prod.Footer"/>
  <testcase name="AUW_Facebook" time="75.658" classname="Careers_Test_case_Prod.Footer"/>
  <testcase name="AUW_Linkedin" time="17.575" classname="Careers_Test_case_Prod.Footer"/>
  <testcase name="AUW_Facebook" time="25.157" classname="Careers_Test_case_Prod.Footer"/>
</testsuite> <!-- Careers_Test_case_Prod.Footer -->
