<?xml version="1.0" encoding="UTF-8"?>
<!-- Generated by org.testng.reporters.JUnitReportReporter -->
<testsuite hostname="DESKTOP-N7K85DJ" name="AUW_Test_Case_dev.AUW_NJ_Update" tests="2" failures="0" timestamp="23 Feb 2022 14:25:17 GMT" time="96.151" errors="0">
  <testcase name="main" time="49.796" classname="AUW_Test_Case_dev.AUW_NJ_Update"/>
  <testcase name="main" time="46.355" classname="AUW_Test_Case_dev.AUW_NJ_Update"/>
</testsuite> <!-- AUW_Test_Case_dev.AUW_NJ_Update -->
