<?xml version="1.0" encoding="UTF-8"?>
<!-- Generated by org.testng.reporters.JUnitReportReporter -->
<testsuite hostname="DESKTOP-N7K85DJ" name="AUW_Test_Case_dev.AUW_header_web_Development" tests="2" failures="0" timestamp="12 Apr 2022 05:27:59 GMT" time="124.538" errors="0">
  <testcase name="main" time="58.151" classname="AUW_Test_Case_dev.AUW_header_web_Development"/>
  <testcase name="main" time="66.387" classname="AUW_Test_Case_dev.AUW_header_web_Development"/>
</testsuite> <!-- AUW_Test_Case_dev.AUW_header_web_Development -->
