<?xml version="1.0" encoding="UTF-8"?>
<!-- Generated by org.testng.reporters.JUnitReportReporter -->
<testsuite hostname="DESKTOP-N7K85DJ" name="Adler_TestCases_Development.News" tests="2" failures="0" timestamp="24 Feb 2022 15:18:07 GMT" time="306.505" errors="0">
  <testcase name="main_Home_Page" time="150.975" classname="Adler_TestCases_Development.News"/>
  <testcase name="main_Home_Page" time="155.530" classname="Adler_TestCases_Development.News"/>
</testsuite> <!-- Adler_TestCases_Development.News -->
