<?xml version="1.0" encoding="UTF-8"?>
<!-- Generated by org.testng.reporters.JUnitReportReporter -->
<testsuite hostname="DESKTOP-N7K85DJ" name="Warranty_Test_Case_Prod.Our_Partner" tests="12" failures="0" timestamp="9 Mar 2022 15:47:56 GMT" time="973.894" errors="0">
  <testcase name="Partner5" time="80.679" classname="Warranty_Test_Case_Prod.Our_Partner"/>
  <testcase name="Partner1" time="84.482" classname="Warranty_Test_Case_Prod.Our_Partner"/>
  <testcase name="Partner5" time="74.348" classname="Warranty_Test_Case_Prod.Our_Partner"/>
  <testcase name="Partner3" time="77.060" classname="Warranty_Test_Case_Prod.Our_Partner"/>
  <testcase name="Partner2" time="80.030" classname="Warranty_Test_Case_Prod.Our_Partner"/>
  <testcase name="Partner4" time="78.050" classname="Warranty_Test_Case_Prod.Our_Partner"/>
  <testcase name="Partner1" time="77.749" classname="Warranty_Test_Case_Prod.Our_Partner"/>
  <testcase name="Partner3" time="89.787" classname="Warranty_Test_Case_Prod.Our_Partner"/>
  <testcase name="Partner2" time="105.949" classname="Warranty_Test_Case_Prod.Our_Partner"/>
  <testcase name="Partner4" time="82.715" classname="Warranty_Test_Case_Prod.Our_Partner"/>
  <testcase name="Partner6" time="65.974" classname="Warranty_Test_Case_Prod.Our_Partner"/>
  <testcase name="Partner6" time="77.071" classname="Warranty_Test_Case_Prod.Our_Partner"/>
</testsuite> <!-- Warranty_Test_Case_Prod.Our_Partner -->
