<?xml version="1.0" encoding="UTF-8"?>
<!-- Generated by org.testng.reporters.JUnitReportReporter -->
<testsuite hostname="DESKTOP-N7K85DJ" name="Casuality_Prod_TC.Menu_About_US" tests="2" failures="0" timestamp="4 Mar 2022 11:36:24 GMT" time="142.330" errors="0">
  <testcase name="HomePage" time="53.167" classname="Casuality_Prod_TC.Menu_About_US"/>
  <testcase name="HomePage" time="89.163" classname="Casuality_Prod_TC.Menu_About_US"/>
</testsuite> <!-- Casuality_Prod_TC.Menu_About_US -->
