<?xml version="1.0" encoding="UTF-8"?>
<!-- Generated by org.testng.reporters.JUnitReportReporter -->
<testsuite hostname="DESKTOP-N7K85DJ" name="Warranty_Test_Case_Dev.Partner_With_US" tests="2" failures="0" timestamp="4 Mar 2022 12:50:00 GMT" time="67.194" errors="0">
  <testcase name="partner" time="25.683" classname="Warranty_Test_Case_Dev.Partner_With_US"/>
  <testcase name="partner" time="41.511" classname="Warranty_Test_Case_Dev.Partner_With_US"/>
</testsuite> <!-- Warranty_Test_Case_Dev.Partner_With_US -->
