<?xml version="1.0" encoding="UTF-8"?>
<!-- Generated by org.testng.reporters.JUnitReportReporter -->
<testsuite hostname="DESKTOP-N7K85DJ" name="Warranty_Test_Case_Prod.Contact_US" tests="2" failures="0" timestamp="24 Feb 2022 14:29:27 GMT" time="144.821" errors="0">
  <testcase name="ContactUS" time="91.511" classname="Warranty_Test_Case_Prod.Contact_US"/>
  <testcase name="ContactUS" time="53.310" classname="Warranty_Test_Case_Prod.Contact_US"/>
</testsuite> <!-- Warranty_Test_Case_Prod.Contact_US -->
