<?xml version="1.0" encoding="UTF-8"?>
<!-- Generated by org.testng.reporters.JUnitReportReporter -->
<testsuite hostname="DESKTOP-N7K85DJ" name="AUW_Test_case_prod.AUW_header_web_Prod" tests="2" failures="0" timestamp="18 Feb 2022 14:06:49 GMT" time="119.932" errors="0">
  <testcase name="main" time="58.574" classname="AUW_Test_case_prod.AUW_header_web_Prod"/>
  <testcase name="main" time="61.358" classname="AUW_Test_case_prod.AUW_header_web_Prod"/>
</testsuite> <!-- AUW_Test_case_prod.AUW_header_web_Prod -->
