<?xml version="1.0" encoding="UTF-8"?>
<!-- Generated by org.testng.reporters.JUnitReportReporter -->
<testsuite hostname="DESKTOP-N7K85DJ" name="Solution_one_Prod.Footer_Production" tests="2" failures="0" timestamp="10 Feb 2022 16:20:34 GMT" time="171.892" errors="0">
  <testcase name="Footer" time="111.953" classname="Solution_one_Prod.Footer_Production"/>
  <testcase name="Footer" time="59.939" classname="Solution_one_Prod.Footer_Production"/>
</testsuite> <!-- Solution_one_Prod.Footer_Production -->
