<?xml version="1.0" encoding="UTF-8"?>
<!-- Generated by org.testng.reporters.JUnitReportReporter -->
<testsuite hostname="DESKTOP-N7K85DJ" name="MTL_Test_Cases_Prod.More_offers_TC" tests="2" failures="0" timestamp="1 Apr 2022 10:47:35 GMT" time="96.773" errors="0">
  <testcase name="More_offers" time="54.854" classname="MTL_Test_Cases_Prod.More_offers_TC"/>
  <testcase name="More_offers" time="41.919" classname="MTL_Test_Cases_Prod.More_offers_TC"/>
</testsuite> <!-- MTL_Test_Cases_Prod.More_offers_TC -->
