<?xml version="1.0" encoding="UTF-8"?>
<!-- Generated by org.testng.reporters.JUnitReportReporter -->
<testsuite hostname="DESKTOP-N7K85DJ" name="AUW_Test_Case_dev.AUW_CallUpdate" tests="2" failures="0" timestamp="5 Jan 2022 12:51:26 GMT" time="122.903" errors="0">
  <testcase name="main" time="61.245" classname="AUW_Test_Case_dev.AUW_CallUpdate"/>
  <testcase name="main" time="61.658" classname="AUW_Test_Case_dev.AUW_CallUpdate"/>
</testsuite> <!-- AUW_Test_Case_dev.AUW_CallUpdate -->
