<?xml version="1.0" encoding="UTF-8"?>
<!-- Generated by org.testng.reporters.JUnitReportReporter -->
<testsuite hostname="DESKTOP-N7K85DJ" name="Careers_Test_case_Development.Footer" tests="2" failures="0" timestamp="14 Dec 2021 11:47:24 GMT" time="143.490" errors="0">
  <testcase name="AUW_Footer" time="75.111" classname="Careers_Test_case_Development.Footer"/>
  <testcase name="AUW_Footer" time="68.379" classname="Careers_Test_case_Development.Footer"/>
</testsuite> <!-- Careers_Test_case_Development.Footer -->
