<?xml version="1.0" encoding="UTF-8"?>
<!-- Generated by org.testng.reporters.JUnitReportReporter -->
<testsuite hostname="DESKTOP-N7K85DJ" name="Warranty_Test_Case_Dev.NewsEvents" tests="2" failures="0" timestamp="4 Mar 2022 12:50:00 GMT" time="324.496" errors="0">
  <testcase name="NewsEvents" time="165.719" classname="Warranty_Test_Case_Dev.NewsEvents"/>
  <testcase name="NewsEvents" time="158.777" classname="Warranty_Test_Case_Dev.NewsEvents"/>
</testsuite> <!-- Warranty_Test_Case_Dev.NewsEvents -->
