<?xml version="1.0" encoding="UTF-8"?>
<!-- Generated by org.testng.reporters.JUnitReportReporter -->
<testsuite hostname="DESKTOP-N7K85DJ" name="Pinnacle_Test_Cases_Development.HomePage_TC" tests="2" failures="0" timestamp="11 Feb 2022 10:29:05 GMT" time="147.020" errors="0">
  <testcase name="main_Home_Page" time="69.752" classname="Pinnacle_Test_Cases_Development.HomePage_TC"/>
  <testcase name="main_Home_Page" time="77.268" classname="Pinnacle_Test_Cases_Development.HomePage_TC"/>
</testsuite> <!-- Pinnacle_Test_Cases_Development.HomePage_TC -->
