<?xml version="1.0" encoding="UTF-8"?>
<!-- Generated by org.testng.reporters.JUnitReportReporter -->
<testsuite hostname="DESKTOP-N7K85DJ" name="Adler_TestCases_Prod.Home" tests="2" failures="0" timestamp="8 Apr 2022 08:47:38 GMT" time="107.288" errors="0">
  <testcase name="main_Home_Page" time="33.004" classname="Adler_TestCases_Prod.Home"/>
  <testcase name="main_Home_Page" time="74.284" classname="Adler_TestCases_Prod.Home"/>
</testsuite> <!-- Adler_TestCases_Prod.Home -->
