<?xml version="1.0" encoding="UTF-8"?>
<!-- Generated by org.testng.reporters.JUnitReportReporter -->
<testsuite hostname="DESKTOP-N7K85DJ" name="Promesa_Test_Case_Development.Footer" tests="2" failures="0" timestamp="24 Jan 2022 11:23:12 GMT" time="159.155" errors="0">
  <testcase name="Footer" time="81.509" classname="Promesa_Test_Case_Development.Footer"/>
  <testcase name="Footer" time="77.646" classname="Promesa_Test_Case_Development.Footer"/>
</testsuite> <!-- Promesa_Test_Case_Development.Footer -->
