<?xml version="1.0" encoding="UTF-8"?>
<!-- Generated by org.testng.reporters.JUnitReportReporter -->
<testsuite hostname="DESKTOP-N7K85DJ" name="Solution_one_Development.Footer_Develop" tests="2" failures="0" timestamp="28 Feb 2022 15:51:42 GMT" time="127.388" errors="0">
  <testcase name="Footer" time="64.572" classname="Solution_one_Development.Footer_Develop"/>
  <testcase name="Footer" time="62.816" classname="Solution_one_Development.Footer_Develop"/>
</testsuite> <!-- Solution_one_Development.Footer_Develop -->
