<?xml version="1.0" encoding="UTF-8"?>
<!-- Generated by org.testng.reporters.JUnitReportReporter -->
<testsuite hostname="DESKTOP-N7K85DJ" name="Solution_one_Development.Footer_Develop" tests="2" failures="0" timestamp="5 Jan 2022 12:51:26 GMT" time="173.807" errors="0">
  <testcase name="Footer" time="84.264" classname="Solution_one_Development.Footer_Develop"/>
  <testcase name="Footer" time="89.543" classname="Solution_one_Development.Footer_Develop"/>
</testsuite> <!-- Solution_one_Development.Footer_Develop -->
