<?xml version="1.0" encoding="UTF-8"?>
<!-- Generated by org.testng.reporters.JUnitReportReporter -->
<testsuite hostname="DESKTOP-N7K85DJ" name="MTL_Test_Cases_Prod.More_offers_TC" tests="2" failures="0" timestamp="12 Jan 2022 15:20:27 GMT" time="156.123" errors="0">
  <testcase name="More_offers" time="103.156" classname="MTL_Test_Cases_Prod.More_offers_TC"/>
  <testcase name="More_offers" time="52.967" classname="MTL_Test_Cases_Prod.More_offers_TC"/>
</testsuite> <!-- MTL_Test_Cases_Prod.More_offers_TC -->
