<?xml version="1.0" encoding="UTF-8"?>
<!-- Generated by org.testng.reporters.JUnitReportReporter -->
<testsuite hostname="DESKTOP-N7K85DJ" name="JumboGC_Test_case_prod.Header_footer" tests="10" failures="0" timestamp="26 Apr 2022 09:47:26 GMT" time="739.338" errors="0">
  <testcase name="Footer_Instagram" time="38.572" classname="JumboGC_Test_case_prod.Header_footer"/>
  <testcase name="Header_Login" time="83.993" classname="JumboGC_Test_case_prod.Header_footer"/>
  <testcase name="Footer_Instagram" time="122.605" classname="JumboGC_Test_case_prod.Header_footer"/>
  <testcase name="Footer_Privacy" time="48.517" classname="JumboGC_Test_case_prod.Header_footer"/>
  <testcase name="Footer_linkedIN" time="38.843" classname="JumboGC_Test_case_prod.Header_footer"/>
  <testcase name="Footer_Facebook" time="37.116" classname="JumboGC_Test_case_prod.Header_footer"/>
  <testcase name="Footer_Facebook" time="77.792" classname="JumboGC_Test_case_prod.Header_footer"/>
  <testcase name="Footer_linkedIN" time="121.602" classname="JumboGC_Test_case_prod.Header_footer"/>
  <testcase name="Footer_Privacy" time="138.914" classname="JumboGC_Test_case_prod.Header_footer"/>
  <testcase name="Header_Login" time="31.384" classname="JumboGC_Test_case_prod.Header_footer"/>
</testsuite> <!-- JumboGC_Test_case_prod.Header_footer -->
