<?xml version="1.0" encoding="UTF-8"?>
<!-- Generated by org.testng.reporters.JUnitReportReporter -->
<testsuite hostname="DESKTOP-N7K85DJ" name="Tradewel_Test_Cases_Production.About_US" tests="2" failures="0" timestamp="9 Mar 2022 17:53:46 GMT" time="82.090" errors="0">
  <testcase name="main_Home_Page" time="42.913" classname="Tradewel_Test_Cases_Production.About_US"/>
  <testcase name="main_Home_Page" time="39.177" classname="Tradewel_Test_Cases_Production.About_US"/>
</testsuite> <!-- Tradewel_Test_Cases_Production.About_US -->
