<?xml version="1.0" encoding="UTF-8"?>
<!-- Generated by org.testng.reporters.JUnitReportReporter -->
<testsuite hostname="DESKTOP-N7K85DJ" name="AUW_Test_Case_dev.AUW_PPP" tests="2" failures="0" timestamp="21 Feb 2022 15:12:15 GMT" time="106.197" errors="0">
  <testcase name="main" time="67.388" classname="AUW_Test_Case_dev.AUW_PPP"/>
  <testcase name="main" time="38.809" classname="AUW_Test_Case_dev.AUW_PPP"/>
</testsuite> <!-- AUW_Test_Case_dev.AUW_PPP -->
