<?xml version="1.0" encoding="UTF-8"?>
<!-- Generated by org.testng.reporters.JUnitReportReporter -->
<testsuite hostname="DESKTOP-N7K85DJ" name="Promesa_Test_Case_Prod.Footer" tests="10" failures="0" timestamp="4 Mar 2022 11:36:24 GMT" time="210.590" errors="0">
  <testcase name="Footer_linkedin" time="17.644" classname="Promesa_Test_Case_Prod.Footer"/>
  <testcase name="Footer_twitter" time="14.757" classname="Promesa_Test_Case_Prod.Footer"/>
  <testcase name="Footer_facebook" time="28.699" classname="Promesa_Test_Case_Prod.Footer"/>
  <testcase name="Footer_instagram" time="16.178" classname="Promesa_Test_Case_Prod.Footer"/>
  <testcase name="Footer_twitter" time="15.703" classname="Promesa_Test_Case_Prod.Footer"/>
  <testcase name="Footer_linkedin" time="15.737" classname="Promesa_Test_Case_Prod.Footer"/>
  <testcase name="Footer_facebook" time="31.909" classname="Promesa_Test_Case_Prod.Footer"/>
  <testcase name="Footer_PrivacyPolicy" time="28.540" classname="Promesa_Test_Case_Prod.Footer"/>
  <testcase name="Footer_PrivacyPolicy" time="28.054" classname="Promesa_Test_Case_Prod.Footer"/>
  <testcase name="Footer_instagram" time="13.369" classname="Promesa_Test_Case_Prod.Footer"/>
</testsuite> <!-- Promesa_Test_Case_Prod.Footer -->
