<?xml version="1.0" encoding="UTF-8"?>
<!-- Generated by org.testng.reporters.JUnitReportReporter -->
<testsuite hostname="DESKTOP-N7K85DJ" name="Warranty_Test_Case_Dev.Contact_US" tests="1" failures="0" timestamp="22 Dec 2021 16:14:01 GMT" time="52.755" errors="0">
  <testcase name="ContactUS" time="52.755" classname="Warranty_Test_Case_Dev.Contact_US"/>
</testsuite> <!-- Warranty_Test_Case_Dev.Contact_US -->
