<?xml version="1.0" encoding="UTF-8"?>
<!-- Generated by org.testng.reporters.JUnitReportReporter -->
<testsuite hostname="DESKTOP-N7K85DJ" name="AUW_Test_Case_dev.Practices_AgentsBrokers" tests="2" failures="0" timestamp="10 Feb 2022 13:28:20 GMT" time="167.753" errors="0">
  <testcase name="Practices_AgentsBrokers" time="72.572" classname="AUW_Test_Case_dev.Practices_AgentsBrokers"/>
  <testcase name="Practices_AgentsBrokers" time="95.181" classname="AUW_Test_Case_dev.Practices_AgentsBrokers"/>
</testsuite> <!-- AUW_Test_Case_dev.Practices_AgentsBrokers -->
