<?xml version="1.0" encoding="UTF-8"?>
<!-- Generated by org.testng.reporters.JUnitReportReporter -->
<testsuite hostname="DESKTOP-N7K85DJ" name="AUW_Test_Case_dev.AUW_header_web_Development" tests="2" failures="0" timestamp="11 Feb 2022 10:29:05 GMT" time="133.794" errors="0">
  <testcase name="main" time="58.986" classname="AUW_Test_Case_dev.AUW_header_web_Development"/>
  <testcase name="main" time="74.808" classname="AUW_Test_Case_dev.AUW_header_web_Development"/>
</testsuite> <!-- AUW_Test_Case_dev.AUW_header_web_Development -->
