<?xml version="1.0" encoding="UTF-8"?>
<!-- Generated by org.testng.reporters.JUnitReportReporter -->
<testsuite hostname="DESKTOP-N7K85DJ" name="Warranty_Test_Case_Prod.Partner_With_US" tests="2" failures="0" timestamp="9 Mar 2022 15:47:56 GMT" time="74.722" errors="0">
  <testcase name="partner" time="23.776" classname="Warranty_Test_Case_Prod.Partner_With_US"/>
  <testcase name="partner" time="50.946" classname="Warranty_Test_Case_Prod.Partner_With_US"/>
</testsuite> <!-- Warranty_Test_Case_Prod.Partner_With_US -->
