<?xml version="1.0" encoding="UTF-8"?>
<!-- Generated by org.testng.reporters.JUnitReportReporter -->
<testsuite hostname="DESKTOP-N7K85DJ" name="Careers_Test_case_Prod.Footer" tests="10" failures="0" timestamp="25 May 2022 13:05:44 GMT" time="482.290" errors="0">
  <testcase name="AUW_Facebook" time="30.333" classname="Careers_Test_case_Prod.Footer"/>
  <testcase name="AUW_Linkedin" time="19.855" classname="Careers_Test_case_Prod.Footer"/>
  <testcase name="AUW_Facebook" time="72.773" classname="Careers_Test_case_Prod.Footer"/>
  <testcase name="AUW_twitter" time="59.157" classname="Careers_Test_case_Prod.Footer"/>
  <testcase name="AUW_Instagram" time="33.364" classname="Careers_Test_case_Prod.Footer"/>
  <testcase name="AUW_Instagram" time="17.406" classname="Careers_Test_case_Prod.Footer"/>
  <testcase name="AUW_twitter" time="22.061" classname="Careers_Test_case_Prod.Footer"/>
  <testcase name="AUW_Policy" time="90.158" classname="Careers_Test_case_Prod.Footer"/>
  <testcase name="AUW_Linkedin" time="102.473" classname="Careers_Test_case_Prod.Footer"/>
  <testcase name="AUW_Policy" time="34.710" classname="Careers_Test_case_Prod.Footer"/>
</testsuite> <!-- Careers_Test_case_Prod.Footer -->
