<?xml version="1.0" encoding="UTF-8"?>
<!-- Generated by org.testng.reporters.JUnitReportReporter -->
<testsuite hostname="DESKTOP-N7K85DJ" name="Casuality_Dev_TC.Menu_Our_Carriers" tests="2" failures="0" timestamp="16 Feb 2022 15:23:24 GMT" time="107.043" errors="0">
  <testcase name="Carriers" time="54.320" classname="Casuality_Dev_TC.Menu_Our_Carriers"/>
  <testcase name="Carriers" time="52.723" classname="Casuality_Dev_TC.Menu_Our_Carriers"/>
</testsuite> <!-- Casuality_Dev_TC.Menu_Our_Carriers -->
