<?xml version="1.0" encoding="UTF-8"?>
<!-- Generated by org.testng.reporters.JUnitReportReporter -->
<testsuite hostname="DESKTOP-N7K85DJ" name="Credit_Global_Test_Cases_Dev.Forgot_Password" tests="2" failures="0" timestamp="21 Feb 2022 15:12:16 GMT" time="55.785" errors="0">
  <testcase name="HomePage_Header_login" time="36.357" classname="Credit_Global_Test_Cases_Dev.Forgot_Password"/>
  <testcase name="HomePage_Header_login" time="19.428" classname="Credit_Global_Test_Cases_Dev.Forgot_Password"/>
</testsuite> <!-- Credit_Global_Test_Cases_Dev.Forgot_Password -->
