<?xml version="1.0" encoding="UTF-8"?>
<!-- Generated by org.testng.reporters.JUnitReportReporter -->
<testsuite hostname="DESKTOP-N7K85DJ" name="Casuality_Prod_TC.Menu_Contact_Us" tests="2" failures="0" timestamp="25 Apr 2022 10:19:01 GMT" time="87.275" errors="0">
  <testcase name="HomePage" time="55.732" classname="Casuality_Prod_TC.Menu_Contact_Us"/>
  <testcase name="HomePage" time="31.543" classname="Casuality_Prod_TC.Menu_Contact_Us"/>
</testsuite> <!-- Casuality_Prod_TC.Menu_Contact_Us -->
