<?xml version="1.0" encoding="UTF-8"?>
<!-- Generated by org.testng.reporters.JUnitReportReporter -->
<testsuite hostname="DESKTOP-N7K85DJ" name="AUW_Test_Case_dev.AUW_CallUpdate" tests="2" failures="0" timestamp="24 Jan 2022 11:23:12 GMT" time="150.348" errors="0">
  <testcase name="main" time="78.142" classname="AUW_Test_Case_dev.AUW_CallUpdate"/>
  <testcase name="main" time="72.206" classname="AUW_Test_Case_dev.AUW_CallUpdate"/>
</testsuite> <!-- AUW_Test_Case_dev.AUW_CallUpdate -->
