<?xml version="1.0" encoding="UTF-8"?>
<!-- Generated by org.testng.reporters.JUnitReportReporter -->
<testsuite hostname="DESKTOP-N7K85DJ" name="Adler_TestCases_Prod.Home" tests="2" failures="0" timestamp="23 Feb 2022 11:40:24 GMT" time="87.164" errors="0">
  <testcase name="main_Home_Page" time="53.474" classname="Adler_TestCases_Prod.Home"/>
  <testcase name="main_Home_Page" time="33.690" classname="Adler_TestCases_Prod.Home"/>
</testsuite> <!-- Adler_TestCases_Prod.Home -->
