<?xml version="1.0" encoding="UTF-8"?>
<!-- Generated by org.testng.reporters.JUnitReportReporter -->
<testsuite hostname="DESKTOP-N7K85DJ" name="AUW_Test_case_prod.AUW_PPP" tests="2" failures="0" timestamp="5 Jan 2022 10:13:38 GMT" time="73.859" errors="0">
  <testcase name="main" time="31.180" classname="AUW_Test_case_prod.AUW_PPP"/>
  <testcase name="main" time="42.679" classname="AUW_Test_case_prod.AUW_PPP"/>
</testsuite> <!-- AUW_Test_case_prod.AUW_PPP -->
