<?xml version="1.0" encoding="UTF-8"?>
<!-- Generated by org.testng.reporters.JUnitReportReporter -->
<testsuite hostname="DESKTOP-N7K85DJ" name="Warranty_Test_Case_Prod.Our_Partner" tests="12" failures="0" timestamp="3 Mar 2022 14:31:02 GMT" time="1062.141" errors="0">
  <testcase name="Partner2" time="75.051" classname="Warranty_Test_Case_Prod.Our_Partner"/>
  <testcase name="Partner1" time="73.377" classname="Warranty_Test_Case_Prod.Our_Partner"/>
  <testcase name="Partner1" time="109.097" classname="Warranty_Test_Case_Prod.Our_Partner"/>
  <testcase name="Partner3" time="74.350" classname="Warranty_Test_Case_Prod.Our_Partner"/>
  <testcase name="Partner4" time="104.651" classname="Warranty_Test_Case_Prod.Our_Partner"/>
  <testcase name="Partner6" time="71.871" classname="Warranty_Test_Case_Prod.Our_Partner"/>
  <testcase name="Partner5" time="76.386" classname="Warranty_Test_Case_Prod.Our_Partner"/>
  <testcase name="Partner6" time="73.906" classname="Warranty_Test_Case_Prod.Our_Partner"/>
  <testcase name="Partner3" time="130.894" classname="Warranty_Test_Case_Prod.Our_Partner"/>
  <testcase name="Partner5" time="73.079" classname="Warranty_Test_Case_Prod.Our_Partner"/>
  <testcase name="Partner2" time="124.864" classname="Warranty_Test_Case_Prod.Our_Partner"/>
  <testcase name="Partner4" time="74.615" classname="Warranty_Test_Case_Prod.Our_Partner"/>
</testsuite> <!-- Warranty_Test_Case_Prod.Our_Partner -->
