<?xml version="1.0" encoding="UTF-8"?>
<!-- Generated by org.testng.reporters.JUnitReportReporter -->
<testsuite hostname="DESKTOP-N7K85DJ" name="Casuality_Prod_TC.Menu_About_US" tests="2" failures="0" timestamp="21 Mar 2022 16:42:58 GMT" time="115.387" errors="0">
  <testcase name="HomePage" time="52.956" classname="Casuality_Prod_TC.Menu_About_US"/>
  <testcase name="HomePage" time="62.431" classname="Casuality_Prod_TC.Menu_About_US"/>
</testsuite> <!-- Casuality_Prod_TC.Menu_About_US -->
