<?xml version="1.0" encoding="UTF-8"?>
<!-- Generated by org.testng.reporters.JUnitReportReporter -->
<testsuite hostname="DESKTOP-N7K85DJ" name="Promesa_Test_Case_Development.FAQ" tests="1" failures="0" timestamp="7 Mar 2022 12:41:03 GMT" time="78.755" errors="0">
  <testcase name="Siheading_2" time="78.755" classname="Promesa_Test_Case_Development.FAQ"/>
</testsuite> <!-- Promesa_Test_Case_Development.FAQ -->
