<?xml version="1.0" encoding="UTF-8"?>
<!-- Generated by org.testng.reporters.JUnitReportReporter -->
<testsuite hostname="DESKTOP-N7K85DJ" name="Speciality_underwriters_Test_Case_Dev.Home_TC" tests="2" failures="0" timestamp="28 Feb 2022 07:58:39 GMT" time="75.638" errors="0">
  <testcase name="Footer" time="42.117" classname="Speciality_underwriters_Test_Case_Dev.Home_TC"/>
  <testcase name="Footer" time="33.521" classname="Speciality_underwriters_Test_Case_Dev.Home_TC"/>
</testsuite> <!-- Speciality_underwriters_Test_Case_Dev.Home_TC -->
