<?xml version="1.0" encoding="UTF-8"?>
<!-- Generated by org.testng.reporters.JUnitReportReporter -->
<testsuite hostname="DESKTOP-N7K85DJ" name="Speciality_underwriters_Test_Case_Prod.What_We_offer" tests="2" failures="0" timestamp="10 May 2022 11:54:17 GMT" time="145.507" errors="0">
  <testcase name="Footer" time="48.119" classname="Speciality_underwriters_Test_Case_Prod.What_We_offer"/>
  <testcase name="Footer" time="97.388" classname="Speciality_underwriters_Test_Case_Prod.What_We_offer"/>
</testsuite> <!-- Speciality_underwriters_Test_Case_Prod.What_We_offer -->
