<?xml version="1.0" encoding="UTF-8"?>
<!-- Generated by org.testng.reporters.JUnitReportReporter -->
<testsuite hostname="DESKTOP-N7K85DJ" name="Warranty_Test_Case_Prod.Our_Partner" tests="12" failures="0" timestamp="18 Feb 2022 16:07:04 GMT" time="853.504" errors="0">
  <testcase name="Partner4" time="73.789" classname="Warranty_Test_Case_Prod.Our_Partner"/>
  <testcase name="Partner1" time="71.327" classname="Warranty_Test_Case_Prod.Our_Partner"/>
  <testcase name="Partner2" time="65.172" classname="Warranty_Test_Case_Prod.Our_Partner"/>
  <testcase name="Partner6" time="97.131" classname="Warranty_Test_Case_Prod.Our_Partner"/>
  <testcase name="Partner5" time="71.879" classname="Warranty_Test_Case_Prod.Our_Partner"/>
  <testcase name="Partner1" time="64.630" classname="Warranty_Test_Case_Prod.Our_Partner"/>
  <testcase name="Partner2" time="70.831" classname="Warranty_Test_Case_Prod.Our_Partner"/>
  <testcase name="Partner5" time="65.108" classname="Warranty_Test_Case_Prod.Our_Partner"/>
  <testcase name="Partner3" time="64.820" classname="Warranty_Test_Case_Prod.Our_Partner"/>
  <testcase name="Partner4" time="66.696" classname="Warranty_Test_Case_Prod.Our_Partner"/>
  <testcase name="Partner3" time="71.310" classname="Warranty_Test_Case_Prod.Our_Partner"/>
  <testcase name="Partner6" time="70.811" classname="Warranty_Test_Case_Prod.Our_Partner"/>
</testsuite> <!-- Warranty_Test_Case_Prod.Our_Partner -->
