<?xml version="1.0" encoding="UTF-8"?>
<!-- Generated by org.testng.reporters.JUnitReportReporter -->
<testsuite hostname="DESKTOP-N7K85DJ" name="Casuality_Dev_TC.Menu_Contact_Us" tests="2" failures="0" timestamp="24 Feb 2022 15:18:07 GMT" time="72.573" errors="0">
  <testcase name="HomePage" time="35.386" classname="Casuality_Dev_TC.Menu_Contact_Us"/>
  <testcase name="HomePage" time="37.187" classname="Casuality_Dev_TC.Menu_Contact_Us"/>
</testsuite> <!-- Casuality_Dev_TC.Menu_Contact_Us -->
