<?xml version="1.0" encoding="UTF-8"?>
<!-- Generated by org.testng.reporters.JUnitReportReporter -->
<testsuite hostname="DESKTOP-N7K85DJ" name="MTL_Test_Cases_Prod.Home_URL" tests="2" failures="0" timestamp="27 Apr 2022 11:15:08 GMT" time="196.377" errors="0">
  <testcase name="Footer" time="44.318" classname="MTL_Test_Cases_Prod.Home_URL"/>
  <testcase name="Footer" time="152.059" classname="MTL_Test_Cases_Prod.Home_URL"/>
</testsuite> <!-- MTL_Test_Cases_Prod.Home_URL -->
