<?xml version="1.0" encoding="UTF-8"?>
<!-- Generated by org.testng.reporters.JUnitReportReporter -->
<testsuite hostname="DESKTOP-N7K85DJ" name="AUW_Test_case_prod.Practices_AgentsBrokers" tests="1" failures="0" timestamp="2 Mar 2022 15:15:24 GMT" time="71.011" errors="0">
  <testcase name="Practices_AgentsBrokers" time="71.011" classname="AUW_Test_case_prod.Practices_AgentsBrokers"/>
</testsuite> <!-- AUW_Test_case_prod.Practices_AgentsBrokers -->
