<?xml version="1.0" encoding="UTF-8"?>
<!-- Generated by org.testng.reporters.JUnitReportReporter -->
<testsuite hostname="DESKTOP-N7K85DJ" name="Solution_one_Prod.Side_Heading_Production" tests="5" failures="0" timestamp="21 Feb 2022 13:14:22 GMT" time="636.482" errors="0">
  <testcase name="Side_Heading_Two" time="116.513" classname="Solution_one_Prod.Side_Heading_Production"/>
  <testcase name="Side_Heading_Five" time="154.889" classname="Solution_one_Prod.Side_Heading_Production"/>
  <testcase name="Side_Heading_One" time="113.675" classname="Solution_one_Prod.Side_Heading_Production"/>
  <testcase name="Side_Heading_Three" time="133.765" classname="Solution_one_Prod.Side_Heading_Production"/>
  <testcase name="Side_Heading_Four" time="117.640" classname="Solution_one_Prod.Side_Heading_Production"/>
</testsuite> <!-- Solution_one_Prod.Side_Heading_Production -->
