<?xml version="1.0" encoding="UTF-8"?>
<!-- Generated by org.testng.reporters.JUnitReportReporter -->
<testsuite hostname="DESKTOP-N7K85DJ" name="Warranty_Test_Case_Prod.Partner_With_US" tests="2" failures="0" timestamp="10 May 2022 11:54:17 GMT" time="60.624" errors="0">
  <testcase name="partner" time="32.043" classname="Warranty_Test_Case_Prod.Partner_With_US"/>
  <testcase name="partner" time="28.581" classname="Warranty_Test_Case_Prod.Partner_With_US"/>
</testsuite> <!-- Warranty_Test_Case_Prod.Partner_With_US -->
