<?xml version="1.0" encoding="UTF-8"?>
<!-- Generated by org.testng.reporters.JUnitReportReporter -->
<testsuite hostname="DESKTOP-N7K85DJ" name="AUW_Global_Test_Cases_Prod.LearnMore_TC" tests="2" failures="0" timestamp="25 Jan 2022 14:00:35 GMT" time="71.368" errors="0">
  <testcase name="LearnMore" time="48.292" classname="AUW_Global_Test_Cases_Prod.LearnMore_TC"/>
  <testcase name="LearnMore" time="23.076" classname="AUW_Global_Test_Cases_Prod.LearnMore_TC"/>
</testsuite> <!-- AUW_Global_Test_Cases_Prod.LearnMore_TC -->
