<?xml version="1.0" encoding="UTF-8"?>
<!-- Generated by org.testng.reporters.JUnitReportReporter -->
<testsuite hostname="DESKTOP-N7K85DJ" name="Careers_Test_case_Prod.Footer" tests="10" failures="0" timestamp="22 Dec 2021 09:39:17 GMT" time="243.258" errors="0">
  <testcase name="AUW_Facebook" time="29.306" classname="Careers_Test_case_Prod.Footer"/>
  <testcase name="AUW_Linkedin" time="16.746" classname="Careers_Test_case_Prod.Footer"/>
  <testcase name="AUW_Instagram" time="20.916" classname="Careers_Test_case_Prod.Footer"/>
  <testcase name="AUW_twitter" time="22.740" classname="Careers_Test_case_Prod.Footer"/>
  <testcase name="AUW_Facebook" time="23.729" classname="Careers_Test_case_Prod.Footer"/>
  <testcase name="AUW_Instagram" time="16.413" classname="Careers_Test_case_Prod.Footer"/>
  <testcase name="AUW_Policy" time="39.289" classname="Careers_Test_case_Prod.Footer"/>
  <testcase name="AUW_Policy" time="32.989" classname="Careers_Test_case_Prod.Footer"/>
  <testcase name="AUW_twitter" time="20.834" classname="Careers_Test_case_Prod.Footer"/>
  <testcase name="AUW_Linkedin" time="20.296" classname="Careers_Test_case_Prod.Footer"/>
</testsuite> <!-- Careers_Test_case_Prod.Footer -->
