<?xml version="1.0" encoding="UTF-8"?>
<!-- Generated by org.testng.reporters.JUnitReportReporter -->
<testsuite hostname="DESKTOP-N7K85DJ" name="AFL_Test_Case_Prod.HomePage_TC" tests="2" failures="0" timestamp="21 Mar 2022 15:42:49 GMT" time="211.853" errors="0">
  <testcase name="Home_Page" time="110.457" classname="AFL_Test_Case_Prod.HomePage_TC"/>
  <testcase name="Home_Page" time="101.396" classname="AFL_Test_Case_Prod.HomePage_TC"/>
</testsuite> <!-- AFL_Test_Case_Prod.HomePage_TC -->
