<?xml version="1.0" encoding="UTF-8"?>
<!-- Generated by org.testng.reporters.JUnitReportReporter -->
<testsuite hostname="DESKTOP-N7K85DJ" name="MTL_Test_Cases_Prod.Home_URL" tests="2" failures="0" timestamp="7 Mar 2022 11:16:52 GMT" time="160.353" errors="0">
  <testcase name="Footer" time="109.869" classname="MTL_Test_Cases_Prod.Home_URL"/>
  <testcase name="Footer" time="50.484" classname="MTL_Test_Cases_Prod.Home_URL"/>
</testsuite> <!-- MTL_Test_Cases_Prod.Home_URL -->
