<?xml version="1.0" encoding="UTF-8"?>
<!-- Generated by org.testng.reporters.JUnitReportReporter -->
<testsuite hostname="DESKTOP-N7K85DJ" name="Solution_one_Development.Footer_Develop" tests="2" failures="0" timestamp="16 Feb 2022 09:34:57 GMT" time="209.035" errors="0">
  <testcase name="Footer" time="95.727" classname="Solution_one_Development.Footer_Develop"/>
  <testcase name="Footer" time="113.308" classname="Solution_one_Development.Footer_Develop"/>
</testsuite> <!-- Solution_one_Development.Footer_Develop -->
