<?xml version="1.0" encoding="UTF-8"?>
<!-- Generated by org.testng.reporters.JUnitReportReporter -->
<testsuite hostname="DESKTOP-N7K85DJ" name="Credit_Global_Test_Cases_Prod.Forgot_Password" tests="2" failures="0" timestamp="14 Jan 2022 12:33:11 GMT" time="120.565" errors="0">
  <testcase name="HomePage_Header_login" time="24.570" classname="Credit_Global_Test_Cases_Prod.Forgot_Password"/>
  <testcase name="HomePage_Header_login" time="95.995" classname="Credit_Global_Test_Cases_Prod.Forgot_Password"/>
</testsuite> <!-- Credit_Global_Test_Cases_Prod.Forgot_Password -->
