<?xml version="1.0" encoding="UTF-8"?>
<!-- Generated by org.testng.reporters.JUnitReportReporter -->
<testsuite hostname="DESKTOP-N7K85DJ" name="AUW_Test_Case_dev.AUW_CallUpdate" tests="2" failures="0" timestamp="4 Mar 2022 12:50:00 GMT" time="122.251" errors="0">
  <testcase name="main" time="57.676" classname="AUW_Test_Case_dev.AUW_CallUpdate"/>
  <testcase name="main" time="64.575" classname="AUW_Test_Case_dev.AUW_CallUpdate"/>
</testsuite> <!-- AUW_Test_Case_dev.AUW_CallUpdate -->
