<?xml version="1.0" encoding="UTF-8"?>
<!-- Generated by org.testng.reporters.JUnitReportReporter -->
<testsuite hostname="DESKTOP-N7K85DJ" name="Adler_TestCases_Development.Home" tests="1" failures="0" timestamp="9 Jun 2022 14:42:54 GMT" time="35.091" errors="0">
  <testcase name="main_Home_Page" time="35.091" classname="Adler_TestCases_Development.Home"/>
</testsuite> <!-- Adler_TestCases_Development.Home -->
