<?xml version="1.0" encoding="UTF-8"?>
<!-- Generated by org.testng.reporters.JUnitReportReporter -->
<testsuite hostname="DESKTOP-N7K85DJ" name="Warranty_Test_Case_Dev.Our_Partner" tests="12" failures="0" timestamp="23 Dec 2021 12:43:52 GMT" time="1032.427" errors="0">
  <testcase name="Partner5" time="86.544" classname="Warranty_Test_Case_Dev.Our_Partner"/>
  <testcase name="Partner4" time="95.184" classname="Warranty_Test_Case_Dev.Our_Partner"/>
  <testcase name="Partner3" time="87.608" classname="Warranty_Test_Case_Dev.Our_Partner"/>
  <testcase name="Partner4" time="84.059" classname="Warranty_Test_Case_Dev.Our_Partner"/>
  <testcase name="Partner1" time="85.810" classname="Warranty_Test_Case_Dev.Our_Partner"/>
  <testcase name="Partner6" time="85.504" classname="Warranty_Test_Case_Dev.Our_Partner"/>
  <testcase name="Partner3" time="86.815" classname="Warranty_Test_Case_Dev.Our_Partner"/>
  <testcase name="Partner2" time="84.277" classname="Warranty_Test_Case_Dev.Our_Partner"/>
  <testcase name="Partner1" time="81.012" classname="Warranty_Test_Case_Dev.Our_Partner"/>
  <testcase name="Partner5" time="81.732" classname="Warranty_Test_Case_Dev.Our_Partner"/>
  <testcase name="Partner2" time="87.947" classname="Warranty_Test_Case_Dev.Our_Partner"/>
  <testcase name="Partner6" time="85.935" classname="Warranty_Test_Case_Dev.Our_Partner"/>
</testsuite> <!-- Warranty_Test_Case_Dev.Our_Partner -->
