<?xml version="1.0" encoding="UTF-8"?>
<!-- Generated by org.testng.reporters.JUnitReportReporter -->
<testsuite hostname="DESKTOP-N7K85DJ" name="AUW_Global_Test_Cases_Development.Home_Page_TC" tests="2" failures="0" timestamp="24 Feb 2022 15:18:06 GMT" time="63.433" errors="0">
  <testcase name="HomePage" time="35.258" classname="AUW_Global_Test_Cases_Development.Home_Page_TC"/>
  <testcase name="HomePage" time="28.175" classname="AUW_Global_Test_Cases_Development.Home_Page_TC"/>
</testsuite> <!-- AUW_Global_Test_Cases_Development.Home_Page_TC -->
