<?xml version="1.0" encoding="UTF-8"?>
<!-- Generated by org.testng.reporters.JUnitReportReporter -->
<testsuite hostname="DESKTOP-N7K85DJ" name="Adler_TestCases_Development.Home" tests="2" failures="0" timestamp="28 Dec 2021 09:27:57 GMT" time="61.126" errors="0">
  <testcase name="main_Home_Page" time="28.793" classname="Adler_TestCases_Development.Home"/>
  <testcase name="main_Home_Page" time="32.333" classname="Adler_TestCases_Development.Home"/>
</testsuite> <!-- Adler_TestCases_Development.Home -->
