<?xml version="1.0" encoding="UTF-8"?>
<!-- Generated by org.testng.reporters.JUnitReportReporter -->
<testsuite hostname="DESKTOP-N7K85DJ" name="AUW_Test_case_prod.AUW_Experience" tests="2" failures="0" timestamp="1 Apr 2022 10:47:35 GMT" time="691.545" errors="0">
  <testcase name="main" time="373.420" classname="AUW_Test_case_prod.AUW_Experience"/>
  <testcase name="main" time="318.125" classname="AUW_Test_case_prod.AUW_Experience"/>
</testsuite> <!-- AUW_Test_case_prod.AUW_Experience -->
