<?xml version="1.0" encoding="UTF-8"?>
<!-- Generated by org.testng.reporters.JUnitReportReporter -->
<testsuite hostname="DESKTOP-N7K85DJ" name="AUW_Test_Case_dev.AUW_Intelligence_TC" tests="2" failures="0" timestamp="15 Dec 2021 09:54:42 GMT" time="182.194" errors="0">
  <testcase name="main" time="90.996" classname="AUW_Test_Case_dev.AUW_Intelligence_TC"/>
  <testcase name="main" time="91.198" classname="AUW_Test_Case_dev.AUW_Intelligence_TC"/>
</testsuite> <!-- AUW_Test_Case_dev.AUW_Intelligence_TC -->
