<?xml version="1.0" encoding="UTF-8"?>
<!-- Generated by org.testng.reporters.JUnitReportReporter -->
<testsuite hostname="DESKTOP-N7K85DJ" name="AUW_Test_case_prod.AUW_AboutUS" tests="2" failures="0" timestamp="11 Mar 2022 13:55:32 GMT" time="298.648" errors="0">
  <testcase name="AboutUS" time="75.921" classname="AUW_Test_case_prod.AUW_AboutUS"/>
  <testcase name="AboutUS" time="222.727" classname="AUW_Test_case_prod.AUW_AboutUS"/>
</testsuite> <!-- AUW_Test_case_prod.AUW_AboutUS -->
