<?xml version="1.0" encoding="UTF-8"?>
<!-- Generated by org.testng.reporters.JUnitReportReporter -->
<testsuite hostname="DESKTOP-N7K85DJ" name="Adler_TestCases_Development.Home" tests="2" failures="0" timestamp="24 Feb 2022 15:18:07 GMT" time="73.414" errors="0">
  <testcase name="main_Home_Page" time="32.516" classname="Adler_TestCases_Development.Home"/>
  <testcase name="main_Home_Page" time="40.898" classname="Adler_TestCases_Development.Home"/>
</testsuite> <!-- Adler_TestCases_Development.Home -->
