<?xml version="1.0" encoding="UTF-8"?>
<!-- Generated by org.testng.reporters.JUnitReportReporter -->
<testsuite hostname="DESKTOP-N7K85DJ" name="Adler_TestCases_Development.Home" tests="2" failures="0" timestamp="25 Feb 2022 13:22:59 GMT" time="69.845" errors="0">
  <testcase name="main_Home_Page" time="31.299" classname="Adler_TestCases_Development.Home"/>
  <testcase name="main_Home_Page" time="38.546" classname="Adler_TestCases_Development.Home"/>
</testsuite> <!-- Adler_TestCases_Development.Home -->
