<?xml version="1.0" encoding="UTF-8"?>
<!-- Generated by org.testng.reporters.JUnitReportReporter -->
<testsuite hostname="DESKTOP-N7K85DJ" name="Speciality_underwriters_Test_Case_Dev.About_Us" tests="2" failures="0" timestamp="12 Apr 2022 05:27:58 GMT" time="43.190" errors="0">
  <testcase name="Footer" time="23.206" classname="Speciality_underwriters_Test_Case_Dev.About_Us"/>
  <testcase name="Footer" time="19.984" classname="Speciality_underwriters_Test_Case_Dev.About_Us"/>
</testsuite> <!-- Speciality_underwriters_Test_Case_Dev.About_Us -->
