<?xml version="1.0" encoding="UTF-8"?>
<!-- Generated by org.testng.reporters.JUnitReportReporter -->
<testsuite hostname="DESKTOP-N7K85DJ" name="Adler_TestCases_Prod.Home" tests="2" failures="0" timestamp="1 Mar 2022 12:40:42 GMT" time="85.001" errors="0">
  <testcase name="main_Home_Page" time="33.888" classname="Adler_TestCases_Prod.Home"/>
  <testcase name="main_Home_Page" time="51.113" classname="Adler_TestCases_Prod.Home"/>
</testsuite> <!-- Adler_TestCases_Prod.Home -->
