<?xml version="1.0" encoding="UTF-8"?>
<!-- Generated by org.testng.reporters.JUnitReportReporter -->
<testsuite hostname="DESKTOP-N7K85DJ" name="AUW_Test_Case_dev.AUW_header_web_Development" tests="2" failures="0" timestamp="10 Feb 2022 13:28:21 GMT" time="200.421" errors="0">
  <testcase name="main" time="67.188" classname="AUW_Test_Case_dev.AUW_header_web_Development"/>
  <testcase name="main" time="133.233" classname="AUW_Test_Case_dev.AUW_header_web_Development"/>
</testsuite> <!-- AUW_Test_Case_dev.AUW_header_web_Development -->
