<?xml version="1.0" encoding="UTF-8"?>
<!-- Generated by org.testng.reporters.JUnitReportReporter -->
<testsuite hostname="DESKTOP-N7K85DJ" name="Casuality_Prod_TC.Menu_Press_Room" tests="2" failures="0" timestamp="27 Apr 2022 11:15:08 GMT" time="179.053" errors="0">
  <testcase name="HomePage" time="116.138" classname="Casuality_Prod_TC.Menu_Press_Room"/>
  <testcase name="HomePage" time="62.915" classname="Casuality_Prod_TC.Menu_Press_Room"/>
</testsuite> <!-- Casuality_Prod_TC.Menu_Press_Room -->
