<?xml version="1.0" encoding="UTF-8"?>
<!-- Generated by org.testng.reporters.JUnitReportReporter -->
<testsuite hostname="DESKTOP-N7K85DJ" name="Careers_Test_case_Development.Footer" tests="2" failures="0" timestamp="14 Jan 2022 10:44:32 GMT" time="245.619" errors="0">
  <testcase name="AUW_Footer" time="106.715" classname="Careers_Test_case_Development.Footer"/>
  <testcase name="AUW_Footer" time="138.904" classname="Careers_Test_case_Development.Footer"/>
</testsuite> <!-- Careers_Test_case_Development.Footer -->
