<?xml version="1.0" encoding="UTF-8"?>
<!-- Generated by org.testng.reporters.JUnitReportReporter -->
<testsuite hostname="DESKTOP-N7K85DJ" name="AUW_Test_case_prod.AUW_Experience" tests="2" failures="0" timestamp="8 Apr 2022 08:47:38 GMT" time="721.723" errors="0">
  <testcase name="main" time="344.032" classname="AUW_Test_case_prod.AUW_Experience"/>
  <testcase name="main" time="377.691" classname="AUW_Test_case_prod.AUW_Experience"/>
</testsuite> <!-- AUW_Test_case_prod.AUW_Experience -->
