<?xml version="1.0" encoding="UTF-8"?>
<!-- Generated by org.testng.reporters.JUnitReportReporter -->
<testsuite hostname="DESKTOP-N7K85DJ" name="AUW_Test_case_prod.AUW_Intelligence_TC" tests="2" failures="0" timestamp="7 Mar 2022 11:16:52 GMT" time="249.361" errors="0">
  <testcase name="main" time="146.884" classname="AUW_Test_case_prod.AUW_Intelligence_TC"/>
  <testcase name="main" time="102.477" classname="AUW_Test_case_prod.AUW_Intelligence_TC"/>
</testsuite> <!-- AUW_Test_case_prod.AUW_Intelligence_TC -->
