<?xml version="1.0" encoding="UTF-8"?>
<!-- Generated by org.testng.reporters.JUnitReportReporter -->
<testsuite hostname="DESKTOP-N7K85DJ" name="Careers_Test_case_Prod.Footer" tests="10" failures="0" timestamp="15 Dec 2021 11:56:30 GMT" time="202.976" errors="0">
  <testcase name="AUW_Instagram" time="14.952" classname="Careers_Test_case_Prod.Footer"/>
  <testcase name="AUW_twitter" time="15.620" classname="Careers_Test_case_Prod.Footer"/>
  <testcase name="AUW_Instagram" time="18.875" classname="Careers_Test_case_Prod.Footer"/>
  <testcase name="AUW_Facebook" time="21.175" classname="Careers_Test_case_Prod.Footer"/>
  <testcase name="AUW_Policy" time="31.754" classname="Careers_Test_case_Prod.Footer"/>
  <testcase name="AUW_Facebook" time="23.783" classname="Careers_Test_case_Prod.Footer"/>
  <testcase name="AUW_Linkedin" time="11.978" classname="Careers_Test_case_Prod.Footer"/>
  <testcase name="AUW_Policy" time="29.046" classname="Careers_Test_case_Prod.Footer"/>
  <testcase name="AUW_Linkedin" time="16.029" classname="Careers_Test_case_Prod.Footer"/>
  <testcase name="AUW_twitter" time="19.764" classname="Careers_Test_case_Prod.Footer"/>
</testsuite> <!-- Careers_Test_case_Prod.Footer -->
