<?xml version="1.0" encoding="UTF-8"?>
<!-- Generated by org.testng.reporters.JUnitReportReporter -->
<testsuite hostname="DESKTOP-N7K85DJ" name="Warranty_Test_Case_Dev.About_US" tests="2" failures="0" timestamp="12 Apr 2022 05:52:43 GMT" time="109.210" errors="0">
  <testcase name="Home_page" time="52.856" classname="Warranty_Test_Case_Dev.About_US"/>
  <testcase name="Home_page" time="56.354" classname="Warranty_Test_Case_Dev.About_US"/>
</testsuite> <!-- Warranty_Test_Case_Dev.About_US -->
