<?xml version="1.0" encoding="UTF-8"?>
<!-- Generated by org.testng.reporters.JUnitReportReporter -->
<testsuite hostname="DESKTOP-N7K85DJ" name="AFL_Test_Cases_Dev.HomePage_TC_dev" tests="2" failures="0" timestamp="23 Dec 2021 12:43:52 GMT" time="300.124" errors="0">
  <testcase name="Home_Page" time="149.960" classname="AFL_Test_Cases_Dev.HomePage_TC_dev"/>
  <testcase name="Home_Page" time="150.164" classname="AFL_Test_Cases_Dev.HomePage_TC_dev"/>
</testsuite> <!-- AFL_Test_Cases_Dev.HomePage_TC_dev -->
