<?xml version="1.0" encoding="UTF-8"?>
<!-- Generated by org.testng.reporters.JUnitReportReporter -->
<testsuite hostname="DESKTOP-N7K85DJ" name="MTL_Test_Cases_Prod.More_offers_TC" tests="2" failures="0" timestamp="27 Jan 2022 13:33:16 GMT" time="138.326" errors="0">
  <testcase name="More_offers" time="77.628" classname="MTL_Test_Cases_Prod.More_offers_TC"/>
  <testcase name="More_offers" time="60.698" classname="MTL_Test_Cases_Prod.More_offers_TC"/>
</testsuite> <!-- MTL_Test_Cases_Prod.More_offers_TC -->
