<?xml version="1.0" encoding="UTF-8"?>
<!-- Generated by org.testng.reporters.JUnitReportReporter -->
<testsuite hostname="DESKTOP-N7K85DJ" name="Careers_Test_case_Development.Side_Heading1" tests="1" failures="0" timestamp="15 Dec 2021 09:54:42 GMT" time="123.843" errors="0">
  <testcase name="Side_Heading" time="123.843" classname="Careers_Test_case_Development.Side_Heading1"/>
</testsuite> <!-- Careers_Test_case_Development.Side_Heading1 -->
