<?xml version="1.0" encoding="UTF-8"?>
<!-- Generated by org.testng.reporters.JUnitReportReporter -->
<testsuite hostname="DESKTOP-N7K85DJ" name="AUW_Test_case_prod.AUW_PPP" tests="2" failures="0" timestamp="7 Mar 2022 11:16:52 GMT" time="116.421" errors="0">
  <testcase name="main" time="29.745" classname="AUW_Test_case_prod.AUW_PPP"/>
  <testcase name="main" time="86.676" classname="AUW_Test_case_prod.AUW_PPP"/>
</testsuite> <!-- AUW_Test_case_prod.AUW_PPP -->
