<?xml version="1.0" encoding="UTF-8"?>
<!-- Generated by org.testng.reporters.JUnitReportReporter -->
<testsuite hostname="DESKTOP-N7K85DJ" name="Adler_TestCases_Prod.Home" tests="2" failures="0" timestamp="2 Mar 2022 14:47:22 GMT" time="68.709" errors="0">
  <testcase name="main_Home_Page" time="34.805" classname="Adler_TestCases_Prod.Home"/>
  <testcase name="main_Home_Page" time="33.904" classname="Adler_TestCases_Prod.Home"/>
</testsuite> <!-- Adler_TestCases_Prod.Home -->
