<?xml version="1.0" encoding="UTF-8"?>
<!-- Generated by org.testng.reporters.JUnitReportReporter -->
<testsuite hostname="DESKTOP-N7K85DJ" name="AUW_Test_Case_dev.AUW_header_web_Development" tests="2" failures="0" timestamp="4 Jan 2022 11:14:57 GMT" time="133.879" errors="0">
  <testcase name="main" time="69.654" classname="AUW_Test_Case_dev.AUW_header_web_Development"/>
  <testcase name="main" time="64.225" classname="AUW_Test_Case_dev.AUW_header_web_Development"/>
</testsuite> <!-- AUW_Test_Case_dev.AUW_header_web_Development -->
