<?xml version="1.0" encoding="UTF-8"?>
<!-- Generated by org.testng.reporters.JUnitReportReporter -->
<testsuite hostname="DESKTOP-N7K85DJ" name="Adler_TestCases_Development.News" tests="1" failures="0" timestamp="21 Feb 2022 15:55:43 GMT" time="139.656" errors="0">
  <testcase name="main_Home_Page" time="139.656" classname="Adler_TestCases_Development.News"/>
</testsuite> <!-- Adler_TestCases_Development.News -->
