<?xml version="1.0" encoding="UTF-8"?>
<!-- Generated by org.testng.reporters.JUnitReportReporter -->
<testsuite hostname="DESKTOP-N7K85DJ" name="AUW_Test_case_prod.AUW_NJ_Update" tests="2" failures="0" timestamp="4 Feb 2022 10:36:28 GMT" time="168.566" errors="0">
  <testcase name="main" time="118.877" classname="AUW_Test_case_prod.AUW_NJ_Update"/>
  <testcase name="main" time="49.689" classname="AUW_Test_case_prod.AUW_NJ_Update"/>
</testsuite> <!-- AUW_Test_case_prod.AUW_NJ_Update -->
