<?xml version="1.0" encoding="UTF-8"?>
<!-- Generated by org.testng.reporters.JUnitReportReporter -->
<testsuite hostname="DESKTOP-N7K85DJ" name="MTL_Test_Cases_Prod.More_offers_TC" tests="2" failures="0" timestamp="8 Apr 2022 08:47:38 GMT" time="124.193" errors="0">
  <testcase name="More_offers" time="72.579" classname="MTL_Test_Cases_Prod.More_offers_TC"/>
  <testcase name="More_offers" time="51.614" classname="MTL_Test_Cases_Prod.More_offers_TC"/>
</testsuite> <!-- MTL_Test_Cases_Prod.More_offers_TC -->
