<?xml version="1.0" encoding="UTF-8"?>
<!-- Generated by org.testng.reporters.JUnitReportReporter -->
<testsuite hostname="DESKTOP-N7K85DJ" name="Solution_one_Prod.Side_Heading_Production" tests="5" failures="0" timestamp="22 Apr 2022 10:04:10 GMT" time="621.720" errors="0">
  <testcase name="Side_Heading_Four" time="131.688" classname="Solution_one_Prod.Side_Heading_Production"/>
  <testcase name="Side_Heading_Two" time="140.378" classname="Solution_one_Prod.Side_Heading_Production"/>
  <testcase name="Side_Heading_One" time="135.000" classname="Solution_one_Prod.Side_Heading_Production"/>
  <testcase name="Side_Heading_Five" time="119.195" classname="Solution_one_Prod.Side_Heading_Production"/>
  <testcase name="Side_Heading_Three" time="95.459" classname="Solution_one_Prod.Side_Heading_Production"/>
</testsuite> <!-- Solution_one_Prod.Side_Heading_Production -->
