<?xml version="1.0" encoding="UTF-8"?>
<!-- Generated by org.testng.reporters.JUnitReportReporter -->
<testsuite hostname="DESKTOP-N7K85DJ" name="Pinnacle_Test_Cases_Production.HomePage_TC" tests="2" failures="0" timestamp="8 Apr 2022 08:47:38 GMT" time="215.922" errors="0">
  <testcase name="main_Home_Page" time="57.669" classname="Pinnacle_Test_Cases_Production.HomePage_TC"/>
  <testcase name="main_Home_Page" time="158.253" classname="Pinnacle_Test_Cases_Production.HomePage_TC"/>
</testsuite> <!-- Pinnacle_Test_Cases_Production.HomePage_TC -->
