<?xml version="1.0" encoding="UTF-8"?>
<!-- Generated by org.testng.reporters.JUnitReportReporter -->
<testsuite hostname="DESKTOP-N7K85DJ" name="MTL_Test_Cases_Prod.Home_URL" tests="2" failures="0" timestamp="10 May 2022 11:54:17 GMT" time="110.452" errors="0">
  <testcase name="Footer" time="44.467" classname="MTL_Test_Cases_Prod.Home_URL"/>
  <testcase name="Footer" time="65.985" classname="MTL_Test_Cases_Prod.Home_URL"/>
</testsuite> <!-- MTL_Test_Cases_Prod.Home_URL -->
