<?xml version="1.0" encoding="UTF-8"?>
<!-- Generated by org.testng.reporters.JUnitReportReporter -->
<testsuite hostname="DESKTOP-N7K85DJ" name="Warranty_Test_Case_Dev.About_US" tests="2" failures="0" timestamp="15 Dec 2021 09:54:42 GMT" time="78.149" errors="0">
  <testcase name="Home_page" time="41.317" classname="Warranty_Test_Case_Dev.About_US"/>
  <testcase name="Home_page" time="36.832" classname="Warranty_Test_Case_Dev.About_US"/>
</testsuite> <!-- Warranty_Test_Case_Dev.About_US -->
