<?xml version="1.0" encoding="UTF-8"?>
<!-- Generated by org.testng.reporters.JUnitReportReporter -->
<testsuite hostname="DESKTOP-N7K85DJ" name="AUW_Test_case_prod.AUW_AboutUS" tests="2" failures="0" timestamp="16 Dec 2021 09:47:07 GMT" time="139.087" errors="0">
  <testcase name="AboutUS" time="67.183" classname="AUW_Test_case_prod.AUW_AboutUS"/>
  <testcase name="AboutUS" time="71.904" classname="AUW_Test_case_prod.AUW_AboutUS"/>
</testsuite> <!-- AUW_Test_case_prod.AUW_AboutUS -->
