<?xml version="1.0" encoding="UTF-8"?>
<!-- Generated by org.testng.reporters.JUnitReportReporter -->
<testsuite hostname="DESKTOP-N7K85DJ" name="MTL_Test_Cases_Prod.Home_URL" tests="2" failures="0" timestamp="18 Feb 2022 14:06:49 GMT" time="105.511" errors="0">
  <testcase name="Footer" time="55.223" classname="MTL_Test_Cases_Prod.Home_URL"/>
  <testcase name="Footer" time="50.288" classname="MTL_Test_Cases_Prod.Home_URL"/>
</testsuite> <!-- MTL_Test_Cases_Prod.Home_URL -->
