<?xml version="1.0" encoding="UTF-8"?>
<!-- Generated by org.testng.reporters.JUnitReportReporter -->
<testsuite hostname="DESKTOP-N7K85DJ" name="Speciality_underwriters_Test_Case_Prod.Contact_US_TC" tests="2" failures="0" timestamp="7 Feb 2022 13:48:18 GMT" time="60.455" errors="0">
  <testcase name="Footer" time="31.740" classname="Speciality_underwriters_Test_Case_Prod.Contact_US_TC"/>
  <testcase name="Footer" time="28.715" classname="Speciality_underwriters_Test_Case_Prod.Contact_US_TC"/>
</testsuite> <!-- Speciality_underwriters_Test_Case_Prod.Contact_US_TC -->
