<?xml version="1.0" encoding="UTF-8"?>
<!-- Generated by org.testng.reporters.JUnitReportReporter -->
<testsuite hostname="DESKTOP-N7K85DJ" name="AUW_Test_case_prod.AUW_PPP" tests="2" failures="0" timestamp="5 May 2022 09:54:47 GMT" time="75.957" errors="0">
  <testcase name="main" time="26.631" classname="AUW_Test_case_prod.AUW_PPP"/>
  <testcase name="main" time="49.326" classname="AUW_Test_case_prod.AUW_PPP"/>
</testsuite> <!-- AUW_Test_case_prod.AUW_PPP -->
