<?xml version="1.0" encoding="UTF-8"?>
<!-- Generated by org.testng.reporters.JUnitReportReporter -->
<testsuite hostname="DESKTOP-N7K85DJ" name="Adler_TestCases_Prod.News" tests="2" failures="0" timestamp="2 May 2022 07:01:07 GMT" time="294.836" errors="0">
  <testcase name="main_Home_Page" time="125.724" classname="Adler_TestCases_Prod.News"/>
  <testcase name="main_Home_Page" time="169.112" classname="Adler_TestCases_Prod.News"/>
</testsuite> <!-- Adler_TestCases_Prod.News -->
