<?xml version="1.0" encoding="UTF-8"?>
<!-- Generated by org.testng.reporters.JUnitReportReporter -->
<testsuite hostname="DESKTOP-N7K85DJ" name="Speciality_underwriters_Test_Case_Prod.Contact_US_TC" tests="2" failures="0" timestamp="24 Dec 2021 14:37:44 GMT" time="50.555" errors="0">
  <testcase name="Footer" time="27.945" classname="Speciality_underwriters_Test_Case_Prod.Contact_US_TC"/>
  <testcase name="Footer" time="22.610" classname="Speciality_underwriters_Test_Case_Prod.Contact_US_TC"/>
</testsuite> <!-- Speciality_underwriters_Test_Case_Prod.Contact_US_TC -->
