<?xml version="1.0" encoding="UTF-8"?>
<!-- Generated by org.testng.reporters.JUnitReportReporter -->
<testsuite hostname="DESKTOP-N7K85DJ" name="Warranty_Test_Case_Prod.About_US" tests="2" failures="0" timestamp="25 Jan 2022 14:00:35 GMT" time="131.035" errors="0">
  <testcase name="Home_page" time="42.150" classname="Warranty_Test_Case_Prod.About_US"/>
  <testcase name="Home_page" time="88.885" classname="Warranty_Test_Case_Prod.About_US"/>
</testsuite> <!-- Warranty_Test_Case_Prod.About_US -->
