<?xml version="1.0" encoding="UTF-8"?>
<!-- Generated by org.testng.reporters.JUnitReportReporter -->
<testsuite hostname="DESKTOP-N7K85DJ" name="Solution_one_Prod.Footer_Production" tests="2" failures="0" timestamp="16 Feb 2022 08:42:47 GMT" time="249.238" errors="0">
  <testcase name="Footer" time="186.049" classname="Solution_one_Prod.Footer_Production"/>
  <testcase name="Footer" time="63.189" classname="Solution_one_Prod.Footer_Production"/>
</testsuite> <!-- Solution_one_Prod.Footer_Production -->
