<?xml version="1.0" encoding="UTF-8"?>
<!-- Generated by org.testng.reporters.JUnitReportReporter -->
<testsuite hostname="DESKTOP-N7K85DJ" name="AUW_Test_case_prod.AUW_header_web_Prod" tests="2" failures="0" timestamp="15 Mar 2022 10:17:10 GMT" time="126.514" errors="0">
  <testcase name="main" time="66.476" classname="AUW_Test_case_prod.AUW_header_web_Prod"/>
  <testcase name="main" time="60.038" classname="AUW_Test_case_prod.AUW_header_web_Prod"/>
</testsuite> <!-- AUW_Test_case_prod.AUW_header_web_Prod -->
