<?xml version="1.0" encoding="UTF-8"?>
<!-- Generated by org.testng.reporters.JUnitReportReporter -->
<testsuite hostname="DESKTOP-N7K85DJ" name="AUW_Test_case_prod.AUW_Experience" tests="2" failures="0" timestamp="3 Mar 2022 14:31:02 GMT" time="792.014" errors="0">
  <testcase name="main" time="476.078" classname="AUW_Test_case_prod.AUW_Experience"/>
  <testcase name="main" time="315.936" classname="AUW_Test_case_prod.AUW_Experience"/>
</testsuite> <!-- AUW_Test_case_prod.AUW_Experience -->
