<?xml version="1.0" encoding="UTF-8"?>
<!-- Generated by org.testng.reporters.JUnitReportReporter -->
<testsuite hostname="DESKTOP-N7K85DJ" name="AUW_Test_case_prod.AUW_Experience" tests="2" failures="0" timestamp="22 Mar 2022 09:50:23 GMT" time="776.512" errors="0">
  <testcase name="main" time="317.603" classname="AUW_Test_case_prod.AUW_Experience"/>
  <testcase name="main" time="458.909" classname="AUW_Test_case_prod.AUW_Experience"/>
</testsuite> <!-- AUW_Test_case_prod.AUW_Experience -->
