<?xml version="1.0" encoding="UTF-8"?>
<!-- Generated by org.testng.reporters.JUnitReportReporter -->
<testsuite hostname="DESKTOP-N7K85DJ" name="Solution_one_Prod.Footer_Production" tests="2" failures="0" timestamp="16 Mar 2022 12:48:23 GMT" time="195.386" errors="0">
  <testcase name="Footer" time="60.644" classname="Solution_one_Prod.Footer_Production"/>
  <testcase name="Footer" time="134.742" classname="Solution_one_Prod.Footer_Production"/>
</testsuite> <!-- Solution_one_Prod.Footer_Production -->
