<?xml version="1.0" encoding="UTF-8"?>
<!-- Generated by org.testng.reporters.JUnitReportReporter -->
<testsuite hostname="DESKTOP-N7K85DJ" name="AUW_Test_case_prod.AUW_Intelligence_TC" tests="2" failures="0" timestamp="23 Mar 2022 12:03:18 GMT" time="274.081" errors="0">
  <testcase name="main" time="93.200" classname="AUW_Test_case_prod.AUW_Intelligence_TC"/>
  <testcase name="main" time="180.881" classname="AUW_Test_case_prod.AUW_Intelligence_TC"/>
</testsuite> <!-- AUW_Test_case_prod.AUW_Intelligence_TC -->
