<?xml version="1.0" encoding="UTF-8"?>
<!-- Generated by org.testng.reporters.JUnitReportReporter -->
<testsuite hostname="DESKTOP-N7K85DJ" name="Speciality_underwriters_Test_Case_Prod.What_We_offer" tests="2" failures="0" timestamp="14 Mar 2022 11:17:46 GMT" time="118.393" errors="0">
  <testcase name="Footer" time="40.680" classname="Speciality_underwriters_Test_Case_Prod.What_We_offer"/>
  <testcase name="Footer" time="77.713" classname="Speciality_underwriters_Test_Case_Prod.What_We_offer"/>
</testsuite> <!-- Speciality_underwriters_Test_Case_Prod.What_We_offer -->
