<?xml version="1.0" encoding="UTF-8"?>
<!-- Generated by org.testng.reporters.JUnitReportReporter -->
<testsuite hostname="DESKTOP-N7K85DJ" name="AUW_Test_case_prod.AUW_Intelligence_TC" tests="2" failures="0" timestamp="8 Apr 2022 08:47:38 GMT" time="208.733" errors="0">
  <testcase name="main" time="119.587" classname="AUW_Test_case_prod.AUW_Intelligence_TC"/>
  <testcase name="main" time="89.146" classname="AUW_Test_case_prod.AUW_Intelligence_TC"/>
</testsuite> <!-- AUW_Test_case_prod.AUW_Intelligence_TC -->
