<?xml version="1.0" encoding="UTF-8"?>
<!-- Generated by org.testng.reporters.JUnitReportReporter -->
<testsuite hostname="DESKTOP-N7K85DJ" name="Casuality_Prod_TC.Home_page" tests="2" failures="0" timestamp="11 Mar 2022 13:55:32 GMT" time="172.754" errors="0">
  <testcase name="HomePage" time="74.521" classname="Casuality_Prod_TC.Home_page"/>
  <testcase name="HomePage" time="98.233" classname="Casuality_Prod_TC.Home_page"/>
</testsuite> <!-- Casuality_Prod_TC.Home_page -->
