<?xml version="1.0" encoding="UTF-8"?>
<!-- Generated by org.testng.reporters.JUnitReportReporter -->
<testsuite hostname="DESKTOP-N7K85DJ" name="Adler_TestCases_Development.Home" tests="2" failures="0" timestamp="8 Mar 2022 10:47:11 GMT" time="78.726" errors="0">
  <testcase name="main_Home_Page" time="36.513" classname="Adler_TestCases_Development.Home"/>
  <testcase name="main_Home_Page" time="42.213" classname="Adler_TestCases_Development.Home"/>
</testsuite> <!-- Adler_TestCases_Development.Home -->
