<?xml version="1.0" encoding="UTF-8"?>
<!-- Generated by org.testng.reporters.JUnitReportReporter -->
<testsuite hostname="DESKTOP-N7K85DJ" name="AFL_Test_Case_Prod.Footer_TC" tests="2" failures="0" timestamp="4 Mar 2022 11:36:24 GMT" time="152.197" errors="0">
  <testcase name="Footer" time="74.760" classname="AFL_Test_Case_Prod.Footer_TC"/>
  <testcase name="Footer" time="77.437" classname="AFL_Test_Case_Prod.Footer_TC"/>
</testsuite> <!-- AFL_Test_Case_Prod.Footer_TC -->
