<?xml version="1.0" encoding="UTF-8"?>
<!-- Generated by org.testng.reporters.JUnitReportReporter -->
<testsuite hostname="DESKTOP-N7K85DJ" name="AFL_Test_Case_Prod.HomePage_TC" tests="2" failures="0" timestamp="10 May 2022 11:54:17 GMT" time="358.559" errors="0">
  <testcase name="Home_Page" time="121.202" classname="AFL_Test_Case_Prod.HomePage_TC"/>
  <testcase name="Home_Page" time="237.357" classname="AFL_Test_Case_Prod.HomePage_TC"/>
</testsuite> <!-- AFL_Test_Case_Prod.HomePage_TC -->
