<?xml version="1.0" encoding="UTF-8"?>
<!-- Generated by org.testng.reporters.JUnitReportReporter -->
<testsuite hostname="DESKTOP-N7K85DJ" name="Casuality_Prod_TC.Home_page" tests="2" failures="0" timestamp="5 May 2022 09:54:47 GMT" time="200.363" errors="0">
  <testcase name="HomePage" time="76.031" classname="Casuality_Prod_TC.Home_page"/>
  <testcase name="HomePage" time="124.332" classname="Casuality_Prod_TC.Home_page"/>
</testsuite> <!-- Casuality_Prod_TC.Home_page -->
