<?xml version="1.0" encoding="UTF-8"?>
<!-- Generated by org.testng.reporters.JUnitReportReporter -->
<testsuite hostname="DESKTOP-N7K85DJ" name="AUW_Test_Case_dev.AUW_Intelligence_TC" tests="2" failures="0" timestamp="9 Dec 2021 11:12:25 GMT" time="179.515" errors="0">
  <testcase name="main" time="88.974" classname="AUW_Test_Case_dev.AUW_Intelligence_TC"/>
  <testcase name="main" time="90.541" classname="AUW_Test_Case_dev.AUW_Intelligence_TC"/>
</testsuite> <!-- AUW_Test_Case_dev.AUW_Intelligence_TC -->
