<?xml version="1.0" encoding="UTF-8"?>
<!-- Generated by org.testng.reporters.JUnitReportReporter -->
<testsuite hostname="DESKTOP-N7K85DJ" name="AUW_Test_Case_dev.AUW_Experience" tests="2" failures="0" timestamp="17 Feb 2022 14:18:50 GMT" time="751.104" errors="0">
  <testcase name="main" time="388.826" classname="AUW_Test_Case_dev.AUW_Experience"/>
  <testcase name="main" time="362.278" classname="AUW_Test_Case_dev.AUW_Experience"/>
</testsuite> <!-- AUW_Test_Case_dev.AUW_Experience -->
