<?xml version="1.0" encoding="UTF-8"?>
<!-- Generated by org.testng.reporters.JUnitReportReporter -->
<testsuite hostname="DESKTOP-N7K85DJ" name="AUW_Test_case_prod.AUW_header_web_Prod" tests="2" failures="0" timestamp="22 Apr 2022 10:04:10 GMT" time="119.029" errors="0">
  <testcase name="main" time="61.423" classname="AUW_Test_case_prod.AUW_header_web_Prod"/>
  <testcase name="main" time="57.606" classname="AUW_Test_case_prod.AUW_header_web_Prod"/>
</testsuite> <!-- AUW_Test_case_prod.AUW_header_web_Prod -->
