<?xml version="1.0" encoding="UTF-8"?>
<!-- Generated by org.testng.reporters.JUnitReportReporter -->
<testsuite hostname="DESKTOP-N7K85DJ" name="Promesa_Test_Case_Prod.Footer" tests="10" failures="0" timestamp="22 Dec 2021 09:39:17 GMT" time="228.565" errors="0">
  <testcase name="Footer_linkedin" time="13.663" classname="Promesa_Test_Case_Prod.Footer"/>
  <testcase name="Footer_PrivacyPolicy" time="28.810" classname="Promesa_Test_Case_Prod.Footer"/>
  <testcase name="Footer_linkedin" time="20.298" classname="Promesa_Test_Case_Prod.Footer"/>
  <testcase name="Footer_PrivacyPolicy" time="33.302" classname="Promesa_Test_Case_Prod.Footer"/>
  <testcase name="Footer_instagram" time="20.766" classname="Promesa_Test_Case_Prod.Footer"/>
  <testcase name="Footer_twitter" time="16.722" classname="Promesa_Test_Case_Prod.Footer"/>
  <testcase name="Footer_instagram" time="15.681" classname="Promesa_Test_Case_Prod.Footer"/>
  <testcase name="Footer_twitter" time="20.425" classname="Promesa_Test_Case_Prod.Footer"/>
  <testcase name="Footer_facebook" time="27.189" classname="Promesa_Test_Case_Prod.Footer"/>
  <testcase name="Footer_facebook" time="31.709" classname="Promesa_Test_Case_Prod.Footer"/>
</testsuite> <!-- Promesa_Test_Case_Prod.Footer -->
