<?xml version="1.0" encoding="UTF-8"?>
<!-- Generated by org.testng.reporters.JUnitReportReporter -->
<testsuite hostname="DESKTOP-N7K85DJ" name="AUW_Test_case_prod.AUW_PPP" tests="2" failures="0" timestamp="24 Dec 2021 14:37:44 GMT" time="58.451" errors="0">
  <testcase name="main" time="32.620" classname="AUW_Test_case_prod.AUW_PPP"/>
  <testcase name="main" time="25.831" classname="AUW_Test_case_prod.AUW_PPP"/>
</testsuite> <!-- AUW_Test_case_prod.AUW_PPP -->
