<?xml version="1.0" encoding="UTF-8"?>
<!-- Generated by org.testng.reporters.JUnitReportReporter -->
<testsuite hostname="DESKTOP-N7K85DJ" name="Adler_TestCases_Prod.Home" tests="2" failures="0" timestamp="18 Feb 2022 14:06:49 GMT" time="86.765" errors="0">
  <testcase name="main_Home_Page" time="33.643" classname="Adler_TestCases_Prod.Home"/>
  <testcase name="main_Home_Page" time="53.122" classname="Adler_TestCases_Prod.Home"/>
</testsuite> <!-- Adler_TestCases_Prod.Home -->
