<?xml version="1.0" encoding="UTF-8"?>
<!-- Generated by org.testng.reporters.JUnitReportReporter -->
<testsuite hostname="DESKTOP-N7K85DJ" name="AFL_Test_Case_Prod.Footer_TC" tests="2" failures="0" timestamp="25 Apr 2022 10:19:01 GMT" time="184.397" errors="0">
  <testcase name="Footer" time="75.269" classname="AFL_Test_Case_Prod.Footer_TC"/>
  <testcase name="Footer" time="109.128" classname="AFL_Test_Case_Prod.Footer_TC"/>
</testsuite> <!-- AFL_Test_Case_Prod.Footer_TC -->
