<?xml version="1.0" encoding="UTF-8"?>
<!-- Generated by org.testng.reporters.JUnitReportReporter -->
<testsuite hostname="DESKTOP-N7K85DJ" name="Warranty_Test_Case_Dev.Our_Partner" tests="12" failures="0" timestamp="14 Jan 2022 10:44:33 GMT" time="1217.461" errors="0">
  <testcase name="Partner3" time="112.822" classname="Warranty_Test_Case_Dev.Our_Partner"/>
  <testcase name="Partner2" time="128.389" classname="Warranty_Test_Case_Dev.Our_Partner"/>
  <testcase name="Partner1" time="100.922" classname="Warranty_Test_Case_Dev.Our_Partner"/>
  <testcase name="Partner4" time="79.215" classname="Warranty_Test_Case_Dev.Our_Partner"/>
  <testcase name="Partner1" time="90.865" classname="Warranty_Test_Case_Dev.Our_Partner"/>
  <testcase name="Partner2" time="107.494" classname="Warranty_Test_Case_Dev.Our_Partner"/>
  <testcase name="Partner3" time="96.589" classname="Warranty_Test_Case_Dev.Our_Partner"/>
  <testcase name="Partner4" time="123.200" classname="Warranty_Test_Case_Dev.Our_Partner"/>
  <testcase name="Partner5" time="81.959" classname="Warranty_Test_Case_Dev.Our_Partner"/>
  <testcase name="Partner6" time="83.453" classname="Warranty_Test_Case_Dev.Our_Partner"/>
  <testcase name="Partner5" time="133.085" classname="Warranty_Test_Case_Dev.Our_Partner"/>
  <testcase name="Partner6" time="79.468" classname="Warranty_Test_Case_Dev.Our_Partner"/>
</testsuite> <!-- Warranty_Test_Case_Dev.Our_Partner -->
