<?xml version="1.0" encoding="UTF-8"?>
<!-- Generated by org.testng.reporters.JUnitReportReporter -->
<testsuite hostname="DESKTOP-N7K85DJ" name="Casuality_Prod_TC.Menu_Press_Room" tests="2" failures="0" timestamp="8 Mar 2022 09:14:17 GMT" time="151.860" errors="0">
  <testcase name="HomePage" time="87.754" classname="Casuality_Prod_TC.Menu_Press_Room"/>
  <testcase name="HomePage" time="64.106" classname="Casuality_Prod_TC.Menu_Press_Room"/>
</testsuite> <!-- Casuality_Prod_TC.Menu_Press_Room -->
