<?xml version="1.0" encoding="UTF-8"?>
<!-- Generated by org.testng.reporters.JUnitReportReporter -->
<testsuite hostname="DESKTOP-N7K85DJ" name="AUW_Test_case_prod.AUW_header_web_Prod" tests="2" failures="0" timestamp="14 Mar 2022 11:43:39 GMT" time="146.899" errors="0">
  <testcase name="main" time="90.237" classname="AUW_Test_case_prod.AUW_header_web_Prod"/>
  <testcase name="main" time="56.662" classname="AUW_Test_case_prod.AUW_header_web_Prod"/>
</testsuite> <!-- AUW_Test_case_prod.AUW_header_web_Prod -->
