<?xml version="1.0" encoding="UTF-8"?>
<!-- Generated by org.testng.reporters.JUnitReportReporter -->
<testsuite hostname="DESKTOP-N7K85DJ" name="AUW_Test_case_prod.AUW_Intelligence_TC" tests="2" failures="0" timestamp="15 Mar 2022 10:17:10 GMT" time="233.169" errors="0">
  <testcase name="main" time="140.769" classname="AUW_Test_case_prod.AUW_Intelligence_TC"/>
  <testcase name="main" time="92.400" classname="AUW_Test_case_prod.AUW_Intelligence_TC"/>
</testsuite> <!-- AUW_Test_case_prod.AUW_Intelligence_TC -->
