<?xml version="1.0" encoding="UTF-8"?>
<!-- Generated by org.testng.reporters.JUnitReportReporter -->
<testsuite hostname="DESKTOP-N7K85DJ" name="Tradewel_Test_Cases_Production.About_US" tests="2" failures="0" timestamp="26 Apr 2022 09:47:26 GMT" time="134.673" errors="0">
  <testcase name="main_Home_Page" time="45.309" classname="Tradewel_Test_Cases_Production.About_US"/>
  <testcase name="main_Home_Page" time="89.364" classname="Tradewel_Test_Cases_Production.About_US"/>
</testsuite> <!-- Tradewel_Test_Cases_Production.About_US -->
