<?xml version="1.0" encoding="UTF-8"?>
<!-- Generated by org.testng.reporters.JUnitReportReporter -->
<testsuite hostname="DESKTOP-N7K85DJ" name="AFL_Test_Cases_Dev.HomePage_TC_dev" tests="2" failures="0" timestamp="8 Mar 2022 10:47:11 GMT" time="294.882" errors="0">
  <testcase name="Home_Page" time="149.673" classname="AFL_Test_Cases_Dev.HomePage_TC_dev"/>
  <testcase name="Home_Page" time="145.209" classname="AFL_Test_Cases_Dev.HomePage_TC_dev"/>
</testsuite> <!-- AFL_Test_Cases_Dev.HomePage_TC_dev -->
