<?xml version="1.0" encoding="UTF-8"?>
<!-- Generated by org.testng.reporters.JUnitReportReporter -->
<testsuite hostname="DESKTOP-N7K85DJ" name="Casuality_Prod_TC.Menu_Press_Room" tests="2" failures="0" timestamp="22 Apr 2022 10:04:10 GMT" time="168.737" errors="0">
  <testcase name="HomePage" time="107.308" classname="Casuality_Prod_TC.Menu_Press_Room"/>
  <testcase name="HomePage" time="61.429" classname="Casuality_Prod_TC.Menu_Press_Room"/>
</testsuite> <!-- Casuality_Prod_TC.Menu_Press_Room -->
