<?xml version="1.0" encoding="UTF-8"?>
<!-- Generated by org.testng.reporters.JUnitReportReporter -->
<testsuite hostname="DESKTOP-N7K85DJ" name="AUW_Test_Case_dev.AUW_Intelligence_TC" tests="2" failures="0" timestamp="4 Apr 2022 06:52:09 GMT" time="207.229" errors="0">
  <testcase name="main" time="103.617" classname="AUW_Test_Case_dev.AUW_Intelligence_TC"/>
  <testcase name="main" time="103.612" classname="AUW_Test_Case_dev.AUW_Intelligence_TC"/>
</testsuite> <!-- AUW_Test_Case_dev.AUW_Intelligence_TC -->
