<?xml version="1.0" encoding="UTF-8"?>
<!-- Generated by org.testng.reporters.JUnitReportReporter -->
<testsuite hostname="DESKTOP-N7K85DJ" name="Warranty_Test_Case_Prod.Contact_US" tests="2" failures="0" timestamp="26 Apr 2022 09:47:26 GMT" time="275.295" errors="0">
  <testcase name="ContactUS" time="52.631" classname="Warranty_Test_Case_Prod.Contact_US"/>
  <testcase name="ContactUS" time="222.664" classname="Warranty_Test_Case_Prod.Contact_US"/>
</testsuite> <!-- Warranty_Test_Case_Prod.Contact_US -->
