<?xml version="1.0" encoding="UTF-8"?>
<!-- Generated by org.testng.reporters.JUnitReportReporter -->
<testsuite hostname="DESKTOP-N7K85DJ" name="Solution_one_Development.Footer_Develop" tests="2" failures="0" timestamp="23 Dec 2021 12:43:52 GMT" time="135.745" errors="0">
  <testcase name="Footer" time="68.366" classname="Solution_one_Development.Footer_Develop"/>
  <testcase name="Footer" time="67.379" classname="Solution_one_Development.Footer_Develop"/>
</testsuite> <!-- Solution_one_Development.Footer_Develop -->
