<?xml version="1.0" encoding="UTF-8"?>
<!-- Generated by org.testng.reporters.JUnitReportReporter -->
<testsuite hostname="DESKTOP-N7K85DJ" name="Casuality_Dev_TC.Menu_Contact_Us" tests="2" failures="0" timestamp="7 Mar 2022 16:52:16 GMT" time="55.659" errors="0">
  <testcase name="HomePage" time="26.334" classname="Casuality_Dev_TC.Menu_Contact_Us"/>
  <testcase name="HomePage" time="29.325" classname="Casuality_Dev_TC.Menu_Contact_Us"/>
</testsuite> <!-- Casuality_Dev_TC.Menu_Contact_Us -->
