<?xml version="1.0" encoding="UTF-8"?>
<!-- Generated by org.testng.reporters.JUnitReportReporter -->
<testsuite hostname="DESKTOP-N7K85DJ" name="Aerospace_TestCases_Development.Home_TC" tests="2" failures="0" timestamp="27 Jun 2022 10:19:01 GMT" time="105.684" errors="0">
  <testcase name="Home_Page_main" time="56.663" classname="Aerospace_TestCases_Development.Home_TC"/>
  <testcase name="Home_Page_main" time="49.021" classname="Aerospace_TestCases_Development.Home_TC"/>
</testsuite> <!-- Aerospace_TestCases_Development.Home_TC -->
