<?xml version="1.0" encoding="UTF-8"?>
<!-- Generated by org.testng.reporters.JUnitReportReporter -->
<testsuite hostname="DESKTOP-N7K85DJ" name="Promesa_Test_Case_Prod.Footer" tests="10" failures="0" timestamp="16 Feb 2022 08:42:47 GMT" time="279.343" errors="0">
  <testcase name="Footer_twitter" time="35.646" classname="Promesa_Test_Case_Prod.Footer"/>
  <testcase name="Footer_instagram" time="20.956" classname="Promesa_Test_Case_Prod.Footer"/>
  <testcase name="Footer_twitter" time="18.900" classname="Promesa_Test_Case_Prod.Footer"/>
  <testcase name="Footer_PrivacyPolicy" time="32.654" classname="Promesa_Test_Case_Prod.Footer"/>
  <testcase name="Footer_PrivacyPolicy" time="49.526" classname="Promesa_Test_Case_Prod.Footer"/>
  <testcase name="Footer_facebook" time="35.274" classname="Promesa_Test_Case_Prod.Footer"/>
  <testcase name="Footer_instagram" time="18.371" classname="Promesa_Test_Case_Prod.Footer"/>
  <testcase name="Footer_linkedin" time="19.581" classname="Promesa_Test_Case_Prod.Footer"/>
  <testcase name="Footer_facebook" time="30.010" classname="Promesa_Test_Case_Prod.Footer"/>
  <testcase name="Footer_linkedin" time="18.425" classname="Promesa_Test_Case_Prod.Footer"/>
</testsuite> <!-- Promesa_Test_Case_Prod.Footer -->
