<?xml version="1.0" encoding="UTF-8"?>
<!-- Generated by org.testng.reporters.JUnitReportReporter -->
<testsuite hostname="DESKTOP-N7K85DJ" name="AUW_Test_case_prod.AUW_CallUpdate" tests="2" failures="0" timestamp="15 Mar 2022 10:17:10 GMT" time="158.702" errors="0">
  <testcase name="main" time="53.680" classname="AUW_Test_case_prod.AUW_CallUpdate"/>
  <testcase name="main" time="105.022" classname="AUW_Test_case_prod.AUW_CallUpdate"/>
</testsuite> <!-- AUW_Test_case_prod.AUW_CallUpdate -->
