<?xml version="1.0" encoding="UTF-8"?>
<!-- Generated by org.testng.reporters.JUnitReportReporter -->
<testsuite hostname="DESKTOP-N7K85DJ" name="JumboGC_Test_case_Devlopment.Header_footer" tests="10" failures="0" timestamp="21 Feb 2022 15:12:15 GMT" time="518.450" errors="0">
  <testcase name="Footer_Instagram" time="50.478" classname="JumboGC_Test_case_Devlopment.Header_footer"/>
  <testcase name="Header_Login" time="41.282" classname="JumboGC_Test_case_Devlopment.Header_footer"/>
  <testcase name="Footer_Facebook" time="42.429" classname="JumboGC_Test_case_Devlopment.Header_footer"/>
  <testcase name="Footer_Instagram" time="54.552" classname="JumboGC_Test_case_Devlopment.Header_footer"/>
  <testcase name="Footer_linkedIN" time="48.821" classname="JumboGC_Test_case_Devlopment.Header_footer"/>
  <testcase name="Footer_Privacy" time="56.566" classname="JumboGC_Test_case_Devlopment.Header_footer"/>
  <testcase name="Footer_Privacy" time="63.651" classname="JumboGC_Test_case_Devlopment.Header_footer"/>
  <testcase name="Footer_linkedIN" time="47.768" classname="JumboGC_Test_case_Devlopment.Header_footer"/>
  <testcase name="Header_Login" time="36.402" classname="JumboGC_Test_case_Devlopment.Header_footer"/>
  <testcase name="Footer_Facebook" time="76.501" classname="JumboGC_Test_case_Devlopment.Header_footer"/>
</testsuite> <!-- JumboGC_Test_case_Devlopment.Header_footer -->
