<?xml version="1.0" encoding="UTF-8"?>
<!-- Generated by org.testng.reporters.JUnitReportReporter -->
<testsuite hostname="DESKTOP-N7K85DJ" name="AFL_Test_Cases_Dev.What_We_offer_OutSideUs_dev" tests="2" failures="0" timestamp="14 Jan 2022 10:44:33 GMT" time="756.626" errors="0">
  <testcase name="Footer" time="425.291" classname="AFL_Test_Cases_Dev.What_We_offer_OutSideUs_dev"/>
  <testcase name="Footer" time="331.335" classname="AFL_Test_Cases_Dev.What_We_offer_OutSideUs_dev"/>
</testsuite> <!-- AFL_Test_Cases_Dev.What_We_offer_OutSideUs_dev -->
