<?xml version="1.0" encoding="UTF-8"?>
<!-- Generated by org.testng.reporters.JUnitReportReporter -->
<testsuite hostname="DESKTOP-N7K85DJ" name="AFL_Test_Cases_Dev.ContactUS_OutsideUS_dev" tests="2" failures="0" timestamp="24 Jan 2022 11:23:12 GMT" time="84.338" errors="0">
  <testcase name="ContactUs_Page" time="33.164" classname="AFL_Test_Cases_Dev.ContactUS_OutsideUS_dev"/>
  <testcase name="ContactUs_Page" time="51.174" classname="AFL_Test_Cases_Dev.ContactUS_OutsideUS_dev"/>
</testsuite> <!-- AFL_Test_Cases_Dev.ContactUS_OutsideUS_dev -->
