<?xml version="1.0" encoding="UTF-8"?>
<!-- Generated by org.testng.reporters.JUnitReportReporter -->
<testsuite hostname="DESKTOP-N7K85DJ" name="Careers_Test_case_Development.Footer" tests="2" failures="0" timestamp="4 Apr 2022 06:52:09 GMT" time="185.476" errors="0">
  <testcase name="AUW_Footer" time="94.565" classname="Careers_Test_case_Development.Footer"/>
  <testcase name="AUW_Footer" time="90.911" classname="Careers_Test_case_Development.Footer"/>
</testsuite> <!-- Careers_Test_case_Development.Footer -->
