<?xml version="1.0" encoding="UTF-8"?>
<!-- Generated by org.testng.reporters.JUnitReportReporter -->
<testsuite hostname="DESKTOP-N7K85DJ" name="MTL_Test_Cases_Prod.More_offers_TC" tests="2" failures="0" timestamp="23 Feb 2022 11:40:24 GMT" time="120.612" errors="0">
  <testcase name="More_offers" time="60.502" classname="MTL_Test_Cases_Prod.More_offers_TC"/>
  <testcase name="More_offers" time="60.110" classname="MTL_Test_Cases_Prod.More_offers_TC"/>
</testsuite> <!-- MTL_Test_Cases_Prod.More_offers_TC -->
