<?xml version="1.0" encoding="UTF-8"?>
<!-- Generated by org.testng.reporters.JUnitReportReporter -->
<testsuite hostname="DESKTOP-N7K85DJ" name="Promesa_Test_Case_Development.FAQ" tests="1" failures="0" timestamp="24 Feb 2022 15:18:07 GMT" time="34.691" errors="0">
  <testcase name="Siheading_2" time="34.691" classname="Promesa_Test_Case_Development.FAQ"/>
</testsuite> <!-- Promesa_Test_Case_Development.FAQ -->
