<?xml version="1.0" encoding="UTF-8"?>
<!-- Generated by org.testng.reporters.JUnitReportReporter -->
<testsuite hostname="DESKTOP-N7K85DJ" name="AUW_Test_case_prod.AUW_Experience" tests="2" failures="0" timestamp="7 Mar 2022 11:16:52 GMT" time="688.614" errors="0">
  <testcase name="main" time="373.086" classname="AUW_Test_case_prod.AUW_Experience"/>
  <testcase name="main" time="315.528" classname="AUW_Test_case_prod.AUW_Experience"/>
</testsuite> <!-- AUW_Test_case_prod.AUW_Experience -->
