<?xml version="1.0" encoding="UTF-8"?>
<!-- Generated by org.testng.reporters.JUnitReportReporter -->
<testsuite hostname="DESKTOP-N7K85DJ" name="Solution_one_Development.Footer_Develop" tests="2" failures="0" timestamp="11 Feb 2022 10:29:05 GMT" time="225.599" errors="0">
  <testcase name="Footer" time="107.985" classname="Solution_one_Development.Footer_Develop"/>
  <testcase name="Footer" time="117.614" classname="Solution_one_Development.Footer_Develop"/>
</testsuite> <!-- Solution_one_Development.Footer_Develop -->
