<?xml version="1.0" encoding="UTF-8"?>
<!-- Generated by org.testng.reporters.JUnitReportReporter -->
<testsuite hostname="DESKTOP-N7K85DJ" name="AFL_Test_Case_Prod.HomePage_TC" tests="2" failures="0" timestamp="25 Jan 2022 14:00:35 GMT" time="295.531" errors="0">
  <testcase name="Home_Page" time="178.500" classname="AFL_Test_Case_Prod.HomePage_TC"/>
  <testcase name="Home_Page" time="117.031" classname="AFL_Test_Case_Prod.HomePage_TC"/>
</testsuite> <!-- AFL_Test_Case_Prod.HomePage_TC -->
