<?xml version="1.0" encoding="UTF-8"?>
<!-- Generated by org.testng.reporters.JUnitReportReporter -->
<testsuite hostname="DESKTOP-N7K85DJ" name="Tradewel_Test_Cases_Production.comprehensive_Protection" tests="1" failures="0" timestamp="4 Mar 2022 11:36:24 GMT" time="177.597" errors="0">
  <testcase name="Comprehensive" time="177.597" classname="Tradewel_Test_Cases_Production.comprehensive_Protection"/>
</testsuite> <!-- Tradewel_Test_Cases_Production.comprehensive_Protection -->
