<?xml version="1.0" encoding="UTF-8"?>
<!-- Generated by org.testng.reporters.JUnitReportReporter -->
<testsuite hostname="DESKTOP-N7K85DJ" name="Warranty_Test_Case_Dev.About_US" tests="2" failures="0" timestamp="21 Feb 2022 15:32:25 GMT" time="104.763" errors="0">
  <testcase name="Home_page" time="49.998" classname="Warranty_Test_Case_Dev.About_US"/>
  <testcase name="Home_page" time="54.765" classname="Warranty_Test_Case_Dev.About_US"/>
</testsuite> <!-- Warranty_Test_Case_Dev.About_US -->
