<?xml version="1.0" encoding="UTF-8"?>
<!-- Generated by org.testng.reporters.JUnitReportReporter -->
<testsuite hostname="DESKTOP-N7K85DJ" name="Careers_Test_case_Prod.Footer" tests="5" failures="0" timestamp="4 Jan 2022 15:30:45 GMT" time="129.391" errors="0">
  <testcase name="AUW_Linkedin" time="19.478" classname="Careers_Test_case_Prod.Footer"/>
  <testcase name="AUW_Instagram" time="19.438" classname="Careers_Test_case_Prod.Footer"/>
  <testcase name="AUW_Policy" time="37.033" classname="Careers_Test_case_Prod.Footer"/>
  <testcase name="AUW_twitter" time="20.359" classname="Careers_Test_case_Prod.Footer"/>
  <testcase name="AUW_Facebook" time="33.083" classname="Careers_Test_case_Prod.Footer"/>
</testsuite> <!-- Careers_Test_case_Prod.Footer -->
