<?xml version="1.0" encoding="UTF-8"?>
<!-- Generated by org.testng.reporters.JUnitReportReporter -->
<testsuite hostname="DESKTOP-N7K85DJ" name="AUW_Test_case_prod.AUW_PPP" tests="2" failures="0" timestamp="22 Dec 2021 09:39:17 GMT" time="55.008" errors="0">
  <testcase name="main" time="30.322" classname="AUW_Test_case_prod.AUW_PPP"/>
  <testcase name="main" time="24.686" classname="AUW_Test_case_prod.AUW_PPP"/>
</testsuite> <!-- AUW_Test_case_prod.AUW_PPP -->
