<?xml version="1.0" encoding="UTF-8"?>
<!-- Generated by org.testng.reporters.JUnitReportReporter -->
<testsuite hostname="DESKTOP-N7K85DJ" name="Adler_TestCases_Prod.News" tests="2" failures="0" timestamp="5 May 2022 09:54:47 GMT" time="295.234" errors="0">
  <testcase name="main_Home_Page" time="126.363" classname="Adler_TestCases_Prod.News"/>
  <testcase name="main_Home_Page" time="168.871" classname="Adler_TestCases_Prod.News"/>
</testsuite> <!-- Adler_TestCases_Prod.News -->
