<?xml version="1.0" encoding="UTF-8"?>
<!-- Generated by org.testng.reporters.JUnitReportReporter -->
<testsuite hostname="DESKTOP-N7K85DJ" name="MTL_Test_Cases_Prod.Home_URL" tests="2" failures="0" timestamp="5 Jan 2022 10:13:38 GMT" time="115.138" errors="0">
  <testcase name="Footer" time="51.721" classname="MTL_Test_Cases_Prod.Home_URL"/>
  <testcase name="Footer" time="63.417" classname="MTL_Test_Cases_Prod.Home_URL"/>
</testsuite> <!-- MTL_Test_Cases_Prod.Home_URL -->
