<?xml version="1.0" encoding="UTF-8"?>
<!-- Generated by org.testng.reporters.JUnitReportReporter -->
<testsuite hostname="DESKTOP-N7K85DJ" name="Adler_TestCases_Prod.Home" tests="2" failures="0" timestamp="25 Jan 2022 14:00:35 GMT" time="107.320" errors="0">
  <testcase name="main_Home_Page" time="74.223" classname="Adler_TestCases_Prod.Home"/>
  <testcase name="main_Home_Page" time="33.097" classname="Adler_TestCases_Prod.Home"/>
</testsuite> <!-- Adler_TestCases_Prod.Home -->
