<?xml version="1.0" encoding="UTF-8"?>
<!-- Generated by org.testng.reporters.JUnitReportReporter -->
<testsuite hostname="DESKTOP-N7K85DJ" name="Warranty_Test_Case_Prod.Partner_With_US" tests="2" failures="0" timestamp="31 Mar 2022 12:54:40 GMT" time="37.443" errors="0">
  <testcase name="partner" time="20.727" classname="Warranty_Test_Case_Prod.Partner_With_US"/>
  <testcase name="partner" time="16.716" classname="Warranty_Test_Case_Prod.Partner_With_US"/>
</testsuite> <!-- Warranty_Test_Case_Prod.Partner_With_US -->
