<?xml version="1.0" encoding="UTF-8"?>
<!-- Generated by org.testng.reporters.JUnitReportReporter -->
<testsuite hostname="DESKTOP-N7K85DJ" name="Careers_Test_case_Development.Footer" tests="2" failures="0" timestamp="5 Jan 2022 12:51:26 GMT" time="207.586" errors="0">
  <testcase name="AUW_Footer" time="95.724" classname="Careers_Test_case_Development.Footer"/>
  <testcase name="AUW_Footer" time="111.862" classname="Careers_Test_case_Development.Footer"/>
</testsuite> <!-- Careers_Test_case_Development.Footer -->
