<?xml version="1.0" encoding="UTF-8"?>
<!-- Generated by org.testng.reporters.JUnitReportReporter -->
<testsuite hostname="DESKTOP-N7K85DJ" name="Casuality_Prod_TC.Home_page" tests="2" failures="0" timestamp="23 May 2022 09:46:44 GMT" time="160.137" errors="0">
  <testcase name="HomePage" time="74.461" classname="Casuality_Prod_TC.Home_page"/>
  <testcase name="HomePage" time="85.676" classname="Casuality_Prod_TC.Home_page"/>
</testsuite> <!-- Casuality_Prod_TC.Home_page -->
