<?xml version="1.0" encoding="UTF-8"?>
<!-- Generated by org.testng.reporters.JUnitReportReporter -->
<testsuite hostname="DESKTOP-N7K85DJ" name="Casuality_Prod_TC.Home_page" tests="2" failures="0" timestamp="2 Mar 2022 14:47:22 GMT" time="172.067" errors="0">
  <testcase name="HomePage" time="96.198" classname="Casuality_Prod_TC.Home_page"/>
  <testcase name="HomePage" time="75.869" classname="Casuality_Prod_TC.Home_page"/>
</testsuite> <!-- Casuality_Prod_TC.Home_page -->
