<?xml version="1.0" encoding="UTF-8"?>
<!-- Generated by org.testng.reporters.JUnitReportReporter -->
<testsuite hostname="DESKTOP-N7K85DJ" name="AUW_Test_case_prod.AUW_PPP" tests="2" failures="0" timestamp="15 Mar 2022 10:17:10 GMT" time="75.684" errors="0">
  <testcase name="main" time="28.195" classname="AUW_Test_case_prod.AUW_PPP"/>
  <testcase name="main" time="47.489" classname="AUW_Test_case_prod.AUW_PPP"/>
</testsuite> <!-- AUW_Test_case_prod.AUW_PPP -->
