<?xml version="1.0" encoding="UTF-8"?>
<!-- Generated by org.testng.reporters.JUnitReportReporter -->
<testsuite hostname="DESKTOP-N7K85DJ" name="Adler_TestCases_Prod.Home" tests="2" failures="0" timestamp="30 Dec 2021 15:02:05 GMT" time="56.642" errors="0">
  <testcase name="main_Home_Page" time="26.658" classname="Adler_TestCases_Prod.Home"/>
  <testcase name="main_Home_Page" time="29.984" classname="Adler_TestCases_Prod.Home"/>
</testsuite> <!-- Adler_TestCases_Prod.Home -->
