<?xml version="1.0" encoding="UTF-8"?>
<!-- Generated by org.testng.reporters.JUnitReportReporter -->
<testsuite hostname="DESKTOP-N7K85DJ" name="Warranty_Test_Case_Prod.Partner_With_US" tests="2" failures="0" timestamp="12 Jan 2022 15:20:27 GMT" time="124.832" errors="0">
  <testcase name="partner" time="102.259" classname="Warranty_Test_Case_Prod.Partner_With_US"/>
  <testcase name="partner" time="22.573" classname="Warranty_Test_Case_Prod.Partner_With_US"/>
</testsuite> <!-- Warranty_Test_Case_Prod.Partner_With_US -->
