<?xml version="1.0" encoding="UTF-8"?>
<!-- Generated by org.testng.reporters.JUnitReportReporter -->
<testsuite hostname="DESKTOP-N7K85DJ" name="Casuality_Prod_TC.Menu_Press_Room" tests="2" failures="0" timestamp="25 Feb 2022 12:26:47 GMT" time="156.099" errors="0">
  <testcase name="HomePage" time="92.164" classname="Casuality_Prod_TC.Menu_Press_Room"/>
  <testcase name="HomePage" time="63.935" classname="Casuality_Prod_TC.Menu_Press_Room"/>
</testsuite> <!-- Casuality_Prod_TC.Menu_Press_Room -->
