<?xml version="1.0" encoding="UTF-8"?>
<!-- Generated by org.testng.reporters.JUnitReportReporter -->
<testsuite hostname="DESKTOP-N7K85DJ" name="Adler_TestCases_Prod.News" tests="2" failures="0" timestamp="4 Mar 2022 11:36:24 GMT" time="286.577" errors="0">
  <testcase name="main_Home_Page" time="131.324" classname="Adler_TestCases_Prod.News"/>
  <testcase name="main_Home_Page" time="155.253" classname="Adler_TestCases_Prod.News"/>
</testsuite> <!-- Adler_TestCases_Prod.News -->
