<?xml version="1.0" encoding="UTF-8"?>
<!-- Generated by org.testng.reporters.JUnitReportReporter -->
<testsuite hostname="DESKTOP-N7K85DJ" name="Pinnacle_Test_Cases_Production.HomePage_TC" tests="2" failures="0" timestamp="2 May 2022 07:01:07 GMT" time="169.148" errors="0">
  <testcase name="main_Home_Page" time="112.463" classname="Pinnacle_Test_Cases_Production.HomePage_TC"/>
  <testcase name="main_Home_Page" time="56.685" classname="Pinnacle_Test_Cases_Production.HomePage_TC"/>
</testsuite> <!-- Pinnacle_Test_Cases_Production.HomePage_TC -->
