<?xml version="1.0" encoding="UTF-8"?>
<!-- Generated by org.testng.reporters.JUnitReportReporter -->
<testsuite hostname="DESKTOP-N7K85DJ" name="Promesa_Test_Case_Prod.Footer" tests="10" failures="0" timestamp="8 Mar 2022 09:14:16 GMT" time="415.039" errors="0">
  <testcase name="Footer_facebook" time="28.754" classname="Promesa_Test_Case_Prod.Footer"/>
  <testcase name="Footer_linkedin" time="49.041" classname="Promesa_Test_Case_Prod.Footer"/>
  <testcase name="Footer_twitter" time="99.468" classname="Promesa_Test_Case_Prod.Footer"/>
  <testcase name="Footer_PrivacyPolicy" time="28.589" classname="Promesa_Test_Case_Prod.Footer"/>
  <testcase name="Footer_facebook" time="67.499" classname="Promesa_Test_Case_Prod.Footer"/>
  <testcase name="Footer_twitter" time="16.062" classname="Promesa_Test_Case_Prod.Footer"/>
  <testcase name="Footer_PrivacyPolicy" time="67.381" classname="Promesa_Test_Case_Prod.Footer"/>
  <testcase name="Footer_instagram" time="24.705" classname="Promesa_Test_Case_Prod.Footer"/>
  <testcase name="Footer_linkedin" time="17.103" classname="Promesa_Test_Case_Prod.Footer"/>
  <testcase name="Footer_instagram" time="16.437" classname="Promesa_Test_Case_Prod.Footer"/>
</testsuite> <!-- Promesa_Test_Case_Prod.Footer -->
