<?xml version="1.0" encoding="UTF-8"?>
<!-- Generated by org.testng.reporters.JUnitReportReporter -->
<testsuite hostname="DESKTOP-N7K85DJ" name="AUW_Test_case_prod.AUW_CallUpdate" tests="2" failures="0" timestamp="24 Feb 2022 14:29:27 GMT" time="177.599" errors="0">
  <testcase name="main" time="53.939" classname="AUW_Test_case_prod.AUW_CallUpdate"/>
  <testcase name="main" time="123.660" classname="AUW_Test_case_prod.AUW_CallUpdate"/>
</testsuite> <!-- AUW_Test_case_prod.AUW_CallUpdate -->
