<?xml version="1.0" encoding="UTF-8"?>
<!-- Generated by org.testng.reporters.JUnitReportReporter -->
<testsuite hostname="DESKTOP-N7K85DJ" name="AUW_Test_case_prod.AUW_CallUpdate" tests="2" failures="0" timestamp="26 Apr 2022 10:56:41 GMT" time="150.098" errors="0">
  <testcase name="main" time="100.871" classname="AUW_Test_case_prod.AUW_CallUpdate"/>
  <testcase name="main" time="49.227" classname="AUW_Test_case_prod.AUW_CallUpdate"/>
</testsuite> <!-- AUW_Test_case_prod.AUW_CallUpdate -->
