<?xml version="1.0" encoding="UTF-8"?>
<!-- Generated by org.testng.reporters.JUnitReportReporter -->
<testsuite hostname="DESKTOP-N7K85DJ" name="Warranty_Test_Case_Prod.Partner_With_US" tests="2" failures="0" timestamp="30 Mar 2022 06:35:29 GMT" time="54.047" errors="0">
  <testcase name="partner" time="32.840" classname="Warranty_Test_Case_Prod.Partner_With_US"/>
  <testcase name="partner" time="21.207" classname="Warranty_Test_Case_Prod.Partner_With_US"/>
</testsuite> <!-- Warranty_Test_Case_Prod.Partner_With_US -->
