<?xml version="1.0" encoding="UTF-8"?>
<!-- Generated by org.testng.reporters.JUnitReportReporter -->
<testsuite hostname="DESKTOP-N7K85DJ" name="MTL_Test_Cases_Prod.More_offers_TC" tests="2" failures="0" timestamp="22 Mar 2022 09:50:23 GMT" time="130.977" errors="0">
  <testcase name="More_offers" time="52.231" classname="MTL_Test_Cases_Prod.More_offers_TC"/>
  <testcase name="More_offers" time="78.746" classname="MTL_Test_Cases_Prod.More_offers_TC"/>
</testsuite> <!-- MTL_Test_Cases_Prod.More_offers_TC -->
