<?xml version="1.0" encoding="UTF-8"?>
<!-- Generated by org.testng.reporters.JUnitReportReporter -->
<testsuite hostname="DESKTOP-N7K85DJ" name="AUW_Test_Case_dev.AUW_Experience" tests="2" failures="0" timestamp="18 Jan 2022 10:21:18 GMT" time="718.000" errors="0">
  <testcase name="main" time="347.607" classname="AUW_Test_Case_dev.AUW_Experience"/>
  <testcase name="main" time="370.393" classname="AUW_Test_Case_dev.AUW_Experience"/>
</testsuite> <!-- AUW_Test_Case_dev.AUW_Experience -->
