<?xml version="1.0" encoding="UTF-8"?>
<!-- Generated by org.testng.reporters.JUnitReportReporter -->
<testsuite hostname="DESKTOP-N7K85DJ" name="Promesa_Test_Case_Prod.Change_language" tests="2" failures="0" timestamp="22 Dec 2021 09:39:17 GMT" time="25.529" errors="0">
  <testcase name="Change_Language" time="15.962" classname="Promesa_Test_Case_Prod.Change_language"/>
  <testcase name="Change_Language" time="9.567" classname="Promesa_Test_Case_Prod.Change_language"/>
</testsuite> <!-- Promesa_Test_Case_Prod.Change_language -->
