<?xml version="1.0" encoding="UTF-8"?>
<!-- Generated by org.testng.reporters.JUnitReportReporter -->
<testsuite hostname="DESKTOP-N7K85DJ" name="Warranty_Test_Case_Prod.About_US" tests="2" failures="0" timestamp="18 Feb 2022 16:07:04 GMT" time="80.583" errors="0">
  <testcase name="Home_page" time="41.164" classname="Warranty_Test_Case_Prod.About_US"/>
  <testcase name="Home_page" time="39.419" classname="Warranty_Test_Case_Prod.About_US"/>
</testsuite> <!-- Warranty_Test_Case_Prod.About_US -->
