<?xml version="1.0" encoding="UTF-8"?>
<!-- Generated by org.testng.reporters.JUnitReportReporter -->
<testsuite hostname="DESKTOP-N7K85DJ" name="AUW_Test_Case_dev.Practices_CustomerSeekingCoverage" tests="2" failures="0" timestamp="12 Jan 2022 10:17:31 GMT" time="587.459" errors="0">
  <testcase name="Practices_CustomerSeekingCoverage" time="304.200" classname="AUW_Test_Case_dev.Practices_CustomerSeekingCoverage"/>
  <testcase name="Practices_CustomerSeekingCoverage" time="283.259" classname="AUW_Test_Case_dev.Practices_CustomerSeekingCoverage"/>
</testsuite> <!-- AUW_Test_Case_dev.Practices_CustomerSeekingCoverage -->
