<?xml version="1.0" encoding="UTF-8"?>
<!-- Generated by org.testng.reporters.JUnitReportReporter -->
<testsuite hostname="DESKTOP-N7K85DJ" name="Casuality_Dev_TC.Menu_Contact_Us" tests="2" failures="0" timestamp="8 Mar 2022 10:47:11 GMT" time="73.011" errors="0">
  <testcase name="HomePage" time="43.070" classname="Casuality_Dev_TC.Menu_Contact_Us"/>
  <testcase name="HomePage" time="29.941" classname="Casuality_Dev_TC.Menu_Contact_Us"/>
</testsuite> <!-- Casuality_Dev_TC.Menu_Contact_Us -->
