<?xml version="1.0" encoding="UTF-8"?>
<!-- Generated by org.testng.reporters.JUnitReportReporter -->
<testsuite hostname="DESKTOP-N7K85DJ" name="AUW_Test_Case_dev.AUW_Experience" tests="2" failures="0" timestamp="7 Mar 2022 12:41:03 GMT" time="770.248" errors="0">
  <testcase name="main" time="354.386" classname="AUW_Test_Case_dev.AUW_Experience"/>
  <testcase name="main" time="415.862" classname="AUW_Test_Case_dev.AUW_Experience"/>
</testsuite> <!-- AUW_Test_Case_dev.AUW_Experience -->
