<?xml version="1.0" encoding="UTF-8"?>
<!-- Generated by org.testng.reporters.JUnitReportReporter -->
<testsuite hostname="DESKTOP-N7K85DJ" name="Adler_TestCases_Prod.News" tests="2" failures="0" timestamp="16 Feb 2022 08:42:47 GMT" time="507.411" errors="0">
  <testcase name="main_Home_Page" time="317.498" classname="Adler_TestCases_Prod.News"/>
  <testcase name="main_Home_Page" time="189.913" classname="Adler_TestCases_Prod.News"/>
</testsuite> <!-- Adler_TestCases_Prod.News -->
