<?xml version="1.0" encoding="UTF-8"?>
<!-- Generated by org.testng.reporters.JUnitReportReporter -->
<testsuite hostname="DESKTOP-N7K85DJ" name="AFL_Test_Case_Prod.HomePage_TC" tests="2" failures="0" timestamp="31 Mar 2022 09:38:46 GMT" time="358.706" errors="0">
  <testcase name="Home_Page" time="236.228" classname="AFL_Test_Case_Prod.HomePage_TC"/>
  <testcase name="Home_Page" time="122.478" classname="AFL_Test_Case_Prod.HomePage_TC"/>
</testsuite> <!-- AFL_Test_Case_Prod.HomePage_TC -->
