<?xml version="1.0" encoding="UTF-8"?>
<!-- Generated by org.testng.reporters.JUnitReportReporter -->
<testsuite hostname="DESKTOP-N7K85DJ" name="Promesa_Test_Case_Development.Pharmacy_search" tests="2" failures="0" timestamp="28 Dec 2021 09:27:57 GMT" time="265.489" errors="0">
  <testcase name="Side_Heading_One" time="131.549" classname="Promesa_Test_Case_Development.Pharmacy_search"/>
  <testcase name="Side_Heading_One" time="133.940" classname="Promesa_Test_Case_Development.Pharmacy_search"/>
</testsuite> <!-- Promesa_Test_Case_Development.Pharmacy_search -->
