<?xml version="1.0" encoding="UTF-8"?>
<!-- Generated by org.testng.reporters.JUnitReportReporter -->
<testsuite hostname="DESKTOP-N7K85DJ" name="AUW_Test_case_prod.AUW_NJ_Update" tests="2" failures="0" timestamp="1 Mar 2022 12:40:42 GMT" time="152.268" errors="0">
  <testcase name="main" time="51.752" classname="AUW_Test_case_prod.AUW_NJ_Update"/>
  <testcase name="main" time="100.516" classname="AUW_Test_case_prod.AUW_NJ_Update"/>
</testsuite> <!-- AUW_Test_case_prod.AUW_NJ_Update -->
