<?xml version="1.0" encoding="UTF-8"?>
<!-- Generated by org.testng.reporters.JUnitReportReporter -->
<testsuite hostname="DESKTOP-N7K85DJ" name="AUW_Test_case_prod.AUW_AboutUS" tests="2" failures="0" timestamp="23 May 2022 09:46:44 GMT" time="196.536" errors="0">
  <testcase name="AboutUS" time="84.640" classname="AUW_Test_case_prod.AUW_AboutUS"/>
  <testcase name="AboutUS" time="111.896" classname="AUW_Test_case_prod.AUW_AboutUS"/>
</testsuite> <!-- AUW_Test_case_prod.AUW_AboutUS -->
