<?xml version="1.0" encoding="UTF-8"?>
<!-- Generated by org.testng.reporters.JUnitReportReporter -->
<testsuite hostname="DESKTOP-N7K85DJ" name="Warranty_Test_Case_Prod.Our_Partner" tests="12" failures="0" timestamp="18 Jan 2022 13:48:13 GMT" time="982.912" errors="0">
  <testcase name="Partner3" time="73.240" classname="Warranty_Test_Case_Prod.Our_Partner"/>
  <testcase name="Partner1" time="97.480" classname="Warranty_Test_Case_Prod.Our_Partner"/>
  <testcase name="Partner6" time="77.169" classname="Warranty_Test_Case_Prod.Our_Partner"/>
  <testcase name="Partner5" time="66.544" classname="Warranty_Test_Case_Prod.Our_Partner"/>
  <testcase name="Partner6" time="80.121" classname="Warranty_Test_Case_Prod.Our_Partner"/>
  <testcase name="Partner1" time="84.630" classname="Warranty_Test_Case_Prod.Our_Partner"/>
  <testcase name="Partner4" time="68.721" classname="Warranty_Test_Case_Prod.Our_Partner"/>
  <testcase name="Partner3" time="76.231" classname="Warranty_Test_Case_Prod.Our_Partner"/>
  <testcase name="Partner2" time="106.619" classname="Warranty_Test_Case_Prod.Our_Partner"/>
  <testcase name="Partner2" time="88.783" classname="Warranty_Test_Case_Prod.Our_Partner"/>
  <testcase name="Partner4" time="86.904" classname="Warranty_Test_Case_Prod.Our_Partner"/>
  <testcase name="Partner5" time="76.470" classname="Warranty_Test_Case_Prod.Our_Partner"/>
</testsuite> <!-- Warranty_Test_Case_Prod.Our_Partner -->
