<?xml version="1.0" encoding="UTF-8"?>
<!-- Generated by org.testng.reporters.JUnitReportReporter -->
<testsuite hostname="DESKTOP-N7K85DJ" name="Casuality_Prod_TC.Menu_Press_Room" tests="2" failures="0" timestamp="11 Mar 2022 13:55:32 GMT" time="151.239" errors="0">
  <testcase name="HomePage" time="90.307" classname="Casuality_Prod_TC.Menu_Press_Room"/>
  <testcase name="HomePage" time="60.932" classname="Casuality_Prod_TC.Menu_Press_Room"/>
</testsuite> <!-- Casuality_Prod_TC.Menu_Press_Room -->
