<?xml version="1.0" encoding="UTF-8"?>
<!-- Generated by org.testng.reporters.JUnitReportReporter -->
<testsuite hostname="DESKTOP-N7K85DJ" name="Promesa_Test_Case_Development.Footer" tests="2" failures="0" timestamp="9 Dec 2021 11:12:25 GMT" time="126.575" errors="0">
  <testcase name="Footer" time="65.138" classname="Promesa_Test_Case_Development.Footer"/>
  <testcase name="Footer" time="61.437" classname="Promesa_Test_Case_Development.Footer"/>
</testsuite> <!-- Promesa_Test_Case_Development.Footer -->
