<?xml version="1.0" encoding="UTF-8"?>
<!-- Generated by org.testng.reporters.JUnitReportReporter -->
<testsuite hostname="DESKTOP-N7K85DJ" name="Warranty_Test_Case_Dev.Our_Partner" tests="12" failures="0" timestamp="21 Feb 2022 15:32:24 GMT" time="898.911" errors="0">
  <testcase name="Partner2" time="69.596" classname="Warranty_Test_Case_Dev.Our_Partner"/>
  <testcase name="Partner5" time="68.388" classname="Warranty_Test_Case_Dev.Our_Partner"/>
  <testcase name="Partner5" time="78.148" classname="Warranty_Test_Case_Dev.Our_Partner"/>
  <testcase name="Partner3" time="69.842" classname="Warranty_Test_Case_Dev.Our_Partner"/>
  <testcase name="Partner2" time="85.224" classname="Warranty_Test_Case_Dev.Our_Partner"/>
  <testcase name="Partner4" time="70.157" classname="Warranty_Test_Case_Dev.Our_Partner"/>
  <testcase name="Partner3" time="81.074" classname="Warranty_Test_Case_Dev.Our_Partner"/>
  <testcase name="Partner1" time="70.927" classname="Warranty_Test_Case_Dev.Our_Partner"/>
  <testcase name="Partner4" time="79.463" classname="Warranty_Test_Case_Dev.Our_Partner"/>
  <testcase name="Partner6" time="67.901" classname="Warranty_Test_Case_Dev.Our_Partner"/>
  <testcase name="Partner1" time="83.341" classname="Warranty_Test_Case_Dev.Our_Partner"/>
  <testcase name="Partner6" time="74.850" classname="Warranty_Test_Case_Dev.Our_Partner"/>
</testsuite> <!-- Warranty_Test_Case_Dev.Our_Partner -->
