<?xml version="1.0" encoding="UTF-8"?>
<!-- Generated by org.testng.reporters.JUnitReportReporter -->
<testsuite hostname="DESKTOP-N7K85DJ" name="Careers_Test_case_Prod.Footer" tests="10" failures="0" timestamp="11 Mar 2022 13:55:32 GMT" time="548.258" errors="0">
  <testcase name="AUW_Linkedin" time="82.270" classname="Careers_Test_case_Prod.Footer"/>
  <testcase name="AUW_Policy" time="96.809" classname="Careers_Test_case_Prod.Footer"/>
  <testcase name="AUW_Linkedin" time="18.934" classname="Careers_Test_case_Prod.Footer"/>
  <testcase name="AUW_Facebook" time="36.380" classname="Careers_Test_case_Prod.Footer"/>
  <testcase name="AUW_Instagram" time="29.885" classname="Careers_Test_case_Prod.Footer"/>
  <testcase name="AUW_twitter" time="23.506" classname="Careers_Test_case_Prod.Footer"/>
  <testcase name="AUW_Instagram" time="90.945" classname="Careers_Test_case_Prod.Footer"/>
  <testcase name="AUW_twitter" time="57.849" classname="Careers_Test_case_Prod.Footer"/>
  <testcase name="AUW_Facebook" time="72.620" classname="Careers_Test_case_Prod.Footer"/>
  <testcase name="AUW_Policy" time="39.060" classname="Careers_Test_case_Prod.Footer"/>
</testsuite> <!-- Careers_Test_case_Prod.Footer -->
