<?xml version="1.0" encoding="UTF-8"?>
<!-- Generated by org.testng.reporters.JUnitReportReporter -->
<testsuite hostname="DESKTOP-N7K85DJ" name="AUW_Test_Case_dev.AUW_Footer_Development" tests="2" failures="0" timestamp="18 Jan 2022 10:21:18 GMT" time="217.072" errors="0">
  <testcase name="AUW_Footer" time="105.186" classname="AUW_Test_Case_dev.AUW_Footer_Development"/>
  <testcase name="AUW_Footer" time="111.886" classname="AUW_Test_Case_dev.AUW_Footer_Development"/>
</testsuite> <!-- AUW_Test_Case_dev.AUW_Footer_Development -->
