<?xml version="1.0" encoding="UTF-8"?>
<!-- Generated by org.testng.reporters.JUnitReportReporter -->
<testsuite hostname="DESKTOP-N7K85DJ" name="MTL_Test_Cases_Prod.More_offers_TC" tests="2" failures="0" timestamp="17 Mar 2022 12:33:04 GMT" time="83.809" errors="0">
  <testcase name="More_offers" time="34.493" classname="MTL_Test_Cases_Prod.More_offers_TC"/>
  <testcase name="More_offers" time="49.316" classname="MTL_Test_Cases_Prod.More_offers_TC"/>
</testsuite> <!-- MTL_Test_Cases_Prod.More_offers_TC -->
