<?xml version="1.0" encoding="UTF-8"?>
<!-- Generated by org.testng.reporters.JUnitReportReporter -->
<testsuite hostname="DESKTOP-N7K85DJ" name="Warranty_Test_Case_Prod.Partner_With_US" tests="2" failures="0" timestamp="25 Apr 2022 10:19:01 GMT" time="43.467" errors="0">
  <testcase name="partner" time="24.613" classname="Warranty_Test_Case_Prod.Partner_With_US"/>
  <testcase name="partner" time="18.854" classname="Warranty_Test_Case_Prod.Partner_With_US"/>
</testsuite> <!-- Warranty_Test_Case_Prod.Partner_With_US -->
