<?xml version="1.0" encoding="UTF-8"?>
<!-- Generated by org.testng.reporters.JUnitReportReporter -->
<testsuite hostname="DESKTOP-N7K85DJ" name="AUW_Test_case_prod.AUW_PPP" tests="2" failures="0" timestamp="21 Mar 2022 16:07:43 GMT" time="74.974" errors="0">
  <testcase name="main" time="48.871" classname="AUW_Test_case_prod.AUW_PPP"/>
  <testcase name="main" time="26.103" classname="AUW_Test_case_prod.AUW_PPP"/>
</testsuite> <!-- AUW_Test_case_prod.AUW_PPP -->
