<?xml version="1.0" encoding="UTF-8"?>
<!-- Generated by org.testng.reporters.JUnitReportReporter -->
<testsuite hostname="DESKTOP-N7K85DJ" name="AUW_Test_case_prod.AUW_PPP" tests="2" failures="0" timestamp="24 Feb 2022 14:29:27 GMT" time="93.080" errors="0">
  <testcase name="main" time="26.041" classname="AUW_Test_case_prod.AUW_PPP"/>
  <testcase name="main" time="67.039" classname="AUW_Test_case_prod.AUW_PPP"/>
</testsuite> <!-- AUW_Test_case_prod.AUW_PPP -->
