<?xml version="1.0" encoding="UTF-8"?>
<!-- Generated by org.testng.reporters.JUnitReportReporter -->
<testsuite hostname="DESKTOP-N7K85DJ" name="Careers_Test_case_Development.Footer" tests="2" failures="0" timestamp="23 Feb 2022 12:36:01 GMT" time="195.487" errors="0">
  <testcase name="AUW_Footer" time="96.634" classname="Careers_Test_case_Development.Footer"/>
  <testcase name="AUW_Footer" time="98.853" classname="Careers_Test_case_Development.Footer"/>
</testsuite> <!-- Careers_Test_case_Development.Footer -->
