<?xml version="1.0" encoding="UTF-8"?>
<!-- Generated by org.testng.reporters.JUnitReportReporter -->
<testsuite hostname="DESKTOP-N7K85DJ" name="AUW_Test_Case_dev.AUW_PPP" tests="2" failures="0" timestamp="23 Feb 2022 14:25:17 GMT" time="52.127" errors="0">
  <testcase name="main" time="27.776" classname="AUW_Test_Case_dev.AUW_PPP"/>
  <testcase name="main" time="24.351" classname="AUW_Test_Case_dev.AUW_PPP"/>
</testsuite> <!-- AUW_Test_Case_dev.AUW_PPP -->
