<?xml version="1.0" encoding="UTF-8"?>
<!-- Generated by org.testng.reporters.JUnitReportReporter -->
<testsuite hostname="DESKTOP-N7K85DJ" name="Adler_TestCases_Development.Home" tests="2" failures="0" timestamp="10 Feb 2022 13:28:21 GMT" time="115.478" errors="0">
  <testcase name="main_Home_Page" time="77.076" classname="Adler_TestCases_Development.Home"/>
  <testcase name="main_Home_Page" time="38.402" classname="Adler_TestCases_Development.Home"/>
</testsuite> <!-- Adler_TestCases_Development.Home -->
