<?xml version="1.0" encoding="UTF-8"?>
<!-- Generated by org.testng.reporters.JUnitReportReporter -->
<testsuite hostname="DESKTOP-N7K85DJ" name="AUW_Test_case_prod.AUW_CallUpdate" tests="2" failures="0" timestamp="25 Jan 2022 14:00:35 GMT" time="186.912" errors="0">
  <testcase name="main" time="131.877" classname="AUW_Test_case_prod.AUW_CallUpdate"/>
  <testcase name="main" time="55.035" classname="AUW_Test_case_prod.AUW_CallUpdate"/>
</testsuite> <!-- AUW_Test_case_prod.AUW_CallUpdate -->
