<?xml version="1.0" encoding="UTF-8"?>
<!-- Generated by org.testng.reporters.JUnitReportReporter -->
<testsuite hostname="DESKTOP-N7K85DJ" name="Casuality_Prod_TC.Menu_Contact_Us" tests="2" failures="0" timestamp="14 Mar 2022 12:30:26 GMT" time="91.084" errors="0">
  <testcase name="HomePage" time="59.474" classname="Casuality_Prod_TC.Menu_Contact_Us"/>
  <testcase name="HomePage" time="31.610" classname="Casuality_Prod_TC.Menu_Contact_Us"/>
</testsuite> <!-- Casuality_Prod_TC.Menu_Contact_Us -->
