<?xml version="1.0" encoding="UTF-8"?>
<!-- Generated by org.testng.reporters.JUnitReportReporter -->
<testsuite hostname="DESKTOP-N7K85DJ" name="Promesa_Test_Case_Prod.Change_language" tests="2" failures="0" timestamp="2 Mar 2022 14:47:22 GMT" time="23.952" errors="0">
  <testcase name="Change_Language" time="11.441" classname="Promesa_Test_Case_Prod.Change_language"/>
  <testcase name="Change_Language" time="12.511" classname="Promesa_Test_Case_Prod.Change_language"/>
</testsuite> <!-- Promesa_Test_Case_Prod.Change_language -->
