<?xml version="1.0" encoding="UTF-8"?>
<!-- Generated by org.testng.reporters.JUnitReportReporter -->
<testsuite hostname="DESKTOP-N7K85DJ" name="AUW_Test_case_prod.AUW_CallUpdate" tests="2" failures="0" timestamp="23 May 2022 09:46:43 GMT" time="133.759" errors="0">
  <testcase name="main" time="58.914" classname="AUW_Test_case_prod.AUW_CallUpdate"/>
  <testcase name="main" time="74.845" classname="AUW_Test_case_prod.AUW_CallUpdate"/>
</testsuite> <!-- AUW_Test_case_prod.AUW_CallUpdate -->
