<?xml version="1.0" encoding="UTF-8"?>
<!-- Generated by org.testng.reporters.JUnitReportReporter -->
<testsuite hostname="DESKTOP-N7K85DJ" name="AUW_Test_Case_dev.Practices_CustomerSeekingCoverage" tests="2" failures="0" timestamp="25 Feb 2022 13:56:49 GMT" time="454.851" errors="0">
  <testcase name="Practices_CustomerSeekingCoverage" time="228.053" classname="AUW_Test_Case_dev.Practices_CustomerSeekingCoverage"/>
  <testcase name="Practices_CustomerSeekingCoverage" time="226.798" classname="AUW_Test_Case_dev.Practices_CustomerSeekingCoverage"/>
</testsuite> <!-- AUW_Test_Case_dev.Practices_CustomerSeekingCoverage -->
