<?xml version="1.0" encoding="UTF-8"?>
<!-- Generated by org.testng.reporters.JUnitReportReporter -->
<testsuite hostname="DESKTOP-N7K85DJ" name="Warranty_Test_Case_Prod.About_US" tests="2" failures="0" timestamp="11 Mar 2022 13:55:32 GMT" time="121.963" errors="0">
  <testcase name="Home_page" time="75.295" classname="Warranty_Test_Case_Prod.About_US"/>
  <testcase name="Home_page" time="46.668" classname="Warranty_Test_Case_Prod.About_US"/>
</testsuite> <!-- Warranty_Test_Case_Prod.About_US -->
