<?xml version="1.0" encoding="UTF-8"?>
<!-- Generated by org.testng.reporters.JUnitReportReporter -->
<testsuite hostname="DESKTOP-N7K85DJ" name="Promesa_Test_Case_Development.Change_language" tests="2" failures="0" timestamp="28 Feb 2022 07:58:39 GMT" time="38.470" errors="0">
  <testcase name="Change_Language" time="13.365" classname="Promesa_Test_Case_Development.Change_language"/>
  <testcase name="Change_Language" time="25.105" classname="Promesa_Test_Case_Development.Change_language"/>
</testsuite> <!-- Promesa_Test_Case_Development.Change_language -->
