<?xml version="1.0" encoding="UTF-8"?>
<!-- Generated by org.testng.reporters.JUnitReportReporter -->
<testsuite hostname="DESKTOP-N7K85DJ" name="AFL_Test_Case_Prod.HomePage_TC" tests="2" failures="0" timestamp="9 Dec 2021 13:26:34 GMT" time="252.915" errors="0">
  <testcase name="Home_Page" time="120.478" classname="AFL_Test_Case_Prod.HomePage_TC"/>
  <testcase name="Home_Page" time="132.437" classname="AFL_Test_Case_Prod.HomePage_TC"/>
</testsuite> <!-- AFL_Test_Case_Prod.HomePage_TC -->
