<?xml version="1.0" encoding="UTF-8"?>
<!-- Generated by org.testng.reporters.JUnitReportReporter -->
<testsuite hostname="DESKTOP-N7K85DJ" name="AUW_Test_Case_dev.AUW_PPP" tests="2" failures="0" timestamp="15 Dec 2021 09:54:42 GMT" time="50.428" errors="0">
  <testcase name="main" time="26.519" classname="AUW_Test_Case_dev.AUW_PPP"/>
  <testcase name="main" time="23.909" classname="AUW_Test_Case_dev.AUW_PPP"/>
</testsuite> <!-- AUW_Test_Case_dev.AUW_PPP -->
