<?xml version="1.0" encoding="UTF-8"?>
<!-- Generated by org.testng.reporters.JUnitReportReporter -->
<testsuite hostname="DESKTOP-N7K85DJ" name="AUW_Test_Case_dev.AUW_CallUpdate" tests="2" failures="0" timestamp="8 Mar 2022 10:47:11 GMT" time="132.150" errors="0">
  <testcase name="main" time="63.769" classname="AUW_Test_Case_dev.AUW_CallUpdate"/>
  <testcase name="main" time="68.381" classname="AUW_Test_Case_dev.AUW_CallUpdate"/>
</testsuite> <!-- AUW_Test_Case_dev.AUW_CallUpdate -->
