<?xml version="1.0" encoding="UTF-8"?>
<!-- Generated by org.testng.reporters.JUnitReportReporter -->
<testsuite hostname="DESKTOP-N7K85DJ" name="Adler_TestCases_Prod.Home" tests="2" failures="0" timestamp="16 Dec 2021 09:47:07 GMT" time="54.403" errors="0">
  <testcase name="main_Home_Page" time="25.383" classname="Adler_TestCases_Prod.Home"/>
  <testcase name="main_Home_Page" time="29.020" classname="Adler_TestCases_Prod.Home"/>
</testsuite> <!-- Adler_TestCases_Prod.Home -->
