<?xml version="1.0" encoding="UTF-8"?>
<!-- Generated by org.testng.reporters.JUnitReportReporter -->
<testsuite hostname="DESKTOP-N7K85DJ" name="Warranty_Test_Case_Dev.About_US" tests="2" failures="0" timestamp="11 Feb 2022 14:03:17 GMT" time="160.751" errors="0">
  <testcase name="Home_page" time="70.157" classname="Warranty_Test_Case_Dev.About_US"/>
  <testcase name="Home_page" time="90.594" classname="Warranty_Test_Case_Dev.About_US"/>
</testsuite> <!-- Warranty_Test_Case_Dev.About_US -->
