<?xml version="1.0" encoding="UTF-8"?>
<!-- Generated by org.testng.reporters.JUnitReportReporter -->
<testsuite hostname="DESKTOP-N7K85DJ" name="AUW_Test_Case_dev.AUW_PPP" tests="2" failures="0" timestamp="24 Jan 2022 11:23:12 GMT" time="65.603" errors="0">
  <testcase name="main" time="32.384" classname="AUW_Test_Case_dev.AUW_PPP"/>
  <testcase name="main" time="33.219" classname="AUW_Test_Case_dev.AUW_PPP"/>
</testsuite> <!-- AUW_Test_Case_dev.AUW_PPP -->
