<?xml version="1.0" encoding="UTF-8"?>
<!-- Generated by org.testng.reporters.JUnitReportReporter -->
<testsuite hostname="DESKTOP-N7K85DJ" name="Solution_one_Development.Footer_Develop" tests="2" failures="0" timestamp="12 Jan 2022 10:17:31 GMT" time="216.760" errors="0">
  <testcase name="Footer" time="119.480" classname="Solution_one_Development.Footer_Develop"/>
  <testcase name="Footer" time="97.280" classname="Solution_one_Development.Footer_Develop"/>
</testsuite> <!-- Solution_one_Development.Footer_Develop -->
