<?xml version="1.0" encoding="UTF-8"?>
<!-- Generated by org.testng.reporters.JUnitReportReporter -->
<testsuite hostname="DESKTOP-N7K85DJ" name="Casuality_Prod_TC.Home_page" tests="2" failures="0" timestamp="11 Feb 2022 12:57:48 GMT" time="187.578" errors="0">
  <testcase name="HomePage" time="87.179" classname="Casuality_Prod_TC.Home_page"/>
  <testcase name="HomePage" time="100.399" classname="Casuality_Prod_TC.Home_page"/>
</testsuite> <!-- Casuality_Prod_TC.Home_page -->
