<?xml version="1.0" encoding="UTF-8"?>
<!-- Generated by org.testng.reporters.JUnitReportReporter -->
<testsuite hostname="DESKTOP-N7K85DJ" name="AFL_Test_Case_Prod.HomePage_TC" tests="2" failures="0" timestamp="16 Dec 2021 09:47:07 GMT" time="249.828" errors="0">
  <testcase name="Home_Page" time="120.668" classname="AFL_Test_Case_Prod.HomePage_TC"/>
  <testcase name="Home_Page" time="129.160" classname="AFL_Test_Case_Prod.HomePage_TC"/>
</testsuite> <!-- AFL_Test_Case_Prod.HomePage_TC -->
