<?xml version="1.0" encoding="UTF-8"?>
<!-- Generated by org.testng.reporters.JUnitReportReporter -->
<testsuite hostname="DESKTOP-N7K85DJ" name="AUW_Test_Case_dev.AUW_CallUpdate" tests="2" failures="0" timestamp="12 Jan 2022 10:17:31 GMT" time="140.070" errors="0">
  <testcase name="main" time="76.409" classname="AUW_Test_Case_dev.AUW_CallUpdate"/>
  <testcase name="main" time="63.661" classname="AUW_Test_Case_dev.AUW_CallUpdate"/>
</testsuite> <!-- AUW_Test_Case_dev.AUW_CallUpdate -->
