<?xml version="1.0" encoding="UTF-8"?>
<!-- Generated by org.testng.reporters.JUnitReportReporter -->
<testsuite hostname="DESKTOP-N7K85DJ" name="Promesa_Test_Case_Prod.Footer" tests="10" failures="0" timestamp="15 Mar 2022 10:17:10 GMT" time="262.201" errors="0">
  <testcase name="Footer_twitter" time="27.304" classname="Promesa_Test_Case_Prod.Footer"/>
  <testcase name="Footer_facebook" time="38.534" classname="Promesa_Test_Case_Prod.Footer"/>
  <testcase name="Footer_facebook" time="32.909" classname="Promesa_Test_Case_Prod.Footer"/>
  <testcase name="Footer_linkedin" time="23.518" classname="Promesa_Test_Case_Prod.Footer"/>
  <testcase name="Footer_instagram" time="16.605" classname="Promesa_Test_Case_Prod.Footer"/>
  <testcase name="Footer_instagram" time="19.457" classname="Promesa_Test_Case_Prod.Footer"/>
  <testcase name="Footer_linkedin" time="17.073" classname="Promesa_Test_Case_Prod.Footer"/>
  <testcase name="Footer_PrivacyPolicy" time="33.336" classname="Promesa_Test_Case_Prod.Footer"/>
  <testcase name="Footer_PrivacyPolicy" time="30.913" classname="Promesa_Test_Case_Prod.Footer"/>
  <testcase name="Footer_twitter" time="22.552" classname="Promesa_Test_Case_Prod.Footer"/>
</testsuite> <!-- Promesa_Test_Case_Prod.Footer -->
