<?xml version="1.0" encoding="UTF-8"?>
<!-- Generated by org.testng.reporters.JUnitReportReporter -->
<testsuite hostname="DESKTOP-N7K85DJ" name="AUW_Test_case_prod.AUW_CallUpdate" tests="2" failures="0" timestamp="10 May 2022 11:54:17 GMT" time="165.199" errors="0">
  <testcase name="main" time="101.774" classname="AUW_Test_case_prod.AUW_CallUpdate"/>
  <testcase name="main" time="63.425" classname="AUW_Test_case_prod.AUW_CallUpdate"/>
</testsuite> <!-- AUW_Test_case_prod.AUW_CallUpdate -->
