<?xml version="1.0" encoding="UTF-8"?>
<!-- Generated by org.testng.reporters.JUnitReportReporter -->
<testsuite hostname="DESKTOP-N7K85DJ" name="Careers_Test_case_Prod.Footer" tests="10" failures="0" timestamp="10 May 2022 11:54:17 GMT" time="363.717" errors="0">
  <testcase name="AUW_twitter" time="31.303" classname="Careers_Test_case_Prod.Footer"/>
  <testcase name="AUW_Policy" time="35.019" classname="Careers_Test_case_Prod.Footer"/>
  <testcase name="AUW_Facebook" time="25.023" classname="Careers_Test_case_Prod.Footer"/>
  <testcase name="AUW_Linkedin" time="17.550" classname="Careers_Test_case_Prod.Footer"/>
  <testcase name="AUW_Policy" time="41.177" classname="Careers_Test_case_Prod.Footer"/>
  <testcase name="AUW_twitter" time="21.701" classname="Careers_Test_case_Prod.Footer"/>
  <testcase name="AUW_Instagram" time="18.266" classname="Careers_Test_case_Prod.Footer"/>
  <testcase name="AUW_Linkedin" time="65.160" classname="Careers_Test_case_Prod.Footer"/>
  <testcase name="AUW_Facebook" time="44.429" classname="Careers_Test_case_Prod.Footer"/>
  <testcase name="AUW_Instagram" time="64.089" classname="Careers_Test_case_Prod.Footer"/>
</testsuite> <!-- Careers_Test_case_Prod.Footer -->
