<?xml version="1.0" encoding="UTF-8"?>
<!-- Generated by org.testng.reporters.JUnitReportReporter -->
<testsuite hostname="DESKTOP-N7K85DJ" name="AUW_Test_case_prod.AUW_Experience" tests="2" failures="0" timestamp="14 Mar 2022 11:43:39 GMT" time="633.880" errors="0">
  <testcase name="main" time="310.973" classname="AUW_Test_case_prod.AUW_Experience"/>
  <testcase name="main" time="322.907" classname="AUW_Test_case_prod.AUW_Experience"/>
</testsuite> <!-- AUW_Test_case_prod.AUW_Experience -->
