<?xml version="1.0" encoding="UTF-8"?>
<!-- Generated by org.testng.reporters.JUnitReportReporter -->
<testsuite hostname="DESKTOP-N7K85DJ" name="AUW_Test_Case_dev.AUW_NJ_Update" tests="1" failures="0" timestamp="9 Jun 2022 14:42:54 GMT" time="52.167" errors="0">
  <testcase name="main" time="52.167" classname="AUW_Test_Case_dev.AUW_NJ_Update"/>
</testsuite> <!-- AUW_Test_Case_dev.AUW_NJ_Update -->
