<?xml version="1.0" encoding="UTF-8"?>
<!-- Generated by org.testng.reporters.JUnitReportReporter -->
<testsuite hostname="DESKTOP-N7K85DJ" name="AUW_Test_case_prod.AUW_PPP" tests="2" failures="0" timestamp="10 Feb 2022 16:20:33 GMT" time="57.208" errors="0">
  <testcase name="main" time="29.508" classname="AUW_Test_case_prod.AUW_PPP"/>
  <testcase name="main" time="27.700" classname="AUW_Test_case_prod.AUW_PPP"/>
</testsuite> <!-- AUW_Test_case_prod.AUW_PPP -->
