<?xml version="1.0" encoding="UTF-8"?>
<!-- Generated by org.testng.reporters.JUnitReportReporter -->
<testsuite hostname="DESKTOP-N7K85DJ" name="MTL_Test_Cases_Prod.Home_URL" tests="2" failures="0" timestamp="14 Jan 2022 12:33:11 GMT" time="155.913" errors="0">
  <testcase name="Footer" time="108.315" classname="MTL_Test_Cases_Prod.Home_URL"/>
  <testcase name="Footer" time="47.598" classname="MTL_Test_Cases_Prod.Home_URL"/>
</testsuite> <!-- MTL_Test_Cases_Prod.Home_URL -->
