<?xml version="1.0" encoding="UTF-8"?>
<!-- Generated by org.testng.reporters.JUnitReportReporter -->
<testsuite hostname="DESKTOP-N7K85DJ" name="Tradewel_Test_Cases_Production.About_US" tests="2" failures="0" timestamp="27 Apr 2022 11:15:08 GMT" time="112.288" errors="0">
  <testcase name="main_Home_Page" time="43.403" classname="Tradewel_Test_Cases_Production.About_US"/>
  <testcase name="main_Home_Page" time="68.885" classname="Tradewel_Test_Cases_Production.About_US"/>
</testsuite> <!-- Tradewel_Test_Cases_Production.About_US -->
