<?xml version="1.0" encoding="UTF-8"?>
<!-- Generated by org.testng.reporters.JUnitReportReporter -->
<testsuite hostname="DESKTOP-N7K85DJ" name="AUW_Test_case_prod.AUW_PPP" tests="2" failures="0" timestamp="14 Jan 2022 12:33:11 GMT" time="234.279" errors="0">
  <testcase name="main" time="205.174" classname="AUW_Test_case_prod.AUW_PPP"/>
  <testcase name="main" time="29.105" classname="AUW_Test_case_prod.AUW_PPP"/>
</testsuite> <!-- AUW_Test_case_prod.AUW_PPP -->
