<?xml version="1.0" encoding="UTF-8"?>
<!-- Generated by org.testng.reporters.JUnitReportReporter -->
<testsuite hostname="DESKTOP-N7K85DJ" name="AUW_Test_Case_dev.AUW_PPP" tests="2" failures="0" timestamp="4 Apr 2022 06:52:09 GMT" time="65.898" errors="0">
  <testcase name="main" time="28.433" classname="AUW_Test_Case_dev.AUW_PPP"/>
  <testcase name="main" time="37.465" classname="AUW_Test_Case_dev.AUW_PPP"/>
</testsuite> <!-- AUW_Test_Case_dev.AUW_PPP -->
