<?xml version="1.0" encoding="UTF-8"?>
<!-- Generated by org.testng.reporters.JUnitReportReporter -->
<testsuite hostname="DESKTOP-N7K85DJ" name="AUW_Test_case_prod.AUW_CallUpdate" tests="2" failures="0" timestamp="4 Jan 2022 15:10:58 GMT" time="182.048" errors="0">
  <testcase name="main" time="93.947" classname="AUW_Test_case_prod.AUW_CallUpdate"/>
  <testcase name="main" time="88.101" classname="AUW_Test_case_prod.AUW_CallUpdate"/>
</testsuite> <!-- AUW_Test_case_prod.AUW_CallUpdate -->
