<?xml version="1.0" encoding="UTF-8"?>
<!-- Generated by org.testng.reporters.JUnitReportReporter -->
<testsuite hostname="DESKTOP-N7K85DJ" name="JumboGC_Test_case_Devlopment.Header_footer" tests="5" failures="0" timestamp="9 Jun 2022 15:06:17 GMT" time="189.582" errors="0">
  <testcase name="Footer_linkedIN" time="36.304" classname="JumboGC_Test_case_Devlopment.Header_footer"/>
  <testcase name="Footer_Privacy" time="46.411" classname="JumboGC_Test_case_Devlopment.Header_footer"/>
  <testcase name="Footer_Facebook" time="39.748" classname="JumboGC_Test_case_Devlopment.Header_footer"/>
  <testcase name="Footer_Instagram" time="34.994" classname="JumboGC_Test_case_Devlopment.Header_footer"/>
  <testcase name="Header_Login" time="32.125" classname="JumboGC_Test_case_Devlopment.Header_footer"/>
</testsuite> <!-- JumboGC_Test_case_Devlopment.Header_footer -->
