<?xml version="1.0" encoding="UTF-8"?>
<!-- Generated by org.testng.reporters.JUnitReportReporter -->
<testsuite hostname="DESKTOP-N7K85DJ" name="AUW_Test_case_prod.AUW_NJ_Update" tests="2" failures="0" timestamp="24 Feb 2022 14:29:27 GMT" time="157.210" errors="0">
  <testcase name="main" time="48.812" classname="AUW_Test_case_prod.AUW_NJ_Update"/>
  <testcase name="main" time="108.398" classname="AUW_Test_case_prod.AUW_NJ_Update"/>
</testsuite> <!-- AUW_Test_case_prod.AUW_NJ_Update -->
