<?xml version="1.0" encoding="UTF-8"?>
<!-- Generated by org.testng.reporters.JUnitReportReporter -->
<testsuite hostname="DESKTOP-N7K85DJ" name="AUW_Test_case_prod.AUW_Experience" tests="2" failures="0" timestamp="12 Apr 2022 07:47:28 GMT" time="732.220" errors="0">
  <testcase name="main" time="338.605" classname="AUW_Test_case_prod.AUW_Experience"/>
  <testcase name="main" time="393.615" classname="AUW_Test_case_prod.AUW_Experience"/>
</testsuite> <!-- AUW_Test_case_prod.AUW_Experience -->
