<?xml version="1.0" encoding="UTF-8"?>
<!-- Generated by org.testng.reporters.JUnitReportReporter -->
<testsuite hostname="DESKTOP-N7K85DJ" name="AUW_Test_Case_dev.AUW_NJ_Update" tests="2" failures="0" timestamp="16 Dec 2021 13:45:34 GMT" time="98.960" errors="0">
  <testcase name="main" time="51.215" classname="AUW_Test_Case_dev.AUW_NJ_Update"/>
  <testcase name="main" time="47.745" classname="AUW_Test_Case_dev.AUW_NJ_Update"/>
</testsuite> <!-- AUW_Test_Case_dev.AUW_NJ_Update -->
