<?xml version="1.0" encoding="UTF-8"?>
<!-- Generated by org.testng.reporters.JUnitReportReporter -->
<testsuite hostname="DESKTOP-N7K85DJ" name="Warranty_Test_Case_Prod.Contact_US" tests="2" failures="0" timestamp="16 Mar 2022 12:48:23 GMT" time="212.379" errors="0">
  <testcase name="ContactUS" time="164.410" classname="Warranty_Test_Case_Prod.Contact_US"/>
  <testcase name="ContactUS" time="47.969" classname="Warranty_Test_Case_Prod.Contact_US"/>
</testsuite> <!-- Warranty_Test_Case_Prod.Contact_US -->
