<?xml version="1.0" encoding="UTF-8"?>
<!-- Generated by org.testng.reporters.JUnitReportReporter -->
<testsuite hostname="DESKTOP-N7K85DJ" name="AUW_Test_case_prod.AUW_NJ_Update" tests="2" failures="0" timestamp="16 Dec 2021 09:47:07 GMT" time="87.663" errors="0">
  <testcase name="main" time="45.422" classname="AUW_Test_case_prod.AUW_NJ_Update"/>
  <testcase name="main" time="42.241" classname="AUW_Test_case_prod.AUW_NJ_Update"/>
</testsuite> <!-- AUW_Test_case_prod.AUW_NJ_Update -->
