<?xml version="1.0" encoding="UTF-8"?>
<!-- Generated by org.testng.reporters.JUnitReportReporter -->
<testsuite hostname="DESKTOP-N7K85DJ" name="Warranty_Test_Case_Prod.Our_Partner" tests="12" failures="0" timestamp="30 Mar 2022 06:35:29 GMT" time="1001.483" errors="0">
  <testcase name="Partner6" time="69.990" classname="Warranty_Test_Case_Prod.Our_Partner"/>
  <testcase name="Partner1" time="92.212" classname="Warranty_Test_Case_Prod.Our_Partner"/>
  <testcase name="Partner4" time="77.081" classname="Warranty_Test_Case_Prod.Our_Partner"/>
  <testcase name="Partner2" time="77.547" classname="Warranty_Test_Case_Prod.Our_Partner"/>
  <testcase name="Partner2" time="134.172" classname="Warranty_Test_Case_Prod.Our_Partner"/>
  <testcase name="Partner1" time="78.484" classname="Warranty_Test_Case_Prod.Our_Partner"/>
  <testcase name="Partner4" time="74.121" classname="Warranty_Test_Case_Prod.Our_Partner"/>
  <testcase name="Partner5" time="72.464" classname="Warranty_Test_Case_Prod.Our_Partner"/>
  <testcase name="Partner3" time="74.774" classname="Warranty_Test_Case_Prod.Our_Partner"/>
  <testcase name="Partner5" time="75.254" classname="Warranty_Test_Case_Prod.Our_Partner"/>
  <testcase name="Partner6" time="74.237" classname="Warranty_Test_Case_Prod.Our_Partner"/>
  <testcase name="Partner3" time="101.147" classname="Warranty_Test_Case_Prod.Our_Partner"/>
</testsuite> <!-- Warranty_Test_Case_Prod.Our_Partner -->
