<?xml version="1.0" encoding="UTF-8"?>
<!-- Generated by org.testng.reporters.JUnitReportReporter -->
<testsuite hostname="DESKTOP-N7K85DJ" name="Warranty_Test_Case_Prod.Our_Partner" tests="12" failures="0" timestamp="14 Mar 2022 11:17:46 GMT" time="1089.325" errors="0">
  <testcase name="Partner4" time="140.554" classname="Warranty_Test_Case_Prod.Our_Partner"/>
  <testcase name="Partner3" time="88.715" classname="Warranty_Test_Case_Prod.Our_Partner"/>
  <testcase name="Partner6" time="68.796" classname="Warranty_Test_Case_Prod.Our_Partner"/>
  <testcase name="Partner1" time="76.194" classname="Warranty_Test_Case_Prod.Our_Partner"/>
  <testcase name="Partner2" time="131.186" classname="Warranty_Test_Case_Prod.Our_Partner"/>
  <testcase name="Partner5" time="81.276" classname="Warranty_Test_Case_Prod.Our_Partner"/>
  <testcase name="Partner1" time="128.129" classname="Warranty_Test_Case_Prod.Our_Partner"/>
  <testcase name="Partner4" time="75.125" classname="Warranty_Test_Case_Prod.Our_Partner"/>
  <testcase name="Partner3" time="75.170" classname="Warranty_Test_Case_Prod.Our_Partner"/>
  <testcase name="Partner5" time="75.301" classname="Warranty_Test_Case_Prod.Our_Partner"/>
  <testcase name="Partner6" time="74.878" classname="Warranty_Test_Case_Prod.Our_Partner"/>
  <testcase name="Partner2" time="74.001" classname="Warranty_Test_Case_Prod.Our_Partner"/>
</testsuite> <!-- Warranty_Test_Case_Prod.Our_Partner -->
