<?xml version="1.0" encoding="UTF-8"?>
<!-- Generated by org.testng.reporters.JUnitReportReporter -->
<testsuite hostname="DESKTOP-N7K85DJ" name="AUW_Test_case_prod.AUW_header_web_Prod" tests="2" failures="0" timestamp="14 Jan 2022 12:33:11 GMT" time="276.109" errors="0">
  <testcase name="main" time="215.286" classname="AUW_Test_case_prod.AUW_header_web_Prod"/>
  <testcase name="main" time="60.823" classname="AUW_Test_case_prod.AUW_header_web_Prod"/>
</testsuite> <!-- AUW_Test_case_prod.AUW_header_web_Prod -->
