<?xml version="1.0" encoding="UTF-8"?>
<!-- Generated by org.testng.reporters.JUnitReportReporter -->
<testsuite hostname="DESKTOP-N7K85DJ" name="AUW_Test_Case_dev.AUW_Experience" tests="2" failures="0" timestamp="10 Feb 2022 13:28:21 GMT" time="756.802" errors="0">
  <testcase name="main" time="426.773" classname="AUW_Test_Case_dev.AUW_Experience"/>
  <testcase name="main" time="330.029" classname="AUW_Test_Case_dev.AUW_Experience"/>
</testsuite> <!-- AUW_Test_Case_dev.AUW_Experience -->
