<?xml version="1.0" encoding="UTF-8"?>
<!-- Generated by org.testng.reporters.JUnitReportReporter -->
<testsuite hostname="DESKTOP-N7K85DJ" name="Promesa_Test_Case_Prod.Side_Heading_One" tests="1" failures="0" timestamp="9 Mar 2022 15:47:56 GMT" time="64.665" errors="0">
  <testcase name="Side_Heading_One" time="64.665" classname="Promesa_Test_Case_Prod.Side_Heading_One"/>
</testsuite> <!-- Promesa_Test_Case_Prod.Side_Heading_One -->
