<?xml version="1.0" encoding="UTF-8"?>
<!-- Generated by org.testng.reporters.JUnitReportReporter -->
<testsuite hostname="DESKTOP-N7K85DJ" name="Warranty_Test_Case_Prod.Partner_With_US" tests="2" failures="0" timestamp="23 Feb 2022 13:23:04 GMT" time="36.754" errors="0">
  <testcase name="partner" time="15.743" classname="Warranty_Test_Case_Prod.Partner_With_US"/>
  <testcase name="partner" time="21.011" classname="Warranty_Test_Case_Prod.Partner_With_US"/>
</testsuite> <!-- Warranty_Test_Case_Prod.Partner_With_US -->
