<?xml version="1.0" encoding="UTF-8"?>
<!-- Generated by org.testng.reporters.JUnitReportReporter -->
<testsuite hostname="DESKTOP-N7K85DJ" name="Casuality_Prod_TC.Menu_Contact_Us" tests="2" failures="0" timestamp="1 Mar 2022 12:40:42 GMT" time="101.247" errors="0">
  <testcase name="HomePage" time="66.680" classname="Casuality_Prod_TC.Menu_Contact_Us"/>
  <testcase name="HomePage" time="34.567" classname="Casuality_Prod_TC.Menu_Contact_Us"/>
</testsuite> <!-- Casuality_Prod_TC.Menu_Contact_Us -->
