<?xml version="1.0" encoding="UTF-8"?>
<!-- Generated by org.testng.reporters.JUnitReportReporter -->
<testsuite hostname="DESKTOP-N7K85DJ" name="AUW_Test_Case_dev.AUW_CallUpdate" tests="2" failures="0" timestamp="16 Feb 2022 09:34:57 GMT" time="123.816" errors="0">
  <testcase name="main" time="58.564" classname="AUW_Test_Case_dev.AUW_CallUpdate"/>
  <testcase name="main" time="65.252" classname="AUW_Test_Case_dev.AUW_CallUpdate"/>
</testsuite> <!-- AUW_Test_Case_dev.AUW_CallUpdate -->
