<?xml version="1.0" encoding="UTF-8"?>
<!-- Generated by org.testng.reporters.JUnitReportReporter -->
<testsuite hostname="DESKTOP-N7K85DJ" name="Casuality_Prod_TC.Menu_Contact_Us" tests="2" failures="0" timestamp="28 Feb 2022 06:59:29 GMT" time="139.164" errors="0">
  <testcase name="HomePage" time="103.406" classname="Casuality_Prod_TC.Menu_Contact_Us"/>
  <testcase name="HomePage" time="35.758" classname="Casuality_Prod_TC.Menu_Contact_Us"/>
</testsuite> <!-- Casuality_Prod_TC.Menu_Contact_Us -->
