<?xml version="1.0" encoding="UTF-8"?>
<!-- Generated by org.testng.reporters.JUnitReportReporter -->
<testsuite hostname="DESKTOP-N7K85DJ" name="Warranty_Test_Case_Prod.Partner_With_US" tests="2" failures="0" timestamp="22 Apr 2022 10:04:10 GMT" time="50.075" errors="0">
  <testcase name="partner" time="19.240" classname="Warranty_Test_Case_Prod.Partner_With_US"/>
  <testcase name="partner" time="30.835" classname="Warranty_Test_Case_Prod.Partner_With_US"/>
</testsuite> <!-- Warranty_Test_Case_Prod.Partner_With_US -->
