<?xml version="1.0" encoding="UTF-8"?>
<!-- Generated by org.testng.reporters.JUnitReportReporter -->
<testsuite hostname="DESKTOP-N7K85DJ" name="MTL_Test_Cases_Prod.Home_URL" tests="2" failures="0" timestamp="10 Feb 2022 16:20:34 GMT" time="133.497" errors="0">
  <testcase name="Footer" time="90.370" classname="MTL_Test_Cases_Prod.Home_URL"/>
  <testcase name="Footer" time="43.127" classname="MTL_Test_Cases_Prod.Home_URL"/>
</testsuite> <!-- MTL_Test_Cases_Prod.Home_URL -->
