<?xml version="1.0" encoding="UTF-8"?>
<!-- Generated by org.testng.reporters.JUnitReportReporter -->
<testsuite hostname="DESKTOP-N7K85DJ" name="Solution_one_Development.Footer_Develop" tests="2" failures="0" timestamp="21 Feb 2022 15:12:16 GMT" time="218.410" errors="0">
  <testcase name="Footer" time="119.878" classname="Solution_one_Development.Footer_Develop"/>
  <testcase name="Footer" time="98.532" classname="Solution_one_Development.Footer_Develop"/>
</testsuite> <!-- Solution_one_Development.Footer_Develop -->
