<?xml version="1.0" encoding="UTF-8"?>
<!-- Generated by org.testng.reporters.JUnitReportReporter -->
<testsuite hostname="DESKTOP-N7K85DJ" name="Promesa_Test_Case_Development.Change_language" tests="2" failures="0" timestamp="23 Dec 2021 12:43:52 GMT" time="27.941" errors="0">
  <testcase name="Change_Language" time="16.782" classname="Promesa_Test_Case_Development.Change_language"/>
  <testcase name="Change_Language" time="11.159" classname="Promesa_Test_Case_Development.Change_language"/>
</testsuite> <!-- Promesa_Test_Case_Development.Change_language -->
