<?xml version="1.0" encoding="UTF-8"?>
<!-- Generated by org.testng.reporters.JUnitReportReporter -->
<testsuite hostname="DESKTOP-N7K85DJ" name="Promesa_Test_Case_Development.Change_language" tests="2" failures="0" timestamp="12 Apr 2022 05:27:58 GMT" time="64.410" errors="0">
  <testcase name="Change_Language" time="20.036" classname="Promesa_Test_Case_Development.Change_language"/>
  <testcase name="Change_Language" time="44.374" classname="Promesa_Test_Case_Development.Change_language"/>
</testsuite> <!-- Promesa_Test_Case_Development.Change_language -->
