<?xml version="1.0" encoding="UTF-8"?>
<!-- Generated by org.testng.reporters.JUnitReportReporter -->
<testsuite hostname="DESKTOP-N7K85DJ" name="Casuality_Prod_TC.Menu_About_US" tests="1" failures="0" timestamp="25 May 2022 14:25:24 GMT" time="53.430" errors="0">
  <testcase name="HomePage" time="53.430" classname="Casuality_Prod_TC.Menu_About_US"/>
</testsuite> <!-- Casuality_Prod_TC.Menu_About_US -->
