<?xml version="1.0" encoding="UTF-8"?>
<!-- Generated by org.testng.reporters.JUnitReportReporter -->
<testsuite hostname="DESKTOP-N7K85DJ" name="Warranty_Test_Case_Prod.About_US" tests="2" failures="0" timestamp="26 Apr 2022 09:47:26 GMT" time="156.120" errors="0">
  <testcase name="Home_page" time="42.682" classname="Warranty_Test_Case_Prod.About_US"/>
  <testcase name="Home_page" time="113.438" classname="Warranty_Test_Case_Prod.About_US"/>
</testsuite> <!-- Warranty_Test_Case_Prod.About_US -->
