<?xml version="1.0" encoding="UTF-8"?>
<!-- Generated by org.testng.reporters.JUnitReportReporter -->
<testsuite hostname="DESKTOP-N7K85DJ" name="Warranty_Test_Case_Dev.Contact_US" tests="1" failures="0" timestamp="23 Feb 2022 15:15:41 GMT" time="52.289" errors="0">
  <testcase name="ContactUS" time="52.289" classname="Warranty_Test_Case_Dev.Contact_US"/>
</testsuite> <!-- Warranty_Test_Case_Dev.Contact_US -->
