<?xml version="1.0" encoding="UTF-8"?>
<!-- Generated by org.testng.reporters.JUnitReportReporter -->
<testsuite hostname="DESKTOP-N7K85DJ" name="Promesa_Test_Case_Prod.Footer" tests="10" failures="0" timestamp="16 Dec 2021 09:47:07 GMT" time="182.771" errors="0">
  <testcase name="Footer_instagram" time="13.796" classname="Promesa_Test_Case_Prod.Footer"/>
  <testcase name="Footer_linkedin" time="11.244" classname="Promesa_Test_Case_Prod.Footer"/>
  <testcase name="Footer_PrivacyPolicy" time="24.283" classname="Promesa_Test_Case_Prod.Footer"/>
  <testcase name="Footer_twitter" time="13.730" classname="Promesa_Test_Case_Prod.Footer"/>
  <testcase name="Footer_PrivacyPolicy" time="27.667" classname="Promesa_Test_Case_Prod.Footer"/>
  <testcase name="Footer_linkedin" time="14.968" classname="Promesa_Test_Case_Prod.Footer"/>
  <testcase name="Footer_instagram" time="14.179" classname="Promesa_Test_Case_Prod.Footer"/>
  <testcase name="Footer_facebook" time="24.382" classname="Promesa_Test_Case_Prod.Footer"/>
  <testcase name="Footer_facebook" time="27.504" classname="Promesa_Test_Case_Prod.Footer"/>
  <testcase name="Footer_twitter" time="11.018" classname="Promesa_Test_Case_Prod.Footer"/>
</testsuite> <!-- Promesa_Test_Case_Prod.Footer -->
