<?xml version="1.0" encoding="UTF-8"?>
<!-- Generated by org.testng.reporters.JUnitReportReporter -->
<testsuite hostname="DESKTOP-N7K85DJ" name="AFL_Test_Case_Prod.HomePage_TC" tests="2" failures="0" timestamp="27 Apr 2022 11:15:08 GMT" time="306.914" errors="0">
  <testcase name="Home_Page" time="116.901" classname="AFL_Test_Case_Prod.HomePage_TC"/>
  <testcase name="Home_Page" time="190.013" classname="AFL_Test_Case_Prod.HomePage_TC"/>
</testsuite> <!-- AFL_Test_Case_Prod.HomePage_TC -->
