<?xml version="1.0" encoding="UTF-8"?>
<!-- Generated by org.testng.reporters.JUnitReportReporter -->
<testsuite hostname="DESKTOP-N7K85DJ" name="Solution_one_Development.Side_head_sample" tests="5" failures="0" timestamp="22 Dec 2021 14:58:12 GMT" time="326.561" errors="0">
  <testcase name="Side_Heading_Four" time="64.991" classname="Solution_one_Development.Side_head_sample"/>
  <testcase name="Side_Heading_One" time="63.728" classname="Solution_one_Development.Side_head_sample"/>
  <testcase name="Side_Heading_Two" time="64.381" classname="Solution_one_Development.Side_head_sample"/>
  <testcase name="Side_Heading_Five" time="64.186" classname="Solution_one_Development.Side_head_sample"/>
  <testcase name="Side_Heading_Three" time="69.275" classname="Solution_one_Development.Side_head_sample"/>
</testsuite> <!-- Solution_one_Development.Side_head_sample -->
