<?xml version="1.0" encoding="UTF-8"?>
<!-- Generated by org.testng.reporters.JUnitReportReporter -->
<testsuite hostname="DESKTOP-N7K85DJ" name="Casuality_Prod_TC.Menu_About_US" tests="2" failures="0" timestamp="8 Mar 2022 09:14:16 GMT" time="146.127" errors="0">
  <testcase name="HomePage" time="91.966" classname="Casuality_Prod_TC.Menu_About_US"/>
  <testcase name="HomePage" time="54.161" classname="Casuality_Prod_TC.Menu_About_US"/>
</testsuite> <!-- Casuality_Prod_TC.Menu_About_US -->
