<?xml version="1.0" encoding="UTF-8"?>
<!-- Generated by org.testng.reporters.JUnitReportReporter -->
<testsuite hostname="DESKTOP-N7K85DJ" name="Adler_TestCases_Prod.News" tests="2" failures="0" timestamp="27 Dec 2021 15:43:57 GMT" time="247.852" errors="0">
  <testcase name="main_Home_Page" time="126.347" classname="Adler_TestCases_Prod.News"/>
  <testcase name="main_Home_Page" time="121.505" classname="Adler_TestCases_Prod.News"/>
</testsuite> <!-- Adler_TestCases_Prod.News -->
