<?xml version="1.0" encoding="UTF-8"?>
<!-- Generated by org.testng.reporters.JUnitReportReporter -->
<testsuite hostname="DESKTOP-N7K85DJ" name="AUW_Test_case_prod.AUW_Intelligence_TC" tests="2" failures="0" timestamp="22 Mar 2022 09:50:23 GMT" time="295.881" errors="0">
  <testcase name="main" time="90.290" classname="AUW_Test_case_prod.AUW_Intelligence_TC"/>
  <testcase name="main" time="205.591" classname="AUW_Test_case_prod.AUW_Intelligence_TC"/>
</testsuite> <!-- AUW_Test_case_prod.AUW_Intelligence_TC -->
