<?xml version="1.0" encoding="UTF-8"?>
<!-- Generated by org.testng.reporters.JUnitReportReporter -->
<testsuite hostname="DESKTOP-N7K85DJ" name="AUW_Test_case_prod.AUW_AboutUS" tests="2" failures="0" timestamp="25 Apr 2022 10:19:02 GMT" time="209.147" errors="0">
  <testcase name="AboutUS" time="81.988" classname="AUW_Test_case_prod.AUW_AboutUS"/>
  <testcase name="AboutUS" time="127.159" classname="AUW_Test_case_prod.AUW_AboutUS"/>
</testsuite> <!-- AUW_Test_case_prod.AUW_AboutUS -->
