<?xml version="1.0" encoding="UTF-8"?>
<!-- Generated by org.testng.reporters.JUnitReportReporter -->
<testsuite hostname="DESKTOP-N7K85DJ" name="Careers_Test_case_Prod.Footer" tests="10" failures="0" timestamp="1 Apr 2022 10:47:35 GMT" time="316.891" errors="0">
  <testcase name="AUW_Linkedin" time="24.261" classname="Careers_Test_case_Prod.Footer"/>
  <testcase name="AUW_Policy" time="33.100" classname="Careers_Test_case_Prod.Footer"/>
  <testcase name="AUW_Instagram" time="24.771" classname="Careers_Test_case_Prod.Footer"/>
  <testcase name="AUW_Facebook" time="25.960" classname="Careers_Test_case_Prod.Footer"/>
  <testcase name="AUW_twitter" time="59.894" classname="Careers_Test_case_Prod.Footer"/>
  <testcase name="AUW_twitter" time="22.405" classname="Careers_Test_case_Prod.Footer"/>
  <testcase name="AUW_Linkedin" time="20.614" classname="Careers_Test_case_Prod.Footer"/>
  <testcase name="AUW_Instagram" time="17.733" classname="Careers_Test_case_Prod.Footer"/>
  <testcase name="AUW_Facebook" time="48.812" classname="Careers_Test_case_Prod.Footer"/>
  <testcase name="AUW_Policy" time="39.341" classname="Careers_Test_case_Prod.Footer"/>
</testsuite> <!-- Careers_Test_case_Prod.Footer -->
