<?xml version="1.0" encoding="UTF-8"?>
<!-- Generated by org.testng.reporters.JUnitReportReporter -->
<testsuite hostname="DESKTOP-N7K85DJ" name="AUW_Test_case_prod.AUW_Intelligence_TC" tests="2" failures="0" timestamp="18 Feb 2022 14:06:49 GMT" time="221.113" errors="0">
  <testcase name="main" time="95.229" classname="AUW_Test_case_prod.AUW_Intelligence_TC"/>
  <testcase name="main" time="125.884" classname="AUW_Test_case_prod.AUW_Intelligence_TC"/>
</testsuite> <!-- AUW_Test_case_prod.AUW_Intelligence_TC -->
