<?xml version="1.0" encoding="UTF-8"?>
<!-- Generated by org.testng.reporters.JUnitReportReporter -->
<testsuite hostname="DESKTOP-N7K85DJ" name="AUW_Test_Case_dev.AUW_header_web_Development" tests="2" failures="0" timestamp="18 Jan 2022 10:21:18 GMT" time="141.953" errors="0">
  <testcase name="main" time="75.964" classname="AUW_Test_Case_dev.AUW_header_web_Development"/>
  <testcase name="main" time="65.989" classname="AUW_Test_Case_dev.AUW_header_web_Development"/>
</testsuite> <!-- AUW_Test_Case_dev.AUW_header_web_Development -->
