<?xml version="1.0" encoding="UTF-8"?>
<!-- Generated by org.testng.reporters.JUnitReportReporter -->
<testsuite hostname="DESKTOP-N7K85DJ" name="Speciality_underwriters_Test_Case_Dev.What_We_offer" tests="2" failures="0" timestamp="23 Feb 2022 12:36:01 GMT" time="129.600" errors="0">
  <testcase name="Footer" time="54.579" classname="Speciality_underwriters_Test_Case_Dev.What_We_offer"/>
  <testcase name="Footer" time="75.021" classname="Speciality_underwriters_Test_Case_Dev.What_We_offer"/>
</testsuite> <!-- Speciality_underwriters_Test_Case_Dev.What_We_offer -->
