<?xml version="1.0" encoding="UTF-8"?>
<!-- Generated by org.testng.reporters.JUnitReportReporter -->
<testsuite hostname="DESKTOP-N7K85DJ" name="Warranty_Test_Case_Dev.Our_Partner" tests="6" failures="0" timestamp="25 Feb 2022 14:36:33 GMT" time="440.738" errors="0">
  <testcase name="Partner1" time="74.021" classname="Warranty_Test_Case_Dev.Our_Partner"/>
  <testcase name="Partner2" time="75.030" classname="Warranty_Test_Case_Dev.Our_Partner"/>
  <testcase name="Partner4" time="75.159" classname="Warranty_Test_Case_Dev.Our_Partner"/>
  <testcase name="Partner5" time="73.445" classname="Warranty_Test_Case_Dev.Our_Partner"/>
  <testcase name="Partner3" time="70.429" classname="Warranty_Test_Case_Dev.Our_Partner"/>
  <testcase name="Partner6" time="72.654" classname="Warranty_Test_Case_Dev.Our_Partner"/>
</testsuite> <!-- Warranty_Test_Case_Dev.Our_Partner -->
