<?xml version="1.0" encoding="UTF-8"?>
<!-- Generated by org.testng.reporters.JUnitReportReporter -->
<testsuite hostname="DESKTOP-N7K85DJ" name="Warranty_Test_Case_Prod.About_US" tests="2" failures="0" timestamp="3 Mar 2022 14:31:02 GMT" time="108.835" errors="0">
  <testcase name="Home_page" time="43.303" classname="Warranty_Test_Case_Prod.About_US"/>
  <testcase name="Home_page" time="65.532" classname="Warranty_Test_Case_Prod.About_US"/>
</testsuite> <!-- Warranty_Test_Case_Prod.About_US -->
