<?xml version="1.0" encoding="UTF-8"?>
<!-- Generated by org.testng.reporters.JUnitReportReporter -->
<testsuite hostname="DESKTOP-N7K85DJ" name="AUW_Test_case_prod.AUW_Intelligence_TC" tests="2" failures="0" timestamp="24 Dec 2021 14:37:44 GMT" time="202.316" errors="0">
  <testcase name="main" time="96.396" classname="AUW_Test_case_prod.AUW_Intelligence_TC"/>
  <testcase name="main" time="105.920" classname="AUW_Test_case_prod.AUW_Intelligence_TC"/>
</testsuite> <!-- AUW_Test_case_prod.AUW_Intelligence_TC -->
