<?xml version="1.0" encoding="UTF-8"?>
<!-- Generated by org.testng.reporters.JUnitReportReporter -->
<testsuite hostname="DESKTOP-N7K85DJ" name="Casuality_Prod_TC.Menu_About_US" tests="2" failures="0" timestamp="9 Mar 2022 15:47:56 GMT" time="172.351" errors="0">
  <testcase name="HomePage" time="59.113" classname="Casuality_Prod_TC.Menu_About_US"/>
  <testcase name="HomePage" time="113.238" classname="Casuality_Prod_TC.Menu_About_US"/>
</testsuite> <!-- Casuality_Prod_TC.Menu_About_US -->
