<?xml version="1.0" encoding="UTF-8"?>
<!-- Generated by org.testng.reporters.JUnitReportReporter -->
<testsuite hostname="DESKTOP-N7K85DJ" name="Casuality_Prod_TC.Home_page" tests="2" failures="0" timestamp="7 Feb 2022 15:35:33 GMT" time="142.428" errors="0">
  <testcase name="HomePage" time="71.903" classname="Casuality_Prod_TC.Home_page"/>
  <testcase name="HomePage" time="70.525" classname="Casuality_Prod_TC.Home_page"/>
</testsuite> <!-- Casuality_Prod_TC.Home_page -->
