<?xml version="1.0" encoding="UTF-8"?>
<!-- Generated by org.testng.reporters.JUnitReportReporter -->
<testsuite hostname="DESKTOP-N7K85DJ" name="AFL_Test_Case_Prod.ContactUS_OutsideUS" tests="2" failures="0" timestamp="10 May 2022 11:54:17 GMT" time="69.896" errors="0">
  <testcase name="ContactUs_Page" time="28.754" classname="AFL_Test_Case_Prod.ContactUS_OutsideUS"/>
  <testcase name="ContactUs_Page" time="41.142" classname="AFL_Test_Case_Prod.ContactUS_OutsideUS"/>
</testsuite> <!-- AFL_Test_Case_Prod.ContactUS_OutsideUS -->
