<?xml version="1.0" encoding="UTF-8"?>
<!-- Generated by org.testng.reporters.JUnitReportReporter -->
<testsuite hostname="DESKTOP-N7K85DJ" name="Warranty_Test_Case_Prod.Our_Partner" tests="12" failures="0" timestamp="25 Jan 2022 14:00:35 GMT" time="1077.279" errors="0">
  <testcase name="Partner6" time="66.905" classname="Warranty_Test_Case_Prod.Our_Partner"/>
  <testcase name="Partner4" time="119.884" classname="Warranty_Test_Case_Prod.Our_Partner"/>
  <testcase name="Partner1" time="75.462" classname="Warranty_Test_Case_Prod.Our_Partner"/>
  <testcase name="Partner5" time="76.468" classname="Warranty_Test_Case_Prod.Our_Partner"/>
  <testcase name="Partner2" time="79.042" classname="Warranty_Test_Case_Prod.Our_Partner"/>
  <testcase name="Partner3" time="75.881" classname="Warranty_Test_Case_Prod.Our_Partner"/>
  <testcase name="Partner4" time="74.709" classname="Warranty_Test_Case_Prod.Our_Partner"/>
  <testcase name="Partner2" time="114.118" classname="Warranty_Test_Case_Prod.Our_Partner"/>
  <testcase name="Partner6" time="73.486" classname="Warranty_Test_Case_Prod.Our_Partner"/>
  <testcase name="Partner1" time="176.472" classname="Warranty_Test_Case_Prod.Our_Partner"/>
  <testcase name="Partner5" time="72.653" classname="Warranty_Test_Case_Prod.Our_Partner"/>
  <testcase name="Partner3" time="72.199" classname="Warranty_Test_Case_Prod.Our_Partner"/>
</testsuite> <!-- Warranty_Test_Case_Prod.Our_Partner -->
