<?xml version="1.0" encoding="UTF-8"?>
<!-- Generated by org.testng.reporters.JUnitReportReporter -->
<testsuite hostname="DESKTOP-N7K85DJ" name="Careers_Test_case_Prod.Footer" tests="10" failures="0" timestamp="31 Mar 2022 09:38:46 GMT" time="491.892" errors="0">
  <testcase name="AUW_Instagram" time="90.199" classname="Careers_Test_case_Prod.Footer"/>
  <testcase name="AUW_twitter" time="84.652" classname="Careers_Test_case_Prod.Footer"/>
  <testcase name="AUW_twitter" time="23.997" classname="Careers_Test_case_Prod.Footer"/>
  <testcase name="AUW_Facebook" time="77.768" classname="Careers_Test_case_Prod.Footer"/>
  <testcase name="AUW_Instagram" time="19.994" classname="Careers_Test_case_Prod.Footer"/>
  <testcase name="AUW_Policy" time="61.245" classname="Careers_Test_case_Prod.Footer"/>
  <testcase name="AUW_Linkedin" time="24.199" classname="Careers_Test_case_Prod.Footer"/>
  <testcase name="AUW_Linkedin" time="42.512" classname="Careers_Test_case_Prod.Footer"/>
  <testcase name="AUW_Facebook" time="31.531" classname="Careers_Test_case_Prod.Footer"/>
  <testcase name="AUW_Policy" time="35.795" classname="Careers_Test_case_Prod.Footer"/>
</testsuite> <!-- Careers_Test_case_Prod.Footer -->
