<?xml version="1.0" encoding="UTF-8"?>
<!-- Generated by org.testng.reporters.JUnitReportReporter -->
<testsuite hostname="DESKTOP-N7K85DJ" name="Promesa_Test_Case_Prod.Change_language" tests="2" failures="0" timestamp="23 Feb 2022 11:40:24 GMT" time="45.931" errors="0">
  <testcase name="Change_Language" time="31.883" classname="Promesa_Test_Case_Prod.Change_language"/>
  <testcase name="Change_Language" time="14.048" classname="Promesa_Test_Case_Prod.Change_language"/>
</testsuite> <!-- Promesa_Test_Case_Prod.Change_language -->
