<?xml version="1.0" encoding="UTF-8"?>
<!-- Generated by org.testng.reporters.JUnitReportReporter -->
<testsuite hostname="DESKTOP-N7K85DJ" name="Promesa_Test_Case_Development.Change_language" tests="2" failures="0" timestamp="8 Mar 2022 10:47:11 GMT" time="30.505" errors="0">
  <testcase name="Change_Language" time="10.109" classname="Promesa_Test_Case_Development.Change_language"/>
  <testcase name="Change_Language" time="20.396" classname="Promesa_Test_Case_Development.Change_language"/>
</testsuite> <!-- Promesa_Test_Case_Development.Change_language -->
