<?xml version="1.0" encoding="UTF-8"?>
<!-- Generated by org.testng.reporters.JUnitReportReporter -->
<testsuite hostname="DESKTOP-N7K85DJ" name="Credit_Global_Test_Cases_Prod.Forgot_Password" tests="2" failures="0" timestamp="14 Mar 2022 11:17:46 GMT" time="112.227" errors="0">
  <testcase name="HomePage_Header_login" time="17.684" classname="Credit_Global_Test_Cases_Prod.Forgot_Password"/>
  <testcase name="HomePage_Header_login" time="94.543" classname="Credit_Global_Test_Cases_Prod.Forgot_Password"/>
</testsuite> <!-- Credit_Global_Test_Cases_Prod.Forgot_Password -->
