<?xml version="1.0" encoding="UTF-8"?>
<!-- Generated by org.testng.reporters.JUnitReportReporter -->
<testsuite hostname="DESKTOP-N7K85DJ" name="Promesa_Test_Case_Prod.Change_language" tests="2" failures="0" timestamp="22 Apr 2022 10:04:10 GMT" time="23.979" errors="0">
  <testcase name="Change_Language" time="13.058" classname="Promesa_Test_Case_Prod.Change_language"/>
  <testcase name="Change_Language" time="10.921" classname="Promesa_Test_Case_Prod.Change_language"/>
</testsuite> <!-- Promesa_Test_Case_Prod.Change_language -->
