<?xml version="1.0" encoding="UTF-8"?>
<!-- Generated by org.testng.reporters.JUnitReportReporter -->
<testsuite hostname="DESKTOP-N7K85DJ" name="Warranty_Test_Case_Dev.Our_Partner" tests="12" failures="0" timestamp="24 Feb 2022 15:18:07 GMT" time="1055.817" errors="0">
  <testcase name="Partner5" time="82.180" classname="Warranty_Test_Case_Dev.Our_Partner"/>
  <testcase name="Partner1" time="88.039" classname="Warranty_Test_Case_Dev.Our_Partner"/>
  <testcase name="Partner4" time="98.676" classname="Warranty_Test_Case_Dev.Our_Partner"/>
  <testcase name="Partner3" time="93.491" classname="Warranty_Test_Case_Dev.Our_Partner"/>
  <testcase name="Partner6" time="82.457" classname="Warranty_Test_Case_Dev.Our_Partner"/>
  <testcase name="Partner5" time="85.151" classname="Warranty_Test_Case_Dev.Our_Partner"/>
  <testcase name="Partner2" time="79.066" classname="Warranty_Test_Case_Dev.Our_Partner"/>
  <testcase name="Partner2" time="91.348" classname="Warranty_Test_Case_Dev.Our_Partner"/>
  <testcase name="Partner6" time="76.839" classname="Warranty_Test_Case_Dev.Our_Partner"/>
  <testcase name="Partner1" time="95.605" classname="Warranty_Test_Case_Dev.Our_Partner"/>
  <testcase name="Partner4" time="99.413" classname="Warranty_Test_Case_Dev.Our_Partner"/>
  <testcase name="Partner3" time="83.552" classname="Warranty_Test_Case_Dev.Our_Partner"/>
</testsuite> <!-- Warranty_Test_Case_Dev.Our_Partner -->
