<?xml version="1.0" encoding="UTF-8"?>
<!-- Generated by org.testng.reporters.JUnitReportReporter -->
<testsuite hostname="DESKTOP-N7K85DJ" name="MTL_Test_Cases_Prod.More_offers_TC" tests="2" failures="0" timestamp="8 Mar 2022 09:14:17 GMT" time="157.525" errors="0">
  <testcase name="More_offers" time="107.039" classname="MTL_Test_Cases_Prod.More_offers_TC"/>
  <testcase name="More_offers" time="50.486" classname="MTL_Test_Cases_Prod.More_offers_TC"/>
</testsuite> <!-- MTL_Test_Cases_Prod.More_offers_TC -->
