<?xml version="1.0" encoding="UTF-8"?>
<!-- Generated by org.testng.reporters.JUnitReportReporter -->
<testsuite hostname="DESKTOP-N7K85DJ" name="Casuality_Prod_TC.Menu_Press_Room" tests="2" failures="0" timestamp="26 Apr 2022 09:47:26 GMT" time="182.558" errors="0">
  <testcase name="HomePage" time="119.698" classname="Casuality_Prod_TC.Menu_Press_Room"/>
  <testcase name="HomePage" time="62.860" classname="Casuality_Prod_TC.Menu_Press_Room"/>
</testsuite> <!-- Casuality_Prod_TC.Menu_Press_Room -->
