<?xml version="1.0" encoding="UTF-8"?>
<!-- Generated by org.testng.reporters.JUnitReportReporter -->
<testsuite hostname="DESKTOP-N7K85DJ" name="AFL_Test_Case_Prod.HomePage_TC" tests="2" failures="0" timestamp="21 Feb 2022 13:14:22 GMT" time="311.948" errors="0">
  <testcase name="Home_Page" time="127.701" classname="AFL_Test_Case_Prod.HomePage_TC"/>
  <testcase name="Home_Page" time="184.247" classname="AFL_Test_Case_Prod.HomePage_TC"/>
</testsuite> <!-- AFL_Test_Case_Prod.HomePage_TC -->
