<?xml version="1.0" encoding="UTF-8"?>
<!-- Generated by org.testng.reporters.JUnitReportReporter -->
<testsuite hostname="DESKTOP-N7K85DJ" name="Casuality_Prod_TC.Menu_Contact_Us" tests="2" failures="0" timestamp="16 Feb 2022 08:42:47 GMT" time="100.481" errors="0">
  <testcase name="HomePage" time="34.895" classname="Casuality_Prod_TC.Menu_Contact_Us"/>
  <testcase name="HomePage" time="65.586" classname="Casuality_Prod_TC.Menu_Contact_Us"/>
</testsuite> <!-- Casuality_Prod_TC.Menu_Contact_Us -->
