<?xml version="1.0" encoding="UTF-8"?>
<!-- Generated by org.testng.reporters.JUnitReportReporter -->
<testsuite hostname="DESKTOP-N7K85DJ" name="AUW_Test_case_prod.AUW_CallUpdate" tests="2" failures="0" timestamp="2 Mar 2022 14:47:22 GMT" time="140.604" errors="0">
  <testcase name="main" time="89.544" classname="AUW_Test_case_prod.AUW_CallUpdate"/>
  <testcase name="main" time="51.060" classname="AUW_Test_case_prod.AUW_CallUpdate"/>
</testsuite> <!-- AUW_Test_case_prod.AUW_CallUpdate -->
