<?xml version="1.0" encoding="UTF-8"?>
<!-- Generated by org.testng.reporters.JUnitReportReporter -->
<testsuite hostname="DESKTOP-N7K85DJ" name="Warranty_Test_Case_Prod.Partner_With_US" tests="2" failures="0" timestamp="21 Feb 2022 13:14:22 GMT" time="70.706" errors="0">
  <testcase name="partner" time="48.862" classname="Warranty_Test_Case_Prod.Partner_With_US"/>
  <testcase name="partner" time="21.844" classname="Warranty_Test_Case_Prod.Partner_With_US"/>
</testsuite> <!-- Warranty_Test_Case_Prod.Partner_With_US -->
