<?xml version="1.0" encoding="UTF-8"?>
<!-- Generated by org.testng.reporters.JUnitReportReporter -->
<testsuite hostname="DESKTOP-N7K85DJ" name="Adler_TestCases_Prod.Home" tests="2" failures="0" timestamp="15 Dec 2021 11:56:30 GMT" time="55.841" errors="0">
  <testcase name="main_Home_Page" time="26.369" classname="Adler_TestCases_Prod.Home"/>
  <testcase name="main_Home_Page" time="29.472" classname="Adler_TestCases_Prod.Home"/>
</testsuite> <!-- Adler_TestCases_Prod.Home -->
