<?xml version="1.0" encoding="UTF-8"?>
<!-- Generated by org.testng.reporters.JUnitReportReporter -->
<testsuite hostname="DESKTOP-N7K85DJ" name="Warranty_Test_Case_Prod.About_US" tests="2" failures="0" timestamp="2 Mar 2022 14:47:22 GMT" time="131.455" errors="0">
  <testcase name="Home_page" time="42.499" classname="Warranty_Test_Case_Prod.About_US"/>
  <testcase name="Home_page" time="88.956" classname="Warranty_Test_Case_Prod.About_US"/>
</testsuite> <!-- Warranty_Test_Case_Prod.About_US -->
