<?xml version="1.0" encoding="UTF-8"?>
<!-- Generated by org.testng.reporters.JUnitReportReporter -->
<testsuite hostname="DESKTOP-N7K85DJ" name="Adler_TestCases_Prod.News" tests="2" failures="0" timestamp="25 Apr 2022 10:19:01 GMT" time="287.483" errors="0">
  <testcase name="main_Home_Page" time="160.551" classname="Adler_TestCases_Prod.News"/>
  <testcase name="main_Home_Page" time="126.932" classname="Adler_TestCases_Prod.News"/>
</testsuite> <!-- Adler_TestCases_Prod.News -->
