<?xml version="1.0" encoding="UTF-8"?>
<!-- Generated by org.testng.reporters.JUnitReportReporter -->
<testsuite hostname="DESKTOP-N7K85DJ" name="Promesa_Test_Case_Prod.Footer" tests="10" failures="0" timestamp="12 Apr 2022 09:44:22 GMT" time="197.727" errors="0">
  <testcase name="Footer_instagram" time="17.896" classname="Promesa_Test_Case_Prod.Footer"/>
  <testcase name="Footer_facebook" time="30.071" classname="Promesa_Test_Case_Prod.Footer"/>
  <testcase name="Footer_twitter" time="12.271" classname="Promesa_Test_Case_Prod.Footer"/>
  <testcase name="Footer_PrivacyPolicy" time="25.876" classname="Promesa_Test_Case_Prod.Footer"/>
  <testcase name="Footer_facebook" time="24.586" classname="Promesa_Test_Case_Prod.Footer"/>
  <testcase name="Footer_PrivacyPolicy" time="30.424" classname="Promesa_Test_Case_Prod.Footer"/>
  <testcase name="Footer_linkedin" time="16.903" classname="Promesa_Test_Case_Prod.Footer"/>
  <testcase name="Footer_twitter" time="16.237" classname="Promesa_Test_Case_Prod.Footer"/>
  <testcase name="Footer_instagram" time="11.917" classname="Promesa_Test_Case_Prod.Footer"/>
  <testcase name="Footer_linkedin" time="11.546" classname="Promesa_Test_Case_Prod.Footer"/>
</testsuite> <!-- Promesa_Test_Case_Prod.Footer -->
