<?xml version="1.0" encoding="UTF-8"?>
<!-- Generated by org.testng.reporters.JUnitReportReporter -->
<testsuite hostname="DESKTOP-N7K85DJ" name="Warranty_Test_Case_Prod.Contact_US" tests="2" failures="0" timestamp="17 Feb 2022 12:40:42 GMT" time="178.611" errors="0">
  <testcase name="ContactUS" time="118.505" classname="Warranty_Test_Case_Prod.Contact_US"/>
  <testcase name="ContactUS" time="60.106" classname="Warranty_Test_Case_Prod.Contact_US"/>
</testsuite> <!-- Warranty_Test_Case_Prod.Contact_US -->
