<?xml version="1.0" encoding="UTF-8"?>
<!-- Generated by org.testng.reporters.JUnitReportReporter -->
<testsuite hostname="DESKTOP-N7K85DJ" name="AUW_Test_Case_dev.AUW_NJ_Update" tests="2" failures="0" timestamp="18 Jan 2022 10:21:18 GMT" time="111.238" errors="0">
  <testcase name="main" time="62.963" classname="AUW_Test_Case_dev.AUW_NJ_Update"/>
  <testcase name="main" time="48.275" classname="AUW_Test_Case_dev.AUW_NJ_Update"/>
</testsuite> <!-- AUW_Test_Case_dev.AUW_NJ_Update -->
