<?xml version="1.0" encoding="UTF-8"?>
<!-- Generated by org.testng.reporters.JUnitReportReporter -->
<testsuite hostname="DESKTOP-N7K85DJ" name="AUW_Test_case_prod.AUW_Intelligence_TC" tests="2" failures="0" timestamp="1 Mar 2022 12:40:42 GMT" time="235.896" errors="0">
  <testcase name="main" time="139.228" classname="AUW_Test_case_prod.AUW_Intelligence_TC"/>
  <testcase name="main" time="96.668" classname="AUW_Test_case_prod.AUW_Intelligence_TC"/>
</testsuite> <!-- AUW_Test_case_prod.AUW_Intelligence_TC -->
