<?xml version="1.0" encoding="UTF-8"?>
<!-- Generated by org.testng.reporters.JUnitReportReporter -->
<testsuite hostname="DESKTOP-N7K85DJ" name="AUW_Global_Test_Cases_Prod.LearnMore_TC" tests="2" failures="0" timestamp="1 Apr 2022 10:47:35 GMT" time="69.936" errors="0">
  <testcase name="LearnMore" time="24.510" classname="AUW_Global_Test_Cases_Prod.LearnMore_TC"/>
  <testcase name="LearnMore" time="45.426" classname="AUW_Global_Test_Cases_Prod.LearnMore_TC"/>
</testsuite> <!-- AUW_Global_Test_Cases_Prod.LearnMore_TC -->
