<?xml version="1.0" encoding="UTF-8"?>
<!-- Generated by org.testng.reporters.JUnitReportReporter -->
<testsuite hostname="DESKTOP-N7K85DJ" name="AUW_Test_Case_dev.AUW_Experience" tests="2" failures="0" timestamp="9 Dec 2021 11:12:25 GMT" time="573.176" errors="0">
  <testcase name="main" time="280.122" classname="AUW_Test_Case_dev.AUW_Experience"/>
  <testcase name="main" time="293.054" classname="AUW_Test_Case_dev.AUW_Experience"/>
</testsuite> <!-- AUW_Test_Case_dev.AUW_Experience -->
