<?xml version="1.0" encoding="UTF-8"?>
<!-- Generated by org.testng.reporters.JUnitReportReporter -->
<testsuite hostname="DESKTOP-N7K85DJ" name="AUW_Test_case_prod.AUW_Intelligence_TC" tests="2" failures="0" timestamp="30 Mar 2022 07:00:45 GMT" time="188.265" errors="0">
  <testcase name="main" time="102.460" classname="AUW_Test_case_prod.AUW_Intelligence_TC"/>
  <testcase name="main" time="85.805" classname="AUW_Test_case_prod.AUW_Intelligence_TC"/>
</testsuite> <!-- AUW_Test_case_prod.AUW_Intelligence_TC -->
