<?xml version="1.0" encoding="UTF-8"?>
<!-- Generated by org.testng.reporters.JUnitReportReporter -->
<testsuite hostname="DESKTOP-N7K85DJ" name="Casuality_Prod_TC.Menu_About_US" tests="2" failures="0" timestamp="4 Feb 2022 11:48:19 GMT" time="97.218" errors="0">
  <testcase name="HomePage" time="49.953" classname="Casuality_Prod_TC.Menu_About_US"/>
  <testcase name="HomePage" time="47.265" classname="Casuality_Prod_TC.Menu_About_US"/>
</testsuite> <!-- Casuality_Prod_TC.Menu_About_US -->
