<?xml version="1.0" encoding="UTF-8"?>
<!-- Generated by org.testng.reporters.JUnitReportReporter -->
<testsuite hostname="DESKTOP-N7K85DJ" name="AUW_Test_case_prod.AUW_AboutUS" tests="2" failures="0" timestamp="21 Mar 2022 16:07:43 GMT" time="195.745" errors="0">
  <testcase name="AboutUS" time="124.819" classname="AUW_Test_case_prod.AUW_AboutUS"/>
  <testcase name="AboutUS" time="70.926" classname="AUW_Test_case_prod.AUW_AboutUS"/>
</testsuite> <!-- AUW_Test_case_prod.AUW_AboutUS -->
