<?xml version="1.0" encoding="UTF-8"?>
<!-- Generated by org.testng.reporters.JUnitReportReporter -->
<testsuite hostname="DESKTOP-N7K85DJ" name="Warranty_Test_Case_Prod.Our_Partner" tests="12" failures="0" timestamp="21 Mar 2022 14:33:38 GMT" time="1214.391" errors="0">
  <testcase name="Partner5" time="96.442" classname="Warranty_Test_Case_Prod.Our_Partner"/>
  <testcase name="Partner1" time="77.141" classname="Warranty_Test_Case_Prod.Our_Partner"/>
  <testcase name="Partner2" time="153.014" classname="Warranty_Test_Case_Prod.Our_Partner"/>
  <testcase name="Partner3" time="118.206" classname="Warranty_Test_Case_Prod.Our_Partner"/>
  <testcase name="Partner5" time="76.856" classname="Warranty_Test_Case_Prod.Our_Partner"/>
  <testcase name="Partner6" time="78.172" classname="Warranty_Test_Case_Prod.Our_Partner"/>
  <testcase name="Partner4" time="79.458" classname="Warranty_Test_Case_Prod.Our_Partner"/>
  <testcase name="Partner1" time="171.874" classname="Warranty_Test_Case_Prod.Our_Partner"/>
  <testcase name="Partner3" time="74.637" classname="Warranty_Test_Case_Prod.Our_Partner"/>
  <testcase name="Partner2" time="83.265" classname="Warranty_Test_Case_Prod.Our_Partner"/>
  <testcase name="Partner4" time="129.140" classname="Warranty_Test_Case_Prod.Our_Partner"/>
  <testcase name="Partner6" time="76.186" classname="Warranty_Test_Case_Prod.Our_Partner"/>
</testsuite> <!-- Warranty_Test_Case_Prod.Our_Partner -->
