<?xml version="1.0" encoding="UTF-8"?>
<!-- Generated by org.testng.reporters.JUnitReportReporter -->
<testsuite hostname="DESKTOP-N7K85DJ" name="Pinnacle_Test_Cases_Development.HomePage_TC" tests="2" failures="0" timestamp="28 Feb 2022 07:58:39 GMT" time="163.427" errors="0">
  <testcase name="main_Home_Page" time="81.768" classname="Pinnacle_Test_Cases_Development.HomePage_TC"/>
  <testcase name="main_Home_Page" time="81.659" classname="Pinnacle_Test_Cases_Development.HomePage_TC"/>
</testsuite> <!-- Pinnacle_Test_Cases_Development.HomePage_TC -->
