<?xml version="1.0" encoding="UTF-8"?>
<!-- Generated by org.testng.reporters.JUnitReportReporter -->
<testsuite hostname="DESKTOP-N7K85DJ" name="Casuality_Prod_TC.Home_page" tests="2" failures="0" timestamp="27 Apr 2022 11:15:08 GMT" time="193.623" errors="0">
  <testcase name="HomePage" time="74.879" classname="Casuality_Prod_TC.Home_page"/>
  <testcase name="HomePage" time="118.744" classname="Casuality_Prod_TC.Home_page"/>
</testsuite> <!-- Casuality_Prod_TC.Home_page -->
