<?xml version="1.0" encoding="UTF-8"?>
<!-- Generated by org.testng.reporters.JUnitReportReporter -->
<testsuite hostname="DESKTOP-N7K85DJ" name="Careers_Test_case_Prod.Footer" tests="5" failures="0" timestamp="22 Apr 2022 13:38:18 GMT" time="118.263" errors="0">
  <testcase name="AUW_Facebook" time="25.183" classname="Careers_Test_case_Prod.Footer"/>
  <testcase name="AUW_Instagram" time="20.461" classname="Careers_Test_case_Prod.Footer"/>
  <testcase name="AUW_Linkedin" time="16.182" classname="Careers_Test_case_Prod.Footer"/>
  <testcase name="AUW_twitter" time="22.456" classname="Careers_Test_case_Prod.Footer"/>
  <testcase name="AUW_Policy" time="33.981" classname="Careers_Test_case_Prod.Footer"/>
</testsuite> <!-- Careers_Test_case_Prod.Footer -->
