<?xml version="1.0" encoding="UTF-8"?>
<!-- Generated by org.testng.reporters.JUnitReportReporter -->
<testsuite hostname="DESKTOP-N7K85DJ" name="Casuality_Prod_TC.Menu_Contact_Us" tests="2" failures="0" timestamp="17 Feb 2022 12:40:42 GMT" time="140.075" errors="0">
  <testcase name="HomePage" time="36.782" classname="Casuality_Prod_TC.Menu_Contact_Us"/>
  <testcase name="HomePage" time="103.293" classname="Casuality_Prod_TC.Menu_Contact_Us"/>
</testsuite> <!-- Casuality_Prod_TC.Menu_Contact_Us -->
