<?xml version="1.0" encoding="UTF-8"?>
<!-- Generated by org.testng.reporters.JUnitReportReporter -->
<testsuite hostname="DESKTOP-N7K85DJ" name="Adler_TestCases_Development.News" tests="2" failures="0" timestamp="15 Dec 2021 09:54:42 GMT" time="254.622" errors="0">
  <testcase name="main_Home_Page" time="129.702" classname="Adler_TestCases_Development.News"/>
  <testcase name="main_Home_Page" time="124.920" classname="Adler_TestCases_Development.News"/>
</testsuite> <!-- Adler_TestCases_Development.News -->
