<?xml version="1.0" encoding="UTF-8"?>
<!-- Generated by org.testng.reporters.JUnitReportReporter -->
<testsuite hostname="DESKTOP-N7K85DJ" name="Careers_Test_case_Development.Footer" tests="2" failures="0" timestamp="12 Jan 2022 10:17:31 GMT" time="225.848" errors="0">
  <testcase name="AUW_Footer" time="100.920" classname="Careers_Test_case_Development.Footer"/>
  <testcase name="AUW_Footer" time="124.928" classname="Careers_Test_case_Development.Footer"/>
</testsuite> <!-- Careers_Test_case_Development.Footer -->
