<?xml version="1.0" encoding="UTF-8"?>
<!-- Generated by org.testng.reporters.JUnitReportReporter -->
<testsuite hostname="DESKTOP-N7K85DJ" name="MTL_Test_Cases_Prod.More_offers_TC" tests="2" failures="0" timestamp="27 Apr 2022 11:15:08 GMT" time="103.802" errors="0">
  <testcase name="More_offers" time="59.115" classname="MTL_Test_Cases_Prod.More_offers_TC"/>
  <testcase name="More_offers" time="44.687" classname="MTL_Test_Cases_Prod.More_offers_TC"/>
</testsuite> <!-- MTL_Test_Cases_Prod.More_offers_TC -->
