<?xml version="1.0" encoding="UTF-8"?>
<!-- Generated by org.testng.reporters.JUnitReportReporter -->
<testsuite hostname="DESKTOP-N7K85DJ" name="Speciality_underwriters_Test_Case_Prod.Contact_US_TC" tests="2" failures="0" timestamp="12 Apr 2022 07:47:29 GMT" time="64.922" errors="0">
  <testcase name="Footer" time="36.287" classname="Speciality_underwriters_Test_Case_Prod.Contact_US_TC"/>
  <testcase name="Footer" time="28.635" classname="Speciality_underwriters_Test_Case_Prod.Contact_US_TC"/>
</testsuite> <!-- Speciality_underwriters_Test_Case_Prod.Contact_US_TC -->
