<?xml version="1.0" encoding="UTF-8"?>
<!-- Generated by org.testng.reporters.JUnitReportReporter -->
<testsuite hostname="DESKTOP-N7K85DJ" name="AUW_Test_case_prod.AUW_Experience" tests="2" failures="0" timestamp="21 Feb 2022 13:14:22 GMT" time="698.092" errors="0">
  <testcase name="main" time="331.761" classname="AUW_Test_case_prod.AUW_Experience"/>
  <testcase name="main" time="366.331" classname="AUW_Test_case_prod.AUW_Experience"/>
</testsuite> <!-- AUW_Test_case_prod.AUW_Experience -->
