<?xml version="1.0" encoding="UTF-8"?>
<!-- Generated by org.testng.reporters.JUnitReportReporter -->
<testsuite hostname="DESKTOP-N7K85DJ" name="Careers_Test_case_Development.Footer" tests="2" failures="0" timestamp="28 Feb 2022 07:58:39 GMT" time="300.983" errors="0">
  <testcase name="AUW_Footer" time="112.519" classname="Careers_Test_case_Development.Footer"/>
  <testcase name="AUW_Footer" time="188.464" classname="Careers_Test_case_Development.Footer"/>
</testsuite> <!-- Careers_Test_case_Development.Footer -->
