<?xml version="1.0" encoding="UTF-8"?>
<!-- Generated by org.testng.reporters.JUnitReportReporter -->
<testsuite hostname="DESKTOP-N7K85DJ" name="AUW_Test_case_prod.AUW_Experience" tests="2" failures="0" timestamp="4 Jan 2022 15:10:58 GMT" time="714.458" errors="0">
  <testcase name="main" time="360.541" classname="AUW_Test_case_prod.AUW_Experience"/>
  <testcase name="main" time="353.917" classname="AUW_Test_case_prod.AUW_Experience"/>
</testsuite> <!-- AUW_Test_case_prod.AUW_Experience -->
