<?xml version="1.0" encoding="UTF-8"?>
<!-- Generated by org.testng.reporters.JUnitReportReporter -->
<testsuite hostname="DESKTOP-N7K85DJ" name="Adler_TestCases_Prod.News" tests="2" failures="0" timestamp="7 Feb 2022 13:48:17 GMT" time="302.492" errors="0">
  <testcase name="main_Home_Page" time="168.487" classname="Adler_TestCases_Prod.News"/>
  <testcase name="main_Home_Page" time="134.005" classname="Adler_TestCases_Prod.News"/>
</testsuite> <!-- Adler_TestCases_Prod.News -->
