<?xml version="1.0" encoding="UTF-8"?>
<!-- Generated by org.testng.reporters.JUnitReportReporter -->
<testsuite hostname="DESKTOP-N7K85DJ" name="Speciality_underwriters_Test_Case_Dev.Contact_US_TC" tests="2" failures="0" timestamp="17 Feb 2022 14:18:50 GMT" time="66.918" errors="0">
  <testcase name="Footer" time="29.789" classname="Speciality_underwriters_Test_Case_Dev.Contact_US_TC"/>
  <testcase name="Footer" time="37.129" classname="Speciality_underwriters_Test_Case_Dev.Contact_US_TC"/>
</testsuite> <!-- Speciality_underwriters_Test_Case_Dev.Contact_US_TC -->
