<?xml version="1.0" encoding="UTF-8"?>
<!-- Generated by org.testng.reporters.JUnitReportReporter -->
<testsuite hostname="DESKTOP-N7K85DJ" name="AUW_Test_case_prod.AUW_AboutUS" tests="2" failures="0" timestamp="10 Feb 2022 16:20:34 GMT" time="246.874" errors="0">
  <testcase name="AboutUS" time="165.741" classname="AUW_Test_case_prod.AUW_AboutUS"/>
  <testcase name="AboutUS" time="81.133" classname="AUW_Test_case_prod.AUW_AboutUS"/>
</testsuite> <!-- AUW_Test_case_prod.AUW_AboutUS -->
