<?xml version="1.0" encoding="UTF-8"?>
<!-- Generated by org.testng.reporters.JUnitReportReporter -->
<testsuite hostname="DESKTOP-N7K85DJ" name="AUW_Test_case_prod.AUW_AboutUS" tests="2" failures="0" timestamp="18 Feb 2022 14:06:49 GMT" time="176.159" errors="0">
  <testcase name="AboutUS" time="97.684" classname="AUW_Test_case_prod.AUW_AboutUS"/>
  <testcase name="AboutUS" time="78.475" classname="AUW_Test_case_prod.AUW_AboutUS"/>
</testsuite> <!-- AUW_Test_case_prod.AUW_AboutUS -->
