<?xml version="1.0" encoding="UTF-8"?>
<!-- Generated by org.testng.reporters.JUnitReportReporter -->
<testsuite hostname="DESKTOP-N7K85DJ" name="Solution_one_Prod.Footer_Production" tests="2" failures="0" timestamp="4 Mar 2022 11:36:24 GMT" time="189.218" errors="0">
  <testcase name="Footer" time="63.238" classname="Solution_one_Prod.Footer_Production"/>
  <testcase name="Footer" time="125.980" classname="Solution_one_Prod.Footer_Production"/>
</testsuite> <!-- Solution_one_Prod.Footer_Production -->
