<?xml version="1.0" encoding="UTF-8"?>
<!-- Generated by org.testng.reporters.JUnitReportReporter -->
<testsuite hostname="DESKTOP-N7K85DJ" name="Warranty_Test_Case_Dev.Contact_US" tests="2" failures="0" timestamp="28 Feb 2022 07:58:39 GMT" time="186.653" errors="0">
  <testcase name="ContactUS" time="95.878" classname="Warranty_Test_Case_Dev.Contact_US"/>
  <testcase name="ContactUS" time="90.775" classname="Warranty_Test_Case_Dev.Contact_US"/>
</testsuite> <!-- Warranty_Test_Case_Dev.Contact_US -->
