<?xml version="1.0" encoding="UTF-8"?>
<!-- Generated by org.testng.reporters.JUnitReportReporter -->
<testsuite hostname="DESKTOP-N7K85DJ" name="AFL_Test_Case_Prod.Footer_TC" tests="2" failures="0" timestamp="11 Mar 2022 13:55:32 GMT" time="273.606" errors="0">
  <testcase name="Footer" time="196.468" classname="AFL_Test_Case_Prod.Footer_TC"/>
  <testcase name="Footer" time="77.138" classname="AFL_Test_Case_Prod.Footer_TC"/>
</testsuite> <!-- AFL_Test_Case_Prod.Footer_TC -->
