<?xml version="1.0" encoding="UTF-8"?>
<!-- Generated by org.testng.reporters.JUnitReportReporter -->
<testsuite hostname="DESKTOP-N7K85DJ" name="Warranty_Test_Case_Prod.About_US" tests="2" failures="0" timestamp="15 Mar 2022 11:30:31 GMT" time="84.132" errors="0">
  <testcase name="Home_page" time="43.509" classname="Warranty_Test_Case_Prod.About_US"/>
  <testcase name="Home_page" time="40.623" classname="Warranty_Test_Case_Prod.About_US"/>
</testsuite> <!-- Warranty_Test_Case_Prod.About_US -->
