<?xml version="1.0" encoding="UTF-8"?>
<!-- Generated by org.testng.reporters.JUnitReportReporter -->
<testsuite hostname="DESKTOP-N7K85DJ" name="Promesa_Test_Case_Prod.Change_language" tests="2" failures="0" timestamp="2 May 2022 07:01:07 GMT" time="27.535" errors="0">
  <testcase name="Change_Language" time="11.289" classname="Promesa_Test_Case_Prod.Change_language"/>
  <testcase name="Change_Language" time="16.246" classname="Promesa_Test_Case_Prod.Change_language"/>
</testsuite> <!-- Promesa_Test_Case_Prod.Change_language -->
