<?xml version="1.0" encoding="UTF-8"?>
<!-- Generated by org.testng.reporters.JUnitReportReporter -->
<testsuite hostname="DESKTOP-N7K85DJ" name="Adler_TestCases_Prod.Home" tests="2" failures="0" timestamp="26 Apr 2022 09:47:26 GMT" time="91.113" errors="0">
  <testcase name="main_Home_Page" time="60.771" classname="Adler_TestCases_Prod.Home"/>
  <testcase name="main_Home_Page" time="30.342" classname="Adler_TestCases_Prod.Home"/>
</testsuite> <!-- Adler_TestCases_Prod.Home -->
