<?xml version="1.0" encoding="UTF-8"?>
<!-- Generated by org.testng.reporters.JUnitReportReporter -->
<testsuite hostname="DESKTOP-N7K85DJ" name="Tradewel_Test_Cases_Production.About_US" tests="2" failures="0" timestamp="5 May 2022 09:54:47 GMT" time="116.925" errors="0">
  <testcase name="main_Home_Page" time="69.668" classname="Tradewel_Test_Cases_Production.About_US"/>
  <testcase name="main_Home_Page" time="47.257" classname="Tradewel_Test_Cases_Production.About_US"/>
</testsuite> <!-- Tradewel_Test_Cases_Production.About_US -->
