<?xml version="1.0" encoding="UTF-8"?>
<!-- Generated by org.testng.reporters.JUnitReportReporter -->
<testsuite hostname="DESKTOP-N7K85DJ" name="Solution_one_Prod.Footer_Production" tests="2" failures="0" timestamp="14 Jan 2022 12:33:11 GMT" time="473.596" errors="0">
  <testcase name="Footer" time="59.243" classname="Solution_one_Prod.Footer_Production"/>
  <testcase name="Footer" time="414.353" classname="Solution_one_Prod.Footer_Production"/>
</testsuite> <!-- Solution_one_Prod.Footer_Production -->
