<?xml version="1.0" encoding="UTF-8"?>
<!-- Generated by org.testng.reporters.JUnitReportReporter -->
<testsuite hostname="DESKTOP-N7K85DJ" name="Promesa_Test_Case_Prod.Change_language" tests="2" failures="0" timestamp="15 Dec 2021 11:56:30 GMT" time="22.355" errors="0">
  <testcase name="Change_Language" time="9.910" classname="Promesa_Test_Case_Prod.Change_language"/>
  <testcase name="Change_Language" time="12.445" classname="Promesa_Test_Case_Prod.Change_language"/>
</testsuite> <!-- Promesa_Test_Case_Prod.Change_language -->
