<?xml version="1.0" encoding="UTF-8"?>
<!-- Generated by org.testng.reporters.JUnitReportReporter -->
<testsuite hostname="DESKTOP-N7K85DJ" name="AUW_Test_case_prod.AUW_PPP" tests="2" failures="0" timestamp="10 May 2022 11:54:17 GMT" time="87.600" errors="0">
  <testcase name="main" time="61.416" classname="AUW_Test_case_prod.AUW_PPP"/>
  <testcase name="main" time="26.184" classname="AUW_Test_case_prod.AUW_PPP"/>
</testsuite> <!-- AUW_Test_case_prod.AUW_PPP -->
