<?xml version="1.0" encoding="UTF-8"?>
<!-- Generated by org.testng.reporters.JUnitReportReporter -->
<testsuite hostname="DESKTOP-N7K85DJ" name="Promesa_Test_Case_Prod.FAQ" tests="1" failures="0" timestamp="24 Feb 2022 14:29:27 GMT" time="34.127" errors="0">
  <testcase name="Siheading_2" time="34.127" classname="Promesa_Test_Case_Prod.FAQ"/>
</testsuite> <!-- Promesa_Test_Case_Prod.FAQ -->
