<?xml version="1.0" encoding="UTF-8"?>
<!-- Generated by org.testng.reporters.JUnitReportReporter -->
<testsuite hostname="DESKTOP-N7K85DJ" name="AUW_Test_case_prod.AUW_Intelligence_TC" tests="2" failures="0" timestamp="4 Jan 2022 15:10:58 GMT" time="257.501" errors="0">
  <testcase name="main" time="130.256" classname="AUW_Test_case_prod.AUW_Intelligence_TC"/>
  <testcase name="main" time="127.245" classname="AUW_Test_case_prod.AUW_Intelligence_TC"/>
</testsuite> <!-- AUW_Test_case_prod.AUW_Intelligence_TC -->
