<?xml version="1.0" encoding="UTF-8"?>
<!-- Generated by org.testng.reporters.JUnitReportReporter -->
<testsuite hostname="DESKTOP-N7K85DJ" name="AUW_Test_case_prod.AUW_AboutUS" tests="2" failures="0" timestamp="27 Jan 2022 13:33:16 GMT" time="294.087" errors="0">
  <testcase name="AboutUS" time="209.336" classname="AUW_Test_case_prod.AUW_AboutUS"/>
  <testcase name="AboutUS" time="84.751" classname="AUW_Test_case_prod.AUW_AboutUS"/>
</testsuite> <!-- AUW_Test_case_prod.AUW_AboutUS -->
