<?xml version="1.0" encoding="UTF-8"?>
<!-- Generated by org.testng.reporters.JUnitReportReporter -->
<testsuite hostname="DESKTOP-N7K85DJ" name="Casuality_Prod_TC.Home_page" tests="2" failures="0" timestamp="23 Mar 2022 12:03:17 GMT" time="236.835" errors="0">
  <testcase name="HomePage" time="73.068" classname="Casuality_Prod_TC.Home_page"/>
  <testcase name="HomePage" time="163.767" classname="Casuality_Prod_TC.Home_page"/>
</testsuite> <!-- Casuality_Prod_TC.Home_page -->
