<?xml version="1.0" encoding="UTF-8"?>
<!-- Generated by org.testng.reporters.JUnitReportReporter -->
<testsuite hostname="DESKTOP-N7K85DJ" name="AUW_Test_case_prod.AUW_PPP" tests="2" failures="0" timestamp="1 Mar 2022 12:40:42 GMT" time="75.978" errors="0">
  <testcase name="main" time="45.730" classname="AUW_Test_case_prod.AUW_PPP"/>
  <testcase name="main" time="30.248" classname="AUW_Test_case_prod.AUW_PPP"/>
</testsuite> <!-- AUW_Test_case_prod.AUW_PPP -->
