<?xml version="1.0" encoding="UTF-8"?>
<!-- Generated by org.testng.reporters.JUnitReportReporter -->
<testsuite hostname="DESKTOP-N7K85DJ" name="AUW_Test_Case_dev.AUW_PPP" tests="2" failures="0" timestamp="28 Feb 2022 07:58:39 GMT" time="66.468" errors="0">
  <testcase name="main" time="37.972" classname="AUW_Test_Case_dev.AUW_PPP"/>
  <testcase name="main" time="28.496" classname="AUW_Test_Case_dev.AUW_PPP"/>
</testsuite> <!-- AUW_Test_Case_dev.AUW_PPP -->
