<?xml version="1.0" encoding="UTF-8"?>
<!-- Generated by org.testng.reporters.JUnitReportReporter -->
<testsuite hostname="DESKTOP-N7K85DJ" name="Warranty_Test_Case_Dev.Contact_US" tests="2" failures="0" timestamp="11 Feb 2022 14:03:17 GMT" time="213.393" errors="0">
  <testcase name="ContactUS" time="99.440" classname="Warranty_Test_Case_Dev.Contact_US"/>
  <testcase name="ContactUS" time="113.953" classname="Warranty_Test_Case_Dev.Contact_US"/>
</testsuite> <!-- Warranty_Test_Case_Dev.Contact_US -->
