<?xml version="1.0" encoding="UTF-8"?>
<!-- Generated by org.testng.reporters.JUnitReportReporter -->
<testsuite hostname="DESKTOP-N7K85DJ" name="AUW_Test_case_prod.AUW_header_web_Prod" tests="2" failures="0" timestamp="4 Jan 2022 15:10:58 GMT" time="125.250" errors="0">
  <testcase name="main" time="71.098" classname="AUW_Test_case_prod.AUW_header_web_Prod"/>
  <testcase name="main" time="54.152" classname="AUW_Test_case_prod.AUW_header_web_Prod"/>
</testsuite> <!-- AUW_Test_case_prod.AUW_header_web_Prod -->
