<?xml version="1.0" encoding="UTF-8"?>
<!-- Generated by org.testng.reporters.JUnitReportReporter -->
<testsuite hostname="DESKTOP-N7K85DJ" name="Casuality_Dev_TC.Menu_Contact_Us" tests="1" failures="0" timestamp="9 Jun 2022 14:42:54 GMT" time="37.491" errors="0">
  <testcase name="HomePage" time="37.491" classname="Casuality_Dev_TC.Menu_Contact_Us"/>
</testsuite> <!-- Casuality_Dev_TC.Menu_Contact_Us -->
