<?xml version="1.0" encoding="UTF-8"?>
<!-- Generated by org.testng.reporters.JUnitReportReporter -->
<testsuite hostname="DESKTOP-N7K85DJ" name="Adler_TestCases_Prod.Home" tests="2" failures="0" timestamp="31 Mar 2022 09:38:46 GMT" time="111.874" errors="0">
  <testcase name="main_Home_Page" time="45.542" classname="Adler_TestCases_Prod.Home"/>
  <testcase name="main_Home_Page" time="66.332" classname="Adler_TestCases_Prod.Home"/>
</testsuite> <!-- Adler_TestCases_Prod.Home -->
