<?xml version="1.0" encoding="UTF-8"?>
<!-- Generated by org.testng.reporters.JUnitReportReporter -->
<testsuite hostname="DESKTOP-N7K85DJ" name="Warranty_Test_Case_Dev.Our_Partner" tests="12" failures="0" timestamp="10 Feb 2022 13:28:21 GMT" time="1340.813" errors="0">
  <testcase name="Partner4" time="84.501" classname="Warranty_Test_Case_Dev.Our_Partner"/>
  <testcase name="Partner5" time="90.125" classname="Warranty_Test_Case_Dev.Our_Partner"/>
  <testcase name="Partner1" time="93.730" classname="Warranty_Test_Case_Dev.Our_Partner"/>
  <testcase name="Partner3" time="91.476" classname="Warranty_Test_Case_Dev.Our_Partner"/>
  <testcase name="Partner2" time="88.173" classname="Warranty_Test_Case_Dev.Our_Partner"/>
  <testcase name="Partner4" time="128.123" classname="Warranty_Test_Case_Dev.Our_Partner"/>
  <testcase name="Partner1" time="120.179" classname="Warranty_Test_Case_Dev.Our_Partner"/>
  <testcase name="Partner5" time="108.177" classname="Warranty_Test_Case_Dev.Our_Partner"/>
  <testcase name="Partner2" time="146.032" classname="Warranty_Test_Case_Dev.Our_Partner"/>
  <testcase name="Partner3" time="145.944" classname="Warranty_Test_Case_Dev.Our_Partner"/>
  <testcase name="Partner6" time="88.408" classname="Warranty_Test_Case_Dev.Our_Partner"/>
  <testcase name="Partner6" time="155.945" classname="Warranty_Test_Case_Dev.Our_Partner"/>
</testsuite> <!-- Warranty_Test_Case_Dev.Our_Partner -->
