<?xml version="1.0" encoding="UTF-8"?>
<!-- Generated by org.testng.reporters.JUnitReportReporter -->
<testsuite hostname="DESKTOP-N7K85DJ" name="Adler_TestCases_Prod.News" tests="2" failures="0" timestamp="22 Apr 2022 10:04:10 GMT" time="293.560" errors="0">
  <testcase name="main_Home_Page" time="169.132" classname="Adler_TestCases_Prod.News"/>
  <testcase name="main_Home_Page" time="124.428" classname="Adler_TestCases_Prod.News"/>
</testsuite> <!-- Adler_TestCases_Prod.News -->
