<?xml version="1.0" encoding="UTF-8"?>
<!-- Generated by org.testng.reporters.JUnitReportReporter -->
<testsuite hostname="DESKTOP-N7K85DJ" name="Promesa_Test_Case_Prod.Footer" tests="10" failures="0" timestamp="31 Mar 2022 13:16:00 GMT" time="197.077" errors="0">
  <testcase name="Footer_instagram" time="16.943" classname="Promesa_Test_Case_Prod.Footer"/>
  <testcase name="Footer_facebook" time="25.078" classname="Promesa_Test_Case_Prod.Footer"/>
  <testcase name="Footer_facebook" time="29.699" classname="Promesa_Test_Case_Prod.Footer"/>
  <testcase name="Footer_twitter" time="11.728" classname="Promesa_Test_Case_Prod.Footer"/>
  <testcase name="Footer_PrivacyPolicy" time="32.135" classname="Promesa_Test_Case_Prod.Footer"/>
  <testcase name="Footer_linkedin" time="16.863" classname="Promesa_Test_Case_Prod.Footer"/>
  <testcase name="Footer_twitter" time="16.092" classname="Promesa_Test_Case_Prod.Footer"/>
  <testcase name="Footer_instagram" time="11.996" classname="Promesa_Test_Case_Prod.Footer"/>
  <testcase name="Footer_linkedin" time="12.555" classname="Promesa_Test_Case_Prod.Footer"/>
  <testcase name="Footer_PrivacyPolicy" time="23.988" classname="Promesa_Test_Case_Prod.Footer"/>
</testsuite> <!-- Promesa_Test_Case_Prod.Footer -->
