<?xml version="1.0" encoding="UTF-8"?>
<!-- Generated by org.testng.reporters.JUnitReportReporter -->
<testsuite hostname="DESKTOP-N7K85DJ" name="AFL_Test_Case_Prod.HomePage_TC" tests="2" failures="0" timestamp="30 Mar 2022 07:35:15 GMT" time="226.286" errors="0">
  <testcase name="Home_Page" time="105.553" classname="AFL_Test_Case_Prod.HomePage_TC"/>
  <testcase name="Home_Page" time="120.733" classname="AFL_Test_Case_Prod.HomePage_TC"/>
</testsuite> <!-- AFL_Test_Case_Prod.HomePage_TC -->
