<?xml version="1.0" encoding="UTF-8"?>
<!-- Generated by org.testng.reporters.JUnitReportReporter -->
<testsuite hostname="DESKTOP-N7K85DJ" name="Casuality_Prod_TC.Menu_Contact_Us" tests="2" failures="0" timestamp="22 Apr 2022 10:04:10 GMT" time="72.438" errors="0">
  <testcase name="HomePage" time="30.126" classname="Casuality_Prod_TC.Menu_Contact_Us"/>
  <testcase name="HomePage" time="42.312" classname="Casuality_Prod_TC.Menu_Contact_Us"/>
</testsuite> <!-- Casuality_Prod_TC.Menu_Contact_Us -->
