<?xml version="1.0" encoding="UTF-8"?>
<!-- Generated by org.testng.reporters.JUnitReportReporter -->
<testsuite hostname="DESKTOP-N7K85DJ" name="Warranty_Test_Case_Dev.Contact_US" tests="2" failures="0" timestamp="14 Feb 2022 11:13:18 GMT" time="138.977" errors="0">
  <testcase name="ContactUS" time="65.091" classname="Warranty_Test_Case_Dev.Contact_US"/>
  <testcase name="ContactUS" time="73.886" classname="Warranty_Test_Case_Dev.Contact_US"/>
</testsuite> <!-- Warranty_Test_Case_Dev.Contact_US -->
