<?xml version="1.0" encoding="UTF-8"?>
<!-- Generated by org.testng.reporters.JUnitReportReporter -->
<testsuite hostname="DESKTOP-N7K85DJ" name="AFL_Test_Case_Prod.HomePage_TC" tests="2" failures="0" timestamp="11 Feb 2022 12:38:07 GMT" time="297.038" errors="0">
  <testcase name="Home_Page" time="165.171" classname="AFL_Test_Case_Prod.HomePage_TC"/>
  <testcase name="Home_Page" time="131.867" classname="AFL_Test_Case_Prod.HomePage_TC"/>
</testsuite> <!-- AFL_Test_Case_Prod.HomePage_TC -->
