<?xml version="1.0" encoding="UTF-8"?>
<!-- Generated by org.testng.reporters.JUnitReportReporter -->
<testsuite hostname="DESKTOP-N7K85DJ" name="AUW_Test_case_prod.AUW_header_web_Prod" tests="2" failures="0" timestamp="30 Mar 2022 07:00:45 GMT" time="117.246" errors="0">
  <testcase name="main" time="62.303" classname="AUW_Test_case_prod.AUW_header_web_Prod"/>
  <testcase name="main" time="54.943" classname="AUW_Test_case_prod.AUW_header_web_Prod"/>
</testsuite> <!-- AUW_Test_case_prod.AUW_header_web_Prod -->
