<?xml version="1.0" encoding="UTF-8"?>
<!-- Generated by org.testng.reporters.JUnitReportReporter -->
<testsuite hostname="DESKTOP-N7K85DJ" name="AUW_Test_case_prod.AUW_header_web_Prod" tests="2" failures="0" timestamp="11 Feb 2022 12:38:07 GMT" time="147.571" errors="0">
  <testcase name="main" time="79.903" classname="AUW_Test_case_prod.AUW_header_web_Prod"/>
  <testcase name="main" time="67.668" classname="AUW_Test_case_prod.AUW_header_web_Prod"/>
</testsuite> <!-- AUW_Test_case_prod.AUW_header_web_Prod -->
