<?xml version="1.0" encoding="UTF-8"?>
<!-- Generated by org.testng.reporters.JUnitReportReporter -->
<testsuite hostname="DESKTOP-N7K85DJ" name="Adler_TestCases_Development.News" tests="2" failures="0" timestamp="4 Mar 2022 12:50:00 GMT" time="336.646" errors="0">
  <testcase name="main_Home_Page" time="172.783" classname="Adler_TestCases_Development.News"/>
  <testcase name="main_Home_Page" time="163.863" classname="Adler_TestCases_Development.News"/>
</testsuite> <!-- Adler_TestCases_Development.News -->
