<?xml version="1.0" encoding="UTF-8"?>
<!-- Generated by org.testng.reporters.JUnitReportReporter -->
<testsuite hostname="DESKTOP-N7K85DJ" name="Tradewel_Test_Cases_Production.About_US" tests="2" failures="0" timestamp="23 Mar 2022 12:03:17 GMT" time="132.395" errors="0">
  <testcase name="main_Home_Page" time="86.139" classname="Tradewel_Test_Cases_Production.About_US"/>
  <testcase name="main_Home_Page" time="46.256" classname="Tradewel_Test_Cases_Production.About_US"/>
</testsuite> <!-- Tradewel_Test_Cases_Production.About_US -->
