<?xml version="1.0" encoding="UTF-8"?>
<!-- Generated by org.testng.reporters.JUnitReportReporter -->
<testsuite hostname="DESKTOP-N7K85DJ" name="AUW_Test_case_prod.AUW_header_web_Prod" tests="2" failures="0" timestamp="27 Apr 2022 11:15:08 GMT" time="164.550" errors="0">
  <testcase name="main" time="57.826" classname="AUW_Test_case_prod.AUW_header_web_Prod"/>
  <testcase name="main" time="106.724" classname="AUW_Test_case_prod.AUW_header_web_Prod"/>
</testsuite> <!-- AUW_Test_case_prod.AUW_header_web_Prod -->
