<?xml version="1.0" encoding="UTF-8"?>
<!-- Generated by org.testng.reporters.JUnitReportReporter -->
<testsuite hostname="DESKTOP-N7K85DJ" name="Adler_TestCases_Prod.News" tests="2" failures="0" timestamp="1 Mar 2022 12:40:42 GMT" time="336.227" errors="0">
  <testcase name="main_Home_Page" time="138.853" classname="Adler_TestCases_Prod.News"/>
  <testcase name="main_Home_Page" time="197.374" classname="Adler_TestCases_Prod.News"/>
</testsuite> <!-- Adler_TestCases_Prod.News -->
