<?xml version="1.0" encoding="UTF-8"?>
<!-- Generated by org.testng.reporters.JUnitReportReporter -->
<testsuite hostname="DESKTOP-N7K85DJ" name="AUW_Test_case_prod.AUW_AboutUS" tests="2" failures="0" timestamp="24 Feb 2022 14:29:27 GMT" time="184.111" errors="0">
  <testcase name="AboutUS" time="105.632" classname="AUW_Test_case_prod.AUW_AboutUS"/>
  <testcase name="AboutUS" time="78.479" classname="AUW_Test_case_prod.AUW_AboutUS"/>
</testsuite> <!-- AUW_Test_case_prod.AUW_AboutUS -->
