<?xml version="1.0" encoding="UTF-8"?>
<!-- Generated by org.testng.reporters.JUnitReportReporter -->
<testsuite hostname="DESKTOP-N7K85DJ" name="Solution_one_Prod.Footer_Production" tests="2" failures="0" timestamp="22 Mar 2022 09:50:23 GMT" time="210.424" errors="0">
  <testcase name="Footer" time="67.007" classname="Solution_one_Prod.Footer_Production"/>
  <testcase name="Footer" time="143.417" classname="Solution_one_Prod.Footer_Production"/>
</testsuite> <!-- Solution_one_Prod.Footer_Production -->
