<?xml version="1.0" encoding="UTF-8"?>
<!-- Generated by org.testng.reporters.JUnitReportReporter -->
<testsuite hostname="DESKTOP-N7K85DJ" name="Careers_Test_case_Prod.Footer" tests="10" failures="0" timestamp="14 Mar 2022 11:17:46 GMT" time="509.160" errors="0">
  <testcase name="AUW_Policy" time="61.752" classname="Careers_Test_case_Prod.Footer"/>
  <testcase name="AUW_twitter" time="21.308" classname="Careers_Test_case_Prod.Footer"/>
  <testcase name="AUW_Facebook" time="53.594" classname="Careers_Test_case_Prod.Footer"/>
  <testcase name="AUW_Policy" time="34.367" classname="Careers_Test_case_Prod.Footer"/>
  <testcase name="AUW_Facebook" time="29.938" classname="Careers_Test_case_Prod.Footer"/>
  <testcase name="AUW_Linkedin" time="17.988" classname="Careers_Test_case_Prod.Footer"/>
  <testcase name="AUW_Instagram" time="106.264" classname="Careers_Test_case_Prod.Footer"/>
  <testcase name="AUW_twitter" time="57.213" classname="Careers_Test_case_Prod.Footer"/>
  <testcase name="AUW_Instagram" time="19.348" classname="Careers_Test_case_Prod.Footer"/>
  <testcase name="AUW_Linkedin" time="107.388" classname="Careers_Test_case_Prod.Footer"/>
</testsuite> <!-- Careers_Test_case_Prod.Footer -->
