<?xml version="1.0" encoding="UTF-8"?>
<!-- Generated by org.testng.reporters.JUnitReportReporter -->
<testsuite hostname="DESKTOP-N7K85DJ" name="Warranty_Test_Case_Dev.Our_Partner" tests="12" failures="0" timestamp="15 Dec 2021 09:54:42 GMT" time="840.277" errors="0">
  <testcase name="Partner5" time="73.153" classname="Warranty_Test_Case_Dev.Our_Partner"/>
  <testcase name="Partner1" time="65.932" classname="Warranty_Test_Case_Dev.Our_Partner"/>
  <testcase name="Partner4" time="67.404" classname="Warranty_Test_Case_Dev.Our_Partner"/>
  <testcase name="Partner2" time="65.399" classname="Warranty_Test_Case_Dev.Our_Partner"/>
  <testcase name="Partner3" time="66.300" classname="Warranty_Test_Case_Dev.Our_Partner"/>
  <testcase name="Partner4" time="75.306" classname="Warranty_Test_Case_Dev.Our_Partner"/>
  <testcase name="Partner5" time="65.765" classname="Warranty_Test_Case_Dev.Our_Partner"/>
  <testcase name="Partner6" time="65.444" classname="Warranty_Test_Case_Dev.Our_Partner"/>
  <testcase name="Partner1" time="72.546" classname="Warranty_Test_Case_Dev.Our_Partner"/>
  <testcase name="Partner3" time="72.729" classname="Warranty_Test_Case_Dev.Our_Partner"/>
  <testcase name="Partner2" time="72.401" classname="Warranty_Test_Case_Dev.Our_Partner"/>
  <testcase name="Partner6" time="77.898" classname="Warranty_Test_Case_Dev.Our_Partner"/>
</testsuite> <!-- Warranty_Test_Case_Dev.Our_Partner -->
