<?xml version="1.0" encoding="UTF-8"?>
<!-- Generated by org.testng.reporters.JUnitReportReporter -->
<testsuite hostname="DESKTOP-N7K85DJ" name="AUW_Test_Case_dev.AUW_NJ_Update" tests="2" failures="0" timestamp="14 Jan 2022 10:44:32 GMT" time="270.195" errors="0">
  <testcase name="main" time="63.481" classname="AUW_Test_Case_dev.AUW_NJ_Update"/>
  <testcase name="main" time="206.714" classname="AUW_Test_Case_dev.AUW_NJ_Update"/>
</testsuite> <!-- AUW_Test_Case_dev.AUW_NJ_Update -->
