<?xml version="1.0" encoding="UTF-8"?>
<!-- Generated by org.testng.reporters.JUnitReportReporter -->
<testsuite hostname="DESKTOP-N7K85DJ" name="AUW_Test_case_prod.AUW_NJ_Update" tests="2" failures="0" timestamp="21 Mar 2022 16:07:43 GMT" time="132.822" errors="0">
  <testcase name="main" time="47.531" classname="AUW_Test_case_prod.AUW_NJ_Update"/>
  <testcase name="main" time="85.291" classname="AUW_Test_case_prod.AUW_NJ_Update"/>
</testsuite> <!-- AUW_Test_case_prod.AUW_NJ_Update -->
