<?xml version="1.0" encoding="UTF-8"?>
<!-- Generated by org.testng.reporters.JUnitReportReporter -->
<testsuite hostname="DESKTOP-N7K85DJ" name="Casuality_Prod_TC.Menu_About_US" tests="2" failures="0" timestamp="10 Feb 2022 16:45:42 GMT" time="126.611" errors="0">
  <testcase name="HomePage" time="55.122" classname="Casuality_Prod_TC.Menu_About_US"/>
  <testcase name="HomePage" time="71.489" classname="Casuality_Prod_TC.Menu_About_US"/>
</testsuite> <!-- Casuality_Prod_TC.Menu_About_US -->
