<?xml version="1.0" encoding="UTF-8"?>
<!-- Generated by org.testng.reporters.JUnitReportReporter -->
<testsuite hostname="DESKTOP-N7K85DJ" name="AUW_Test_case_prod.AUW_header_web_Prod" tests="2" failures="0" timestamp="2 May 2022 07:01:07 GMT" time="120.601" errors="0">
  <testcase name="main" time="62.271" classname="AUW_Test_case_prod.AUW_header_web_Prod"/>
  <testcase name="main" time="58.330" classname="AUW_Test_case_prod.AUW_header_web_Prod"/>
</testsuite> <!-- AUW_Test_case_prod.AUW_header_web_Prod -->
