<?xml version="1.0" encoding="UTF-8"?>
<!-- Generated by org.testng.reporters.JUnitReportReporter -->
<testsuite hostname="DESKTOP-N7K85DJ" name="Warranty_Test_Case_Dev.Partner_With_US" tests="2" failures="0" timestamp="4 Apr 2022 07:43:47 GMT" time="63.269" errors="0">
  <testcase name="partner" time="30.725" classname="Warranty_Test_Case_Dev.Partner_With_US"/>
  <testcase name="partner" time="32.544" classname="Warranty_Test_Case_Dev.Partner_With_US"/>
</testsuite> <!-- Warranty_Test_Case_Dev.Partner_With_US -->
