<?xml version="1.0" encoding="UTF-8"?>
<!-- Generated by org.testng.reporters.JUnitReportReporter -->
<testsuite hostname="DESKTOP-N7K85DJ" name="Casuality_Prod_TC.Menu_About_US" tests="2" failures="0" timestamp="23 May 2022 09:46:44 GMT" time="137.626" errors="0">
  <testcase name="HomePage" time="86.604" classname="Casuality_Prod_TC.Menu_About_US"/>
  <testcase name="HomePage" time="51.022" classname="Casuality_Prod_TC.Menu_About_US"/>
</testsuite> <!-- Casuality_Prod_TC.Menu_About_US -->
