<?xml version="1.0" encoding="UTF-8"?>
<!-- Generated by org.testng.reporters.JUnitReportReporter -->
<testsuite hostname="DESKTOP-N7K85DJ" name="Adler_TestCases_Prod.News" tests="2" failures="0" timestamp="10 Feb 2022 16:20:33 GMT" time="334.772" errors="0">
  <testcase name="main_Home_Page" time="154.815" classname="Adler_TestCases_Prod.News"/>
  <testcase name="main_Home_Page" time="179.957" classname="Adler_TestCases_Prod.News"/>
</testsuite> <!-- Adler_TestCases_Prod.News -->
