<?xml version="1.0" encoding="UTF-8"?>
<!-- Generated by org.testng.reporters.JUnitReportReporter -->
<testsuite hostname="DESKTOP-N7K85DJ" name="Solution_one_Development.Footer_Develop" tests="2" failures="0" timestamp="14 Dec 2021 11:47:24 GMT" time="113.604" errors="0">
  <testcase name="Footer" time="54.447" classname="Solution_one_Development.Footer_Develop"/>
  <testcase name="Footer" time="59.157" classname="Solution_one_Development.Footer_Develop"/>
</testsuite> <!-- Solution_one_Development.Footer_Develop -->
