<?xml version="1.0" encoding="UTF-8"?>
<!-- Generated by org.testng.reporters.JUnitReportReporter -->
<testsuite hostname="DESKTOP-N7K85DJ" name="AUW_Test_Case_dev.AUW_CallUpdate" tests="2" failures="0" timestamp="11 Feb 2022 10:29:05 GMT" time="127.893" errors="0">
  <testcase name="main" time="67.821" classname="AUW_Test_Case_dev.AUW_CallUpdate"/>
  <testcase name="main" time="60.072" classname="AUW_Test_Case_dev.AUW_CallUpdate"/>
</testsuite> <!-- AUW_Test_Case_dev.AUW_CallUpdate -->
