<?xml version="1.0" encoding="UTF-8"?>
<!-- Generated by org.testng.reporters.JUnitReportReporter -->
<testsuite hostname="DESKTOP-N7K85DJ" name="AUW_Test_case_prod.AUW_NJ_Update" tests="2" failures="0" timestamp="16 Mar 2022 12:48:23 GMT" time="203.228" errors="0">
  <testcase name="main" time="153.591" classname="AUW_Test_case_prod.AUW_NJ_Update"/>
  <testcase name="main" time="49.637" classname="AUW_Test_case_prod.AUW_NJ_Update"/>
</testsuite> <!-- AUW_Test_case_prod.AUW_NJ_Update -->
