<?xml version="1.0" encoding="UTF-8"?>
<!-- Generated by org.testng.reporters.JUnitReportReporter -->
<testsuite hostname="DESKTOP-N7K85DJ" name="Warranty_Test_Case_Dev.Our_Partner" tests="12" failures="0" timestamp="16 Dec 2021 13:45:35 GMT" time="828.355" errors="0">
  <testcase name="Partner3" time="64.982" classname="Warranty_Test_Case_Dev.Our_Partner"/>
  <testcase name="Partner5" time="69.832" classname="Warranty_Test_Case_Dev.Our_Partner"/>
  <testcase name="Partner6" time="70.934" classname="Warranty_Test_Case_Dev.Our_Partner"/>
  <testcase name="Partner3" time="72.802" classname="Warranty_Test_Case_Dev.Our_Partner"/>
  <testcase name="Partner2" time="65.419" classname="Warranty_Test_Case_Dev.Our_Partner"/>
  <testcase name="Partner1" time="75.364" classname="Warranty_Test_Case_Dev.Our_Partner"/>
  <testcase name="Partner4" time="67.159" classname="Warranty_Test_Case_Dev.Our_Partner"/>
  <testcase name="Partner4" time="74.333" classname="Warranty_Test_Case_Dev.Our_Partner"/>
  <testcase name="Partner2" time="71.029" classname="Warranty_Test_Case_Dev.Our_Partner"/>
  <testcase name="Partner1" time="66.416" classname="Warranty_Test_Case_Dev.Our_Partner"/>
  <testcase name="Partner5" time="65.185" classname="Warranty_Test_Case_Dev.Our_Partner"/>
  <testcase name="Partner6" time="64.900" classname="Warranty_Test_Case_Dev.Our_Partner"/>
</testsuite> <!-- Warranty_Test_Case_Dev.Our_Partner -->
