<?xml version="1.0" encoding="UTF-8"?>
<!-- Generated by org.testng.reporters.JUnitReportReporter -->
<testsuite hostname="DESKTOP-N7K85DJ" name="Warranty_Test_Case_Prod.Our_Partner" tests="6" failures="0" timestamp="10 May 2022 13:18:03 GMT" time="539.245" errors="0">
  <testcase name="Partner6" time="90.238" classname="Warranty_Test_Case_Prod.Our_Partner"/>
  <testcase name="Partner3" time="89.991" classname="Warranty_Test_Case_Prod.Our_Partner"/>
  <testcase name="Partner5" time="88.481" classname="Warranty_Test_Case_Prod.Our_Partner"/>
  <testcase name="Partner1" time="87.757" classname="Warranty_Test_Case_Prod.Our_Partner"/>
  <testcase name="Partner4" time="93.025" classname="Warranty_Test_Case_Prod.Our_Partner"/>
  <testcase name="Partner2" time="89.753" classname="Warranty_Test_Case_Prod.Our_Partner"/>
</testsuite> <!-- Warranty_Test_Case_Prod.Our_Partner -->
