<?xml version="1.0" encoding="UTF-8"?>
<!-- Generated by org.testng.reporters.JUnitReportReporter -->
<testsuite hostname="DESKTOP-N7K85DJ" name="AUW_Test_case_prod.AUW_Footer_Prod" tests="2" failures="0" timestamp="16 Dec 2021 09:47:07 GMT" time="157.407" errors="0">
  <testcase name="AUW_Footer" time="82.665" classname="AUW_Test_case_prod.AUW_Footer_Prod"/>
  <testcase name="AUW_Footer" time="74.742" classname="AUW_Test_case_prod.AUW_Footer_Prod"/>
</testsuite> <!-- AUW_Test_case_prod.AUW_Footer_Prod -->
