<?xml version="1.0" encoding="UTF-8"?>
<!-- Generated by org.testng.reporters.JUnitReportReporter -->
<testsuite hostname="DESKTOP-N7K85DJ" name="Promesa_Test_Case_Prod.Footer" tests="10" failures="0" timestamp="25 Jan 2022 14:00:35 GMT" time="310.253" errors="0">
  <testcase name="Footer_instagram" time="20.900" classname="Promesa_Test_Case_Prod.Footer"/>
  <testcase name="Footer_PrivacyPolicy" time="29.957" classname="Promesa_Test_Case_Prod.Footer"/>
  <testcase name="Footer_twitter" time="35.710" classname="Promesa_Test_Case_Prod.Footer"/>
  <testcase name="Footer_facebook" time="29.167" classname="Promesa_Test_Case_Prod.Footer"/>
  <testcase name="Footer_twitter" time="62.404" classname="Promesa_Test_Case_Prod.Footer"/>
  <testcase name="Footer_instagram" time="31.336" classname="Promesa_Test_Case_Prod.Footer"/>
  <testcase name="Footer_linkedin" time="17.194" classname="Promesa_Test_Case_Prod.Footer"/>
  <testcase name="Footer_linkedin" time="19.448" classname="Promesa_Test_Case_Prod.Footer"/>
  <testcase name="Footer_PrivacyPolicy" time="35.015" classname="Promesa_Test_Case_Prod.Footer"/>
  <testcase name="Footer_facebook" time="29.122" classname="Promesa_Test_Case_Prod.Footer"/>
</testsuite> <!-- Promesa_Test_Case_Prod.Footer -->
