<?xml version="1.0" encoding="UTF-8"?>
<!-- Generated by org.testng.reporters.JUnitReportReporter -->
<testsuite hostname="DESKTOP-N7K85DJ" name="AUW_Test_case_prod.AUW_Experience" tests="2" failures="0" timestamp="15 Mar 2022 10:17:10 GMT" time="735.252" errors="0">
  <testcase name="main" time="419.453" classname="AUW_Test_case_prod.AUW_Experience"/>
  <testcase name="main" time="315.799" classname="AUW_Test_case_prod.AUW_Experience"/>
</testsuite> <!-- AUW_Test_case_prod.AUW_Experience -->
