<?xml version="1.0" encoding="UTF-8"?>
<!-- Generated by org.testng.reporters.JUnitReportReporter -->
<testsuite hostname="DESKTOP-N7K85DJ" name="AUW_Test_Case_dev.AUW_Intelligence_TC" tests="2" failures="0" timestamp="11 Feb 2022 10:29:05 GMT" time="221.475" errors="0">
  <testcase name="main" time="109.556" classname="AUW_Test_Case_dev.AUW_Intelligence_TC"/>
  <testcase name="main" time="111.919" classname="AUW_Test_Case_dev.AUW_Intelligence_TC"/>
</testsuite> <!-- AUW_Test_Case_dev.AUW_Intelligence_TC -->
