<?xml version="1.0" encoding="UTF-8"?>
<!-- Generated by org.testng.reporters.JUnitReportReporter -->
<testsuite hostname="DESKTOP-N7K85DJ" name="Adler_TestCases_Development.News" tests="2" failures="0" timestamp="18 Jan 2022 10:21:18 GMT" time="332.460" errors="0">
  <testcase name="main_Home_Page" time="168.199" classname="Adler_TestCases_Development.News"/>
  <testcase name="main_Home_Page" time="164.261" classname="Adler_TestCases_Development.News"/>
</testsuite> <!-- Adler_TestCases_Development.News -->
