<?xml version="1.0" encoding="UTF-8"?>
<!-- Generated by org.testng.reporters.JUnitReportReporter -->
<testsuite hostname="DESKTOP-N7K85DJ" name="AFL_Test_Cases_Dev.HomePage_TC_dev" tests="2" failures="0" timestamp="12 Apr 2022 05:27:58 GMT" time="309.167" errors="0">
  <testcase name="Home_Page" time="184.270" classname="AFL_Test_Cases_Dev.HomePage_TC_dev"/>
  <testcase name="Home_Page" time="124.897" classname="AFL_Test_Cases_Dev.HomePage_TC_dev"/>
</testsuite> <!-- AFL_Test_Cases_Dev.HomePage_TC_dev -->
