<?xml version="1.0" encoding="UTF-8"?>
<!-- Generated by org.testng.reporters.JUnitReportReporter -->
<testsuite hostname="DESKTOP-N7K85DJ" name="Warranty_Test_Case_Prod.HomePage_Testcase" tests="2" failures="0" timestamp="23 Feb 2022 13:23:04 GMT" time="533.042" errors="0">
  <testcase name="Home_page" time="269.388" classname="Warranty_Test_Case_Prod.HomePage_Testcase"/>
  <testcase name="Home_page" time="263.654" classname="Warranty_Test_Case_Prod.HomePage_Testcase"/>
</testsuite> <!-- Warranty_Test_Case_Prod.HomePage_Testcase -->
