<?xml version="1.0" encoding="UTF-8"?>
<!-- Generated by org.testng.reporters.JUnitReportReporter -->
<testsuite hostname="DESKTOP-N7K85DJ" name="AUW_Test_Case_dev.AUW_Footer_Development" tests="2" failures="0" timestamp="9 Dec 2021 11:12:25 GMT" time="153.319" errors="0">
  <testcase name="AUW_Footer" time="80.339" classname="AUW_Test_Case_dev.AUW_Footer_Development"/>
  <testcase name="AUW_Footer" time="72.980" classname="AUW_Test_Case_dev.AUW_Footer_Development"/>
</testsuite> <!-- AUW_Test_Case_dev.AUW_Footer_Development -->
