<?xml version="1.0" encoding="UTF-8"?>
<!-- Generated by org.testng.reporters.JUnitReportReporter -->
<testsuite hostname="DESKTOP-N7K85DJ" name="Warranty_Test_Case_Prod.About_US" tests="2" failures="0" timestamp="9 Mar 2022 15:47:56 GMT" time="106.479" errors="0">
  <testcase name="Home_page" time="44.869" classname="Warranty_Test_Case_Prod.About_US"/>
  <testcase name="Home_page" time="61.610" classname="Warranty_Test_Case_Prod.About_US"/>
</testsuite> <!-- Warranty_Test_Case_Prod.About_US -->
