<?xml version="1.0" encoding="UTF-8"?>
<!-- Generated by org.testng.reporters.JUnitReportReporter -->
<testsuite hostname="DESKTOP-N7K85DJ" name="Promesa_Test_Case_Prod.Footer" tests="10" failures="0" timestamp="10 May 2022 11:54:17 GMT" time="251.798" errors="0">
  <testcase name="Footer_twitter" time="16.498" classname="Promesa_Test_Case_Prod.Footer"/>
  <testcase name="Footer_PrivacyPolicy" time="34.099" classname="Promesa_Test_Case_Prod.Footer"/>
  <testcase name="Footer_linkedin" time="17.395" classname="Promesa_Test_Case_Prod.Footer"/>
  <testcase name="Footer_PrivacyPolicy" time="39.247" classname="Promesa_Test_Case_Prod.Footer"/>
  <testcase name="Footer_facebook" time="31.528" classname="Promesa_Test_Case_Prod.Footer"/>
  <testcase name="Footer_instagram" time="19.365" classname="Promesa_Test_Case_Prod.Footer"/>
  <testcase name="Footer_linkedin" time="20.522" classname="Promesa_Test_Case_Prod.Footer"/>
  <testcase name="Footer_instagram" time="18.129" classname="Promesa_Test_Case_Prod.Footer"/>
  <testcase name="Footer_twitter" time="26.015" classname="Promesa_Test_Case_Prod.Footer"/>
  <testcase name="Footer_facebook" time="29.000" classname="Promesa_Test_Case_Prod.Footer"/>
</testsuite> <!-- Promesa_Test_Case_Prod.Footer -->
