<?xml version="1.0" encoding="UTF-8"?>
<!-- Generated by org.testng.reporters.JUnitReportReporter -->
<testsuite hostname="DESKTOP-N7K85DJ" name="Promesa_Test_Case_Prod.Footer" tests="10" failures="0" timestamp="16 Mar 2022 12:48:23 GMT" time="232.726" errors="0">
  <testcase name="Footer_PrivacyPolicy" time="29.356" classname="Promesa_Test_Case_Prod.Footer"/>
  <testcase name="Footer_instagram" time="15.041" classname="Promesa_Test_Case_Prod.Footer"/>
  <testcase name="Footer_facebook" time="37.783" classname="Promesa_Test_Case_Prod.Footer"/>
  <testcase name="Footer_twitter" time="20.719" classname="Promesa_Test_Case_Prod.Footer"/>
  <testcase name="Footer_facebook" time="28.775" classname="Promesa_Test_Case_Prod.Footer"/>
  <testcase name="Footer_linkedin" time="16.216" classname="Promesa_Test_Case_Prod.Footer"/>
  <testcase name="Footer_instagram" time="23.144" classname="Promesa_Test_Case_Prod.Footer"/>
  <testcase name="Footer_linkedin" time="15.898" classname="Promesa_Test_Case_Prod.Footer"/>
  <testcase name="Footer_twitter" time="15.784" classname="Promesa_Test_Case_Prod.Footer"/>
  <testcase name="Footer_PrivacyPolicy" time="30.010" classname="Promesa_Test_Case_Prod.Footer"/>
</testsuite> <!-- Promesa_Test_Case_Prod.Footer -->
