<?xml version="1.0" encoding="UTF-8"?>
<!-- Generated by org.testng.reporters.JUnitReportReporter -->
<testsuite hostname="DESKTOP-N7K85DJ" name="Warranty_Test_Case_Prod.About_US" tests="2" failures="0" timestamp="5 May 2022 09:54:47 GMT" time="123.017" errors="0">
  <testcase name="Home_page" time="73.399" classname="Warranty_Test_Case_Prod.About_US"/>
  <testcase name="Home_page" time="49.618" classname="Warranty_Test_Case_Prod.About_US"/>
</testsuite> <!-- Warranty_Test_Case_Prod.About_US -->
