<?xml version="1.0" encoding="UTF-8"?>
<!-- Generated by org.testng.reporters.JUnitReportReporter -->
<testsuite hostname="DESKTOP-N7K85DJ" name="Tradewel_Test_Cases_Production.About_US" tests="2" failures="0" timestamp="12 Apr 2022 07:47:28 GMT" time="92.599" errors="0">
  <testcase name="main_Home_Page" time="49.990" classname="Tradewel_Test_Cases_Production.About_US"/>
  <testcase name="main_Home_Page" time="42.609" classname="Tradewel_Test_Cases_Production.About_US"/>
</testsuite> <!-- Tradewel_Test_Cases_Production.About_US -->
