<?xml version="1.0" encoding="UTF-8"?>
<!-- Generated by org.testng.reporters.JUnitReportReporter -->
<testsuite hostname="DESKTOP-N7K85DJ" name="AFL_Test_Case_Prod.Footer_TC" tests="2" failures="0" timestamp="23 Feb 2022 11:40:24 GMT" time="175.187" errors="0">
  <testcase name="Footer" time="79.433" classname="AFL_Test_Case_Prod.Footer_TC"/>
  <testcase name="Footer" time="95.754" classname="AFL_Test_Case_Prod.Footer_TC"/>
</testsuite> <!-- AFL_Test_Case_Prod.Footer_TC -->
