<?xml version="1.0" encoding="UTF-8"?>
<!-- Generated by org.testng.reporters.JUnitReportReporter -->
<testsuite hostname="DESKTOP-N7K85DJ" name="Warranty_Test_Case_Prod.About_US" tests="2" failures="0" timestamp="22 Apr 2022 10:04:10 GMT" time="141.381" errors="0">
  <testcase name="Home_page" time="97.047" classname="Warranty_Test_Case_Prod.About_US"/>
  <testcase name="Home_page" time="44.334" classname="Warranty_Test_Case_Prod.About_US"/>
</testsuite> <!-- Warranty_Test_Case_Prod.About_US -->
