<?xml version="1.0" encoding="UTF-8"?>
<!-- Generated by org.testng.reporters.JUnitReportReporter -->
<testsuite hostname="DESKTOP-N7K85DJ" name="AUW_Test_Case_dev.AUW_Footer_Development" tests="2" failures="0" timestamp="15 Dec 2021 09:54:42 GMT" time="150.731" errors="0">
  <testcase name="AUW_Footer" time="77.016" classname="AUW_Test_Case_dev.AUW_Footer_Development"/>
  <testcase name="AUW_Footer" time="73.715" classname="AUW_Test_Case_dev.AUW_Footer_Development"/>
</testsuite> <!-- AUW_Test_Case_dev.AUW_Footer_Development -->
