<?xml version="1.0" encoding="UTF-8"?>
<!-- Generated by org.testng.reporters.JUnitReportReporter -->
<testsuite hostname="DESKTOP-N7K85DJ" name="Promesa_Test_Case_Development.Footer" tests="2" failures="0" timestamp="4 Jan 2022 11:14:57 GMT" time="157.942" errors="0">
  <testcase name="Footer" time="67.765" classname="Promesa_Test_Case_Development.Footer"/>
  <testcase name="Footer" time="90.177" classname="Promesa_Test_Case_Development.Footer"/>
</testsuite> <!-- Promesa_Test_Case_Development.Footer -->
