<?xml version="1.0" encoding="UTF-8"?>
<!-- Generated by org.testng.reporters.JUnitReportReporter -->
<testsuite hostname="DESKTOP-N7K85DJ" name="Warranty_Test_Case_Prod.Partner_With_US" tests="2" failures="0" timestamp="3 Mar 2022 14:31:02 GMT" time="76.188" errors="0">
  <testcase name="partner" time="55.826" classname="Warranty_Test_Case_Prod.Partner_With_US"/>
  <testcase name="partner" time="20.362" classname="Warranty_Test_Case_Prod.Partner_With_US"/>
</testsuite> <!-- Warranty_Test_Case_Prod.Partner_With_US -->
