<?xml version="1.0" encoding="UTF-8"?>
<!-- Generated by org.testng.reporters.JUnitReportReporter -->
<testsuite hostname="DESKTOP-N7K85DJ" name="Speciality_underwriters_Test_Case_Prod.What_We_offer" tests="2" failures="0" timestamp="12 Jan 2022 15:20:27 GMT" time="116.344" errors="0">
  <testcase name="Footer" time="45.318" classname="Speciality_underwriters_Test_Case_Prod.What_We_offer"/>
  <testcase name="Footer" time="71.026" classname="Speciality_underwriters_Test_Case_Prod.What_We_offer"/>
</testsuite> <!-- Speciality_underwriters_Test_Case_Prod.What_We_offer -->
