<?xml version="1.0" encoding="UTF-8"?>
<!-- Generated by org.testng.reporters.JUnitReportReporter -->
<testsuite hostname="DESKTOP-N7K85DJ" name="AFL_Test_Case_Prod.Footer_TC" tests="2" failures="0" timestamp="26 Apr 2022 09:47:26 GMT" time="205.279" errors="0">
  <testcase name="Footer" time="128.118" classname="AFL_Test_Case_Prod.Footer_TC"/>
  <testcase name="Footer" time="77.161" classname="AFL_Test_Case_Prod.Footer_TC"/>
</testsuite> <!-- AFL_Test_Case_Prod.Footer_TC -->
