<?xml version="1.0" encoding="UTF-8"?>
<!-- Generated by org.testng.reporters.JUnitReportReporter -->
<testsuite hostname="DESKTOP-N7K85DJ" name="Warranty_Test_Case_Prod.Partner_With_US" tests="2" failures="0" timestamp="23 Mar 2022 12:03:17 GMT" time="101.466" errors="0">
  <testcase name="partner" time="80.567" classname="Warranty_Test_Case_Prod.Partner_With_US"/>
  <testcase name="partner" time="20.899" classname="Warranty_Test_Case_Prod.Partner_With_US"/>
</testsuite> <!-- Warranty_Test_Case_Prod.Partner_With_US -->
