<?xml version="1.0" encoding="UTF-8"?>
<!-- Generated by org.testng.reporters.JUnitReportReporter -->
<testsuite hostname="DESKTOP-N7K85DJ" name="Careers_Test_case_Prod.Footer" tests="10" failures="0" timestamp="30 Dec 2021 15:02:05 GMT" time="212.674" errors="0">
  <testcase name="AUW_Linkedin" time="17.115" classname="Careers_Test_case_Prod.Footer"/>
  <testcase name="AUW_Policy" time="28.136" classname="Careers_Test_case_Prod.Footer"/>
  <testcase name="AUW_Policy" time="32.965" classname="Careers_Test_case_Prod.Footer"/>
  <testcase name="AUW_twitter" time="18.121" classname="Careers_Test_case_Prod.Footer"/>
  <testcase name="AUW_Instagram" time="18.723" classname="Careers_Test_case_Prod.Footer"/>
  <testcase name="AUW_Facebook" time="26.289" classname="Careers_Test_case_Prod.Footer"/>
  <testcase name="AUW_Linkedin" time="14.528" classname="Careers_Test_case_Prod.Footer"/>
  <testcase name="AUW_twitter" time="18.838" classname="Careers_Test_case_Prod.Footer"/>
  <testcase name="AUW_Facebook" time="24.876" classname="Careers_Test_case_Prod.Footer"/>
  <testcase name="AUW_Instagram" time="13.083" classname="Careers_Test_case_Prod.Footer"/>
</testsuite> <!-- Careers_Test_case_Prod.Footer -->
