<?xml version="1.0" encoding="UTF-8"?>
<!-- Generated by org.testng.reporters.JUnitReportReporter -->
<testsuite hostname="DESKTOP-N7K85DJ" name="AUW_Test_case_prod.AUW_Intelligence_TC" tests="2" failures="0" timestamp="23 May 2022 09:46:43 GMT" time="213.902" errors="0">
  <testcase name="main" time="92.311" classname="AUW_Test_case_prod.AUW_Intelligence_TC"/>
  <testcase name="main" time="121.591" classname="AUW_Test_case_prod.AUW_Intelligence_TC"/>
</testsuite> <!-- AUW_Test_case_prod.AUW_Intelligence_TC -->
