<?xml version="1.0" encoding="UTF-8"?>
<!-- Generated by org.testng.reporters.JUnitReportReporter -->
<testsuite hostname="DESKTOP-N7K85DJ" name="Promesa_Test_Case_Prod.Change_language" tests="2" failures="0" timestamp="15 Feb 2022 15:16:06 GMT" time="28.068" errors="0">
  <testcase name="Change_Language" time="15.191" classname="Promesa_Test_Case_Prod.Change_language"/>
  <testcase name="Change_Language" time="12.877" classname="Promesa_Test_Case_Prod.Change_language"/>
</testsuite> <!-- Promesa_Test_Case_Prod.Change_language -->
