<?xml version="1.0" encoding="UTF-8"?>
<!-- Generated by org.testng.reporters.JUnitReportReporter -->
<testsuite hostname="DESKTOP-N7K85DJ" name="AUW_Test_case_prod.AUW_AboutUS" tests="2" failures="0" timestamp="22 Mar 2022 09:50:23 GMT" time="225.448" errors="0">
  <testcase name="AboutUS" time="77.029" classname="AUW_Test_case_prod.AUW_AboutUS"/>
  <testcase name="AboutUS" time="148.419" classname="AUW_Test_case_prod.AUW_AboutUS"/>
</testsuite> <!-- AUW_Test_case_prod.AUW_AboutUS -->
