<?xml version="1.0" encoding="UTF-8"?>
<!-- Generated by org.testng.reporters.JUnitReportReporter -->
<testsuite hostname="DESKTOP-N7K85DJ" name="Casuality_Prod_TC.Menu_Contact_Us" tests="2" failures="0" timestamp="31 Mar 2022 13:36:20 GMT" time="85.077" errors="0">
  <testcase name="HomePage" time="32.174" classname="Casuality_Prod_TC.Menu_Contact_Us"/>
  <testcase name="HomePage" time="52.903" classname="Casuality_Prod_TC.Menu_Contact_Us"/>
</testsuite> <!-- Casuality_Prod_TC.Menu_Contact_Us -->
