<?xml version="1.0" encoding="UTF-8"?>
<!-- Generated by org.testng.reporters.JUnitReportReporter -->
<testsuite hostname="DESKTOP-N7K85DJ" name="AUW_Test_case_prod.AUW_CallUpdate" tests="2" failures="0" timestamp="3 Mar 2022 14:31:02 GMT" time="262.680" errors="0">
  <testcase name="main" time="210.214" classname="AUW_Test_case_prod.AUW_CallUpdate"/>
  <testcase name="main" time="52.466" classname="AUW_Test_case_prod.AUW_CallUpdate"/>
</testsuite> <!-- AUW_Test_case_prod.AUW_CallUpdate -->
