<?xml version="1.0" encoding="UTF-8"?>
<!-- Generated by org.testng.reporters.JUnitReportReporter -->
<testsuite hostname="DESKTOP-N7K85DJ" name="AUW_Test_case_prod.AUW_AboutUS" tests="2" failures="0" timestamp="12 Jan 2022 15:20:27 GMT" time="325.089" errors="0">
  <testcase name="AboutUS" time="246.492" classname="AUW_Test_case_prod.AUW_AboutUS"/>
  <testcase name="AboutUS" time="78.597" classname="AUW_Test_case_prod.AUW_AboutUS"/>
</testsuite> <!-- AUW_Test_case_prod.AUW_AboutUS -->
