<?xml version="1.0" encoding="UTF-8"?>
<!-- Generated by org.testng.reporters.JUnitReportReporter -->
<testsuite hostname="DESKTOP-N7K85DJ" name="Adler_TestCases_Prod.News" tests="2" failures="0" timestamp="27 Apr 2022 11:15:08 GMT" time="284.518" errors="0">
  <testcase name="main_Home_Page" time="156.974" classname="Adler_TestCases_Prod.News"/>
  <testcase name="main_Home_Page" time="127.544" classname="Adler_TestCases_Prod.News"/>
</testsuite> <!-- Adler_TestCases_Prod.News -->
