<?xml version="1.0" encoding="UTF-8"?>
<!-- Generated by org.testng.reporters.JUnitReportReporter -->
<testsuite hostname="DESKTOP-N7K85DJ" name="AUW_Test_case_prod.AUW_Experience" tests="2" failures="0" timestamp="5 Jan 2022 10:13:38 GMT" time="708.534" errors="0">
  <testcase name="main" time="364.219" classname="AUW_Test_case_prod.AUW_Experience"/>
  <testcase name="main" time="344.315" classname="AUW_Test_case_prod.AUW_Experience"/>
</testsuite> <!-- AUW_Test_case_prod.AUW_Experience -->
