<?xml version="1.0" encoding="UTF-8"?>
<!-- Generated by org.testng.reporters.JUnitReportReporter -->
<testsuite hostname="DESKTOP-N7K85DJ" name="AUW_Test_case_prod.AUW_Experience" tests="2" failures="0" timestamp="11 Mar 2022 13:55:32 GMT" time="689.020" errors="0">
  <testcase name="main" time="374.849" classname="AUW_Test_case_prod.AUW_Experience"/>
  <testcase name="main" time="314.171" classname="AUW_Test_case_prod.AUW_Experience"/>
</testsuite> <!-- AUW_Test_case_prod.AUW_Experience -->
