<?xml version="1.0" encoding="UTF-8"?>
<!-- Generated by org.testng.reporters.JUnitReportReporter -->
<testsuite hostname="DESKTOP-N7K85DJ" name="AUW_Test_Case_dev.AUW_PPP" tests="2" failures="0" timestamp="17 Feb 2022 14:18:50 GMT" time="87.870" errors="0">
  <testcase name="main" time="35.379" classname="AUW_Test_Case_dev.AUW_PPP"/>
  <testcase name="main" time="52.491" classname="AUW_Test_Case_dev.AUW_PPP"/>
</testsuite> <!-- AUW_Test_Case_dev.AUW_PPP -->
