<?xml version="1.0" encoding="UTF-8"?>
<!-- Generated by org.testng.reporters.JUnitReportReporter -->
<testsuite hostname="DESKTOP-N7K85DJ" name="AFL_Test_Case_Prod.HomePage_TC" tests="2" failures="0" timestamp="4 Feb 2022 10:36:28 GMT" time="397.759" errors="0">
  <testcase name="Home_Page" time="275.231" classname="AFL_Test_Case_Prod.HomePage_TC"/>
  <testcase name="Home_Page" time="122.528" classname="AFL_Test_Case_Prod.HomePage_TC"/>
</testsuite> <!-- AFL_Test_Case_Prod.HomePage_TC -->
