<?xml version="1.0" encoding="UTF-8"?>
<!-- Generated by org.testng.reporters.JUnitReportReporter -->
<testsuite hostname="DESKTOP-N7K85DJ" name="AUW_Test_case_prod.AUW_PPP" tests="2" failures="0" timestamp="27 Jan 2022 13:33:16 GMT" time="131.660" errors="0">
  <testcase name="main" time="99.098" classname="AUW_Test_case_prod.AUW_PPP"/>
  <testcase name="main" time="32.562" classname="AUW_Test_case_prod.AUW_PPP"/>
</testsuite> <!-- AUW_Test_case_prod.AUW_PPP -->
