<?xml version="1.0" encoding="UTF-8"?>
<!-- Generated by org.testng.reporters.JUnitReportReporter -->
<testsuite hostname="DESKTOP-N7K85DJ" name="MTL_Test_Cases_Prod.What_we_offer1_Firefox_TC" tests="2" failures="0" timestamp="1 Dec 2021 16:30:12 GMT" time="740.887" errors="0">
  <testcase name="Heading" time="369.219" classname="MTL_Test_Cases_Prod.What_we_offer1_Firefox_TC"/>
  <testcase name="Heading" time="371.668" classname="MTL_Test_Cases_Prod.What_we_offer1_Firefox_TC"/>
</testsuite> <!-- MTL_Test_Cases_Prod.What_we_offer1_Firefox_TC -->
