<?xml version="1.0" encoding="UTF-8"?>
<!-- Generated by org.testng.reporters.JUnitReportReporter -->
<testsuite hostname="DESKTOP-N7K85DJ" name="AUW_Test_case_prod.AUW_header_web_Prod" tests="2" failures="0" timestamp="22 Mar 2022 09:50:23 GMT" time="144.677" errors="0">
  <testcase name="main" time="59.515" classname="AUW_Test_case_prod.AUW_header_web_Prod"/>
  <testcase name="main" time="85.162" classname="AUW_Test_case_prod.AUW_header_web_Prod"/>
</testsuite> <!-- AUW_Test_case_prod.AUW_header_web_Prod -->
