<?xml version="1.0" encoding="UTF-8"?>
<!-- Generated by org.testng.reporters.JUnitReportReporter -->
<testsuite hostname="DESKTOP-N7K85DJ" name="AUW_Test_Case_dev.AUW_NJ_Update" tests="2" failures="0" timestamp="7 Mar 2022 12:41:03 GMT" time="155.289" errors="0">
  <testcase name="main" time="80.309" classname="AUW_Test_Case_dev.AUW_NJ_Update"/>
  <testcase name="main" time="74.980" classname="AUW_Test_Case_dev.AUW_NJ_Update"/>
</testsuite> <!-- AUW_Test_Case_dev.AUW_NJ_Update -->
