<?xml version="1.0" encoding="UTF-8"?>
<!-- Generated by org.testng.reporters.JUnitReportReporter -->
<testsuite hostname="DESKTOP-N7K85DJ" name="AUW_Test_case_prod.Practices_CustomerSeekingCoverage" tests="2" failures="0" timestamp="12 Apr 2022 07:47:29 GMT" time="502.428" errors="0">
  <testcase name="Practices_CustomerSeekingCoverage" time="280.916" classname="AUW_Test_case_prod.Practices_CustomerSeekingCoverage"/>
  <testcase name="Practices_CustomerSeekingCoverage" time="221.512" classname="AUW_Test_case_prod.Practices_CustomerSeekingCoverage"/>
</testsuite> <!-- AUW_Test_case_prod.Practices_CustomerSeekingCoverage -->
