<?xml version="1.0" encoding="UTF-8"?>
<!-- Generated by org.testng.reporters.JUnitReportReporter -->
<testsuite hostname="DESKTOP-N7K85DJ" name="MTL_Test_Cases_Prod.Home_URL" tests="2" failures="0" timestamp="16 Dec 2021 09:47:07 GMT" time="76.614" errors="0">
  <testcase name="Footer" time="40.519" classname="MTL_Test_Cases_Prod.Home_URL"/>
  <testcase name="Footer" time="36.095" classname="MTL_Test_Cases_Prod.Home_URL"/>
</testsuite> <!-- MTL_Test_Cases_Prod.Home_URL -->
