<?xml version="1.0" encoding="UTF-8"?>
<!-- Generated by org.testng.reporters.JUnitReportReporter -->
<testsuite hostname="DESKTOP-N7K85DJ" name="Credit_Global_Test_Cases_Dev.Forgot_Password" tests="2" failures="0" timestamp="16 Dec 2021 13:45:35 GMT" time="42.469" errors="0">
  <testcase name="HomePage_Header_login" time="12.104" classname="Credit_Global_Test_Cases_Dev.Forgot_Password"/>
  <testcase name="HomePage_Header_login" time="30.365" classname="Credit_Global_Test_Cases_Dev.Forgot_Password"/>
</testsuite> <!-- Credit_Global_Test_Cases_Dev.Forgot_Password -->
