<?xml version="1.0" encoding="UTF-8"?>
<!-- Generated by org.testng.reporters.JUnitReportReporter -->
<testsuite hostname="DESKTOP-N7K85DJ" name="Casuality_Dev_TC.Menu_Press_Room" tests="2" failures="0" timestamp="4 Mar 2022 12:50:00 GMT" time="151.714" errors="0">
  <testcase name="HomePage" time="68.639" classname="Casuality_Dev_TC.Menu_Press_Room"/>
  <testcase name="HomePage" time="83.075" classname="Casuality_Dev_TC.Menu_Press_Room"/>
</testsuite> <!-- Casuality_Dev_TC.Menu_Press_Room -->
