<?xml version="1.0" encoding="UTF-8"?>
<!-- Generated by org.testng.reporters.JUnitReportReporter -->
<testsuite hostname="DESKTOP-N7K85DJ" name="AUW_Test_case_prod.AUW_CallUpdate" tests="2" failures="0" timestamp="15 Feb 2022 16:09:04 GMT" time="332.634" errors="0">
  <testcase name="main" time="190.709" classname="AUW_Test_case_prod.AUW_CallUpdate"/>
  <testcase name="main" time="141.925" classname="AUW_Test_case_prod.AUW_CallUpdate"/>
</testsuite> <!-- AUW_Test_case_prod.AUW_CallUpdate -->
