<?xml version="1.0" encoding="UTF-8"?>
<!-- Generated by org.testng.reporters.JUnitReportReporter -->
<testsuite hostname="DESKTOP-N7K85DJ" name="MTL_Test_Cases_Prod.More_offers_TC" tests="2" failures="0" timestamp="3 Mar 2022 14:31:02 GMT" time="162.147" errors="0">
  <testcase name="More_offers" time="50.500" classname="MTL_Test_Cases_Prod.More_offers_TC"/>
  <testcase name="More_offers" time="111.647" classname="MTL_Test_Cases_Prod.More_offers_TC"/>
</testsuite> <!-- MTL_Test_Cases_Prod.More_offers_TC -->
