<?xml version="1.0" encoding="UTF-8"?>
<!-- Generated by org.testng.reporters.JUnitReportReporter -->
<testsuite hostname="DESKTOP-N7K85DJ" name="Casuality_Prod_TC.Home_page" tests="2" failures="0" timestamp="21 Feb 2022 13:14:22 GMT" time="201.561" errors="0">
  <testcase name="HomePage" time="118.382" classname="Casuality_Prod_TC.Home_page"/>
  <testcase name="HomePage" time="83.179" classname="Casuality_Prod_TC.Home_page"/>
</testsuite> <!-- Casuality_Prod_TC.Home_page -->
