<?xml version="1.0" encoding="UTF-8"?>
<!-- Generated by org.testng.reporters.JUnitReportReporter -->
<testsuite hostname="DESKTOP-N7K85DJ" name="AFL_Test_Case_Prod.HomePage_TC" tests="2" failures="0" timestamp="26 Apr 2022 09:47:26 GMT" time="308.424" errors="0">
  <testcase name="Home_Page" time="119.428" classname="AFL_Test_Case_Prod.HomePage_TC"/>
  <testcase name="Home_Page" time="188.996" classname="AFL_Test_Case_Prod.HomePage_TC"/>
</testsuite> <!-- AFL_Test_Case_Prod.HomePage_TC -->
