<?xml version="1.0" encoding="UTF-8"?>
<!-- Generated by org.testng.reporters.JUnitReportReporter -->
<testsuite hostname="DESKTOP-N7K85DJ" name="AUW_Test_case_prod.AUW_Intelligence_TC" tests="2" failures="0" timestamp="27 Jan 2022 13:33:16 GMT" time="306.181" errors="0">
  <testcase name="main" time="107.139" classname="AUW_Test_case_prod.AUW_Intelligence_TC"/>
  <testcase name="main" time="199.042" classname="AUW_Test_case_prod.AUW_Intelligence_TC"/>
</testsuite> <!-- AUW_Test_case_prod.AUW_Intelligence_TC -->
