<?xml version="1.0" encoding="UTF-8"?>
<!-- Generated by org.testng.reporters.JUnitReportReporter -->
<testsuite hostname="DESKTOP-N7K85DJ" name="Warranty_Test_Case_Dev.Contact_US" tests="2" failures="0" timestamp="15 Dec 2021 09:54:42 GMT" time="92.551" errors="0">
  <testcase name="ContactUS" time="45.817" classname="Warranty_Test_Case_Dev.Contact_US"/>
  <testcase name="ContactUS" time="46.734" classname="Warranty_Test_Case_Dev.Contact_US"/>
</testsuite> <!-- Warranty_Test_Case_Dev.Contact_US -->
