<?xml version="1.0" encoding="UTF-8"?>
<!-- Generated by org.testng.reporters.JUnitReportReporter -->
<testsuite hostname="DESKTOP-N7K85DJ" name="MTL_Test_Cases_Prod.Home_URL" tests="2" failures="0" timestamp="27 Jan 2022 13:33:16 GMT" time="143.906" errors="0">
  <testcase name="Footer" time="60.515" classname="MTL_Test_Cases_Prod.Home_URL"/>
  <testcase name="Footer" time="83.391" classname="MTL_Test_Cases_Prod.Home_URL"/>
</testsuite> <!-- MTL_Test_Cases_Prod.Home_URL -->
