<?xml version="1.0" encoding="UTF-8"?>
<!-- Generated by org.testng.reporters.JUnitReportReporter -->
<testsuite hostname="DESKTOP-N7K85DJ" name="AUW_Global_Test_Cases_Development.LearnMore_TC" tests="2" failures="0" timestamp="22 Dec 2021 14:58:12 GMT" time="60.566" errors="0">
  <testcase name="LearnMore" time="32.500" classname="AUW_Global_Test_Cases_Development.LearnMore_TC"/>
  <testcase name="LearnMore" time="28.066" classname="AUW_Global_Test_Cases_Development.LearnMore_TC"/>
</testsuite> <!-- AUW_Global_Test_Cases_Development.LearnMore_TC -->
