<?xml version="1.0" encoding="UTF-8"?>
<!-- Generated by org.testng.reporters.JUnitReportReporter -->
<testsuite hostname="DESKTOP-N7K85DJ" name="Adler_TestCases_Prod.News" tests="2" failures="0" timestamp="16 Mar 2022 12:48:23 GMT" time="334.183" errors="0">
  <testcase name="main_Home_Page" time="133.098" classname="Adler_TestCases_Prod.News"/>
  <testcase name="main_Home_Page" time="201.085" classname="Adler_TestCases_Prod.News"/>
</testsuite> <!-- Adler_TestCases_Prod.News -->
