<?xml version="1.0" encoding="UTF-8"?>
<!-- Generated by org.testng.reporters.JUnitReportReporter -->
<testsuite hostname="DESKTOP-N7K85DJ" name="Warranty_Test_Case_Prod.About_US" tests="2" failures="0" timestamp="21 Mar 2022 14:33:38 GMT" time="141.193" errors="0">
  <testcase name="Home_page" time="44.624" classname="Warranty_Test_Case_Prod.About_US"/>
  <testcase name="Home_page" time="96.569" classname="Warranty_Test_Case_Prod.About_US"/>
</testsuite> <!-- Warranty_Test_Case_Prod.About_US -->
