<?xml version="1.0" encoding="UTF-8"?>
<!-- Generated by org.testng.reporters.JUnitReportReporter -->
<testsuite hostname="DESKTOP-N7K85DJ" name="MTL_Test_Cases_Dev.Home_URL" tests="1" failures="0" timestamp="14 Apr 2022 15:24:54 GMT" time="40.961" errors="0">
  <testcase name="Footer" time="40.961" classname="MTL_Test_Cases_Dev.Home_URL"/>
</testsuite> <!-- MTL_Test_Cases_Dev.Home_URL -->
