<?xml version="1.0" encoding="UTF-8"?>
<!-- Generated by org.testng.reporters.JUnitReportReporter -->
<testsuite hostname="DESKTOP-N7K85DJ" name="Careers_Test_case_Prod.Footer" tests="10" failures="0" timestamp="27 Jan 2022 13:33:16 GMT" time="711.169" errors="0">
  <testcase name="AUW_Linkedin" time="100.057" classname="Careers_Test_case_Prod.Footer"/>
  <testcase name="AUW_Linkedin" time="26.571" classname="Careers_Test_case_Prod.Footer"/>
  <testcase name="AUW_Policy" time="46.483" classname="Careers_Test_case_Prod.Footer"/>
  <testcase name="AUW_twitter" time="106.442" classname="Careers_Test_case_Prod.Footer"/>
  <testcase name="AUW_Instagram" time="81.345" classname="Careers_Test_case_Prod.Footer"/>
  <testcase name="AUW_Policy" time="106.479" classname="Careers_Test_case_Prod.Footer"/>
  <testcase name="AUW_Instagram" time="35.616" classname="Careers_Test_case_Prod.Footer"/>
  <testcase name="AUW_Facebook" time="98.506" classname="Careers_Test_case_Prod.Footer"/>
  <testcase name="AUW_Facebook" time="33.980" classname="Careers_Test_case_Prod.Footer"/>
  <testcase name="AUW_twitter" time="75.690" classname="Careers_Test_case_Prod.Footer"/>
</testsuite> <!-- Careers_Test_case_Prod.Footer -->
