<?xml version="1.0" encoding="UTF-8"?>
<!-- Generated by org.testng.reporters.JUnitReportReporter -->
<testsuite hostname="DESKTOP-N7K85DJ" name="Adler_TestCases_Prod.News" tests="2" failures="0" timestamp="21 Feb 2022 13:14:22 GMT" time="353.421" errors="0">
  <testcase name="main_Home_Page" time="216.736" classname="Adler_TestCases_Prod.News"/>
  <testcase name="main_Home_Page" time="136.685" classname="Adler_TestCases_Prod.News"/>
</testsuite> <!-- Adler_TestCases_Prod.News -->
