<?xml version="1.0" encoding="UTF-8"?>
<!-- Generated by org.testng.reporters.JUnitReportReporter -->
<testsuite hostname="DESKTOP-N7K85DJ" name="AFL_Test_Case_Prod.HomePage_TC" tests="2" failures="0" timestamp="24 Feb 2022 14:29:27 GMT" time="272.570" errors="0">
  <testcase name="Home_Page" time="121.963" classname="AFL_Test_Case_Prod.HomePage_TC"/>
  <testcase name="Home_Page" time="150.607" classname="AFL_Test_Case_Prod.HomePage_TC"/>
</testsuite> <!-- AFL_Test_Case_Prod.HomePage_TC -->
