<?xml version="1.0" encoding="UTF-8"?>
<!-- Generated by org.testng.reporters.JUnitReportReporter -->
<testsuite hostname="DESKTOP-N7K85DJ" name="Warranty_Test_Case_Prod.Our_Partner" tests="12" failures="0" timestamp="14 Jan 2022 12:33:11 GMT" time="1088.802" errors="0">
  <testcase name="Partner3" time="111.714" classname="Warranty_Test_Case_Prod.Our_Partner"/>
  <testcase name="Partner5" time="71.702" classname="Warranty_Test_Case_Prod.Our_Partner"/>
  <testcase name="Partner3" time="72.107" classname="Warranty_Test_Case_Prod.Our_Partner"/>
  <testcase name="Partner4" time="85.458" classname="Warranty_Test_Case_Prod.Our_Partner"/>
  <testcase name="Partner2" time="72.129" classname="Warranty_Test_Case_Prod.Our_Partner"/>
  <testcase name="Partner1" time="189.496" classname="Warranty_Test_Case_Prod.Our_Partner"/>
  <testcase name="Partner4" time="73.718" classname="Warranty_Test_Case_Prod.Our_Partner"/>
  <testcase name="Partner6" time="72.325" classname="Warranty_Test_Case_Prod.Our_Partner"/>
  <testcase name="Partner6" time="69.447" classname="Warranty_Test_Case_Prod.Our_Partner"/>
  <testcase name="Partner5" time="85.080" classname="Warranty_Test_Case_Prod.Our_Partner"/>
  <testcase name="Partner1" time="73.886" classname="Warranty_Test_Case_Prod.Our_Partner"/>
  <testcase name="Partner2" time="111.740" classname="Warranty_Test_Case_Prod.Our_Partner"/>
</testsuite> <!-- Warranty_Test_Case_Prod.Our_Partner -->
