<?xml version="1.0" encoding="UTF-8"?>
<!-- Generated by org.testng.reporters.JUnitReportReporter -->
<testsuite hostname="DESKTOP-N7K85DJ" name="AUW_Test_case_prod.AUW_CallUpdate" tests="2" failures="0" timestamp="27 Dec 2021 15:43:57 GMT" time="96.564" errors="0">
  <testcase name="main" time="46.573" classname="AUW_Test_case_prod.AUW_CallUpdate"/>
  <testcase name="main" time="49.991" classname="AUW_Test_case_prod.AUW_CallUpdate"/>
</testsuite> <!-- AUW_Test_case_prod.AUW_CallUpdate -->
