<?xml version="1.0" encoding="UTF-8"?>
<!-- Generated by org.testng.reporters.JUnitReportReporter -->
<testsuite hostname="DESKTOP-N7K85DJ" name="Promesa_Test_Case_Prod.Change_language" tests="2" failures="0" timestamp="16 Mar 2022 12:48:23 GMT" time="26.816" errors="0">
  <testcase name="Change_Language" time="12.198" classname="Promesa_Test_Case_Prod.Change_language"/>
  <testcase name="Change_Language" time="14.618" classname="Promesa_Test_Case_Prod.Change_language"/>
</testsuite> <!-- Promesa_Test_Case_Prod.Change_language -->
