<?xml version="1.0" encoding="UTF-8"?>
<!-- Generated by org.testng.reporters.JUnitReportReporter -->
<testsuite hostname="DESKTOP-N7K85DJ" name="Casuality_Prod_TC.Menu_About_US" tests="2" failures="0" timestamp="23 Mar 2022 12:03:17 GMT" time="164.380" errors="0">
  <testcase name="HomePage" time="51.984" classname="Casuality_Prod_TC.Menu_About_US"/>
  <testcase name="HomePage" time="112.396" classname="Casuality_Prod_TC.Menu_About_US"/>
</testsuite> <!-- Casuality_Prod_TC.Menu_About_US -->
