<?xml version="1.0" encoding="UTF-8"?>
<!-- Generated by org.testng.reporters.JUnitReportReporter -->
<testsuite hostname="DESKTOP-N7K85DJ" name="Promesa_Test_Case_Development.Change_language" tests="2" failures="0" timestamp="14 Feb 2022 11:13:18 GMT" time="34.510" errors="0">
  <testcase name="Change_Language" time="21.693" classname="Promesa_Test_Case_Development.Change_language"/>
  <testcase name="Change_Language" time="12.817" classname="Promesa_Test_Case_Development.Change_language"/>
</testsuite> <!-- Promesa_Test_Case_Development.Change_language -->
