<?xml version="1.0" encoding="UTF-8"?>
<!-- Generated by org.testng.reporters.JUnitReportReporter -->
<testsuite hostname="DESKTOP-N7K85DJ" name="AUW_Test_case_prod.AUW_NJ_Update" tests="2" failures="0" timestamp="17 Mar 2022 13:12:13 GMT" time="156.644" errors="0">
  <testcase name="main" time="46.619" classname="AUW_Test_case_prod.AUW_NJ_Update"/>
  <testcase name="main" time="110.025" classname="AUW_Test_case_prod.AUW_NJ_Update"/>
</testsuite> <!-- AUW_Test_case_prod.AUW_NJ_Update -->
