<?xml version="1.0" encoding="UTF-8"?>
<!-- Generated by org.testng.reporters.JUnitReportReporter -->
<testsuite hostname="DESKTOP-N7K85DJ" name="AFL_Test_Case_Prod.Footer_TC" tests="2" failures="0" timestamp="7 Feb 2022 13:48:17 GMT" time="178.584" errors="0">
  <testcase name="Footer" time="101.301" classname="AFL_Test_Case_Prod.Footer_TC"/>
  <testcase name="Footer" time="77.283" classname="AFL_Test_Case_Prod.Footer_TC"/>
</testsuite> <!-- AFL_Test_Case_Prod.Footer_TC -->
