<?xml version="1.0" encoding="UTF-8"?>
<!-- Generated by org.testng.reporters.JUnitReportReporter -->
<testsuite hostname="DESKTOP-N7K85DJ" name="Adler_TestCases_Prod.News" tests="2" failures="0" timestamp="9 Dec 2021 13:26:34 GMT" time="252.007" errors="0">
  <testcase name="main_Home_Page" time="129.985" classname="Adler_TestCases_Prod.News"/>
  <testcase name="main_Home_Page" time="122.022" classname="Adler_TestCases_Prod.News"/>
</testsuite> <!-- Adler_TestCases_Prod.News -->
