<?xml version="1.0" encoding="UTF-8"?>
<!-- Generated by org.testng.reporters.JUnitReportReporter -->
<testsuite hostname="DESKTOP-N7K85DJ" name="AUW_Test_case_prod.AUW_NJ_Update" tests="2" failures="0" timestamp="25 Apr 2022 10:19:02 GMT" time="143.297" errors="0">
  <testcase name="main" time="94.451" classname="AUW_Test_case_prod.AUW_NJ_Update"/>
  <testcase name="main" time="48.846" classname="AUW_Test_case_prod.AUW_NJ_Update"/>
</testsuite> <!-- AUW_Test_case_prod.AUW_NJ_Update -->
