<?xml version="1.0" encoding="UTF-8"?>
<!-- Generated by org.testng.reporters.JUnitReportReporter -->
<testsuite hostname="DESKTOP-N7K85DJ" name="Casuality_Dev_TC.Menu_Press_Room" tests="2" failures="0" timestamp="23 Feb 2022 12:36:01 GMT" time="149.685" errors="0">
  <testcase name="HomePage" time="72.930" classname="Casuality_Dev_TC.Menu_Press_Room"/>
  <testcase name="HomePage" time="76.755" classname="Casuality_Dev_TC.Menu_Press_Room"/>
</testsuite> <!-- Casuality_Dev_TC.Menu_Press_Room -->
