<?xml version="1.0" encoding="UTF-8"?>
<!-- Generated by org.testng.reporters.JUnitReportReporter -->
<testsuite hostname="DESKTOP-N7K85DJ" name="AFL_Test_Case_Prod.Footer_TC" tests="2" failures="0" timestamp="16 Dec 2021 09:47:07 GMT" time="151.699" errors="0">
  <testcase name="Footer" time="73.913" classname="AFL_Test_Case_Prod.Footer_TC"/>
  <testcase name="Footer" time="77.786" classname="AFL_Test_Case_Prod.Footer_TC"/>
</testsuite> <!-- AFL_Test_Case_Prod.Footer_TC -->
