<?xml version="1.0" encoding="UTF-8"?>
<!-- Generated by org.testng.reporters.JUnitReportReporter -->
<testsuite hostname="DESKTOP-N7K85DJ" name="AUW_Test_case_prod.AUW_header_web_Prod" tests="2" failures="0" timestamp="31 Mar 2022 09:38:46 GMT" time="138.416" errors="0">
  <testcase name="main" time="76.741" classname="AUW_Test_case_prod.AUW_header_web_Prod"/>
  <testcase name="main" time="61.675" classname="AUW_Test_case_prod.AUW_header_web_Prod"/>
</testsuite> <!-- AUW_Test_case_prod.AUW_header_web_Prod -->
