<?xml version="1.0" encoding="UTF-8"?>
<!-- Generated by org.testng.reporters.JUnitReportReporter -->
<testsuite hostname="DESKTOP-N7K85DJ" name="Careers_Test_case_Prod.Footer" tests="10" failures="0" timestamp="15 Mar 2022 10:17:10 GMT" time="399.453" errors="0">
  <testcase name="AUW_Policy" time="36.849" classname="Careers_Test_case_Prod.Footer"/>
  <testcase name="AUW_Instagram" time="21.167" classname="Careers_Test_case_Prod.Footer"/>
  <testcase name="AUW_twitter" time="77.361" classname="Careers_Test_case_Prod.Footer"/>
  <testcase name="AUW_Policy" time="44.849" classname="Careers_Test_case_Prod.Footer"/>
  <testcase name="AUW_twitter" time="21.908" classname="Careers_Test_case_Prod.Footer"/>
  <testcase name="AUW_Facebook" time="32.788" classname="Careers_Test_case_Prod.Footer"/>
  <testcase name="AUW_Linkedin" time="73.719" classname="Careers_Test_case_Prod.Footer"/>
  <testcase name="AUW_Instagram" time="21.727" classname="Careers_Test_case_Prod.Footer"/>
  <testcase name="AUW_Facebook" time="45.713" classname="Careers_Test_case_Prod.Footer"/>
  <testcase name="AUW_Linkedin" time="23.372" classname="Careers_Test_case_Prod.Footer"/>
</testsuite> <!-- Careers_Test_case_Prod.Footer -->
