<?xml version="1.0" encoding="UTF-8"?>
<!-- Generated by org.testng.reporters.JUnitReportReporter -->
<testsuite hostname="DESKTOP-N7K85DJ" name="Warranty_Test_Case_Dev.About_US" tests="2" failures="0" timestamp="12 Jan 2022 10:17:31 GMT" time="111.766" errors="0">
  <testcase name="Home_page" time="58.974" classname="Warranty_Test_Case_Dev.About_US"/>
  <testcase name="Home_page" time="52.792" classname="Warranty_Test_Case_Dev.About_US"/>
</testsuite> <!-- Warranty_Test_Case_Dev.About_US -->
