<?xml version="1.0" encoding="UTF-8"?>
<!-- Generated by org.testng.reporters.JUnitReportReporter -->
<testsuite hostname="DESKTOP-N7K85DJ" name="Casuality_Dev_TC.Home_page" tests="2" failures="0" timestamp="17 Feb 2022 14:18:50 GMT" time="188.531" errors="0">
  <testcase name="HomePage" time="95.050" classname="Casuality_Dev_TC.Home_page"/>
  <testcase name="HomePage" time="93.481" classname="Casuality_Dev_TC.Home_page"/>
</testsuite> <!-- Casuality_Dev_TC.Home_page -->
