<?xml version="1.0" encoding="UTF-8"?>
<!-- Generated by org.testng.reporters.JUnitReportReporter -->
<testsuite hostname="DESKTOP-N7K85DJ" name="Adler_TestCases_Development.Home" tests="2" failures="0" timestamp="21 Feb 2022 15:12:15 GMT" time="82.140" errors="0">
  <testcase name="main_Home_Page" time="42.296" classname="Adler_TestCases_Development.Home"/>
  <testcase name="main_Home_Page" time="39.844" classname="Adler_TestCases_Development.Home"/>
</testsuite> <!-- Adler_TestCases_Development.Home -->
