<?xml version="1.0" encoding="UTF-8"?>
<!-- Generated by org.testng.reporters.JUnitReportReporter -->
<testsuite hostname="DESKTOP-N7K85DJ" name="Speciality_underwriters_Test_Case_Prod.Contact_US_TC" tests="1" failures="0" timestamp="17 Feb 2022 15:31:57 GMT" time="24.991" errors="0">
  <testcase name="Footer" time="24.991" classname="Speciality_underwriters_Test_Case_Prod.Contact_US_TC"/>
</testsuite> <!-- Speciality_underwriters_Test_Case_Prod.Contact_US_TC -->
