<?xml version="1.0" encoding="UTF-8"?>
<!-- Generated by org.testng.reporters.JUnitReportReporter -->
<testsuite hostname="DESKTOP-N7K85DJ" name="Casuality_Prod_TC.Home_page" tests="2" failures="0" timestamp="4 Mar 2022 11:36:24 GMT" time="163.927" errors="0">
  <testcase name="HomePage" time="78.715" classname="Casuality_Prod_TC.Home_page"/>
  <testcase name="HomePage" time="85.212" classname="Casuality_Prod_TC.Home_page"/>
</testsuite> <!-- Casuality_Prod_TC.Home_page -->
