<?xml version="1.0" encoding="UTF-8"?>
<!-- Generated by org.testng.reporters.JUnitReportReporter -->
<testsuite hostname="DESKTOP-N7K85DJ" name="Warranty_Test_Case_Prod.Contact_US" tests="2" failures="0" timestamp="25 Feb 2022 12:26:47 GMT" time="130.510" errors="0">
  <testcase name="ContactUS" time="47.642" classname="Warranty_Test_Case_Prod.Contact_US"/>
  <testcase name="ContactUS" time="82.868" classname="Warranty_Test_Case_Prod.Contact_US"/>
</testsuite> <!-- Warranty_Test_Case_Prod.Contact_US -->
