<?xml version="1.0" encoding="UTF-8"?>
<!-- Generated by org.testng.reporters.JUnitReportReporter -->
<testsuite hostname="DESKTOP-N7K85DJ" name="AUW_Test_Case_dev.AUW_PPP" tests="2" failures="0" timestamp="14 Jan 2022 10:44:33 GMT" time="209.110" errors="0">
  <testcase name="main" time="43.203" classname="AUW_Test_Case_dev.AUW_PPP"/>
  <testcase name="main" time="165.907" classname="AUW_Test_Case_dev.AUW_PPP"/>
</testsuite> <!-- AUW_Test_Case_dev.AUW_PPP -->
