<?xml version="1.0" encoding="UTF-8"?>
<!-- Generated by org.testng.reporters.JUnitReportReporter -->
<testsuite hostname="DESKTOP-N7K85DJ" name="Promesa_Test_Case_Development.Footer" tests="2" failures="0" timestamp="15 Dec 2021 09:54:42 GMT" time="124.843" errors="0">
  <testcase name="Footer" time="60.082" classname="Promesa_Test_Case_Development.Footer"/>
  <testcase name="Footer" time="64.761" classname="Promesa_Test_Case_Development.Footer"/>
</testsuite> <!-- Promesa_Test_Case_Development.Footer -->
