<?xml version="1.0" encoding="UTF-8"?>
<!-- Generated by org.testng.reporters.JUnitReportReporter -->
<testsuite hostname="DESKTOP-N7K85DJ" name="Careers_Test_case_Prod.Footer" tests="10" failures="0" timestamp="4 Feb 2022 10:36:28 GMT" time="438.262" errors="0">
  <testcase name="AUW_Instagram" time="18.804" classname="Careers_Test_case_Prod.Footer"/>
  <testcase name="AUW_twitter" time="24.221" classname="Careers_Test_case_Prod.Footer"/>
  <testcase name="AUW_Policy" time="54.682" classname="Careers_Test_case_Prod.Footer"/>
  <testcase name="AUW_Facebook" time="35.496" classname="Careers_Test_case_Prod.Footer"/>
  <testcase name="AUW_Linkedin" time="28.447" classname="Careers_Test_case_Prod.Footer"/>
  <testcase name="AUW_Linkedin" time="19.821" classname="Careers_Test_case_Prod.Footer"/>
  <testcase name="AUW_twitter" time="82.022" classname="Careers_Test_case_Prod.Footer"/>
  <testcase name="AUW_Facebook" time="63.471" classname="Careers_Test_case_Prod.Footer"/>
  <testcase name="AUW_Instagram" time="74.481" classname="Careers_Test_case_Prod.Footer"/>
  <testcase name="AUW_Policy" time="36.817" classname="Careers_Test_case_Prod.Footer"/>
</testsuite> <!-- Careers_Test_case_Prod.Footer -->
