<?xml version="1.0" encoding="UTF-8"?>
<!-- Generated by org.testng.reporters.JUnitReportReporter -->
<testsuite hostname="DESKTOP-N7K85DJ" name="AUW_Test_case_prod.AUW_NJ_Update" tests="2" failures="0" timestamp="27 Jan 2022 13:33:16 GMT" time="257.465" errors="0">
  <testcase name="main" time="58.871" classname="AUW_Test_case_prod.AUW_NJ_Update"/>
  <testcase name="main" time="198.594" classname="AUW_Test_case_prod.AUW_NJ_Update"/>
</testsuite> <!-- AUW_Test_case_prod.AUW_NJ_Update -->
