<?xml version="1.0" encoding="UTF-8"?>
<!-- Generated by org.testng.reporters.JUnitReportReporter -->
<testsuite hostname="DESKTOP-N7K85DJ" name="Warranty_Test_Case_Prod.About_US" tests="2" failures="0" timestamp="5 Jan 2022 10:13:38 GMT" time="127.359" errors="0">
  <testcase name="Home_page" time="63.911" classname="Warranty_Test_Case_Prod.About_US"/>
  <testcase name="Home_page" time="63.448" classname="Warranty_Test_Case_Prod.About_US"/>
</testsuite> <!-- Warranty_Test_Case_Prod.About_US -->
