<?xml version="1.0" encoding="UTF-8"?>
<!-- Generated by org.testng.reporters.JUnitReportReporter -->
<testsuite hostname="DESKTOP-N7K85DJ" name="Warranty_Test_Case_Dev.Partner_With_US" tests="2" failures="0" timestamp="24 Feb 2022 15:18:06 GMT" time="64.190" errors="0">
  <testcase name="partner" time="39.519" classname="Warranty_Test_Case_Dev.Partner_With_US"/>
  <testcase name="partner" time="24.671" classname="Warranty_Test_Case_Dev.Partner_With_US"/>
</testsuite> <!-- Warranty_Test_Case_Dev.Partner_With_US -->
