<?xml version="1.0" encoding="UTF-8"?>
<!-- Generated by org.testng.reporters.JUnitReportReporter -->
<testsuite hostname="DESKTOP-N7K85DJ" name="AUW_Test_case_prod.AUW_header_web_Prod" tests="2" failures="0" timestamp="28 Feb 2022 06:59:29 GMT" time="169.436" errors="0">
  <testcase name="main" time="110.103" classname="AUW_Test_case_prod.AUW_header_web_Prod"/>
  <testcase name="main" time="59.333" classname="AUW_Test_case_prod.AUW_header_web_Prod"/>
</testsuite> <!-- AUW_Test_case_prod.AUW_header_web_Prod -->
