<?xml version="1.0" encoding="UTF-8"?>
<!-- Generated by org.testng.reporters.JUnitReportReporter -->
<testsuite hostname="DESKTOP-N7K85DJ" name="Adler_TestCases_Development.News" tests="1" failures="0" timestamp="12 Apr 2022 13:12:13 GMT" time="128.547" errors="0">
  <testcase name="main_Home_Page" time="128.547" classname="Adler_TestCases_Development.News"/>
</testsuite> <!-- Adler_TestCases_Development.News -->
