<?xml version="1.0" encoding="UTF-8"?>
<!-- Generated by org.testng.reporters.JUnitReportReporter -->
<testsuite hostname="DESKTOP-N7K85DJ" name="AUW_Test_case_prod.AUW_Intelligence_TC" tests="2" failures="0" timestamp="14 Jan 2022 12:33:11 GMT" time="430.311" errors="0">
  <testcase name="main" time="91.720" classname="AUW_Test_case_prod.AUW_Intelligence_TC"/>
  <testcase name="main" time="338.591" classname="AUW_Test_case_prod.AUW_Intelligence_TC"/>
</testsuite> <!-- AUW_Test_case_prod.AUW_Intelligence_TC -->
