<?xml version="1.0" encoding="UTF-8"?>
<!-- Generated by org.testng.reporters.JUnitReportReporter -->
<testsuite hostname="DESKTOP-N7K85DJ" name="Casuality_Prod_TC.Menu_Press_Room" tests="2" failures="0" timestamp="15 Feb 2022 17:55:12 GMT" time="187.861" errors="0">
  <testcase name="HomePage" time="113.628" classname="Casuality_Prod_TC.Menu_Press_Room"/>
  <testcase name="HomePage" time="74.233" classname="Casuality_Prod_TC.Menu_Press_Room"/>
</testsuite> <!-- Casuality_Prod_TC.Menu_Press_Room -->
