<?xml version="1.0" encoding="UTF-8"?>
<!-- Generated by org.testng.reporters.JUnitReportReporter -->
<testsuite hostname="DESKTOP-N7K85DJ" name="Promesa_Test_Case_Prod.Change_language" tests="2" failures="0" timestamp="27 Apr 2022 11:15:08 GMT" time="27.998" errors="0">
  <testcase name="Change_Language" time="12.847" classname="Promesa_Test_Case_Prod.Change_language"/>
  <testcase name="Change_Language" time="15.151" classname="Promesa_Test_Case_Prod.Change_language"/>
</testsuite> <!-- Promesa_Test_Case_Prod.Change_language -->
