<?xml version="1.0" encoding="UTF-8"?>
<!-- Generated by org.testng.reporters.JUnitReportReporter -->
<testsuite hostname="DESKTOP-N7K85DJ" name="AFL_Test_Case_Prod.HomePage_TC" tests="2" failures="0" timestamp="7 Feb 2022 13:48:17 GMT" time="320.029" errors="0">
  <testcase name="Home_Page" time="203.129" classname="AFL_Test_Case_Prod.HomePage_TC"/>
  <testcase name="Home_Page" time="116.900" classname="AFL_Test_Case_Prod.HomePage_TC"/>
</testsuite> <!-- AFL_Test_Case_Prod.HomePage_TC -->
