<?xml version="1.0" encoding="UTF-8"?>
<!-- Generated by org.testng.reporters.JUnitReportReporter -->
<testsuite hostname="DESKTOP-N7K85DJ" name="Adler_TestCases_Prod.Home" tests="2" failures="0" timestamp="14 Mar 2022 11:17:46 GMT" time="95.848" errors="0">
  <testcase name="main_Home_Page" time="61.187" classname="Adler_TestCases_Prod.Home"/>
  <testcase name="main_Home_Page" time="34.661" classname="Adler_TestCases_Prod.Home"/>
</testsuite> <!-- Adler_TestCases_Prod.Home -->
