<?xml version="1.0" encoding="UTF-8"?>
<!-- Generated by org.testng.reporters.JUnitReportReporter -->
<testsuite hostname="DESKTOP-N7K85DJ" name="Warranty_Test_Case_Dev.NewsEvents" tests="2" failures="0" timestamp="25 Feb 2022 13:22:59 GMT" time="311.501" errors="0">
  <testcase name="NewsEvents" time="153.197" classname="Warranty_Test_Case_Dev.NewsEvents"/>
  <testcase name="NewsEvents" time="158.304" classname="Warranty_Test_Case_Dev.NewsEvents"/>
</testsuite> <!-- Warranty_Test_Case_Dev.NewsEvents -->
