<?xml version="1.0" encoding="UTF-8"?>
<!-- Generated by org.testng.reporters.JUnitReportReporter -->
<testsuite hostname="DESKTOP-N7K85DJ" name="AFL_Test_Case_Prod.HomePage_TC" tests="2" failures="0" timestamp="28 Feb 2022 06:59:29 GMT" time="310.197" errors="0">
  <testcase name="Home_Page" time="125.866" classname="AFL_Test_Case_Prod.HomePage_TC"/>
  <testcase name="Home_Page" time="184.331" classname="AFL_Test_Case_Prod.HomePage_TC"/>
</testsuite> <!-- AFL_Test_Case_Prod.HomePage_TC -->
