<?xml version="1.0" encoding="UTF-8"?>
<!-- Generated by org.testng.reporters.JUnitReportReporter -->
<testsuite hostname="DESKTOP-N7K85DJ" name="AUW_Test_case_prod.AUW_Experience" tests="2" failures="0" timestamp="4 Feb 2022 10:36:29 GMT" time="679.008" errors="0">
  <testcase name="main" time="320.732" classname="AUW_Test_case_prod.AUW_Experience"/>
  <testcase name="main" time="358.276" classname="AUW_Test_case_prod.AUW_Experience"/>
</testsuite> <!-- AUW_Test_case_prod.AUW_Experience -->
