<?xml version="1.0" encoding="UTF-8"?>
<!-- Generated by org.testng.reporters.JUnitReportReporter -->
<testsuite hostname="DESKTOP-N7K85DJ" name="Casuality_Prod_TC.Home_page" tests="2" failures="0" timestamp="1 Mar 2022 12:40:42 GMT" time="211.949" errors="0">
  <testcase name="HomePage" time="133.017" classname="Casuality_Prod_TC.Home_page"/>
  <testcase name="HomePage" time="78.932" classname="Casuality_Prod_TC.Home_page"/>
</testsuite> <!-- Casuality_Prod_TC.Home_page -->
