<?xml version="1.0" encoding="UTF-8"?>
<!-- Generated by org.testng.reporters.JUnitReportReporter -->
<testsuite hostname="DESKTOP-N7K85DJ" name="AUW_Test_case_prod.AUW_CallUpdate" tests="2" failures="0" timestamp="27 Apr 2022 11:15:08 GMT" time="190.217" errors="0">
  <testcase name="main" time="128.213" classname="AUW_Test_case_prod.AUW_CallUpdate"/>
  <testcase name="main" time="62.004" classname="AUW_Test_case_prod.AUW_CallUpdate"/>
</testsuite> <!-- AUW_Test_case_prod.AUW_CallUpdate -->
