<?xml version="1.0" encoding="UTF-8"?>
<!-- Generated by org.testng.reporters.JUnitReportReporter -->
<testsuite hostname="DESKTOP-N7K85DJ" name="Adler_TestCases_Development.Home" tests="2" failures="0" timestamp="16 Feb 2022 09:34:57 GMT" time="76.544" errors="0">
  <testcase name="main_Home_Page" time="35.149" classname="Adler_TestCases_Development.Home"/>
  <testcase name="main_Home_Page" time="41.395" classname="Adler_TestCases_Development.Home"/>
</testsuite> <!-- Adler_TestCases_Development.Home -->
