<?xml version="1.0" encoding="UTF-8"?>
<!-- Generated by org.testng.reporters.JUnitReportReporter -->
<testsuite hostname="DESKTOP-N7K85DJ" name="Promesa_Test_Case_Prod.Footer" tests="10" failures="0" timestamp="18 Feb 2022 14:06:49 GMT" time="238.259" errors="0">
  <testcase name="Footer_PrivacyPolicy" time="30.104" classname="Promesa_Test_Case_Prod.Footer"/>
  <testcase name="Footer_facebook" time="33.993" classname="Promesa_Test_Case_Prod.Footer"/>
  <testcase name="Footer_linkedin" time="22.203" classname="Promesa_Test_Case_Prod.Footer"/>
  <testcase name="Footer_PrivacyPolicy" time="29.794" classname="Promesa_Test_Case_Prod.Footer"/>
  <testcase name="Footer_facebook" time="30.925" classname="Promesa_Test_Case_Prod.Footer"/>
  <testcase name="Footer_instagram" time="13.191" classname="Promesa_Test_Case_Prod.Footer"/>
  <testcase name="Footer_twitter" time="28.157" classname="Promesa_Test_Case_Prod.Footer"/>
  <testcase name="Footer_twitter" time="18.242" classname="Promesa_Test_Case_Prod.Footer"/>
  <testcase name="Footer_instagram" time="15.722" classname="Promesa_Test_Case_Prod.Footer"/>
  <testcase name="Footer_linkedin" time="15.928" classname="Promesa_Test_Case_Prod.Footer"/>
</testsuite> <!-- Promesa_Test_Case_Prod.Footer -->
