<?xml version="1.0" encoding="UTF-8"?>
<!-- Generated by org.testng.reporters.JUnitReportReporter -->
<testsuite hostname="DESKTOP-N7K85DJ" name="Speciality_underwriters_Test_Case_Prod.About_Us" tests="2" failures="0" timestamp="27 Dec 2021 15:43:57 GMT" time="35.388" errors="0">
  <testcase name="Footer" time="13.755" classname="Speciality_underwriters_Test_Case_Prod.About_Us"/>
  <testcase name="Footer" time="21.633" classname="Speciality_underwriters_Test_Case_Prod.About_Us"/>
</testsuite> <!-- Speciality_underwriters_Test_Case_Prod.About_Us -->
