<?xml version="1.0" encoding="UTF-8"?>
<!-- Generated by org.testng.reporters.JUnitReportReporter -->
<testsuite hostname="DESKTOP-N7K85DJ" name="Warranty_Test_Case_Dev.NewsEvents" tests="2" failures="0" timestamp="24 Feb 2022 15:18:06 GMT" time="296.696" errors="0">
  <testcase name="NewsEvents" time="150.603" classname="Warranty_Test_Case_Dev.NewsEvents"/>
  <testcase name="NewsEvents" time="146.093" classname="Warranty_Test_Case_Dev.NewsEvents"/>
</testsuite> <!-- Warranty_Test_Case_Dev.NewsEvents -->
