<?xml version="1.0" encoding="UTF-8"?>
<!-- Generated by org.testng.reporters.JUnitReportReporter -->
<testsuite hostname="DESKTOP-N7K85DJ" name="Casuality_Prod_TC.Menu_Press_Room" tests="2" failures="0" timestamp="23 Mar 2022 12:03:18 GMT" time="139.566" errors="0">
  <testcase name="HomePage" time="60.331" classname="Casuality_Prod_TC.Menu_Press_Room"/>
  <testcase name="HomePage" time="79.235" classname="Casuality_Prod_TC.Menu_Press_Room"/>
</testsuite> <!-- Casuality_Prod_TC.Menu_Press_Room -->
