<?xml version="1.0" encoding="UTF-8"?>
<!-- Generated by org.testng.reporters.JUnitReportReporter -->
<testsuite hostname="DESKTOP-N7K85DJ" name="Speciality_underwriters_Test_Case_Prod.About_Us" tests="2" failures="0" timestamp="23 May 2022 09:46:44 GMT" time="50.729" errors="0">
  <testcase name="Footer" time="27.048" classname="Speciality_underwriters_Test_Case_Prod.About_Us"/>
  <testcase name="Footer" time="23.681" classname="Speciality_underwriters_Test_Case_Prod.About_Us"/>
</testsuite> <!-- Speciality_underwriters_Test_Case_Prod.About_Us -->
