<?xml version="1.0" encoding="UTF-8"?>
<!-- Generated by org.testng.reporters.JUnitReportReporter -->
<testsuite hostname="DESKTOP-N7K85DJ" name="AUW_Test_case_prod.AUW_AboutUS" tests="2" failures="0" timestamp="7 Feb 2022 13:48:18 GMT" time="217.743" errors="0">
  <testcase name="AboutUS" time="79.884" classname="AUW_Test_case_prod.AUW_AboutUS"/>
  <testcase name="AboutUS" time="137.859" classname="AUW_Test_case_prod.AUW_AboutUS"/>
</testsuite> <!-- AUW_Test_case_prod.AUW_AboutUS -->
