<?xml version="1.0" encoding="UTF-8"?>
<!-- Generated by org.testng.reporters.JUnitReportReporter -->
<testsuite hostname="DESKTOP-N7K85DJ" name="Promesa_Test_Case_Prod.Change_language" tests="2" failures="0" timestamp="18 Jan 2022 13:48:13 GMT" time="38.203" errors="0">
  <testcase name="Change_Language" time="16.781" classname="Promesa_Test_Case_Prod.Change_language"/>
  <testcase name="Change_Language" time="21.422" classname="Promesa_Test_Case_Prod.Change_language"/>
</testsuite> <!-- Promesa_Test_Case_Prod.Change_language -->
