<?xml version="1.0" encoding="UTF-8"?>
<!-- Generated by org.testng.reporters.JUnitReportReporter -->
<testsuite hostname="DESKTOP-N7K85DJ" name="Warranty_Test_Case_Prod.About_US" tests="2" failures="0" timestamp="23 Feb 2022 13:23:04 GMT" time="92.619" errors="0">
  <testcase name="Home_page" time="50.521" classname="Warranty_Test_Case_Prod.About_US"/>
  <testcase name="Home_page" time="42.098" classname="Warranty_Test_Case_Prod.About_US"/>
</testsuite> <!-- Warranty_Test_Case_Prod.About_US -->
