<?xml version="1.0" encoding="UTF-8"?>
<!-- Generated by org.testng.reporters.JUnitReportReporter -->
<testsuite hostname="DESKTOP-N7K85DJ" name="Casuality_Prod_TC.Home_page" tests="2" failures="0" timestamp="3 Mar 2022 14:31:02 GMT" time="232.451" errors="0">
  <testcase name="HomePage" time="155.846" classname="Casuality_Prod_TC.Home_page"/>
  <testcase name="HomePage" time="76.605" classname="Casuality_Prod_TC.Home_page"/>
</testsuite> <!-- Casuality_Prod_TC.Home_page -->
