<?xml version="1.0" encoding="UTF-8"?>
<!-- Generated by org.testng.reporters.JUnitReportReporter -->
<testsuite hostname="DESKTOP-N7K85DJ" name="AUW_Test_case_prod.AUW_header_web_Prod" tests="2" failures="0" timestamp="9 Mar 2022 16:19:07 GMT" time="131.606" errors="0">
  <testcase name="main" time="56.099" classname="AUW_Test_case_prod.AUW_header_web_Prod"/>
  <testcase name="main" time="75.507" classname="AUW_Test_case_prod.AUW_header_web_Prod"/>
</testsuite> <!-- AUW_Test_case_prod.AUW_header_web_Prod -->
