<?xml version="1.0" encoding="UTF-8"?>
<!-- Generated by org.testng.reporters.JUnitReportReporter -->
<testsuite hostname="DESKTOP-N7K85DJ" name="Promesa_Test_Case_Prod.Change_language" tests="2" failures="0" timestamp="14 Jan 2022 12:33:11 GMT" time="106.192" errors="0">
  <testcase name="Change_Language" time="14.384" classname="Promesa_Test_Case_Prod.Change_language"/>
  <testcase name="Change_Language" time="91.808" classname="Promesa_Test_Case_Prod.Change_language"/>
</testsuite> <!-- Promesa_Test_Case_Prod.Change_language -->
