<?xml version="1.0" encoding="UTF-8"?>
<!-- Generated by org.testng.reporters.JUnitReportReporter -->
<testsuite hostname="DESKTOP-N7K85DJ" name="Pinnacle_Test_Cases_Production.HomePage_TC" tests="2" failures="0" timestamp="16 Mar 2022 12:48:23 GMT" time="181.284" errors="0">
  <testcase name="main_Home_Page" time="122.323" classname="Pinnacle_Test_Cases_Production.HomePage_TC"/>
  <testcase name="main_Home_Page" time="58.961" classname="Pinnacle_Test_Cases_Production.HomePage_TC"/>
</testsuite> <!-- Pinnacle_Test_Cases_Production.HomePage_TC -->
