<?xml version="1.0" encoding="UTF-8"?>
<!-- Generated by org.testng.reporters.JUnitReportReporter -->
<testsuite hostname="DESKTOP-N7K85DJ" name="Tradewel_Test_Cases_Production.About_US" tests="2" failures="0" timestamp="23 May 2022 09:46:43 GMT" time="138.262" errors="0">
  <testcase name="main_Home_Page" time="91.953" classname="Tradewel_Test_Cases_Production.About_US"/>
  <testcase name="main_Home_Page" time="46.309" classname="Tradewel_Test_Cases_Production.About_US"/>
</testsuite> <!-- Tradewel_Test_Cases_Production.About_US -->
