<?xml version="1.0" encoding="UTF-8"?>
<!-- Generated by org.testng.reporters.JUnitReportReporter -->
<testsuite hostname="DESKTOP-N7K85DJ" name="MTL_Test_Cases_Prod.More_offers_TC" tests="2" failures="0" timestamp="25 Jan 2022 14:00:35 GMT" time="140.465" errors="0">
  <testcase name="More_offers" time="90.866" classname="MTL_Test_Cases_Prod.More_offers_TC"/>
  <testcase name="More_offers" time="49.599" classname="MTL_Test_Cases_Prod.More_offers_TC"/>
</testsuite> <!-- MTL_Test_Cases_Prod.More_offers_TC -->
