<?xml version="1.0" encoding="UTF-8"?>
<!-- Generated by org.testng.reporters.JUnitReportReporter -->
<testsuite hostname="DESKTOP-N7K85DJ" name="Solution_one_Prod.Footer_Production" tests="2" failures="0" timestamp="7 Mar 2022 11:28:37 GMT" time="126.110" errors="0">
  <testcase name="Footer" time="60.196" classname="Solution_one_Prod.Footer_Production"/>
  <testcase name="Footer" time="65.914" classname="Solution_one_Prod.Footer_Production"/>
</testsuite> <!-- Solution_one_Prod.Footer_Production -->
