<?xml version="1.0" encoding="UTF-8"?>
<!-- Generated by org.testng.reporters.JUnitReportReporter -->
<testsuite hostname="DESKTOP-N7K85DJ" name="Careers_Test_case_Development.Footer" tests="2" failures="0" timestamp="24 Feb 2022 15:18:06 GMT" time="183.636" errors="0">
  <testcase name="AUW_Footer" time="89.375" classname="Careers_Test_case_Development.Footer"/>
  <testcase name="AUW_Footer" time="94.261" classname="Careers_Test_case_Development.Footer"/>
</testsuite> <!-- Careers_Test_case_Development.Footer -->
