<?xml version="1.0" encoding="UTF-8"?>
<!-- Generated by org.testng.reporters.JUnitReportReporter -->
<testsuite hostname="DESKTOP-N7K85DJ" name="AUW_Test_case_prod.AUW_NJ_Update" tests="2" failures="0" timestamp="27 Dec 2021 15:43:57 GMT" time="92.184" errors="0">
  <testcase name="main" time="49.962" classname="AUW_Test_case_prod.AUW_NJ_Update"/>
  <testcase name="main" time="42.222" classname="AUW_Test_case_prod.AUW_NJ_Update"/>
</testsuite> <!-- AUW_Test_case_prod.AUW_NJ_Update -->
