<?xml version="1.0" encoding="UTF-8"?>
<!-- Generated by org.testng.reporters.JUnitReportReporter -->
<testsuite hostname="DESKTOP-N7K85DJ" name="Credit_Global_Test_Cases_Dev.Forgot_Password" tests="2" failures="0" timestamp="8 Mar 2022 10:47:11 GMT" time="51.849" errors="0">
  <testcase name="HomePage_Header_login" time="27.270" classname="Credit_Global_Test_Cases_Dev.Forgot_Password"/>
  <testcase name="HomePage_Header_login" time="24.579" classname="Credit_Global_Test_Cases_Dev.Forgot_Password"/>
</testsuite> <!-- Credit_Global_Test_Cases_Dev.Forgot_Password -->
