<?xml version="1.0" encoding="UTF-8"?>
<!-- Generated by org.testng.reporters.JUnitReportReporter -->
<testsuite hostname="DESKTOP-N7K85DJ" name="Tradewel_Test_Cases_Development.About_US" tests="2" failures="0" timestamp="12 Apr 2022 05:27:58 GMT" time="153.977" errors="0">
  <testcase name="main_Home_Page" time="40.971" classname="Tradewel_Test_Cases_Development.About_US"/>
  <testcase name="main_Home_Page" time="113.006" classname="Tradewel_Test_Cases_Development.About_US"/>
</testsuite> <!-- Tradewel_Test_Cases_Development.About_US -->
