<?xml version="1.0" encoding="UTF-8"?>
<!-- Generated by org.testng.reporters.JUnitReportReporter -->
<testsuite hostname="DESKTOP-N7K85DJ" name="Promesa_Test_Case_Prod.Change_language" tests="2" failures="0" timestamp="27 Jan 2022 13:33:16 GMT" time="49.225" errors="0">
  <testcase name="Change_Language" time="27.895" classname="Promesa_Test_Case_Prod.Change_language"/>
  <testcase name="Change_Language" time="21.330" classname="Promesa_Test_Case_Prod.Change_language"/>
</testsuite> <!-- Promesa_Test_Case_Prod.Change_language -->
