<?xml version="1.0" encoding="UTF-8"?>
<!-- Generated by org.testng.reporters.JUnitReportReporter -->
<testsuite hostname="DESKTOP-N7K85DJ" name="Solution_one_Prod.Footer_Production" tests="2" failures="0" timestamp="25 Feb 2022 12:26:47 GMT" time="172.827" errors="0">
  <testcase name="Footer" time="59.142" classname="Solution_one_Prod.Footer_Production"/>
  <testcase name="Footer" time="113.685" classname="Solution_one_Prod.Footer_Production"/>
</testsuite> <!-- Solution_one_Prod.Footer_Production -->
