<?xml version="1.0" encoding="UTF-8"?>
<!-- Generated by org.testng.reporters.JUnitReportReporter -->
<testsuite hostname="DESKTOP-N7K85DJ" name="AUW_Test_case_prod.AUW_NJ_Update" tests="2" failures="0" timestamp="10 May 2022 11:54:17 GMT" time="160.509" errors="0">
  <testcase name="main" time="48.513" classname="AUW_Test_case_prod.AUW_NJ_Update"/>
  <testcase name="main" time="111.996" classname="AUW_Test_case_prod.AUW_NJ_Update"/>
</testsuite> <!-- AUW_Test_case_prod.AUW_NJ_Update -->
