<?xml version="1.0" encoding="UTF-8"?>
<!-- Generated by org.testng.reporters.JUnitReportReporter -->
<testsuite hostname="DESKTOP-N7K85DJ" name="AUW_Test_case_prod.AUW_Experience" tests="2" failures="0" timestamp="30 Mar 2022 07:00:45 GMT" time="623.548" errors="0">
  <testcase name="main" time="315.450" classname="AUW_Test_case_prod.AUW_Experience"/>
  <testcase name="main" time="308.098" classname="AUW_Test_case_prod.AUW_Experience"/>
</testsuite> <!-- AUW_Test_case_prod.AUW_Experience -->
