<?xml version="1.0" encoding="UTF-8"?>
<!-- Generated by org.testng.reporters.JUnitReportReporter -->
<testsuite hostname="DESKTOP-N7K85DJ" name="MTL_Test_Cases_Prod.More_offers_TC" tests="2" failures="0" timestamp="11 Mar 2022 13:55:32 GMT" time="173.566" errors="0">
  <testcase name="More_offers" time="122.330" classname="MTL_Test_Cases_Prod.More_offers_TC"/>
  <testcase name="More_offers" time="51.236" classname="MTL_Test_Cases_Prod.More_offers_TC"/>
</testsuite> <!-- MTL_Test_Cases_Prod.More_offers_TC -->
