<?xml version="1.0" encoding="UTF-8"?>
<!-- Generated by org.testng.reporters.JUnitReportReporter -->
<testsuite hostname="DESKTOP-N7K85DJ" name="Warranty_Test_Case_Dev.HomePage_Testcase" tests="2" failures="0" timestamp="14 Feb 2022 11:13:18 GMT" time="658.784" errors="0">
  <testcase name="Home_page" time="297.974" classname="Warranty_Test_Case_Dev.HomePage_Testcase"/>
  <testcase name="Home_page" time="360.810" classname="Warranty_Test_Case_Dev.HomePage_Testcase"/>
</testsuite> <!-- Warranty_Test_Case_Dev.HomePage_Testcase -->
