<?xml version="1.0" encoding="UTF-8"?>
<!-- Generated by org.testng.reporters.JUnitReportReporter -->
<testsuite hostname="DESKTOP-N7K85DJ" name="AUW_Test_Case_dev.AUW_Intelligence_TC" tests="2" failures="0" timestamp="7 Mar 2022 12:41:03 GMT" time="259.503" errors="0">
  <testcase name="main" time="108.574" classname="AUW_Test_Case_dev.AUW_Intelligence_TC"/>
  <testcase name="main" time="150.929" classname="AUW_Test_Case_dev.AUW_Intelligence_TC"/>
</testsuite> <!-- AUW_Test_Case_dev.AUW_Intelligence_TC -->
