<?xml version="1.0" encoding="UTF-8"?>
<!-- Generated by org.testng.reporters.JUnitReportReporter -->
<testsuite hostname="DESKTOP-N7K85DJ" name="Warranty_Test_Case_Prod.Partner_With_US" tests="2" failures="0" timestamp="5 May 2022 09:54:47 GMT" time="53.817" errors="0">
  <testcase name="partner" time="28.851" classname="Warranty_Test_Case_Prod.Partner_With_US"/>
  <testcase name="partner" time="24.966" classname="Warranty_Test_Case_Prod.Partner_With_US"/>
</testsuite> <!-- Warranty_Test_Case_Prod.Partner_With_US -->
