<?xml version="1.0" encoding="UTF-8"?>
<!-- Generated by org.testng.reporters.JUnitReportReporter -->
<testsuite hostname="DESKTOP-N7K85DJ" name="Casuality_Prod_TC.Menu_Press_Room" tests="2" failures="0" timestamp="30 Mar 2022 06:35:29 GMT" time="146.583" errors="0">
  <testcase name="HomePage" time="64.136" classname="Casuality_Prod_TC.Menu_Press_Room"/>
  <testcase name="HomePage" time="82.447" classname="Casuality_Prod_TC.Menu_Press_Room"/>
</testsuite> <!-- Casuality_Prod_TC.Menu_Press_Room -->
