<?xml version="1.0" encoding="UTF-8"?>
<!-- Generated by org.testng.reporters.JUnitReportReporter -->
<testsuite hostname="DESKTOP-N7K85DJ" name="Casuality_Prod_TC.Menu_Contact_Us" tests="2" failures="0" timestamp="23 Feb 2022 11:40:24 GMT" time="117.681" errors="0">
  <testcase name="HomePage" time="84.527" classname="Casuality_Prod_TC.Menu_Contact_Us"/>
  <testcase name="HomePage" time="33.154" classname="Casuality_Prod_TC.Menu_Contact_Us"/>
</testsuite> <!-- Casuality_Prod_TC.Menu_Contact_Us -->
