<?xml version="1.0" encoding="UTF-8"?>
<!-- Generated by org.testng.reporters.JUnitReportReporter -->
<testsuite hostname="DESKTOP-N7K85DJ" name="MTL_Test_Cases_Prod.More_offers_TC" tests="2" failures="0" timestamp="14 Jan 2022 12:33:11 GMT" time="157.055" errors="0">
  <testcase name="More_offers" time="114.340" classname="MTL_Test_Cases_Prod.More_offers_TC"/>
  <testcase name="More_offers" time="42.715" classname="MTL_Test_Cases_Prod.More_offers_TC"/>
</testsuite> <!-- MTL_Test_Cases_Prod.More_offers_TC -->
