<?xml version="1.0" encoding="UTF-8"?>
<!-- Generated by org.testng.reporters.JUnitReportReporter -->
<testsuite hostname="DESKTOP-N7K85DJ" name="Tradewel_Test_Cases_Development.About_US" tests="2" failures="0" timestamp="12 Jan 2022 10:17:31 GMT" time="173.648" errors="0">
  <testcase name="main_Home_Page" time="56.640" classname="Tradewel_Test_Cases_Development.About_US"/>
  <testcase name="main_Home_Page" time="117.008" classname="Tradewel_Test_Cases_Development.About_US"/>
</testsuite> <!-- Tradewel_Test_Cases_Development.About_US -->
