<?xml version="1.0" encoding="UTF-8"?>
<!-- Generated by org.testng.reporters.JUnitReportReporter -->
<testsuite hostname="DESKTOP-N7K85DJ" name="Promesa_Test_Case_Prod.Footer" tests="10" failures="0" timestamp="24 Dec 2021 14:37:44 GMT" time="231.738" errors="0">
  <testcase name="Footer_linkedin" time="19.801" classname="Promesa_Test_Case_Prod.Footer"/>
  <testcase name="Footer_PrivacyPolicy" time="28.266" classname="Promesa_Test_Case_Prod.Footer"/>
  <testcase name="Footer_PrivacyPolicy" time="35.650" classname="Promesa_Test_Case_Prod.Footer"/>
  <testcase name="Footer_linkedin" time="14.110" classname="Promesa_Test_Case_Prod.Footer"/>
  <testcase name="Footer_instagram" time="18.983" classname="Promesa_Test_Case_Prod.Footer"/>
  <testcase name="Footer_facebook" time="32.952" classname="Promesa_Test_Case_Prod.Footer"/>
  <testcase name="Footer_facebook" time="27.083" classname="Promesa_Test_Case_Prod.Footer"/>
  <testcase name="Footer_twitter" time="20.672" classname="Promesa_Test_Case_Prod.Footer"/>
  <testcase name="Footer_twitter" time="19.573" classname="Promesa_Test_Case_Prod.Footer"/>
  <testcase name="Footer_instagram" time="14.648" classname="Promesa_Test_Case_Prod.Footer"/>
</testsuite> <!-- Promesa_Test_Case_Prod.Footer -->
