<?xml version="1.0" encoding="UTF-8"?>
<!-- Generated by org.testng.reporters.JUnitReportReporter -->
<testsuite hostname="DESKTOP-N7K85DJ" name="AUW_Test_Case_dev.AUW_PPP" tests="2" failures="0" timestamp="11 Feb 2022 10:29:05 GMT" time="72.822" errors="0">
  <testcase name="main" time="32.807" classname="AUW_Test_Case_dev.AUW_PPP"/>
  <testcase name="main" time="40.015" classname="AUW_Test_Case_dev.AUW_PPP"/>
</testsuite> <!-- AUW_Test_Case_dev.AUW_PPP -->
