<?xml version="1.0" encoding="UTF-8"?>
<!-- Generated by org.testng.reporters.JUnitReportReporter -->
<testsuite hostname="DESKTOP-N7K85DJ" name="Promesa_Test_Case_Development.FAQ" tests="1" failures="0" timestamp="9 Dec 2021 11:12:25 GMT" time="29.536" errors="0">
  <testcase name="Siheading_2" time="29.536" classname="Promesa_Test_Case_Development.FAQ"/>
</testsuite> <!-- Promesa_Test_Case_Development.FAQ -->
