<?xml version="1.0" encoding="UTF-8"?>
<!-- Generated by org.testng.reporters.JUnitReportReporter -->
<testsuite hostname="DESKTOP-N7K85DJ" name="AFL_Test_Case_Prod.ContactUS_OutsideUS" tests="2" failures="0" timestamp="14 Jan 2022 12:33:11 GMT" time="106.592" errors="0">
  <testcase name="ContactUs_Page" time="30.475" classname="AFL_Test_Case_Prod.ContactUS_OutsideUS"/>
  <testcase name="ContactUs_Page" time="76.117" classname="AFL_Test_Case_Prod.ContactUS_OutsideUS"/>
</testsuite> <!-- AFL_Test_Case_Prod.ContactUS_OutsideUS -->
