<?xml version="1.0" encoding="UTF-8"?>
<!-- Generated by org.testng.reporters.JUnitReportReporter -->
<testsuite hostname="DESKTOP-N7K85DJ" name="Casuality_Dev_TC.Menu_Press_Room" tests="2" failures="0" timestamp="24 Feb 2022 15:18:06 GMT" time="140.373" errors="0">
  <testcase name="HomePage" time="66.292" classname="Casuality_Dev_TC.Menu_Press_Room"/>
  <testcase name="HomePage" time="74.081" classname="Casuality_Dev_TC.Menu_Press_Room"/>
</testsuite> <!-- Casuality_Dev_TC.Menu_Press_Room -->
