<?xml version="1.0" encoding="UTF-8"?>
<!-- Generated by org.testng.reporters.JUnitReportReporter -->
<testsuite hostname="DESKTOP-N7K85DJ" name="Tradewel_Test_Cases_Production.About_US" tests="2" failures="0" timestamp="21 Mar 2022 14:54:06 GMT" time="80.388" errors="0">
  <testcase name="main_Home_Page" time="41.882" classname="Tradewel_Test_Cases_Production.About_US"/>
  <testcase name="main_Home_Page" time="38.506" classname="Tradewel_Test_Cases_Production.About_US"/>
</testsuite> <!-- Tradewel_Test_Cases_Production.About_US -->
