<?xml version="1.0" encoding="UTF-8"?>
<!-- Generated by org.testng.reporters.JUnitReportReporter -->
<testsuite hostname="DESKTOP-N7K85DJ" name="Casuality_Prod_TC.Menu_Contact_Us" tests="2" failures="0" timestamp="22 Mar 2022 11:03:07 GMT" time="79.586" errors="0">
  <testcase name="HomePage" time="33.120" classname="Casuality_Prod_TC.Menu_Contact_Us"/>
  <testcase name="HomePage" time="46.466" classname="Casuality_Prod_TC.Menu_Contact_Us"/>
</testsuite> <!-- Casuality_Prod_TC.Menu_Contact_Us -->
