<?xml version="1.0" encoding="UTF-8"?>
<!-- Generated by org.testng.reporters.JUnitReportReporter -->
<testsuite hostname="DESKTOP-N7K85DJ" name="Promesa_Test_Case_Development.Change_language" tests="2" failures="0" timestamp="4 Apr 2022 06:52:09 GMT" time="31.814" errors="0">
  <testcase name="Change_Language" time="13.114" classname="Promesa_Test_Case_Development.Change_language"/>
  <testcase name="Change_Language" time="18.700" classname="Promesa_Test_Case_Development.Change_language"/>
</testsuite> <!-- Promesa_Test_Case_Development.Change_language -->
