<?xml version="1.0" encoding="UTF-8"?>
<!-- Generated by org.testng.reporters.JUnitReportReporter -->
<testsuite hostname="DESKTOP-N7K85DJ" name="AUW_Test_case_prod.AUW_CallUpdate" tests="2" failures="0" timestamp="11 Feb 2022 12:38:07 GMT" time="140.246" errors="0">
  <testcase name="main" time="59.592" classname="AUW_Test_case_prod.AUW_CallUpdate"/>
  <testcase name="main" time="80.654" classname="AUW_Test_case_prod.AUW_CallUpdate"/>
</testsuite> <!-- AUW_Test_case_prod.AUW_CallUpdate -->
