<?xml version="1.0" encoding="UTF-8"?>
<!-- Generated by org.testng.reporters.JUnitReportReporter -->
<testsuite hostname="DESKTOP-N7K85DJ" name="Casuality_Prod_TC.Home_page" tests="2" failures="0" timestamp="26 Apr 2022 09:47:26 GMT" time="207.567" errors="0">
  <testcase name="HomePage" time="133.120" classname="Casuality_Prod_TC.Home_page"/>
  <testcase name="HomePage" time="74.447" classname="Casuality_Prod_TC.Home_page"/>
</testsuite> <!-- Casuality_Prod_TC.Home_page -->
