<?xml version="1.0" encoding="UTF-8"?>
<!-- Generated by org.testng.reporters.JUnitReportReporter -->
<testsuite hostname="DESKTOP-N7K85DJ" name="AUW_Test_case_prod.AUW_header_web_Prod" tests="2" failures="0" timestamp="23 Mar 2022 12:03:17 GMT" time="111.407" errors="0">
  <testcase name="main" time="61.182" classname="AUW_Test_case_prod.AUW_header_web_Prod"/>
  <testcase name="main" time="50.225" classname="AUW_Test_case_prod.AUW_header_web_Prod"/>
</testsuite> <!-- AUW_Test_case_prod.AUW_header_web_Prod -->
