<?xml version="1.0" encoding="UTF-8"?>
<!-- Generated by org.testng.reporters.JUnitReportReporter -->
<testsuite hostname="DESKTOP-N7K85DJ" name="Adler_TestCases_Prod.News" tests="2" failures="0" timestamp="3 Mar 2022 14:31:02 GMT" time="327.247" errors="0">
  <testcase name="main_Home_Page" time="132.540" classname="Adler_TestCases_Prod.News"/>
  <testcase name="main_Home_Page" time="194.707" classname="Adler_TestCases_Prod.News"/>
</testsuite> <!-- Adler_TestCases_Prod.News -->
