<?xml version="1.0" encoding="UTF-8"?>
<!-- Generated by org.testng.reporters.JUnitReportReporter -->
<testsuite hostname="DESKTOP-N7K85DJ" name="Casuality_Prod_TC.Menu_Press_Room" tests="2" failures="0" timestamp="24 Feb 2022 14:29:27 GMT" time="140.150" errors="0">
  <testcase name="HomePage" time="74.239" classname="Casuality_Prod_TC.Menu_Press_Room"/>
  <testcase name="HomePage" time="65.911" classname="Casuality_Prod_TC.Menu_Press_Room"/>
</testsuite> <!-- Casuality_Prod_TC.Menu_Press_Room -->
