<?xml version="1.0" encoding="UTF-8"?>
<!-- Generated by org.testng.reporters.JUnitReportReporter -->
<testsuite hostname="DESKTOP-N7K85DJ" name="AUW_Global_Test_Cases_Development.Home_More" tests="1" failures="0" timestamp="10 Feb 2022 13:28:21 GMT" time="93.693" errors="0">
  <testcase name="More_button" time="93.693" classname="AUW_Global_Test_Cases_Development.Home_More"/>
</testsuite> <!-- AUW_Global_Test_Cases_Development.Home_More -->
