<?xml version="1.0" encoding="UTF-8"?>
<!-- Generated by org.testng.reporters.JUnitReportReporter -->
<testsuite hostname="DESKTOP-N7K85DJ" name="Solution_one_Prod.Side_Heading_Production" tests="5" failures="0" timestamp="14 Jan 2022 14:38:48 GMT" time="403.824" errors="0">
  <testcase name="Side_Heading_Four" time="81.021" classname="Solution_one_Prod.Side_Heading_Production"/>
  <testcase name="Side_Heading_One" time="78.991" classname="Solution_one_Prod.Side_Heading_Production"/>
  <testcase name="Side_Heading_Three" time="84.402" classname="Solution_one_Prod.Side_Heading_Production"/>
  <testcase name="Side_Heading_Two" time="74.937" classname="Solution_one_Prod.Side_Heading_Production"/>
  <testcase name="Side_Heading_Five" time="84.473" classname="Solution_one_Prod.Side_Heading_Production"/>
</testsuite> <!-- Solution_one_Prod.Side_Heading_Production -->
