<?xml version="1.0" encoding="UTF-8"?>
<!-- Generated by org.testng.reporters.JUnitReportReporter -->
<testsuite hostname="DESKTOP-N7K85DJ" name="AUW_Test_Case_dev.AUW_Intelligence_TC" tests="2" failures="0" timestamp="22 Dec 2021 14:58:11 GMT" time="221.512" errors="0">
  <testcase name="main" time="110.489" classname="AUW_Test_Case_dev.AUW_Intelligence_TC"/>
  <testcase name="main" time="111.023" classname="AUW_Test_Case_dev.AUW_Intelligence_TC"/>
</testsuite> <!-- AUW_Test_Case_dev.AUW_Intelligence_TC -->
