<?xml version="1.0" encoding="UTF-8"?>
<!-- Generated by org.testng.reporters.JUnitReportReporter -->
<testsuite hostname="DESKTOP-N7K85DJ" name="MTL_Test_Cases_Prod.More_offers_TC" tests="2" failures="0" timestamp="28 Feb 2022 06:59:29 GMT" time="107.218" errors="0">
  <testcase name="More_offers" time="51.483" classname="MTL_Test_Cases_Prod.More_offers_TC"/>
  <testcase name="More_offers" time="55.735" classname="MTL_Test_Cases_Prod.More_offers_TC"/>
</testsuite> <!-- MTL_Test_Cases_Prod.More_offers_TC -->
