<?xml version="1.0" encoding="UTF-8"?>
<!-- Generated by org.testng.reporters.JUnitReportReporter -->
<testsuite hostname="DESKTOP-N7K85DJ" name="AUW_Test_case_prod.AUW_PPP" tests="2" failures="0" timestamp="8 Mar 2022 09:14:16 GMT" time="119.009" errors="0">
  <testcase name="main" time="92.517" classname="AUW_Test_case_prod.AUW_PPP"/>
  <testcase name="main" time="26.492" classname="AUW_Test_case_prod.AUW_PPP"/>
</testsuite> <!-- AUW_Test_case_prod.AUW_PPP -->
