<?xml version="1.0" encoding="UTF-8"?>
<!-- Generated by org.testng.reporters.JUnitReportReporter -->
<testsuite hostname="DESKTOP-N7K85DJ" name="AUW_Test_case_prod.AUW_AboutUS" tests="2" failures="0" timestamp="4 Feb 2022 10:36:29 GMT" time="285.003" errors="0">
  <testcase name="AboutUS" time="79.254" classname="AUW_Test_case_prod.AUW_AboutUS"/>
  <testcase name="AboutUS" time="205.749" classname="AUW_Test_case_prod.AUW_AboutUS"/>
</testsuite> <!-- AUW_Test_case_prod.AUW_AboutUS -->
