<?xml version="1.0" encoding="UTF-8"?>
<!-- Generated by org.testng.reporters.JUnitReportReporter -->
<testsuite hostname="DESKTOP-N7K85DJ" name="AUW_Test_case_prod.AUW_CallUpdate" tests="2" failures="0" timestamp="21 Mar 2022 16:07:43 GMT" time="131.312" errors="0">
  <testcase name="main" time="45.506" classname="AUW_Test_case_prod.AUW_CallUpdate"/>
  <testcase name="main" time="85.806" classname="AUW_Test_case_prod.AUW_CallUpdate"/>
</testsuite> <!-- AUW_Test_case_prod.AUW_CallUpdate -->
