<?xml version="1.0" encoding="UTF-8"?>
<!-- Generated by org.testng.reporters.JUnitReportReporter -->
<testsuite hostname="DESKTOP-N7K85DJ" name="AFL_Test_Case_Prod.HomePage_TC" tests="2" failures="0" timestamp="22 Mar 2022 09:50:23 GMT" time="388.710" errors="0">
  <testcase name="Home_Page" time="205.832" classname="AFL_Test_Case_Prod.HomePage_TC"/>
  <testcase name="Home_Page" time="182.878" classname="AFL_Test_Case_Prod.HomePage_TC"/>
</testsuite> <!-- AFL_Test_Case_Prod.HomePage_TC -->
