<?xml version="1.0" encoding="UTF-8"?>
<!-- Generated by org.testng.reporters.JUnitReportReporter -->
<testsuite hostname="DESKTOP-N7K85DJ" name="AUW_Test_case_prod.AUW_Intelligence_TC" tests="2" failures="0" timestamp="7 Feb 2022 13:48:17 GMT" time="277.430" errors="0">
  <testcase name="main" time="180.095" classname="AUW_Test_case_prod.AUW_Intelligence_TC"/>
  <testcase name="main" time="97.335" classname="AUW_Test_case_prod.AUW_Intelligence_TC"/>
</testsuite> <!-- AUW_Test_case_prod.AUW_Intelligence_TC -->
