<?xml version="1.0" encoding="UTF-8"?>
<!-- Generated by org.testng.reporters.JUnitReportReporter -->
<testsuite hostname="DESKTOP-N7K85DJ" name="AUW_Test_case_prod.AUW_NJ_Update" tests="2" failures="0" timestamp="22 Mar 2022 09:50:23 GMT" time="193.100" errors="0">
  <testcase name="main" time="140.641" classname="AUW_Test_case_prod.AUW_NJ_Update"/>
  <testcase name="main" time="52.459" classname="AUW_Test_case_prod.AUW_NJ_Update"/>
</testsuite> <!-- AUW_Test_case_prod.AUW_NJ_Update -->
