<?xml version="1.0" encoding="UTF-8"?>
<!-- Generated by org.testng.reporters.JUnitReportReporter -->
<testsuite hostname="DESKTOP-N7K85DJ" name="Casuality_Prod_TC.Menu_Contact_Us" tests="2" failures="0" timestamp="9 Mar 2022 15:47:56 GMT" time="82.304" errors="0">
  <testcase name="HomePage" time="36.703" classname="Casuality_Prod_TC.Menu_Contact_Us"/>
  <testcase name="HomePage" time="45.601" classname="Casuality_Prod_TC.Menu_Contact_Us"/>
</testsuite> <!-- Casuality_Prod_TC.Menu_Contact_Us -->
