<?xml version="1.0" encoding="UTF-8"?>
<!-- Generated by org.testng.reporters.JUnitReportReporter -->
<testsuite hostname="DESKTOP-N7K85DJ" name="Careers_Test_case_Prod.Footer" tests="10" failures="0" timestamp="27 Dec 2021 15:43:57 GMT" time="229.438" errors="0">
  <testcase name="AUW_Instagram" time="19.095" classname="Careers_Test_case_Prod.Footer"/>
  <testcase name="AUW_Facebook" time="22.088" classname="Careers_Test_case_Prod.Footer"/>
  <testcase name="AUW_Policy" time="30.438" classname="Careers_Test_case_Prod.Footer"/>
  <testcase name="AUW_Facebook" time="28.340" classname="Careers_Test_case_Prod.Footer"/>
  <testcase name="AUW_Instagram" time="14.048" classname="Careers_Test_case_Prod.Footer"/>
  <testcase name="AUW_Linkedin" time="14.800" classname="Careers_Test_case_Prod.Footer"/>
  <testcase name="AUW_Policy" time="38.342" classname="Careers_Test_case_Prod.Footer"/>
  <testcase name="AUW_twitter" time="19.004" classname="Careers_Test_case_Prod.Footer"/>
  <testcase name="AUW_Linkedin" time="20.502" classname="Careers_Test_case_Prod.Footer"/>
  <testcase name="AUW_twitter" time="22.781" classname="Careers_Test_case_Prod.Footer"/>
</testsuite> <!-- Careers_Test_case_Prod.Footer -->
