<?xml version="1.0" encoding="UTF-8"?>
<!-- Generated by org.testng.reporters.JUnitReportReporter -->
<testsuite hostname="DESKTOP-N7K85DJ" name="AUW_Global_Test_Cases_Prod.Home_More" tests="1" failures="0" timestamp="4 Mar 2022 11:36:24 GMT" time="83.529" errors="0">
  <testcase name="More_button" time="83.529" classname="AUW_Global_Test_Cases_Prod.Home_More"/>
</testsuite> <!-- AUW_Global_Test_Cases_Prod.Home_More -->
