<?xml version="1.0" encoding="UTF-8"?>
<!-- Generated by org.testng.reporters.JUnitReportReporter -->
<testsuite hostname="DESKTOP-N7K85DJ" name="Warranty_Test_Case_Prod.About_US" tests="2" failures="0" timestamp="17 Mar 2022 11:54:46 GMT" time="125.061" errors="0">
  <testcase name="Home_page" time="79.960" classname="Warranty_Test_Case_Prod.About_US"/>
  <testcase name="Home_page" time="45.101" classname="Warranty_Test_Case_Prod.About_US"/>
</testsuite> <!-- Warranty_Test_Case_Prod.About_US -->
