<?xml version="1.0" encoding="UTF-8"?>
<!-- Generated by org.testng.reporters.JUnitReportReporter -->
<testsuite hostname="DESKTOP-N7K85DJ" name="JumboGC_Test_case_Devlopment.Header_footer" tests="10" failures="0" timestamp="18 Jan 2022 10:21:18 GMT" time="482.591" errors="0">
  <testcase name="Footer_linkedIN" time="48.541" classname="JumboGC_Test_case_Devlopment.Header_footer"/>
  <testcase name="Footer_Instagram" time="38.857" classname="JumboGC_Test_case_Devlopment.Header_footer"/>
  <testcase name="Footer_Facebook" time="39.002" classname="JumboGC_Test_case_Devlopment.Header_footer"/>
  <testcase name="Footer_Privacy" time="51.409" classname="JumboGC_Test_case_Devlopment.Header_footer"/>
  <testcase name="Footer_linkedIN" time="38.219" classname="JumboGC_Test_case_Devlopment.Header_footer"/>
  <testcase name="Header_Login" time="52.879" classname="JumboGC_Test_case_Devlopment.Header_footer"/>
  <testcase name="Footer_Facebook" time="49.494" classname="JumboGC_Test_case_Devlopment.Header_footer"/>
  <testcase name="Footer_Instagram" time="57.468" classname="JumboGC_Test_case_Devlopment.Header_footer"/>
  <testcase name="Footer_Privacy" time="64.471" classname="JumboGC_Test_case_Devlopment.Header_footer"/>
  <testcase name="Header_Login" time="42.251" classname="JumboGC_Test_case_Devlopment.Header_footer"/>
</testsuite> <!-- JumboGC_Test_case_Devlopment.Header_footer -->
