<?xml version="1.0" encoding="UTF-8"?>
<!-- Generated by org.testng.reporters.JUnitReportReporter -->
<testsuite hostname="DESKTOP-N7K85DJ" name="Warranty_Test_Case_Prod.Partner_With_US" tests="2" failures="0" timestamp="16 Mar 2022 12:48:23 GMT" time="69.698" errors="0">
  <testcase name="partner" time="20.688" classname="Warranty_Test_Case_Prod.Partner_With_US"/>
  <testcase name="partner" time="49.010" classname="Warranty_Test_Case_Prod.Partner_With_US"/>
</testsuite> <!-- Warranty_Test_Case_Prod.Partner_With_US -->
