<?xml version="1.0" encoding="UTF-8"?>
<!-- Generated by org.testng.reporters.JUnitReportReporter -->
<testsuite hostname="DESKTOP-N7K85DJ" name="Warranty_Test_Case_Prod.Our_Partner" tests="12" failures="0" timestamp="5 Jan 2022 10:13:38 GMT" time="939.313" errors="0">
  <testcase name="Partner5" time="75.972" classname="Warranty_Test_Case_Prod.Our_Partner"/>
  <testcase name="Partner2" time="78.257" classname="Warranty_Test_Case_Prod.Our_Partner"/>
  <testcase name="Partner2" time="82.559" classname="Warranty_Test_Case_Prod.Our_Partner"/>
  <testcase name="Partner5" time="66.565" classname="Warranty_Test_Case_Prod.Our_Partner"/>
  <testcase name="Partner3" time="67.701" classname="Warranty_Test_Case_Prod.Our_Partner"/>
  <testcase name="Partner4" time="75.434" classname="Warranty_Test_Case_Prod.Our_Partner"/>
  <testcase name="Partner1" time="89.666" classname="Warranty_Test_Case_Prod.Our_Partner"/>
  <testcase name="Partner1" time="102.464" classname="Warranty_Test_Case_Prod.Our_Partner"/>
  <testcase name="Partner6" time="73.085" classname="Warranty_Test_Case_Prod.Our_Partner"/>
  <testcase name="Partner4" time="76.351" classname="Warranty_Test_Case_Prod.Our_Partner"/>
  <testcase name="Partner3" time="85.913" classname="Warranty_Test_Case_Prod.Our_Partner"/>
  <testcase name="Partner6" time="65.346" classname="Warranty_Test_Case_Prod.Our_Partner"/>
</testsuite> <!-- Warranty_Test_Case_Prod.Our_Partner -->
