<?xml version="1.0" encoding="UTF-8"?>
<!-- Generated by org.testng.reporters.JUnitReportReporter -->
<testsuite hostname="DESKTOP-N7K85DJ" name="Warranty_Test_Case_Prod.Partner_With_US" tests="2" failures="0" timestamp="28 Feb 2022 06:59:29 GMT" time="64.407" errors="0">
  <testcase name="partner" time="24.251" classname="Warranty_Test_Case_Prod.Partner_With_US"/>
  <testcase name="partner" time="40.156" classname="Warranty_Test_Case_Prod.Partner_With_US"/>
</testsuite> <!-- Warranty_Test_Case_Prod.Partner_With_US -->
