<?xml version="1.0" encoding="UTF-8"?>
<!-- Generated by org.testng.reporters.JUnitReportReporter -->
<testsuite hostname="DESKTOP-N7K85DJ" name="MTL_Test_Cases_Prod.Home_URL" tests="2" failures="0" timestamp="8 Apr 2022 08:47:38 GMT" time="100.134" errors="0">
  <testcase name="Footer" time="50.958" classname="MTL_Test_Cases_Prod.Home_URL"/>
  <testcase name="Footer" time="49.176" classname="MTL_Test_Cases_Prod.Home_URL"/>
</testsuite> <!-- MTL_Test_Cases_Prod.Home_URL -->
