<?xml version="1.0" encoding="UTF-8"?>
<!-- Generated by org.testng.reporters.JUnitReportReporter -->
<testsuite hostname="DESKTOP-N7K85DJ" name="AUW_Test_case_prod.AUW_header_web_Prod" tests="2" failures="0" timestamp="4 Feb 2022 10:36:28 GMT" time="126.060" errors="0">
  <testcase name="main" time="70.317" classname="AUW_Test_case_prod.AUW_header_web_Prod"/>
  <testcase name="main" time="55.743" classname="AUW_Test_case_prod.AUW_header_web_Prod"/>
</testsuite> <!-- AUW_Test_case_prod.AUW_header_web_Prod -->
