<?xml version="1.0" encoding="UTF-8"?>
<!-- Generated by org.testng.reporters.JUnitReportReporter -->
<testsuite hostname="DESKTOP-N7K85DJ" name="Casuality_Dev_TC.Menu_Contact_Us" tests="2" failures="0" timestamp="10 Feb 2022 14:49:42 GMT" time="64.102" errors="0">
  <testcase name="HomePage" time="27.409" classname="Casuality_Dev_TC.Menu_Contact_Us"/>
  <testcase name="HomePage" time="36.693" classname="Casuality_Dev_TC.Menu_Contact_Us"/>
</testsuite> <!-- Casuality_Dev_TC.Menu_Contact_Us -->
