<?xml version="1.0" encoding="UTF-8"?>
<!-- Generated by org.testng.reporters.JUnitReportReporter -->
<testsuite hostname="DESKTOP-N7K85DJ" name="Speciality_underwriters_Test_Case_Dev.Contact_US_TC" tests="2" failures="0" timestamp="5 Jan 2022 12:51:26 GMT" time="73.133" errors="0">
  <testcase name="Footer" time="39.337" classname="Speciality_underwriters_Test_Case_Dev.Contact_US_TC"/>
  <testcase name="Footer" time="33.796" classname="Speciality_underwriters_Test_Case_Dev.Contact_US_TC"/>
</testsuite> <!-- Speciality_underwriters_Test_Case_Dev.Contact_US_TC -->
