<?xml version="1.0" encoding="UTF-8"?>
<!-- Generated by org.testng.reporters.JUnitReportReporter -->
<testsuite hostname="DESKTOP-N7K85DJ" name="AUW_Test_case_prod.AUW_header_web_Prod" tests="2" failures="0" timestamp="23 Feb 2022 11:40:24 GMT" time="112.458" errors="0">
  <testcase name="main" time="58.145" classname="AUW_Test_case_prod.AUW_header_web_Prod"/>
  <testcase name="main" time="54.313" classname="AUW_Test_case_prod.AUW_header_web_Prod"/>
</testsuite> <!-- AUW_Test_case_prod.AUW_header_web_Prod -->
