<?xml version="1.0" encoding="UTF-8"?>
<!-- Generated by org.testng.reporters.JUnitReportReporter -->
<testsuite hostname="DESKTOP-N7K85DJ" name="AFL_Test_Case_Prod.ContactUS_OutsideUS" tests="2" failures="0" timestamp="17 Feb 2022 12:40:42 GMT" time="154.954" errors="0">
  <testcase name="ContactUs_Page" time="37.682" classname="AFL_Test_Case_Prod.ContactUS_OutsideUS"/>
  <testcase name="ContactUs_Page" time="117.272" classname="AFL_Test_Case_Prod.ContactUS_OutsideUS"/>
</testsuite> <!-- AFL_Test_Case_Prod.ContactUS_OutsideUS -->
