<?xml version="1.0" encoding="UTF-8"?>
<!-- Generated by org.testng.reporters.JUnitReportReporter -->
<testsuite hostname="DESKTOP-N7K85DJ" name="AUW_Test_case_prod.AUW_AboutUS" tests="2" failures="0" timestamp="24 Dec 2021 14:37:44 GMT" time="155.377" errors="0">
  <testcase name="AboutUS" time="73.312" classname="AUW_Test_case_prod.AUW_AboutUS"/>
  <testcase name="AboutUS" time="82.065" classname="AUW_Test_case_prod.AUW_AboutUS"/>
</testsuite> <!-- AUW_Test_case_prod.AUW_AboutUS -->
