<?xml version="1.0" encoding="UTF-8"?>
<!-- Generated by org.testng.reporters.JUnitReportReporter -->
<testsuite hostname="DESKTOP-N7K85DJ" name="AUW_Test_Case_dev.AUW_PPP" tests="2" failures="0" timestamp="7 Mar 2022 12:41:03 GMT" time="88.761" errors="0">
  <testcase name="main" time="41.372" classname="AUW_Test_Case_dev.AUW_PPP"/>
  <testcase name="main" time="47.389" classname="AUW_Test_Case_dev.AUW_PPP"/>
</testsuite> <!-- AUW_Test_Case_dev.AUW_PPP -->
