<?xml version="1.0" encoding="UTF-8"?>
<!-- Generated by org.testng.reporters.JUnitReportReporter -->
<testsuite hostname="DESKTOP-N7K85DJ" name="Adler_TestCases_Prod.Home" tests="2" failures="0" timestamp="16 Mar 2022 12:48:23 GMT" time="107.768" errors="0">
  <testcase name="main_Home_Page" time="34.197" classname="Adler_TestCases_Prod.Home"/>
  <testcase name="main_Home_Page" time="73.571" classname="Adler_TestCases_Prod.Home"/>
</testsuite> <!-- Adler_TestCases_Prod.Home -->
