<?xml version="1.0" encoding="UTF-8"?>
<!-- Generated by org.testng.reporters.JUnitReportReporter -->
<testsuite hostname="DESKTOP-N7K85DJ" name="Tradewel_Test_Cases_Development.Comprehensive_Protection_FF" tests="1" failures="0" timestamp="12 Jan 2022 10:17:31 GMT" time="60.564" errors="0">
  <testcase name="Comprehensive" time="60.564" classname="Tradewel_Test_Cases_Development.Comprehensive_Protection_FF"/>
</testsuite> <!-- Tradewel_Test_Cases_Development.Comprehensive_Protection_FF -->
