<?xml version="1.0" encoding="UTF-8"?>
<!-- Generated by org.testng.reporters.JUnitReportReporter -->
<testsuite hostname="DESKTOP-N7K85DJ" name="Casuality_Prod_TC.Menu_Press_Room" tests="2" failures="0" timestamp="17 Feb 2022 12:40:42 GMT" time="161.899" errors="0">
  <testcase name="HomePage" time="68.115" classname="Casuality_Prod_TC.Menu_Press_Room"/>
  <testcase name="HomePage" time="93.784" classname="Casuality_Prod_TC.Menu_Press_Room"/>
</testsuite> <!-- Casuality_Prod_TC.Menu_Press_Room -->
