<?xml version="1.0" encoding="UTF-8"?>
<!-- Generated by org.testng.reporters.JUnitReportReporter -->
<testsuite hostname="DESKTOP-N7K85DJ" name="Solution_one_Prod.Side_Heading_Production" tests="5" failures="0" timestamp="27 Apr 2022 11:15:08 GMT" time="622.350" errors="0">
  <testcase name="Side_Heading_Two" time="171.384" classname="Solution_one_Prod.Side_Heading_Production"/>
  <testcase name="Side_Heading_Three" time="111.785" classname="Solution_one_Prod.Side_Heading_Production"/>
  <testcase name="Side_Heading_Five" time="116.584" classname="Solution_one_Prod.Side_Heading_Production"/>
  <testcase name="Side_Heading_One" time="82.507" classname="Solution_one_Prod.Side_Heading_Production"/>
  <testcase name="Side_Heading_Four" time="140.090" classname="Solution_one_Prod.Side_Heading_Production"/>
</testsuite> <!-- Solution_one_Prod.Side_Heading_Production -->
