<?xml version="1.0" encoding="UTF-8"?>
<!-- Generated by org.testng.reporters.JUnitReportReporter -->
<testsuite hostname="DESKTOP-N7K85DJ" name="AUW_Test_case_prod.AUW_NJ_Update" tests="2" failures="0" timestamp="9 Mar 2022 16:19:07 GMT" time="163.714" errors="0">
  <testcase name="main" time="46.607" classname="AUW_Test_case_prod.AUW_NJ_Update"/>
  <testcase name="main" time="117.107" classname="AUW_Test_case_prod.AUW_NJ_Update"/>
</testsuite> <!-- AUW_Test_case_prod.AUW_NJ_Update -->
