<?xml version="1.0" encoding="UTF-8"?>
<!-- Generated by org.testng.reporters.JUnitReportReporter -->
<testsuite hostname="DESKTOP-N7K85DJ" name="Adler_TestCases_Prod.News" tests="2" failures="0" timestamp="30 Mar 2022 06:35:29 GMT" time="349.648" errors="0">
  <testcase name="main_Home_Page" time="136.702" classname="Adler_TestCases_Prod.News"/>
  <testcase name="main_Home_Page" time="212.946" classname="Adler_TestCases_Prod.News"/>
</testsuite> <!-- Adler_TestCases_Prod.News -->
