<?xml version="1.0" encoding="UTF-8"?>
<!-- Generated by org.testng.reporters.JUnitReportReporter -->
<testsuite hostname="DESKTOP-N7K85DJ" name="AUW_Test_case_prod.AUW_AboutUS" tests="2" failures="0" timestamp="5 May 2022 09:54:47 GMT" time="231.195" errors="0">
  <testcase name="AboutUS" time="143.288" classname="AUW_Test_case_prod.AUW_AboutUS"/>
  <testcase name="AboutUS" time="87.907" classname="AUW_Test_case_prod.AUW_AboutUS"/>
</testsuite> <!-- AUW_Test_case_prod.AUW_AboutUS -->
