<?xml version="1.0" encoding="UTF-8"?>
<!-- Generated by org.testng.reporters.JUnitReportReporter -->
<testsuite hostname="DESKTOP-N7K85DJ" name="AFL_Test_Case_Prod.HomePage_TC" tests="2" failures="0" timestamp="17 Feb 2022 12:40:42 GMT" time="339.631" errors="0">
  <testcase name="Home_Page" time="212.521" classname="AFL_Test_Case_Prod.HomePage_TC"/>
  <testcase name="Home_Page" time="127.110" classname="AFL_Test_Case_Prod.HomePage_TC"/>
</testsuite> <!-- AFL_Test_Case_Prod.HomePage_TC -->
