<?xml version="1.0" encoding="UTF-8"?>
<!-- Generated by org.testng.reporters.JUnitReportReporter -->
<testsuite hostname="DESKTOP-N7K85DJ" name="Casuality_Prod_TC.Menu_About_US" tests="2" failures="0" timestamp="17 Feb 2022 12:40:42 GMT" time="144.856" errors="0">
  <testcase name="HomePage" time="59.226" classname="Casuality_Prod_TC.Menu_About_US"/>
  <testcase name="HomePage" time="85.630" classname="Casuality_Prod_TC.Menu_About_US"/>
</testsuite> <!-- Casuality_Prod_TC.Menu_About_US -->
