<?xml version="1.0" encoding="UTF-8"?>
<!-- Generated by org.testng.reporters.JUnitReportReporter -->
<testsuite hostname="DESKTOP-N7K85DJ" name="Warranty_Test_Case_Dev.Our_Partner" tests="12" failures="0" timestamp="9 Dec 2021 11:12:25 GMT" time="830.598" errors="0">
  <testcase name="Partner2" time="72.825" classname="Warranty_Test_Case_Dev.Our_Partner"/>
  <testcase name="Partner3" time="66.336" classname="Warranty_Test_Case_Dev.Our_Partner"/>
  <testcase name="Partner3" time="72.244" classname="Warranty_Test_Case_Dev.Our_Partner"/>
  <testcase name="Partner5" time="72.216" classname="Warranty_Test_Case_Dev.Our_Partner"/>
  <testcase name="Partner2" time="65.963" classname="Warranty_Test_Case_Dev.Our_Partner"/>
  <testcase name="Partner1" time="65.473" classname="Warranty_Test_Case_Dev.Our_Partner"/>
  <testcase name="Partner1" time="71.910" classname="Warranty_Test_Case_Dev.Our_Partner"/>
  <testcase name="Partner5" time="64.917" classname="Warranty_Test_Case_Dev.Our_Partner"/>
  <testcase name="Partner6" time="73.673" classname="Warranty_Test_Case_Dev.Our_Partner"/>
  <testcase name="Partner6" time="64.022" classname="Warranty_Test_Case_Dev.Our_Partner"/>
  <testcase name="Partner4" time="66.810" classname="Warranty_Test_Case_Dev.Our_Partner"/>
  <testcase name="Partner4" time="74.209" classname="Warranty_Test_Case_Dev.Our_Partner"/>
</testsuite> <!-- Warranty_Test_Case_Dev.Our_Partner -->
