<?xml version="1.0" encoding="UTF-8"?>
<!-- Generated by org.testng.reporters.JUnitReportReporter -->
<testsuite hostname="DESKTOP-N7K85DJ" name="Careers_Test_case_Prod.Footer" tests="5" failures="0" timestamp="5 Jan 2022 10:22:44 GMT" time="109.837" errors="0">
  <testcase name="AUW_twitter" time="18.744" classname="Careers_Test_case_Prod.Footer"/>
  <testcase name="AUW_Facebook" time="25.468" classname="Careers_Test_case_Prod.Footer"/>
  <testcase name="AUW_Linkedin" time="18.184" classname="Careers_Test_case_Prod.Footer"/>
  <testcase name="AUW_Policy" time="31.991" classname="Careers_Test_case_Prod.Footer"/>
  <testcase name="AUW_Instagram" time="15.450" classname="Careers_Test_case_Prod.Footer"/>
</testsuite> <!-- Careers_Test_case_Prod.Footer -->
