<?xml version="1.0" encoding="UTF-8"?>
<!-- Generated by org.testng.reporters.JUnitReportReporter -->
<testsuite hostname="DESKTOP-N7K85DJ" name="AUW_Test_case_prod.AUW_NJ_Update" tests="2" failures="0" timestamp="7 Mar 2022 11:16:52 GMT" time="201.588" errors="0">
  <testcase name="main" time="53.166" classname="AUW_Test_case_prod.AUW_NJ_Update"/>
  <testcase name="main" time="148.422" classname="AUW_Test_case_prod.AUW_NJ_Update"/>
</testsuite> <!-- AUW_Test_case_prod.AUW_NJ_Update -->
