<?xml version="1.0" encoding="UTF-8"?>
<!-- Generated by org.testng.reporters.JUnitReportReporter -->
<testsuite hostname="DESKTOP-N7K85DJ" name="Careers_Test_case_Prod.Footer" tests="10" failures="0" timestamp="23 Feb 2022 11:40:24 GMT" time="424.305" errors="0">
  <testcase name="AUW_Instagram" time="29.226" classname="Careers_Test_case_Prod.Footer"/>
  <testcase name="AUW_Linkedin" time="19.329" classname="Careers_Test_case_Prod.Footer"/>
  <testcase name="AUW_Facebook" time="49.961" classname="Careers_Test_case_Prod.Footer"/>
  <testcase name="AUW_Policy" time="66.260" classname="Careers_Test_case_Prod.Footer"/>
  <testcase name="AUW_Policy" time="36.584" classname="Careers_Test_case_Prod.Footer"/>
  <testcase name="AUW_twitter" time="99.255" classname="Careers_Test_case_Prod.Footer"/>
  <testcase name="AUW_twitter" time="25.560" classname="Careers_Test_case_Prod.Footer"/>
  <testcase name="AUW_Facebook" time="31.168" classname="Careers_Test_case_Prod.Footer"/>
  <testcase name="AUW_Linkedin" time="46.197" classname="Careers_Test_case_Prod.Footer"/>
  <testcase name="AUW_Instagram" time="20.765" classname="Careers_Test_case_Prod.Footer"/>
</testsuite> <!-- Careers_Test_case_Prod.Footer -->
