<?xml version="1.0" encoding="UTF-8"?>
<!-- Generated by org.testng.reporters.JUnitReportReporter -->
<testsuite hostname="DESKTOP-N7K85DJ" name="Warranty_Test_Case_Prod.About_US" tests="2" failures="0" timestamp="17 Feb 2022 12:40:42 GMT" time="113.848" errors="0">
  <testcase name="Home_page" time="66.291" classname="Warranty_Test_Case_Prod.About_US"/>
  <testcase name="Home_page" time="47.557" classname="Warranty_Test_Case_Prod.About_US"/>
</testsuite> <!-- Warranty_Test_Case_Prod.About_US -->
