<?xml version="1.0" encoding="UTF-8"?>
<!-- Generated by org.testng.reporters.JUnitReportReporter -->
<testsuite hostname="DESKTOP-N7K85DJ" name="AUW_Test_case_prod.AUW_PPP" tests="2" failures="0" timestamp="25 May 2022 13:05:44 GMT" time="86.539" errors="0">
  <testcase name="main" time="58.779" classname="AUW_Test_case_prod.AUW_PPP"/>
  <testcase name="main" time="27.760" classname="AUW_Test_case_prod.AUW_PPP"/>
</testsuite> <!-- AUW_Test_case_prod.AUW_PPP -->
