<?xml version="1.0" encoding="UTF-8"?>
<!-- Generated by org.testng.reporters.JUnitReportReporter -->
<testsuite hostname="DESKTOP-N7K85DJ" name="Promesa_Test_Case_Development.Change_language" tests="2" failures="0" timestamp="24 Jan 2022 11:23:12 GMT" time="40.603" errors="0">
  <testcase name="Change_Language" time="23.573" classname="Promesa_Test_Case_Development.Change_language"/>
  <testcase name="Change_Language" time="17.030" classname="Promesa_Test_Case_Development.Change_language"/>
</testsuite> <!-- Promesa_Test_Case_Development.Change_language -->
