<?xml version="1.0" encoding="UTF-8"?>
<!-- Generated by org.testng.reporters.JUnitReportReporter -->
<testsuite hostname="DESKTOP-N7K85DJ" name="AUW_Test_Case_dev.AUW_header_web_Development" tests="2" failures="0" timestamp="12 Jan 2022 10:17:31 GMT" time="168.551" errors="0">
  <testcase name="main" time="71.657" classname="AUW_Test_Case_dev.AUW_header_web_Development"/>
  <testcase name="main" time="96.894" classname="AUW_Test_Case_dev.AUW_header_web_Development"/>
</testsuite> <!-- AUW_Test_Case_dev.AUW_header_web_Development -->
