<?xml version="1.0" encoding="UTF-8"?>
<!-- Generated by org.testng.reporters.JUnitReportReporter -->
<testsuite hostname="DESKTOP-N7K85DJ" name="AFL_Test_Case_Prod.Footer_TC" tests="2" failures="0" timestamp="17 Feb 2022 12:40:42 GMT" time="265.411" errors="0">
  <testcase name="Footer" time="178.608" classname="AFL_Test_Case_Prod.Footer_TC"/>
  <testcase name="Footer" time="86.803" classname="AFL_Test_Case_Prod.Footer_TC"/>
</testsuite> <!-- AFL_Test_Case_Prod.Footer_TC -->
