<?xml version="1.0" encoding="UTF-8"?>
<!-- Generated by org.testng.reporters.JUnitReportReporter -->
<testsuite hostname="DESKTOP-N7K85DJ" name="AUW_Test_Case_dev.AUW_PPP" tests="2" failures="0" timestamp="28 Dec 2021 09:27:57 GMT" time="54.406" errors="0">
  <testcase name="main" time="23.904" classname="AUW_Test_Case_dev.AUW_PPP"/>
  <testcase name="main" time="30.502" classname="AUW_Test_Case_dev.AUW_PPP"/>
</testsuite> <!-- AUW_Test_Case_dev.AUW_PPP -->
