<?xml version="1.0" encoding="UTF-8"?>
<!-- Generated by org.testng.reporters.JUnitReportReporter -->
<testsuite hostname="DESKTOP-N7K85DJ" name="AFL_Test_Case_Prod.HomePage_TC" tests="2" failures="0" timestamp="12 Apr 2022 09:14:36 GMT" time="217.464" errors="0">
  <testcase name="Home_Page" time="103.515" classname="AFL_Test_Case_Prod.HomePage_TC"/>
  <testcase name="Home_Page" time="113.949" classname="AFL_Test_Case_Prod.HomePage_TC"/>
</testsuite> <!-- AFL_Test_Case_Prod.HomePage_TC -->
