<?xml version="1.0" encoding="UTF-8"?>
<!-- Generated by org.testng.reporters.JUnitReportReporter -->
<testsuite hostname="DESKTOP-N7K85DJ" name="Warranty_Test_Case_Prod.Contact_US" tests="2" failures="0" timestamp="12 Apr 2022 07:47:28 GMT" time="160.873" errors="0">
  <testcase name="ContactUS" time="112.640" classname="Warranty_Test_Case_Prod.Contact_US"/>
  <testcase name="ContactUS" time="48.233" classname="Warranty_Test_Case_Prod.Contact_US"/>
</testsuite> <!-- Warranty_Test_Case_Prod.Contact_US -->
