<?xml version="1.0" encoding="UTF-8"?>
<!-- Generated by org.testng.reporters.JUnitReportReporter -->
<testsuite hostname="DESKTOP-N7K85DJ" name="Casuality_Dev_TC.Home_page" tests="2" failures="0" timestamp="11 Feb 2022 14:12:05 GMT" time="155.127" errors="0">
  <testcase name="HomePage" time="70.808" classname="Casuality_Dev_TC.Home_page"/>
  <testcase name="HomePage" time="84.319" classname="Casuality_Dev_TC.Home_page"/>
</testsuite> <!-- Casuality_Dev_TC.Home_page -->
