<?xml version="1.0" encoding="UTF-8"?>
<!-- Generated by org.testng.reporters.JUnitReportReporter -->
<testsuite hostname="DESKTOP-N7K85DJ" name="Warranty_Test_Case_Prod.About_US" tests="2" failures="0" timestamp="2 May 2022 07:01:07 GMT" time="117.088" errors="0">
  <testcase name="Home_page" time="68.341" classname="Warranty_Test_Case_Prod.About_US"/>
  <testcase name="Home_page" time="48.747" classname="Warranty_Test_Case_Prod.About_US"/>
</testsuite> <!-- Warranty_Test_Case_Prod.About_US -->
