<?xml version="1.0" encoding="UTF-8"?>
<!-- Generated by org.testng.reporters.JUnitReportReporter -->
<testsuite hostname="DESKTOP-N7K85DJ" name="AUW_Test_case_prod.AUW_Experience" tests="2" failures="0" timestamp="28 Feb 2022 06:59:29 GMT" time="678.024" errors="0">
  <testcase name="main" time="320.936" classname="AUW_Test_case_prod.AUW_Experience"/>
  <testcase name="main" time="357.088" classname="AUW_Test_case_prod.AUW_Experience"/>
</testsuite> <!-- AUW_Test_case_prod.AUW_Experience -->
