<?xml version="1.0" encoding="UTF-8"?>
<!-- Generated by org.testng.reporters.JUnitReportReporter -->
<testsuite hostname="DESKTOP-N7K85DJ" name="Promesa_Test_Case_Prod.Change_language" tests="2" failures="0" timestamp="23 May 2022 09:46:44 GMT" time="26.200" errors="0">
  <testcase name="Change_Language" time="13.307" classname="Promesa_Test_Case_Prod.Change_language"/>
  <testcase name="Change_Language" time="12.893" classname="Promesa_Test_Case_Prod.Change_language"/>
</testsuite> <!-- Promesa_Test_Case_Prod.Change_language -->
