<?xml version="1.0" encoding="UTF-8"?>
<!-- Generated by org.testng.reporters.JUnitReportReporter -->
<testsuite hostname="DESKTOP-N7K85DJ" name="Tradewel_Test_Cases_Development.About_US" tests="2" failures="0" timestamp="16 Feb 2022 09:34:57 GMT" time="116.510" errors="0">
  <testcase name="main_Home_Page" time="54.414" classname="Tradewel_Test_Cases_Development.About_US"/>
  <testcase name="main_Home_Page" time="62.096" classname="Tradewel_Test_Cases_Development.About_US"/>
</testsuite> <!-- Tradewel_Test_Cases_Development.About_US -->
