<?xml version="1.0" encoding="UTF-8"?>
<!-- Generated by org.testng.reporters.JUnitReportReporter -->
<testsuite hostname="DESKTOP-N7K85DJ" name="Warranty_Test_Case_Prod.Contact_US" tests="2" failures="0" timestamp="17 Mar 2022 11:54:46 GMT" time="168.431" errors="0">
  <testcase name="ContactUS" time="118.449" classname="Warranty_Test_Case_Prod.Contact_US"/>
  <testcase name="ContactUS" time="49.982" classname="Warranty_Test_Case_Prod.Contact_US"/>
</testsuite> <!-- Warranty_Test_Case_Prod.Contact_US -->
