<?xml version="1.0" encoding="UTF-8"?>
<!-- Generated by org.testng.reporters.JUnitReportReporter -->
<testsuite hostname="DESKTOP-N7K85DJ" name="Careers_Test_case_Development.Footer" tests="2" failures="0" timestamp="16 Feb 2022 09:34:57 GMT" time="214.490" errors="0">
  <testcase name="AUW_Footer" time="102.931" classname="Careers_Test_case_Development.Footer"/>
  <testcase name="AUW_Footer" time="111.559" classname="Careers_Test_case_Development.Footer"/>
</testsuite> <!-- Careers_Test_case_Development.Footer -->
