<?xml version="1.0" encoding="UTF-8"?>
<!-- Generated by org.testng.reporters.JUnitReportReporter -->
<testsuite hostname="DESKTOP-N7K85DJ" name="Careers_Test_case_Development.Footer" tests="2" failures="0" timestamp="25 Feb 2022 13:22:59 GMT" time="167.072" errors="0">
  <testcase name="AUW_Footer" time="82.103" classname="Careers_Test_case_Development.Footer"/>
  <testcase name="AUW_Footer" time="84.969" classname="Careers_Test_case_Development.Footer"/>
</testsuite> <!-- Careers_Test_case_Development.Footer -->
