<?xml version="1.0" encoding="UTF-8"?>
<!-- Generated by org.testng.reporters.JUnitReportReporter -->
<testsuite hostname="DESKTOP-N7K85DJ" name="AUW_Test_case_prod.AUW_AboutUS" tests="2" failures="0" timestamp="9 Mar 2022 16:19:07 GMT" time="215.416" errors="0">
  <testcase name="AboutUS" time="73.466" classname="AUW_Test_case_prod.AUW_AboutUS"/>
  <testcase name="AboutUS" time="141.950" classname="AUW_Test_case_prod.AUW_AboutUS"/>
</testsuite> <!-- AUW_Test_case_prod.AUW_AboutUS -->
