<?xml version="1.0" encoding="UTF-8"?>
<!-- Generated by org.testng.reporters.JUnitReportReporter -->
<testsuite hostname="DESKTOP-N7K85DJ" name="Tradewel_Test_Cases_Development.comprehensive_Protection" tests="1" failures="0" timestamp="25 Feb 2022 13:22:59 GMT" time="194.964" errors="0">
  <testcase name="Comprehensive" time="194.964" classname="Tradewel_Test_Cases_Development.comprehensive_Protection"/>
</testsuite> <!-- Tradewel_Test_Cases_Development.comprehensive_Protection -->
