<?xml version="1.0" encoding="UTF-8"?>
<!-- Generated by org.testng.reporters.JUnitReportReporter -->
<testsuite hostname="DESKTOP-N7K85DJ" name="Warranty_Test_Case_Prod.Our_Partner" tests="12" failures="0" timestamp="2 May 2022 07:01:07 GMT" time="1129.625" errors="0">
  <testcase name="Partner1" time="85.347" classname="Warranty_Test_Case_Prod.Our_Partner"/>
  <testcase name="Partner5" time="82.300" classname="Warranty_Test_Case_Prod.Our_Partner"/>
  <testcase name="Partner2" time="135.987" classname="Warranty_Test_Case_Prod.Our_Partner"/>
  <testcase name="Partner6" time="75.645" classname="Warranty_Test_Case_Prod.Our_Partner"/>
  <testcase name="Partner2" time="81.023" classname="Warranty_Test_Case_Prod.Our_Partner"/>
  <testcase name="Partner6" time="81.890" classname="Warranty_Test_Case_Prod.Our_Partner"/>
  <testcase name="Partner5" time="84.595" classname="Warranty_Test_Case_Prod.Our_Partner"/>
  <testcase name="Partner4" time="87.734" classname="Warranty_Test_Case_Prod.Our_Partner"/>
  <testcase name="Partner3" time="134.043" classname="Warranty_Test_Case_Prod.Our_Partner"/>
  <testcase name="Partner3" time="80.807" classname="Warranty_Test_Case_Prod.Our_Partner"/>
  <testcase name="Partner1" time="118.063" classname="Warranty_Test_Case_Prod.Our_Partner"/>
  <testcase name="Partner4" time="82.191" classname="Warranty_Test_Case_Prod.Our_Partner"/>
</testsuite> <!-- Warranty_Test_Case_Prod.Our_Partner -->
