<?xml version="1.0" encoding="UTF-8"?>
<!-- Generated by org.testng.reporters.JUnitReportReporter -->
<testsuite hostname="DESKTOP-N7K85DJ" name="Casuality_Dev_TC.Menu_About_US" tests="2" failures="0" timestamp="28 Feb 2022 07:58:39 GMT" time="152.846" errors="0">
  <testcase name="HomePage" time="96.982" classname="Casuality_Dev_TC.Menu_About_US"/>
  <testcase name="HomePage" time="55.864" classname="Casuality_Dev_TC.Menu_About_US"/>
</testsuite> <!-- Casuality_Dev_TC.Menu_About_US -->
