<?xml version="1.0" encoding="UTF-8"?>
<!-- Generated by org.testng.reporters.JUnitReportReporter -->
<testsuite hostname="DESKTOP-N7K85DJ" name="Promesa_Test_Case_Prod.Change_language" tests="2" failures="0" timestamp="24 Feb 2022 14:29:27 GMT" time="24.593" errors="0">
  <testcase name="Change_Language" time="13.408" classname="Promesa_Test_Case_Prod.Change_language"/>
  <testcase name="Change_Language" time="11.185" classname="Promesa_Test_Case_Prod.Change_language"/>
</testsuite> <!-- Promesa_Test_Case_Prod.Change_language -->
