<?xml version="1.0" encoding="UTF-8"?>
<!-- Generated by org.testng.reporters.JUnitReportReporter -->
<testsuite hostname="DESKTOP-N7K85DJ" name="Aerospace_TestCases_Development.Menu_News" tests="2" failures="0" timestamp="27 Jun 2022 10:19:02 GMT" time="223.921" errors="0">
  <testcase name="Home_Menu_News" time="109.297" classname="Aerospace_TestCases_Development.Menu_News"/>
  <testcase name="Home_Menu_News" time="114.624" classname="Aerospace_TestCases_Development.Menu_News"/>
</testsuite> <!-- Aerospace_TestCases_Development.Menu_News -->
