<?xml version="1.0" encoding="UTF-8"?>
<!-- Generated by org.testng.reporters.JUnitReportReporter -->
<testsuite hostname="DESKTOP-N7K85DJ" name="Careers_Test_case_Prod.Footer" tests="10" failures="0" timestamp="9 Dec 2021 13:26:34 GMT" time="204.234" errors="0">
  <testcase name="AUW_Linkedin" time="18.008" classname="Careers_Test_case_Prod.Footer"/>
  <testcase name="AUW_Facebook" time="25.157" classname="Careers_Test_case_Prod.Footer"/>
  <testcase name="AUW_twitter" time="17.291" classname="Careers_Test_case_Prod.Footer"/>
  <testcase name="AUW_Facebook" time="21.032" classname="Careers_Test_case_Prod.Footer"/>
  <testcase name="AUW_Policy" time="33.372" classname="Careers_Test_case_Prod.Footer"/>
  <testcase name="AUW_Instagram" time="18.602" classname="Careers_Test_case_Prod.Footer"/>
  <testcase name="AUW_Linkedin" time="12.409" classname="Careers_Test_case_Prod.Footer"/>
  <testcase name="AUW_Policy" time="27.130" classname="Careers_Test_case_Prod.Footer"/>
  <testcase name="AUW_Instagram" time="12.092" classname="Careers_Test_case_Prod.Footer"/>
  <testcase name="AUW_twitter" time="19.141" classname="Careers_Test_case_Prod.Footer"/>
</testsuite> <!-- Careers_Test_case_Prod.Footer -->
