<?xml version="1.0" encoding="UTF-8"?>
<!-- Generated by org.testng.reporters.JUnitReportReporter -->
<testsuite hostname="DESKTOP-N7K85DJ" name="Adler_TestCases_Development.Home" tests="2" failures="0" timestamp="18 Jan 2022 10:21:18 GMT" time="72.522" errors="0">
  <testcase name="main_Home_Page" time="40.197" classname="Adler_TestCases_Development.Home"/>
  <testcase name="main_Home_Page" time="32.325" classname="Adler_TestCases_Development.Home"/>
</testsuite> <!-- Adler_TestCases_Development.Home -->
