<?xml version="1.0" encoding="UTF-8"?>
<!-- Generated by org.testng.reporters.JUnitReportReporter -->
<testsuite hostname="DESKTOP-N7K85DJ" name="AUW_Test_case_prod.AUW_PPP" tests="2" failures="0" timestamp="9 Mar 2022 16:19:07 GMT" time="88.585" errors="0">
  <testcase name="main" time="26.040" classname="AUW_Test_case_prod.AUW_PPP"/>
  <testcase name="main" time="62.545" classname="AUW_Test_case_prod.AUW_PPP"/>
</testsuite> <!-- AUW_Test_case_prod.AUW_PPP -->
