<?xml version="1.0" encoding="UTF-8"?>
<!-- Generated by org.testng.reporters.JUnitReportReporter -->
<testsuite hostname="DESKTOP-N7K85DJ" name="Casuality_Prod_TC.Menu_About_US" tests="2" failures="0" timestamp="2 Mar 2022 14:47:22 GMT" time="148.165" errors="0">
  <testcase name="HomePage" time="55.466" classname="Casuality_Prod_TC.Menu_About_US"/>
  <testcase name="HomePage" time="92.699" classname="Casuality_Prod_TC.Menu_About_US"/>
</testsuite> <!-- Casuality_Prod_TC.Menu_About_US -->
