<?xml version="1.0" encoding="UTF-8"?>
<!-- Generated by org.testng.reporters.JUnitReportReporter -->
<testsuite hostname="DESKTOP-N7K85DJ" name="Casuality_Prod_TC.Menu_Contact_Us" tests="2" failures="0" timestamp="10 May 2022 11:54:17 GMT" time="72.258" errors="0">
  <testcase name="HomePage" time="39.481" classname="Casuality_Prod_TC.Menu_Contact_Us"/>
  <testcase name="HomePage" time="32.777" classname="Casuality_Prod_TC.Menu_Contact_Us"/>
</testsuite> <!-- Casuality_Prod_TC.Menu_Contact_Us -->
