<?xml version="1.0" encoding="UTF-8"?>
<!-- Generated by org.testng.reporters.JUnitReportReporter -->
<testsuite hostname="DESKTOP-N7K85DJ" name="Solution_one_Prod.Side_Heading_Production" tests="5" failures="0" timestamp="16 Dec 2021 10:07:39 GMT" time="252.620" errors="0">
  <testcase name="Side_Heading_One" time="47.252" classname="Solution_one_Prod.Side_Heading_Production"/>
  <testcase name="Side_Heading_Five" time="50.001" classname="Solution_one_Prod.Side_Heading_Production"/>
  <testcase name="Side_Heading_Four" time="50.064" classname="Solution_one_Prod.Side_Heading_Production"/>
  <testcase name="Side_Heading_Three" time="54.954" classname="Solution_one_Prod.Side_Heading_Production"/>
  <testcase name="Side_Heading_Two" time="50.349" classname="Solution_one_Prod.Side_Heading_Production"/>
</testsuite> <!-- Solution_one_Prod.Side_Heading_Production -->
