<?xml version="1.0" encoding="UTF-8"?>
<!-- Generated by org.testng.reporters.JUnitReportReporter -->
<testsuite hostname="DESKTOP-N7K85DJ" name="Adler_TestCases_Prod.Home" tests="2" failures="0" timestamp="18 Jan 2022 13:48:13 GMT" time="144.870" errors="0">
  <testcase name="main_Home_Page" time="108.533" classname="Adler_TestCases_Prod.Home"/>
  <testcase name="main_Home_Page" time="36.337" classname="Adler_TestCases_Prod.Home"/>
</testsuite> <!-- Adler_TestCases_Prod.Home -->
