<?xml version="1.0" encoding="UTF-8"?>
<!-- Generated by org.testng.reporters.JUnitReportReporter -->
<testsuite hostname="DESKTOP-N7K85DJ" name="AUW_Test_case_prod.AUW_NJ_Update" tests="2" failures="0" timestamp="9 Dec 2021 13:26:34 GMT" time="87.068" errors="0">
  <testcase name="main" time="46.023" classname="AUW_Test_case_prod.AUW_NJ_Update"/>
  <testcase name="main" time="41.045" classname="AUW_Test_case_prod.AUW_NJ_Update"/>
</testsuite> <!-- AUW_Test_case_prod.AUW_NJ_Update -->
