<?xml version="1.0" encoding="UTF-8"?>
<!-- Generated by org.testng.reporters.JUnitReportReporter -->
<testsuite hostname="DESKTOP-N7K85DJ" name="Careers_Test_case_Prod.Footer" tests="10" failures="0" timestamp="25 Jan 2022 14:00:35 GMT" time="624.881" errors="0">
  <testcase name="AUW_twitter" time="109.778" classname="Careers_Test_case_Prod.Footer"/>
  <testcase name="AUW_Facebook" time="96.568" classname="Careers_Test_case_Prod.Footer"/>
  <testcase name="AUW_Linkedin" time="36.523" classname="Careers_Test_case_Prod.Footer"/>
  <testcase name="AUW_Facebook" time="29.288" classname="Careers_Test_case_Prod.Footer"/>
  <testcase name="AUW_Instagram" time="19.711" classname="Careers_Test_case_Prod.Footer"/>
  <testcase name="AUW_twitter" time="38.119" classname="Careers_Test_case_Prod.Footer"/>
  <testcase name="AUW_Linkedin" time="90.168" classname="Careers_Test_case_Prod.Footer"/>
  <testcase name="AUW_Policy" time="77.862" classname="Careers_Test_case_Prod.Footer"/>
  <testcase name="AUW_Policy" time="36.623" classname="Careers_Test_case_Prod.Footer"/>
  <testcase name="AUW_Instagram" time="90.241" classname="Careers_Test_case_Prod.Footer"/>
</testsuite> <!-- Careers_Test_case_Prod.Footer -->
