<?xml version="1.0" encoding="UTF-8"?>
<!-- Generated by org.testng.reporters.JUnitReportReporter -->
<testsuite hostname="DESKTOP-N7K85DJ" name="AUW_Global_Test_Cases_Development.LearnMore_TC" tests="2" failures="0" timestamp="14 Jan 2022 10:44:33 GMT" time="132.746" errors="0">
  <testcase name="LearnMore" time="88.076" classname="AUW_Global_Test_Cases_Development.LearnMore_TC"/>
  <testcase name="LearnMore" time="44.670" classname="AUW_Global_Test_Cases_Development.LearnMore_TC"/>
</testsuite> <!-- AUW_Global_Test_Cases_Development.LearnMore_TC -->
