<?xml version="1.0" encoding="UTF-8"?>
<!-- Generated by org.testng.reporters.JUnitReportReporter -->
<testsuite hostname="DESKTOP-N7K85DJ" name="AFL_Test_Case_Prod.Footer_TC" tests="2" failures="0" timestamp="3 Mar 2022 14:31:02 GMT" time="195.335" errors="0">
  <testcase name="Footer" time="77.758" classname="AFL_Test_Case_Prod.Footer_TC"/>
  <testcase name="Footer" time="117.577" classname="AFL_Test_Case_Prod.Footer_TC"/>
</testsuite> <!-- AFL_Test_Case_Prod.Footer_TC -->
