<?xml version="1.0" encoding="UTF-8"?>
<!-- Generated by org.testng.reporters.JUnitReportReporter -->
<testsuite hostname="DESKTOP-N7K85DJ" name="Solution_one_Development.Footer_Develop" tests="2" failures="0" timestamp="14 Jan 2022 10:44:33 GMT" time="214.946" errors="0">
  <testcase name="Footer" time="93.487" classname="Solution_one_Development.Footer_Develop"/>
  <testcase name="Footer" time="121.459" classname="Solution_one_Development.Footer_Develop"/>
</testsuite> <!-- Solution_one_Development.Footer_Develop -->
