<?xml version="1.0" encoding="UTF-8"?>
<!-- Generated by org.testng.reporters.JUnitReportReporter -->
<testsuite hostname="DESKTOP-N7K85DJ" name="Casuality_Dev_TC.Menu_Contact_Us" tests="2" failures="0" timestamp="28 Feb 2022 07:58:39 GMT" time="91.948" errors="0">
  <testcase name="HomePage" time="30.860" classname="Casuality_Dev_TC.Menu_Contact_Us"/>
  <testcase name="HomePage" time="61.088" classname="Casuality_Dev_TC.Menu_Contact_Us"/>
</testsuite> <!-- Casuality_Dev_TC.Menu_Contact_Us -->
