<?xml version="1.0" encoding="UTF-8"?>
<!-- Generated by org.testng.reporters.JUnitReportReporter -->
<testsuite hostname="DESKTOP-N7K85DJ" name="AUW_Global_Test_Cases_Prod.Home_Page_TC" tests="2" failures="0" timestamp="21 Feb 2022 13:14:22 GMT" time="76.388" errors="0">
  <testcase name="HomePage" time="30.446" classname="AUW_Global_Test_Cases_Prod.Home_Page_TC"/>
  <testcase name="HomePage" time="45.942" classname="AUW_Global_Test_Cases_Prod.Home_Page_TC"/>
</testsuite> <!-- AUW_Global_Test_Cases_Prod.Home_Page_TC -->
