<?xml version="1.0" encoding="UTF-8"?>
<!-- Generated by org.testng.reporters.JUnitReportReporter -->
<testsuite hostname="DESKTOP-N7K85DJ" name="Adler_TestCases_Prod.News" tests="2" failures="0" timestamp="18 Feb 2022 14:06:49 GMT" time="308.548" errors="0">
  <testcase name="main_Home_Page" time="172.022" classname="Adler_TestCases_Prod.News"/>
  <testcase name="main_Home_Page" time="136.526" classname="Adler_TestCases_Prod.News"/>
</testsuite> <!-- Adler_TestCases_Prod.News -->
