<?xml version="1.0" encoding="UTF-8"?>
<!-- Generated by org.testng.reporters.JUnitReportReporter -->
<testsuite hostname="DESKTOP-N7K85DJ" name="AUW_Test_Case_dev.Practices_CustomerSeekingCoverage" tests="2" failures="0" timestamp="15 Dec 2021 09:54:42 GMT" time="455.350" errors="0">
  <testcase name="Practices_CustomerSeekingCoverage" time="224.874" classname="AUW_Test_Case_dev.Practices_CustomerSeekingCoverage"/>
  <testcase name="Practices_CustomerSeekingCoverage" time="230.476" classname="AUW_Test_Case_dev.Practices_CustomerSeekingCoverage"/>
</testsuite> <!-- AUW_Test_Case_dev.Practices_CustomerSeekingCoverage -->
