<?xml version="1.0" encoding="UTF-8"?>
<!-- Generated by org.testng.reporters.JUnitReportReporter -->
<testsuite hostname="DESKTOP-N7K85DJ" name="AUW_Test_Case_dev.AUW_Experience" tests="2" failures="0" timestamp="4 Apr 2022 06:52:09 GMT" time="696.584" errors="0">
  <testcase name="main" time="359.591" classname="AUW_Test_Case_dev.AUW_Experience"/>
  <testcase name="main" time="336.993" classname="AUW_Test_Case_dev.AUW_Experience"/>
</testsuite> <!-- AUW_Test_Case_dev.AUW_Experience -->
