<?xml version="1.0" encoding="UTF-8"?>
<!-- Generated by org.testng.reporters.JUnitReportReporter -->
<testsuite hostname="DESKTOP-N7K85DJ" name="AUW_Global_Test_Cases_Prod.Home_Page_TC" tests="2" failures="0" timestamp="25 Feb 2022 12:26:47 GMT" time="51.450" errors="0">
  <testcase name="HomePage" time="25.003" classname="AUW_Global_Test_Cases_Prod.Home_Page_TC"/>
  <testcase name="HomePage" time="26.447" classname="AUW_Global_Test_Cases_Prod.Home_Page_TC"/>
</testsuite> <!-- AUW_Global_Test_Cases_Prod.Home_Page_TC -->
