<?xml version="1.0" encoding="UTF-8"?>
<!-- Generated by org.testng.reporters.JUnitReportReporter -->
<testsuite hostname="DESKTOP-N7K85DJ" name="AUW_Test_case_prod.AUW_PPP" tests="2" failures="0" timestamp="2 Mar 2022 14:47:22 GMT" time="92.516" errors="0">
  <testcase name="main" time="27.830" classname="AUW_Test_case_prod.AUW_PPP"/>
  <testcase name="main" time="64.686" classname="AUW_Test_case_prod.AUW_PPP"/>
</testsuite> <!-- AUW_Test_case_prod.AUW_PPP -->
