<?xml version="1.0" encoding="UTF-8"?>
<!-- Generated by org.testng.reporters.JUnitReportReporter -->
<testsuite hostname="DESKTOP-N7K85DJ" name="AFL_Test_Case_Prod.Footer_TC" tests="2" failures="0" timestamp="22 Apr 2022 10:04:10 GMT" time="168.516" errors="0">
  <testcase name="Footer" time="93.510" classname="AFL_Test_Case_Prod.Footer_TC"/>
  <testcase name="Footer" time="75.006" classname="AFL_Test_Case_Prod.Footer_TC"/>
</testsuite> <!-- AFL_Test_Case_Prod.Footer_TC -->
