<?xml version="1.0" encoding="UTF-8"?>
<!-- Generated by org.testng.reporters.JUnitReportReporter -->
<testsuite hostname="DESKTOP-N7K85DJ" name="Casuality_Prod_TC.Menu_Contact_Us" tests="2" failures="0" timestamp="18 Feb 2022 15:38:24 GMT" time="103.733" errors="0">
  <testcase name="HomePage" time="34.401" classname="Casuality_Prod_TC.Menu_Contact_Us"/>
  <testcase name="HomePage" time="69.332" classname="Casuality_Prod_TC.Menu_Contact_Us"/>
</testsuite> <!-- Casuality_Prod_TC.Menu_Contact_Us -->
