<?xml version="1.0" encoding="UTF-8"?>
<!-- Generated by org.testng.reporters.JUnitReportReporter -->
<testsuite hostname="DESKTOP-N7K85DJ" name="AUW_Test_case_prod.AUW_CallUpdate" tests="2" failures="0" timestamp="15 Dec 2021 11:56:30 GMT" time="93.354" errors="0">
  <testcase name="main" time="44.196" classname="AUW_Test_case_prod.AUW_CallUpdate"/>
  <testcase name="main" time="49.158" classname="AUW_Test_case_prod.AUW_CallUpdate"/>
</testsuite> <!-- AUW_Test_case_prod.AUW_CallUpdate -->
