<?xml version="1.0" encoding="UTF-8"?>
<!-- Generated by org.testng.reporters.JUnitReportReporter -->
<testsuite hostname="DESKTOP-N7K85DJ" name="Solution_one_Development.Footer_Develop" tests="2" failures="0" timestamp="24 Jan 2022 11:23:12 GMT" time="313.489" errors="0">
  <testcase name="Footer" time="121.833" classname="Solution_one_Development.Footer_Develop"/>
  <testcase name="Footer" time="191.656" classname="Solution_one_Development.Footer_Develop"/>
</testsuite> <!-- Solution_one_Development.Footer_Develop -->
