<?xml version="1.0" encoding="UTF-8"?>
<!-- Generated by org.testng.reporters.JUnitReportReporter -->
<testsuite hostname="DESKTOP-N7K85DJ" name="Solution_one_Prod.Footer_Production" tests="2" failures="0" timestamp="1 Apr 2022 10:47:35 GMT" time="230.732" errors="0">
  <testcase name="Footer" time="62.647" classname="Solution_one_Prod.Footer_Production"/>
  <testcase name="Footer" time="168.085" classname="Solution_one_Prod.Footer_Production"/>
</testsuite> <!-- Solution_one_Prod.Footer_Production -->
