<?xml version="1.0" encoding="UTF-8"?>
<!-- Generated by org.testng.reporters.JUnitReportReporter -->
<testsuite hostname="DESKTOP-N7K85DJ" name="AUW_Test_case_prod.AUW_header_web_Prod" tests="2" failures="0" timestamp="26 Apr 2022 10:56:41 GMT" time="148.590" errors="0">
  <testcase name="main" time="49.255" classname="AUW_Test_case_prod.AUW_header_web_Prod"/>
  <testcase name="main" time="99.335" classname="AUW_Test_case_prod.AUW_header_web_Prod"/>
</testsuite> <!-- AUW_Test_case_prod.AUW_header_web_Prod -->
