<?xml version="1.0" encoding="UTF-8"?>
<!-- Generated by org.testng.reporters.JUnitReportReporter -->
<testsuite hostname="DESKTOP-N7K85DJ" name="Adler_TestCases_Prod.News" tests="2" failures="0" timestamp="23 May 2022 09:46:43 GMT" time="298.089" errors="0">
  <testcase name="main_Home_Page" time="126.301" classname="Adler_TestCases_Prod.News"/>
  <testcase name="main_Home_Page" time="171.788" classname="Adler_TestCases_Prod.News"/>
</testsuite> <!-- Adler_TestCases_Prod.News -->
