<?xml version="1.0" encoding="UTF-8"?>
<!-- Generated by org.testng.reporters.JUnitReportReporter -->
<testsuite hostname="DESKTOP-N7K85DJ" name="Adler_TestCases_Development.News" tests="2" failures="0" timestamp="23 Dec 2021 12:43:52 GMT" time="282.939" errors="0">
  <testcase name="main_Home_Page" time="142.386" classname="Adler_TestCases_Development.News"/>
  <testcase name="main_Home_Page" time="140.553" classname="Adler_TestCases_Development.News"/>
</testsuite> <!-- Adler_TestCases_Development.News -->
