<?xml version="1.0" encoding="UTF-8"?>
<!-- Generated by org.testng.reporters.JUnitReportReporter -->
<testsuite hostname="DESKTOP-N7K85DJ" name="AUW_Test_case_prod.AUW_header_web_Prod" tests="2" failures="0" timestamp="15 Dec 2021 11:56:30 GMT" time="91.675" errors="0">
  <testcase name="main" time="43.543" classname="AUW_Test_case_prod.AUW_header_web_Prod"/>
  <testcase name="main" time="48.132" classname="AUW_Test_case_prod.AUW_header_web_Prod"/>
</testsuite> <!-- AUW_Test_case_prod.AUW_header_web_Prod -->
