<?xml version="1.0" encoding="UTF-8"?>
<!-- Generated by org.testng.reporters.JUnitReportReporter -->
<testsuite hostname="DESKTOP-N7K85DJ" name="Solution_one_Development.Side_head_sample" tests="5" failures="0" timestamp="5 Jan 2022 12:51:26 GMT" time="500.280" errors="0">
  <testcase name="Side_Heading_One" time="116.588" classname="Solution_one_Development.Side_head_sample"/>
  <testcase name="Side_Heading_Three" time="112.394" classname="Solution_one_Development.Side_head_sample"/>
  <testcase name="Side_Heading_Two" time="92.835" classname="Solution_one_Development.Side_head_sample"/>
  <testcase name="Side_Heading_Five" time="93.044" classname="Solution_one_Development.Side_head_sample"/>
  <testcase name="Side_Heading_Four" time="85.419" classname="Solution_one_Development.Side_head_sample"/>
</testsuite> <!-- Solution_one_Development.Side_head_sample -->
