<?xml version="1.0" encoding="UTF-8"?>
<!-- Generated by org.testng.reporters.JUnitReportReporter -->
<testsuite hostname="DESKTOP-N7K85DJ" name="MTL_Test_Cases_Prod.Home_URL" tests="2" failures="0" timestamp="25 Feb 2022 12:26:47 GMT" time="145.729" errors="0">
  <testcase name="Footer" time="49.411" classname="MTL_Test_Cases_Prod.Home_URL"/>
  <testcase name="Footer" time="96.318" classname="MTL_Test_Cases_Prod.Home_URL"/>
</testsuite> <!-- MTL_Test_Cases_Prod.Home_URL -->
