<?xml version="1.0" encoding="UTF-8"?>
<!-- Generated by org.testng.reporters.JUnitReportReporter -->
<testsuite hostname="DESKTOP-N7K85DJ" name="AUW_Test_case_prod.AUW_PPP" tests="2" failures="0" timestamp="26 Apr 2022 10:56:41 GMT" time="128.617" errors="0">
  <testcase name="main" time="101.231" classname="AUW_Test_case_prod.AUW_PPP"/>
  <testcase name="main" time="27.386" classname="AUW_Test_case_prod.AUW_PPP"/>
</testsuite> <!-- AUW_Test_case_prod.AUW_PPP -->
