<?xml version="1.0" encoding="UTF-8"?>
<!-- Generated by org.testng.reporters.JUnitReportReporter -->
<testsuite hostname="DESKTOP-N7K85DJ" name="Careers_Test_case_Development.Footer" tests="2" failures="0" timestamp="9 Dec 2021 11:12:25 GMT" time="147.384" errors="0">
  <testcase name="AUW_Footer" time="77.841" classname="Careers_Test_case_Development.Footer"/>
  <testcase name="AUW_Footer" time="69.543" classname="Careers_Test_case_Development.Footer"/>
</testsuite> <!-- Careers_Test_case_Development.Footer -->
