<?xml version="1.0" encoding="UTF-8"?>
<!-- Generated by org.testng.reporters.JUnitReportReporter -->
<testsuite hostname="DESKTOP-N7K85DJ" name="AUW_Test_Case_dev.AUW_Intelligence_TC" tests="2" failures="0" timestamp="14 Jan 2022 10:44:32 GMT" time="355.369" errors="0">
  <testcase name="main" time="108.965" classname="AUW_Test_Case_dev.AUW_Intelligence_TC"/>
  <testcase name="main" time="246.404" classname="AUW_Test_Case_dev.AUW_Intelligence_TC"/>
</testsuite> <!-- AUW_Test_Case_dev.AUW_Intelligence_TC -->
