<?xml version="1.0" encoding="UTF-8"?>
<!-- Generated by org.testng.reporters.JUnitReportReporter -->
<testsuite hostname="DESKTOP-N7K85DJ" name="Tradewel_Test_Cases_Development.Comprehensive_Protection_FF" tests="2" failures="0" timestamp="9 Dec 2021 11:12:25 GMT" time="99.222" errors="0">
  <testcase name="Comprehensive" time="47.118" classname="Tradewel_Test_Cases_Development.Comprehensive_Protection_FF"/>
  <testcase name="Comprehensive" time="52.104" classname="Tradewel_Test_Cases_Development.Comprehensive_Protection_FF"/>
</testsuite> <!-- Tradewel_Test_Cases_Development.Comprehensive_Protection_FF -->
