<?xml version="1.0" encoding="UTF-8"?>
<!-- Generated by org.testng.reporters.JUnitReportReporter -->
<testsuite hostname="DESKTOP-N7K85DJ" name="Promesa_Test_Case_Development.Change_language" tests="2" failures="0" timestamp="12 Jan 2022 10:17:30 GMT" time="34.007" errors="0">
  <testcase name="Change_Language" time="14.644" classname="Promesa_Test_Case_Development.Change_language"/>
  <testcase name="Change_Language" time="19.363" classname="Promesa_Test_Case_Development.Change_language"/>
</testsuite> <!-- Promesa_Test_Case_Development.Change_language -->
