<?xml version="1.0" encoding="UTF-8"?>
<!-- Generated by org.testng.reporters.JUnitReportReporter -->
<testsuite hostname="DESKTOP-N7K85DJ" name="Adler_TestCases_Development.News" tests="2" failures="0" timestamp="23 Feb 2022 12:36:01 GMT" time="334.480" errors="0">
  <testcase name="main_Home_Page" time="169.697" classname="Adler_TestCases_Development.News"/>
  <testcase name="main_Home_Page" time="164.783" classname="Adler_TestCases_Development.News"/>
</testsuite> <!-- Adler_TestCases_Development.News -->
