<?xml version="1.0" encoding="UTF-8"?>
<!-- Generated by org.testng.reporters.JUnitReportReporter -->
<testsuite hostname="DESKTOP-N7K85DJ" name="Casuality_Prod_TC.Menu_About_US" tests="2" failures="0" timestamp="3 Mar 2022 14:31:02 GMT" time="172.802" errors="0">
  <testcase name="HomePage" time="118.594" classname="Casuality_Prod_TC.Menu_About_US"/>
  <testcase name="HomePage" time="54.208" classname="Casuality_Prod_TC.Menu_About_US"/>
</testsuite> <!-- Casuality_Prod_TC.Menu_About_US -->
