<?xml version="1.0" encoding="UTF-8"?>
<!-- Generated by org.testng.reporters.JUnitReportReporter -->
<testsuite hostname="DESKTOP-N7K85DJ" name="Tradewel_Test_Cases_Production.About_US" tests="2" failures="0" timestamp="22 Apr 2022 10:04:10 GMT" time="96.593" errors="0">
  <testcase name="main_Home_Page" time="53.419" classname="Tradewel_Test_Cases_Production.About_US"/>
  <testcase name="main_Home_Page" time="43.174" classname="Tradewel_Test_Cases_Production.About_US"/>
</testsuite> <!-- Tradewel_Test_Cases_Production.About_US -->
