<?xml version="1.0" encoding="UTF-8"?>
<!-- Generated by org.testng.reporters.JUnitReportReporter -->
<testsuite hostname="DESKTOP-N7K85DJ" name="AFL_Test_Case_Prod.Footer_TC" tests="2" failures="0" timestamp="25 Jan 2022 14:00:35 GMT" time="227.069" errors="0">
  <testcase name="Footer" time="149.479" classname="AFL_Test_Case_Prod.Footer_TC"/>
  <testcase name="Footer" time="77.590" classname="AFL_Test_Case_Prod.Footer_TC"/>
</testsuite> <!-- AFL_Test_Case_Prod.Footer_TC -->
