<?xml version="1.0" encoding="UTF-8"?>
<!-- Generated by org.testng.reporters.JUnitReportReporter -->
<testsuite hostname="DESKTOP-N7K85DJ" name="AUW_Test_case_prod.AUW_header_web_Prod" tests="2" failures="0" timestamp="10 May 2022 11:54:17 GMT" time="130.511" errors="0">
  <testcase name="main" time="71.780" classname="AUW_Test_case_prod.AUW_header_web_Prod"/>
  <testcase name="main" time="58.731" classname="AUW_Test_case_prod.AUW_header_web_Prod"/>
</testsuite> <!-- AUW_Test_case_prod.AUW_header_web_Prod -->
