<?xml version="1.0" encoding="UTF-8"?>
<!-- Generated by org.testng.reporters.JUnitReportReporter -->
<testsuite hostname="DESKTOP-N7K85DJ" name="Pinnacle_Test_Cases_Production.HomePage_TC" tests="2" failures="0" timestamp="31 Mar 2022 09:38:46 GMT" time="147.806" errors="0">
  <testcase name="main_Home_Page" time="85.935" classname="Pinnacle_Test_Cases_Production.HomePage_TC"/>
  <testcase name="main_Home_Page" time="61.871" classname="Pinnacle_Test_Cases_Production.HomePage_TC"/>
</testsuite> <!-- Pinnacle_Test_Cases_Production.HomePage_TC -->
