<?xml version="1.0" encoding="UTF-8"?>
<!-- Generated by org.testng.reporters.JUnitReportReporter -->
<testsuite hostname="DESKTOP-N7K85DJ" name="AUW_Test_case_prod.AUW_CallUpdate" tests="2" failures="0" timestamp="22 Dec 2021 09:39:17 GMT" time="104.648" errors="0">
  <testcase name="main" time="49.174" classname="AUW_Test_case_prod.AUW_CallUpdate"/>
  <testcase name="main" time="55.474" classname="AUW_Test_case_prod.AUW_CallUpdate"/>
</testsuite> <!-- AUW_Test_case_prod.AUW_CallUpdate -->
