<?xml version="1.0" encoding="UTF-8"?>
<!-- Generated by org.testng.reporters.JUnitReportReporter -->
<testsuite hostname="DESKTOP-N7K85DJ" name="Tradewel_Test_Cases_Development.comprehensive_Protection" tests="1" failures="0" timestamp="28 Dec 2021 09:27:57 GMT" time="171.356" errors="0">
  <testcase name="Comprehensive" time="171.356" classname="Tradewel_Test_Cases_Development.comprehensive_Protection"/>
</testsuite> <!-- Tradewel_Test_Cases_Development.comprehensive_Protection -->
