<?xml version="1.0" encoding="UTF-8"?>
<!-- Generated by org.testng.reporters.JUnitReportReporter -->
<testsuite hostname="DESKTOP-N7K85DJ" name="AUW_Test_case_prod.AUW_CallUpdate" tests="2" failures="0" timestamp="11 Mar 2022 13:55:32 GMT" time="207.337" errors="0">
  <testcase name="main" time="49.718" classname="AUW_Test_case_prod.AUW_CallUpdate"/>
  <testcase name="main" time="157.619" classname="AUW_Test_case_prod.AUW_CallUpdate"/>
</testsuite> <!-- AUW_Test_case_prod.AUW_CallUpdate -->
