<?xml version="1.0" encoding="UTF-8"?>
<!-- Generated by org.testng.reporters.JUnitReportReporter -->
<testsuite hostname="DESKTOP-N7K85DJ" name="Adler_TestCases_Prod.Home" tests="2" failures="0" timestamp="12 Jan 2022 15:20:27 GMT" time="155.610" errors="0">
  <testcase name="main_Home_Page" time="31.416" classname="Adler_TestCases_Prod.Home"/>
  <testcase name="main_Home_Page" time="124.194" classname="Adler_TestCases_Prod.Home"/>
</testsuite> <!-- Adler_TestCases_Prod.Home -->
