<?xml version="1.0" encoding="UTF-8"?>
<!-- Generated by org.testng.reporters.JUnitReportReporter -->
<testsuite hostname="DESKTOP-N7K85DJ" name="Promesa_Test_Case_Development.Change_language" tests="2" failures="0" timestamp="4 Mar 2022 12:50:00 GMT" time="38.780" errors="0">
  <testcase name="Change_Language" time="12.566" classname="Promesa_Test_Case_Development.Change_language"/>
  <testcase name="Change_Language" time="26.214" classname="Promesa_Test_Case_Development.Change_language"/>
</testsuite> <!-- Promesa_Test_Case_Development.Change_language -->
