<?xml version="1.0" encoding="UTF-8"?>
<!-- Generated by org.testng.reporters.JUnitReportReporter -->
<testsuite hostname="DESKTOP-N7K85DJ" name="Adler_TestCases_Development.News" tests="2" failures="0" timestamp="12 Jan 2022 10:17:31 GMT" time="333.164" errors="0">
  <testcase name="main_Home_Page" time="157.138" classname="Adler_TestCases_Development.News"/>
  <testcase name="main_Home_Page" time="176.026" classname="Adler_TestCases_Development.News"/>
</testsuite> <!-- Adler_TestCases_Development.News -->
