<?xml version="1.0" encoding="UTF-8"?>
<!-- Generated by org.testng.reporters.JUnitReportReporter -->
<testsuite hostname="DESKTOP-N7K85DJ" name="Warranty_Test_Case_Dev.Partner_With_US" tests="2" failures="0" timestamp="25 Feb 2022 13:22:59 GMT" time="51.545" errors="0">
  <testcase name="partner" time="33.102" classname="Warranty_Test_Case_Dev.Partner_With_US"/>
  <testcase name="partner" time="18.443" classname="Warranty_Test_Case_Dev.Partner_With_US"/>
</testsuite> <!-- Warranty_Test_Case_Dev.Partner_With_US -->
