<?xml version="1.0" encoding="UTF-8"?>
<!-- Generated by org.testng.reporters.JUnitReportReporter -->
<testsuite hostname="DESKTOP-N7K85DJ" name="AFL_Test_Case_Prod.Footer_TC" tests="2" failures="0" timestamp="15 Feb 2022 15:16:06 GMT" time="182.339" errors="0">
  <testcase name="Footer" time="78.272" classname="AFL_Test_Case_Prod.Footer_TC"/>
  <testcase name="Footer" time="104.067" classname="AFL_Test_Case_Prod.Footer_TC"/>
</testsuite> <!-- AFL_Test_Case_Prod.Footer_TC -->
