<?xml version="1.0" encoding="UTF-8"?>
<!-- Generated by org.testng.reporters.JUnitReportReporter -->
<testsuite hostname="DESKTOP-N7K85DJ" name="AUW_Test_Case_dev.AUW_NJ_Update" tests="2" failures="0" timestamp="24 Feb 2022 15:18:06 GMT" time="110.030" errors="0">
  <testcase name="main" time="49.957" classname="AUW_Test_Case_dev.AUW_NJ_Update"/>
  <testcase name="main" time="60.073" classname="AUW_Test_Case_dev.AUW_NJ_Update"/>
</testsuite> <!-- AUW_Test_Case_dev.AUW_NJ_Update -->
