<?xml version="1.0" encoding="UTF-8"?>
<!-- Generated by org.testng.reporters.JUnitReportReporter -->
<testsuite hostname="DESKTOP-N7K85DJ" name="AUW_Test_case_prod.AUW_Intelligence_TC" tests="2" failures="0" timestamp="11 Feb 2022 12:38:07 GMT" time="308.596" errors="0">
  <testcase name="main" time="110.719" classname="AUW_Test_case_prod.AUW_Intelligence_TC"/>
  <testcase name="main" time="197.877" classname="AUW_Test_case_prod.AUW_Intelligence_TC"/>
</testsuite> <!-- AUW_Test_case_prod.AUW_Intelligence_TC -->
