<?xml version="1.0" encoding="UTF-8"?>
<!-- Generated by org.testng.reporters.JUnitReportReporter -->
<testsuite hostname="DESKTOP-N7K85DJ" name="Solution_one_Prod.Footer_Production" tests="2" failures="0" timestamp="26 Apr 2022 09:47:26 GMT" time="239.995" errors="0">
  <testcase name="Footer" time="62.360" classname="Solution_one_Prod.Footer_Production"/>
  <testcase name="Footer" time="177.635" classname="Solution_one_Prod.Footer_Production"/>
</testsuite> <!-- Solution_one_Prod.Footer_Production -->
