<?xml version="1.0" encoding="UTF-8"?>
<!-- Generated by org.testng.reporters.JUnitReportReporter -->
<testsuite hostname="DESKTOP-N7K85DJ" name="Solution_one_Development.Footer_Develop" tests="2" failures="0" timestamp="4 Jan 2022 11:14:57 GMT" time="164.846" errors="0">
  <testcase name="Footer" time="68.139" classname="Solution_one_Development.Footer_Develop"/>
  <testcase name="Footer" time="96.707" classname="Solution_one_Development.Footer_Develop"/>
</testsuite> <!-- Solution_one_Development.Footer_Develop -->
