<?xml version="1.0" encoding="UTF-8"?>
<!-- Generated by org.testng.reporters.JUnitReportReporter -->
<testsuite hostname="DESKTOP-N7K85DJ" name="Adler_TestCases_Development.News" tests="2" failures="0" timestamp="25 Feb 2022 13:22:59 GMT" time="290.507" errors="0">
  <testcase name="main_Home_Page" time="143.606" classname="Adler_TestCases_Development.News"/>
  <testcase name="main_Home_Page" time="146.901" classname="Adler_TestCases_Development.News"/>
</testsuite> <!-- Adler_TestCases_Development.News -->
