<?xml version="1.0" encoding="UTF-8"?>
<!-- Generated by org.testng.reporters.JUnitReportReporter -->
<testsuite hostname="DESKTOP-N7K85DJ" name="Warranty_Test_Case_Dev.About_US" tests="2" failures="0" timestamp="17 Feb 2022 14:18:50 GMT" time="105.001" errors="0">
  <testcase name="Home_page" time="45.447" classname="Warranty_Test_Case_Dev.About_US"/>
  <testcase name="Home_page" time="59.554" classname="Warranty_Test_Case_Dev.About_US"/>
</testsuite> <!-- Warranty_Test_Case_Dev.About_US -->
