<?xml version="1.0" encoding="UTF-8"?>
<!-- Generated by org.testng.reporters.JUnitReportReporter -->
<testsuite hostname="DESKTOP-N7K85DJ" name="Casuality_Prod_TC.Home_page" tests="2" failures="0" timestamp="15 Feb 2022 17:55:12 GMT" time="204.339" errors="0">
  <testcase name="HomePage" time="88.214" classname="Casuality_Prod_TC.Home_page"/>
  <testcase name="HomePage" time="116.125" classname="Casuality_Prod_TC.Home_page"/>
</testsuite> <!-- Casuality_Prod_TC.Home_page -->
