<?xml version="1.0" encoding="UTF-8"?>
<!-- Generated by org.testng.reporters.JUnitReportReporter -->
<testsuite hostname="DESKTOP-N7K85DJ" name="Warranty_Test_Case_Prod.Partner_With_US" tests="2" failures="0" timestamp="18 Feb 2022 16:07:04 GMT" time="35.341" errors="0">
  <testcase name="partner" time="20.015" classname="Warranty_Test_Case_Prod.Partner_With_US"/>
  <testcase name="partner" time="15.326" classname="Warranty_Test_Case_Prod.Partner_With_US"/>
</testsuite> <!-- Warranty_Test_Case_Prod.Partner_With_US -->
