<?xml version="1.0" encoding="UTF-8"?>
<!-- Generated by org.testng.reporters.JUnitReportReporter -->
<testsuite hostname="DESKTOP-N7K85DJ" name="Warranty_Test_Case_Dev.About_US" tests="2" failures="0" timestamp="4 Jan 2022 11:14:57 GMT" time="102.581" errors="0">
  <testcase name="Home_page" time="42.145" classname="Warranty_Test_Case_Dev.About_US"/>
  <testcase name="Home_page" time="60.436" classname="Warranty_Test_Case_Dev.About_US"/>
</testsuite> <!-- Warranty_Test_Case_Dev.About_US -->
