<?xml version="1.0" encoding="UTF-8"?>
<!-- Generated by org.testng.reporters.JUnitReportReporter -->
<testsuite hostname="DESKTOP-N7K85DJ" name="Casuality_Dev_TC.Menu_About_US" tests="2" failures="0" timestamp="17 Feb 2022 14:18:50 GMT" time="125.688" errors="0">
  <testcase name="HomePage" time="67.384" classname="Casuality_Dev_TC.Menu_About_US"/>
  <testcase name="HomePage" time="58.304" classname="Casuality_Dev_TC.Menu_About_US"/>
</testsuite> <!-- Casuality_Dev_TC.Menu_About_US -->
