<?xml version="1.0" encoding="UTF-8"?>
<!-- Generated by org.testng.reporters.JUnitReportReporter -->
<testsuite hostname="DESKTOP-N7K85DJ" name="Casuality_Dev_TC.Menu_About_US" tests="2" failures="0" timestamp="25 Feb 2022 13:22:59 GMT" time="106.663" errors="0">
  <testcase name="HomePage" time="49.242" classname="Casuality_Dev_TC.Menu_About_US"/>
  <testcase name="HomePage" time="57.421" classname="Casuality_Dev_TC.Menu_About_US"/>
</testsuite> <!-- Casuality_Dev_TC.Menu_About_US -->
