<?xml version="1.0" encoding="UTF-8"?>
<!-- Generated by org.testng.reporters.JUnitReportReporter -->
<testsuite hostname="DESKTOP-N7K85DJ" name="Careers_Test_case_Development.Footer" tests="2" failures="0" timestamp="8 Mar 2022 10:47:11 GMT" time="185.162" errors="0">
  <testcase name="AUW_Footer" time="92.030" classname="Careers_Test_case_Development.Footer"/>
  <testcase name="AUW_Footer" time="93.132" classname="Careers_Test_case_Development.Footer"/>
</testsuite> <!-- Careers_Test_case_Development.Footer -->
