<?xml version="1.0" encoding="UTF-8"?>
<!-- Generated by org.testng.reporters.JUnitReportReporter -->
<testsuite hostname="DESKTOP-N7K85DJ" name="Warranty_Test_Case_Prod.Our_Partner" tests="12" failures="0" timestamp="26 Apr 2022 09:47:26 GMT" time="1196.278" errors="0">
  <testcase name="Partner1" time="76.816" classname="Warranty_Test_Case_Prod.Our_Partner"/>
  <testcase name="Partner3" time="78.334" classname="Warranty_Test_Case_Prod.Our_Partner"/>
  <testcase name="Partner2" time="137.079" classname="Warranty_Test_Case_Prod.Our_Partner"/>
  <testcase name="Partner5" time="76.358" classname="Warranty_Test_Case_Prod.Our_Partner"/>
  <testcase name="Partner1" time="111.932" classname="Warranty_Test_Case_Prod.Our_Partner"/>
  <testcase name="Partner6" time="78.280" classname="Warranty_Test_Case_Prod.Our_Partner"/>
  <testcase name="Partner4" time="77.936" classname="Warranty_Test_Case_Prod.Our_Partner"/>
  <testcase name="Partner2" time="76.467" classname="Warranty_Test_Case_Prod.Our_Partner"/>
  <testcase name="Partner5" time="91.453" classname="Warranty_Test_Case_Prod.Our_Partner"/>
  <testcase name="Partner4" time="136.352" classname="Warranty_Test_Case_Prod.Our_Partner"/>
  <testcase name="Partner6" time="86.605" classname="Warranty_Test_Case_Prod.Our_Partner"/>
  <testcase name="Partner3" time="168.666" classname="Warranty_Test_Case_Prod.Our_Partner"/>
</testsuite> <!-- Warranty_Test_Case_Prod.Our_Partner -->
