<?xml version="1.0" encoding="UTF-8"?>
<!-- Generated by org.testng.reporters.JUnitReportReporter -->
<testsuite hostname="DESKTOP-N7K85DJ" name="AFL_Test_Case_Prod.Footer_TC" tests="2" failures="0" timestamp="21 Feb 2022 13:14:22 GMT" time="220.502" errors="0">
  <testcase name="Footer" time="84.200" classname="AFL_Test_Case_Prod.Footer_TC"/>
  <testcase name="Footer" time="136.302" classname="AFL_Test_Case_Prod.Footer_TC"/>
</testsuite> <!-- AFL_Test_Case_Prod.Footer_TC -->
