<?xml version="1.0" encoding="UTF-8"?>
<!-- Generated by org.testng.reporters.JUnitReportReporter -->
<testsuite hostname="DESKTOP-N7K85DJ" name="Casuality_Prod_TC.Menu_About_US" tests="2" failures="0" timestamp="30 Mar 2022 06:35:29 GMT" time="141.343" errors="0">
  <testcase name="HomePage" time="55.855" classname="Casuality_Prod_TC.Menu_About_US"/>
  <testcase name="HomePage" time="85.488" classname="Casuality_Prod_TC.Menu_About_US"/>
</testsuite> <!-- Casuality_Prod_TC.Menu_About_US -->
