<?xml version="1.0" encoding="UTF-8"?>
<!-- Generated by org.testng.reporters.JUnitReportReporter -->
<testsuite hostname="DESKTOP-N7K85DJ" name="AUW_Test_case_prod.AUW_header_web_Prod" tests="2" failures="0" timestamp="2 Mar 2022 14:47:22 GMT" time="109.004" errors="0">
  <testcase name="main" time="51.602" classname="AUW_Test_case_prod.AUW_header_web_Prod"/>
  <testcase name="main" time="57.402" classname="AUW_Test_case_prod.AUW_header_web_Prod"/>
</testsuite> <!-- AUW_Test_case_prod.AUW_header_web_Prod -->
