<?xml version="1.0" encoding="UTF-8"?>
<!-- Generated by org.testng.reporters.JUnitReportReporter -->
<testsuite hostname="DESKTOP-N7K85DJ" name="Careers_Test_case_Prod.Footer" tests="10" failures="0" timestamp="14 Jan 2022 12:33:11 GMT" time="965.879" errors="0">
  <testcase name="AUW_Policy" time="126.715" classname="Careers_Test_case_Prod.Footer"/>
  <testcase name="AUW_Facebook" time="214.352" classname="Careers_Test_case_Prod.Footer"/>
  <testcase name="AUW_Instagram" time="21.743" classname="Careers_Test_case_Prod.Footer"/>
  <testcase name="AUW_Facebook" time="28.593" classname="Careers_Test_case_Prod.Footer"/>
  <testcase name="AUW_Policy" time="34.330" classname="Careers_Test_case_Prod.Footer"/>
  <testcase name="AUW_twitter" time="143.274" classname="Careers_Test_case_Prod.Footer"/>
  <testcase name="AUW_Linkedin" time="191.843" classname="Careers_Test_case_Prod.Footer"/>
  <testcase name="AUW_Instagram" time="167.725" classname="Careers_Test_case_Prod.Footer"/>
  <testcase name="AUW_Linkedin" time="18.289" classname="Careers_Test_case_Prod.Footer"/>
  <testcase name="AUW_twitter" time="19.015" classname="Careers_Test_case_Prod.Footer"/>
</testsuite> <!-- Careers_Test_case_Prod.Footer -->
