<?xml version="1.0" encoding="UTF-8"?>
<!-- Generated by org.testng.reporters.JUnitReportReporter -->
<testsuite hostname="DESKTOP-N7K85DJ" name="AUW_Test_case_prod.AUW_Experience" tests="2" failures="0" timestamp="15 Dec 2021 11:56:30 GMT" time="553.251" errors="0">
  <testcase name="main" time="280.463" classname="AUW_Test_case_prod.AUW_Experience"/>
  <testcase name="main" time="272.788" classname="AUW_Test_case_prod.AUW_Experience"/>
</testsuite> <!-- AUW_Test_case_prod.AUW_Experience -->
