<?xml version="1.0" encoding="UTF-8"?>
<!-- Generated by org.testng.reporters.JUnitReportReporter -->
<testsuite hostname="DESKTOP-N7K85DJ" name="AUW_Test_case_prod.AUW_PPP" tests="2" failures="0" timestamp="30 Dec 2021 15:02:05 GMT" time="48.604" errors="0">
  <testcase name="main" time="21.386" classname="AUW_Test_case_prod.AUW_PPP"/>
  <testcase name="main" time="27.218" classname="AUW_Test_case_prod.AUW_PPP"/>
</testsuite> <!-- AUW_Test_case_prod.AUW_PPP -->
