<?xml version="1.0" encoding="UTF-8"?>
<!-- Generated by org.testng.reporters.JUnitReportReporter -->
<testsuite hostname="DESKTOP-N7K85DJ" name="Casuality_Prod_TC.Home_page" tests="2" failures="0" timestamp="15 Mar 2022 13:05:04 GMT" time="173.644" errors="0">
  <testcase name="HomePage" time="78.778" classname="Casuality_Prod_TC.Home_page"/>
  <testcase name="HomePage" time="94.866" classname="Casuality_Prod_TC.Home_page"/>
</testsuite> <!-- Casuality_Prod_TC.Home_page -->
