<?xml version="1.0" encoding="UTF-8"?>
<!-- Generated by org.testng.reporters.JUnitReportReporter -->
<testsuite hostname="DESKTOP-N7K85DJ" name="Casuality_Dev_TC.Menu_About_US" tests="2" failures="0" timestamp="4 Apr 2022 06:52:09 GMT" time="110.725" errors="0">
  <testcase name="HomePage" time="52.827" classname="Casuality_Dev_TC.Menu_About_US"/>
  <testcase name="HomePage" time="57.898" classname="Casuality_Dev_TC.Menu_About_US"/>
</testsuite> <!-- Casuality_Dev_TC.Menu_About_US -->
