<?xml version="1.0" encoding="UTF-8"?>
<!-- Generated by org.testng.reporters.JUnitReportReporter -->
<testsuite hostname="DESKTOP-N7K85DJ" name="AUW_Test_case_prod.AUW_Experience" tests="2" failures="0" timestamp="22 Apr 2022 10:04:10 GMT" time="748.817" errors="0">
  <testcase name="main" time="347.537" classname="AUW_Test_case_prod.AUW_Experience"/>
  <testcase name="main" time="401.280" classname="AUW_Test_case_prod.AUW_Experience"/>
</testsuite> <!-- AUW_Test_case_prod.AUW_Experience -->
