<?xml version="1.0" encoding="UTF-8"?>
<!-- Generated by org.testng.reporters.JUnitReportReporter -->
<testsuite hostname="DESKTOP-N7K85DJ" name="AUW_Test_case_prod.AUW_Experience" tests="2" failures="0" timestamp="18 Jan 2022 13:48:13 GMT" time="713.019" errors="0">
  <testcase name="main" time="394.798" classname="AUW_Test_case_prod.AUW_Experience"/>
  <testcase name="main" time="318.221" classname="AUW_Test_case_prod.AUW_Experience"/>
</testsuite> <!-- AUW_Test_case_prod.AUW_Experience -->
