<?xml version="1.0" encoding="UTF-8"?>
<!-- Generated by org.testng.reporters.JUnitReportReporter -->
<testsuite hostname="DESKTOP-N7K85DJ" name="AUW_Test_case_prod.AUW_PPP" tests="2" failures="0" timestamp="18 Jan 2022 13:48:12 GMT" time="123.750" errors="0">
  <testcase name="main" time="94.605" classname="AUW_Test_case_prod.AUW_PPP"/>
  <testcase name="main" time="29.145" classname="AUW_Test_case_prod.AUW_PPP"/>
</testsuite> <!-- AUW_Test_case_prod.AUW_PPP -->
