<?xml version="1.0" encoding="UTF-8"?>
<!-- Generated by org.testng.reporters.JUnitReportReporter -->
<testsuite hostname="DESKTOP-N7K85DJ" name="AUW_Test_Case_dev.AUW_CallUpdate" tests="2" failures="0" timestamp="14 Jan 2022 10:44:33 GMT" time="284.237" errors="0">
  <testcase name="main" time="220.497" classname="AUW_Test_Case_dev.AUW_CallUpdate"/>
  <testcase name="main" time="63.740" classname="AUW_Test_Case_dev.AUW_CallUpdate"/>
</testsuite> <!-- AUW_Test_Case_dev.AUW_CallUpdate -->
