<?xml version="1.0" encoding="UTF-8"?>
<!-- Generated by org.testng.reporters.JUnitReportReporter -->
<testsuite hostname="DESKTOP-N7K85DJ" name="AUW_Test_case_prod.AUW_NJ_Update" tests="2" failures="0" timestamp="25 May 2022 13:05:44 GMT" time="161.404" errors="0">
  <testcase name="main" time="112.404" classname="AUW_Test_case_prod.AUW_NJ_Update"/>
  <testcase name="main" time="49.000" classname="AUW_Test_case_prod.AUW_NJ_Update"/>
</testsuite> <!-- AUW_Test_case_prod.AUW_NJ_Update -->
