<?xml version="1.0" encoding="UTF-8"?>
<!-- Generated by org.testng.reporters.JUnitReportReporter -->
<testsuite hostname="DESKTOP-N7K85DJ" name="Casuality_Prod_TC.Menu_Press_Room" tests="2" failures="0" timestamp="3 Mar 2022 14:31:02 GMT" time="200.009" errors="0">
  <testcase name="HomePage" time="63.948" classname="Casuality_Prod_TC.Menu_Press_Room"/>
  <testcase name="HomePage" time="136.061" classname="Casuality_Prod_TC.Menu_Press_Room"/>
</testsuite> <!-- Casuality_Prod_TC.Menu_Press_Room -->
