<?xml version="1.0" encoding="UTF-8"?>
<!-- Generated by org.testng.reporters.JUnitReportReporter -->
<testsuite hostname="DESKTOP-N7K85DJ" name="JumboGC_Test_case_prod.Side_Heading" tests="1" failures="0" timestamp="22 Dec 2021 09:39:17 GMT" time="134.513" errors="0">
  <testcase name="Header_Footer" time="134.513" classname="JumboGC_Test_case_prod.Side_Heading"/>
</testsuite> <!-- JumboGC_Test_case_prod.Side_Heading -->
