<?xml version="1.0" encoding="UTF-8"?>
<!-- Generated by org.testng.reporters.JUnitReportReporter -->
<testsuite hostname="DESKTOP-N7K85DJ" name="AFL_Test_Cases_Dev.HomePage_TC_dev" tests="2" failures="0" timestamp="16 Dec 2021 13:45:35 GMT" time="284.532" errors="0">
  <testcase name="Home_Page" time="130.040" classname="AFL_Test_Cases_Dev.HomePage_TC_dev"/>
  <testcase name="Home_Page" time="154.492" classname="AFL_Test_Cases_Dev.HomePage_TC_dev"/>
</testsuite> <!-- AFL_Test_Cases_Dev.HomePage_TC_dev -->
