<?xml version="1.0" encoding="UTF-8"?>
<!-- Generated by org.testng.reporters.JUnitReportReporter -->
<testsuite hostname="DESKTOP-N7K85DJ" name="AUW_Test_Case_dev.AUW_PPP" tests="2" failures="0" timestamp="4 Jan 2022 11:14:57 GMT" time="64.169" errors="0">
  <testcase name="main" time="39.821" classname="AUW_Test_Case_dev.AUW_PPP"/>
  <testcase name="main" time="24.348" classname="AUW_Test_Case_dev.AUW_PPP"/>
</testsuite> <!-- AUW_Test_Case_dev.AUW_PPP -->
