<?xml version="1.0" encoding="UTF-8"?>
<!-- Generated by org.testng.reporters.JUnitReportReporter -->
<testsuite hostname="DESKTOP-N7K85DJ" name="Casuality_Prod_TC.Home_page" tests="2" failures="0" timestamp="28 Feb 2022 06:59:29 GMT" time="209.875" errors="0">
  <testcase name="HomePage" time="130.327" classname="Casuality_Prod_TC.Home_page"/>
  <testcase name="HomePage" time="79.548" classname="Casuality_Prod_TC.Home_page"/>
</testsuite> <!-- Casuality_Prod_TC.Home_page -->
