<?xml version="1.0" encoding="UTF-8"?>
<!-- Generated by org.testng.reporters.JUnitReportReporter -->
<testsuite hostname="DESKTOP-N7K85DJ" name="Warranty_Test_Case_Prod.Contact_US" tests="2" failures="0" timestamp="27 Apr 2022 13:37:51 GMT" time="116.645" errors="0">
  <testcase name="ContactUS" time="53.217" classname="Warranty_Test_Case_Prod.Contact_US"/>
  <testcase name="ContactUS" time="63.428" classname="Warranty_Test_Case_Prod.Contact_US"/>
</testsuite> <!-- Warranty_Test_Case_Prod.Contact_US -->
