<?xml version="1.0" encoding="UTF-8"?>
<!-- Generated by org.testng.reporters.JUnitReportReporter -->
<testsuite hostname="DESKTOP-N7K85DJ" name="Careers_Test_case_Prod.Footer" tests="10" failures="0" timestamp="2 May 2022 07:01:07 GMT" time="335.288" errors="0">
  <testcase name="AUW_Instagram" time="26.187" classname="Careers_Test_case_Prod.Footer"/>
  <testcase name="AUW_Facebook" time="68.189" classname="Careers_Test_case_Prod.Footer"/>
  <testcase name="AUW_twitter" time="33.921" classname="Careers_Test_case_Prod.Footer"/>
  <testcase name="AUW_twitter" time="19.393" classname="Careers_Test_case_Prod.Footer"/>
  <testcase name="AUW_Linkedin" time="51.887" classname="Careers_Test_case_Prod.Footer"/>
  <testcase name="AUW_Linkedin" time="17.727" classname="Careers_Test_case_Prod.Footer"/>
  <testcase name="AUW_Facebook" time="26.095" classname="Careers_Test_case_Prod.Footer"/>
  <testcase name="AUW_Policy" time="41.826" classname="Careers_Test_case_Prod.Footer"/>
  <testcase name="AUW_Instagram" time="16.264" classname="Careers_Test_case_Prod.Footer"/>
  <testcase name="AUW_Policy" time="33.799" classname="Careers_Test_case_Prod.Footer"/>
</testsuite> <!-- Careers_Test_case_Prod.Footer -->
