<?xml version="1.0" encoding="UTF-8"?>
<!-- Generated by org.testng.reporters.JUnitReportReporter -->
<testsuite hostname="DESKTOP-N7K85DJ" name="Adler_TestCases_Prod.News" tests="2" failures="0" timestamp="9 Mar 2022 16:33:56 GMT" time="266.237" errors="0">
  <testcase name="main_Home_Page" time="136.330" classname="Adler_TestCases_Prod.News"/>
  <testcase name="main_Home_Page" time="129.907" classname="Adler_TestCases_Prod.News"/>
</testsuite> <!-- Adler_TestCases_Prod.News -->
