<?xml version="1.0" encoding="UTF-8"?>
<!-- Generated by org.testng.reporters.JUnitReportReporter -->
<testsuite hostname="DESKTOP-N7K85DJ" name="Careers_Test_case_Prod.Footer" tests="10" failures="0" timestamp="15 Feb 2022 15:16:06 GMT" time="403.039" errors="0">
  <testcase name="AUW_Policy" time="37.508" classname="Careers_Test_case_Prod.Footer"/>
  <testcase name="AUW_Instagram" time="41.740" classname="Careers_Test_case_Prod.Footer"/>
  <testcase name="AUW_twitter" time="20.702" classname="Careers_Test_case_Prod.Footer"/>
  <testcase name="AUW_Policy" time="68.149" classname="Careers_Test_case_Prod.Footer"/>
  <testcase name="AUW_twitter" time="59.165" classname="Careers_Test_case_Prod.Footer"/>
  <testcase name="AUW_Linkedin" time="20.524" classname="Careers_Test_case_Prod.Footer"/>
  <testcase name="AUW_Facebook" time="57.626" classname="Careers_Test_case_Prod.Footer"/>
  <testcase name="AUW_Linkedin" time="46.440" classname="Careers_Test_case_Prod.Footer"/>
  <testcase name="AUW_Facebook" time="28.957" classname="Careers_Test_case_Prod.Footer"/>
  <testcase name="AUW_Instagram" time="22.228" classname="Careers_Test_case_Prod.Footer"/>
</testsuite> <!-- Careers_Test_case_Prod.Footer -->
