<?xml version="1.0" encoding="UTF-8"?>
<!-- Generated by org.testng.reporters.JUnitReportReporter -->
<testsuite hostname="DESKTOP-N7K85DJ" name="AUW_Test_Case_dev.AUW_PPP" tests="2" failures="0" timestamp="12 Jan 2022 10:17:31 GMT" time="67.480" errors="0">
  <testcase name="main" time="34.449" classname="AUW_Test_Case_dev.AUW_PPP"/>
  <testcase name="main" time="33.031" classname="AUW_Test_Case_dev.AUW_PPP"/>
</testsuite> <!-- AUW_Test_Case_dev.AUW_PPP -->
