<?xml version="1.0" encoding="UTF-8"?>
<!-- Generated by org.testng.reporters.JUnitReportReporter -->
<testsuite hostname="DESKTOP-N7K85DJ" name="AUW_Test_case_prod.AUW_Intelligence_TC" tests="2" failures="0" timestamp="15 Dec 2021 11:56:30 GMT" time="169.919" errors="0">
  <testcase name="main" time="87.932" classname="AUW_Test_case_prod.AUW_Intelligence_TC"/>
  <testcase name="main" time="81.987" classname="AUW_Test_case_prod.AUW_Intelligence_TC"/>
</testsuite> <!-- AUW_Test_case_prod.AUW_Intelligence_TC -->
