<?xml version="1.0" encoding="UTF-8"?>
<!-- Generated by org.testng.reporters.JUnitReportReporter -->
<testsuite hostname="DESKTOP-N7K85DJ" name="AUW_Test_case_prod.AUW_PPP" tests="2" failures="0" timestamp="25 Jan 2022 14:00:35 GMT" time="94.343" errors="0">
  <testcase name="main" time="27.397" classname="AUW_Test_case_prod.AUW_PPP"/>
  <testcase name="main" time="66.946" classname="AUW_Test_case_prod.AUW_PPP"/>
</testsuite> <!-- AUW_Test_case_prod.AUW_PPP -->
