<?xml version="1.0" encoding="UTF-8"?>
<!-- Generated by org.testng.reporters.JUnitReportReporter -->
<testsuite hostname="DESKTOP-N7K85DJ" name="AUW_Test_Case_dev.AUW_Intelligence_TC" tests="2" failures="0" timestamp="23 Dec 2021 12:43:52 GMT" time="213.888" errors="0">
  <testcase name="main" time="108.949" classname="AUW_Test_Case_dev.AUW_Intelligence_TC"/>
  <testcase name="main" time="104.939" classname="AUW_Test_Case_dev.AUW_Intelligence_TC"/>
</testsuite> <!-- AUW_Test_Case_dev.AUW_Intelligence_TC -->
