<?xml version="1.0" encoding="UTF-8"?>
<!-- Generated by org.testng.reporters.JUnitReportReporter -->
<testsuite hostname="DESKTOP-N7K85DJ" name="Solution_one_Prod.Footer_Production" tests="2" failures="0" timestamp="27 Apr 2022 11:15:08 GMT" time="173.794" errors="0">
  <testcase name="Footer" time="61.006" classname="Solution_one_Prod.Footer_Production"/>
  <testcase name="Footer" time="112.788" classname="Solution_one_Prod.Footer_Production"/>
</testsuite> <!-- Solution_one_Prod.Footer_Production -->
