<?xml version="1.0" encoding="UTF-8"?>
<!-- Generated by org.testng.reporters.JUnitReportReporter -->
<testsuite hostname="DESKTOP-N7K85DJ" name="AUW_Test_case_prod.AUW_AboutUS" tests="2" failures="0" timestamp="17 Mar 2022 13:12:13 GMT" time="214.321" errors="0">
  <testcase name="AboutUS" time="141.390" classname="AUW_Test_case_prod.AUW_AboutUS"/>
  <testcase name="AboutUS" time="72.931" classname="AUW_Test_case_prod.AUW_AboutUS"/>
</testsuite> <!-- AUW_Test_case_prod.AUW_AboutUS -->
