<?xml version="1.0" encoding="UTF-8"?>
<!-- Generated by org.testng.reporters.JUnitReportReporter -->
<testsuite hostname="DESKTOP-N7K85DJ" name="AFL_Test_Case_Prod.HomePage_TC" tests="2" failures="0" timestamp="16 Feb 2022 12:49:52 GMT" time="235.219" errors="0">
  <testcase name="Home_Page" time="121.344" classname="AFL_Test_Case_Prod.HomePage_TC"/>
  <testcase name="Home_Page" time="113.875" classname="AFL_Test_Case_Prod.HomePage_TC"/>
</testsuite> <!-- AFL_Test_Case_Prod.HomePage_TC -->
