<?xml version="1.0" encoding="UTF-8"?>
<!-- Generated by org.testng.reporters.JUnitReportReporter -->
<testsuite hostname="DESKTOP-N7K85DJ" name="Warranty_Test_Case_Dev.About_US" tests="2" failures="0" timestamp="24 Jan 2022 11:23:12 GMT" time="128.819" errors="0">
  <testcase name="Home_page" time="70.034" classname="Warranty_Test_Case_Dev.About_US"/>
  <testcase name="Home_page" time="58.785" classname="Warranty_Test_Case_Dev.About_US"/>
</testsuite> <!-- Warranty_Test_Case_Dev.About_US -->
