<?xml version="1.0" encoding="UTF-8"?>
<!-- Generated by org.testng.reporters.JUnitReportReporter -->
<testsuite hostname="DESKTOP-N7K85DJ" name="AUW_Test_Case_dev.AUW_NJ_Update" tests="2" failures="0" timestamp="28 Feb 2022 07:58:39 GMT" time="161.111" errors="0">
  <testcase name="main" time="104.689" classname="AUW_Test_Case_dev.AUW_NJ_Update"/>
  <testcase name="main" time="56.422" classname="AUW_Test_Case_dev.AUW_NJ_Update"/>
</testsuite> <!-- AUW_Test_Case_dev.AUW_NJ_Update -->
