<?xml version="1.0" encoding="UTF-8"?>
<!-- Generated by org.testng.reporters.JUnitReportReporter -->
<testsuite hostname="DESKTOP-N7K85DJ" name="Adler_TestCases_Prod.Home" tests="2" failures="0" timestamp="21 Feb 2022 13:14:22 GMT" time="133.285" errors="0">
  <testcase name="main_Home_Page" time="96.586" classname="Adler_TestCases_Prod.Home"/>
  <testcase name="main_Home_Page" time="36.699" classname="Adler_TestCases_Prod.Home"/>
</testsuite> <!-- Adler_TestCases_Prod.Home -->
