<?xml version="1.0" encoding="UTF-8"?>
<!-- Generated by org.testng.reporters.JUnitReportReporter -->
<testsuite hostname="DESKTOP-N7K85DJ" name="AFL_Test_Cases_Dev.Footer_TC_dev" tests="2" failures="0" timestamp="14 Jan 2022 10:44:32 GMT" time="236.859" errors="0">
  <testcase name="Footer" time="124.287" classname="AFL_Test_Cases_Dev.Footer_TC_dev"/>
  <testcase name="Footer" time="112.572" classname="AFL_Test_Cases_Dev.Footer_TC_dev"/>
</testsuite> <!-- AFL_Test_Cases_Dev.Footer_TC_dev -->
