<?xml version="1.0" encoding="UTF-8"?>
<!-- Generated by org.testng.reporters.JUnitReportReporter -->
<testsuite hostname="DESKTOP-N7K85DJ" name="Credit_Global_Test_Cases_Prod.Forgot_Password" tests="2" failures="0" timestamp="23 Mar 2022 12:03:17 GMT" time="46.956" errors="0">
  <testcase name="HomePage_Header_login" time="25.649" classname="Credit_Global_Test_Cases_Prod.Forgot_Password"/>
  <testcase name="HomePage_Header_login" time="21.307" classname="Credit_Global_Test_Cases_Prod.Forgot_Password"/>
</testsuite> <!-- Credit_Global_Test_Cases_Prod.Forgot_Password -->
