<?xml version="1.0" encoding="UTF-8"?>
<!-- Generated by org.testng.reporters.JUnitReportReporter -->
<testsuite hostname="DESKTOP-N7K85DJ" name="MTL_Test_Cases_Prod.Home_URL" tests="2" failures="0" timestamp="22 Mar 2022 09:50:23 GMT" time="174.785" errors="0">
  <testcase name="Footer" time="49.032" classname="MTL_Test_Cases_Prod.Home_URL"/>
  <testcase name="Footer" time="125.753" classname="MTL_Test_Cases_Prod.Home_URL"/>
</testsuite> <!-- MTL_Test_Cases_Prod.Home_URL -->
