<?xml version="1.0" encoding="UTF-8"?>
<!-- Generated by org.testng.reporters.JUnitReportReporter -->
<testsuite hostname="DESKTOP-N7K85DJ" name="Promesa_Test_Case_Development.Footer" tests="2" failures="0" timestamp="28 Feb 2022 07:58:39 GMT" time="188.772" errors="0">
  <testcase name="Footer" time="89.200" classname="Promesa_Test_Case_Development.Footer"/>
  <testcase name="Footer" time="99.572" classname="Promesa_Test_Case_Development.Footer"/>
</testsuite> <!-- Promesa_Test_Case_Development.Footer -->
