<?xml version="1.0" encoding="UTF-8"?>
<!-- Generated by org.testng.reporters.JUnitReportReporter -->
<testsuite hostname="DESKTOP-N7K85DJ" name="Warranty_Test_Case_Prod.Contact_US" tests="2" failures="0" timestamp="3 Mar 2022 14:31:02 GMT" time="145.177" errors="0">
  <testcase name="ContactUS" time="96.097" classname="Warranty_Test_Case_Prod.Contact_US"/>
  <testcase name="ContactUS" time="49.080" classname="Warranty_Test_Case_Prod.Contact_US"/>
</testsuite> <!-- Warranty_Test_Case_Prod.Contact_US -->
