<?xml version="1.0" encoding="UTF-8"?>
<!-- Generated by org.testng.reporters.JUnitReportReporter -->
<testsuite hostname="DESKTOP-N7K85DJ" name="AUW_Test_case_prod.AUW_CallUpdate" tests="2" failures="0" timestamp="1 Apr 2022 10:47:35 GMT" time="160.387" errors="0">
  <testcase name="main" time="109.686" classname="AUW_Test_case_prod.AUW_CallUpdate"/>
  <testcase name="main" time="50.701" classname="AUW_Test_case_prod.AUW_CallUpdate"/>
</testsuite> <!-- AUW_Test_case_prod.AUW_CallUpdate -->
