<?xml version="1.0" encoding="UTF-8"?>
<!-- Generated by org.testng.reporters.JUnitReportReporter -->
<testsuite hostname="DESKTOP-N7K85DJ" name="Promesa_Test_Case_Development.Change_language" tests="2" failures="0" timestamp="15 Dec 2021 09:54:42 GMT" time="20.663" errors="0">
  <testcase name="Change_Language" time="13.213" classname="Promesa_Test_Case_Development.Change_language"/>
  <testcase name="Change_Language" time="7.450" classname="Promesa_Test_Case_Development.Change_language"/>
</testsuite> <!-- Promesa_Test_Case_Development.Change_language -->
