<?xml version="1.0" encoding="UTF-8"?>
<!-- Generated by org.testng.reporters.JUnitReportReporter -->
<testsuite hostname="DESKTOP-N7K85DJ" name="Credit_Global_Test_Cases_Prod.Home_TC" tests="8" failures="0" timestamp="12 Jan 2022 15:20:27 GMT" time="457.270" errors="0">
  <testcase name="HomePage_Header_login" time="30.128" classname="Credit_Global_Test_Cases_Prod.Home_TC"/>
  <testcase name="HomePage_Header_What_weDo" time="26.388" classname="Credit_Global_Test_Cases_Prod.Home_TC"/>
  <testcase name="HomePage_Header_Our_approach" time="30.856" classname="Credit_Global_Test_Cases_Prod.Home_TC"/>
  <testcase name="HomePage_Header_ContactUS_btn" time="105.541" classname="Credit_Global_Test_Cases_Prod.Home_TC"/>
  <testcase name="HomePage_Header_What_weDo" time="64.722" classname="Credit_Global_Test_Cases_Prod.Home_TC"/>
  <testcase name="HomePage_Header_Our_approach" time="100.190" classname="Credit_Global_Test_Cases_Prod.Home_TC"/>
  <testcase name="HomePage_Header_login" time="70.746" classname="Credit_Global_Test_Cases_Prod.Home_TC"/>
  <testcase name="HomePage_Header_ContactUS_btn" time="28.699" classname="Credit_Global_Test_Cases_Prod.Home_TC"/>
</testsuite> <!-- Credit_Global_Test_Cases_Prod.Home_TC -->
