<?xml version="1.0" encoding="UTF-8"?>
<!-- Generated by org.testng.reporters.JUnitReportReporter -->
<testsuite hostname="DESKTOP-N7K85DJ" name="Tradewel_Test_Cases_Development.About_US" tests="2" failures="0" timestamp="22 Dec 2021 14:58:11 GMT" time="93.500" errors="0">
  <testcase name="main_Home_Page" time="49.653" classname="Tradewel_Test_Cases_Development.About_US"/>
  <testcase name="main_Home_Page" time="43.847" classname="Tradewel_Test_Cases_Development.About_US"/>
</testsuite> <!-- Tradewel_Test_Cases_Development.About_US -->
