<?xml version="1.0" encoding="UTF-8"?>
<!-- Generated by org.testng.reporters.JUnitReportReporter -->
<testsuite hostname="DESKTOP-N7K85DJ" name="AFL_Test_Case_Prod.HomePage_TC" tests="2" failures="0" timestamp="3 Mar 2022 14:31:02 GMT" time="330.618" errors="0">
  <testcase name="Home_Page" time="209.930" classname="AFL_Test_Case_Prod.HomePage_TC"/>
  <testcase name="Home_Page" time="120.688" classname="AFL_Test_Case_Prod.HomePage_TC"/>
</testsuite> <!-- AFL_Test_Case_Prod.HomePage_TC -->
