<?xml version="1.0" encoding="UTF-8"?>
<!-- Generated by org.testng.reporters.JUnitReportReporter -->
<testsuite hostname="DESKTOP-N7K85DJ" name="AUW_Test_case_prod.AUW_AboutUS" tests="2" failures="0" timestamp="16 Mar 2022 12:48:23 GMT" time="243.023" errors="0">
  <testcase name="AboutUS" time="76.144" classname="AUW_Test_case_prod.AUW_AboutUS"/>
  <testcase name="AboutUS" time="166.879" classname="AUW_Test_case_prod.AUW_AboutUS"/>
</testsuite> <!-- AUW_Test_case_prod.AUW_AboutUS -->
