<?xml version="1.0" encoding="UTF-8"?>
<!-- Generated by org.testng.reporters.JUnitReportReporter -->
<testsuite hostname="DESKTOP-N7K85DJ" name="AUW_Test_Case_dev.AUW_CallUpdate" tests="2" failures="0" timestamp="4 Jan 2022 11:14:57 GMT" time="118.525" errors="0">
  <testcase name="main" time="55.082" classname="AUW_Test_Case_dev.AUW_CallUpdate"/>
  <testcase name="main" time="63.443" classname="AUW_Test_Case_dev.AUW_CallUpdate"/>
</testsuite> <!-- AUW_Test_Case_dev.AUW_CallUpdate -->
