<?xml version="1.0" encoding="UTF-8"?>
<!-- Generated by org.testng.reporters.JUnitReportReporter -->
<testsuite hostname="DESKTOP-N7K85DJ" name="Adler_TestCases_Prod.Home" tests="2" failures="0" timestamp="7 Feb 2022 13:48:18 GMT" time="71.288" errors="0">
  <testcase name="main_Home_Page" time="32.968" classname="Adler_TestCases_Prod.Home"/>
  <testcase name="main_Home_Page" time="38.320" classname="Adler_TestCases_Prod.Home"/>
</testsuite> <!-- Adler_TestCases_Prod.Home -->
