<?xml version="1.0" encoding="UTF-8"?>
<!-- Generated by org.testng.reporters.JUnitReportReporter -->
<testsuite hostname="DESKTOP-N7K85DJ" name="Casuality_Prod_TC.Menu_Press_Room" tests="2" failures="0" timestamp="22 Mar 2022 11:03:07 GMT" time="143.802" errors="0">
  <testcase name="HomePage" time="65.689" classname="Casuality_Prod_TC.Menu_Press_Room"/>
  <testcase name="HomePage" time="78.113" classname="Casuality_Prod_TC.Menu_Press_Room"/>
</testsuite> <!-- Casuality_Prod_TC.Menu_Press_Room -->
