<?xml version="1.0" encoding="UTF-8"?>
<!-- Generated by org.testng.reporters.JUnitReportReporter -->
<testsuite hostname="DESKTOP-N7K85DJ" name="AFL_Test_Cases_Dev.What_We_offer_OutSideUs_dev" tests="2" failures="0" timestamp="16 Dec 2021 13:45:35 GMT" time="553.898" errors="0">
  <testcase name="Footer" time="280.174" classname="AFL_Test_Cases_Dev.What_We_offer_OutSideUs_dev"/>
  <testcase name="Footer" time="273.724" classname="AFL_Test_Cases_Dev.What_We_offer_OutSideUs_dev"/>
</testsuite> <!-- AFL_Test_Cases_Dev.What_We_offer_OutSideUs_dev -->
