<?xml version="1.0" encoding="UTF-8"?>
<!-- Generated by org.testng.reporters.JUnitReportReporter -->
<testsuite hostname="DESKTOP-N7K85DJ" name="Adler_TestCases_Prod.News" tests="2" failures="0" timestamp="18 Jan 2022 13:48:12 GMT" time="361.742" errors="0">
  <testcase name="main_Home_Page" time="149.080" classname="Adler_TestCases_Prod.News"/>
  <testcase name="main_Home_Page" time="212.662" classname="Adler_TestCases_Prod.News"/>
</testsuite> <!-- Adler_TestCases_Prod.News -->
