<?xml version="1.0" encoding="UTF-8"?>
<!-- Generated by org.testng.reporters.JUnitReportReporter -->
<testsuite hostname="DESKTOP-N7K85DJ" name="Warranty_Test_Case_Prod.Our_Partner" tests="12" failures="0" timestamp="22 Apr 2022 10:04:10 GMT" time="1113.303" errors="0">
  <testcase name="Partner6" time="79.976" classname="Warranty_Test_Case_Prod.Our_Partner"/>
  <testcase name="Partner6" time="78.337" classname="Warranty_Test_Case_Prod.Our_Partner"/>
  <testcase name="Partner3" time="75.024" classname="Warranty_Test_Case_Prod.Our_Partner"/>
  <testcase name="Partner1" time="110.937" classname="Warranty_Test_Case_Prod.Our_Partner"/>
  <testcase name="Partner3" time="110.455" classname="Warranty_Test_Case_Prod.Our_Partner"/>
  <testcase name="Partner2" time="74.097" classname="Warranty_Test_Case_Prod.Our_Partner"/>
  <testcase name="Partner4" time="76.191" classname="Warranty_Test_Case_Prod.Our_Partner"/>
  <testcase name="Partner2" time="139.490" classname="Warranty_Test_Case_Prod.Our_Partner"/>
  <testcase name="Partner5" time="74.896" classname="Warranty_Test_Case_Prod.Our_Partner"/>
  <testcase name="Partner4" time="134.418" classname="Warranty_Test_Case_Prod.Our_Partner"/>
  <testcase name="Partner5" time="84.545" classname="Warranty_Test_Case_Prod.Our_Partner"/>
  <testcase name="Partner1" time="74.937" classname="Warranty_Test_Case_Prod.Our_Partner"/>
</testsuite> <!-- Warranty_Test_Case_Prod.Our_Partner -->
