<?xml version="1.0" encoding="UTF-8"?>
<!-- Generated by org.testng.reporters.JUnitReportReporter -->
<testsuite hostname="DESKTOP-N7K85DJ" name="Adler_TestCases_Prod.News" tests="2" failures="0" timestamp="4 Jan 2022 15:10:58 GMT" time="323.605" errors="0">
  <testcase name="main_Home_Page" time="176.537" classname="Adler_TestCases_Prod.News"/>
  <testcase name="main_Home_Page" time="147.068" classname="Adler_TestCases_Prod.News"/>
</testsuite> <!-- Adler_TestCases_Prod.News -->
