<?xml version="1.0" encoding="UTF-8"?>
<!-- Generated by org.testng.reporters.JUnitReportReporter -->
<testsuite hostname="DESKTOP-N7K85DJ" name="AFL_Test_Case_Prod.Footer_TC" tests="2" failures="0" timestamp="27 Jan 2022 13:33:16 GMT" time="172.749" errors="0">
  <testcase name="Footer" time="88.771" classname="AFL_Test_Case_Prod.Footer_TC"/>
  <testcase name="Footer" time="83.978" classname="AFL_Test_Case_Prod.Footer_TC"/>
</testsuite> <!-- AFL_Test_Case_Prod.Footer_TC -->
