<?xml version="1.0" encoding="UTF-8"?>
<!-- Generated by org.testng.reporters.JUnitReportReporter -->
<testsuite hostname="DESKTOP-N7K85DJ" name="Casuality_Prod_TC.Menu_Contact_Us" tests="2" failures="0" timestamp="21 Mar 2022 16:42:58 GMT" time="85.607" errors="0">
  <testcase name="HomePage" time="30.849" classname="Casuality_Prod_TC.Menu_Contact_Us"/>
  <testcase name="HomePage" time="54.758" classname="Casuality_Prod_TC.Menu_Contact_Us"/>
</testsuite> <!-- Casuality_Prod_TC.Menu_Contact_Us -->
