<?xml version="1.0" encoding="UTF-8"?>
<!-- Generated by org.testng.reporters.JUnitReportReporter -->
<testsuite hostname="DESKTOP-N7K85DJ" name="AUW_Test_case_prod.AUW_AboutUS" tests="2" failures="0" timestamp="17 Feb 2022 12:40:42 GMT" time="301.985" errors="0">
  <testcase name="AboutUS" time="217.677" classname="AUW_Test_case_prod.AUW_AboutUS"/>
  <testcase name="AboutUS" time="84.308" classname="AUW_Test_case_prod.AUW_AboutUS"/>
</testsuite> <!-- AUW_Test_case_prod.AUW_AboutUS -->
