<?xml version="1.0" encoding="UTF-8"?>
<!-- Generated by org.testng.reporters.JUnitReportReporter -->
<testsuite hostname="DESKTOP-N7K85DJ" name="Warranty_Test_Case_Prod.Contact_US" tests="2" failures="0" timestamp="11 Feb 2022 12:38:07 GMT" time="151.084" errors="0">
  <testcase name="ContactUS" time="56.575" classname="Warranty_Test_Case_Prod.Contact_US"/>
  <testcase name="ContactUS" time="94.509" classname="Warranty_Test_Case_Prod.Contact_US"/>
</testsuite> <!-- Warranty_Test_Case_Prod.Contact_US -->
