<?xml version="1.0" encoding="UTF-8"?>
<!-- Generated by org.testng.reporters.JUnitReportReporter -->
<testsuite hostname="DESKTOP-N7K85DJ" name="AUW_Test_case_prod.AUW_Intelligence_TC" tests="2" failures="0" timestamp="9 Mar 2022 16:19:07 GMT" time="185.105" errors="0">
  <testcase name="main" time="87.770" classname="AUW_Test_case_prod.AUW_Intelligence_TC"/>
  <testcase name="main" time="97.335" classname="AUW_Test_case_prod.AUW_Intelligence_TC"/>
</testsuite> <!-- AUW_Test_case_prod.AUW_Intelligence_TC -->
