<?xml version="1.0" encoding="UTF-8"?>
<!-- Generated by org.testng.reporters.JUnitReportReporter -->
<testsuite hostname="DESKTOP-N7K85DJ" name="Warranty_Test_Case_Prod.Our_Partner" tests="12" failures="0" timestamp="27 Apr 2022 13:37:51 GMT" time="971.951" errors="0">
  <testcase name="Partner1" time="76.314" classname="Warranty_Test_Case_Prod.Our_Partner"/>
  <testcase name="Partner3" time="83.424" classname="Warranty_Test_Case_Prod.Our_Partner"/>
  <testcase name="Partner2" time="87.400" classname="Warranty_Test_Case_Prod.Our_Partner"/>
  <testcase name="Partner4" time="76.656" classname="Warranty_Test_Case_Prod.Our_Partner"/>
  <testcase name="Partner1" time="83.206" classname="Warranty_Test_Case_Prod.Our_Partner"/>
  <testcase name="Partner6" time="78.147" classname="Warranty_Test_Case_Prod.Our_Partner"/>
  <testcase name="Partner5" time="77.890" classname="Warranty_Test_Case_Prod.Our_Partner"/>
  <testcase name="Partner4" time="84.725" classname="Warranty_Test_Case_Prod.Our_Partner"/>
  <testcase name="Partner2" time="75.544" classname="Warranty_Test_Case_Prod.Our_Partner"/>
  <testcase name="Partner6" time="88.677" classname="Warranty_Test_Case_Prod.Our_Partner"/>
  <testcase name="Partner3" time="76.479" classname="Warranty_Test_Case_Prod.Our_Partner"/>
  <testcase name="Partner5" time="83.489" classname="Warranty_Test_Case_Prod.Our_Partner"/>
</testsuite> <!-- Warranty_Test_Case_Prod.Our_Partner -->
