<?xml version="1.0" encoding="UTF-8"?>
<!-- Generated by org.testng.reporters.JUnitReportReporter -->
<testsuite hostname="DESKTOP-N7K85DJ" name="AUW_Test_case_prod.AUW_Experience" tests="2" failures="0" timestamp="27 Apr 2022 11:15:08 GMT" time="771.858" errors="0">
  <testcase name="main" time="430.380" classname="AUW_Test_case_prod.AUW_Experience"/>
  <testcase name="main" time="341.478" classname="AUW_Test_case_prod.AUW_Experience"/>
</testsuite> <!-- AUW_Test_case_prod.AUW_Experience -->
