<?xml version="1.0" encoding="UTF-8"?>
<!-- Generated by org.testng.reporters.JUnitReportReporter -->
<testsuite hostname="DESKTOP-N7K85DJ" name="Warranty_Test_Case_Prod.Contact_US" tests="1" failures="0" timestamp="10 May 2022 12:39:13 GMT" time="59.723" errors="0">
  <testcase name="ContactUS" time="59.723" classname="Warranty_Test_Case_Prod.Contact_US"/>
</testsuite> <!-- Warranty_Test_Case_Prod.Contact_US -->
