<?xml version="1.0" encoding="UTF-8"?>
<!-- Generated by org.testng.reporters.JUnitReportReporter -->
<testsuite hostname="DESKTOP-N7K85DJ" name="AUW_Test_case_prod.AUW_AboutUS" tests="2" failures="0" timestamp="23 Mar 2022 12:03:18 GMT" time="173.786" errors="0">
  <testcase name="AboutUS" time="94.790" classname="AUW_Test_case_prod.AUW_AboutUS"/>
  <testcase name="AboutUS" time="78.996" classname="AUW_Test_case_prod.AUW_AboutUS"/>
</testsuite> <!-- AUW_Test_case_prod.AUW_AboutUS -->
