<?xml version="1.0" encoding="UTF-8"?>
<!-- Generated by org.testng.reporters.JUnitReportReporter -->
<testsuite hostname="DESKTOP-N7K85DJ" name="AUW_Test_case_prod.AUW_CallUpdate" tests="2" failures="0" timestamp="9 Mar 2022 16:19:07 GMT" time="162.967" errors="0">
  <testcase name="main" time="115.183" classname="AUW_Test_case_prod.AUW_CallUpdate"/>
  <testcase name="main" time="47.784" classname="AUW_Test_case_prod.AUW_CallUpdate"/>
</testsuite> <!-- AUW_Test_case_prod.AUW_CallUpdate -->
