<?xml version="1.0" encoding="UTF-8"?>
<!-- Generated by org.testng.reporters.JUnitReportReporter -->
<testsuite hostname="DESKTOP-N7K85DJ" name="AUW_Test_case_prod.AUW_PPP" tests="2" failures="0" timestamp="16 Mar 2022 12:48:23 GMT" time="96.693" errors="0">
  <testcase name="main" time="26.512" classname="AUW_Test_case_prod.AUW_PPP"/>
  <testcase name="main" time="70.181" classname="AUW_Test_case_prod.AUW_PPP"/>
</testsuite> <!-- AUW_Test_case_prod.AUW_PPP -->
