<?xml version="1.0" encoding="UTF-8"?>
<!-- Generated by org.testng.reporters.JUnitReportReporter -->
<testsuite hostname="DESKTOP-N7K85DJ" name="Warranty_Test_Case_Dev.About_US" tests="2" failures="0" timestamp="5 Jan 2022 12:51:26 GMT" time="119.032" errors="0">
  <testcase name="Home_page" time="67.813" classname="Warranty_Test_Case_Dev.About_US"/>
  <testcase name="Home_page" time="51.219" classname="Warranty_Test_Case_Dev.About_US"/>
</testsuite> <!-- Warranty_Test_Case_Dev.About_US -->
