<?xml version="1.0" encoding="UTF-8"?>
<!-- Generated by org.testng.reporters.JUnitReportReporter -->
<testsuite hostname="DESKTOP-N7K85DJ" name="MTL_Test_Cases_Prod.Home_URL" tests="2" failures="0" timestamp="24 Feb 2022 14:29:27 GMT" time="105.766" errors="0">
  <testcase name="Footer" time="49.415" classname="MTL_Test_Cases_Prod.Home_URL"/>
  <testcase name="Footer" time="56.351" classname="MTL_Test_Cases_Prod.Home_URL"/>
</testsuite> <!-- MTL_Test_Cases_Prod.Home_URL -->
