<?xml version="1.0" encoding="UTF-8"?>
<!-- Generated by org.testng.reporters.JUnitReportReporter -->
<testsuite hostname="DESKTOP-N7K85DJ" name="Tradewel_Test_Cases_Development.About_US" tests="2" failures="0" timestamp="28 Dec 2021 09:27:57 GMT" time="83.574" errors="0">
  <testcase name="main_Home_Page" time="42.733" classname="Tradewel_Test_Cases_Development.About_US"/>
  <testcase name="main_Home_Page" time="40.841" classname="Tradewel_Test_Cases_Development.About_US"/>
</testsuite> <!-- Tradewel_Test_Cases_Development.About_US -->
