<?xml version="1.0" encoding="UTF-8"?>
<!-- Generated by org.testng.reporters.JUnitReportReporter -->
<testsuite hostname="DESKTOP-N7K85DJ" name="AUW_Test_case_prod.AUW_Intelligence_TC" tests="2" failures="0" timestamp="31 Mar 2022 09:38:46 GMT" time="220.583" errors="0">
  <testcase name="main" time="91.944" classname="AUW_Test_case_prod.AUW_Intelligence_TC"/>
  <testcase name="main" time="128.639" classname="AUW_Test_case_prod.AUW_Intelligence_TC"/>
</testsuite> <!-- AUW_Test_case_prod.AUW_Intelligence_TC -->
