<?xml version="1.0" encoding="UTF-8"?>
<!-- Generated by org.testng.reporters.JUnitReportReporter -->
<testsuite hostname="DESKTOP-N7K85DJ" name="MTL_Test_Cases_Prod.More_offers_TC" tests="2" failures="0" timestamp="25 May 2022 13:05:44 GMT" time="98.755" errors="0">
  <testcase name="More_offers" time="47.446" classname="MTL_Test_Cases_Prod.More_offers_TC"/>
  <testcase name="More_offers" time="51.309" classname="MTL_Test_Cases_Prod.More_offers_TC"/>
</testsuite> <!-- MTL_Test_Cases_Prod.More_offers_TC -->
