<?xml version="1.0" encoding="UTF-8"?>
<!-- Generated by org.testng.reporters.JUnitReportReporter -->
<testsuite hostname="DESKTOP-N7K85DJ" name="AUW_Test_case_prod.AUW_NJ_Update" tests="2" failures="0" timestamp="23 May 2022 09:46:44 GMT" time="156.230" errors="0">
  <testcase name="main" time="50.564" classname="AUW_Test_case_prod.AUW_NJ_Update"/>
  <testcase name="main" time="105.666" classname="AUW_Test_case_prod.AUW_NJ_Update"/>
</testsuite> <!-- AUW_Test_case_prod.AUW_NJ_Update -->
