<?xml version="1.0" encoding="UTF-8"?>
<!-- Generated by org.testng.reporters.JUnitReportReporter -->
<testsuite hostname="DESKTOP-N7K85DJ" name="AUW_Test_Case_dev.AUW_header_web_Development" tests="2" failures="0" timestamp="9 Dec 2021 11:12:25 GMT" time="99.606" errors="0">
  <testcase name="main" time="43.595" classname="AUW_Test_Case_dev.AUW_header_web_Development"/>
  <testcase name="main" time="56.011" classname="AUW_Test_Case_dev.AUW_header_web_Development"/>
</testsuite> <!-- AUW_Test_Case_dev.AUW_header_web_Development -->
