<?xml version="1.0" encoding="UTF-8"?>
<!-- Generated by org.testng.reporters.JUnitReportReporter -->
<testsuite hostname="DESKTOP-N7K85DJ" name="Adler_TestCases_Prod.News" tests="2" failures="0" timestamp="2 Mar 2022 14:47:22 GMT" time="284.308" errors="0">
  <testcase name="main_Home_Page" time="134.113" classname="Adler_TestCases_Prod.News"/>
  <testcase name="main_Home_Page" time="150.195" classname="Adler_TestCases_Prod.News"/>
</testsuite> <!-- Adler_TestCases_Prod.News -->
