<?xml version="1.0" encoding="UTF-8"?>
<!-- Generated by org.testng.reporters.JUnitReportReporter -->
<testsuite hostname="DESKTOP-N7K85DJ" name="AUW_Test_Case_dev.AUW_PPP" tests="2" failures="0" timestamp="18 Jan 2022 10:21:18 GMT" time="87.152" errors="0">
  <testcase name="main" time="32.022" classname="AUW_Test_Case_dev.AUW_PPP"/>
  <testcase name="main" time="55.130" classname="AUW_Test_Case_dev.AUW_PPP"/>
</testsuite> <!-- AUW_Test_Case_dev.AUW_PPP -->
