<?xml version="1.0" encoding="UTF-8"?>
<!-- Generated by org.testng.reporters.JUnitReportReporter -->
<testsuite hostname="DESKTOP-N7K85DJ" name="Solution_one_Prod.Footer_Production" tests="2" failures="0" timestamp="15 Dec 2021 11:56:30 GMT" time="111.369" errors="0">
  <testcase name="Footer" time="57.026" classname="Solution_one_Prod.Footer_Production"/>
  <testcase name="Footer" time="54.343" classname="Solution_one_Prod.Footer_Production"/>
</testsuite> <!-- Solution_one_Prod.Footer_Production -->
