<?xml version="1.0" encoding="UTF-8"?>
<!-- Generated by org.testng.reporters.JUnitReportReporter -->
<testsuite hostname="DESKTOP-N7K85DJ" name="AUW_Global_Test_Cases_Development.Home_Page_TC" tests="2" failures="0" timestamp="22 Dec 2021 14:58:11 GMT" time="60.920" errors="0">
  <testcase name="HomePage" time="26.812" classname="AUW_Global_Test_Cases_Development.Home_Page_TC"/>
  <testcase name="HomePage" time="34.108" classname="AUW_Global_Test_Cases_Development.Home_Page_TC"/>
</testsuite> <!-- AUW_Global_Test_Cases_Development.Home_Page_TC -->
