<?xml version="1.0" encoding="UTF-8"?>
<!-- Generated by org.testng.reporters.JUnitReportReporter -->
<testsuite hostname="DESKTOP-N7K85DJ" name="Solution_one_Prod.Footer_Production" tests="2" failures="0" timestamp="25 Apr 2022 11:22:25 GMT" time="136.201" errors="0">
  <testcase name="Footer" time="67.117" classname="Solution_one_Prod.Footer_Production"/>
  <testcase name="Footer" time="69.084" classname="Solution_one_Prod.Footer_Production"/>
</testsuite> <!-- Solution_one_Prod.Footer_Production -->
