<?xml version="1.0" encoding="UTF-8"?>
<!-- Generated by org.testng.reporters.JUnitReportReporter -->
<testsuite hostname="DESKTOP-N7K85DJ" name="Warranty_Test_Case_Dev.About_US" tests="2" failures="0" timestamp="14 Dec 2021 11:47:24 GMT" time="76.166" errors="0">
  <testcase name="Home_page" time="40.197" classname="Warranty_Test_Case_Dev.About_US"/>
  <testcase name="Home_page" time="35.969" classname="Warranty_Test_Case_Dev.About_US"/>
</testsuite> <!-- Warranty_Test_Case_Dev.About_US -->
