<?xml version="1.0" encoding="UTF-8"?>
<!-- Generated by org.testng.reporters.JUnitReportReporter -->
<testsuite hostname="DESKTOP-N7K85DJ" name="AUW_Test_case_prod.AUW_AboutUS" tests="2" failures="0" timestamp="23 Feb 2022 11:40:24 GMT" time="207.795" errors="0">
  <testcase name="AboutUS" time="79.273" classname="AUW_Test_case_prod.AUW_AboutUS"/>
  <testcase name="AboutUS" time="128.522" classname="AUW_Test_case_prod.AUW_AboutUS"/>
</testsuite> <!-- AUW_Test_case_prod.AUW_AboutUS -->
