<?xml version="1.0" encoding="UTF-8"?>
<!-- Generated by org.testng.reporters.JUnitReportReporter -->
<testsuite hostname="DESKTOP-N7K85DJ" name="Tradewel_Test_Cases_Development.About_US" tests="2" failures="0" timestamp="10 Feb 2022 13:28:21 GMT" time="176.512" errors="0">
  <testcase name="main_Home_Page" time="50.983" classname="Tradewel_Test_Cases_Development.About_US"/>
  <testcase name="main_Home_Page" time="125.529" classname="Tradewel_Test_Cases_Development.About_US"/>
</testsuite> <!-- Tradewel_Test_Cases_Development.About_US -->
