<?xml version="1.0" encoding="UTF-8"?>
<!-- Generated by org.testng.reporters.JUnitReportReporter -->
<testsuite hostname="DESKTOP-N7K85DJ" name="MTL_Test_Cases_Prod.Home_URL" tests="2" failures="0" timestamp="4 Mar 2022 11:36:24 GMT" time="98.382" errors="0">
  <testcase name="Footer" time="58.563" classname="MTL_Test_Cases_Prod.Home_URL"/>
  <testcase name="Footer" time="39.819" classname="MTL_Test_Cases_Prod.Home_URL"/>
</testsuite> <!-- MTL_Test_Cases_Prod.Home_URL -->
