<?xml version="1.0" encoding="UTF-8"?>
<!-- Generated by org.testng.reporters.JUnitReportReporter -->
<testsuite hostname="DESKTOP-N7K85DJ" name="Pinnacle_Test_Cases_Development.HomePage_TC" tests="2" failures="0" timestamp="22 Dec 2021 14:58:11 GMT" time="123.417" errors="0">
  <testcase name="main_Home_Page" time="57.842" classname="Pinnacle_Test_Cases_Development.HomePage_TC"/>
  <testcase name="main_Home_Page" time="65.575" classname="Pinnacle_Test_Cases_Development.HomePage_TC"/>
</testsuite> <!-- Pinnacle_Test_Cases_Development.HomePage_TC -->
