<?xml version="1.0" encoding="UTF-8"?>
<!-- Generated by org.testng.reporters.JUnitReportReporter -->
<testsuite hostname="DESKTOP-N7K85DJ" name="Careers_Test_case_Prod.Footer" tests="10" failures="0" timestamp="7 Feb 2022 13:48:17 GMT" time="391.075" errors="0">
  <testcase name="AUW_Instagram" time="19.275" classname="Careers_Test_case_Prod.Footer"/>
  <testcase name="AUW_Policy" time="38.971" classname="Careers_Test_case_Prod.Footer"/>
  <testcase name="AUW_twitter" time="27.400" classname="Careers_Test_case_Prod.Footer"/>
  <testcase name="AUW_Instagram" time="46.306" classname="Careers_Test_case_Prod.Footer"/>
  <testcase name="AUW_Policy" time="45.052" classname="Careers_Test_case_Prod.Footer"/>
  <testcase name="AUW_Linkedin" time="19.787" classname="Careers_Test_case_Prod.Footer"/>
  <testcase name="AUW_Facebook" time="65.355" classname="Careers_Test_case_Prod.Footer"/>
  <testcase name="AUW_Linkedin" time="71.719" classname="Careers_Test_case_Prod.Footer"/>
  <testcase name="AUW_Facebook" time="29.799" classname="Careers_Test_case_Prod.Footer"/>
  <testcase name="AUW_twitter" time="27.411" classname="Careers_Test_case_Prod.Footer"/>
</testsuite> <!-- Careers_Test_case_Prod.Footer -->
