<?xml version="1.0" encoding="UTF-8"?>
<!-- Generated by org.testng.reporters.JUnitReportReporter -->
<testsuite hostname="DESKTOP-N7K85DJ" name="Warranty_Test_Case_Prod.About_US" tests="2" failures="0" timestamp="14 Mar 2022 11:17:46 GMT" time="123.737" errors="0">
  <testcase name="Home_page" time="80.434" classname="Warranty_Test_Case_Prod.About_US"/>
  <testcase name="Home_page" time="43.303" classname="Warranty_Test_Case_Prod.About_US"/>
</testsuite> <!-- Warranty_Test_Case_Prod.About_US -->
