<?xml version="1.0" encoding="UTF-8"?>
<!-- Generated by org.testng.reporters.JUnitReportReporter -->
<testsuite hostname="DESKTOP-N7K85DJ" name="Casuality_Prod_TC.Menu_Contact_Us" tests="2" failures="0" timestamp="2 Mar 2022 14:47:22 GMT" time="68.175" errors="0">
  <testcase name="HomePage" time="35.645" classname="Casuality_Prod_TC.Menu_Contact_Us"/>
  <testcase name="HomePage" time="32.530" classname="Casuality_Prod_TC.Menu_Contact_Us"/>
</testsuite> <!-- Casuality_Prod_TC.Menu_Contact_Us -->
