<?xml version="1.0" encoding="UTF-8"?>
<!-- Generated by org.testng.reporters.JUnitReportReporter -->
<testsuite hostname="DESKTOP-N7K85DJ" name="Adler_TestCases_Development.Home" tests="2" failures="0" timestamp="14 Feb 2022 11:13:18 GMT" time="80.479" errors="0">
  <testcase name="main_Home_Page" time="44.928" classname="Adler_TestCases_Development.Home"/>
  <testcase name="main_Home_Page" time="35.551" classname="Adler_TestCases_Development.Home"/>
</testsuite> <!-- Adler_TestCases_Development.Home -->
