<?xml version="1.0" encoding="UTF-8"?>
<!-- Generated by org.testng.reporters.JUnitReportReporter -->
<testsuite hostname="DESKTOP-N7K85DJ" name="MTL_Test_Cases_Prod.Home_URL" tests="2" failures="0" timestamp="15 Dec 2021 11:56:30 GMT" time="78.865" errors="0">
  <testcase name="Footer" time="41.086" classname="MTL_Test_Cases_Prod.Home_URL"/>
  <testcase name="Footer" time="37.779" classname="MTL_Test_Cases_Prod.Home_URL"/>
</testsuite> <!-- MTL_Test_Cases_Prod.Home_URL -->
