<?xml version="1.0" encoding="UTF-8"?>
<!-- Generated by org.testng.reporters.JUnitReportReporter -->
<testsuite hostname="DESKTOP-N7K85DJ" name="AUW_Test_case_prod.AUW_NJ_Update" tests="2" failures="0" timestamp="31 Mar 2022 09:38:46 GMT" time="196.749" errors="0">
  <testcase name="main" time="143.947" classname="AUW_Test_case_prod.AUW_NJ_Update"/>
  <testcase name="main" time="52.802" classname="AUW_Test_case_prod.AUW_NJ_Update"/>
</testsuite> <!-- AUW_Test_case_prod.AUW_NJ_Update -->
