<?xml version="1.0" encoding="UTF-8"?>
<!-- Generated by org.testng.reporters.JUnitReportReporter -->
<testsuite hostname="DESKTOP-N7K85DJ" name="Credit_Global_Test_Cases_Dev.Forgot_Password" tests="2" failures="0" timestamp="14 Dec 2021 11:47:24 GMT" time="36.591" errors="0">
  <testcase name="HomePage_Header_login" time="12.414" classname="Credit_Global_Test_Cases_Dev.Forgot_Password"/>
  <testcase name="HomePage_Header_login" time="24.177" classname="Credit_Global_Test_Cases_Dev.Forgot_Password"/>
</testsuite> <!-- Credit_Global_Test_Cases_Dev.Forgot_Password -->
