<?xml version="1.0" encoding="UTF-8"?>
<!-- Generated by org.testng.reporters.JUnitReportReporter -->
<testsuite hostname="DESKTOP-N7K85DJ" name="Promesa_Test_Case_Prod.Side_Heading_One" tests="1" failures="0" timestamp="23 May 2022 09:46:43 GMT" time="41.627" errors="0">
  <testcase name="Side_Heading_One" time="41.627" classname="Promesa_Test_Case_Prod.Side_Heading_One"/>
</testsuite> <!-- Promesa_Test_Case_Prod.Side_Heading_One -->
