<?xml version="1.0" encoding="UTF-8"?>
<!-- Generated by org.testng.reporters.JUnitReportReporter -->
<testsuite hostname="DESKTOP-N7K85DJ" name="AUW_Test_case_prod.AUW_Intelligence_TC" tests="2" failures="0" timestamp="26 Apr 2022 10:56:41 GMT" time="206.984" errors="0">
  <testcase name="main" time="88.444" classname="AUW_Test_case_prod.AUW_Intelligence_TC"/>
  <testcase name="main" time="118.540" classname="AUW_Test_case_prod.AUW_Intelligence_TC"/>
</testsuite> <!-- AUW_Test_case_prod.AUW_Intelligence_TC -->
