<?xml version="1.0" encoding="UTF-8"?>
<!-- Generated by org.testng.reporters.JUnitReportReporter -->
<testsuite hostname="DESKTOP-N7K85DJ" name="Solution_one_Prod.Footer_Production" tests="2" failures="0" timestamp="22 Dec 2021 09:39:17 GMT" time="124.834" errors="0">
  <testcase name="Footer" time="62.152" classname="Solution_one_Prod.Footer_Production"/>
  <testcase name="Footer" time="62.682" classname="Solution_one_Prod.Footer_Production"/>
</testsuite> <!-- Solution_one_Prod.Footer_Production -->
