<?xml version="1.0" encoding="UTF-8"?>
<!-- Generated by org.testng.reporters.JUnitReportReporter -->
<testsuite hostname="DESKTOP-N7K85DJ" name="Warranty_Test_Case_Prod.Our_Partner" tests="12" failures="0" timestamp="16 Feb 2022 08:42:47 GMT" time="1078.712" errors="0">
  <testcase name="Partner4" time="70.190" classname="Warranty_Test_Case_Prod.Our_Partner"/>
  <testcase name="Partner2" time="149.168" classname="Warranty_Test_Case_Prod.Our_Partner"/>
  <testcase name="Partner6" time="67.147" classname="Warranty_Test_Case_Prod.Our_Partner"/>
  <testcase name="Partner3" time="118.837" classname="Warranty_Test_Case_Prod.Our_Partner"/>
  <testcase name="Partner3" time="79.476" classname="Warranty_Test_Case_Prod.Our_Partner"/>
  <testcase name="Partner5" time="70.868" classname="Warranty_Test_Case_Prod.Our_Partner"/>
  <testcase name="Partner1" time="129.852" classname="Warranty_Test_Case_Prod.Our_Partner"/>
  <testcase name="Partner1" time="79.305" classname="Warranty_Test_Case_Prod.Our_Partner"/>
  <testcase name="Partner5" time="76.573" classname="Warranty_Test_Case_Prod.Our_Partner"/>
  <testcase name="Partner4" time="81.854" classname="Warranty_Test_Case_Prod.Our_Partner"/>
  <testcase name="Partner2" time="77.325" classname="Warranty_Test_Case_Prod.Our_Partner"/>
  <testcase name="Partner6" time="78.117" classname="Warranty_Test_Case_Prod.Our_Partner"/>
</testsuite> <!-- Warranty_Test_Case_Prod.Our_Partner -->
