<?xml version="1.0" encoding="UTF-8"?>
<!-- Generated by org.testng.reporters.JUnitReportReporter -->
<testsuite hostname="DESKTOP-N7K85DJ" name="Casuality_Prod_TC.Home_page" tests="2" failures="0" timestamp="4 Feb 2022 11:48:19 GMT" time="140.940" errors="0">
  <testcase name="HomePage" time="71.349" classname="Casuality_Prod_TC.Home_page"/>
  <testcase name="HomePage" time="69.591" classname="Casuality_Prod_TC.Home_page"/>
</testsuite> <!-- Casuality_Prod_TC.Home_page -->
