<?xml version="1.0" encoding="UTF-8"?>
<!-- Generated by org.testng.reporters.JUnitReportReporter -->
<testsuite hostname="DESKTOP-N7K85DJ" name="Promesa_Test_Case_Development.Change_language" tests="2" failures="0" timestamp="5 Jan 2022 12:51:26 GMT" time="33.298" errors="0">
  <testcase name="Change_Language" time="14.700" classname="Promesa_Test_Case_Development.Change_language"/>
  <testcase name="Change_Language" time="18.598" classname="Promesa_Test_Case_Development.Change_language"/>
</testsuite> <!-- Promesa_Test_Case_Development.Change_language -->
