<?xml version="1.0" encoding="UTF-8"?>
<!-- Generated by org.testng.reporters.JUnitReportReporter -->
<testsuite hostname="DESKTOP-N7K85DJ" name="AUW_Test_Case_dev.AUW_PPP" tests="2" failures="0" timestamp="16 Feb 2022 09:34:57 GMT" time="67.794" errors="0">
  <testcase name="main" time="30.432" classname="AUW_Test_Case_dev.AUW_PPP"/>
  <testcase name="main" time="37.362" classname="AUW_Test_Case_dev.AUW_PPP"/>
</testsuite> <!-- AUW_Test_Case_dev.AUW_PPP -->
