<?xml version="1.0" encoding="UTF-8"?>
<!-- Generated by org.testng.reporters.JUnitReportReporter -->
<testsuite hostname="DESKTOP-N7K85DJ" name="AUW_Test_Case_dev.AUW_NJ_Update" tests="2" failures="0" timestamp="10 Feb 2022 13:28:21 GMT" time="140.741" errors="0">
  <testcase name="main" time="81.370" classname="AUW_Test_Case_dev.AUW_NJ_Update"/>
  <testcase name="main" time="59.371" classname="AUW_Test_Case_dev.AUW_NJ_Update"/>
</testsuite> <!-- AUW_Test_Case_dev.AUW_NJ_Update -->
