<?xml version="1.0" encoding="UTF-8"?>
<!-- Generated by org.testng.reporters.JUnitReportReporter -->
<testsuite hostname="DESKTOP-N7K85DJ" name="AUW_Test_case_prod.AUW_CallUpdate" tests="2" failures="0" timestamp="2 May 2022 07:01:07 GMT" time="118.729" errors="0">
  <testcase name="main" time="69.105" classname="AUW_Test_case_prod.AUW_CallUpdate"/>
  <testcase name="main" time="49.624" classname="AUW_Test_case_prod.AUW_CallUpdate"/>
</testsuite> <!-- AUW_Test_case_prod.AUW_CallUpdate -->
