<?xml version="1.0" encoding="UTF-8"?>
<!-- Generated by org.testng.reporters.JUnitReportReporter -->
<testsuite hostname="DESKTOP-N7K85DJ" name="AUW_Test_case_prod.AUW_NJ_Update" tests="2" failures="0" timestamp="11 Mar 2022 13:55:32 GMT" time="203.940" errors="0">
  <testcase name="main" time="154.451" classname="AUW_Test_case_prod.AUW_NJ_Update"/>
  <testcase name="main" time="49.489" classname="AUW_Test_case_prod.AUW_NJ_Update"/>
</testsuite> <!-- AUW_Test_case_prod.AUW_NJ_Update -->
