<?xml version="1.0" encoding="UTF-8"?>
<!-- Generated by org.testng.reporters.JUnitReportReporter -->
<testsuite hostname="DESKTOP-N7K85DJ" name="Pinnacle_Test_Cases_Development.WatsNew" tests="2" failures="0" timestamp="23 Feb 2022 12:36:01 GMT" time="401.644" errors="0">
  <testcase name="WhatsNew" time="272.307" classname="Pinnacle_Test_Cases_Development.WatsNew"/>
  <testcase name="WhatsNew" time="129.337" classname="Pinnacle_Test_Cases_Development.WatsNew"/>
</testsuite> <!-- Pinnacle_Test_Cases_Development.WatsNew -->
