<?xml version="1.0" encoding="UTF-8"?>
<!-- Generated by org.testng.reporters.JUnitReportReporter -->
<testsuite hostname="DESKTOP-N7K85DJ" name="AUW_Test_case_prod.AUW_Experience" tests="2" failures="0" timestamp="24 Feb 2022 14:29:27 GMT" time="683.223" errors="0">
  <testcase name="main" time="365.939" classname="AUW_Test_case_prod.AUW_Experience"/>
  <testcase name="main" time="317.284" classname="AUW_Test_case_prod.AUW_Experience"/>
</testsuite> <!-- AUW_Test_case_prod.AUW_Experience -->
