<?xml version="1.0" encoding="UTF-8"?>
<!-- Generated by org.testng.reporters.JUnitReportReporter -->
<testsuite hostname="DESKTOP-N7K85DJ" name="AUW_Test_case_prod.AUW_CallUpdate" tests="2" failures="0" timestamp="4 Feb 2022 10:36:28 GMT" time="203.722" errors="0">
  <testcase name="main" time="150.598" classname="AUW_Test_case_prod.AUW_CallUpdate"/>
  <testcase name="main" time="53.124" classname="AUW_Test_case_prod.AUW_CallUpdate"/>
</testsuite> <!-- AUW_Test_case_prod.AUW_CallUpdate -->
