<?xml version="1.0" encoding="UTF-8"?>
<!-- Generated by org.testng.reporters.JUnitReportReporter -->
<testsuite hostname="DESKTOP-N7K85DJ" name="Warranty_Test_Case_Dev.Partner_With_US" tests="2" failures="0" timestamp="15 Dec 2021 09:54:42 GMT" time="35.228" errors="0">
  <testcase name="partner" time="19.962" classname="Warranty_Test_Case_Dev.Partner_With_US"/>
  <testcase name="partner" time="15.266" classname="Warranty_Test_Case_Dev.Partner_With_US"/>
</testsuite> <!-- Warranty_Test_Case_Dev.Partner_With_US -->
