<?xml version="1.0" encoding="UTF-8"?>
<!-- Generated by org.testng.reporters.JUnitReportReporter -->
<testsuite hostname="DESKTOP-N7K85DJ" name="AUW_Test_case_prod.AUW_NJ_Update" tests="2" failures="0" timestamp="30 Mar 2022 07:00:45 GMT" time="160.026" errors="0">
  <testcase name="main" time="112.641" classname="AUW_Test_case_prod.AUW_NJ_Update"/>
  <testcase name="main" time="47.385" classname="AUW_Test_case_prod.AUW_NJ_Update"/>
</testsuite> <!-- AUW_Test_case_prod.AUW_NJ_Update -->
