<?xml version="1.0" encoding="UTF-8"?>
<!-- Generated by org.testng.reporters.JUnitReportReporter -->
<testsuite hostname="DESKTOP-N7K85DJ" name="Casuality_Dev_TC.Menu_Press_Room" tests="2" failures="0" timestamp="17 Feb 2022 14:18:50 GMT" time="196.763" errors="0">
  <testcase name="HomePage" time="79.700" classname="Casuality_Dev_TC.Menu_Press_Room"/>
  <testcase name="HomePage" time="117.063" classname="Casuality_Dev_TC.Menu_Press_Room"/>
</testsuite> <!-- Casuality_Dev_TC.Menu_Press_Room -->
