<?xml version="1.0" encoding="UTF-8"?>
<!-- Generated by org.testng.reporters.JUnitReportReporter -->
<testsuite hostname="DESKTOP-N7K85DJ" name="Careers_Test_case_Prod.Footer" tests="10" failures="0" timestamp="30 Mar 2022 06:35:29 GMT" time="448.515" errors="0">
  <testcase name="AUW_Linkedin" time="19.635" classname="Careers_Test_case_Prod.Footer"/>
  <testcase name="AUW_Linkedin" time="113.037" classname="Careers_Test_case_Prod.Footer"/>
  <testcase name="AUW_Facebook" time="62.868" classname="Careers_Test_case_Prod.Footer"/>
  <testcase name="AUW_Instagram" time="19.262" classname="Careers_Test_case_Prod.Footer"/>
  <testcase name="AUW_Facebook" time="30.287" classname="Careers_Test_case_Prod.Footer"/>
  <testcase name="AUW_twitter" time="69.128" classname="Careers_Test_case_Prod.Footer"/>
  <testcase name="AUW_Policy" time="38.835" classname="Careers_Test_case_Prod.Footer"/>
  <testcase name="AUW_Instagram" time="34.797" classname="Careers_Test_case_Prod.Footer"/>
  <testcase name="AUW_Policy" time="38.482" classname="Careers_Test_case_Prod.Footer"/>
  <testcase name="AUW_twitter" time="22.184" classname="Careers_Test_case_Prod.Footer"/>
</testsuite> <!-- Careers_Test_case_Prod.Footer -->
