<?xml version="1.0" encoding="UTF-8"?>
<!-- Generated by org.testng.reporters.JUnitReportReporter -->
<testsuite hostname="DESKTOP-N7K85DJ" name="AUW_Test_case_prod.AUW_AboutUS" tests="2" failures="0" timestamp="25 Feb 2022 12:26:47 GMT" time="198.390" errors="0">
  <testcase name="AboutUS" time="75.551" classname="AUW_Test_case_prod.AUW_AboutUS"/>
  <testcase name="AboutUS" time="122.839" classname="AUW_Test_case_prod.AUW_AboutUS"/>
</testsuite> <!-- AUW_Test_case_prod.AUW_AboutUS -->
