<?xml version="1.0" encoding="UTF-8"?>
<!-- Generated by org.testng.reporters.JUnitReportReporter -->
<testsuite hostname="DESKTOP-N7K85DJ" name="Adler_TestCases_Development.Home" tests="2" failures="0" timestamp="12 Jan 2022 10:17:31 GMT" time="98.094" errors="0">
  <testcase name="main_Home_Page" time="57.087" classname="Adler_TestCases_Development.Home"/>
  <testcase name="main_Home_Page" time="41.007" classname="Adler_TestCases_Development.Home"/>
</testsuite> <!-- Adler_TestCases_Development.Home -->
