<?xml version="1.0" encoding="UTF-8"?>
<!-- Generated by org.testng.reporters.JUnitReportReporter -->
<testsuite hostname="DESKTOP-N7K85DJ" name="AUW_Test_Case_dev.AUW_CallUpdate" tests="2" failures="0" timestamp="24 Feb 2022 15:18:07 GMT" time="112.937" errors="0">
  <testcase name="main" time="61.374" classname="AUW_Test_Case_dev.AUW_CallUpdate"/>
  <testcase name="main" time="51.563" classname="AUW_Test_Case_dev.AUW_CallUpdate"/>
</testsuite> <!-- AUW_Test_Case_dev.AUW_CallUpdate -->
