<?xml version="1.0" encoding="UTF-8"?>
<!-- Generated by org.testng.reporters.JUnitReportReporter -->
<testsuite hostname="DESKTOP-N7K85DJ" name="Adler_TestCases_Development.Home" tests="2" failures="0" timestamp="5 Jan 2022 12:51:26 GMT" time="73.028" errors="0">
  <testcase name="main_Home_Page" time="35.186" classname="Adler_TestCases_Development.Home"/>
  <testcase name="main_Home_Page" time="37.842" classname="Adler_TestCases_Development.Home"/>
</testsuite> <!-- Adler_TestCases_Development.Home -->
