<?xml version="1.0" encoding="UTF-8"?>
<!-- Generated by org.testng.reporters.JUnitReportReporter -->
<testsuite hostname="DESKTOP-N7K85DJ" name="AUW_Test_case_prod.AUW_Intelligence_TC" tests="2" failures="0" timestamp="16 Mar 2022 12:48:23 GMT" time="223.476" errors="0">
  <testcase name="main" time="130.327" classname="AUW_Test_case_prod.AUW_Intelligence_TC"/>
  <testcase name="main" time="93.149" classname="AUW_Test_case_prod.AUW_Intelligence_TC"/>
</testsuite> <!-- AUW_Test_case_prod.AUW_Intelligence_TC -->
