<?xml version="1.0" encoding="UTF-8"?>
<!-- Generated by org.testng.reporters.JUnitReportReporter -->
<testsuite hostname="DESKTOP-N7K85DJ" name="Warranty_Test_Case_Prod.Contact_US" tests="2" failures="0" timestamp="25 Jan 2022 14:00:35 GMT" time="192.969" errors="0">
  <testcase name="ContactUS" time="145.159" classname="Warranty_Test_Case_Prod.Contact_US"/>
  <testcase name="ContactUS" time="47.810" classname="Warranty_Test_Case_Prod.Contact_US"/>
</testsuite> <!-- Warranty_Test_Case_Prod.Contact_US -->
