<?xml version="1.0" encoding="UTF-8"?>
<!-- Generated by org.testng.reporters.JUnitReportReporter -->
<testsuite hostname="DESKTOP-N7K85DJ" name="Promesa_Test_Case_Prod.Change_language" tests="2" failures="0" timestamp="26 Apr 2022 09:47:26 GMT" time="58.673" errors="0">
  <testcase name="Change_Language" time="22.641" classname="Promesa_Test_Case_Prod.Change_language"/>
  <testcase name="Change_Language" time="36.032" classname="Promesa_Test_Case_Prod.Change_language"/>
</testsuite> <!-- Promesa_Test_Case_Prod.Change_language -->
