<?xml version="1.0" encoding="UTF-8"?>
<!-- Generated by org.testng.reporters.JUnitReportReporter -->
<testsuite hostname="DESKTOP-N7K85DJ" name="AUW_Test_case_prod.AUW_Experience" tests="2" failures="0" timestamp="15 Feb 2022 16:09:04 GMT" time="706.360" errors="0">
  <testcase name="main" time="348.779" classname="AUW_Test_case_prod.AUW_Experience"/>
  <testcase name="main" time="357.581" classname="AUW_Test_case_prod.AUW_Experience"/>
</testsuite> <!-- AUW_Test_case_prod.AUW_Experience -->
