<?xml version="1.0" encoding="UTF-8"?>
<!-- Generated by org.testng.reporters.JUnitReportReporter -->
<testsuite hostname="DESKTOP-N7K85DJ" name="Solution_one_Development.Side_head_sample" tests="5" failures="0" timestamp="14 Dec 2021 13:11:49 GMT" time="245.602" errors="0">
  <testcase name="Side_Heading_Two" time="50.187" classname="Solution_one_Development.Side_head_sample"/>
  <testcase name="Side_Heading_Three" time="52.739" classname="Solution_one_Development.Side_head_sample"/>
  <testcase name="Side_Heading_One" time="44.762" classname="Solution_one_Development.Side_head_sample"/>
  <testcase name="Side_Heading_Four" time="49.695" classname="Solution_one_Development.Side_head_sample"/>
  <testcase name="Side_Heading_Five" time="48.219" classname="Solution_one_Development.Side_head_sample"/>
</testsuite> <!-- Solution_one_Development.Side_head_sample -->
