<?xml version="1.0" encoding="UTF-8"?>
<!-- Generated by org.testng.reporters.JUnitReportReporter -->
<testsuite hostname="DESKTOP-N7K85DJ" name="Tradewel_Test_Cases_Production.About_US" tests="2" failures="0" timestamp="25 Apr 2022 10:19:01 GMT" time="111.126" errors="0">
  <testcase name="main_Home_Page" time="67.492" classname="Tradewel_Test_Cases_Production.About_US"/>
  <testcase name="main_Home_Page" time="43.634" classname="Tradewel_Test_Cases_Production.About_US"/>
</testsuite> <!-- Tradewel_Test_Cases_Production.About_US -->
