<?xml version="1.0" encoding="UTF-8"?>
<!-- Generated by org.testng.reporters.JUnitReportReporter -->
<testsuite hostname="DESKTOP-N7K85DJ" name="AUW_Test_case_prod.AUW_AboutUS" tests="2" failures="0" timestamp="14 Jan 2022 12:33:11 GMT" time="441.599" errors="0">
  <testcase name="AboutUS" time="364.293" classname="AUW_Test_case_prod.AUW_AboutUS"/>
  <testcase name="AboutUS" time="77.306" classname="AUW_Test_case_prod.AUW_AboutUS"/>
</testsuite> <!-- AUW_Test_case_prod.AUW_AboutUS -->
