<?xml version="1.0" encoding="UTF-8"?>
<!-- Generated by org.testng.reporters.JUnitReportReporter -->
<testsuite hostname="DESKTOP-N7K85DJ" name="Warranty_Test_Case_Dev.Contact_US" tests="2" failures="0" timestamp="21 Feb 2022 15:32:25 GMT" time="130.842" errors="0">
  <testcase name="ContactUS" time="61.098" classname="Warranty_Test_Case_Dev.Contact_US"/>
  <testcase name="ContactUS" time="69.744" classname="Warranty_Test_Case_Dev.Contact_US"/>
</testsuite> <!-- Warranty_Test_Case_Dev.Contact_US -->
