<?xml version="1.0" encoding="UTF-8"?>
<!-- Generated by org.testng.reporters.JUnitReportReporter -->
<testsuite hostname="DESKTOP-N7K85DJ" name="Casuality_Prod_TC.Menu_Contact_Us" tests="2" failures="0" timestamp="1 Apr 2022 10:47:35 GMT" time="64.752" errors="0">
  <testcase name="HomePage" time="27.127" classname="Casuality_Prod_TC.Menu_Contact_Us"/>
  <testcase name="HomePage" time="37.625" classname="Casuality_Prod_TC.Menu_Contact_Us"/>
</testsuite> <!-- Casuality_Prod_TC.Menu_Contact_Us -->
