<?xml version="1.0" encoding="UTF-8"?>
<!-- Generated by org.testng.reporters.JUnitReportReporter -->
<testsuite hostname="DESKTOP-N7K85DJ" name="Warranty_Test_Case_Prod.Our_Partner" tests="12" failures="0" timestamp="23 Mar 2022 12:03:17 GMT" time="1052.909" errors="0">
  <testcase name="Partner5" time="73.090" classname="Warranty_Test_Case_Prod.Our_Partner"/>
  <testcase name="Partner6" time="76.487" classname="Warranty_Test_Case_Prod.Our_Partner"/>
  <testcase name="Partner6" time="72.589" classname="Warranty_Test_Case_Prod.Our_Partner"/>
  <testcase name="Partner4" time="76.740" classname="Warranty_Test_Case_Prod.Our_Partner"/>
  <testcase name="Partner3" time="145.516" classname="Warranty_Test_Case_Prod.Our_Partner"/>
  <testcase name="Partner2" time="109.956" classname="Warranty_Test_Case_Prod.Our_Partner"/>
  <testcase name="Partner4" time="86.532" classname="Warranty_Test_Case_Prod.Our_Partner"/>
  <testcase name="Partner1" time="109.445" classname="Warranty_Test_Case_Prod.Our_Partner"/>
  <testcase name="Partner1" time="74.892" classname="Warranty_Test_Case_Prod.Our_Partner"/>
  <testcase name="Partner3" time="75.438" classname="Warranty_Test_Case_Prod.Our_Partner"/>
  <testcase name="Partner5" time="75.804" classname="Warranty_Test_Case_Prod.Our_Partner"/>
  <testcase name="Partner2" time="76.420" classname="Warranty_Test_Case_Prod.Our_Partner"/>
</testsuite> <!-- Warranty_Test_Case_Prod.Our_Partner -->
