<?xml version="1.0" encoding="UTF-8"?>
<!-- Generated by org.testng.reporters.JUnitReportReporter -->
<testsuite hostname="DESKTOP-N7K85DJ" name="MTL_Test_Cases_Prod.More_offers_TC" tests="2" failures="0" timestamp="1 Mar 2022 12:40:42 GMT" time="107.732" errors="0">
  <testcase name="More_offers" time="49.511" classname="MTL_Test_Cases_Prod.More_offers_TC"/>
  <testcase name="More_offers" time="58.221" classname="MTL_Test_Cases_Prod.More_offers_TC"/>
</testsuite> <!-- MTL_Test_Cases_Prod.More_offers_TC -->
