<?xml version="1.0" encoding="UTF-8"?>
<!-- Generated by org.testng.reporters.JUnitReportReporter -->
<testsuite hostname="DESKTOP-N7K85DJ" name="AUW_Test_case_prod.AUW_Intelligence_TC" tests="2" failures="0" timestamp="8 Mar 2022 09:14:16 GMT" time="318.697" errors="0">
  <testcase name="main" time="225.472" classname="AUW_Test_case_prod.AUW_Intelligence_TC"/>
  <testcase name="main" time="93.225" classname="AUW_Test_case_prod.AUW_Intelligence_TC"/>
</testsuite> <!-- AUW_Test_case_prod.AUW_Intelligence_TC -->
