<?xml version="1.0" encoding="UTF-8"?>
<!-- Generated by org.testng.reporters.JUnitReportReporter -->
<testsuite hostname="DESKTOP-N7K85DJ" name="AUW_Test_case_prod.AUW_Experience" tests="2" failures="0" timestamp="12 Jan 2022 15:20:27 GMT" time="818.967" errors="0">
  <testcase name="main" time="508.446" classname="AUW_Test_case_prod.AUW_Experience"/>
  <testcase name="main" time="310.521" classname="AUW_Test_case_prod.AUW_Experience"/>
</testsuite> <!-- AUW_Test_case_prod.AUW_Experience -->
