<?xml version="1.0" encoding="UTF-8"?>
<!-- Generated by org.testng.reporters.JUnitReportReporter -->
<testsuite hostname="DESKTOP-N7K85DJ" name="Casuality_Dev_TC.Menu_Contact_Us" tests="2" failures="0" timestamp="25 Feb 2022 13:22:59 GMT" time="67.931" errors="0">
  <testcase name="HomePage" time="28.464" classname="Casuality_Dev_TC.Menu_Contact_Us"/>
  <testcase name="HomePage" time="39.467" classname="Casuality_Dev_TC.Menu_Contact_Us"/>
</testsuite> <!-- Casuality_Dev_TC.Menu_Contact_Us -->
