<?xml version="1.0" encoding="UTF-8"?>
<!-- Generated by org.testng.reporters.JUnitReportReporter -->
<testsuite hostname="DESKTOP-N7K85DJ" name="AUW_Test_case_prod.AUW_PPP" tests="2" failures="0" timestamp="1 Apr 2022 10:47:35 GMT" time="64.344" errors="0">
  <testcase name="main" time="26.980" classname="AUW_Test_case_prod.AUW_PPP"/>
  <testcase name="main" time="37.364" classname="AUW_Test_case_prod.AUW_PPP"/>
</testsuite> <!-- AUW_Test_case_prod.AUW_PPP -->
