<?xml version="1.0" encoding="UTF-8"?>
<!-- Generated by org.testng.reporters.JUnitReportReporter -->
<testsuite hostname="DESKTOP-N7K85DJ" name="AUW_Test_Case_dev.AUW_PPP" tests="2" failures="0" timestamp="16 Dec 2021 13:45:35 GMT" time="53.063" errors="0">
  <testcase name="main" time="27.008" classname="AUW_Test_Case_dev.AUW_PPP"/>
  <testcase name="main" time="26.055" classname="AUW_Test_Case_dev.AUW_PPP"/>
</testsuite> <!-- AUW_Test_Case_dev.AUW_PPP -->
