<?xml version="1.0" encoding="UTF-8"?>
<!-- Generated by org.testng.reporters.JUnitReportReporter -->
<testsuite hostname="DESKTOP-N7K85DJ" name="Tradewel_Test_Cases_Production.About_US" tests="2" failures="0" timestamp="16 Mar 2022 12:48:23 GMT" time="93.010" errors="0">
  <testcase name="main_Home_Page" time="49.438" classname="Tradewel_Test_Cases_Production.About_US"/>
  <testcase name="main_Home_Page" time="43.572" classname="Tradewel_Test_Cases_Production.About_US"/>
</testsuite> <!-- Tradewel_Test_Cases_Production.About_US -->
