<?xml version="1.0" encoding="UTF-8"?>
<!-- Generated by org.testng.reporters.JUnitReportReporter -->
<testsuite hostname="DESKTOP-N7K85DJ" name="Warranty_Test_Case_Dev.Partner_With_US" tests="2" failures="0" timestamp="4 Jan 2022 11:14:57 GMT" time="53.231" errors="0">
  <testcase name="partner" time="33.974" classname="Warranty_Test_Case_Dev.Partner_With_US"/>
  <testcase name="partner" time="19.257" classname="Warranty_Test_Case_Dev.Partner_With_US"/>
</testsuite> <!-- Warranty_Test_Case_Dev.Partner_With_US -->
