<?xml version="1.0" encoding="UTF-8"?>
<!-- Generated by org.testng.reporters.JUnitReportReporter -->
<testsuite hostname="DESKTOP-N7K85DJ" name="Careers_Test_case_Prod.Footer" tests="10" failures="0" timestamp="18 Jan 2022 13:48:12 GMT" time="550.950" errors="0">
  <testcase name="AUW_twitter" time="77.189" classname="Careers_Test_case_Prod.Footer"/>
  <testcase name="AUW_Policy" time="45.688" classname="Careers_Test_case_Prod.Footer"/>
  <testcase name="AUW_Facebook" time="95.390" classname="Careers_Test_case_Prod.Footer"/>
  <testcase name="AUW_Facebook" time="52.014" classname="Careers_Test_case_Prod.Footer"/>
  <testcase name="AUW_Linkedin" time="90.514" classname="Careers_Test_case_Prod.Footer"/>
  <testcase name="AUW_Instagram" time="58.738" classname="Careers_Test_case_Prod.Footer"/>
  <testcase name="AUW_Instagram" time="35.622" classname="Careers_Test_case_Prod.Footer"/>
  <testcase name="AUW_Policy" time="45.290" classname="Careers_Test_case_Prod.Footer"/>
  <testcase name="AUW_twitter" time="27.490" classname="Careers_Test_case_Prod.Footer"/>
  <testcase name="AUW_Linkedin" time="23.015" classname="Careers_Test_case_Prod.Footer"/>
</testsuite> <!-- Careers_Test_case_Prod.Footer -->
