<?xml version="1.0" encoding="UTF-8"?>
<!-- Generated by org.testng.reporters.JUnitReportReporter -->
<testsuite hostname="DESKTOP-N7K85DJ" name="Careers_Test_case_Prod.Footer" tests="10" failures="0" timestamp="26 Apr 2022 09:47:26 GMT" time="513.846" errors="0">
  <testcase name="AUW_Policy" time="36.270" classname="Careers_Test_case_Prod.Footer"/>
  <testcase name="AUW_Facebook" time="30.243" classname="Careers_Test_case_Prod.Footer"/>
  <testcase name="AUW_twitter" time="23.460" classname="Careers_Test_case_Prod.Footer"/>
  <testcase name="AUW_Instagram" time="19.696" classname="Careers_Test_case_Prod.Footer"/>
  <testcase name="AUW_Linkedin" time="19.172" classname="Careers_Test_case_Prod.Footer"/>
  <testcase name="AUW_Facebook" time="123.772" classname="Careers_Test_case_Prod.Footer"/>
  <testcase name="AUW_twitter" time="61.276" classname="Careers_Test_case_Prod.Footer"/>
  <testcase name="AUW_Linkedin" time="97.707" classname="Careers_Test_case_Prod.Footer"/>
  <testcase name="AUW_Instagram" time="48.766" classname="Careers_Test_case_Prod.Footer"/>
  <testcase name="AUW_Policy" time="53.484" classname="Careers_Test_case_Prod.Footer"/>
</testsuite> <!-- Careers_Test_case_Prod.Footer -->
