<?xml version="1.0" encoding="UTF-8"?>
<!-- Generated by org.testng.reporters.JUnitReportReporter -->
<testsuite hostname="DESKTOP-N7K85DJ" name="Warranty_Test_Case_Prod.Partner_With_US" tests="2" failures="0" timestamp="8 Mar 2022 09:14:16 GMT" time="59.291" errors="0">
  <testcase name="partner" time="38.582" classname="Warranty_Test_Case_Prod.Partner_With_US"/>
  <testcase name="partner" time="20.709" classname="Warranty_Test_Case_Prod.Partner_With_US"/>
</testsuite> <!-- Warranty_Test_Case_Prod.Partner_With_US -->
