<?xml version="1.0" encoding="UTF-8"?>
<!-- Generated by org.testng.reporters.JUnitReportReporter -->
<testsuite hostname="DESKTOP-N7K85DJ" name="AUW_Test_case_prod.AUW_Intelligence_TC" tests="2" failures="0" timestamp="3 Mar 2022 14:31:02 GMT" time="353.120" errors="0">
  <testcase name="main" time="258.363" classname="AUW_Test_case_prod.AUW_Intelligence_TC"/>
  <testcase name="main" time="94.757" classname="AUW_Test_case_prod.AUW_Intelligence_TC"/>
</testsuite> <!-- AUW_Test_case_prod.AUW_Intelligence_TC -->
