<?xml version="1.0" encoding="UTF-8"?>
<!-- Generated by org.testng.reporters.JUnitReportReporter -->
<testsuite hostname="DESKTOP-N7K85DJ" name="Careers_Test_case_Prod.Side_Heading1" tests="1" failures="0" timestamp="11 Feb 2022 12:38:07 GMT" time="269.870" errors="0">
  <testcase name="Side_Heading" time="269.870" classname="Careers_Test_case_Prod.Side_Heading1"/>
</testsuite> <!-- Careers_Test_case_Prod.Side_Heading1 -->
