<?xml version="1.0" encoding="UTF-8"?>
<!-- Generated by org.testng.reporters.JUnitReportReporter -->
<testsuite hostname="DESKTOP-N7K85DJ" name="Solution_one_Prod.Footer_Production" tests="2" failures="0" timestamp="23 Feb 2022 11:40:24 GMT" time="179.687" errors="0">
  <testcase name="Footer" time="118.020" classname="Solution_one_Prod.Footer_Production"/>
  <testcase name="Footer" time="61.667" classname="Solution_one_Prod.Footer_Production"/>
</testsuite> <!-- Solution_one_Prod.Footer_Production -->
