<?xml version="1.0" encoding="UTF-8"?>
<!-- Generated by org.testng.reporters.JUnitReportReporter -->
<testsuite hostname="DESKTOP-N7K85DJ" name="AUW_Test_case_prod.AUW_AboutUS" tests="2" failures="0" timestamp="25 Jan 2022 14:00:35 GMT" time="294.930" errors="0">
  <testcase name="AboutUS" time="212.927" classname="AUW_Test_case_prod.AUW_AboutUS"/>
  <testcase name="AboutUS" time="82.003" classname="AUW_Test_case_prod.AUW_AboutUS"/>
</testsuite> <!-- AUW_Test_case_prod.AUW_AboutUS -->
