<?xml version="1.0" encoding="UTF-8"?>
<!-- Generated by org.testng.reporters.JUnitReportReporter -->
<testsuite hostname="DESKTOP-N7K85DJ" name="Casuality_Dev_TC.Home_page" tests="2" failures="0" timestamp="14 Feb 2022 11:13:18 GMT" time="178.944" errors="0">
  <testcase name="HomePage" time="79.648" classname="Casuality_Dev_TC.Home_page"/>
  <testcase name="HomePage" time="99.296" classname="Casuality_Dev_TC.Home_page"/>
</testsuite> <!-- Casuality_Dev_TC.Home_page -->
