<?xml version="1.0" encoding="UTF-8"?>
<!-- Generated by org.testng.reporters.JUnitReportReporter -->
<testsuite hostname="DESKTOP-N7K85DJ" name="Solution_one_Prod.Footer_Production" tests="2" failures="0" timestamp="10 May 2022 11:54:17 GMT" time="158.442" errors="0">
  <testcase name="Footer" time="98.696" classname="Solution_one_Prod.Footer_Production"/>
  <testcase name="Footer" time="59.746" classname="Solution_one_Prod.Footer_Production"/>
</testsuite> <!-- Solution_one_Prod.Footer_Production -->
