<?xml version="1.0" encoding="UTF-8"?>
<!-- Generated by org.testng.reporters.JUnitReportReporter -->
<testsuite hostname="DESKTOP-N7K85DJ" name="AUW_Test_case_prod.AUW_Intelligence_TC" tests="2" failures="0" timestamp="17 Mar 2022 13:12:13 GMT" time="207.701" errors="0">
  <testcase name="main" time="86.182" classname="AUW_Test_case_prod.AUW_Intelligence_TC"/>
  <testcase name="main" time="121.519" classname="AUW_Test_case_prod.AUW_Intelligence_TC"/>
</testsuite> <!-- AUW_Test_case_prod.AUW_Intelligence_TC -->
