<?xml version="1.0" encoding="UTF-8"?>
<!-- Generated by org.testng.reporters.JUnitReportReporter -->
<testsuite hostname="DESKTOP-N7K85DJ" name="Warranty_Test_Case_Dev.Partner_With_US" tests="2" failures="0" timestamp="7 Mar 2022 16:16:38 GMT" time="50.458" errors="0">
  <testcase name="partner" time="26.342" classname="Warranty_Test_Case_Dev.Partner_With_US"/>
  <testcase name="partner" time="24.116" classname="Warranty_Test_Case_Dev.Partner_With_US"/>
</testsuite> <!-- Warranty_Test_Case_Dev.Partner_With_US -->
