<?xml version="1.0" encoding="UTF-8"?>
<!-- Generated by org.testng.reporters.JUnitReportReporter -->
<testsuite hostname="DESKTOP-N7K85DJ" name="Warranty_Test_Case_Prod.Partner_With_US" tests="2" failures="0" timestamp="11 Mar 2022 13:55:32 GMT" time="76.552" errors="0">
  <testcase name="partner" time="24.503" classname="Warranty_Test_Case_Prod.Partner_With_US"/>
  <testcase name="partner" time="52.049" classname="Warranty_Test_Case_Prod.Partner_With_US"/>
</testsuite> <!-- Warranty_Test_Case_Prod.Partner_With_US -->
