<?xml version="1.0" encoding="UTF-8"?>
<!-- Generated by org.testng.reporters.JUnitReportReporter -->
<testsuite hostname="DESKTOP-N7K85DJ" name="Tradewel_Test_Cases_Development.About_US" tests="2" failures="0" timestamp="15 Dec 2021 09:54:42 GMT" time="80.447" errors="0">
  <testcase name="main_Home_Page" time="38.973" classname="Tradewel_Test_Cases_Development.About_US"/>
  <testcase name="main_Home_Page" time="41.474" classname="Tradewel_Test_Cases_Development.About_US"/>
</testsuite> <!-- Tradewel_Test_Cases_Development.About_US -->
