<?xml version="1.0" encoding="UTF-8"?>
<!-- Generated by org.testng.reporters.JUnitReportReporter -->
<testsuite hostname="DESKTOP-N7K85DJ" name="MTL_Test_Cases_Prod.More_offers_TC" tests="2" failures="0" timestamp="30 Mar 2022 08:39:20 GMT" time="84.046" errors="0">
  <testcase name="More_offers" time="34.453" classname="MTL_Test_Cases_Prod.More_offers_TC"/>
  <testcase name="More_offers" time="49.593" classname="MTL_Test_Cases_Prod.More_offers_TC"/>
</testsuite> <!-- MTL_Test_Cases_Prod.More_offers_TC -->
