<?xml version="1.0" encoding="UTF-8"?>
<!-- Generated by org.testng.reporters.JUnitReportReporter -->
<testsuite hostname="DESKTOP-N7K85DJ" name="Promesa_Test_Case_Prod.Pharmacy_search" tests="2" failures="0" timestamp="1 Apr 2022 10:47:35 GMT" time="283.461" errors="0">
  <testcase name="Side_Heading_One" time="146.418" classname="Promesa_Test_Case_Prod.Pharmacy_search"/>
  <testcase name="Side_Heading_One" time="137.043" classname="Promesa_Test_Case_Prod.Pharmacy_search"/>
</testsuite> <!-- Promesa_Test_Case_Prod.Pharmacy_search -->
