<?xml version="1.0" encoding="UTF-8"?>
<!-- Generated by org.testng.reporters.JUnitReportReporter -->
<testsuite hostname="DESKTOP-N7K85DJ" name="Warranty_Test_Case_Dev.Partner_With_US" tests="2" failures="0" timestamp="14 Dec 2021 11:47:24 GMT" time="33.822" errors="0">
  <testcase name="partner" time="18.653" classname="Warranty_Test_Case_Dev.Partner_With_US"/>
  <testcase name="partner" time="15.169" classname="Warranty_Test_Case_Dev.Partner_With_US"/>
</testsuite> <!-- Warranty_Test_Case_Dev.Partner_With_US -->
