<?xml version="1.0" encoding="UTF-8"?>
<!-- Generated by org.testng.reporters.JUnitReportReporter -->
<testsuite hostname="DESKTOP-N7K85DJ" name="AUW_Test_case_prod.AUW_PPP" tests="2" failures="0" timestamp="22 Mar 2022 09:50:23 GMT" time="125.690" errors="0">
  <testcase name="main" time="98.504" classname="AUW_Test_case_prod.AUW_PPP"/>
  <testcase name="main" time="27.186" classname="AUW_Test_case_prod.AUW_PPP"/>
</testsuite> <!-- AUW_Test_case_prod.AUW_PPP -->
