<?xml version="1.0" encoding="UTF-8"?>
<!-- Generated by org.testng.reporters.JUnitReportReporter -->
<testsuite hostname="DESKTOP-N7K85DJ" name="AUW_Test_case_prod.AUW_Intelligence_TC" tests="2" failures="0" timestamp="2 May 2022 07:01:07 GMT" time="210.586" errors="0">
  <testcase name="main" time="123.500" classname="AUW_Test_case_prod.AUW_Intelligence_TC"/>
  <testcase name="main" time="87.086" classname="AUW_Test_case_prod.AUW_Intelligence_TC"/>
</testsuite> <!-- AUW_Test_case_prod.AUW_Intelligence_TC -->
