<?xml version="1.0" encoding="UTF-8"?>
<!-- Generated by org.testng.reporters.JUnitReportReporter -->
<testsuite hostname="DESKTOP-N7K85DJ" name="AUW_Test_Case_dev.AUW_header_web_Development" tests="2" failures="0" timestamp="14 Dec 2021 11:47:24 GMT" time="100.645" errors="0">
  <testcase name="main" time="56.062" classname="AUW_Test_Case_dev.AUW_header_web_Development"/>
  <testcase name="main" time="44.583" classname="AUW_Test_Case_dev.AUW_header_web_Development"/>
</testsuite> <!-- AUW_Test_Case_dev.AUW_header_web_Development -->
