<?xml version="1.0" encoding="UTF-8"?>
<!-- Generated by org.testng.reporters.JUnitReportReporter -->
<testsuite hostname="DESKTOP-N7K85DJ" name="Promesa_Test_Case_Development.Change_language" tests="2" failures="0" timestamp="7 Mar 2022 12:41:03 GMT" time="74.239" errors="0">
  <testcase name="Change_Language" time="27.029" classname="Promesa_Test_Case_Development.Change_language"/>
  <testcase name="Change_Language" time="47.210" classname="Promesa_Test_Case_Development.Change_language"/>
</testsuite> <!-- Promesa_Test_Case_Development.Change_language -->
