<?xml version="1.0" encoding="UTF-8"?>
<!-- Generated by org.testng.reporters.JUnitReportReporter -->
<testsuite hostname="DESKTOP-N7K85DJ" name="AUW_Test_case_prod.AUW_AboutUS" tests="2" failures="0" timestamp="15 Dec 2021 11:56:30 GMT" time="138.891" errors="0">
  <testcase name="AboutUS" time="66.536" classname="AUW_Test_case_prod.AUW_AboutUS"/>
  <testcase name="AboutUS" time="72.355" classname="AUW_Test_case_prod.AUW_AboutUS"/>
</testsuite> <!-- AUW_Test_case_prod.AUW_AboutUS -->
