<?xml version="1.0" encoding="UTF-8"?>
<!-- Generated by org.testng.reporters.JUnitReportReporter -->
<testsuite hostname="DESKTOP-N7K85DJ" name="AFL_Test_Case_Prod.HomePage_TC" tests="2" failures="0" timestamp="1 Apr 2022 10:47:35 GMT" time="285.997" errors="0">
  <testcase name="Home_Page" time="117.632" classname="AFL_Test_Case_Prod.HomePage_TC"/>
  <testcase name="Home_Page" time="168.365" classname="AFL_Test_Case_Prod.HomePage_TC"/>
</testsuite> <!-- AFL_Test_Case_Prod.HomePage_TC -->
