<?xml version="1.0" encoding="UTF-8"?>
<!-- Generated by org.testng.reporters.JUnitReportReporter -->
<testsuite hostname="DESKTOP-N7K85DJ" name="Adler_TestCases_Prod.Home" tests="2" failures="0" timestamp="25 Apr 2022 10:19:02 GMT" time="109.047" errors="0">
  <testcase name="main_Home_Page" time="32.914" classname="Adler_TestCases_Prod.Home"/>
  <testcase name="main_Home_Page" time="76.133" classname="Adler_TestCases_Prod.Home"/>
</testsuite> <!-- Adler_TestCases_Prod.Home -->
