<?xml version="1.0" encoding="UTF-8"?>
<!-- Generated by org.testng.reporters.JUnitReportReporter -->
<testsuite hostname="DESKTOP-N7K85DJ" name="Tradewel_Test_Cases_Development.About_US" tests="2" failures="0" timestamp="4 Mar 2022 12:50:00 GMT" time="134.232" errors="0">
  <testcase name="main_Home_Page" time="77.963" classname="Tradewel_Test_Cases_Development.About_US"/>
  <testcase name="main_Home_Page" time="56.269" classname="Tradewel_Test_Cases_Development.About_US"/>
</testsuite> <!-- Tradewel_Test_Cases_Development.About_US -->
