<?xml version="1.0" encoding="UTF-8"?>
<!-- Generated by org.testng.reporters.JUnitReportReporter -->
<testsuite hostname="DESKTOP-N7K85DJ" name="Promesa_Test_Case_Development.Footer" tests="2" failures="0" timestamp="5 Jan 2022 12:51:26 GMT" time="169.377" errors="0">
  <testcase name="Footer" time="94.053" classname="Promesa_Test_Case_Development.Footer"/>
  <testcase name="Footer" time="75.324" classname="Promesa_Test_Case_Development.Footer"/>
</testsuite> <!-- Promesa_Test_Case_Development.Footer -->
