<?xml version="1.0" encoding="UTF-8"?>
<!-- Generated by org.testng.reporters.JUnitReportReporter -->
<testsuite hostname="DESKTOP-N7K85DJ" name="Warranty_Test_Case_Dev.Our_Partner" tests="6" failures="0" timestamp="18 Jan 2022 14:49:19 GMT" time="523.269" errors="0">
  <testcase name="Partner1" time="100.429" classname="Warranty_Test_Case_Dev.Our_Partner"/>
  <testcase name="Partner2" time="78.231" classname="Warranty_Test_Case_Dev.Our_Partner"/>
  <testcase name="Partner6" time="80.843" classname="Warranty_Test_Case_Dev.Our_Partner"/>
  <testcase name="Partner5" time="81.627" classname="Warranty_Test_Case_Dev.Our_Partner"/>
  <testcase name="Partner3" time="97.115" classname="Warranty_Test_Case_Dev.Our_Partner"/>
  <testcase name="Partner4" time="85.024" classname="Warranty_Test_Case_Dev.Our_Partner"/>
</testsuite> <!-- Warranty_Test_Case_Dev.Our_Partner -->
