<?xml version="1.0" encoding="UTF-8"?>
<!-- Generated by org.testng.reporters.JUnitReportReporter -->
<testsuite hostname="DESKTOP-N7K85DJ" name="Adler_TestCases_Development.News" tests="1" failures="0" timestamp="9 Jun 2022 14:42:54 GMT" time="134.480" errors="0">
  <testcase name="main_Home_Page" time="134.480" classname="Adler_TestCases_Development.News"/>
</testsuite> <!-- Adler_TestCases_Development.News -->
