<?xml version="1.0" encoding="UTF-8"?>
<!-- Generated by org.testng.reporters.JUnitReportReporter -->
<testsuite hostname="DESKTOP-N7K85DJ" name="AUW_Test_case_prod.AUW_NJ_Update" tests="2" failures="0" timestamp="30 Dec 2021 15:02:05 GMT" time="91.903" errors="0">
  <testcase name="main" time="42.208" classname="AUW_Test_case_prod.AUW_NJ_Update"/>
  <testcase name="main" time="49.695" classname="AUW_Test_case_prod.AUW_NJ_Update"/>
</testsuite> <!-- AUW_Test_case_prod.AUW_NJ_Update -->
