<?xml version="1.0" encoding="UTF-8"?>
<!-- Generated by org.testng.reporters.JUnitReportReporter -->
<testsuite hostname="DESKTOP-N7K85DJ" name="AUW_Test_case_prod.AUW_AboutUS" tests="2" failures="0" timestamp="15 Mar 2022 10:17:10 GMT" time="212.957" errors="0">
  <testcase name="AboutUS" time="79.291" classname="AUW_Test_case_prod.AUW_AboutUS"/>
  <testcase name="AboutUS" time="133.666" classname="AUW_Test_case_prod.AUW_AboutUS"/>
</testsuite> <!-- AUW_Test_case_prod.AUW_AboutUS -->
