<?xml version="1.0" encoding="UTF-8"?>
<!-- Generated by org.testng.reporters.JUnitReportReporter -->
<testsuite hostname="DESKTOP-N7K85DJ" name="Casuality_Prod_TC.Menu_About_US" tests="2" failures="0" timestamp="2 May 2022 07:01:07 GMT" time="138.141" errors="0">
  <testcase name="HomePage" time="88.110" classname="Casuality_Prod_TC.Menu_About_US"/>
  <testcase name="HomePage" time="50.031" classname="Casuality_Prod_TC.Menu_About_US"/>
</testsuite> <!-- Casuality_Prod_TC.Menu_About_US -->
