<?xml version="1.0" encoding="UTF-8"?>
<!-- Generated by org.testng.reporters.JUnitReportReporter -->
<testsuite hostname="DESKTOP-N7K85DJ" name="Solution_one_Prod.Footer_Production" tests="2" failures="0" timestamp="30 Mar 2022 06:35:29 GMT" time="319.808" errors="0">
  <testcase name="Footer" time="257.903" classname="Solution_one_Prod.Footer_Production"/>
  <testcase name="Footer" time="61.905" classname="Solution_one_Prod.Footer_Production"/>
</testsuite> <!-- Solution_one_Prod.Footer_Production -->
