<?xml version="1.0" encoding="UTF-8"?>
<!-- Generated by org.testng.reporters.JUnitReportReporter -->
<testsuite hostname="DESKTOP-N7K85DJ" name="Careers_Test_case_Prod.Footer" tests="5" failures="0" timestamp="8 Apr 2022 13:59:34 GMT" time="117.365" errors="0">
  <testcase name="AUW_Facebook" time="24.569" classname="Careers_Test_case_Prod.Footer"/>
  <testcase name="AUW_Instagram" time="21.082" classname="Careers_Test_case_Prod.Footer"/>
  <testcase name="AUW_Linkedin" time="17.899" classname="Careers_Test_case_Prod.Footer"/>
  <testcase name="AUW_Policy" time="33.744" classname="Careers_Test_case_Prod.Footer"/>
  <testcase name="AUW_twitter" time="20.071" classname="Careers_Test_case_Prod.Footer"/>
</testsuite> <!-- Careers_Test_case_Prod.Footer -->
