<?xml version="1.0" encoding="UTF-8"?>
<!-- Generated by org.testng.reporters.JUnitReportReporter -->
<testsuite hostname="DESKTOP-N7K85DJ" name="AUW_Test_Case_dev.AUW_AboutUS" tests="2" failures="0" timestamp="22 Dec 2021 14:58:11 GMT" time="162.574" errors="0">
  <testcase name="AboutUS" time="83.344" classname="AUW_Test_Case_dev.AUW_AboutUS"/>
  <testcase name="AboutUS" time="79.230" classname="AUW_Test_Case_dev.AUW_AboutUS"/>
</testsuite> <!-- AUW_Test_Case_dev.AUW_AboutUS -->
