<?xml version="1.0" encoding="UTF-8"?>
<!-- Generated by org.testng.reporters.JUnitReportReporter -->
<testsuite hostname="DESKTOP-N7K85DJ" name="Casuality_Prod_TC.Menu_About_US" tests="2" failures="0" timestamp="15 Mar 2022 13:05:04 GMT" time="144.810" errors="0">
  <testcase name="HomePage" time="84.783" classname="Casuality_Prod_TC.Menu_About_US"/>
  <testcase name="HomePage" time="60.027" classname="Casuality_Prod_TC.Menu_About_US"/>
</testsuite> <!-- Casuality_Prod_TC.Menu_About_US -->
