<?xml version="1.0" encoding="UTF-8"?>
<!-- Generated by org.testng.reporters.JUnitReportReporter -->
<testsuite hostname="DESKTOP-N7K85DJ" name="Casuality_Prod_TC.Menu_Press_Room" tests="2" failures="0" timestamp="14 Mar 2022 12:30:26 GMT" time="139.383" errors="0">
  <testcase name="HomePage" time="63.337" classname="Casuality_Prod_TC.Menu_Press_Room"/>
  <testcase name="HomePage" time="76.046" classname="Casuality_Prod_TC.Menu_Press_Room"/>
</testsuite> <!-- Casuality_Prod_TC.Menu_Press_Room -->
