<?xml version="1.0" encoding="UTF-8"?>
<!-- Generated by org.testng.reporters.JUnitReportReporter -->
<testsuite hostname="DESKTOP-N7K85DJ" name="Warranty_Test_Case_Dev.About_US" tests="2" failures="0" timestamp="4 Mar 2022 12:50:00 GMT" time="115.174" errors="0">
  <testcase name="Home_page" time="53.394" classname="Warranty_Test_Case_Dev.About_US"/>
  <testcase name="Home_page" time="61.780" classname="Warranty_Test_Case_Dev.About_US"/>
</testsuite> <!-- Warranty_Test_Case_Dev.About_US -->
