<?xml version="1.0" encoding="UTF-8"?>
<!-- Generated by org.testng.reporters.JUnitReportReporter -->
<testsuite hostname="DESKTOP-N7K85DJ" name="Adler_TestCases_Prod.Home" tests="2" failures="0" timestamp="24 Dec 2021 14:37:44 GMT" time="64.532" errors="0">
  <testcase name="main_Home_Page" time="36.254" classname="Adler_TestCases_Prod.Home"/>
  <testcase name="main_Home_Page" time="28.278" classname="Adler_TestCases_Prod.Home"/>
</testsuite> <!-- Adler_TestCases_Prod.Home -->
