<?xml version="1.0" encoding="UTF-8"?>
<!-- Generated by org.testng.reporters.JUnitReportReporter -->
<testsuite hostname="DESKTOP-N7K85DJ" name="AUW_Test_case_prod.AUW_Intelligence_TC" tests="2" failures="0" timestamp="4 Mar 2022 11:36:24 GMT" time="215.510" errors="0">
  <testcase name="main" time="90.568" classname="AUW_Test_case_prod.AUW_Intelligence_TC"/>
  <testcase name="main" time="124.942" classname="AUW_Test_case_prod.AUW_Intelligence_TC"/>
</testsuite> <!-- AUW_Test_case_prod.AUW_Intelligence_TC -->
