<?xml version="1.0" encoding="UTF-8"?>
<!-- Generated by org.testng.reporters.JUnitReportReporter -->
<testsuite hostname="DESKTOP-N7K85DJ" name="Casuality_Prod_TC.Menu_About_US" tests="2" failures="0" timestamp="27 Apr 2022 11:15:08 GMT" time="168.139" errors="0">
  <testcase name="HomePage" time="51.302" classname="Casuality_Prod_TC.Menu_About_US"/>
  <testcase name="HomePage" time="116.837" classname="Casuality_Prod_TC.Menu_About_US"/>
</testsuite> <!-- Casuality_Prod_TC.Menu_About_US -->
