<?xml version="1.0" encoding="UTF-8"?>
<!-- Generated by org.testng.reporters.JUnitReportReporter -->
<testsuite hostname="DESKTOP-N7K85DJ" name="AUW_Test_case_prod.AUW_NJ_Update" tests="2" failures="0" timestamp="5 Jan 2022 10:13:38 GMT" time="144.736" errors="0">
  <testcase name="main" time="84.238" classname="AUW_Test_case_prod.AUW_NJ_Update"/>
  <testcase name="main" time="60.498" classname="AUW_Test_case_prod.AUW_NJ_Update"/>
</testsuite> <!-- AUW_Test_case_prod.AUW_NJ_Update -->
