<?xml version="1.0" encoding="UTF-8"?>
<!-- Generated by org.testng.reporters.JUnitReportReporter -->
<testsuite hostname="DESKTOP-N7K85DJ" name="Promesa_Test_Case_Prod.Footer" tests="10" failures="0" timestamp="18 Jan 2022 13:48:12 GMT" time="328.694" errors="0">
  <testcase name="Footer_PrivacyPolicy" time="34.206" classname="Promesa_Test_Case_Prod.Footer"/>
  <testcase name="Footer_twitter" time="35.418" classname="Promesa_Test_Case_Prod.Footer"/>
  <testcase name="Footer_instagram" time="21.892" classname="Promesa_Test_Case_Prod.Footer"/>
  <testcase name="Footer_instagram" time="20.779" classname="Promesa_Test_Case_Prod.Footer"/>
  <testcase name="Footer_twitter" time="37.026" classname="Promesa_Test_Case_Prod.Footer"/>
  <testcase name="Footer_facebook" time="38.681" classname="Promesa_Test_Case_Prod.Footer"/>
  <testcase name="Footer_linkedin" time="30.140" classname="Promesa_Test_Case_Prod.Footer"/>
  <testcase name="Footer_PrivacyPolicy" time="54.589" classname="Promesa_Test_Case_Prod.Footer"/>
  <testcase name="Footer_linkedin" time="20.450" classname="Promesa_Test_Case_Prod.Footer"/>
  <testcase name="Footer_facebook" time="35.513" classname="Promesa_Test_Case_Prod.Footer"/>
</testsuite> <!-- Promesa_Test_Case_Prod.Footer -->
