<?xml version="1.0" encoding="UTF-8"?>
<!-- Generated by org.testng.reporters.JUnitReportReporter -->
<testsuite hostname="DESKTOP-N7K85DJ" name="MTL_Test_Cases_Prod.Home_URL" tests="2" failures="0" timestamp="17 Mar 2022 12:33:04 GMT" time="86.134" errors="0">
  <testcase name="Footer" time="50.893" classname="MTL_Test_Cases_Prod.Home_URL"/>
  <testcase name="Footer" time="35.241" classname="MTL_Test_Cases_Prod.Home_URL"/>
</testsuite> <!-- MTL_Test_Cases_Prod.Home_URL -->
