<?xml version="1.0" encoding="UTF-8"?>
<!-- Generated by org.testng.reporters.JUnitReportReporter -->
<testsuite hostname="DESKTOP-N7K85DJ" name="Careers_Test_case_Prod.Footer" tests="10" failures="0" timestamp="16 Dec 2021 09:47:07 GMT" time="200.928" errors="0">
  <testcase name="AUW_Linkedin" time="18.097" classname="Careers_Test_case_Prod.Footer"/>
  <testcase name="AUW_Instagram" time="15.577" classname="Careers_Test_case_Prod.Footer"/>
  <testcase name="AUW_Policy" time="29.523" classname="Careers_Test_case_Prod.Footer"/>
  <testcase name="AUW_twitter" time="17.060" classname="Careers_Test_case_Prod.Footer"/>
  <testcase name="AUW_Instagram" time="16.283" classname="Careers_Test_case_Prod.Footer"/>
  <testcase name="AUW_Policy" time="32.869" classname="Careers_Test_case_Prod.Footer"/>
  <testcase name="AUW_Facebook" time="20.279" classname="Careers_Test_case_Prod.Footer"/>
  <testcase name="AUW_Linkedin" time="12.063" classname="Careers_Test_case_Prod.Footer"/>
  <testcase name="AUW_Facebook" time="24.833" classname="Careers_Test_case_Prod.Footer"/>
  <testcase name="AUW_twitter" time="14.344" classname="Careers_Test_case_Prod.Footer"/>
</testsuite> <!-- Careers_Test_case_Prod.Footer -->
