<?xml version="1.0" encoding="UTF-8"?>
<!-- Generated by org.testng.reporters.JUnitReportReporter -->
<testsuite hostname="DESKTOP-N7K85DJ" name="Speciality_underwriters_Test_Case_Dev.Home_TC" tests="2" failures="0" timestamp="10 Feb 2022 13:28:21 GMT" time="89.757" errors="0">
  <testcase name="Footer" time="31.353" classname="Speciality_underwriters_Test_Case_Dev.Home_TC"/>
  <testcase name="Footer" time="58.404" classname="Speciality_underwriters_Test_Case_Dev.Home_TC"/>
</testsuite> <!-- Speciality_underwriters_Test_Case_Dev.Home_TC -->
