<?xml version="1.0" encoding="UTF-8"?>
<!-- Generated by org.testng.reporters.JUnitReportReporter -->
<testsuite hostname="DESKTOP-N7K85DJ" name="AUW_Test_Case_dev.AUW_PPP" tests="2" failures="0" timestamp="14 Feb 2022 11:13:18 GMT" time="70.987" errors="0">
  <testcase name="main" time="32.482" classname="AUW_Test_Case_dev.AUW_PPP"/>
  <testcase name="main" time="38.505" classname="AUW_Test_Case_dev.AUW_PPP"/>
</testsuite> <!-- AUW_Test_Case_dev.AUW_PPP -->
