<?xml version="1.0" encoding="UTF-8"?>
<!-- Generated by org.testng.reporters.JUnitReportReporter -->
<testsuite hostname="DESKTOP-N7K85DJ" name="Casuality_Dev_TC.Menu_About_US" tests="2" failures="0" timestamp="11 Feb 2022 14:12:05 GMT" time="109.678" errors="0">
  <testcase name="HomePage" time="50.855" classname="Casuality_Dev_TC.Menu_About_US"/>
  <testcase name="HomePage" time="58.823" classname="Casuality_Dev_TC.Menu_About_US"/>
</testsuite> <!-- Casuality_Dev_TC.Menu_About_US -->
