<?xml version="1.0" encoding="UTF-8"?>
<!-- Generated by org.testng.reporters.JUnitReportReporter -->
<testsuite hostname="DESKTOP-N7K85DJ" name="Casuality_Dev_TC.Home_page" tests="2" failures="0" timestamp="10 Feb 2022 14:49:42 GMT" time="156.041" errors="0">
  <testcase name="HomePage" time="69.964" classname="Casuality_Dev_TC.Home_page"/>
  <testcase name="HomePage" time="86.077" classname="Casuality_Dev_TC.Home_page"/>
</testsuite> <!-- Casuality_Dev_TC.Home_page -->
