<?xml version="1.0" encoding="UTF-8"?>
<!-- Generated by org.testng.reporters.JUnitReportReporter -->
<testsuite hostname="DESKTOP-N7K85DJ" name="Promesa_Test_Case_Prod.Footer" tests="10" failures="0" timestamp="10 Feb 2022 16:37:51 GMT" time="210.549" errors="0">
  <testcase name="Footer_facebook" time="24.933" classname="Promesa_Test_Case_Prod.Footer"/>
  <testcase name="Footer_twitter" time="14.025" classname="Promesa_Test_Case_Prod.Footer"/>
  <testcase name="Footer_PrivacyPolicy" time="31.481" classname="Promesa_Test_Case_Prod.Footer"/>
  <testcase name="Footer_linkedin" time="19.359" classname="Promesa_Test_Case_Prod.Footer"/>
  <testcase name="Footer_facebook" time="30.187" classname="Promesa_Test_Case_Prod.Footer"/>
  <testcase name="Footer_instagram" time="16.381" classname="Promesa_Test_Case_Prod.Footer"/>
  <testcase name="Footer_twitter" time="20.850" classname="Promesa_Test_Case_Prod.Footer"/>
  <testcase name="Footer_PrivacyPolicy" time="27.211" classname="Promesa_Test_Case_Prod.Footer"/>
  <testcase name="Footer_instagram" time="13.818" classname="Promesa_Test_Case_Prod.Footer"/>
  <testcase name="Footer_linkedin" time="12.304" classname="Promesa_Test_Case_Prod.Footer"/>
</testsuite> <!-- Promesa_Test_Case_Prod.Footer -->
