<?xml version="1.0" encoding="UTF-8"?>
<!-- Generated by org.testng.reporters.JUnitReportReporter -->
<testsuite hostname="DESKTOP-N7K85DJ" name="Warranty_Test_Case_Dev.About_US" tests="2" failures="0" timestamp="4 Apr 2022 07:43:47 GMT" time="144.324" errors="0">
  <testcase name="Home_page" time="67.955" classname="Warranty_Test_Case_Dev.About_US"/>
  <testcase name="Home_page" time="76.369" classname="Warranty_Test_Case_Dev.About_US"/>
</testsuite> <!-- Warranty_Test_Case_Dev.About_US -->
