<?xml version="1.0" encoding="UTF-8"?>
<!-- Generated by org.testng.reporters.JUnitReportReporter -->
<testsuite hostname="DESKTOP-N7K85DJ" name="AUW_Test_case_prod.AUW_Heartwood" tests="1" failures="0" timestamp="5 May 2022 09:54:47 GMT" time="76.527" errors="0">
  <testcase name="main" time="76.527" classname="AUW_Test_case_prod.AUW_Heartwood"/>
</testsuite> <!-- AUW_Test_case_prod.AUW_Heartwood -->
