<?xml version="1.0" encoding="UTF-8"?>
<!-- Generated by org.testng.reporters.JUnitReportReporter -->
<testsuite hostname="DESKTOP-N7K85DJ" name="Casuality_Prod_TC.Menu_Press_Room" tests="2" failures="0" timestamp="31 Mar 2022 13:36:20 GMT" time="135.688" errors="0">
  <testcase name="HomePage" time="63.227" classname="Casuality_Prod_TC.Menu_Press_Room"/>
  <testcase name="HomePage" time="72.461" classname="Casuality_Prod_TC.Menu_Press_Room"/>
</testsuite> <!-- Casuality_Prod_TC.Menu_Press_Room -->
