<?xml version="1.0" encoding="UTF-8"?>
<!-- Generated by org.testng.reporters.JUnitReportReporter -->
<testsuite hostname="DESKTOP-N7K85DJ" name="Warranty_Test_Case_Prod.Our_Partner" tests="12" failures="0" timestamp="7 Feb 2022 13:48:17 GMT" time="1022.685" errors="0">
  <testcase name="Partner4" time="73.477" classname="Warranty_Test_Case_Prod.Our_Partner"/>
  <testcase name="Partner2" time="113.875" classname="Warranty_Test_Case_Prod.Our_Partner"/>
  <testcase name="Partner1" time="75.600" classname="Warranty_Test_Case_Prod.Our_Partner"/>
  <testcase name="Partner2" time="75.315" classname="Warranty_Test_Case_Prod.Our_Partner"/>
  <testcase name="Partner5" time="73.510" classname="Warranty_Test_Case_Prod.Our_Partner"/>
  <testcase name="Partner3" time="78.325" classname="Warranty_Test_Case_Prod.Our_Partner"/>
  <testcase name="Partner1" time="168.184" classname="Warranty_Test_Case_Prod.Our_Partner"/>
  <testcase name="Partner6" time="67.428" classname="Warranty_Test_Case_Prod.Our_Partner"/>
  <testcase name="Partner3" time="74.354" classname="Warranty_Test_Case_Prod.Our_Partner"/>
  <testcase name="Partner6" time="72.855" classname="Warranty_Test_Case_Prod.Our_Partner"/>
  <testcase name="Partner4" time="74.616" classname="Warranty_Test_Case_Prod.Our_Partner"/>
  <testcase name="Partner5" time="75.146" classname="Warranty_Test_Case_Prod.Our_Partner"/>
</testsuite> <!-- Warranty_Test_Case_Prod.Our_Partner -->
