<?xml version="1.0" encoding="UTF-8"?>
<!-- Generated by org.testng.reporters.JUnitReportReporter -->
<testsuite hostname="DESKTOP-N7K85DJ" name="AUW_Test_case_prod.AUW_Intelligence_TC" tests="2" failures="0" timestamp="12 Jan 2022 15:20:27 GMT" time="348.688" errors="0">
  <testcase name="main" time="91.131" classname="AUW_Test_case_prod.AUW_Intelligence_TC"/>
  <testcase name="main" time="257.557" classname="AUW_Test_case_prod.AUW_Intelligence_TC"/>
</testsuite> <!-- AUW_Test_case_prod.AUW_Intelligence_TC -->
