<?xml version="1.0" encoding="UTF-8"?>
<!-- Generated by org.testng.reporters.JUnitReportReporter -->
<testsuite hostname="DESKTOP-N7K85DJ" name="AUW_Test_case_prod.AUW_Intelligence_TC" tests="2" failures="0" timestamp="25 Jan 2022 14:00:35 GMT" time="306.632" errors="0">
  <testcase name="main" time="208.121" classname="AUW_Test_case_prod.AUW_Intelligence_TC"/>
  <testcase name="main" time="98.511" classname="AUW_Test_case_prod.AUW_Intelligence_TC"/>
</testsuite> <!-- AUW_Test_case_prod.AUW_Intelligence_TC -->
