<?xml version="1.0" encoding="UTF-8"?>
<!-- Generated by org.testng.reporters.JUnitReportReporter -->
<testsuite hostname="DESKTOP-N7K85DJ" name="Adler_TestCases_Prod.Home" tests="2" failures="0" timestamp="27 Jan 2022 13:33:16 GMT" time="78.674" errors="0">
  <testcase name="main_Home_Page" time="39.377" classname="Adler_TestCases_Prod.Home"/>
  <testcase name="main_Home_Page" time="39.297" classname="Adler_TestCases_Prod.Home"/>
</testsuite> <!-- Adler_TestCases_Prod.Home -->
