<?xml version="1.0" encoding="UTF-8"?>
<!-- Generated by org.testng.reporters.JUnitReportReporter -->
<testsuite hostname="DESKTOP-N7K85DJ" name="Warranty_Test_Case_Prod.Contact_US" tests="2" failures="0" timestamp="23 Feb 2022 13:23:04 GMT" time="98.216" errors="0">
  <testcase name="ContactUS" time="42.821" classname="Warranty_Test_Case_Prod.Contact_US"/>
  <testcase name="ContactUS" time="55.395" classname="Warranty_Test_Case_Prod.Contact_US"/>
</testsuite> <!-- Warranty_Test_Case_Prod.Contact_US -->
