<?xml version="1.0" encoding="UTF-8"?>
<!-- Generated by org.testng.reporters.JUnitReportReporter -->
<testsuite hostname="DESKTOP-N7K85DJ" name="AUW_Test_case_prod.AUW_AboutUS" tests="2" failures="0" timestamp="1 Mar 2022 12:40:42 GMT" time="183.251" errors="0">
  <testcase name="AboutUS" time="101.866" classname="AUW_Test_case_prod.AUW_AboutUS"/>
  <testcase name="AboutUS" time="81.385" classname="AUW_Test_case_prod.AUW_AboutUS"/>
</testsuite> <!-- AUW_Test_case_prod.AUW_AboutUS -->
