<?xml version="1.0" encoding="UTF-8"?>
<!-- Generated by org.testng.reporters.JUnitReportReporter -->
<testsuite hostname="DESKTOP-N7K85DJ" name="Casuality_Prod_TC.Menu_Contact_Us" tests="2" failures="0" timestamp="5 May 2022 09:54:47 GMT" time="74.519" errors="0">
  <testcase name="HomePage" time="42.199" classname="Casuality_Prod_TC.Menu_Contact_Us"/>
  <testcase name="HomePage" time="32.320" classname="Casuality_Prod_TC.Menu_Contact_Us"/>
</testsuite> <!-- Casuality_Prod_TC.Menu_Contact_Us -->
