<?xml version="1.0" encoding="UTF-8"?>
<!-- Generated by org.testng.reporters.JUnitReportReporter -->
<testsuite hostname="DESKTOP-N7K85DJ" name="Casuality_Prod_TC.Home_page" tests="2" failures="0" timestamp="2 May 2022 07:01:07 GMT" time="187.466" errors="0">
  <testcase name="HomePage" time="73.813" classname="Casuality_Prod_TC.Home_page"/>
  <testcase name="HomePage" time="113.653" classname="Casuality_Prod_TC.Home_page"/>
</testsuite> <!-- Casuality_Prod_TC.Home_page -->
