<?xml version="1.0" encoding="UTF-8"?>
<!-- Generated by org.testng.reporters.JUnitReportReporter -->
<testsuite hostname="DESKTOP-N7K85DJ" name="Warranty_Test_Case_Prod.About_US" tests="2" failures="0" timestamp="18 Jan 2022 13:48:13 GMT" time="160.198" errors="0">
  <testcase name="Home_page" time="105.749" classname="Warranty_Test_Case_Prod.About_US"/>
  <testcase name="Home_page" time="54.449" classname="Warranty_Test_Case_Prod.About_US"/>
</testsuite> <!-- Warranty_Test_Case_Prod.About_US -->
