<?xml version="1.0" encoding="UTF-8"?>
<!-- Generated by org.testng.reporters.JUnitReportReporter -->
<testsuite hostname="DESKTOP-N7K85DJ" name="AUW_Test_case_prod.AUW_CallUpdate" tests="2" failures="0" timestamp="10 Feb 2022 16:20:34 GMT" time="194.890" errors="0">
  <testcase name="main" time="139.691" classname="AUW_Test_case_prod.AUW_CallUpdate"/>
  <testcase name="main" time="55.199" classname="AUW_Test_case_prod.AUW_CallUpdate"/>
</testsuite> <!-- AUW_Test_case_prod.AUW_CallUpdate -->
