<?xml version="1.0" encoding="UTF-8"?>
<!-- Generated by org.testng.reporters.JUnitReportReporter -->
<testsuite hostname="DESKTOP-N7K85DJ" name="AUW_Test_case_prod.AUW_Experience" tests="2" failures="0" timestamp="22 Dec 2021 09:39:17 GMT" time="574.321" errors="0">
  <testcase name="main" time="292.491" classname="AUW_Test_case_prod.AUW_Experience"/>
  <testcase name="main" time="281.830" classname="AUW_Test_case_prod.AUW_Experience"/>
</testsuite> <!-- AUW_Test_case_prod.AUW_Experience -->
