<?xml version="1.0" encoding="UTF-8"?>
<!-- Generated by org.testng.reporters.JUnitReportReporter -->
<testsuite hostname="DESKTOP-N7K85DJ" name="AUW_Test_case_prod.AUW_Experience" tests="2" failures="0" timestamp="4 Mar 2022 11:36:24 GMT" time="647.821" errors="0">
  <testcase name="main" time="334.761" classname="AUW_Test_case_prod.AUW_Experience"/>
  <testcase name="main" time="313.060" classname="AUW_Test_case_prod.AUW_Experience"/>
</testsuite> <!-- AUW_Test_case_prod.AUW_Experience -->
