<?xml version="1.0" encoding="UTF-8"?>
<!-- Generated by org.testng.reporters.JUnitReportReporter -->
<testsuite hostname="DESKTOP-N7K85DJ" name="AFL_Test_Case_Prod.Footer_TC" tests="2" failures="0" timestamp="14 Jan 2022 12:33:11 GMT" time="262.031" errors="0">
  <testcase name="Footer" time="79.229" classname="AFL_Test_Case_Prod.Footer_TC"/>
  <testcase name="Footer" time="182.802" classname="AFL_Test_Case_Prod.Footer_TC"/>
</testsuite> <!-- AFL_Test_Case_Prod.Footer_TC -->
