<?xml version="1.0" encoding="UTF-8"?>
<!-- Generated by org.testng.reporters.JUnitReportReporter -->
<testsuite hostname="DESKTOP-N7K85DJ" name="Casuality_Prod_TC.Menu_Press_Room" tests="2" failures="0" timestamp="2 May 2022 07:01:07 GMT" time="155.568" errors="0">
  <testcase name="HomePage" time="61.138" classname="Casuality_Prod_TC.Menu_Press_Room"/>
  <testcase name="HomePage" time="94.430" classname="Casuality_Prod_TC.Menu_Press_Room"/>
</testsuite> <!-- Casuality_Prod_TC.Menu_Press_Room -->
