<?xml version="1.0" encoding="UTF-8"?>
<!-- Generated by org.testng.reporters.JUnitReportReporter -->
<testsuite hostname="DESKTOP-N7K85DJ" name="AFL_Test_Cases_Dev.AboutUS_OutsideUS_dev" tests="2" failures="0" timestamp="24 Feb 2022 15:18:06 GMT" time="105.702" errors="0">
  <testcase name="main_Home_Page" time="56.585" classname="AFL_Test_Cases_Dev.AboutUS_OutsideUS_dev"/>
  <testcase name="main_Home_Page" time="49.117" classname="AFL_Test_Cases_Dev.AboutUS_OutsideUS_dev"/>
</testsuite> <!-- AFL_Test_Cases_Dev.AboutUS_OutsideUS_dev -->
