<?xml version="1.0" encoding="UTF-8"?>
<!-- Generated by org.testng.reporters.JUnitReportReporter -->
<testsuite hostname="DESKTOP-N7K85DJ" name="Warranty_Test_Case_Prod.Contact_US" tests="2" failures="0" timestamp="7 Feb 2022 13:48:18 GMT" time="139.713" errors="0">
  <testcase name="ContactUS" time="91.156" classname="Warranty_Test_Case_Prod.Contact_US"/>
  <testcase name="ContactUS" time="48.557" classname="Warranty_Test_Case_Prod.Contact_US"/>
</testsuite> <!-- Warranty_Test_Case_Prod.Contact_US -->
