<?xml version="1.0" encoding="UTF-8"?>
<!-- Generated by org.testng.reporters.JUnitReportReporter -->
<testsuite hostname="DESKTOP-N7K85DJ" name="Careers_Test_case_Development.Side_Heading1" tests="1" failures="0" timestamp="17 Feb 2022 14:18:50 GMT" time="147.449" errors="0">
  <testcase name="Side_Heading" time="147.449" classname="Careers_Test_case_Development.Side_Heading1"/>
</testsuite> <!-- Careers_Test_case_Development.Side_Heading1 -->
