<?xml version="1.0" encoding="UTF-8"?>
<!-- Generated by org.testng.reporters.JUnitReportReporter -->
<testsuite hostname="DESKTOP-N7K85DJ" name="Casuality_Dev_TC.Home_page" tests="2" failures="0" timestamp="7 Mar 2022 16:52:16 GMT" time="142.301" errors="0">
  <testcase name="HomePage" time="70.362" classname="Casuality_Dev_TC.Home_page"/>
  <testcase name="HomePage" time="71.939" classname="Casuality_Dev_TC.Home_page"/>
</testsuite> <!-- Casuality_Dev_TC.Home_page -->
