<?xml version="1.0" encoding="UTF-8"?>
<!-- Generated by org.testng.reporters.JUnitReportReporter -->
<testsuite hostname="DESKTOP-N7K85DJ" name="MTL_Test_Cases_Prod.What_we_offer_URL_TC" tests="1" failures="0" timestamp="15 Feb 2022 16:57:26 GMT" time="93.306" errors="0">
  <testcase name="Heading" time="93.306" classname="MTL_Test_Cases_Prod.What_we_offer_URL_TC"/>
</testsuite> <!-- MTL_Test_Cases_Prod.What_we_offer_URL_TC -->
