<?xml version="1.0" encoding="UTF-8"?>
<!-- Generated by org.testng.reporters.JUnitReportReporter -->
<testsuite hostname="DESKTOP-N7K85DJ" name="AUW_Test_case_prod.AUW_AboutUS" tests="2" failures="0" timestamp="4 Mar 2022 11:36:24 GMT" time="191.077" errors="0">
  <testcase name="AboutUS" time="74.553" classname="AUW_Test_case_prod.AUW_AboutUS"/>
  <testcase name="AboutUS" time="116.524" classname="AUW_Test_case_prod.AUW_AboutUS"/>
</testsuite> <!-- AUW_Test_case_prod.AUW_AboutUS -->
