<?xml version="1.0" encoding="UTF-8"?>
<!-- Generated by org.testng.reporters.JUnitReportReporter -->
<testsuite hostname="DESKTOP-N7K85DJ" name="Casuality_Dev_TC.Menu_About_US" tests="2" failures="0" timestamp="14 Feb 2022 11:13:18 GMT" time="118.041" errors="0">
  <testcase name="HomePage" time="53.188" classname="Casuality_Dev_TC.Menu_About_US"/>
  <testcase name="HomePage" time="64.853" classname="Casuality_Dev_TC.Menu_About_US"/>
</testsuite> <!-- Casuality_Dev_TC.Menu_About_US -->
