<?xml version="1.0" encoding="UTF-8"?>
<!-- Generated by org.testng.reporters.JUnitReportReporter -->
<testsuite hostname="DESKTOP-N7K85DJ" name="Promesa_Test_Case_Prod.Change_language" tests="2" failures="0" timestamp="7 Feb 2022 13:48:17 GMT" time="29.043" errors="0">
  <testcase name="Change_Language" time="12.217" classname="Promesa_Test_Case_Prod.Change_language"/>
  <testcase name="Change_Language" time="16.826" classname="Promesa_Test_Case_Prod.Change_language"/>
</testsuite> <!-- Promesa_Test_Case_Prod.Change_language -->
