<?xml version="1.0" encoding="UTF-8"?>
<!-- Generated by org.testng.reporters.JUnitReportReporter -->
<testsuite hostname="DESKTOP-N7K85DJ" name="Warranty_Test_Case_Dev.Contact_US" tests="2" failures="0" timestamp="5 Jan 2022 12:51:26 GMT" time="149.783" errors="0">
  <testcase name="ContactUS" time="79.667" classname="Warranty_Test_Case_Dev.Contact_US"/>
  <testcase name="ContactUS" time="70.116" classname="Warranty_Test_Case_Dev.Contact_US"/>
</testsuite> <!-- Warranty_Test_Case_Dev.Contact_US -->
