<?xml version="1.0" encoding="UTF-8"?>
<!-- Generated by org.testng.reporters.JUnitReportReporter -->
<testsuite hostname="DESKTOP-N7K85DJ" name="Careers_Test_case_Prod.Footer" tests="10" failures="0" timestamp="21 Feb 2022 13:38:23 GMT" time="305.528" errors="0">
  <testcase name="AUW_twitter" time="40.466" classname="Careers_Test_case_Prod.Footer"/>
  <testcase name="AUW_Facebook" time="28.362" classname="Careers_Test_case_Prod.Footer"/>
  <testcase name="AUW_Policy" time="44.104" classname="Careers_Test_case_Prod.Footer"/>
  <testcase name="AUW_Linkedin" time="20.234" classname="Careers_Test_case_Prod.Footer"/>
  <testcase name="AUW_Instagram" time="21.365" classname="Careers_Test_case_Prod.Footer"/>
  <testcase name="AUW_twitter" time="20.738" classname="Careers_Test_case_Prod.Footer"/>
  <testcase name="AUW_Instagram" time="17.953" classname="Careers_Test_case_Prod.Footer"/>
  <testcase name="AUW_Policy" time="35.940" classname="Careers_Test_case_Prod.Footer"/>
  <testcase name="AUW_Facebook" time="27.669" classname="Careers_Test_case_Prod.Footer"/>
  <testcase name="AUW_Linkedin" time="48.697" classname="Careers_Test_case_Prod.Footer"/>
</testsuite> <!-- Careers_Test_case_Prod.Footer -->
