<?xml version="1.0" encoding="UTF-8"?>
<!-- Generated by org.testng.reporters.JUnitReportReporter -->
<testsuite hostname="DESKTOP-N7K85DJ" name="Casuality_Prod_TC.Menu_About_US" tests="2" failures="0" timestamp="10 May 2022 11:54:17 GMT" time="165.500" errors="0">
  <testcase name="HomePage" time="53.303" classname="Casuality_Prod_TC.Menu_About_US"/>
  <testcase name="HomePage" time="112.197" classname="Casuality_Prod_TC.Menu_About_US"/>
</testsuite> <!-- Casuality_Prod_TC.Menu_About_US -->
