<?xml version="1.0" encoding="UTF-8"?>
<!-- Generated by org.testng.reporters.JUnitReportReporter -->
<testsuite hostname="DESKTOP-N7K85DJ" name="Adler_TestCases_Prod.Home" tests="2" failures="0" timestamp="7 Mar 2022 11:16:52 GMT" time="108.425" errors="0">
  <testcase name="main_Home_Page" time="69.047" classname="Adler_TestCases_Prod.Home"/>
  <testcase name="main_Home_Page" time="39.378" classname="Adler_TestCases_Prod.Home"/>
</testsuite> <!-- Adler_TestCases_Prod.Home -->
