<?xml version="1.0" encoding="UTF-8"?>
<!-- Generated by org.testng.reporters.JUnitReportReporter -->
<testsuite hostname="DESKTOP-N7K85DJ" name="Adler_TestCases_Prod.News" tests="2" failures="0" timestamp="24 Feb 2022 14:29:27 GMT" time="317.845" errors="0">
  <testcase name="main_Home_Page" time="135.462" classname="Adler_TestCases_Prod.News"/>
  <testcase name="main_Home_Page" time="182.383" classname="Adler_TestCases_Prod.News"/>
</testsuite> <!-- Adler_TestCases_Prod.News -->
