<?xml version="1.0" encoding="UTF-8"?>
<!-- Generated by org.testng.reporters.JUnitReportReporter -->
<testsuite hostname="DESKTOP-N7K85DJ" name="AUW_Test_case_prod.AUW_AboutUS" tests="2" failures="0" timestamp="25 May 2022 13:05:44 GMT" time="204.960" errors="0">
  <testcase name="AboutUS" time="123.960" classname="AUW_Test_case_prod.AUW_AboutUS"/>
  <testcase name="AboutUS" time="81.000" classname="AUW_Test_case_prod.AUW_AboutUS"/>
</testsuite> <!-- AUW_Test_case_prod.AUW_AboutUS -->
