<?xml version="1.0" encoding="UTF-8"?>
<!-- Generated by org.testng.reporters.JUnitReportReporter -->
<testsuite hostname="DESKTOP-N7K85DJ" name="AFL_Test_Case_Prod.HomePage_TC" tests="2" failures="0" timestamp="10 Feb 2022 16:20:34 GMT" time="320.219" errors="0">
  <testcase name="Home_Page" time="124.723" classname="AFL_Test_Case_Prod.HomePage_TC"/>
  <testcase name="Home_Page" time="195.496" classname="AFL_Test_Case_Prod.HomePage_TC"/>
</testsuite> <!-- AFL_Test_Case_Prod.HomePage_TC -->
