<?xml version="1.0" encoding="UTF-8"?>
<!-- Generated by org.testng.reporters.JUnitReportReporter -->
<testsuite hostname="DESKTOP-N7K85DJ" name="MTL_Test_Cases_Prod.More_offers_TC" tests="2" failures="0" timestamp="23 May 2022 09:46:44 GMT" time="99.591" errors="0">
  <testcase name="More_offers" time="45.616" classname="MTL_Test_Cases_Prod.More_offers_TC"/>
  <testcase name="More_offers" time="53.975" classname="MTL_Test_Cases_Prod.More_offers_TC"/>
</testsuite> <!-- MTL_Test_Cases_Prod.More_offers_TC -->
