<?xml version="1.0" encoding="UTF-8"?>
<!-- Generated by org.testng.reporters.JUnitReportReporter -->
<testsuite hostname="DESKTOP-N7K85DJ" name="Promesa_Test_Case_Prod.Footer" tests="10" failures="0" timestamp="21 Feb 2022 13:14:22 GMT" time="328.532" errors="0">
  <testcase name="Footer_PrivacyPolicy" time="34.026" classname="Promesa_Test_Case_Prod.Footer"/>
  <testcase name="Footer_twitter" time="73.033" classname="Promesa_Test_Case_Prod.Footer"/>
  <testcase name="Footer_PrivacyPolicy" time="38.292" classname="Promesa_Test_Case_Prod.Footer"/>
  <testcase name="Footer_twitter" time="20.605" classname="Promesa_Test_Case_Prod.Footer"/>
  <testcase name="Footer_linkedin" time="24.527" classname="Promesa_Test_Case_Prod.Footer"/>
  <testcase name="Footer_facebook" time="31.801" classname="Promesa_Test_Case_Prod.Footer"/>
  <testcase name="Footer_facebook" time="36.349" classname="Promesa_Test_Case_Prod.Footer"/>
  <testcase name="Footer_instagram" time="32.574" classname="Promesa_Test_Case_Prod.Footer"/>
  <testcase name="Footer_linkedin" time="18.720" classname="Promesa_Test_Case_Prod.Footer"/>
  <testcase name="Footer_instagram" time="18.605" classname="Promesa_Test_Case_Prod.Footer"/>
</testsuite> <!-- Promesa_Test_Case_Prod.Footer -->
