<?xml version="1.0" encoding="UTF-8"?>
<!-- Generated by org.testng.reporters.JUnitReportReporter -->
<testsuite hostname="DESKTOP-N7K85DJ" name="Casuality_Prod_TC.Menu_Contact_Us" tests="2" failures="0" timestamp="12 Apr 2022 10:11:26 GMT" time="52.623" errors="0">
  <testcase name="HomePage" time="26.111" classname="Casuality_Prod_TC.Menu_Contact_Us"/>
  <testcase name="HomePage" time="26.512" classname="Casuality_Prod_TC.Menu_Contact_Us"/>
</testsuite> <!-- Casuality_Prod_TC.Menu_Contact_Us -->
