<?xml version="1.0" encoding="UTF-8"?>
<!-- Generated by org.testng.reporters.JUnitReportReporter -->
<testsuite hostname="DESKTOP-N7K85DJ" name="AUW_Test_Case_dev.AUW_PPP" tests="2" failures="0" timestamp="4 Mar 2022 12:50:00 GMT" time="70.357" errors="0">
  <testcase name="main" time="41.830" classname="AUW_Test_Case_dev.AUW_PPP"/>
  <testcase name="main" time="28.527" classname="AUW_Test_Case_dev.AUW_PPP"/>
</testsuite> <!-- AUW_Test_Case_dev.AUW_PPP -->
