<?xml version="1.0" encoding="UTF-8"?>
<!-- Generated by org.testng.reporters.JUnitReportReporter -->
<testsuite hostname="DESKTOP-N7K85DJ" name="Tradewel_Test_Cases_Production.About_US" tests="2" failures="0" timestamp="7 Mar 2022 11:16:52 GMT" time="193.517" errors="0">
  <testcase name="main_Home_Page" time="146.833" classname="Tradewel_Test_Cases_Production.About_US"/>
  <testcase name="main_Home_Page" time="46.684" classname="Tradewel_Test_Cases_Production.About_US"/>
</testsuite> <!-- Tradewel_Test_Cases_Production.About_US -->
