<?xml version="1.0" encoding="UTF-8"?>
<!-- Generated by org.testng.reporters.JUnitReportReporter -->
<testsuite hostname="DESKTOP-N7K85DJ" name="AUW_Test_Case_dev.AUW_Experience" tests="2" failures="0" timestamp="24 Feb 2022 15:18:06 GMT" time="682.480" errors="0">
  <testcase name="main" time="346.076" classname="AUW_Test_Case_dev.AUW_Experience"/>
  <testcase name="main" time="336.404" classname="AUW_Test_Case_dev.AUW_Experience"/>
</testsuite> <!-- AUW_Test_Case_dev.AUW_Experience -->
