<?xml version="1.0" encoding="UTF-8"?>
<!-- Generated by org.testng.reporters.JUnitReportReporter -->
<testsuite hostname="DESKTOP-N7K85DJ" name="AFL_Test_Case_Prod.AboutUS_OutsideUS" tests="2" failures="0" timestamp="1 Mar 2022 12:40:42 GMT" time="72.595" errors="0">
  <testcase name="main_Home_Page" time="30.522" classname="AFL_Test_Case_Prod.AboutUS_OutsideUS"/>
  <testcase name="main_Home_Page" time="42.073" classname="AFL_Test_Case_Prod.AboutUS_OutsideUS"/>
</testsuite> <!-- AFL_Test_Case_Prod.AboutUS_OutsideUS -->
