<?xml version="1.0" encoding="UTF-8"?>
<!-- Generated by org.testng.reporters.JUnitReportReporter -->
<testsuite hostname="DESKTOP-N7K85DJ" name="Adler_TestCases_Prod.News" tests="2" failures="0" timestamp="25 Feb 2022 12:26:47 GMT" time="283.840" errors="0">
  <testcase name="main_Home_Page" time="149.122" classname="Adler_TestCases_Prod.News"/>
  <testcase name="main_Home_Page" time="134.718" classname="Adler_TestCases_Prod.News"/>
</testsuite> <!-- Adler_TestCases_Prod.News -->
