<?xml version="1.0" encoding="UTF-8"?>
<!-- Generated by org.testng.reporters.JUnitReportReporter -->
<testsuite hostname="DESKTOP-N7K85DJ" name="AFL_Test_Case_Prod.Footer_TC" tests="2" failures="0" timestamp="14 Mar 2022 11:17:46 GMT" time="213.125" errors="0">
  <testcase name="Footer" time="136.559" classname="AFL_Test_Case_Prod.Footer_TC"/>
  <testcase name="Footer" time="76.566" classname="AFL_Test_Case_Prod.Footer_TC"/>
</testsuite> <!-- AFL_Test_Case_Prod.Footer_TC -->
