<?xml version="1.0" encoding="UTF-8"?>
<!-- Generated by org.testng.reporters.JUnitReportReporter -->
<testsuite hostname="DESKTOP-N7K85DJ" name="Adler_TestCases_Development.Home" tests="2" failures="0" timestamp="15 Dec 2021 09:54:42 GMT" time="72.509" errors="0">
  <testcase name="main_Home_Page" time="26.586" classname="Adler_TestCases_Development.Home"/>
  <testcase name="main_Home_Page" time="45.923" classname="Adler_TestCases_Development.Home"/>
</testsuite> <!-- Adler_TestCases_Development.Home -->
