<?xml version="1.0" encoding="UTF-8"?>
<!-- Generated by org.testng.reporters.JUnitReportReporter -->
<testsuite hostname="DESKTOP-N7K85DJ" name="AFL_Test_Cases_Dev.Footer_TC_dev" tests="2" failures="0" timestamp="28 Dec 2021 09:27:57 GMT" time="160.480" errors="0">
  <testcase name="Footer" time="81.798" classname="AFL_Test_Cases_Dev.Footer_TC_dev"/>
  <testcase name="Footer" time="78.682" classname="AFL_Test_Cases_Dev.Footer_TC_dev"/>
</testsuite> <!-- AFL_Test_Cases_Dev.Footer_TC_dev -->
