<?xml version="1.0" encoding="UTF-8"?>
<!-- Generated by org.testng.reporters.JUnitReportReporter -->
<testsuite hostname="DESKTOP-N7K85DJ" name="Adler_TestCases_Prod.News" tests="2" failures="0" timestamp="8 Apr 2022 08:47:38 GMT" time="279.595" errors="0">
  <testcase name="main_Home_Page" time="150.748" classname="Adler_TestCases_Prod.News"/>
  <testcase name="main_Home_Page" time="128.847" classname="Adler_TestCases_Prod.News"/>
</testsuite> <!-- Adler_TestCases_Prod.News -->
