<?xml version="1.0" encoding="UTF-8"?>
<!-- Generated by org.testng.reporters.JUnitReportReporter -->
<testsuite hostname="DESKTOP-N7K85DJ" name="MTL_Test_Cases_Prod.Home_URL" tests="2" failures="0" timestamp="12 Apr 2022 07:47:28 GMT" time="99.106" errors="0">
  <testcase name="Footer" time="39.507" classname="MTL_Test_Cases_Prod.Home_URL"/>
  <testcase name="Footer" time="59.599" classname="MTL_Test_Cases_Prod.Home_URL"/>
</testsuite> <!-- MTL_Test_Cases_Prod.Home_URL -->
