<?xml version="1.0" encoding="UTF-8"?>
<!-- Generated by org.testng.reporters.JUnitReportReporter -->
<testsuite hostname="DESKTOP-N7K85DJ" name="Casuality_Prod_TC.Menu_About_US" tests="2" failures="0" timestamp="21 Feb 2022 13:14:22 GMT" time="167.793" errors="0">
  <testcase name="HomePage" time="94.560" classname="Casuality_Prod_TC.Menu_About_US"/>
  <testcase name="HomePage" time="73.233" classname="Casuality_Prod_TC.Menu_About_US"/>
</testsuite> <!-- Casuality_Prod_TC.Menu_About_US -->
