<?xml version="1.0" encoding="UTF-8"?>
<!-- Generated by org.testng.reporters.JUnitReportReporter -->
<testsuite hostname="DESKTOP-N7K85DJ" name="AFL_Test_Case_Prod.HomePage_TC" tests="2" failures="0" timestamp="25 Feb 2022 12:26:47 GMT" time="263.602" errors="0">
  <testcase name="Home_Page" time="144.493" classname="AFL_Test_Case_Prod.HomePage_TC"/>
  <testcase name="Home_Page" time="119.109" classname="AFL_Test_Case_Prod.HomePage_TC"/>
</testsuite> <!-- AFL_Test_Case_Prod.HomePage_TC -->
