<?xml version="1.0" encoding="UTF-8"?>
<!-- Generated by org.testng.reporters.JUnitReportReporter -->
<testsuite hostname="DESKTOP-N7K85DJ" name="MTL_Test_Cases_Prod.More_offers_TC" tests="2" failures="0" timestamp="5 Jan 2022 10:13:38 GMT" time="113.411" errors="0">
  <testcase name="More_offers" time="58.919" classname="MTL_Test_Cases_Prod.More_offers_TC"/>
  <testcase name="More_offers" time="54.492" classname="MTL_Test_Cases_Prod.More_offers_TC"/>
</testsuite> <!-- MTL_Test_Cases_Prod.More_offers_TC -->
