<?xml version="1.0" encoding="UTF-8"?>
<!-- Generated by org.testng.reporters.JUnitReportReporter -->
<testsuite hostname="DESKTOP-N7K85DJ" name="AFL_Test_Case_Prod.Footer_TC" tests="2" failures="0" timestamp="22 Mar 2022 09:50:23 GMT" time="227.622" errors="0">
  <testcase name="Footer" time="76.057" classname="AFL_Test_Case_Prod.Footer_TC"/>
  <testcase name="Footer" time="151.565" classname="AFL_Test_Case_Prod.Footer_TC"/>
</testsuite> <!-- AFL_Test_Case_Prod.Footer_TC -->
