<?xml version="1.0" encoding="UTF-8"?>
<!-- Generated by org.testng.reporters.JUnitReportReporter -->
<testsuite hostname="DESKTOP-N7K85DJ" name="Adler_TestCases_Prod.Home" tests="2" failures="0" timestamp="11 Feb 2022 12:38:07 GMT" time="85.538" errors="0">
  <testcase name="main_Home_Page" time="39.621" classname="Adler_TestCases_Prod.Home"/>
  <testcase name="main_Home_Page" time="45.917" classname="Adler_TestCases_Prod.Home"/>
</testsuite> <!-- Adler_TestCases_Prod.Home -->
