<?xml version="1.0" encoding="UTF-8"?>
<!-- Generated by org.testng.reporters.JUnitReportReporter -->
<testsuite hostname="DESKTOP-N7K85DJ" name="Warranty_Test_Case_Prod.Contact_US" tests="2" failures="0" timestamp="15 Feb 2022 15:16:06 GMT" time="111.019" errors="0">
  <testcase name="ContactUS" time="60.474" classname="Warranty_Test_Case_Prod.Contact_US"/>
  <testcase name="ContactUS" time="50.545" classname="Warranty_Test_Case_Prod.Contact_US"/>
</testsuite> <!-- Warranty_Test_Case_Prod.Contact_US -->
