<?xml version="1.0" encoding="UTF-8"?>
<!-- Generated by org.testng.reporters.JUnitReportReporter -->
<testsuite hostname="DESKTOP-N7K85DJ" name="Credit_Global_Test_Cases_Prod.Forgot_Password" tests="2" failures="0" timestamp="25 Feb 2022 12:26:47 GMT" time="35.322" errors="0">
  <testcase name="HomePage_Header_login" time="18.123" classname="Credit_Global_Test_Cases_Prod.Forgot_Password"/>
  <testcase name="HomePage_Header_login" time="17.199" classname="Credit_Global_Test_Cases_Prod.Forgot_Password"/>
</testsuite> <!-- Credit_Global_Test_Cases_Prod.Forgot_Password -->
