<?xml version="1.0" encoding="UTF-8"?>
<!-- Generated by org.testng.reporters.JUnitReportReporter -->
<testsuite hostname="DESKTOP-N7K85DJ" name="Casuality_Prod_TC.Menu_Contact_Us" tests="2" failures="0" timestamp="8 Mar 2022 09:14:16 GMT" time="87.024" errors="0">
  <testcase name="HomePage" time="32.519" classname="Casuality_Prod_TC.Menu_Contact_Us"/>
  <testcase name="HomePage" time="54.505" classname="Casuality_Prod_TC.Menu_Contact_Us"/>
</testsuite> <!-- Casuality_Prod_TC.Menu_Contact_Us -->
