<?xml version="1.0" encoding="UTF-8"?>
<!-- Generated by org.testng.reporters.JUnitReportReporter -->
<testsuite hostname="DESKTOP-N7K85DJ" name="AFL_Test_Case_Prod.HomePage_TC" tests="2" failures="0" timestamp="24 Dec 2021 14:37:44 GMT" time="226.671" errors="0">
  <testcase name="Home_Page" time="118.567" classname="AFL_Test_Case_Prod.HomePage_TC"/>
  <testcase name="Home_Page" time="108.104" classname="AFL_Test_Case_Prod.HomePage_TC"/>
</testsuite> <!-- AFL_Test_Case_Prod.HomePage_TC -->
