<?xml version="1.0" encoding="UTF-8"?>
<!-- Generated by org.testng.reporters.JUnitReportReporter -->
<testsuite hostname="DESKTOP-N7K85DJ" name="AUW_Test_Case_dev.AUW_Intelligence_TC" tests="2" failures="0" timestamp="28 Feb 2022 07:58:39 GMT" time="221.720" errors="0">
  <testcase name="main" time="117.182" classname="AUW_Test_Case_dev.AUW_Intelligence_TC"/>
  <testcase name="main" time="104.538" classname="AUW_Test_Case_dev.AUW_Intelligence_TC"/>
</testsuite> <!-- AUW_Test_Case_dev.AUW_Intelligence_TC -->
