<?xml version="1.0" encoding="UTF-8"?>
<!-- Generated by org.testng.reporters.JUnitReportReporter -->
<testsuite hostname="DESKTOP-N7K85DJ" name="AFL_Test_Case_Prod.HomePage_TC" tests="2" failures="0" timestamp="9 Mar 2022 15:47:56 GMT" time="315.082" errors="0">
  <testcase name="Home_Page" time="187.106" classname="AFL_Test_Case_Prod.HomePage_TC"/>
  <testcase name="Home_Page" time="127.976" classname="AFL_Test_Case_Prod.HomePage_TC"/>
</testsuite> <!-- AFL_Test_Case_Prod.HomePage_TC -->
