<?xml version="1.0" encoding="UTF-8"?>
<!-- Generated by org.testng.reporters.JUnitReportReporter -->
<testsuite hostname="DESKTOP-N7K85DJ" name="Casuality_Prod_TC.Menu_Contact_Us" tests="2" failures="0" timestamp="15 Feb 2022 17:55:12 GMT" time="151.546" errors="0">
  <testcase name="HomePage" time="109.870" classname="Casuality_Prod_TC.Menu_Contact_Us"/>
  <testcase name="HomePage" time="41.676" classname="Casuality_Prod_TC.Menu_Contact_Us"/>
</testsuite> <!-- Casuality_Prod_TC.Menu_Contact_Us -->
