<?xml version="1.0" encoding="UTF-8"?>
<!-- Generated by org.testng.reporters.JUnitReportReporter -->
<testsuite hostname="DESKTOP-N7K85DJ" name="Careers_Test_case_Prod.Footer" tests="10" failures="0" timestamp="25 Feb 2022 12:26:47 GMT" time="271.268" errors="0">
  <testcase name="AUW_Policy" time="57.750" classname="Careers_Test_case_Prod.Footer"/>
  <testcase name="AUW_Instagram" time="17.015" classname="Careers_Test_case_Prod.Footer"/>
  <testcase name="AUW_Facebook" time="24.971" classname="Careers_Test_case_Prod.Footer"/>
  <testcase name="AUW_twitter" time="19.204" classname="Careers_Test_case_Prod.Footer"/>
  <testcase name="AUW_twitter" time="34.462" classname="Careers_Test_case_Prod.Footer"/>
  <testcase name="AUW_Instagram" time="17.905" classname="Careers_Test_case_Prod.Footer"/>
  <testcase name="AUW_Linkedin" time="18.772" classname="Careers_Test_case_Prod.Footer"/>
  <testcase name="AUW_Facebook" time="25.422" classname="Careers_Test_case_Prod.Footer"/>
  <testcase name="AUW_Linkedin" time="17.906" classname="Careers_Test_case_Prod.Footer"/>
  <testcase name="AUW_Policy" time="37.861" classname="Careers_Test_case_Prod.Footer"/>
</testsuite> <!-- Careers_Test_case_Prod.Footer -->
