<?xml version="1.0" encoding="UTF-8"?>
<!-- Generated by org.testng.reporters.JUnitReportReporter -->
<testsuite hostname="DESKTOP-N7K85DJ" name="Casuality_Prod_TC.Menu_Our_Carriers" tests="1" failures="0" timestamp="2 Mar 2022 15:18:38 GMT" time="40.534" errors="0">
  <testcase name="Carriers" time="40.534" classname="Casuality_Prod_TC.Menu_Our_Carriers"/>
</testsuite> <!-- Casuality_Prod_TC.Menu_Our_Carriers -->
