<?xml version="1.0" encoding="UTF-8"?>
<!-- Generated by org.testng.reporters.JUnitReportReporter -->
<testsuite hostname="DESKTOP-N7K85DJ" name="MTL_Test_Cases_Prod.More_offers_TC" tests="2" failures="0" timestamp="12 Apr 2022 07:47:29 GMT" time="90.128" errors="0">
  <testcase name="More_offers" time="48.806" classname="MTL_Test_Cases_Prod.More_offers_TC"/>
  <testcase name="More_offers" time="41.322" classname="MTL_Test_Cases_Prod.More_offers_TC"/>
</testsuite> <!-- MTL_Test_Cases_Prod.More_offers_TC -->
