<?xml version="1.0" encoding="UTF-8"?>
<!-- Generated by org.testng.reporters.JUnitReportReporter -->
<testsuite hostname="DESKTOP-N7K85DJ" name="Solution_one_Prod.Footer_Production" tests="2" failures="0" timestamp="4 Jan 2022 15:10:58 GMT" time="203.335" errors="0">
  <testcase name="Footer" time="98.865" classname="Solution_one_Prod.Footer_Production"/>
  <testcase name="Footer" time="104.470" classname="Solution_one_Prod.Footer_Production"/>
</testsuite> <!-- Solution_one_Prod.Footer_Production -->
