<?xml version="1.0" encoding="UTF-8"?>
<!-- Generated by org.testng.reporters.JUnitReportReporter -->
<testsuite hostname="DESKTOP-N7K85DJ" name="Solution_one_Development.Side_head_sample" tests="1" failures="0" timestamp="24 Jan 2022 11:23:12 GMT" time="103.918" errors="0">
  <testcase name="Side_Heading_Three" time="103.918" classname="Solution_one_Development.Side_head_sample"/>
</testsuite> <!-- Solution_one_Development.Side_head_sample -->
