<?xml version="1.0" encoding="UTF-8"?>
<!-- Generated by org.testng.reporters.JUnitReportReporter -->
<testsuite hostname="DESKTOP-N7K85DJ" name="JumboGC_Test_case_prod.Header_footer" tests="10" failures="0" timestamp="17 Mar 2022 13:26:34 GMT" time="378.609" errors="0">
  <testcase name="Footer_Facebook" time="37.655" classname="JumboGC_Test_case_prod.Header_footer"/>
  <testcase name="Header_Login" time="27.043" classname="JumboGC_Test_case_prod.Header_footer"/>
  <testcase name="Footer_Instagram" time="31.898" classname="JumboGC_Test_case_prod.Header_footer"/>
  <testcase name="Footer_linkedIN" time="31.483" classname="JumboGC_Test_case_prod.Header_footer"/>
  <testcase name="Header_Login" time="31.355" classname="JumboGC_Test_case_prod.Header_footer"/>
  <testcase name="Footer_linkedIN" time="59.266" classname="JumboGC_Test_case_prod.Header_footer"/>
  <testcase name="Footer_Instagram" time="37.418" classname="JumboGC_Test_case_prod.Header_footer"/>
  <testcase name="Footer_Facebook" time="32.998" classname="JumboGC_Test_case_prod.Header_footer"/>
  <testcase name="Footer_Privacy" time="42.707" classname="JumboGC_Test_case_prod.Header_footer"/>
  <testcase name="Footer_Privacy" time="46.786" classname="JumboGC_Test_case_prod.Header_footer"/>
</testsuite> <!-- JumboGC_Test_case_prod.Header_footer -->
