<?xml version="1.0" encoding="UTF-8"?>
<!-- Generated by org.testng.reporters.JUnitReportReporter -->
<testsuite hostname="DESKTOP-N7K85DJ" name="AUW_Test_Case_dev.AUW_NJ_Update" tests="2" failures="0" timestamp="17 Feb 2022 14:18:50 GMT" time="130.367" errors="0">
  <testcase name="main" time="71.125" classname="AUW_Test_Case_dev.AUW_NJ_Update"/>
  <testcase name="main" time="59.242" classname="AUW_Test_Case_dev.AUW_NJ_Update"/>
</testsuite> <!-- AUW_Test_Case_dev.AUW_NJ_Update -->
