<?xml version="1.0" encoding="UTF-8"?>
<!-- Generated by org.testng.reporters.JUnitReportReporter -->
<testsuite hostname="DESKTOP-N7K85DJ" name="MTL_Test_Cases_Prod.More_offers_TC" tests="2" failures="0" timestamp="18 Jan 2022 13:48:13 GMT" time="112.931" errors="0">
  <testcase name="More_offers" time="58.473" classname="MTL_Test_Cases_Prod.More_offers_TC"/>
  <testcase name="More_offers" time="54.458" classname="MTL_Test_Cases_Prod.More_offers_TC"/>
</testsuite> <!-- MTL_Test_Cases_Prod.More_offers_TC -->
