<?xml version="1.0" encoding="UTF-8"?>
<!-- Generated by org.testng.reporters.JUnitReportReporter -->
<testsuite hostname="DESKTOP-N7K85DJ" name="Promesa_Test_Case_Development.Footer" tests="1" failures="0" timestamp="9 Jun 2022 14:42:54 GMT" time="73.777" errors="0">
  <testcase name="Footer" time="73.777" classname="Promesa_Test_Case_Development.Footer"/>
</testsuite> <!-- Promesa_Test_Case_Development.Footer -->
