<?xml version="1.0" encoding="UTF-8"?>
<!-- Generated by org.testng.reporters.JUnitReportReporter -->
<testsuite hostname="DESKTOP-N7K85DJ" name="AUW_Test_Case_dev.AUW_CallUpdate" tests="2" failures="0" timestamp="18 Jan 2022 10:21:18 GMT" time="124.852" errors="0">
  <testcase name="main" time="67.100" classname="AUW_Test_Case_dev.AUW_CallUpdate"/>
  <testcase name="main" time="57.752" classname="AUW_Test_Case_dev.AUW_CallUpdate"/>
</testsuite> <!-- AUW_Test_Case_dev.AUW_CallUpdate -->
