<?xml version="1.0" encoding="UTF-8"?>
<!-- Generated by org.testng.reporters.JUnitReportReporter -->
<testsuite hostname="DESKTOP-N7K85DJ" name="Promesa_Test_Case_Prod.Footer" tests="10" failures="0" timestamp="14 Mar 2022 11:17:46 GMT" time="335.939" errors="0">
  <testcase name="Footer_facebook" time="29.749" classname="Promesa_Test_Case_Prod.Footer"/>
  <testcase name="Footer_linkedin" time="17.495" classname="Promesa_Test_Case_Prod.Footer"/>
  <testcase name="Footer_twitter" time="35.969" classname="Promesa_Test_Case_Prod.Footer"/>
  <testcase name="Footer_PrivacyPolicy" time="30.922" classname="Promesa_Test_Case_Prod.Footer"/>
  <testcase name="Footer_instagram" time="15.604" classname="Promesa_Test_Case_Prod.Footer"/>
  <testcase name="Footer_facebook" time="35.161" classname="Promesa_Test_Case_Prod.Footer"/>
  <testcase name="Footer_twitter" time="23.609" classname="Promesa_Test_Case_Prod.Footer"/>
  <testcase name="Footer_PrivacyPolicy" time="49.184" classname="Promesa_Test_Case_Prod.Footer"/>
  <testcase name="Footer_instagram" time="17.395" classname="Promesa_Test_Case_Prod.Footer"/>
  <testcase name="Footer_linkedin" time="80.851" classname="Promesa_Test_Case_Prod.Footer"/>
</testsuite> <!-- Promesa_Test_Case_Prod.Footer -->
