<?xml version="1.0" encoding="UTF-8"?>
<!-- Generated by org.testng.reporters.JUnitReportReporter -->
<testsuite hostname="DESKTOP-N7K85DJ" name="Promesa_Test_Case_Prod.Change_language" tests="2" failures="0" timestamp="25 Feb 2022 12:26:47 GMT" time="19.794" errors="0">
  <testcase name="Change_Language" time="10.453" classname="Promesa_Test_Case_Prod.Change_language"/>
  <testcase name="Change_Language" time="9.341" classname="Promesa_Test_Case_Prod.Change_language"/>
</testsuite> <!-- Promesa_Test_Case_Prod.Change_language -->
