<?xml version="1.0" encoding="UTF-8"?>
<!-- Generated by org.testng.reporters.JUnitReportReporter -->
<testsuite hostname="DESKTOP-N7K85DJ" name="AUW_Test_Case_dev.AUW_AboutUS" tests="2" failures="0" timestamp="4 Apr 2022 06:52:09 GMT" time="196.189" errors="0">
  <testcase name="AboutUS" time="100.585" classname="AUW_Test_Case_dev.AUW_AboutUS"/>
  <testcase name="AboutUS" time="95.604" classname="AUW_Test_Case_dev.AUW_AboutUS"/>
</testsuite> <!-- AUW_Test_Case_dev.AUW_AboutUS -->
