<?xml version="1.0" encoding="UTF-8"?>
<!-- Generated by org.testng.reporters.JUnitReportReporter -->
<testsuite hostname="DESKTOP-N7K85DJ" name="Promesa_Test_Case_Prod.Change_language" tests="2" failures="0" timestamp="16 Dec 2021 09:47:07 GMT" time="17.810" errors="0">
  <testcase name="Change_Language" time="10.986" classname="Promesa_Test_Case_Prod.Change_language"/>
  <testcase name="Change_Language" time="6.824" classname="Promesa_Test_Case_Prod.Change_language"/>
</testsuite> <!-- Promesa_Test_Case_Prod.Change_language -->
