<?xml version="1.0" encoding="UTF-8"?>
<!-- Generated by org.testng.reporters.JUnitReportReporter -->
<testsuite hostname="DESKTOP-N7K85DJ" name="Adler_TestCases_Prod.Home" tests="2" failures="0" timestamp="27 Dec 2021 15:43:57 GMT" time="57.658" errors="0">
  <testcase name="main_Home_Page" time="27.518" classname="Adler_TestCases_Prod.Home"/>
  <testcase name="main_Home_Page" time="30.140" classname="Adler_TestCases_Prod.Home"/>
</testsuite> <!-- Adler_TestCases_Prod.Home -->
