<?xml version="1.0" encoding="UTF-8"?>
<!-- Generated by org.testng.reporters.JUnitReportReporter -->
<testsuite hostname="DESKTOP-N7K85DJ" name="AUW_Test_case_prod.AUW_Heartwood" tests="1" failures="0" timestamp="14 Jan 2022 12:33:11 GMT" time="88.150" errors="0">
  <testcase name="main" time="88.150" classname="AUW_Test_case_prod.AUW_Heartwood"/>
</testsuite> <!-- AUW_Test_case_prod.AUW_Heartwood -->
