<?xml version="1.0" encoding="UTF-8"?>
<!-- Generated by org.testng.reporters.JUnitReportReporter -->
<testsuite hostname="DESKTOP-N7K85DJ" name="Solution_one_Development.Footer_Develop" tests="2" failures="0" timestamp="18 Jan 2022 10:21:18 GMT" time="186.078" errors="0">
  <testcase name="Footer" time="71.090" classname="Solution_one_Development.Footer_Develop"/>
  <testcase name="Footer" time="114.988" classname="Solution_one_Development.Footer_Develop"/>
</testsuite> <!-- Solution_one_Development.Footer_Develop -->
