<?xml version="1.0" encoding="UTF-8"?>
<!-- Generated by org.testng.reporters.JUnitReportReporter -->
<testsuite hostname="DESKTOP-N7K85DJ" name="Solution_one_Prod.Footer_Production" tests="2" failures="0" timestamp="17 Feb 2022 12:40:42 GMT" time="222.258" errors="0">
  <testcase name="Footer" time="155.187" classname="Solution_one_Prod.Footer_Production"/>
  <testcase name="Footer" time="67.071" classname="Solution_one_Prod.Footer_Production"/>
</testsuite> <!-- Solution_one_Prod.Footer_Production -->
