<?xml version="1.0" encoding="UTF-8"?>
<!-- Generated by org.testng.reporters.JUnitReportReporter -->
<testsuite hostname="DESKTOP-N7K85DJ" name="AUW_Test_case_prod.AUW_Experience" tests="2" failures="0" timestamp="26 Apr 2022 10:56:41 GMT" time="710.899" errors="0">
  <testcase name="main" time="366.616" classname="AUW_Test_case_prod.AUW_Experience"/>
  <testcase name="main" time="344.283" classname="AUW_Test_case_prod.AUW_Experience"/>
</testsuite> <!-- AUW_Test_case_prod.AUW_Experience -->
