<?xml version="1.0" encoding="UTF-8"?>
<!-- Generated by org.testng.reporters.JUnitReportReporter -->
<testsuite hostname="DESKTOP-N7K85DJ" name="MTL_Test_Cases_Prod.Home_URL" tests="2" failures="0" timestamp="11 Mar 2022 13:55:32 GMT" time="218.392" errors="0">
  <testcase name="Footer" time="170.414" classname="MTL_Test_Cases_Prod.Home_URL"/>
  <testcase name="Footer" time="47.978" classname="MTL_Test_Cases_Prod.Home_URL"/>
</testsuite> <!-- MTL_Test_Cases_Prod.Home_URL -->
