<?xml version="1.0" encoding="UTF-8"?>
<!-- Generated by org.testng.reporters.JUnitReportReporter -->
<testsuite hostname="DESKTOP-N7K85DJ" name="AUW_Test_case_prod.AUW_NJ_Update" tests="2" failures="0" timestamp="25 Feb 2022 12:26:47 GMT" time="127.282" errors="0">
  <testcase name="main" time="49.019" classname="AUW_Test_case_prod.AUW_NJ_Update"/>
  <testcase name="main" time="78.263" classname="AUW_Test_case_prod.AUW_NJ_Update"/>
</testsuite> <!-- AUW_Test_case_prod.AUW_NJ_Update -->
