<?xml version="1.0" encoding="UTF-8"?>
<!-- Generated by org.testng.reporters.JUnitReportReporter -->
<testsuite hostname="DESKTOP-N7K85DJ" name="Tradewel_Test_Cases_Development.About_US" tests="2" failures="0" timestamp="14 Dec 2021 11:47:24 GMT" time="81.939" errors="0">
  <testcase name="main_Home_Page" time="40.169" classname="Tradewel_Test_Cases_Development.About_US"/>
  <testcase name="main_Home_Page" time="41.770" classname="Tradewel_Test_Cases_Development.About_US"/>
</testsuite> <!-- Tradewel_Test_Cases_Development.About_US -->
