<?xml version="1.0" encoding="UTF-8"?>
<!-- Generated by org.testng.reporters.JUnitReportReporter -->
<testsuite hostname="DESKTOP-N7K85DJ" name="Solution_one_Development.Footer_Develop" tests="2" failures="0" timestamp="17 Feb 2022 14:18:51 GMT" time="183.488" errors="0">
  <testcase name="Footer" time="77.702" classname="Solution_one_Development.Footer_Develop"/>
  <testcase name="Footer" time="105.786" classname="Solution_one_Development.Footer_Develop"/>
</testsuite> <!-- Solution_one_Development.Footer_Develop -->
