<?xml version="1.0" encoding="UTF-8"?>
<!-- Generated by org.testng.reporters.JUnitReportReporter -->
<testsuite hostname="DESKTOP-N7K85DJ" name="Warranty_Test_Case_Dev.Contact_US" tests="2" failures="0" timestamp="16 Dec 2021 13:45:34 GMT" time="87.835" errors="0">
  <testcase name="ContactUS" time="41.357" classname="Warranty_Test_Case_Dev.Contact_US"/>
  <testcase name="ContactUS" time="46.478" classname="Warranty_Test_Case_Dev.Contact_US"/>
</testsuite> <!-- Warranty_Test_Case_Dev.Contact_US -->
