<?xml version="1.0" encoding="UTF-8"?>
<!-- Generated by org.testng.reporters.JUnitReportReporter -->
<testsuite hostname="DESKTOP-N7K85DJ" name="AUW_Test_Case_dev.AUW_CallUpdate" tests="2" failures="0" timestamp="15 Dec 2021 09:54:42 GMT" time="98.132" errors="0">
  <testcase name="main" time="50.603" classname="AUW_Test_Case_dev.AUW_CallUpdate"/>
  <testcase name="main" time="47.529" classname="AUW_Test_Case_dev.AUW_CallUpdate"/>
</testsuite> <!-- AUW_Test_Case_dev.AUW_CallUpdate -->
