<?xml version="1.0" encoding="UTF-8"?>
<!-- Generated by org.testng.reporters.JUnitReportReporter -->
<testsuite hostname="DESKTOP-N7K85DJ" name="AUW_Test_Case_dev.AUW_NJ_Update" tests="2" failures="0" timestamp="14 Feb 2022 11:13:18 GMT" time="115.141" errors="0">
  <testcase name="main" time="55.910" classname="AUW_Test_Case_dev.AUW_NJ_Update"/>
  <testcase name="main" time="59.231" classname="AUW_Test_Case_dev.AUW_NJ_Update"/>
</testsuite> <!-- AUW_Test_Case_dev.AUW_NJ_Update -->
