<?xml version="1.0" encoding="UTF-8"?>
<!-- Generated by org.testng.reporters.JUnitReportReporter -->
<testsuite hostname="DESKTOP-N7K85DJ" name="Careers_Test_case_Development.Footer" tests="2" failures="0" timestamp="18 Jan 2022 10:21:18 GMT" time="202.025" errors="0">
  <testcase name="AUW_Footer" time="102.128" classname="Careers_Test_case_Development.Footer"/>
  <testcase name="AUW_Footer" time="99.897" classname="Careers_Test_case_Development.Footer"/>
</testsuite> <!-- Careers_Test_case_Development.Footer -->
