<?xml version="1.0" encoding="UTF-8"?>
<!-- Generated by org.testng.reporters.JUnitReportReporter -->
<testsuite hostname="DESKTOP-N7K85DJ" name="AUW_Test_case_prod.AUW_NJ_Update" tests="2" failures="0" timestamp="12 Jan 2022 15:20:27 GMT" time="233.590" errors="0">
  <testcase name="main" time="184.298" classname="AUW_Test_case_prod.AUW_NJ_Update"/>
  <testcase name="main" time="49.292" classname="AUW_Test_case_prod.AUW_NJ_Update"/>
</testsuite> <!-- AUW_Test_case_prod.AUW_NJ_Update -->
