<?xml version="1.0" encoding="UTF-8"?>
<!-- Generated by org.testng.reporters.JUnitReportReporter -->
<testsuite hostname="DESKTOP-N7K85DJ" name="Solution_one_Prod.Footer_Production" tests="2" failures="0" timestamp="12 Apr 2022 07:47:29 GMT" time="161.018" errors="0">
  <testcase name="Footer" time="100.950" classname="Solution_one_Prod.Footer_Production"/>
  <testcase name="Footer" time="60.068" classname="Solution_one_Prod.Footer_Production"/>
</testsuite> <!-- Solution_one_Prod.Footer_Production -->
