<?xml version="1.0" encoding="UTF-8"?>
<!-- Generated by org.testng.reporters.JUnitReportReporter -->
<testsuite hostname="DESKTOP-N7K85DJ" name="Adler_TestCases_Development.News" tests="2" failures="0" timestamp="9 Dec 2021 11:12:25 GMT" time="249.379" errors="0">
  <testcase name="main_Home_Page" time="121.931" classname="Adler_TestCases_Development.News"/>
  <testcase name="main_Home_Page" time="127.448" classname="Adler_TestCases_Development.News"/>
</testsuite> <!-- Adler_TestCases_Development.News -->
