<?xml version="1.0" encoding="UTF-8"?>
<!-- Generated by org.testng.reporters.JUnitReportReporter -->
<testsuite hostname="DESKTOP-N7K85DJ" name="Solution_one_Development.Footer_Develop" tests="2" failures="0" timestamp="8 Mar 2022 10:47:11 GMT" time="176.408" errors="0">
  <testcase name="Footer" time="85.234" classname="Solution_one_Development.Footer_Develop"/>
  <testcase name="Footer" time="91.174" classname="Solution_one_Development.Footer_Develop"/>
</testsuite> <!-- Solution_one_Development.Footer_Develop -->
