<?xml version="1.0" encoding="UTF-8"?>
<!-- Generated by org.testng.reporters.JUnitReportReporter -->
<testsuite hostname="DESKTOP-N7K85DJ" name="Promesa_Test_Case_Development.Side_Heading_Two" tests="1" failures="0" timestamp="24 Feb 2022 15:18:07 GMT" time="26.427" errors="0">
  <testcase name="Siheading_2" time="26.427" classname="Promesa_Test_Case_Development.Side_Heading_Two"/>
</testsuite> <!-- Promesa_Test_Case_Development.Side_Heading_Two -->
