<?xml version="1.0" encoding="UTF-8"?>
<!-- Generated by org.testng.reporters.JUnitReportReporter -->
<testsuite hostname="DESKTOP-N7K85DJ" name="Warranty_Test_Case_Prod.Contact_US" tests="2" failures="0" timestamp="28 Feb 2022 06:59:29 GMT" time="161.092" errors="0">
  <testcase name="ContactUS" time="54.551" classname="Warranty_Test_Case_Prod.Contact_US"/>
  <testcase name="ContactUS" time="106.541" classname="Warranty_Test_Case_Prod.Contact_US"/>
</testsuite> <!-- Warranty_Test_Case_Prod.Contact_US -->
