<?xml version="1.0" encoding="UTF-8"?>
<!-- Generated by org.testng.reporters.JUnitReportReporter -->
<testsuite hostname="DESKTOP-N7K85DJ" name="MTL_Test_Cases_Prod.Home_URL" tests="2" failures="0" timestamp="28 Feb 2022 06:59:29 GMT" time="170.901" errors="0">
  <testcase name="Footer" time="59.229" classname="MTL_Test_Cases_Prod.Home_URL"/>
  <testcase name="Footer" time="111.672" classname="MTL_Test_Cases_Prod.Home_URL"/>
</testsuite> <!-- MTL_Test_Cases_Prod.Home_URL -->
