<?xml version="1.0" encoding="UTF-8"?>
<!-- Generated by org.testng.reporters.JUnitReportReporter -->
<testsuite hostname="DESKTOP-N7K85DJ" name="Adler_TestCases_Prod.News" tests="2" failures="0" timestamp="31 Mar 2022 09:38:46 GMT" time="348.638" errors="0">
  <testcase name="main_Home_Page" time="208.996" classname="Adler_TestCases_Prod.News"/>
  <testcase name="main_Home_Page" time="139.642" classname="Adler_TestCases_Prod.News"/>
</testsuite> <!-- Adler_TestCases_Prod.News -->
