<?xml version="1.0" encoding="UTF-8"?>
<!-- Generated by org.testng.reporters.JUnitReportReporter -->
<testsuite hostname="DESKTOP-N7K85DJ" name="Promesa_Test_Case_Development.Change_language" tests="2" failures="0" timestamp="23 Feb 2022 12:36:01 GMT" time="47.881" errors="0">
  <testcase name="Change_Language" time="20.001" classname="Promesa_Test_Case_Development.Change_language"/>
  <testcase name="Change_Language" time="27.880" classname="Promesa_Test_Case_Development.Change_language"/>
</testsuite> <!-- Promesa_Test_Case_Development.Change_language -->
