<?xml version="1.0" encoding="UTF-8"?>
<!-- Generated by org.testng.reporters.JUnitReportReporter -->
<testsuite hostname="DESKTOP-N7K85DJ" name="Casuality_Prod_TC.Menu_About_US" tests="2" failures="0" timestamp="24 Feb 2022 14:29:27 GMT" time="132.548" errors="0">
  <testcase name="HomePage" time="53.509" classname="Casuality_Prod_TC.Menu_About_US"/>
  <testcase name="HomePage" time="79.039" classname="Casuality_Prod_TC.Menu_About_US"/>
</testsuite> <!-- Casuality_Prod_TC.Menu_About_US -->
