<?xml version="1.0" encoding="UTF-8"?>
<!-- Generated by org.testng.reporters.JUnitReportReporter -->
<testsuite hostname="DESKTOP-N7K85DJ" name="Promesa_Test_Case_Prod.Footer" tests="10" failures="0" timestamp="25 May 2022 13:05:44 GMT" time="316.422" errors="0">
  <testcase name="Footer_twitter" time="19.170" classname="Promesa_Test_Case_Prod.Footer"/>
  <testcase name="Footer_linkedin" time="50.776" classname="Promesa_Test_Case_Prod.Footer"/>
  <testcase name="Footer_facebook" time="30.003" classname="Promesa_Test_Case_Prod.Footer"/>
  <testcase name="Footer_instagram" time="17.980" classname="Promesa_Test_Case_Prod.Footer"/>
  <testcase name="Footer_PrivacyPolicy" time="54.954" classname="Promesa_Test_Case_Prod.Footer"/>
  <testcase name="Footer_linkedin" time="17.065" classname="Promesa_Test_Case_Prod.Footer"/>
  <testcase name="Footer_facebook" time="48.927" classname="Promesa_Test_Case_Prod.Footer"/>
  <testcase name="Footer_instagram" time="23.573" classname="Promesa_Test_Case_Prod.Footer"/>
  <testcase name="Footer_twitter" time="20.822" classname="Promesa_Test_Case_Prod.Footer"/>
  <testcase name="Footer_PrivacyPolicy" time="33.152" classname="Promesa_Test_Case_Prod.Footer"/>
</testsuite> <!-- Promesa_Test_Case_Prod.Footer -->
