<?xml version="1.0" encoding="UTF-8"?>
<!-- Generated by org.testng.reporters.JUnitReportReporter -->
<testsuite hostname="DESKTOP-N7K85DJ" name="AFL_Test_Case_Prod.HomePage_TC" tests="2" failures="0" timestamp="18 Jan 2022 13:48:13 GMT" time="288.285" errors="0">
  <testcase name="Home_Page" time="162.878" classname="AFL_Test_Case_Prod.HomePage_TC"/>
  <testcase name="Home_Page" time="125.407" classname="AFL_Test_Case_Prod.HomePage_TC"/>
</testsuite> <!-- AFL_Test_Case_Prod.HomePage_TC -->
