<?xml version="1.0" encoding="UTF-8"?>
<!-- Generated by org.testng.reporters.JUnitReportReporter -->
<testsuite hostname="DESKTOP-N7K85DJ" name="AFL_Test_Case_Prod.HomePage_TC" tests="2" failures="0" timestamp="15 Dec 2021 11:56:30 GMT" time="248.527" errors="0">
  <testcase name="Home_Page" time="119.429" classname="AFL_Test_Case_Prod.HomePage_TC"/>
  <testcase name="Home_Page" time="129.098" classname="AFL_Test_Case_Prod.HomePage_TC"/>
</testsuite> <!-- AFL_Test_Case_Prod.HomePage_TC -->
