<?xml version="1.0" encoding="UTF-8"?>
<!-- Generated by org.testng.reporters.JUnitReportReporter -->
<testsuite hostname="DESKTOP-N7K85DJ" name="Careers_Test_case_Prod.Footer" tests="10" failures="0" timestamp="23 May 2022 09:46:44 GMT" time="391.407" errors="0">
  <testcase name="AUW_Instagram" time="21.037" classname="Careers_Test_case_Prod.Footer"/>
  <testcase name="AUW_Linkedin" time="18.784" classname="Careers_Test_case_Prod.Footer"/>
  <testcase name="AUW_twitter" time="20.515" classname="Careers_Test_case_Prod.Footer"/>
  <testcase name="AUW_Policy" time="33.714" classname="Careers_Test_case_Prod.Footer"/>
  <testcase name="AUW_Facebook" time="26.903" classname="Careers_Test_case_Prod.Footer"/>
  <testcase name="AUW_twitter" time="87.217" classname="Careers_Test_case_Prod.Footer"/>
  <testcase name="AUW_Linkedin" time="17.452" classname="Careers_Test_case_Prod.Footer"/>
  <testcase name="AUW_Policy" time="74.837" classname="Careers_Test_case_Prod.Footer"/>
  <testcase name="AUW_Instagram" time="18.735" classname="Careers_Test_case_Prod.Footer"/>
  <testcase name="AUW_Facebook" time="72.213" classname="Careers_Test_case_Prod.Footer"/>
</testsuite> <!-- Careers_Test_case_Prod.Footer -->
