<?xml version="1.0" encoding="UTF-8"?>
<!-- Generated by org.testng.reporters.JUnitReportReporter -->
<testsuite hostname="DESKTOP-N7K85DJ" name="AUW_Test_case_prod.AUW_PPP" tests="2" failures="0" timestamp="25 Apr 2022 10:19:01 GMT" time="75.349" errors="0">
  <testcase name="main" time="25.493" classname="AUW_Test_case_prod.AUW_PPP"/>
  <testcase name="main" time="49.856" classname="AUW_Test_case_prod.AUW_PPP"/>
</testsuite> <!-- AUW_Test_case_prod.AUW_PPP -->
