<?xml version="1.0" encoding="UTF-8"?>
<!-- Generated by org.testng.reporters.JUnitReportReporter -->
<testsuite hostname="DESKTOP-N7K85DJ" name="AUW_Test_Case_dev.AUW_NJ_Update" tests="2" failures="0" timestamp="4 Apr 2022 06:52:09 GMT" time="114.851" errors="0">
  <testcase name="main" time="56.855" classname="AUW_Test_Case_dev.AUW_NJ_Update"/>
  <testcase name="main" time="57.996" classname="AUW_Test_Case_dev.AUW_NJ_Update"/>
</testsuite> <!-- AUW_Test_Case_dev.AUW_NJ_Update -->
