<?xml version="1.0" encoding="UTF-8"?>
<!-- Generated by org.testng.reporters.JUnitReportReporter -->
<testsuite hostname="DESKTOP-N7K85DJ" name="Casuality_Prod_TC.Home_page" tests="2" failures="0" timestamp="18 Feb 2022 15:38:24 GMT" time="160.394" errors="0">
  <testcase name="HomePage" time="84.156" classname="Casuality_Prod_TC.Home_page"/>
  <testcase name="HomePage" time="76.238" classname="Casuality_Prod_TC.Home_page"/>
</testsuite> <!-- Casuality_Prod_TC.Home_page -->
