<?xml version="1.0" encoding="UTF-8"?>
<!-- Generated by org.testng.reporters.JUnitReportReporter -->
<testsuite hostname="DESKTOP-N7K85DJ" name="AFL_Test_Cases_Dev.ContactUS_OutsideUS_dev" tests="2" failures="0" timestamp="15 Dec 2021 09:54:42 GMT" time="60.832" errors="0">
  <testcase name="ContactUs_Page" time="25.226" classname="AFL_Test_Cases_Dev.ContactUS_OutsideUS_dev"/>
  <testcase name="ContactUs_Page" time="35.606" classname="AFL_Test_Cases_Dev.ContactUS_OutsideUS_dev"/>
</testsuite> <!-- AFL_Test_Cases_Dev.ContactUS_OutsideUS_dev -->
