<?xml version="1.0" encoding="UTF-8"?>
<!-- Generated by org.testng.reporters.JUnitReportReporter -->
<testsuite hostname="DESKTOP-N7K85DJ" name="AUW_Test_case_prod.AUW_CallUpdate" tests="2" failures="0" timestamp="21 Feb 2022 13:14:22 GMT" time="209.887" errors="0">
  <testcase name="main" time="54.792" classname="AUW_Test_case_prod.AUW_CallUpdate"/>
  <testcase name="main" time="155.095" classname="AUW_Test_case_prod.AUW_CallUpdate"/>
</testsuite> <!-- AUW_Test_case_prod.AUW_CallUpdate -->
