<?xml version="1.0" encoding="UTF-8"?>
<!-- Generated by org.testng.reporters.JUnitReportReporter -->
<testsuite hostname="DESKTOP-N7K85DJ" name="AUW_Test_case_prod.AUW_Experience" tests="2" failures="0" timestamp="21 Mar 2022 16:07:43 GMT" time="626.551" errors="0">
  <testcase name="main" time="307.356" classname="AUW_Test_case_prod.AUW_Experience"/>
  <testcase name="main" time="319.195" classname="AUW_Test_case_prod.AUW_Experience"/>
</testsuite> <!-- AUW_Test_case_prod.AUW_Experience -->
