<?xml version="1.0" encoding="UTF-8"?>
<!-- Generated by org.testng.reporters.JUnitReportReporter -->
<testsuite hostname="DESKTOP-N7K85DJ" name="AUW_Test_case_prod.AUW_Footer_Prod" tests="2" failures="0" timestamp="12 Jan 2022 15:20:27 GMT" time="334.699" errors="0">
  <testcase name="AUW_Footer" time="246.873" classname="AUW_Test_case_prod.AUW_Footer_Prod"/>
  <testcase name="AUW_Footer" time="87.826" classname="AUW_Test_case_prod.AUW_Footer_Prod"/>
</testsuite> <!-- AUW_Test_case_prod.AUW_Footer_Prod -->
