<?xml version="1.0" encoding="UTF-8"?>
<!-- Generated by org.testng.reporters.JUnitReportReporter -->
<testsuite hostname="DESKTOP-N7K85DJ" name="Promesa_Test_Case_Prod.Change_language" tests="2" failures="0" timestamp="12 Apr 2022 09:44:22 GMT" time="24.077" errors="0">
  <testcase name="Change_Language" time="17.038" classname="Promesa_Test_Case_Prod.Change_language"/>
  <testcase name="Change_Language" time="7.039" classname="Promesa_Test_Case_Prod.Change_language"/>
</testsuite> <!-- Promesa_Test_Case_Prod.Change_language -->
