<?xml version="1.0" encoding="UTF-8"?>
<!-- Generated by org.testng.reporters.JUnitReportReporter -->
<testsuite hostname="DESKTOP-N7K85DJ" name="AUW_Test_Case_dev.AUW_header_web_Development" tests="2" failures="0" timestamp="14 Jan 2022 10:44:33 GMT" time="201.427" errors="0">
  <testcase name="main" time="85.269" classname="AUW_Test_Case_dev.AUW_header_web_Development"/>
  <testcase name="main" time="116.158" classname="AUW_Test_Case_dev.AUW_header_web_Development"/>
</testsuite> <!-- AUW_Test_Case_dev.AUW_header_web_Development -->
