<?xml version="1.0" encoding="UTF-8"?>
<!-- Generated by org.testng.reporters.JUnitReportReporter -->
<testsuite hostname="DESKTOP-N7K85DJ" name="Casuality_Dev_TC.Menu_Press_Room" tests="2" failures="0" timestamp="21 Feb 2022 15:12:15 GMT" time="157.259" errors="0">
  <testcase name="HomePage" time="80.651" classname="Casuality_Dev_TC.Menu_Press_Room"/>
  <testcase name="HomePage" time="76.608" classname="Casuality_Dev_TC.Menu_Press_Room"/>
</testsuite> <!-- Casuality_Dev_TC.Menu_Press_Room -->
