<?xml version="1.0" encoding="UTF-8"?>
<!-- Generated by org.testng.reporters.JUnitReportReporter -->
<testsuite hostname="DESKTOP-N7K85DJ" name="Solution_one_Prod.Footer_Production" tests="2" failures="0" timestamp="1 Mar 2022 15:51:51 GMT" time="113.377" errors="0">
  <testcase name="Footer" time="53.889" classname="Solution_one_Prod.Footer_Production"/>
  <testcase name="Footer" time="59.488" classname="Solution_one_Prod.Footer_Production"/>
</testsuite> <!-- Solution_one_Prod.Footer_Production -->
