<?xml version="1.0" encoding="UTF-8"?>
<!-- Generated by org.testng.reporters.JUnitReportReporter -->
<testsuite hostname="DESKTOP-N7K85DJ" name="Casuality_Dev_TC.Menu_About_US" tests="2" failures="0" timestamp="12 Apr 2022 05:27:58 GMT" time="99.151" errors="0">
  <testcase name="HomePage" time="52.236" classname="Casuality_Dev_TC.Menu_About_US"/>
  <testcase name="HomePage" time="46.915" classname="Casuality_Dev_TC.Menu_About_US"/>
</testsuite> <!-- Casuality_Dev_TC.Menu_About_US -->
