<?xml version="1.0" encoding="UTF-8"?>
<!-- Generated by org.testng.reporters.JUnitReportReporter -->
<testsuite hostname="DESKTOP-N7K85DJ" name="AUW_Test_case_prod.AUW_PPP" tests="2" failures="0" timestamp="3 Mar 2022 14:31:02 GMT" time="117.157" errors="0">
  <testcase name="main" time="89.384" classname="AUW_Test_case_prod.AUW_PPP"/>
  <testcase name="main" time="27.773" classname="AUW_Test_case_prod.AUW_PPP"/>
</testsuite> <!-- AUW_Test_case_prod.AUW_PPP -->
