<?xml version="1.0" encoding="UTF-8"?>
<!-- Generated by org.testng.reporters.JUnitReportReporter -->
<testsuite hostname="DESKTOP-N7K85DJ" name="Aerospace_TestCases_Development.Menu_Aviation" tests="2" failures="0" timestamp="27 Jun 2022 10:19:01 GMT" time="155.476" errors="0">
  <testcase name="Home_Menu_Aeviation" time="74.457" classname="Aerospace_TestCases_Development.Menu_Aviation"/>
  <testcase name="Home_Menu_Aeviation" time="81.019" classname="Aerospace_TestCases_Development.Menu_Aviation"/>
</testsuite> <!-- Aerospace_TestCases_Development.Menu_Aviation -->
