<?xml version="1.0" encoding="UTF-8"?>
<!-- Generated by org.testng.reporters.JUnitReportReporter -->
<testsuite hostname="DESKTOP-N7K85DJ" name="Warranty_Test_Case_Prod.Our_Partner" tests="12" failures="0" timestamp="12 Apr 2022 07:47:28 GMT" time="954.798" errors="0">
  <testcase name="Partner5" time="74.815" classname="Warranty_Test_Case_Prod.Our_Partner"/>
  <testcase name="Partner5" time="71.970" classname="Warranty_Test_Case_Prod.Our_Partner"/>
  <testcase name="Partner4" time="74.979" classname="Warranty_Test_Case_Prod.Our_Partner"/>
  <testcase name="Partner3" time="80.167" classname="Warranty_Test_Case_Prod.Our_Partner"/>
  <testcase name="Partner4" time="74.135" classname="Warranty_Test_Case_Prod.Our_Partner"/>
  <testcase name="Partner1" time="71.956" classname="Warranty_Test_Case_Prod.Our_Partner"/>
  <testcase name="Partner3" time="71.145" classname="Warranty_Test_Case_Prod.Our_Partner"/>
  <testcase name="Partner2" time="105.194" classname="Warranty_Test_Case_Prod.Our_Partner"/>
  <testcase name="Partner2" time="72.706" classname="Warranty_Test_Case_Prod.Our_Partner"/>
  <testcase name="Partner6" time="65.944" classname="Warranty_Test_Case_Prod.Our_Partner"/>
  <testcase name="Partner6" time="72.827" classname="Warranty_Test_Case_Prod.Our_Partner"/>
  <testcase name="Partner1" time="118.960" classname="Warranty_Test_Case_Prod.Our_Partner"/>
</testsuite> <!-- Warranty_Test_Case_Prod.Our_Partner -->
