<?xml version="1.0" encoding="UTF-8"?>
<!-- Generated by org.testng.reporters.JUnitReportReporter -->
<testsuite hostname="DESKTOP-N7K85DJ" name="AUW_Test_Case_dev.AUW_header_web_Development" tests="2" failures="0" timestamp="28 Feb 2022 07:58:39 GMT" time="169.912" errors="0">
  <testcase name="main" time="94.156" classname="AUW_Test_Case_dev.AUW_header_web_Development"/>
  <testcase name="main" time="75.756" classname="AUW_Test_Case_dev.AUW_header_web_Development"/>
</testsuite> <!-- AUW_Test_Case_dev.AUW_header_web_Development -->
