<?xml version="1.0" encoding="UTF-8"?>
<!-- Generated by org.testng.reporters.JUnitReportReporter -->
<testsuite hostname="DESKTOP-N7K85DJ" name="AUW_Test_case_prod.AUW_Experience" tests="2" failures="0" timestamp="25 May 2022 13:05:44 GMT" time="801.070" errors="0">
  <testcase name="main" time="451.580" classname="AUW_Test_case_prod.AUW_Experience"/>
  <testcase name="main" time="349.490" classname="AUW_Test_case_prod.AUW_Experience"/>
</testsuite> <!-- AUW_Test_case_prod.AUW_Experience -->
