<?xml version="1.0" encoding="UTF-8"?>
<!-- Generated by org.testng.reporters.JUnitReportReporter -->
<testsuite hostname="DESKTOP-N7K85DJ" name="AUW_Test_Case_dev.AUW_Intelligence_TC" tests="2" failures="0" timestamp="14 Dec 2021 11:47:24 GMT" time="179.622" errors="0">
  <testcase name="main" time="89.859" classname="AUW_Test_Case_dev.AUW_Intelligence_TC"/>
  <testcase name="main" time="89.763" classname="AUW_Test_Case_dev.AUW_Intelligence_TC"/>
</testsuite> <!-- AUW_Test_Case_dev.AUW_Intelligence_TC -->
