<?xml version="1.0" encoding="UTF-8"?>
<!-- Generated by org.testng.reporters.JUnitReportReporter -->
<testsuite hostname="DESKTOP-N7K85DJ" name="JumboGC_Test_case_prod.Header_footer" tests="10" failures="0" timestamp="24 Dec 2021 14:37:44 GMT" time="390.296" errors="0">
  <testcase name="Header_Login" time="29.625" classname="JumboGC_Test_case_prod.Header_footer"/>
  <testcase name="Footer_Privacy" time="45.635" classname="JumboGC_Test_case_prod.Header_footer"/>
  <testcase name="Footer_Facebook" time="42.685" classname="JumboGC_Test_case_prod.Header_footer"/>
  <testcase name="Footer_linkedIN" time="36.025" classname="JumboGC_Test_case_prod.Header_footer"/>
  <testcase name="Footer_linkedIN" time="41.443" classname="JumboGC_Test_case_prod.Header_footer"/>
  <testcase name="Header_Login" time="33.057" classname="JumboGC_Test_case_prod.Header_footer"/>
  <testcase name="Footer_Instagram" time="35.248" classname="JumboGC_Test_case_prod.Header_footer"/>
  <testcase name="Footer_Privacy" time="49.955" classname="JumboGC_Test_case_prod.Header_footer"/>
  <testcase name="Footer_Facebook" time="38.132" classname="JumboGC_Test_case_prod.Header_footer"/>
  <testcase name="Footer_Instagram" time="38.491" classname="JumboGC_Test_case_prod.Header_footer"/>
</testsuite> <!-- JumboGC_Test_case_prod.Header_footer -->
