<?xml version="1.0" encoding="UTF-8"?>
<!-- Generated by org.testng.reporters.JUnitReportReporter -->
<testsuite hostname="DESKTOP-N7K85DJ" name="Casuality_Prod_TC.Menu_Press_Room" tests="2" failures="0" timestamp="25 Apr 2022 10:19:01 GMT" time="184.976" errors="0">
  <testcase name="HomePage" time="122.784" classname="Casuality_Prod_TC.Menu_Press_Room"/>
  <testcase name="HomePage" time="62.192" classname="Casuality_Prod_TC.Menu_Press_Room"/>
</testsuite> <!-- Casuality_Prod_TC.Menu_Press_Room -->
