<?xml version="1.0" encoding="UTF-8"?>
<!-- Generated by org.testng.reporters.JUnitReportReporter -->
<testsuite hostname="DESKTOP-N7K85DJ" name="AUW_Test_Case_dev.AUW_Intelligence_TC" tests="2" failures="0" timestamp="8 Mar 2022 10:47:11 GMT" time="209.985" errors="0">
  <testcase name="main" time="104.717" classname="AUW_Test_Case_dev.AUW_Intelligence_TC"/>
  <testcase name="main" time="105.268" classname="AUW_Test_Case_dev.AUW_Intelligence_TC"/>
</testsuite> <!-- AUW_Test_Case_dev.AUW_Intelligence_TC -->
