<?xml version="1.0" encoding="UTF-8"?>
<!-- Generated by org.testng.reporters.JUnitReportReporter -->
<testsuite hostname="DESKTOP-N7K85DJ" name="Promesa_Test_Case_Prod.Footer" tests="10" failures="0" timestamp="28 Feb 2022 06:59:29 GMT" time="313.589" errors="0">
  <testcase name="Footer_linkedin" time="26.554" classname="Promesa_Test_Case_Prod.Footer"/>
  <testcase name="Footer_PrivacyPolicy" time="51.050" classname="Promesa_Test_Case_Prod.Footer"/>
  <testcase name="Footer_instagram" time="19.302" classname="Promesa_Test_Case_Prod.Footer"/>
  <testcase name="Footer_twitter" time="25.312" classname="Promesa_Test_Case_Prod.Footer"/>
  <testcase name="Footer_twitter" time="15.575" classname="Promesa_Test_Case_Prod.Footer"/>
  <testcase name="Footer_PrivacyPolicy" time="34.441" classname="Promesa_Test_Case_Prod.Footer"/>
  <testcase name="Footer_instagram" time="36.102" classname="Promesa_Test_Case_Prod.Footer"/>
  <testcase name="Footer_linkedin" time="18.254" classname="Promesa_Test_Case_Prod.Footer"/>
  <testcase name="Footer_facebook" time="56.153" classname="Promesa_Test_Case_Prod.Footer"/>
  <testcase name="Footer_facebook" time="30.846" classname="Promesa_Test_Case_Prod.Footer"/>
</testsuite> <!-- Promesa_Test_Case_Prod.Footer -->
