<?xml version="1.0" encoding="UTF-8"?>
<!-- Generated by org.testng.reporters.JUnitReportReporter -->
<testsuite hostname="DESKTOP-N7K85DJ" name="Careers_Test_case_Prod.Footer" tests="10" failures="0" timestamp="11 Feb 2022 12:38:07 GMT" time="325.929" errors="0">
  <testcase name="AUW_Instagram" time="23.292" classname="Careers_Test_case_Prod.Footer"/>
  <testcase name="AUW_Facebook" time="38.391" classname="Careers_Test_case_Prod.Footer"/>
  <testcase name="AUW_Policy" time="44.503" classname="Careers_Test_case_Prod.Footer"/>
  <testcase name="AUW_twitter" time="40.179" classname="Careers_Test_case_Prod.Footer"/>
  <testcase name="AUW_Policy" time="45.149" classname="Careers_Test_case_Prod.Footer"/>
  <testcase name="AUW_Facebook" time="28.274" classname="Careers_Test_case_Prod.Footer"/>
  <testcase name="AUW_Linkedin" time="27.376" classname="Careers_Test_case_Prod.Footer"/>
  <testcase name="AUW_Instagram" time="24.810" classname="Careers_Test_case_Prod.Footer"/>
  <testcase name="AUW_Linkedin" time="29.184" classname="Careers_Test_case_Prod.Footer"/>
  <testcase name="AUW_twitter" time="24.771" classname="Careers_Test_case_Prod.Footer"/>
</testsuite> <!-- Careers_Test_case_Prod.Footer -->
