<?xml version="1.0" encoding="UTF-8"?>
<!-- Generated by org.testng.reporters.JUnitReportReporter -->
<testsuite hostname="DESKTOP-N7K85DJ" name="AUW_Test_Case_dev.AUW_Intelligence_TC" tests="2" failures="0" timestamp="28 Dec 2021 09:27:57 GMT" time="188.584" errors="0">
  <testcase name="main" time="92.646" classname="AUW_Test_Case_dev.AUW_Intelligence_TC"/>
  <testcase name="main" time="95.938" classname="AUW_Test_Case_dev.AUW_Intelligence_TC"/>
</testsuite> <!-- AUW_Test_Case_dev.AUW_Intelligence_TC -->
