<?xml version="1.0" encoding="UTF-8"?>
<!-- Generated by org.testng.reporters.JUnitReportReporter -->
<testsuite hostname="DESKTOP-N7K85DJ" name="Warranty_Test_Case_Prod.Our_Partner" tests="12" failures="0" timestamp="28 Feb 2022 06:59:29 GMT" time="1140.830" errors="0">
  <testcase name="Partner6" time="82.623" classname="Warranty_Test_Case_Prod.Our_Partner"/>
  <testcase name="Partner5" time="74.104" classname="Warranty_Test_Case_Prod.Our_Partner"/>
  <testcase name="Partner6" time="77.503" classname="Warranty_Test_Case_Prod.Our_Partner"/>
  <testcase name="Partner1" time="80.473" classname="Warranty_Test_Case_Prod.Our_Partner"/>
  <testcase name="Partner1" time="124.867" classname="Warranty_Test_Case_Prod.Our_Partner"/>
  <testcase name="Partner3" time="118.357" classname="Warranty_Test_Case_Prod.Our_Partner"/>
  <testcase name="Partner4" time="79.119" classname="Warranty_Test_Case_Prod.Our_Partner"/>
  <testcase name="Partner4" time="96.329" classname="Warranty_Test_Case_Prod.Our_Partner"/>
  <testcase name="Partner3" time="84.500" classname="Warranty_Test_Case_Prod.Our_Partner"/>
  <testcase name="Partner2" time="165.092" classname="Warranty_Test_Case_Prod.Our_Partner"/>
  <testcase name="Partner2" time="79.232" classname="Warranty_Test_Case_Prod.Our_Partner"/>
  <testcase name="Partner5" time="78.631" classname="Warranty_Test_Case_Prod.Our_Partner"/>
</testsuite> <!-- Warranty_Test_Case_Prod.Our_Partner -->
