<?xml version="1.0" encoding="UTF-8"?>
<!-- Generated by org.testng.reporters.JUnitReportReporter -->
<testsuite hostname="DESKTOP-N7K85DJ" name="AUW_Test_case_prod.AUW_Experience" tests="2" failures="0" timestamp="9 Mar 2022 16:19:07 GMT" time="631.293" errors="0">
  <testcase name="main" time="311.726" classname="AUW_Test_case_prod.AUW_Experience"/>
  <testcase name="main" time="319.567" classname="AUW_Test_case_prod.AUW_Experience"/>
</testsuite> <!-- AUW_Test_case_prod.AUW_Experience -->
