<?xml version="1.0" encoding="UTF-8"?>
<!-- Generated by org.testng.reporters.JUnitReportReporter -->
<testsuite hostname="DESKTOP-N7K85DJ" name="AUW_Test_case_prod.AUW_header_web_Prod" tests="2" failures="0" timestamp="7 Feb 2022 13:48:17 GMT" time="161.491" errors="0">
  <testcase name="main" time="58.429" classname="AUW_Test_case_prod.AUW_header_web_Prod"/>
  <testcase name="main" time="103.062" classname="AUW_Test_case_prod.AUW_header_web_Prod"/>
</testsuite> <!-- AUW_Test_case_prod.AUW_header_web_Prod -->
