<?xml version="1.0" encoding="UTF-8"?>
<!-- Generated by org.testng.reporters.JUnitReportReporter -->
<testsuite hostname="DESKTOP-N7K85DJ" name="Warranty_Test_Case_Prod.Partner_With_US" tests="2" failures="0" timestamp="21 Mar 2022 14:33:38 GMT" time="102.893" errors="0">
  <testcase name="partner" time="81.619" classname="Warranty_Test_Case_Prod.Partner_With_US"/>
  <testcase name="partner" time="21.274" classname="Warranty_Test_Case_Prod.Partner_With_US"/>
</testsuite> <!-- Warranty_Test_Case_Prod.Partner_With_US -->
