<?xml version="1.0" encoding="UTF-8"?>
<!-- Generated by org.testng.reporters.JUnitReportReporter -->
<testsuite hostname="DESKTOP-N7K85DJ" name="AUW_Test_Case_dev.AUW_Intelligence_TC" tests="2" failures="0" timestamp="17 Feb 2022 14:18:50 GMT" time="224.403" errors="0">
  <testcase name="main" time="110.753" classname="AUW_Test_Case_dev.AUW_Intelligence_TC"/>
  <testcase name="main" time="113.650" classname="AUW_Test_Case_dev.AUW_Intelligence_TC"/>
</testsuite> <!-- AUW_Test_Case_dev.AUW_Intelligence_TC -->
