<?xml version="1.0" encoding="UTF-8"?>
<!-- Generated by org.testng.reporters.JUnitReportReporter -->
<testsuite hostname="DESKTOP-N7K85DJ" name="Speciality_underwriters_Test_Case_Prod.Contact_US_TC" tests="2" failures="0" timestamp="12 Jan 2022 15:20:27 GMT" time="53.654" errors="0">
  <testcase name="Footer" time="26.259" classname="Speciality_underwriters_Test_Case_Prod.Contact_US_TC"/>
  <testcase name="Footer" time="27.395" classname="Speciality_underwriters_Test_Case_Prod.Contact_US_TC"/>
</testsuite> <!-- Speciality_underwriters_Test_Case_Prod.Contact_US_TC -->
