<?xml version="1.0" encoding="UTF-8"?>
<!-- Generated by org.testng.reporters.JUnitReportReporter -->
<testsuite hostname="DESKTOP-N7K85DJ" name="Warranty_Test_Case_Prod.HomePage_Testcase" tests="2" failures="0" timestamp="2 Mar 2022 14:47:22 GMT" time="627.365" errors="0">
  <testcase name="Home_page" time="354.643" classname="Warranty_Test_Case_Prod.HomePage_Testcase"/>
  <testcase name="Home_page" time="272.722" classname="Warranty_Test_Case_Prod.HomePage_Testcase"/>
</testsuite> <!-- Warranty_Test_Case_Prod.HomePage_Testcase -->
