<?xml version="1.0" encoding="UTF-8"?>
<!-- Generated by org.testng.reporters.JUnitReportReporter -->
<testsuite hostname="DESKTOP-N7K85DJ" name="Adler_TestCases_Prod.News" tests="2" failures="0" timestamp="27 Jan 2022 13:33:16 GMT" time="393.874" errors="0">
  <testcase name="main_Home_Page" time="250.069" classname="Adler_TestCases_Prod.News"/>
  <testcase name="main_Home_Page" time="143.805" classname="Adler_TestCases_Prod.News"/>
</testsuite> <!-- Adler_TestCases_Prod.News -->
