<?xml version="1.0" encoding="UTF-8"?>
<!-- Generated by org.testng.reporters.JUnitReportReporter -->
<testsuite hostname="DESKTOP-N7K85DJ" name="Warranty_Test_Case_Prod.Our_Partner" tests="12" failures="0" timestamp="8 Apr 2022 08:47:38 GMT" time="992.369" errors="0">
  <testcase name="Partner6" time="75.378" classname="Warranty_Test_Case_Prod.Our_Partner"/>
  <testcase name="Partner2" time="102.800" classname="Warranty_Test_Case_Prod.Our_Partner"/>
  <testcase name="Partner6" time="72.262" classname="Warranty_Test_Case_Prod.Our_Partner"/>
  <testcase name="Partner5" time="74.813" classname="Warranty_Test_Case_Prod.Our_Partner"/>
  <testcase name="Partner1" time="100.425" classname="Warranty_Test_Case_Prod.Our_Partner"/>
  <testcase name="Partner4" time="77.276" classname="Warranty_Test_Case_Prod.Our_Partner"/>
  <testcase name="Partner3" time="110.180" classname="Warranty_Test_Case_Prod.Our_Partner"/>
  <testcase name="Partner5" time="72.892" classname="Warranty_Test_Case_Prod.Our_Partner"/>
  <testcase name="Partner3" time="75.187" classname="Warranty_Test_Case_Prod.Our_Partner"/>
  <testcase name="Partner2" time="75.288" classname="Warranty_Test_Case_Prod.Our_Partner"/>
  <testcase name="Partner4" time="78.958" classname="Warranty_Test_Case_Prod.Our_Partner"/>
  <testcase name="Partner1" time="76.910" classname="Warranty_Test_Case_Prod.Our_Partner"/>
</testsuite> <!-- Warranty_Test_Case_Prod.Our_Partner -->
