<?xml version="1.0" encoding="UTF-8"?>
<!-- Generated by org.testng.reporters.JUnitReportReporter -->
<testsuite hostname="DESKTOP-N7K85DJ" name="AFL_Test_Cases_Dev.ContactUS_OutsideUS_dev" tests="2" failures="0" timestamp="21 Feb 2022 15:12:16 GMT" time="109.683" errors="0">
  <testcase name="ContactUs_Page" time="38.077" classname="AFL_Test_Cases_Dev.ContactUS_OutsideUS_dev"/>
  <testcase name="ContactUs_Page" time="71.606" classname="AFL_Test_Cases_Dev.ContactUS_OutsideUS_dev"/>
</testsuite> <!-- AFL_Test_Cases_Dev.ContactUS_OutsideUS_dev -->
