<?xml version="1.0" encoding="UTF-8"?>
<!-- Generated by org.testng.reporters.JUnitReportReporter -->
<testsuite hostname="DESKTOP-N7K85DJ" name="Tradewel_Test_Cases_Development.comprehensive_Protection" tests="1" failures="0" timestamp="14 Feb 2022 11:13:18 GMT" time="215.601" errors="0">
  <testcase name="Comprehensive" time="215.601" classname="Tradewel_Test_Cases_Development.comprehensive_Protection"/>
</testsuite> <!-- Tradewel_Test_Cases_Development.comprehensive_Protection -->
