<?xml version="1.0" encoding="UTF-8"?>
<!-- Generated by org.testng.reporters.JUnitReportReporter -->
<testsuite hostname="DESKTOP-N7K85DJ" name="Solution_one_Prod.Footer_Production" tests="2" failures="0" timestamp="24 Dec 2021 14:37:44 GMT" time="127.268" errors="0">
  <testcase name="Footer" time="64.544" classname="Solution_one_Prod.Footer_Production"/>
  <testcase name="Footer" time="62.724" classname="Solution_one_Prod.Footer_Production"/>
</testsuite> <!-- Solution_one_Prod.Footer_Production -->
