<?xml version="1.0" encoding="UTF-8"?>
<!-- Generated by org.testng.reporters.JUnitReportReporter -->
<testsuite hostname="DESKTOP-N7K85DJ" name="AUW_Test_case_prod.AUW_PPP" tests="2" failures="0" timestamp="22 Apr 2022 10:04:10 GMT" time="63.885" errors="0">
  <testcase name="main" time="25.814" classname="AUW_Test_case_prod.AUW_PPP"/>
  <testcase name="main" time="38.071" classname="AUW_Test_case_prod.AUW_PPP"/>
</testsuite> <!-- AUW_Test_case_prod.AUW_PPP -->
