<?xml version="1.0" encoding="UTF-8"?>
<!-- Generated by org.testng.reporters.JUnitReportReporter -->
<testsuite hostname="DESKTOP-N7K85DJ" name="AUW_Test_Case_dev.AUW_Intelligence_TC" tests="2" failures="0" timestamp="4 Mar 2022 12:50:00 GMT" time="225.952" errors="0">
  <testcase name="main" time="123.299" classname="AUW_Test_Case_dev.AUW_Intelligence_TC"/>
  <testcase name="main" time="102.653" classname="AUW_Test_Case_dev.AUW_Intelligence_TC"/>
</testsuite> <!-- AUW_Test_Case_dev.AUW_Intelligence_TC -->
