<?xml version="1.0" encoding="UTF-8"?>
<!-- Generated by org.testng.reporters.JUnitReportReporter -->
<testsuite hostname="DESKTOP-N7K85DJ" name="Adler_TestCases_Prod.News" tests="2" failures="0" timestamp="17 Mar 2022 11:54:46 GMT" time="321.500" errors="0">
  <testcase name="main_Home_Page" time="189.204" classname="Adler_TestCases_Prod.News"/>
  <testcase name="main_Home_Page" time="132.296" classname="Adler_TestCases_Prod.News"/>
</testsuite> <!-- Adler_TestCases_Prod.News -->
