<?xml version="1.0" encoding="UTF-8"?>
<!-- Generated by org.testng.reporters.JUnitReportReporter -->
<testsuite hostname="DESKTOP-N7K85DJ" name="Warranty_Test_Case_Prod.Our_Partner" tests="6" failures="0" timestamp="12 Jan 2022 16:05:14 GMT" time="411.218" errors="0">
  <testcase name="Partner3" time="70.754" classname="Warranty_Test_Case_Prod.Our_Partner"/>
  <testcase name="Partner6" time="68.128" classname="Warranty_Test_Case_Prod.Our_Partner"/>
  <testcase name="Partner2" time="67.467" classname="Warranty_Test_Case_Prod.Our_Partner"/>
  <testcase name="Partner1" time="68.485" classname="Warranty_Test_Case_Prod.Our_Partner"/>
  <testcase name="Partner5" time="66.608" classname="Warranty_Test_Case_Prod.Our_Partner"/>
  <testcase name="Partner4" time="69.776" classname="Warranty_Test_Case_Prod.Our_Partner"/>
</testsuite> <!-- Warranty_Test_Case_Prod.Our_Partner -->
