<?xml version="1.0" encoding="UTF-8"?>
<!-- Generated by org.testng.reporters.JUnitReportReporter -->
<testsuite hostname="DESKTOP-N7K85DJ" name="Warranty_Test_Case_Dev.Our_Partner" tests="12" failures="0" timestamp="4 Apr 2022 07:43:47 GMT" time="984.945" errors="0">
  <testcase name="Partner5" time="82.987" classname="Warranty_Test_Case_Dev.Our_Partner"/>
  <testcase name="Partner2" time="90.610" classname="Warranty_Test_Case_Dev.Our_Partner"/>
  <testcase name="Partner1" time="84.236" classname="Warranty_Test_Case_Dev.Our_Partner"/>
  <testcase name="Partner6" time="79.904" classname="Warranty_Test_Case_Dev.Our_Partner"/>
  <testcase name="Partner1" time="99.984" classname="Warranty_Test_Case_Dev.Our_Partner"/>
  <testcase name="Partner5" time="71.339" classname="Warranty_Test_Case_Dev.Our_Partner"/>
  <testcase name="Partner2" time="86.491" classname="Warranty_Test_Case_Dev.Our_Partner"/>
  <testcase name="Partner4" time="72.132" classname="Warranty_Test_Case_Dev.Our_Partner"/>
  <testcase name="Partner4" time="81.264" classname="Warranty_Test_Case_Dev.Our_Partner"/>
  <testcase name="Partner3" time="75.634" classname="Warranty_Test_Case_Dev.Our_Partner"/>
  <testcase name="Partner3" time="79.737" classname="Warranty_Test_Case_Dev.Our_Partner"/>
  <testcase name="Partner6" time="80.627" classname="Warranty_Test_Case_Dev.Our_Partner"/>
</testsuite> <!-- Warranty_Test_Case_Dev.Our_Partner -->
