<?xml version="1.0" encoding="UTF-8"?>
<!-- Generated by org.testng.reporters.JUnitReportReporter -->
<testsuite hostname="DESKTOP-N7K85DJ" name="AFL_Test_Case_Prod.Footer_TC" tests="2" failures="0" timestamp="24 Dec 2021 14:37:44 GMT" time="150.031" errors="0">
  <testcase name="Footer" time="79.044" classname="AFL_Test_Case_Prod.Footer_TC"/>
  <testcase name="Footer" time="70.987" classname="AFL_Test_Case_Prod.Footer_TC"/>
</testsuite> <!-- AFL_Test_Case_Prod.Footer_TC -->
