<?xml version="1.0" encoding="UTF-8"?>
<!-- Generated by org.testng.reporters.JUnitReportReporter -->
<testsuite hostname="DESKTOP-N7K85DJ" name="AUW_Test_case_prod.AUW_NJ_Update" tests="2" failures="0" timestamp="21 Feb 2022 13:14:22 GMT" time="221.508" errors="0">
  <testcase name="main" time="166.362" classname="AUW_Test_case_prod.AUW_NJ_Update"/>
  <testcase name="main" time="55.146" classname="AUW_Test_case_prod.AUW_NJ_Update"/>
</testsuite> <!-- AUW_Test_case_prod.AUW_NJ_Update -->
