<?xml version="1.0" encoding="UTF-8"?>
<!-- Generated by org.testng.reporters.JUnitReportReporter -->
<testsuite hostname="DESKTOP-N7K85DJ" name="AUW_Test_case_prod.AUW_AboutUS" tests="2" failures="0" timestamp="8 Apr 2022 08:47:38 GMT" time="187.029" errors="0">
  <testcase name="AboutUS" time="73.139" classname="AUW_Test_case_prod.AUW_AboutUS"/>
  <testcase name="AboutUS" time="113.890" classname="AUW_Test_case_prod.AUW_AboutUS"/>
</testsuite> <!-- AUW_Test_case_prod.AUW_AboutUS -->
