<?xml version="1.0" encoding="UTF-8"?>
<!-- Generated by org.testng.reporters.JUnitReportReporter -->
<testsuite hostname="DESKTOP-N7K85DJ" name="AUW_Test_case_prod.AUW_header_web_Prod" tests="2" failures="0" timestamp="24 Feb 2022 14:29:27 GMT" time="123.173" errors="0">
  <testcase name="main" time="71.433" classname="AUW_Test_case_prod.AUW_header_web_Prod"/>
  <testcase name="main" time="51.740" classname="AUW_Test_case_prod.AUW_header_web_Prod"/>
</testsuite> <!-- AUW_Test_case_prod.AUW_header_web_Prod -->
