<?xml version="1.0" encoding="UTF-8"?>
<!-- Generated by org.testng.reporters.JUnitReportReporter -->
<testsuite hostname="DESKTOP-N7K85DJ" name="AUW_Test_case_prod.AUW_Intelligence_TC" tests="2" failures="0" timestamp="4 Feb 2022 10:36:28 GMT" time="267.094" errors="0">
  <testcase name="main" time="169.993" classname="AUW_Test_case_prod.AUW_Intelligence_TC"/>
  <testcase name="main" time="97.101" classname="AUW_Test_case_prod.AUW_Intelligence_TC"/>
</testsuite> <!-- AUW_Test_case_prod.AUW_Intelligence_TC -->
