<?xml version="1.0" encoding="UTF-8"?>
<!-- Generated by org.testng.reporters.JUnitReportReporter -->
<testsuite hostname="DESKTOP-N7K85DJ" name="MTL_Test_Cases_Prod.More_offers_TC" tests="2" failures="0" timestamp="25 Apr 2022 10:19:02 GMT" time="116.757" errors="0">
  <testcase name="More_offers" time="69.757" classname="MTL_Test_Cases_Prod.More_offers_TC"/>
  <testcase name="More_offers" time="47.000" classname="MTL_Test_Cases_Prod.More_offers_TC"/>
</testsuite> <!-- MTL_Test_Cases_Prod.More_offers_TC -->
