<?xml version="1.0" encoding="UTF-8"?>
<!-- Generated by org.testng.reporters.JUnitReportReporter -->
<testsuite hostname="DESKTOP-N7K85DJ" name="Warranty_Test_Case_Dev.About_US" tests="2" failures="0" timestamp="28 Feb 2022 07:58:39 GMT" time="118.115" errors="0">
  <testcase name="Home_page" time="73.206" classname="Warranty_Test_Case_Dev.About_US"/>
  <testcase name="Home_page" time="44.909" classname="Warranty_Test_Case_Dev.About_US"/>
</testsuite> <!-- Warranty_Test_Case_Dev.About_US -->
