<?xml version="1.0" encoding="UTF-8"?>
<!-- Generated by org.testng.reporters.JUnitReportReporter -->
<testsuite hostname="DESKTOP-N7K85DJ" name="Credit_Global_Test_Cases_Prod.Home_TC" tests="8" failures="0" timestamp="1 Apr 2022 10:47:35 GMT" time="176.193" errors="0">
  <testcase name="HomePage_Header_Our_approach" time="20.835" classname="Credit_Global_Test_Cases_Prod.Home_TC"/>
  <testcase name="HomePage_Header_Our_approach" time="24.169" classname="Credit_Global_Test_Cases_Prod.Home_TC"/>
  <testcase name="HomePage_Header_What_weDo" time="16.603" classname="Credit_Global_Test_Cases_Prod.Home_TC"/>
  <testcase name="HomePage_Header_login" time="23.502" classname="Credit_Global_Test_Cases_Prod.Home_TC"/>
  <testcase name="HomePage_Header_login" time="24.849" classname="Credit_Global_Test_Cases_Prod.Home_TC"/>
  <testcase name="HomePage_Header_What_weDo" time="16.204" classname="Credit_Global_Test_Cases_Prod.Home_TC"/>
  <testcase name="HomePage_Header_ContactUS_btn" time="24.998" classname="Credit_Global_Test_Cases_Prod.Home_TC"/>
  <testcase name="HomePage_Header_ContactUS_btn" time="25.033" classname="Credit_Global_Test_Cases_Prod.Home_TC"/>
</testsuite> <!-- Credit_Global_Test_Cases_Prod.Home_TC -->
