<?xml version="1.0" encoding="UTF-8"?>
<!-- Generated by org.testng.reporters.JUnitReportReporter -->
<testsuite hostname="DESKTOP-N7K85DJ" name="Warranty_Test_Case_Prod.Contact_US" tests="2" failures="0" timestamp="18 Feb 2022 16:07:04 GMT" time="89.335" errors="0">
  <testcase name="ContactUS" time="41.907" classname="Warranty_Test_Case_Prod.Contact_US"/>
  <testcase name="ContactUS" time="47.428" classname="Warranty_Test_Case_Prod.Contact_US"/>
</testsuite> <!-- Warranty_Test_Case_Prod.Contact_US -->
