<?xml version="1.0" encoding="UTF-8"?>
<!-- Generated by org.testng.reporters.JUnitReportReporter -->
<testsuite hostname="DESKTOP-N7K85DJ" name="AUW_Test_case_prod.AUW_NJ_Update" tests="2" failures="0" timestamp="22 Apr 2022 10:04:10 GMT" time="140.181" errors="0">
  <testcase name="main" time="47.119" classname="AUW_Test_case_prod.AUW_NJ_Update"/>
  <testcase name="main" time="93.062" classname="AUW_Test_case_prod.AUW_NJ_Update"/>
</testsuite> <!-- AUW_Test_case_prod.AUW_NJ_Update -->
