<?xml version="1.0" encoding="UTF-8"?>
<!-- Generated by org.testng.reporters.JUnitReportReporter -->
<testsuite hostname="DESKTOP-N7K85DJ" name="Warranty_Test_Case_Prod.Our_Partner" tests="6" failures="0" timestamp="24 Feb 2022 16:12:17 GMT" time="399.521" errors="0">
  <testcase name="Partner1" time="65.371" classname="Warranty_Test_Case_Prod.Our_Partner"/>
  <testcase name="Partner2" time="67.553" classname="Warranty_Test_Case_Prod.Our_Partner"/>
  <testcase name="Partner4" time="66.526" classname="Warranty_Test_Case_Prod.Our_Partner"/>
  <testcase name="Partner5" time="67.985" classname="Warranty_Test_Case_Prod.Our_Partner"/>
  <testcase name="Partner3" time="64.862" classname="Warranty_Test_Case_Prod.Our_Partner"/>
  <testcase name="Partner6" time="67.224" classname="Warranty_Test_Case_Prod.Our_Partner"/>
</testsuite> <!-- Warranty_Test_Case_Prod.Our_Partner -->
