<?xml version="1.0" encoding="UTF-8"?>
<!-- Generated by org.testng.reporters.JUnitReportReporter -->
<testsuite hostname="DESKTOP-N7K85DJ" name="Warranty_Test_Case_Prod.About_US" tests="2" failures="0" timestamp="15 Feb 2022 15:16:06 GMT" time="101.596" errors="0">
  <testcase name="Home_page" time="57.333" classname="Warranty_Test_Case_Prod.About_US"/>
  <testcase name="Home_page" time="44.263" classname="Warranty_Test_Case_Prod.About_US"/>
</testsuite> <!-- Warranty_Test_Case_Prod.About_US -->
