<?xml version="1.0" encoding="UTF-8"?>
<!-- Generated by org.testng.reporters.JUnitReportReporter -->
<testsuite hostname="DESKTOP-N7K85DJ" name="AUW_Test_case_prod.AUW_NJ_Update" tests="2" failures="0" timestamp="12 Apr 2022 07:47:29 GMT" time="121.203" errors="0">
  <testcase name="main" time="47.387" classname="AUW_Test_case_prod.AUW_NJ_Update"/>
  <testcase name="main" time="73.816" classname="AUW_Test_case_prod.AUW_NJ_Update"/>
</testsuite> <!-- AUW_Test_case_prod.AUW_NJ_Update -->
