<?xml version="1.0" encoding="UTF-8"?>
<!-- Generated by org.testng.reporters.JUnitReportReporter -->
<testsuite hostname="DESKTOP-N7K85DJ" name="Casuality_Prod_TC.Menu_Contact_Us" tests="2" failures="0" timestamp="30 Mar 2022 06:35:29 GMT" time="106.622" errors="0">
  <testcase name="HomePage" time="32.767" classname="Casuality_Prod_TC.Menu_Contact_Us"/>
  <testcase name="HomePage" time="73.855" classname="Casuality_Prod_TC.Menu_Contact_Us"/>
</testsuite> <!-- Casuality_Prod_TC.Menu_Contact_Us -->
