<?xml version="1.0" encoding="UTF-8"?>
<!-- Generated by org.testng.reporters.JUnitReportReporter -->
<testsuite hostname="DESKTOP-N7K85DJ" name="Tradewel_Test_Cases_Development.About_US" tests="2" failures="0" timestamp="25 Feb 2022 13:22:59 GMT" time="96.525" errors="0">
  <testcase name="main_Home_Page" time="48.126" classname="Tradewel_Test_Cases_Development.About_US"/>
  <testcase name="main_Home_Page" time="48.399" classname="Tradewel_Test_Cases_Development.About_US"/>
</testsuite> <!-- Tradewel_Test_Cases_Development.About_US -->
