<?xml version="1.0" encoding="UTF-8"?>
<!-- Generated by org.testng.reporters.JUnitReportReporter -->
<testsuite hostname="DESKTOP-N7K85DJ" name="Tradewel_Test_Cases_Development.About_US" tests="2" failures="0" timestamp="21 Feb 2022 15:12:15 GMT" time="162.614" errors="0">
  <testcase name="main_Home_Page" time="94.168" classname="Tradewel_Test_Cases_Development.About_US"/>
  <testcase name="main_Home_Page" time="68.446" classname="Tradewel_Test_Cases_Development.About_US"/>
</testsuite> <!-- Tradewel_Test_Cases_Development.About_US -->
