<?xml version="1.0" encoding="UTF-8"?>
<!-- Generated by org.testng.reporters.JUnitReportReporter -->
<testsuite hostname="DESKTOP-N7K85DJ" name="Careers_Test_case_Development.Footer" tests="2" failures="0" timestamp="14 Feb 2022 11:13:18 GMT" time="178.683" errors="0">
  <testcase name="AUW_Footer" time="86.989" classname="Careers_Test_case_Development.Footer"/>
  <testcase name="AUW_Footer" time="91.694" classname="Careers_Test_case_Development.Footer"/>
</testsuite> <!-- Careers_Test_case_Development.Footer -->
