<?xml version="1.0" encoding="UTF-8"?>
<!-- Generated by org.testng.reporters.JUnitReportReporter -->
<testsuite hostname="DESKTOP-N7K85DJ" name="Casuality_Prod_TC.Menu_Contact_Us" tests="2" failures="0" timestamp="3 Mar 2022 14:31:02 GMT" time="79.325" errors="0">
  <testcase name="HomePage" time="32.143" classname="Casuality_Prod_TC.Menu_Contact_Us"/>
  <testcase name="HomePage" time="47.182" classname="Casuality_Prod_TC.Menu_Contact_Us"/>
</testsuite> <!-- Casuality_Prod_TC.Menu_Contact_Us -->
