<?xml version="1.0" encoding="UTF-8"?>
<!-- Generated by org.testng.reporters.JUnitReportReporter -->
<testsuite hostname="DESKTOP-N7K85DJ" name="Pinnacle_Test_Cases_Production.WatsNew" tests="2" failures="0" timestamp="22 Apr 2022 10:04:10 GMT" time="276.631" errors="0">
  <testcase name="WhatsNew" time="184.131" classname="Pinnacle_Test_Cases_Production.WatsNew"/>
  <testcase name="WhatsNew" time="92.500" classname="Pinnacle_Test_Cases_Production.WatsNew"/>
</testsuite> <!-- Pinnacle_Test_Cases_Production.WatsNew -->
