<?xml version="1.0" encoding="UTF-8"?>
<!-- Generated by org.testng.reporters.JUnitReportReporter -->
<testsuite hostname="DESKTOP-N7K85DJ" name="Adler_TestCases_Prod.News" tests="2" failures="0" timestamp="21 Mar 2022 14:33:38 GMT" time="401.501" errors="0">
  <testcase name="main_Home_Page" time="130.150" classname="Adler_TestCases_Prod.News"/>
  <testcase name="main_Home_Page" time="271.351" classname="Adler_TestCases_Prod.News"/>
</testsuite> <!-- Adler_TestCases_Prod.News -->
