<?xml version="1.0" encoding="UTF-8"?>
<!-- Generated by org.testng.reporters.JUnitReportReporter -->
<testsuite hostname="DESKTOP-N7K85DJ" name="AUW_Test_Case_dev.AUW_Intelligence_TC" tests="2" failures="0" timestamp="16 Feb 2022 09:34:57 GMT" time="232.720" errors="0">
  <testcase name="main" time="123.619" classname="AUW_Test_Case_dev.AUW_Intelligence_TC"/>
  <testcase name="main" time="109.101" classname="AUW_Test_Case_dev.AUW_Intelligence_TC"/>
</testsuite> <!-- AUW_Test_Case_dev.AUW_Intelligence_TC -->
