<?xml version="1.0" encoding="UTF-8"?>
<!-- Generated by org.testng.reporters.JUnitReportReporter -->
<testsuite hostname="DESKTOP-N7K85DJ" name="Warranty_Test_Case_Dev.Partner_With_US" tests="2" failures="0" timestamp="22 Dec 2021 14:58:11 GMT" time="48.046" errors="0">
  <testcase name="partner" time="21.102" classname="Warranty_Test_Case_Dev.Partner_With_US"/>
  <testcase name="partner" time="26.944" classname="Warranty_Test_Case_Dev.Partner_With_US"/>
</testsuite> <!-- Warranty_Test_Case_Dev.Partner_With_US -->
