<?xml version="1.0" encoding="UTF-8"?>
<!-- Generated by org.testng.reporters.JUnitReportReporter -->
<testsuite hostname="DESKTOP-N7K85DJ" name="Promesa_Test_Case_Development.Footer" tests="2" failures="0" timestamp="28 Dec 2021 09:27:57 GMT" time="149.202" errors="0">
  <testcase name="Footer" time="78.650" classname="Promesa_Test_Case_Development.Footer"/>
  <testcase name="Footer" time="70.552" classname="Promesa_Test_Case_Development.Footer"/>
</testsuite> <!-- Promesa_Test_Case_Development.Footer -->
