<?xml version="1.0" encoding="UTF-8"?>
<!-- Generated by org.testng.reporters.JUnitReportReporter -->
<testsuite hostname="DESKTOP-N7K85DJ" name="AFL_Test_Case_Prod.HomePage_TC" tests="2" failures="0" timestamp="23 Feb 2022 11:40:24 GMT" time="299.590" errors="0">
  <testcase name="Home_Page" time="121.407" classname="AFL_Test_Case_Prod.HomePage_TC"/>
  <testcase name="Home_Page" time="178.183" classname="AFL_Test_Case_Prod.HomePage_TC"/>
</testsuite> <!-- AFL_Test_Case_Prod.HomePage_TC -->
