<?xml version="1.0" encoding="UTF-8"?>
<!-- Generated by org.testng.reporters.JUnitReportReporter -->
<testsuite hostname="DESKTOP-N7K85DJ" name="Careers_Test_case_Prod.Footer" tests="10" failures="0" timestamp="16 Mar 2022 12:48:23 GMT" time="388.150" errors="0">
  <testcase name="AUW_Policy" time="49.472" classname="Careers_Test_case_Prod.Footer"/>
  <testcase name="AUW_Policy" time="33.210" classname="Careers_Test_case_Prod.Footer"/>
  <testcase name="AUW_Facebook" time="40.673" classname="Careers_Test_case_Prod.Footer"/>
  <testcase name="AUW_Linkedin" time="44.486" classname="Careers_Test_case_Prod.Footer"/>
  <testcase name="AUW_Facebook" time="25.388" classname="Careers_Test_case_Prod.Footer"/>
  <testcase name="AUW_Instagram" time="54.843" classname="Careers_Test_case_Prod.Footer"/>
  <testcase name="AUW_twitter" time="76.643" classname="Careers_Test_case_Prod.Footer"/>
  <testcase name="AUW_twitter" time="19.616" classname="Careers_Test_case_Prod.Footer"/>
  <testcase name="AUW_Instagram" time="19.448" classname="Careers_Test_case_Prod.Footer"/>
  <testcase name="AUW_Linkedin" time="24.371" classname="Careers_Test_case_Prod.Footer"/>
</testsuite> <!-- Careers_Test_case_Prod.Footer -->
