<?xml version="1.0" encoding="UTF-8"?>
<!-- Generated by org.testng.reporters.JUnitReportReporter -->
<testsuite hostname="DESKTOP-N7K85DJ" name="Adler_TestCases_Development.News" tests="2" failures="0" timestamp="14 Feb 2022 11:13:18 GMT" time="311.095" errors="0">
  <testcase name="main_Home_Page" time="158.321" classname="Adler_TestCases_Development.News"/>
  <testcase name="main_Home_Page" time="152.774" classname="Adler_TestCases_Development.News"/>
</testsuite> <!-- Adler_TestCases_Development.News -->
