<?xml version="1.0" encoding="UTF-8"?>
<!-- Generated by org.testng.reporters.JUnitReportReporter -->
<testsuite hostname="DESKTOP-N7K85DJ" name="Warranty_Test_Case_Prod.Contact_US" tests="2" failures="0" timestamp="14 Jan 2022 12:33:11 GMT" time="483.106" errors="0">
  <testcase name="ContactUS" time="47.710" classname="Warranty_Test_Case_Prod.Contact_US"/>
  <testcase name="ContactUS" time="435.396" classname="Warranty_Test_Case_Prod.Contact_US"/>
</testsuite> <!-- Warranty_Test_Case_Prod.Contact_US -->
