<?xml version="1.0" encoding="UTF-8"?>
<!-- Generated by org.testng.reporters.JUnitReportReporter -->
<testsuite hostname="DESKTOP-N7K85DJ" name="AUW_Test_Case_dev.AUW_header_web_Development" tests="2" failures="0" timestamp="7 Mar 2022 12:41:03 GMT" time="198.399" errors="0">
  <testcase name="main" time="105.615" classname="AUW_Test_Case_dev.AUW_header_web_Development"/>
  <testcase name="main" time="92.784" classname="AUW_Test_Case_dev.AUW_header_web_Development"/>
</testsuite> <!-- AUW_Test_Case_dev.AUW_header_web_Development -->
