<?xml version="1.0" encoding="UTF-8"?>
<!-- Generated by org.testng.reporters.JUnitReportReporter -->
<testsuite hostname="DESKTOP-N7K85DJ" name="Solution_one_Development.Side_head_sample" tests="5" failures="0" timestamp="9 Dec 2021 11:12:25 GMT" time="248.765" errors="0">
  <testcase name="Side_Heading_One" time="47.212" classname="Solution_one_Development.Side_head_sample"/>
  <testcase name="Side_Heading_Four" time="50.675" classname="Solution_one_Development.Side_head_sample"/>
  <testcase name="Side_Heading_Five" time="47.107" classname="Solution_one_Development.Side_head_sample"/>
  <testcase name="Side_Heading_Three" time="53.943" classname="Solution_one_Development.Side_head_sample"/>
  <testcase name="Side_Heading_Two" time="49.828" classname="Solution_one_Development.Side_head_sample"/>
</testsuite> <!-- Solution_one_Development.Side_head_sample -->
