<?xml version="1.0" encoding="UTF-8"?>
<!-- Generated by org.testng.reporters.JUnitReportReporter -->
<testsuite hostname="DESKTOP-N7K85DJ" name="Warranty_Test_Case_Dev.NewsEvents" tests="2" failures="0" timestamp="24 Jan 2022 11:23:12 GMT" time="326.782" errors="0">
  <testcase name="NewsEvents" time="167.911" classname="Warranty_Test_Case_Dev.NewsEvents"/>
  <testcase name="NewsEvents" time="158.871" classname="Warranty_Test_Case_Dev.NewsEvents"/>
</testsuite> <!-- Warranty_Test_Case_Dev.NewsEvents -->
