<?xml version="1.0" encoding="UTF-8"?>
<!-- Generated by org.testng.reporters.JUnitReportReporter -->
<testsuite hostname="DESKTOP-N7K85DJ" name="Casuality_Prod_TC.Menu_Press_Room" tests="2" failures="0" timestamp="8 Apr 2022 08:47:38 GMT" time="155.196" errors="0">
  <testcase name="HomePage" time="91.929" classname="Casuality_Prod_TC.Menu_Press_Room"/>
  <testcase name="HomePage" time="63.267" classname="Casuality_Prod_TC.Menu_Press_Room"/>
</testsuite> <!-- Casuality_Prod_TC.Menu_Press_Room -->
