<?xml version="1.0" encoding="UTF-8"?>
<!-- Generated by org.testng.reporters.JUnitReportReporter -->
<testsuite hostname="DESKTOP-N7K85DJ" name="AUW_Global_Test_Cases_Development.Home_Page_TC" tests="2" failures="0" timestamp="21 Feb 2022 15:12:15 GMT" time="65.668" errors="0">
  <testcase name="HomePage" time="29.679" classname="AUW_Global_Test_Cases_Development.Home_Page_TC"/>
  <testcase name="HomePage" time="35.989" classname="AUW_Global_Test_Cases_Development.Home_Page_TC"/>
</testsuite> <!-- AUW_Global_Test_Cases_Development.Home_Page_TC -->
