<?xml version="1.0" encoding="UTF-8"?>
<!-- Generated by org.testng.reporters.JUnitReportReporter -->
<testsuite hostname="DESKTOP-N7K85DJ" name="Casuality_Dev_TC.Home_page" tests="2" failures="0" timestamp="4 Mar 2022 12:50:00 GMT" time="192.647" errors="0">
  <testcase name="HomePage" time="89.621" classname="Casuality_Dev_TC.Home_page"/>
  <testcase name="HomePage" time="103.026" classname="Casuality_Dev_TC.Home_page"/>
</testsuite> <!-- Casuality_Dev_TC.Home_page -->
