<?xml version="1.0" encoding="UTF-8"?>
<!-- Generated by org.testng.reporters.JUnitReportReporter -->
<testsuite hostname="DESKTOP-N7K85DJ" name="Casuality_Dev_TC.Home_page" tests="2" failures="0" timestamp="8 Mar 2022 10:47:11 GMT" time="166.759" errors="0">
  <testcase name="HomePage" time="83.928" classname="Casuality_Dev_TC.Home_page"/>
  <testcase name="HomePage" time="82.831" classname="Casuality_Dev_TC.Home_page"/>
</testsuite> <!-- Casuality_Dev_TC.Home_page -->
