<?xml version="1.0" encoding="UTF-8"?>
<!-- Generated by org.testng.reporters.JUnitReportReporter -->
<testsuite hostname="DESKTOP-N7K85DJ" name="Adler_TestCases_Prod.News" tests="2" failures="0" timestamp="15 Mar 2022 10:17:10 GMT" time="312.408" errors="0">
  <testcase name="main_Home_Page" time="136.099" classname="Adler_TestCases_Prod.News"/>
  <testcase name="main_Home_Page" time="176.309" classname="Adler_TestCases_Prod.News"/>
</testsuite> <!-- Adler_TestCases_Prod.News -->
