<?xml version="1.0" encoding="UTF-8"?>
<!-- Generated by org.testng.reporters.JUnitReportReporter -->
<testsuite hostname="DESKTOP-N7K85DJ" name="Solution_one_Prod.Footer_Production" tests="2" failures="0" timestamp="2 Mar 2022 14:47:22 GMT" time="164.437" errors="0">
  <testcase name="Footer" time="99.218" classname="Solution_one_Prod.Footer_Production"/>
  <testcase name="Footer" time="65.219" classname="Solution_one_Prod.Footer_Production"/>
</testsuite> <!-- Solution_one_Prod.Footer_Production -->
