<?xml version="1.0" encoding="UTF-8"?>
<!-- Generated by org.testng.reporters.JUnitReportReporter -->
<testsuite hostname="DESKTOP-N7K85DJ" name="AFL_Test_Case_Prod.Footer_TC" tests="2" failures="0" timestamp="17 Mar 2022 11:54:46 GMT" time="209.468" errors="0">
  <testcase name="Footer" time="75.988" classname="AFL_Test_Case_Prod.Footer_TC"/>
  <testcase name="Footer" time="133.480" classname="AFL_Test_Case_Prod.Footer_TC"/>
</testsuite> <!-- AFL_Test_Case_Prod.Footer_TC -->
