<?xml version="1.0" encoding="UTF-8"?>
<!-- Generated by org.testng.reporters.JUnitReportReporter -->
<testsuite hostname="DESKTOP-N7K85DJ" name="Adler_TestCases_Prod.News" tests="2" failures="0" timestamp="10 May 2022 11:54:17 GMT" time="324.718" errors="0">
  <testcase name="main_Home_Page" time="127.902" classname="Adler_TestCases_Prod.News"/>
  <testcase name="main_Home_Page" time="196.816" classname="Adler_TestCases_Prod.News"/>
</testsuite> <!-- Adler_TestCases_Prod.News -->
