<?xml version="1.0" encoding="UTF-8"?>
<!-- Generated by org.testng.reporters.JUnitReportReporter -->
<testsuite hostname="DESKTOP-N7K85DJ" name="Tradewel_Test_Cases_Production.comprehensive_Protection" tests="1" failures="0" timestamp="25 May 2022 13:05:44 GMT" time="211.247" errors="0">
  <testcase name="Comprehensive" time="211.247" classname="Tradewel_Test_Cases_Production.comprehensive_Protection"/>
</testsuite> <!-- Tradewel_Test_Cases_Production.comprehensive_Protection -->
