<?xml version="1.0" encoding="UTF-8"?>
<!-- Generated by org.testng.reporters.JUnitReportReporter -->
<testsuite hostname="DESKTOP-N7K85DJ" name="AUW_Test_Case_dev.AUW_CallUpdate" tests="2" failures="0" timestamp="28 Feb 2022 07:58:39 GMT" time="128.884" errors="0">
  <testcase name="main" time="68.666" classname="AUW_Test_Case_dev.AUW_CallUpdate"/>
  <testcase name="main" time="60.218" classname="AUW_Test_Case_dev.AUW_CallUpdate"/>
</testsuite> <!-- AUW_Test_Case_dev.AUW_CallUpdate -->
