<?xml version="1.0" encoding="UTF-8"?>
<!-- Generated by org.testng.reporters.JUnitReportReporter -->
<testsuite hostname="DESKTOP-N7K85DJ" name="AUW_Test_case_prod.AUW_Intelligence_TC" tests="2" failures="0" timestamp="1 Apr 2022 10:47:35 GMT" time="252.869" errors="0">
  <testcase name="main" time="161.981" classname="AUW_Test_case_prod.AUW_Intelligence_TC"/>
  <testcase name="main" time="90.888" classname="AUW_Test_case_prod.AUW_Intelligence_TC"/>
</testsuite> <!-- AUW_Test_case_prod.AUW_Intelligence_TC -->
