<?xml version="1.0" encoding="UTF-8"?>
<!-- Generated by org.testng.reporters.JUnitReportReporter -->
<testsuite hostname="DESKTOP-N7K85DJ" name="AUW_Test_case_prod.AUW_header_web_Prod" tests="2" failures="0" timestamp="25 May 2022 13:05:44 GMT" time="128.976" errors="0">
  <testcase name="main" time="59.662" classname="AUW_Test_case_prod.AUW_header_web_Prod"/>
  <testcase name="main" time="69.314" classname="AUW_Test_case_prod.AUW_header_web_Prod"/>
</testsuite> <!-- AUW_Test_case_prod.AUW_header_web_Prod -->
