<?xml version="1.0" encoding="UTF-8"?>
<!-- Generated by org.testng.reporters.JUnitReportReporter -->
<testsuite hostname="DESKTOP-N7K85DJ" name="AUW_Test_Case_dev.AUW_Footer_Development" tests="2" failures="0" timestamp="5 Jan 2022 12:51:26 GMT" time="281.816" errors="0">
  <testcase name="AUW_Footer" time="172.966" classname="AUW_Test_Case_dev.AUW_Footer_Development"/>
  <testcase name="AUW_Footer" time="108.850" classname="AUW_Test_Case_dev.AUW_Footer_Development"/>
</testsuite> <!-- AUW_Test_Case_dev.AUW_Footer_Development -->
