<?xml version="1.0" encoding="UTF-8"?>
<!-- Generated by org.testng.reporters.JUnitReportReporter -->
<testsuite hostname="DESKTOP-N7K85DJ" name="MTL_Test_Cases_Prod.What_we_offer_URL_TC" tests="1" failures="0" timestamp="25 Feb 2022 15:02:01 GMT" time="89.843" errors="0">
  <testcase name="Heading" time="89.843" classname="MTL_Test_Cases_Prod.What_we_offer_URL_TC"/>
</testsuite> <!-- MTL_Test_Cases_Prod.What_we_offer_URL_TC -->
