<?xml version="1.0" encoding="UTF-8"?>
<!-- Generated by org.testng.reporters.JUnitReportReporter -->
<testsuite hostname="DESKTOP-N7K85DJ" name="Warranty_Test_Case_Prod.Our_Partner" tests="12" failures="0" timestamp="31 Mar 2022 12:54:40 GMT" time="845.603" errors="0">
  <testcase name="Partner4" time="75.482" classname="Warranty_Test_Case_Prod.Our_Partner"/>
  <testcase name="Partner1" time="73.190" classname="Warranty_Test_Case_Prod.Our_Partner"/>
  <testcase name="Partner2" time="67.366" classname="Warranty_Test_Case_Prod.Our_Partner"/>
  <testcase name="Partner6" time="66.225" classname="Warranty_Test_Case_Prod.Our_Partner"/>
  <testcase name="Partner5" time="73.184" classname="Warranty_Test_Case_Prod.Our_Partner"/>
  <testcase name="Partner1" time="66.047" classname="Warranty_Test_Case_Prod.Our_Partner"/>
  <testcase name="Partner2" time="73.696" classname="Warranty_Test_Case_Prod.Our_Partner"/>
  <testcase name="Partner5" time="67.481" classname="Warranty_Test_Case_Prod.Our_Partner"/>
  <testcase name="Partner3" time="67.422" classname="Warranty_Test_Case_Prod.Our_Partner"/>
  <testcase name="Partner4" time="69.238" classname="Warranty_Test_Case_Prod.Our_Partner"/>
  <testcase name="Partner3" time="72.855" classname="Warranty_Test_Case_Prod.Our_Partner"/>
  <testcase name="Partner6" time="73.417" classname="Warranty_Test_Case_Prod.Our_Partner"/>
</testsuite> <!-- Warranty_Test_Case_Prod.Our_Partner -->
