<?xml version="1.0" encoding="UTF-8"?>
<!-- Generated by org.testng.reporters.JUnitReportReporter -->
<testsuite hostname="DESKTOP-N7K85DJ" name="AUW_Test_case_prod.AUW_CallUpdate" tests="2" failures="0" timestamp="12 Apr 2022 07:47:29 GMT" time="136.312" errors="0">
  <testcase name="main" time="48.977" classname="AUW_Test_case_prod.AUW_CallUpdate"/>
  <testcase name="main" time="87.335" classname="AUW_Test_case_prod.AUW_CallUpdate"/>
</testsuite> <!-- AUW_Test_case_prod.AUW_CallUpdate -->
