<?xml version="1.0" encoding="UTF-8"?>
<!-- Generated by org.testng.reporters.JUnitReportReporter -->
<testsuite hostname="DESKTOP-N7K85DJ" name="Promesa_Test_Case_Prod.Change_language" tests="2" failures="0" timestamp="18 Feb 2022 14:06:49 GMT" time="25.583" errors="0">
  <testcase name="Change_Language" time="11.695" classname="Promesa_Test_Case_Prod.Change_language"/>
  <testcase name="Change_Language" time="13.888" classname="Promesa_Test_Case_Prod.Change_language"/>
</testsuite> <!-- Promesa_Test_Case_Prod.Change_language -->
