<?xml version="1.0" encoding="UTF-8"?>
<!-- Generated by org.testng.reporters.JUnitReportReporter -->
<testsuite hostname="DESKTOP-N7K85DJ" name="AUW_Test_Case_dev.AUW_CallUpdate" tests="2" failures="0" timestamp="5 May 2022 13:53:40 GMT" time="113.571" errors="0">
  <testcase name="main" time="53.186" classname="AUW_Test_Case_dev.AUW_CallUpdate"/>
  <testcase name="main" time="60.385" classname="AUW_Test_Case_dev.AUW_CallUpdate"/>
</testsuite> <!-- AUW_Test_Case_dev.AUW_CallUpdate -->
