<?xml version="1.0" encoding="UTF-8"?>
<!-- Generated by org.testng.reporters.JUnitReportReporter -->
<testsuite hostname="DESKTOP-N7K85DJ" name="Solution_one_Prod.Footer_Production" tests="2" failures="0" timestamp="23 Mar 2022 12:03:18 GMT" time="326.055" errors="0">
  <testcase name="Footer" time="62.089" classname="Solution_one_Prod.Footer_Production"/>
  <testcase name="Footer" time="263.966" classname="Solution_one_Prod.Footer_Production"/>
</testsuite> <!-- Solution_one_Prod.Footer_Production -->
