<?xml version="1.0" encoding="UTF-8"?>
<!-- Generated by org.testng.reporters.JUnitReportReporter -->
<testsuite hostname="DESKTOP-N7K85DJ" name="Tradewel_Test_Cases_Development.About_US" tests="2" failures="0" timestamp="23 Feb 2022 12:36:01 GMT" time="130.314" errors="0">
  <testcase name="main_Home_Page" time="58.555" classname="Tradewel_Test_Cases_Development.About_US"/>
  <testcase name="main_Home_Page" time="71.759" classname="Tradewel_Test_Cases_Development.About_US"/>
</testsuite> <!-- Tradewel_Test_Cases_Development.About_US -->
