<?xml version="1.0" encoding="UTF-8"?>
<!-- Generated by org.testng.reporters.JUnitReportReporter -->
<testsuite hostname="DESKTOP-N7K85DJ" name="AUW_Test_case_prod.AUW_AboutUS" tests="2" failures="0" timestamp="14 Mar 2022 11:43:39 GMT" time="196.899" errors="0">
  <testcase name="AboutUS" time="72.692" classname="AUW_Test_case_prod.AUW_AboutUS"/>
  <testcase name="AboutUS" time="124.207" classname="AUW_Test_case_prod.AUW_AboutUS"/>
</testsuite> <!-- AUW_Test_case_prod.AUW_AboutUS -->
