<?xml version="1.0" encoding="UTF-8"?>
<!-- Generated by org.testng.reporters.JUnitReportReporter -->
<testsuite hostname="DESKTOP-N7K85DJ" name="Warranty_Test_Case_Prod.Contact_US" tests="2" failures="0" timestamp="23 May 2022 09:46:43 GMT" time="265.744" errors="0">
  <testcase name="ContactUS" time="62.131" classname="Warranty_Test_Case_Prod.Contact_US"/>
  <testcase name="ContactUS" time="203.613" classname="Warranty_Test_Case_Prod.Contact_US"/>
</testsuite> <!-- Warranty_Test_Case_Prod.Contact_US -->
