<?xml version="1.0" encoding="UTF-8"?>
<!-- Generated by org.testng.reporters.JUnitReportReporter -->
<testsuite hostname="DESKTOP-N7K85DJ" name="AUW_Test_case_prod.AUW_NJ_Update" tests="2" failures="0" timestamp="3 Mar 2022 14:31:02 GMT" time="234.806" errors="0">
  <testcase name="main" time="182.921" classname="AUW_Test_case_prod.AUW_NJ_Update"/>
  <testcase name="main" time="51.885" classname="AUW_Test_case_prod.AUW_NJ_Update"/>
</testsuite> <!-- AUW_Test_case_prod.AUW_NJ_Update -->
