<?xml version="1.0" encoding="UTF-8"?>
<!-- Generated by org.testng.reporters.JUnitReportReporter -->
<testsuite hostname="DESKTOP-N7K85DJ" name="Warranty_Test_Case_Prod.Our_Partner" tests="12" failures="0" timestamp="7 Mar 2022 11:16:52 GMT" time="1114.029" errors="0">
  <testcase name="Partner4" time="101.816" classname="Warranty_Test_Case_Prod.Our_Partner"/>
  <testcase name="Partner3" time="86.893" classname="Warranty_Test_Case_Prod.Our_Partner"/>
  <testcase name="Partner6" time="74.904" classname="Warranty_Test_Case_Prod.Our_Partner"/>
  <testcase name="Partner1" time="78.689" classname="Warranty_Test_Case_Prod.Our_Partner"/>
  <testcase name="Partner3" time="120.809" classname="Warranty_Test_Case_Prod.Our_Partner"/>
  <testcase name="Partner2" time="77.668" classname="Warranty_Test_Case_Prod.Our_Partner"/>
  <testcase name="Partner4" time="90.867" classname="Warranty_Test_Case_Prod.Our_Partner"/>
  <testcase name="Partner1" time="123.780" classname="Warranty_Test_Case_Prod.Our_Partner"/>
  <testcase name="Partner6" time="80.636" classname="Warranty_Test_Case_Prod.Our_Partner"/>
  <testcase name="Partner5" time="83.676" classname="Warranty_Test_Case_Prod.Our_Partner"/>
  <testcase name="Partner5" time="92.521" classname="Warranty_Test_Case_Prod.Our_Partner"/>
  <testcase name="Partner2" time="101.770" classname="Warranty_Test_Case_Prod.Our_Partner"/>
</testsuite> <!-- Warranty_Test_Case_Prod.Our_Partner -->
