<?xml version="1.0" encoding="UTF-8"?>
<!-- Generated by org.testng.reporters.JUnitReportReporter -->
<testsuite hostname="DESKTOP-N7K85DJ" name="Warranty_Test_Case_Dev.About_US" tests="2" failures="0" timestamp="25 Feb 2022 13:22:59 GMT" time="95.238" errors="0">
  <testcase name="Home_page" time="43.909" classname="Warranty_Test_Case_Dev.About_US"/>
  <testcase name="Home_page" time="51.329" classname="Warranty_Test_Case_Dev.About_US"/>
</testsuite> <!-- Warranty_Test_Case_Dev.About_US -->
