<?xml version="1.0" encoding="UTF-8"?>
<!-- Generated by org.testng.reporters.JUnitReportReporter -->
<testsuite hostname="DESKTOP-N7K85DJ" name="Promesa_Test_Case_Prod.Footer" tests="10" failures="0" timestamp="12 Jan 2022 15:20:27 GMT" time="465.563" errors="0">
  <testcase name="Footer_instagram" time="88.461" classname="Promesa_Test_Case_Prod.Footer"/>
  <testcase name="Footer_linkedin" time="18.465" classname="Promesa_Test_Case_Prod.Footer"/>
  <testcase name="Footer_facebook" time="34.349" classname="Promesa_Test_Case_Prod.Footer"/>
  <testcase name="Footer_instagram" time="17.109" classname="Promesa_Test_Case_Prod.Footer"/>
  <testcase name="Footer_twitter" time="19.672" classname="Promesa_Test_Case_Prod.Footer"/>
  <testcase name="Footer_facebook" time="57.838" classname="Promesa_Test_Case_Prod.Footer"/>
  <testcase name="Footer_PrivacyPolicy" time="60.603" classname="Promesa_Test_Case_Prod.Footer"/>
  <testcase name="Footer_PrivacyPolicy" time="32.246" classname="Promesa_Test_Case_Prod.Footer"/>
  <testcase name="Footer_linkedin" time="118.316" classname="Promesa_Test_Case_Prod.Footer"/>
  <testcase name="Footer_twitter" time="18.504" classname="Promesa_Test_Case_Prod.Footer"/>
</testsuite> <!-- Promesa_Test_Case_Prod.Footer -->
