<?xml version="1.0" encoding="UTF-8"?>
<!-- Generated by org.testng.reporters.JUnitReportReporter -->
<testsuite hostname="DESKTOP-N7K85DJ" name="AUW_Test_case_prod.AUW_PPP" tests="2" failures="0" timestamp="7 Feb 2022 13:48:17 GMT" time="82.239" errors="0">
  <testcase name="main" time="55.384" classname="AUW_Test_case_prod.AUW_PPP"/>
  <testcase name="main" time="26.855" classname="AUW_Test_case_prod.AUW_PPP"/>
</testsuite> <!-- AUW_Test_case_prod.AUW_PPP -->
