<?xml version="1.0" encoding="UTF-8"?>
<!-- Generated by org.testng.reporters.JUnitReportReporter -->
<testsuite hostname="DESKTOP-N7K85DJ" name="AUW_Test_case_prod.AUW_header_web_Prod" tests="2" failures="0" timestamp="18 Jan 2022 13:48:12 GMT" time="168.856" errors="0">
  <testcase name="main" time="67.996" classname="AUW_Test_case_prod.AUW_header_web_Prod"/>
  <testcase name="main" time="100.860" classname="AUW_Test_case_prod.AUW_header_web_Prod"/>
</testsuite> <!-- AUW_Test_case_prod.AUW_header_web_Prod -->
