<?xml version="1.0" encoding="UTF-8"?>
<!-- Generated by org.testng.reporters.JUnitReportReporter -->
<testsuite hostname="DESKTOP-N7K85DJ" name="AUW_Test_case_prod.AUW_Experience" tests="2" failures="0" timestamp="17 Feb 2022 12:40:42 GMT" time="806.897" errors="0">
  <testcase name="main" time="438.651" classname="AUW_Test_case_prod.AUW_Experience"/>
  <testcase name="main" time="368.246" classname="AUW_Test_case_prod.AUW_Experience"/>
</testsuite> <!-- AUW_Test_case_prod.AUW_Experience -->
