<?xml version="1.0" encoding="UTF-8"?>
<!-- Generated by org.testng.reporters.JUnitReportReporter -->
<testsuite hostname="DESKTOP-N7K85DJ" name="AFL_Test_Case_Prod.HomePage_TC" tests="2" failures="0" timestamp="25 Apr 2022 10:19:02 GMT" time="285.549" errors="0">
  <testcase name="Home_Page" time="170.008" classname="AFL_Test_Case_Prod.HomePage_TC"/>
  <testcase name="Home_Page" time="115.541" classname="AFL_Test_Case_Prod.HomePage_TC"/>
</testsuite> <!-- AFL_Test_Case_Prod.HomePage_TC -->
