<?xml version="1.0" encoding="UTF-8"?>
<!-- Generated by org.testng.reporters.JUnitReportReporter -->
<testsuite hostname="DESKTOP-N7K85DJ" name="AUW_Test_case_prod.AUW_CallUpdate" tests="2" failures="0" timestamp="14 Jan 2022 12:33:11 GMT" time="268.831" errors="0">
  <testcase name="main" time="209.562" classname="AUW_Test_case_prod.AUW_CallUpdate"/>
  <testcase name="main" time="59.269" classname="AUW_Test_case_prod.AUW_CallUpdate"/>
</testsuite> <!-- AUW_Test_case_prod.AUW_CallUpdate -->
