<?xml version="1.0" encoding="UTF-8"?>
<!-- Generated by org.testng.reporters.JUnitReportReporter -->
<testsuite hostname="DESKTOP-N7K85DJ" name="Warranty_Test_Case_Prod.Partner_With_US" tests="2" failures="0" timestamp="24 Feb 2022 14:29:27 GMT" time="64.401" errors="0">
  <testcase name="partner" time="43.089" classname="Warranty_Test_Case_Prod.Partner_With_US"/>
  <testcase name="partner" time="21.312" classname="Warranty_Test_Case_Prod.Partner_With_US"/>
</testsuite> <!-- Warranty_Test_Case_Prod.Partner_With_US -->
