<?xml version="1.0" encoding="UTF-8"?>
<!-- Generated by org.testng.reporters.JUnitReportReporter -->
<testsuite hostname="DESKTOP-N7K85DJ" name="Promesa_Test_Case_Development.Side_Heading_One" tests="1" failures="0" timestamp="4 Mar 2022 12:50:00 GMT" time="42.744" errors="0">
  <testcase name="Side_Heading_One" time="42.744" classname="Promesa_Test_Case_Development.Side_Heading_One"/>
</testsuite> <!-- Promesa_Test_Case_Development.Side_Heading_One -->
