<?xml version="1.0" encoding="UTF-8"?>
<!-- Generated by org.testng.reporters.JUnitReportReporter -->
<testsuite hostname="DESKTOP-N7K85DJ" name="AFL_Test_Cases_Dev.Footer_TC_dev" tests="2" failures="0" timestamp="21 Feb 2022 15:12:15 GMT" time="217.413" errors="0">
  <testcase name="Footer" time="113.302" classname="AFL_Test_Cases_Dev.Footer_TC_dev"/>
  <testcase name="Footer" time="104.111" classname="AFL_Test_Cases_Dev.Footer_TC_dev"/>
</testsuite> <!-- AFL_Test_Cases_Dev.Footer_TC_dev -->
