<?xml version="1.0" encoding="UTF-8"?>
<!-- Generated by org.testng.reporters.JUnitReportReporter -->
<testsuite hostname="DESKTOP-N7K85DJ" name="AFL_Test_Case_Prod.Footer_TC" tests="2" failures="0" timestamp="9 Dec 2021 13:26:34 GMT" time="153.856" errors="0">
  <testcase name="Footer" time="73.461" classname="AFL_Test_Case_Prod.Footer_TC"/>
  <testcase name="Footer" time="80.395" classname="AFL_Test_Case_Prod.Footer_TC"/>
</testsuite> <!-- AFL_Test_Case_Prod.Footer_TC -->
