<?xml version="1.0" encoding="UTF-8"?>
<!-- Generated by org.testng.reporters.JUnitReportReporter -->
<testsuite hostname="DESKTOP-N7K85DJ" name="Warranty_Test_Case_Dev.About_US" tests="2" failures="0" timestamp="23 Feb 2022 12:36:01 GMT" time="135.464" errors="0">
  <testcase name="Home_page" time="73.607" classname="Warranty_Test_Case_Dev.About_US"/>
  <testcase name="Home_page" time="61.857" classname="Warranty_Test_Case_Dev.About_US"/>
</testsuite> <!-- Warranty_Test_Case_Dev.About_US -->
