<?xml version="1.0" encoding="UTF-8"?>
<!-- Generated by org.testng.reporters.JUnitReportReporter -->
<testsuite hostname="DESKTOP-N7K85DJ" name="Warranty_Test_Case_Prod.HomePage_Testcase" tests="2" failures="0" timestamp="16 Mar 2022 12:48:23 GMT" time="599.716" errors="0">
  <testcase name="Home_page" time="270.300" classname="Warranty_Test_Case_Prod.HomePage_Testcase"/>
  <testcase name="Home_page" time="329.416" classname="Warranty_Test_Case_Prod.HomePage_Testcase"/>
</testsuite> <!-- Warranty_Test_Case_Prod.HomePage_Testcase -->
