<?xml version="1.0" encoding="UTF-8"?>
<!-- Generated by org.testng.reporters.JUnitReportReporter -->
<testsuite hostname="DESKTOP-N7K85DJ" name="AUW_Test_case_prod.AUW_PPP" tests="2" failures="0" timestamp="17 Mar 2022 13:12:13 GMT" time="147.158" errors="0">
  <testcase name="main" time="26.519" classname="AUW_Test_case_prod.AUW_PPP"/>
  <testcase name="main" time="120.639" classname="AUW_Test_case_prod.AUW_PPP"/>
</testsuite> <!-- AUW_Test_case_prod.AUW_PPP -->
