<?xml version="1.0" encoding="UTF-8"?>
<!-- Generated by org.testng.reporters.JUnitReportReporter -->
<testsuite hostname="DESKTOP-N7K85DJ" name="Promesa_Test_Case_Prod.Footer" tests="10" failures="0" timestamp="21 Mar 2022 16:29:59 GMT" time="181.599" errors="0">
  <testcase name="Footer_facebook" time="23.523" classname="Promesa_Test_Case_Prod.Footer"/>
  <testcase name="Footer_twitter" time="12.455" classname="Promesa_Test_Case_Prod.Footer"/>
  <testcase name="Footer_linkedin" time="15.230" classname="Promesa_Test_Case_Prod.Footer"/>
  <testcase name="Footer_twitter" time="15.023" classname="Promesa_Test_Case_Prod.Footer"/>
  <testcase name="Footer_PrivacyPolicy" time="27.945" classname="Promesa_Test_Case_Prod.Footer"/>
  <testcase name="Footer_PrivacyPolicy" time="22.699" classname="Promesa_Test_Case_Prod.Footer"/>
  <testcase name="Footer_instagram" time="15.042" classname="Promesa_Test_Case_Prod.Footer"/>
  <testcase name="Footer_facebook" time="28.037" classname="Promesa_Test_Case_Prod.Footer"/>
  <testcase name="Footer_instagram" time="10.714" classname="Promesa_Test_Case_Prod.Footer"/>
  <testcase name="Footer_linkedin" time="10.931" classname="Promesa_Test_Case_Prod.Footer"/>
</testsuite> <!-- Promesa_Test_Case_Prod.Footer -->
