<?xml version="1.0" encoding="UTF-8"?>
<!-- Generated by org.testng.reporters.JUnitReportReporter -->
<testsuite hostname="DESKTOP-N7K85DJ" name="Adler_TestCases_Prod.News" tests="2" failures="0" timestamp="23 Mar 2022 12:03:17 GMT" time="351.735" errors="0">
  <testcase name="main_Home_Page" time="137.161" classname="Adler_TestCases_Prod.News"/>
  <testcase name="main_Home_Page" time="214.574" classname="Adler_TestCases_Prod.News"/>
</testsuite> <!-- Adler_TestCases_Prod.News -->
