<?xml version="1.0" encoding="UTF-8"?>
<!-- Generated by org.testng.reporters.JUnitReportReporter -->
<testsuite hostname="DESKTOP-N7K85DJ" name="Casuality_Dev_TC.Menu_Press_Room" tests="2" failures="0" timestamp="25 Feb 2022 13:22:59 GMT" time="135.178" errors="0">
  <testcase name="HomePage" time="64.539" classname="Casuality_Dev_TC.Menu_Press_Room"/>
  <testcase name="HomePage" time="70.639" classname="Casuality_Dev_TC.Menu_Press_Room"/>
</testsuite> <!-- Casuality_Dev_TC.Menu_Press_Room -->
