<?xml version="1.0" encoding="UTF-8"?>
<!-- Generated by org.testng.reporters.JUnitReportReporter -->
<testsuite hostname="DESKTOP-N7K85DJ" name="AUW_Test_case_prod.AUW_Experience" tests="2" failures="0" timestamp="10 Feb 2022 16:20:34 GMT" time="729.212" errors="0">
  <testcase name="main" time="324.183" classname="AUW_Test_case_prod.AUW_Experience"/>
  <testcase name="main" time="405.029" classname="AUW_Test_case_prod.AUW_Experience"/>
</testsuite> <!-- AUW_Test_case_prod.AUW_Experience -->
