<?xml version="1.0" encoding="UTF-8"?>
<!-- Generated by org.testng.reporters.JUnitReportReporter -->
<testsuite hostname="DESKTOP-N7K85DJ" name="AUW_Test_Case_dev.AUW_PPP" tests="2" failures="0" timestamp="5 May 2022 13:53:40 GMT" time="61.810" errors="0">
  <testcase name="main" time="33.225" classname="AUW_Test_Case_dev.AUW_PPP"/>
  <testcase name="main" time="28.585" classname="AUW_Test_Case_dev.AUW_PPP"/>
</testsuite> <!-- AUW_Test_Case_dev.AUW_PPP -->
