<?xml version="1.0" encoding="UTF-8"?>
<!-- Generated by org.testng.reporters.JUnitReportReporter -->
<testsuite hostname="DESKTOP-N7K85DJ" name="AUW_Test_case_prod.AUW_Experience" tests="2" failures="0" timestamp="16 Dec 2021 09:47:07 GMT" time="552.492" errors="0">
  <testcase name="main" time="278.779" classname="AUW_Test_case_prod.AUW_Experience"/>
  <testcase name="main" time="273.713" classname="AUW_Test_case_prod.AUW_Experience"/>
</testsuite> <!-- AUW_Test_case_prod.AUW_Experience -->
