<?xml version="1.0" encoding="UTF-8"?>
<!-- Generated by org.testng.reporters.JUnitReportReporter -->
<testsuite hostname="DESKTOP-N7K85DJ" name="AFL_Test_Case_Prod.Footer_TC" tests="2" failures="0" timestamp="5 May 2022 09:54:47 GMT" time="225.873" errors="0">
  <testcase name="Footer" time="82.217" classname="AFL_Test_Case_Prod.Footer_TC"/>
  <testcase name="Footer" time="143.656" classname="AFL_Test_Case_Prod.Footer_TC"/>
</testsuite> <!-- AFL_Test_Case_Prod.Footer_TC -->
