<?xml version="1.0" encoding="UTF-8"?>
<!-- Generated by org.testng.reporters.JUnitReportReporter -->
<testsuite hostname="DESKTOP-N7K85DJ" name="Tradewel_Test_Cases_Development.About_US" tests="2" failures="0" timestamp="24 Feb 2022 15:18:06 GMT" time="105.571" errors="0">
  <testcase name="main_Home_Page" time="54.719" classname="Tradewel_Test_Cases_Development.About_US"/>
  <testcase name="main_Home_Page" time="50.852" classname="Tradewel_Test_Cases_Development.About_US"/>
</testsuite> <!-- Tradewel_Test_Cases_Development.About_US -->
