<?xml version="1.0" encoding="UTF-8"?>
<!-- Generated by org.testng.reporters.JUnitReportReporter -->
<testsuite hostname="DESKTOP-N7K85DJ" name="Casuality_Prod_TC.Home_page" tests="2" failures="0" timestamp="25 Apr 2022 10:19:02 GMT" time="185.815" errors="0">
  <testcase name="HomePage" time="110.500" classname="Casuality_Prod_TC.Home_page"/>
  <testcase name="HomePage" time="75.315" classname="Casuality_Prod_TC.Home_page"/>
</testsuite> <!-- Casuality_Prod_TC.Home_page -->
