<?xml version="1.0" encoding="UTF-8"?>
<!-- Generated by org.testng.reporters.JUnitReportReporter -->
<testsuite hostname="DESKTOP-N7K85DJ" name="Adler_TestCases_Development.Home" tests="2" failures="0" timestamp="9 Dec 2021 11:12:25 GMT" time="52.647" errors="0">
  <testcase name="main_Home_Page" time="29.199" classname="Adler_TestCases_Development.Home"/>
  <testcase name="main_Home_Page" time="23.448" classname="Adler_TestCases_Development.Home"/>
</testsuite> <!-- Adler_TestCases_Development.Home -->
