<?xml version="1.0" encoding="UTF-8"?>
<!-- Generated by org.testng.reporters.JUnitReportReporter -->
<testsuite hostname="DESKTOP-N7K85DJ" name="Promesa_Test_Case_Development.Footer" tests="2" failures="0" timestamp="14 Dec 2021 11:47:24 GMT" time="134.964" errors="0">
  <testcase name="Footer" time="74.852" classname="Promesa_Test_Case_Development.Footer"/>
  <testcase name="Footer" time="60.112" classname="Promesa_Test_Case_Development.Footer"/>
</testsuite> <!-- Promesa_Test_Case_Development.Footer -->
