<?xml version="1.0" encoding="UTF-8"?>
<!-- Generated by org.testng.reporters.JUnitReportReporter -->
<testsuite hostname="DESKTOP-N7K85DJ" name="Tradewel_Test_Cases_Development.About_US" tests="2" failures="0" timestamp="4 Apr 2022 06:52:09 GMT" time="115.214" errors="0">
  <testcase name="main_Home_Page" time="63.019" classname="Tradewel_Test_Cases_Development.About_US"/>
  <testcase name="main_Home_Page" time="52.195" classname="Tradewel_Test_Cases_Development.About_US"/>
</testsuite> <!-- Tradewel_Test_Cases_Development.About_US -->
