<?xml version="1.0" encoding="UTF-8"?>
<!-- Generated by org.testng.reporters.JUnitReportReporter -->
<testsuite hostname="DESKTOP-N7K85DJ" name="AUW_Test_case_prod.AUW_NJ_Update" tests="2" failures="0" timestamp="25 Jan 2022 14:00:35 GMT" time="205.846" errors="0">
  <testcase name="main" time="72.996" classname="AUW_Test_case_prod.AUW_NJ_Update"/>
  <testcase name="main" time="132.850" classname="AUW_Test_case_prod.AUW_NJ_Update"/>
</testsuite> <!-- AUW_Test_case_prod.AUW_NJ_Update -->
