<?xml version="1.0" encoding="UTF-8"?>
<!-- Generated by org.testng.reporters.JUnitReportReporter -->
<testsuite hostname="DESKTOP-N7K85DJ" name="MTL_Test_Cases_Prod.Home_URL" tests="2" failures="0" timestamp="15 Mar 2022 10:17:10 GMT" time="110.831" errors="0">
  <testcase name="Footer" time="49.512" classname="MTL_Test_Cases_Prod.Home_URL"/>
  <testcase name="Footer" time="61.319" classname="MTL_Test_Cases_Prod.Home_URL"/>
</testsuite> <!-- MTL_Test_Cases_Prod.Home_URL -->
