<?xml version="1.0" encoding="UTF-8"?>
<!-- Generated by org.testng.reporters.JUnitReportReporter -->
<testsuite hostname="DESKTOP-N7K85DJ" name="AUW_Test_Case_dev.AUW_Experience" tests="2" failures="0" timestamp="14 Dec 2021 11:47:24 GMT" time="576.899" errors="0">
  <testcase name="main" time="282.431" classname="AUW_Test_Case_dev.AUW_Experience"/>
  <testcase name="main" time="294.468" classname="AUW_Test_Case_dev.AUW_Experience"/>
</testsuite> <!-- AUW_Test_Case_dev.AUW_Experience -->
