<?xml version="1.0" encoding="UTF-8"?>
<!-- Generated by org.testng.reporters.JUnitReportReporter -->
<testsuite hostname="DESKTOP-N7K85DJ" name="Warranty_Test_Case_Dev.About_US" tests="2" failures="0" timestamp="24 Feb 2022 15:18:06 GMT" time="96.403" errors="0">
  <testcase name="Home_page" time="53.527" classname="Warranty_Test_Case_Dev.About_US"/>
  <testcase name="Home_page" time="42.876" classname="Warranty_Test_Case_Dev.About_US"/>
</testsuite> <!-- Warranty_Test_Case_Dev.About_US -->
