<?xml version="1.0" encoding="UTF-8"?>
<!-- Generated by org.testng.reporters.JUnitReportReporter -->
<testsuite hostname="DESKTOP-N7K85DJ" name="Adler_TestCases_Development.Home" tests="2" failures="0" timestamp="11 Feb 2022 10:29:05 GMT" time="96.826" errors="0">
  <testcase name="main_Home_Page" time="47.626" classname="Adler_TestCases_Development.Home"/>
  <testcase name="main_Home_Page" time="49.200" classname="Adler_TestCases_Development.Home"/>
</testsuite> <!-- Adler_TestCases_Development.Home -->
