<?xml version="1.0" encoding="UTF-8"?>
<!-- Generated by org.testng.reporters.JUnitReportReporter -->
<testsuite hostname="DESKTOP-N7K85DJ" name="Warranty_Test_Case_Prod.Our_Partner" tests="6" failures="0" timestamp="16 Mar 2022 15:09:26 GMT" time="388.319" errors="0">
  <testcase name="Partner1" time="64.345" classname="Warranty_Test_Case_Prod.Our_Partner"/>
  <testcase name="Partner5" time="66.157" classname="Warranty_Test_Case_Prod.Our_Partner"/>
  <testcase name="Partner2" time="63.904" classname="Warranty_Test_Case_Prod.Our_Partner"/>
  <testcase name="Partner4" time="65.644" classname="Warranty_Test_Case_Prod.Our_Partner"/>
  <testcase name="Partner3" time="64.634" classname="Warranty_Test_Case_Prod.Our_Partner"/>
  <testcase name="Partner6" time="63.635" classname="Warranty_Test_Case_Prod.Our_Partner"/>
</testsuite> <!-- Warranty_Test_Case_Prod.Our_Partner -->
