<?xml version="1.0" encoding="UTF-8"?>
<!-- Generated by org.testng.reporters.JUnitReportReporter -->
<testsuite hostname="DESKTOP-N7K85DJ" name="Solution_one_Development.Footer_Develop" tests="2" failures="0" timestamp="14 Feb 2022 11:13:18 GMT" time="163.709" errors="0">
  <testcase name="Footer" time="78.377" classname="Solution_one_Development.Footer_Develop"/>
  <testcase name="Footer" time="85.332" classname="Solution_one_Development.Footer_Develop"/>
</testsuite> <!-- Solution_one_Development.Footer_Develop -->
