<?xml version="1.0" encoding="UTF-8"?>
<!-- Generated by org.testng.reporters.JUnitReportReporter -->
<testsuite hostname="DESKTOP-N7K85DJ" name="AUW_Test_case_prod.AUW_Intelligence_TC" tests="2" failures="0" timestamp="5 Jan 2022 10:13:38 GMT" time="261.680" errors="0">
  <testcase name="main" time="133.724" classname="AUW_Test_case_prod.AUW_Intelligence_TC"/>
  <testcase name="main" time="127.956" classname="AUW_Test_case_prod.AUW_Intelligence_TC"/>
</testsuite> <!-- AUW_Test_case_prod.AUW_Intelligence_TC -->
