<?xml version="1.0" encoding="UTF-8"?>
<!-- Generated by org.testng.reporters.JUnitReportReporter -->
<testsuite hostname="DESKTOP-N7K85DJ" name="Adler_TestCases_Prod.Home" tests="2" failures="0" timestamp="22 Apr 2022 10:04:10 GMT" time="71.989" errors="0">
  <testcase name="main_Home_Page" time="31.674" classname="Adler_TestCases_Prod.Home"/>
  <testcase name="main_Home_Page" time="40.315" classname="Adler_TestCases_Prod.Home"/>
</testsuite> <!-- Adler_TestCases_Prod.Home -->
