<?xml version="1.0" encoding="UTF-8"?>
<!-- Generated by org.testng.reporters.JUnitReportReporter -->
<testsuite hostname="DESKTOP-N7K85DJ" name="Promesa_Test_Case_Development.Change_language" tests="2" failures="0" timestamp="21 Feb 2022 15:12:15 GMT" time="53.922" errors="0">
  <testcase name="Change_Language" time="19.000" classname="Promesa_Test_Case_Development.Change_language"/>
  <testcase name="Change_Language" time="34.922" classname="Promesa_Test_Case_Development.Change_language"/>
</testsuite> <!-- Promesa_Test_Case_Development.Change_language -->
