<?xml version="1.0" encoding="UTF-8"?>
<!-- Generated by org.testng.reporters.JUnitReportReporter -->
<testsuite hostname="DESKTOP-N7K85DJ" name="Casuality_Dev_TC.Menu_Our_Carriers" tests="2" failures="0" timestamp="11 Feb 2022 14:12:05 GMT" time="91.537" errors="0">
  <testcase name="Carriers" time="43.770" classname="Casuality_Dev_TC.Menu_Our_Carriers"/>
  <testcase name="Carriers" time="47.767" classname="Casuality_Dev_TC.Menu_Our_Carriers"/>
</testsuite> <!-- Casuality_Dev_TC.Menu_Our_Carriers -->
