<?xml version="1.0" encoding="UTF-8"?>
<!-- Generated by org.testng.reporters.JUnitReportReporter -->
<testsuite hostname="DESKTOP-N7K85DJ" name="Speciality_underwriters_Test_Case_Prod.Home_TC" tests="2" failures="0" timestamp="9 Mar 2022 15:47:56 GMT" time="75.755" errors="0">
  <testcase name="Footer" time="49.119" classname="Speciality_underwriters_Test_Case_Prod.Home_TC"/>
  <testcase name="Footer" time="26.636" classname="Speciality_underwriters_Test_Case_Prod.Home_TC"/>
</testsuite> <!-- Speciality_underwriters_Test_Case_Prod.Home_TC -->
