<?xml version="1.0" encoding="UTF-8"?>
<!-- Generated by org.testng.reporters.JUnitReportReporter -->
<testsuite hostname="DESKTOP-N7K85DJ" name="Casuality_Prod_TC.Menu_Press_Room" tests="2" failures="0" timestamp="18 Feb 2022 15:38:24 GMT" time="139.679" errors="0">
  <testcase name="HomePage" time="72.634" classname="Casuality_Prod_TC.Menu_Press_Room"/>
  <testcase name="HomePage" time="67.045" classname="Casuality_Prod_TC.Menu_Press_Room"/>
</testsuite> <!-- Casuality_Prod_TC.Menu_Press_Room -->
