<?xml version="1.0" encoding="UTF-8"?>
<!-- Generated by org.testng.reporters.JUnitReportReporter -->
<testsuite hostname="DESKTOP-N7K85DJ" name="Warranty_Test_Case_Dev.Contact_US" tests="2" failures="0" timestamp="14 Dec 2021 11:47:24 GMT" time="88.124" errors="0">
  <testcase name="ContactUS" time="46.999" classname="Warranty_Test_Case_Dev.Contact_US"/>
  <testcase name="ContactUS" time="41.125" classname="Warranty_Test_Case_Dev.Contact_US"/>
</testsuite> <!-- Warranty_Test_Case_Dev.Contact_US -->
