<?xml version="1.0" encoding="UTF-8"?>
<!-- Generated by org.testng.reporters.JUnitReportReporter -->
<testsuite hostname="DESKTOP-N7K85DJ" name="AUW_Global_Test_Cases_Development.Home_Page_TC" tests="2" failures="0" timestamp="14 Feb 2022 11:13:18 GMT" time="49.845" errors="0">
  <testcase name="HomePage" time="25.122" classname="AUW_Global_Test_Cases_Development.Home_Page_TC"/>
  <testcase name="HomePage" time="24.723" classname="AUW_Global_Test_Cases_Development.Home_Page_TC"/>
</testsuite> <!-- AUW_Global_Test_Cases_Development.Home_Page_TC -->
