<?xml version="1.0" encoding="UTF-8"?>
<!-- Generated by org.testng.reporters.JUnitReportReporter -->
<testsuite hostname="DESKTOP-N7K85DJ" name="Warranty_Test_Case_Prod.Contact_US" tests="2" failures="0" timestamp="2 May 2022 07:01:07 GMT" time="172.430" errors="0">
  <testcase name="ContactUS" time="59.159" classname="Warranty_Test_Case_Prod.Contact_US"/>
  <testcase name="ContactUS" time="113.271" classname="Warranty_Test_Case_Prod.Contact_US"/>
</testsuite> <!-- Warranty_Test_Case_Prod.Contact_US -->
