<?xml version="1.0" encoding="UTF-8"?>
<!-- Generated by org.testng.reporters.JUnitReportReporter -->
<testsuite hostname="DESKTOP-N7K85DJ" name="AUW_Test_case_prod.AUW_Experience" tests="2" failures="0" timestamp="2 Mar 2022 14:47:22 GMT" time="702.995" errors="0">
  <testcase name="main" time="313.069" classname="AUW_Test_case_prod.AUW_Experience"/>
  <testcase name="main" time="389.926" classname="AUW_Test_case_prod.AUW_Experience"/>
</testsuite> <!-- AUW_Test_case_prod.AUW_Experience -->
