<?xml version="1.0" encoding="UTF-8"?>
<!-- Generated by org.testng.reporters.JUnitReportReporter -->
<testsuite hostname="DESKTOP-N7K85DJ" name="Warranty_Test_Case_Dev.Contact_US" tests="2" failures="0" timestamp="4 Jan 2022 11:14:57 GMT" time="139.030" errors="0">
  <testcase name="ContactUS" time="78.427" classname="Warranty_Test_Case_Dev.Contact_US"/>
  <testcase name="ContactUS" time="60.603" classname="Warranty_Test_Case_Dev.Contact_US"/>
</testsuite> <!-- Warranty_Test_Case_Dev.Contact_US -->
