<?xml version="1.0" encoding="UTF-8"?>
<!-- Generated by org.testng.reporters.JUnitReportReporter -->
<testsuite hostname="DESKTOP-N7K85DJ" name="Solution_one_Prod.Footer_Production" tests="2" failures="0" timestamp="15 Feb 2022 17:26:16 GMT" time="115.145" errors="0">
  <testcase name="Footer" time="60.000" classname="Solution_one_Prod.Footer_Production"/>
  <testcase name="Footer" time="55.145" classname="Solution_one_Prod.Footer_Production"/>
</testsuite> <!-- Solution_one_Prod.Footer_Production -->
