<?xml version="1.0" encoding="UTF-8"?>
<!-- Generated by org.testng.reporters.JUnitReportReporter -->
<testsuite hostname="DESKTOP-N7K85DJ" name="Warranty_Test_Case_Dev.HomePage_Testcase" tests="2" failures="0" timestamp="9 Dec 2021 11:12:25 GMT" time="538.238" errors="0">
  <testcase name="Home_page" time="272.857" classname="Warranty_Test_Case_Dev.HomePage_Testcase"/>
  <testcase name="Home_page" time="265.381" classname="Warranty_Test_Case_Dev.HomePage_Testcase"/>
</testsuite> <!-- Warranty_Test_Case_Dev.HomePage_Testcase -->
