<?xml version="1.0" encoding="UTF-8"?>
<!-- Generated by org.testng.reporters.JUnitReportReporter -->
<testsuite hostname="DESKTOP-N7K85DJ" name="Warranty_Test_Case_Dev.Our_Partner" tests="12" failures="0" timestamp="23 Feb 2022 12:36:01 GMT" time="1194.245" errors="0">
  <testcase name="Partner4" time="120.189" classname="Warranty_Test_Case_Dev.Our_Partner"/>
  <testcase name="Partner3" time="90.415" classname="Warranty_Test_Case_Dev.Our_Partner"/>
  <testcase name="Partner3" time="109.182" classname="Warranty_Test_Case_Dev.Our_Partner"/>
  <testcase name="Partner2" time="127.150" classname="Warranty_Test_Case_Dev.Our_Partner"/>
  <testcase name="Partner5" time="94.846" classname="Warranty_Test_Case_Dev.Our_Partner"/>
  <testcase name="Partner6" time="93.423" classname="Warranty_Test_Case_Dev.Our_Partner"/>
  <testcase name="Partner1" time="103.661" classname="Warranty_Test_Case_Dev.Our_Partner"/>
  <testcase name="Partner6" time="80.169" classname="Warranty_Test_Case_Dev.Our_Partner"/>
  <testcase name="Partner4" time="91.990" classname="Warranty_Test_Case_Dev.Our_Partner"/>
  <testcase name="Partner1" time="89.084" classname="Warranty_Test_Case_Dev.Our_Partner"/>
  <testcase name="Partner2" time="104.229" classname="Warranty_Test_Case_Dev.Our_Partner"/>
  <testcase name="Partner5" time="89.907" classname="Warranty_Test_Case_Dev.Our_Partner"/>
</testsuite> <!-- Warranty_Test_Case_Dev.Our_Partner -->
