<?xml version="1.0" encoding="UTF-8"?>
<!-- Generated by org.testng.reporters.JUnitReportReporter -->
<testsuite hostname="DESKTOP-N7K85DJ" name="AFL_Test_Case_Prod.Footer_TC" tests="2" failures="0" timestamp="7 Mar 2022 11:16:52 GMT" time="229.108" errors="0">
  <testcase name="Footer" time="146.817" classname="AFL_Test_Case_Prod.Footer_TC"/>
  <testcase name="Footer" time="82.291" classname="AFL_Test_Case_Prod.Footer_TC"/>
</testsuite> <!-- AFL_Test_Case_Prod.Footer_TC -->
