<?xml version="1.0" encoding="UTF-8"?>
<!-- Generated by org.testng.reporters.JUnitReportReporter -->
<testsuite hostname="DESKTOP-N7K85DJ" name="Speciality_underwriters_Test_Case_Prod.About_Us" tests="2" failures="0" timestamp="25 Jan 2022 14:00:35 GMT" time="97.001" errors="0">
  <testcase name="Footer" time="20.298" classname="Speciality_underwriters_Test_Case_Prod.About_Us"/>
  <testcase name="Footer" time="76.703" classname="Speciality_underwriters_Test_Case_Prod.About_Us"/>
</testsuite> <!-- Speciality_underwriters_Test_Case_Prod.About_Us -->
