<?xml version="1.0" encoding="UTF-8"?>
<!-- Generated by org.testng.reporters.JUnitReportReporter -->
<testsuite hostname="DESKTOP-N7K85DJ" name="Warranty_Test_Case_Prod.About_US" tests="2" failures="0" timestamp="12 Jan 2022 15:20:27 GMT" time="167.603" errors="0">
  <testcase name="Home_page" time="123.362" classname="Warranty_Test_Case_Prod.About_US"/>
  <testcase name="Home_page" time="44.241" classname="Warranty_Test_Case_Prod.About_US"/>
</testsuite> <!-- Warranty_Test_Case_Prod.About_US -->
