<?xml version="1.0" encoding="UTF-8"?>
<!-- Generated by org.testng.reporters.JUnitReportReporter -->
<testsuite hostname="DESKTOP-N7K85DJ" name="Casuality_Prod_TC.Menu_Press_Room" tests="2" failures="0" timestamp="4 Feb 2022 11:48:19 GMT" time="116.464" errors="0">
  <testcase name="HomePage" time="55.385" classname="Casuality_Prod_TC.Menu_Press_Room"/>
  <testcase name="HomePage" time="61.079" classname="Casuality_Prod_TC.Menu_Press_Room"/>
</testsuite> <!-- Casuality_Prod_TC.Menu_Press_Room -->
