<?xml version="1.0" encoding="UTF-8"?>
<!-- Generated by org.testng.reporters.JUnitReportReporter -->
<testsuite hostname="DESKTOP-N7K85DJ" name="Promesa_Test_Case_Prod.Change_language" tests="2" failures="0" timestamp="8 Mar 2022 09:14:17 GMT" time="30.770" errors="0">
  <testcase name="Change_Language" time="12.155" classname="Promesa_Test_Case_Prod.Change_language"/>
  <testcase name="Change_Language" time="18.615" classname="Promesa_Test_Case_Prod.Change_language"/>
</testsuite> <!-- Promesa_Test_Case_Prod.Change_language -->
