<?xml version="1.0" encoding="UTF-8"?>
<!-- Generated by org.testng.reporters.JUnitReportReporter -->
<testsuite hostname="DESKTOP-N7K85DJ" name="AUW_Global_Test_Cases_Prod.LearnMore_TC" tests="2" failures="0" timestamp="14 Jan 2022 12:33:11 GMT" time="154.499" errors="0">
  <testcase name="LearnMore" time="129.542" classname="AUW_Global_Test_Cases_Prod.LearnMore_TC"/>
  <testcase name="LearnMore" time="24.957" classname="AUW_Global_Test_Cases_Prod.LearnMore_TC"/>
</testsuite> <!-- AUW_Global_Test_Cases_Prod.LearnMore_TC -->
