<?xml version="1.0" encoding="UTF-8"?>
<!-- Generated by org.testng.reporters.JUnitReportReporter -->
<testsuite hostname="DESKTOP-N7K85DJ" name="Careers_Test_case_Prod.Footer" tests="10" failures="0" timestamp="12 Apr 2022 07:47:29 GMT" time="389.096" errors="0">
  <testcase name="AUW_Facebook" time="26.477" classname="Careers_Test_case_Prod.Footer"/>
  <testcase name="AUW_Linkedin" time="73.707" classname="Careers_Test_case_Prod.Footer"/>
  <testcase name="AUW_Instagram" time="19.767" classname="Careers_Test_case_Prod.Footer"/>
  <testcase name="AUW_twitter" time="87.718" classname="Careers_Test_case_Prod.Footer"/>
  <testcase name="AUW_Instagram" time="30.970" classname="Careers_Test_case_Prod.Footer"/>
  <testcase name="AUW_twitter" time="20.634" classname="Careers_Test_case_Prod.Footer"/>
  <testcase name="AUW_Facebook" time="41.012" classname="Careers_Test_case_Prod.Footer"/>
  <testcase name="AUW_Policy" time="33.404" classname="Careers_Test_case_Prod.Footer"/>
  <testcase name="AUW_Policy" time="37.350" classname="Careers_Test_case_Prod.Footer"/>
  <testcase name="AUW_Linkedin" time="18.057" classname="Careers_Test_case_Prod.Footer"/>
</testsuite> <!-- Careers_Test_case_Prod.Footer -->
