<?xml version="1.0" encoding="UTF-8"?>
<!-- Generated by org.testng.reporters.JUnitReportReporter -->
<testsuite hostname="DESKTOP-N7K85DJ" name="AUW_Test_case_prod.AUW_PPP" tests="2" failures="0" timestamp="23 May 2022 09:46:43 GMT" time="76.001" errors="0">
  <testcase name="main" time="26.596" classname="AUW_Test_case_prod.AUW_PPP"/>
  <testcase name="main" time="49.405" classname="AUW_Test_case_prod.AUW_PPP"/>
</testsuite> <!-- AUW_Test_case_prod.AUW_PPP -->
