<?xml version="1.0" encoding="UTF-8"?>
<!-- Generated by org.testng.reporters.JUnitReportReporter -->
<testsuite hostname="DESKTOP-N7K85DJ" name="Aerospace_TestCases_Development.Space" tests="2" failures="0" timestamp="27 Jun 2022 10:19:01 GMT" time="166.496" errors="0">
  <testcase name="Space" time="84.032" classname="Aerospace_TestCases_Development.Space"/>
  <testcase name="Space" time="82.464" classname="Aerospace_TestCases_Development.Space"/>
</testsuite> <!-- Aerospace_TestCases_Development.Space -->
