<?xml version="1.0" encoding="UTF-8"?>
<!-- Generated by org.testng.reporters.JUnitReportReporter -->
<testsuite hostname="DESKTOP-N7K85DJ" name="Casuality_Prod_TC.Home_page" tests="2" failures="0" timestamp="8 Apr 2022 08:47:38 GMT" time="203.772" errors="0">
  <testcase name="HomePage" time="76.334" classname="Casuality_Prod_TC.Home_page"/>
  <testcase name="HomePage" time="127.438" classname="Casuality_Prod_TC.Home_page"/>
</testsuite> <!-- Casuality_Prod_TC.Home_page -->
