<?xml version="1.0" encoding="UTF-8"?>
<!-- Generated by org.testng.reporters.JUnitReportReporter -->
<testsuite hostname="DESKTOP-N7K85DJ" name="Warranty_Test_Case_Prod.Partner_With_US" tests="2" failures="0" timestamp="14 Mar 2022 11:17:46 GMT" time="60.174" errors="0">
  <testcase name="partner" time="21.439" classname="Warranty_Test_Case_Prod.Partner_With_US"/>
  <testcase name="partner" time="38.735" classname="Warranty_Test_Case_Prod.Partner_With_US"/>
</testsuite> <!-- Warranty_Test_Case_Prod.Partner_With_US -->
