<?xml version="1.0" encoding="UTF-8"?>
<!-- Generated by org.testng.reporters.JUnitReportReporter -->
<testsuite hostname="DESKTOP-N7K85DJ" name="AUW_Test_Case_dev.AUW_Experience" tests="2" failures="0" timestamp="16 Feb 2022 09:34:57 GMT" time="724.600" errors="0">
  <testcase name="main" time="385.301" classname="AUW_Test_Case_dev.AUW_Experience"/>
  <testcase name="main" time="339.299" classname="AUW_Test_Case_dev.AUW_Experience"/>
</testsuite> <!-- AUW_Test_Case_dev.AUW_Experience -->
