<?xml version="1.0" encoding="UTF-8"?>
<!-- Generated by org.testng.reporters.JUnitReportReporter -->
<testsuite hostname="DESKTOP-N7K85DJ" name="AUW_Test_Case_dev.AUW_NJ_Update" tests="2" failures="0" timestamp="11 Feb 2022 10:29:05 GMT" time="120.780" errors="0">
  <testcase name="main" time="53.520" classname="AUW_Test_Case_dev.AUW_NJ_Update"/>
  <testcase name="main" time="67.260" classname="AUW_Test_Case_dev.AUW_NJ_Update"/>
</testsuite> <!-- AUW_Test_Case_dev.AUW_NJ_Update -->
