<?xml version="1.0" encoding="UTF-8"?>
<!-- Generated by org.testng.reporters.JUnitReportReporter -->
<testsuite hostname="DESKTOP-N7K85DJ" name="AUW_Test_Case_dev.AUW_NJ_Update" tests="2" failures="0" timestamp="16 Feb 2022 09:34:57 GMT" time="120.069" errors="0">
  <testcase name="main" time="57.268" classname="AUW_Test_Case_dev.AUW_NJ_Update"/>
  <testcase name="main" time="62.801" classname="AUW_Test_Case_dev.AUW_NJ_Update"/>
</testsuite> <!-- AUW_Test_Case_dev.AUW_NJ_Update -->
