<?xml version="1.0" encoding="UTF-8"?>
<!-- Generated by org.testng.reporters.JUnitReportReporter -->
<testsuite hostname="DESKTOP-N7K85DJ" name="AFL_Test_Case_Prod.AboutUS_OutsideUS" tests="2" failures="0" timestamp="4 Mar 2022 11:36:24 GMT" time="51.537" errors="0">
  <testcase name="main_Home_Page" time="24.458" classname="AFL_Test_Case_Prod.AboutUS_OutsideUS"/>
  <testcase name="main_Home_Page" time="27.079" classname="AFL_Test_Case_Prod.AboutUS_OutsideUS"/>
</testsuite> <!-- AFL_Test_Case_Prod.AboutUS_OutsideUS -->
