<?xml version="1.0" encoding="UTF-8"?>
<!-- Generated by org.testng.reporters.JUnitReportReporter -->
<testsuite hostname="DESKTOP-N7K85DJ" name="Warranty_Test_Case_Prod.Our_Partner" tests="12" failures="0" timestamp="10 Feb 2022 16:20:34 GMT" time="1098.157" errors="0">
  <testcase name="Partner6" time="77.409" classname="Warranty_Test_Case_Prod.Our_Partner"/>
  <testcase name="Partner1" time="79.990" classname="Warranty_Test_Case_Prod.Our_Partner"/>
  <testcase name="Partner3" time="77.041" classname="Warranty_Test_Case_Prod.Our_Partner"/>
  <testcase name="Partner2" time="192.750" classname="Warranty_Test_Case_Prod.Our_Partner"/>
  <testcase name="Partner5" time="78.351" classname="Warranty_Test_Case_Prod.Our_Partner"/>
  <testcase name="Partner2" time="76.918" classname="Warranty_Test_Case_Prod.Our_Partner"/>
  <testcase name="Partner4" time="69.231" classname="Warranty_Test_Case_Prod.Our_Partner"/>
  <testcase name="Partner6" time="68.124" classname="Warranty_Test_Case_Prod.Our_Partner"/>
  <testcase name="Partner1" time="149.362" classname="Warranty_Test_Case_Prod.Our_Partner"/>
  <testcase name="Partner4" time="77.494" classname="Warranty_Test_Case_Prod.Our_Partner"/>
  <testcase name="Partner3" time="73.933" classname="Warranty_Test_Case_Prod.Our_Partner"/>
  <testcase name="Partner5" time="77.554" classname="Warranty_Test_Case_Prod.Our_Partner"/>
</testsuite> <!-- Warranty_Test_Case_Prod.Our_Partner -->
