<?xml version="1.0" encoding="UTF-8"?>
<!-- Generated by org.testng.reporters.JUnitReportReporter -->
<testsuite hostname="DESKTOP-N7K85DJ" name="Careers_Test_case_Development.Footer" tests="2" failures="0" timestamp="22 Dec 2021 14:58:11 GMT" time="170.889" errors="0">
  <testcase name="AUW_Footer" time="87.554" classname="Careers_Test_case_Development.Footer"/>
  <testcase name="AUW_Footer" time="83.335" classname="Careers_Test_case_Development.Footer"/>
</testsuite> <!-- Careers_Test_case_Development.Footer -->
