<?xml version="1.0" encoding="UTF-8"?>
<!-- Generated by org.testng.reporters.JUnitReportReporter -->
<testsuite hostname="DESKTOP-N7K85DJ" name="AUW_Test_case_prod.AUW_AboutUS" tests="2" failures="0" timestamp="22 Apr 2022 10:04:10 GMT" time="193.845" errors="0">
  <testcase name="AboutUS" time="72.410" classname="AUW_Test_case_prod.AUW_AboutUS"/>
  <testcase name="AboutUS" time="121.435" classname="AUW_Test_case_prod.AUW_AboutUS"/>
</testsuite> <!-- AUW_Test_case_prod.AUW_AboutUS -->
