<?xml version="1.0" encoding="UTF-8"?>
<!-- Generated by org.testng.reporters.JUnitReportReporter -->
<testsuite hostname="DESKTOP-N7K85DJ" name="AUW_Test_Case_dev.AUW_Intelligence_TC" tests="2" failures="0" timestamp="5 Jan 2022 12:51:26 GMT" time="217.534" errors="0">
  <testcase name="main" time="103.965" classname="AUW_Test_Case_dev.AUW_Intelligence_TC"/>
  <testcase name="main" time="113.569" classname="AUW_Test_Case_dev.AUW_Intelligence_TC"/>
</testsuite> <!-- AUW_Test_Case_dev.AUW_Intelligence_TC -->
