<?xml version="1.0" encoding="UTF-8"?>
<!-- Generated by org.testng.reporters.JUnitReportReporter -->
<testsuite hostname="DESKTOP-N7K85DJ" name="AUW_Test_case_prod.AUW_NJ_Update" tests="2" failures="0" timestamp="15 Feb 2022 16:09:04 GMT" time="273.732" errors="0">
  <testcase name="main" time="143.386" classname="AUW_Test_case_prod.AUW_NJ_Update"/>
  <testcase name="main" time="130.346" classname="AUW_Test_case_prod.AUW_NJ_Update"/>
</testsuite> <!-- AUW_Test_case_prod.AUW_NJ_Update -->
