<?xml version="1.0" encoding="UTF-8"?>
<!-- Generated by org.testng.reporters.JUnitReportReporter -->
<testsuite hostname="DESKTOP-N7K85DJ" name="Casuality_Prod_TC.Menu_About_US" tests="2" failures="0" timestamp="28 Feb 2022 06:59:29 GMT" time="193.971" errors="0">
  <testcase name="HomePage" time="63.057" classname="Casuality_Prod_TC.Menu_About_US"/>
  <testcase name="HomePage" time="130.914" classname="Casuality_Prod_TC.Menu_About_US"/>
</testsuite> <!-- Casuality_Prod_TC.Menu_About_US -->
