<?xml version="1.0" encoding="UTF-8"?>
<!-- Generated by org.testng.reporters.JUnitReportReporter -->
<testsuite hostname="DESKTOP-N7K85DJ" name="MTL_Test_Cases_Prod.More_offers_TC" tests="2" failures="0" timestamp="26 Apr 2022 09:47:26 GMT" time="128.733" errors="0">
  <testcase name="More_offers" time="51.036" classname="MTL_Test_Cases_Prod.More_offers_TC"/>
  <testcase name="More_offers" time="77.697" classname="MTL_Test_Cases_Prod.More_offers_TC"/>
</testsuite> <!-- MTL_Test_Cases_Prod.More_offers_TC -->
