<?xml version="1.0" encoding="UTF-8"?>
<!-- Generated by org.testng.reporters.JUnitReportReporter -->
<testsuite hostname="DESKTOP-N7K85DJ" name="AUW_Test_case_prod.AUW_CallUpdate" tests="2" failures="0" timestamp="8 Apr 2022 08:47:38 GMT" time="154.806" errors="0">
  <testcase name="main" time="51.586" classname="AUW_Test_case_prod.AUW_CallUpdate"/>
  <testcase name="main" time="103.220" classname="AUW_Test_case_prod.AUW_CallUpdate"/>
</testsuite> <!-- AUW_Test_case_prod.AUW_CallUpdate -->
