<?xml version="1.0" encoding="UTF-8"?>
<!-- Generated by org.testng.reporters.JUnitReportReporter -->
<testsuite hostname="DESKTOP-N7K85DJ" name="Careers_Test_case_Prod.Footer" tests="10" failures="0" timestamp="17 Feb 2022 12:40:42 GMT" time="579.813" errors="0">
  <testcase name="AUW_twitter" time="103.160" classname="Careers_Test_case_Prod.Footer"/>
  <testcase name="AUW_twitter" time="28.233" classname="Careers_Test_case_Prod.Footer"/>
  <testcase name="AUW_Facebook" time="31.326" classname="Careers_Test_case_Prod.Footer"/>
  <testcase name="AUW_Policy" time="86.654" classname="Careers_Test_case_Prod.Footer"/>
  <testcase name="AUW_Policy" time="49.635" classname="Careers_Test_case_Prod.Footer"/>
  <testcase name="AUW_Linkedin" time="65.779" classname="Careers_Test_case_Prod.Footer"/>
  <testcase name="AUW_Linkedin" time="24.229" classname="Careers_Test_case_Prod.Footer"/>
  <testcase name="AUW_Instagram" time="35.647" classname="Careers_Test_case_Prod.Footer"/>
  <testcase name="AUW_Facebook" time="133.449" classname="Careers_Test_case_Prod.Footer"/>
  <testcase name="AUW_Instagram" time="21.701" classname="Careers_Test_case_Prod.Footer"/>
</testsuite> <!-- Careers_Test_case_Prod.Footer -->
