<?xml version="1.0" encoding="UTF-8"?>
<!-- Generated by org.testng.reporters.JUnitReportReporter -->
<testsuite hostname="DESKTOP-N7K85DJ" name="Promesa_Test_Case_Development.Footer" tests="2" failures="0" timestamp="23 Feb 2022 12:36:01 GMT" time="169.908" errors="0">
  <testcase name="Footer" time="94.188" classname="Promesa_Test_Case_Development.Footer"/>
  <testcase name="Footer" time="75.720" classname="Promesa_Test_Case_Development.Footer"/>
</testsuite> <!-- Promesa_Test_Case_Development.Footer -->
