<?xml version="1.0" encoding="UTF-8"?>
<!-- Generated by org.testng.reporters.JUnitReportReporter -->
<testsuite hostname="DESKTOP-N7K85DJ" name="AFL_Test_Case_Prod.ContactUS_OutsideUS" tests="2" failures="0" timestamp="8 Apr 2022 08:47:38 GMT" time="84.181" errors="0">
  <testcase name="ContactUs_Page" time="38.467" classname="AFL_Test_Case_Prod.ContactUS_OutsideUS"/>
  <testcase name="ContactUs_Page" time="45.714" classname="AFL_Test_Case_Prod.ContactUS_OutsideUS"/>
</testsuite> <!-- AFL_Test_Case_Prod.ContactUS_OutsideUS -->
