<?xml version="1.0" encoding="UTF-8"?>
<!-- Generated by org.testng.reporters.JUnitReportReporter -->
<testsuite hostname="DESKTOP-N7K85DJ" name="Casuality_Prod_TC.Menu_Press_Room" tests="2" failures="0" timestamp="7 Mar 2022 11:16:52 GMT" time="195.506" errors="0">
  <testcase name="HomePage" time="67.783" classname="Casuality_Prod_TC.Menu_Press_Room"/>
  <testcase name="HomePage" time="127.723" classname="Casuality_Prod_TC.Menu_Press_Room"/>
</testsuite> <!-- Casuality_Prod_TC.Menu_Press_Room -->
