<?xml version="1.0" encoding="UTF-8"?>
<!-- Generated by org.testng.reporters.JUnitReportReporter -->
<testsuite hostname="DESKTOP-N7K85DJ" name="AUW_Test_case_prod.AUW_Intelligence_TC" tests="2" failures="0" timestamp="21 Feb 2022 13:14:22 GMT" time="284.411" errors="0">
  <testcase name="main" time="97.318" classname="AUW_Test_case_prod.AUW_Intelligence_TC"/>
  <testcase name="main" time="187.093" classname="AUW_Test_case_prod.AUW_Intelligence_TC"/>
</testsuite> <!-- AUW_Test_case_prod.AUW_Intelligence_TC -->
