<?xml version="1.0" encoding="UTF-8"?>
<!-- Generated by org.testng.reporters.JUnitReportReporter -->
<testsuite hostname="DESKTOP-N7K85DJ" name="AFL_Test_Case_Prod.HomePage_TC" tests="2" failures="0" timestamp="16 Mar 2022 13:29:52 GMT" time="217.765" errors="0">
  <testcase name="Home_Page" time="116.160" classname="AFL_Test_Case_Prod.HomePage_TC"/>
  <testcase name="Home_Page" time="101.605" classname="AFL_Test_Case_Prod.HomePage_TC"/>
</testsuite> <!-- AFL_Test_Case_Prod.HomePage_TC -->
