<?xml version="1.0" encoding="UTF-8"?>
<!-- Generated by org.testng.reporters.JUnitReportReporter -->
<testsuite hostname="DESKTOP-N7K85DJ" name="AUW_Test_Case_dev.AUW_header_web_Development" tests="2" failures="0" timestamp="17 Feb 2022 14:18:51 GMT" time="174.304" errors="0">
  <testcase name="main" time="88.972" classname="AUW_Test_Case_dev.AUW_header_web_Development"/>
  <testcase name="main" time="85.332" classname="AUW_Test_Case_dev.AUW_header_web_Development"/>
</testsuite> <!-- AUW_Test_Case_dev.AUW_header_web_Development -->
