<?xml version="1.0" encoding="UTF-8"?>
<!-- Generated by org.testng.reporters.JUnitReportReporter -->
<testsuite hostname="DESKTOP-N7K85DJ" name="Casuality_Prod_TC.Menu_Contact_Us" tests="2" failures="0" timestamp="24 Feb 2022 14:29:27 GMT" time="71.777" errors="0">
  <testcase name="HomePage" time="33.681" classname="Casuality_Prod_TC.Menu_Contact_Us"/>
  <testcase name="HomePage" time="38.096" classname="Casuality_Prod_TC.Menu_Contact_Us"/>
</testsuite> <!-- Casuality_Prod_TC.Menu_Contact_Us -->
