<?xml version="1.0" encoding="UTF-8"?>
<!-- Generated by org.testng.reporters.JUnitReportReporter -->
<testsuite hostname="DESKTOP-N7K85DJ" name="AUW_Test_case_prod.AUW_Experience" tests="2" failures="0" timestamp="27 Dec 2021 15:43:57 GMT" time="619.406" errors="0">
  <testcase name="main" time="314.175" classname="AUW_Test_case_prod.AUW_Experience"/>
  <testcase name="main" time="305.231" classname="AUW_Test_case_prod.AUW_Experience"/>
</testsuite> <!-- AUW_Test_case_prod.AUW_Experience -->
