<?xml version="1.0" encoding="UTF-8"?>
<!-- Generated by org.testng.reporters.JUnitReportReporter -->
<testsuite hostname="DESKTOP-N7K85DJ" name="Casuality_Dev_TC.Menu_Contact_Us" tests="2" failures="0" timestamp="4 Apr 2022 06:52:09 GMT" time="66.809" errors="0">
  <testcase name="HomePage" time="31.503" classname="Casuality_Dev_TC.Menu_Contact_Us"/>
  <testcase name="HomePage" time="35.306" classname="Casuality_Dev_TC.Menu_Contact_Us"/>
</testsuite> <!-- Casuality_Dev_TC.Menu_Contact_Us -->
