<?xml version="1.0" encoding="UTF-8"?>
<!-- Generated by org.testng.reporters.JUnitReportReporter -->
<testsuite hostname="DESKTOP-N7K85DJ" name="AUW_Test_case_prod.AUW_NJ_Update" tests="2" failures="0" timestamp="4 Mar 2022 11:36:24 GMT" time="141.085" errors="0">
  <testcase name="main" time="47.913" classname="AUW_Test_case_prod.AUW_NJ_Update"/>
  <testcase name="main" time="93.172" classname="AUW_Test_case_prod.AUW_NJ_Update"/>
</testsuite> <!-- AUW_Test_case_prod.AUW_NJ_Update -->
