<?xml version="1.0" encoding="UTF-8"?>
<!-- Generated by org.testng.reporters.JUnitReportReporter -->
<testsuite hostname="DESKTOP-N7K85DJ" name="Adler_TestCases_Prod.Home" tests="2" failures="0" timestamp="16 Feb 2022 08:42:47 GMT" time="76.740" errors="0">
  <testcase name="main_Home_Page" time="41.366" classname="Adler_TestCases_Prod.Home"/>
  <testcase name="main_Home_Page" time="35.374" classname="Adler_TestCases_Prod.Home"/>
</testsuite> <!-- Adler_TestCases_Prod.Home -->
