<?xml version="1.0" encoding="UTF-8"?>
<!-- Generated by org.testng.reporters.JUnitReportReporter -->
<testsuite hostname="DESKTOP-N7K85DJ" name="Speciality_underwriters_Test_Case_Dev.What_We_offer" tests="2" failures="0" timestamp="18 Jan 2022 10:21:18 GMT" time="110.560" errors="0">
  <testcase name="Footer" time="52.352" classname="Speciality_underwriters_Test_Case_Dev.What_We_offer"/>
  <testcase name="Footer" time="58.208" classname="Speciality_underwriters_Test_Case_Dev.What_We_offer"/>
</testsuite> <!-- Speciality_underwriters_Test_Case_Dev.What_We_offer -->
