<?xml version="1.0" encoding="UTF-8"?>
<!-- Generated by org.testng.reporters.JUnitReportReporter -->
<testsuite hostname="DESKTOP-N7K85DJ" name="AUW_Test_case_prod.AUW_AboutUS" tests="2" failures="0" timestamp="18 Jan 2022 13:48:13 GMT" time="221.229" errors="0">
  <testcase name="AboutUS" time="83.059" classname="AUW_Test_case_prod.AUW_AboutUS"/>
  <testcase name="AboutUS" time="138.170" classname="AUW_Test_case_prod.AUW_AboutUS"/>
</testsuite> <!-- AUW_Test_case_prod.AUW_AboutUS -->
