<?xml version="1.0" encoding="UTF-8"?>
<!-- Generated by org.testng.reporters.JUnitReportReporter -->
<testsuite hostname="DESKTOP-N7K85DJ" name="AUW_Test_Case_dev.AUW_Experience" tests="2" failures="0" timestamp="14 Jan 2022 10:44:32 GMT" time="980.866" errors="0">
  <testcase name="main" time="404.667" classname="AUW_Test_Case_dev.AUW_Experience"/>
  <testcase name="main" time="576.199" classname="AUW_Test_Case_dev.AUW_Experience"/>
</testsuite> <!-- AUW_Test_Case_dev.AUW_Experience -->
