<?xml version="1.0" encoding="UTF-8"?>
<!-- Generated by org.testng.reporters.JUnitReportReporter -->
<testsuite hostname="DESKTOP-N7K85DJ" name="Warranty_Test_Case_Dev.Partner_With_US" tests="2" failures="0" timestamp="10 Feb 2022 13:28:21 GMT" time="94.503" errors="0">
  <testcase name="partner" time="29.071" classname="Warranty_Test_Case_Dev.Partner_With_US"/>
  <testcase name="partner" time="65.432" classname="Warranty_Test_Case_Dev.Partner_With_US"/>
</testsuite> <!-- Warranty_Test_Case_Dev.Partner_With_US -->
