<?xml version="1.0" encoding="UTF-8"?>
<!-- Generated by org.testng.reporters.JUnitReportReporter -->
<testsuite hostname="DESKTOP-N7K85DJ" name="Warranty_Test_Case_Dev.Partner_With_US" tests="2" failures="0" timestamp="23 Feb 2022 12:36:01 GMT" time="60.237" errors="0">
  <testcase name="partner" time="35.230" classname="Warranty_Test_Case_Dev.Partner_With_US"/>
  <testcase name="partner" time="25.007" classname="Warranty_Test_Case_Dev.Partner_With_US"/>
</testsuite> <!-- Warranty_Test_Case_Dev.Partner_With_US -->
