<?xml version="1.0" encoding="UTF-8"?>
<!-- Generated by org.testng.reporters.JUnitReportReporter -->
<testsuite hostname="DESKTOP-N7K85DJ" name="AUW_Test_case_prod.AUW_CallUpdate" tests="2" failures="0" timestamp="17 Mar 2022 13:12:13 GMT" time="148.437" errors="0">
  <testcase name="main" time="47.756" classname="AUW_Test_case_prod.AUW_CallUpdate"/>
  <testcase name="main" time="100.681" classname="AUW_Test_case_prod.AUW_CallUpdate"/>
</testsuite> <!-- AUW_Test_case_prod.AUW_CallUpdate -->
