<?xml version="1.0" encoding="UTF-8"?>
<!-- Generated by org.testng.reporters.JUnitReportReporter -->
<testsuite hostname="DESKTOP-N7K85DJ" name="AUW_Test_Case_dev.AUW_Experience" tests="2" failures="0" timestamp="5 Jan 2022 12:51:26 GMT" time="786.917" errors="0">
  <testcase name="main" time="335.978" classname="AUW_Test_Case_dev.AUW_Experience"/>
  <testcase name="main" time="450.939" classname="AUW_Test_Case_dev.AUW_Experience"/>
</testsuite> <!-- AUW_Test_Case_dev.AUW_Experience -->
