<?xml version="1.0" encoding="UTF-8"?>
<!-- Generated by org.testng.reporters.JUnitReportReporter -->
<testsuite hostname="DESKTOP-N7K85DJ" name="Careers_Test_case_Prod.Footer" tests="10" failures="0" timestamp="12 Jan 2022 15:20:27 GMT" time="739.779" errors="0">
  <testcase name="AUW_Facebook" time="31.475" classname="Careers_Test_case_Prod.Footer"/>
  <testcase name="AUW_Instagram" time="142.553" classname="Careers_Test_case_Prod.Footer"/>
  <testcase name="AUW_Policy" time="46.638" classname="Careers_Test_case_Prod.Footer"/>
  <testcase name="AUW_twitter" time="23.929" classname="Careers_Test_case_Prod.Footer"/>
  <testcase name="AUW_Policy" time="122.671" classname="Careers_Test_case_Prod.Footer"/>
  <testcase name="AUW_Facebook" time="139.104" classname="Careers_Test_case_Prod.Footer"/>
  <testcase name="AUW_Linkedin" time="58.771" classname="Careers_Test_case_Prod.Footer"/>
  <testcase name="AUW_Linkedin" time="22.671" classname="Careers_Test_case_Prod.Footer"/>
  <testcase name="AUW_Instagram" time="20.447" classname="Careers_Test_case_Prod.Footer"/>
  <testcase name="AUW_twitter" time="131.520" classname="Careers_Test_case_Prod.Footer"/>
</testsuite> <!-- Careers_Test_case_Prod.Footer -->
