<?xml version="1.0" encoding="UTF-8"?>
<!-- Generated by org.testng.reporters.JUnitReportReporter -->
<testsuite hostname="DESKTOP-N7K85DJ" name="AUW_Test_case_prod.AUW_Experience" tests="2" failures="0" timestamp="17 Mar 2022 13:12:13 GMT" time="643.455" errors="0">
  <testcase name="main" time="312.949" classname="AUW_Test_case_prod.AUW_Experience"/>
  <testcase name="main" time="330.506" classname="AUW_Test_case_prod.AUW_Experience"/>
</testsuite> <!-- AUW_Test_case_prod.AUW_Experience -->
