<?xml version="1.0" encoding="UTF-8"?>
<!-- Generated by org.testng.reporters.JUnitReportReporter -->
<testsuite hostname="DESKTOP-N7K85DJ" name="Solution_one_Prod.Footer_Production" tests="2" failures="0" timestamp="2 May 2022 07:01:07 GMT" time="145.061" errors="0">
  <testcase name="Footer" time="86.179" classname="Solution_one_Prod.Footer_Production"/>
  <testcase name="Footer" time="58.882" classname="Solution_one_Prod.Footer_Production"/>
</testsuite> <!-- Solution_one_Prod.Footer_Production -->
