<?xml version="1.0" encoding="UTF-8"?>
<!-- Generated by org.testng.reporters.JUnitReportReporter -->
<testsuite hostname="DESKTOP-N7K85DJ" name="AUW_Test_case_prod.AUW_AboutUS" tests="2" failures="0" timestamp="28 Feb 2022 06:59:29 GMT" time="239.475" errors="0">
  <testcase name="AboutUS" time="152.686" classname="AUW_Test_case_prod.AUW_AboutUS"/>
  <testcase name="AboutUS" time="86.789" classname="AUW_Test_case_prod.AUW_AboutUS"/>
</testsuite> <!-- AUW_Test_case_prod.AUW_AboutUS -->
