<?xml version="1.0" encoding="UTF-8"?>
<!-- Generated by org.testng.reporters.JUnitReportReporter -->
<testsuite hostname="DESKTOP-N7K85DJ" name="AUW_Test_case_prod.AUW_Experience" tests="2" failures="0" timestamp="30 Dec 2021 15:02:05 GMT" time="618.343" errors="0">
  <testcase name="main" time="303.570" classname="AUW_Test_case_prod.AUW_Experience"/>
  <testcase name="main" time="314.773" classname="AUW_Test_case_prod.AUW_Experience"/>
</testsuite> <!-- AUW_Test_case_prod.AUW_Experience -->
