<?xml version="1.0" encoding="UTF-8"?>
<!-- Generated by org.testng.reporters.JUnitReportReporter -->
<testsuite hostname="DESKTOP-N7K85DJ" name="Warranty_Test_Case_Dev.Our_Partner" tests="12" failures="0" timestamp="28 Feb 2022 07:58:39 GMT" time="1203.413" errors="0">
  <testcase name="Partner3" time="95.199" classname="Warranty_Test_Case_Dev.Our_Partner"/>
  <testcase name="Partner4" time="87.504" classname="Warranty_Test_Case_Dev.Our_Partner"/>
  <testcase name="Partner2" time="116.351" classname="Warranty_Test_Case_Dev.Our_Partner"/>
  <testcase name="Partner5" time="101.929" classname="Warranty_Test_Case_Dev.Our_Partner"/>
  <testcase name="Partner6" time="100.837" classname="Warranty_Test_Case_Dev.Our_Partner"/>
  <testcase name="Partner5" time="85.714" classname="Warranty_Test_Case_Dev.Our_Partner"/>
  <testcase name="Partner1" time="102.680" classname="Warranty_Test_Case_Dev.Our_Partner"/>
  <testcase name="Partner3" time="106.714" classname="Warranty_Test_Case_Dev.Our_Partner"/>
  <testcase name="Partner2" time="84.972" classname="Warranty_Test_Case_Dev.Our_Partner"/>
  <testcase name="Partner4" time="115.977" classname="Warranty_Test_Case_Dev.Our_Partner"/>
  <testcase name="Partner6" time="97.266" classname="Warranty_Test_Case_Dev.Our_Partner"/>
  <testcase name="Partner1" time="108.270" classname="Warranty_Test_Case_Dev.Our_Partner"/>
</testsuite> <!-- Warranty_Test_Case_Dev.Our_Partner -->
