<?xml version="1.0" encoding="UTF-8"?>
<!-- Generated by org.testng.reporters.JUnitReportReporter -->
<testsuite hostname="DESKTOP-N7K85DJ" name="Careers_Test_case_Prod.Footer" tests="10" failures="0" timestamp="24 Feb 2022 14:29:27 GMT" time="353.721" errors="0">
  <testcase name="AUW_Facebook" time="26.166" classname="Careers_Test_case_Prod.Footer"/>
  <testcase name="AUW_Linkedin" time="22.183" classname="Careers_Test_case_Prod.Footer"/>
  <testcase name="AUW_twitter" time="33.265" classname="Careers_Test_case_Prod.Footer"/>
  <testcase name="AUW_Facebook" time="40.331" classname="Careers_Test_case_Prod.Footer"/>
  <testcase name="AUW_Instagram" time="92.221" classname="Careers_Test_case_Prod.Footer"/>
  <testcase name="AUW_Linkedin" time="20.682" classname="Careers_Test_case_Prod.Footer"/>
  <testcase name="AUW_Policy" time="38.502" classname="Careers_Test_case_Prod.Footer"/>
  <testcase name="AUW_Policy" time="35.157" classname="Careers_Test_case_Prod.Footer"/>
  <testcase name="AUW_Instagram" time="20.944" classname="Careers_Test_case_Prod.Footer"/>
  <testcase name="AUW_twitter" time="24.270" classname="Careers_Test_case_Prod.Footer"/>
</testsuite> <!-- Careers_Test_case_Prod.Footer -->
