<?xml version="1.0" encoding="UTF-8"?>
<!-- Generated by org.testng.reporters.JUnitReportReporter -->
<testsuite hostname="DESKTOP-N7K85DJ" name="AUW_Test_case_prod.AUW_Experience" tests="2" failures="0" timestamp="2 May 2022 07:01:07 GMT" time="715.716" errors="0">
  <testcase name="main" time="372.241" classname="AUW_Test_case_prod.AUW_Experience"/>
  <testcase name="main" time="343.475" classname="AUW_Test_case_prod.AUW_Experience"/>
</testsuite> <!-- AUW_Test_case_prod.AUW_Experience -->
