<?xml version="1.0" encoding="UTF-8"?>
<!-- Generated by org.testng.reporters.JUnitReportReporter -->
<testsuite hostname="DESKTOP-N7K85DJ" name="AUW_Test_case_prod.AUW_header_web_Prod" tests="2" failures="0" timestamp="7 Mar 2022 11:16:52 GMT" time="145.144" errors="0">
  <testcase name="main" time="49.947" classname="AUW_Test_case_prod.AUW_header_web_Prod"/>
  <testcase name="main" time="95.197" classname="AUW_Test_case_prod.AUW_header_web_Prod"/>
</testsuite> <!-- AUW_Test_case_prod.AUW_header_web_Prod -->
