<?xml version="1.0" encoding="UTF-8"?>
<!-- Generated by org.testng.reporters.JUnitReportReporter -->
<testsuite hostname="DESKTOP-N7K85DJ" name="Warranty_Test_Case_Dev.Our_Partner" tests="12" failures="0" timestamp="24 Jan 2022 11:23:12 GMT" time="1388.921" errors="0">
  <testcase name="Partner1" time="107.853" classname="Warranty_Test_Case_Dev.Our_Partner"/>
  <testcase name="Partner3" time="132.676" classname="Warranty_Test_Case_Dev.Our_Partner"/>
  <testcase name="Partner5" time="106.324" classname="Warranty_Test_Case_Dev.Our_Partner"/>
  <testcase name="Partner3" time="134.719" classname="Warranty_Test_Case_Dev.Our_Partner"/>
  <testcase name="Partner6" time="110.817" classname="Warranty_Test_Case_Dev.Our_Partner"/>
  <testcase name="Partner4" time="114.303" classname="Warranty_Test_Case_Dev.Our_Partner"/>
  <testcase name="Partner4" time="156.855" classname="Warranty_Test_Case_Dev.Our_Partner"/>
  <testcase name="Partner2" time="106.074" classname="Warranty_Test_Case_Dev.Our_Partner"/>
  <testcase name="Partner6" time="108.351" classname="Warranty_Test_Case_Dev.Our_Partner"/>
  <testcase name="Partner2" time="94.101" classname="Warranty_Test_Case_Dev.Our_Partner"/>
  <testcase name="Partner5" time="97.348" classname="Warranty_Test_Case_Dev.Our_Partner"/>
  <testcase name="Partner1" time="119.500" classname="Warranty_Test_Case_Dev.Our_Partner"/>
</testsuite> <!-- Warranty_Test_Case_Dev.Our_Partner -->
