<?xml version="1.0" encoding="UTF-8"?>
<!-- Generated by org.testng.reporters.JUnitReportReporter -->
<testsuite hostname="DESKTOP-N7K85DJ" name="Adler_TestCases_Development.News" tests="2" failures="0" timestamp="28 Feb 2022 07:58:39 GMT" time="374.662" errors="0">
  <testcase name="main_Home_Page" time="187.543" classname="Adler_TestCases_Development.News"/>
  <testcase name="main_Home_Page" time="187.119" classname="Adler_TestCases_Development.News"/>
</testsuite> <!-- Adler_TestCases_Development.News -->
