<?xml version="1.0" encoding="UTF-8"?>
<!-- Generated by org.testng.reporters.JUnitReportReporter -->
<testsuite hostname="DESKTOP-N7K85DJ" name="Promesa_Test_Case_Prod.Change_language" tests="2" failures="0" timestamp="9 Mar 2022 15:47:56 GMT" time="35.382" errors="0">
  <testcase name="Change_Language" time="15.217" classname="Promesa_Test_Case_Prod.Change_language"/>
  <testcase name="Change_Language" time="20.165" classname="Promesa_Test_Case_Prod.Change_language"/>
</testsuite> <!-- Promesa_Test_Case_Prod.Change_language -->
