<?xml version="1.0" encoding="UTF-8"?>
<!-- Generated by org.testng.reporters.JUnitReportReporter -->
<testsuite hostname="DESKTOP-N7K85DJ" name="AUW_Test_case_prod.AUW_CallUpdate" tests="2" failures="0" timestamp="25 Feb 2022 12:26:47 GMT" time="129.322" errors="0">
  <testcase name="main" time="78.327" classname="AUW_Test_case_prod.AUW_CallUpdate"/>
  <testcase name="main" time="50.995" classname="AUW_Test_case_prod.AUW_CallUpdate"/>
</testsuite> <!-- AUW_Test_case_prod.AUW_CallUpdate -->
