<?xml version="1.0" encoding="UTF-8"?>
<!-- Generated by org.testng.reporters.JUnitReportReporter -->
<testsuite hostname="DESKTOP-N7K85DJ" name="Promesa_Test_Case_Prod.Footer" tests="10" failures="0" timestamp="27 Apr 2022 11:15:08 GMT" time="341.212" errors="0">
  <testcase name="Footer_PrivacyPolicy" time="37.215" classname="Promesa_Test_Case_Prod.Footer"/>
  <testcase name="Footer_facebook" time="49.810" classname="Promesa_Test_Case_Prod.Footer"/>
  <testcase name="Footer_PrivacyPolicy" time="30.897" classname="Promesa_Test_Case_Prod.Footer"/>
  <testcase name="Footer_instagram" time="18.213" classname="Promesa_Test_Case_Prod.Footer"/>
  <testcase name="Footer_linkedin" time="72.729" classname="Promesa_Test_Case_Prod.Footer"/>
  <testcase name="Footer_twitter" time="17.420" classname="Promesa_Test_Case_Prod.Footer"/>
  <testcase name="Footer_facebook" time="31.469" classname="Promesa_Test_Case_Prod.Footer"/>
  <testcase name="Footer_linkedin" time="17.908" classname="Promesa_Test_Case_Prod.Footer"/>
  <testcase name="Footer_twitter" time="49.351" classname="Promesa_Test_Case_Prod.Footer"/>
  <testcase name="Footer_instagram" time="16.200" classname="Promesa_Test_Case_Prod.Footer"/>
</testsuite> <!-- Promesa_Test_Case_Prod.Footer -->
