<?xml version="1.0" encoding="UTF-8"?>
<!-- Generated by org.testng.reporters.JUnitReportReporter -->
<testsuite hostname="DESKTOP-N7K85DJ" name="Solution_one_Prod.Footer_Production" tests="2" failures="0" timestamp="27 Jan 2022 16:03:31 GMT" time="133.420" errors="0">
  <testcase name="Footer" time="68.782" classname="Solution_one_Prod.Footer_Production"/>
  <testcase name="Footer" time="64.638" classname="Solution_one_Prod.Footer_Production"/>
</testsuite> <!-- Solution_one_Prod.Footer_Production -->
