<?xml version="1.0" encoding="UTF-8"?>
<!-- Generated by org.testng.reporters.JUnitReportReporter -->
<testsuite hostname="DESKTOP-N7K85DJ" name="MTL_Test_Cases_Prod.More_offers_TC" tests="2" failures="0" timestamp="16 Dec 2021 09:47:07 GMT" time="81.908" errors="0">
  <testcase name="More_offers" time="43.294" classname="MTL_Test_Cases_Prod.More_offers_TC"/>
  <testcase name="More_offers" time="38.614" classname="MTL_Test_Cases_Prod.More_offers_TC"/>
</testsuite> <!-- MTL_Test_Cases_Prod.More_offers_TC -->
