<?xml version="1.0" encoding="UTF-8"?>
<!-- Generated by org.testng.reporters.JUnitReportReporter -->
<testsuite hostname="DESKTOP-N7K85DJ" name="Adler_TestCases_Development.Home" tests="2" failures="0" timestamp="4 Jan 2022 11:14:57 GMT" time="67.403" errors="0">
  <testcase name="main_Home_Page" time="32.656" classname="Adler_TestCases_Development.Home"/>
  <testcase name="main_Home_Page" time="34.747" classname="Adler_TestCases_Development.Home"/>
</testsuite> <!-- Adler_TestCases_Development.Home -->
