<?xml version="1.0" encoding="UTF-8"?>
<!-- Generated by org.testng.reporters.JUnitReportReporter -->
<testsuite hostname="DESKTOP-N7K85DJ" name="Warranty_Test_Case_Prod.Contact_US" tests="2" failures="0" timestamp="10 Feb 2022 16:20:34 GMT" time="151.361" errors="0">
  <testcase name="ContactUS" time="52.379" classname="Warranty_Test_Case_Prod.Contact_US"/>
  <testcase name="ContactUS" time="98.982" classname="Warranty_Test_Case_Prod.Contact_US"/>
</testsuite> <!-- Warranty_Test_Case_Prod.Contact_US -->
