<?xml version="1.0" encoding="UTF-8"?>
<!-- Generated by org.testng.reporters.JUnitReportReporter -->
<testsuite hostname="DESKTOP-N7K85DJ" name="Adler_TestCases_Development.News" tests="2" failures="0" timestamp="17 Feb 2022 14:18:50 GMT" time="406.175" errors="0">
  <testcase name="main_Home_Page" time="252.614" classname="Adler_TestCases_Development.News"/>
  <testcase name="main_Home_Page" time="153.561" classname="Adler_TestCases_Development.News"/>
</testsuite> <!-- Adler_TestCases_Development.News -->
