<?xml version="1.0" encoding="UTF-8"?>
<!-- Generated by org.testng.reporters.JUnitReportReporter -->
<testsuite hostname="DESKTOP-N7K85DJ" name="Warranty_Test_Case_Prod.About_US" tests="2" failures="0" timestamp="27 Apr 2022 13:37:51 GMT" time="94.218" errors="0">
  <testcase name="Home_page" time="48.156" classname="Warranty_Test_Case_Prod.About_US"/>
  <testcase name="Home_page" time="46.062" classname="Warranty_Test_Case_Prod.About_US"/>
</testsuite> <!-- Warranty_Test_Case_Prod.About_US -->
