<?xml version="1.0" encoding="UTF-8"?>
<!-- Generated by org.testng.reporters.JUnitReportReporter -->
<testsuite hostname="DESKTOP-N7K85DJ" name="Casuality_Prod_TC.Menu_About_US" tests="2" failures="0" timestamp="22 Mar 2022 11:03:07 GMT" time="129.664" errors="0">
  <testcase name="HomePage" time="56.748" classname="Casuality_Prod_TC.Menu_About_US"/>
  <testcase name="HomePage" time="72.916" classname="Casuality_Prod_TC.Menu_About_US"/>
</testsuite> <!-- Casuality_Prod_TC.Menu_About_US -->
