<?xml version="1.0" encoding="UTF-8"?>
<!-- Generated by org.testng.reporters.JUnitReportReporter -->
<testsuite hostname="DESKTOP-N7K85DJ" name="Adler_TestCases_Prod.News" tests="2" failures="0" timestamp="23 Feb 2022 11:40:24 GMT" time="304.435" errors="0">
  <testcase name="main_Home_Page" time="165.919" classname="Adler_TestCases_Prod.News"/>
  <testcase name="main_Home_Page" time="138.516" classname="Adler_TestCases_Prod.News"/>
</testsuite> <!-- Adler_TestCases_Prod.News -->
