<?xml version="1.0" encoding="UTF-8"?>
<!-- Generated by org.testng.reporters.JUnitReportReporter -->
<testsuite hostname="DESKTOP-N7K85DJ" name="Casuality_Prod_TC.Home_page" tests="2" failures="0" timestamp="7 Mar 2022 11:16:52 GMT" time="187.315" errors="0">
  <testcase name="HomePage" time="105.854" classname="Casuality_Prod_TC.Home_page"/>
  <testcase name="HomePage" time="81.461" classname="Casuality_Prod_TC.Home_page"/>
</testsuite> <!-- Casuality_Prod_TC.Home_page -->
