<?xml version="1.0" encoding="UTF-8"?>
<!-- Generated by org.testng.reporters.JUnitReportReporter -->
<testsuite hostname="DESKTOP-N7K85DJ" name="AUW_Test_case_prod.AUW_CallUpdate" tests="2" failures="0" timestamp="4 Mar 2022 11:36:24 GMT" time="136.279" errors="0">
  <testcase name="main" time="87.323" classname="AUW_Test_case_prod.AUW_CallUpdate"/>
  <testcase name="main" time="48.956" classname="AUW_Test_case_prod.AUW_CallUpdate"/>
</testsuite> <!-- AUW_Test_case_prod.AUW_CallUpdate -->
