<?xml version="1.0" encoding="UTF-8"?>
<!-- Generated by org.testng.reporters.JUnitReportReporter -->
<testsuite hostname="DESKTOP-N7K85DJ" name="Tradewel_Test_Cases_Production.comprehensive_Protection" tests="1" failures="0" timestamp="27 Apr 2022 11:15:08 GMT" time="226.056" errors="0">
  <testcase name="Comprehensive" time="226.056" classname="Tradewel_Test_Cases_Production.comprehensive_Protection"/>
</testsuite> <!-- Tradewel_Test_Cases_Production.comprehensive_Protection -->
