<?xml version="1.0" encoding="UTF-8"?>
<!-- Generated by org.testng.reporters.JUnitReportReporter -->
<testsuite hostname="DESKTOP-N7K85DJ" name="Solution_one_Prod.Side_Heading_Production" tests="5" failures="0" timestamp="4 Feb 2022 10:36:28 GMT" time="732.911" errors="0">
  <testcase name="Side_Heading_Three" time="140.306" classname="Solution_one_Prod.Side_Heading_Production"/>
  <testcase name="Side_Heading_Four" time="166.958" classname="Solution_one_Prod.Side_Heading_Production"/>
  <testcase name="Side_Heading_Two" time="151.511" classname="Solution_one_Prod.Side_Heading_Production"/>
  <testcase name="Side_Heading_One" time="142.050" classname="Solution_one_Prod.Side_Heading_Production"/>
  <testcase name="Side_Heading_Five" time="132.086" classname="Solution_one_Prod.Side_Heading_Production"/>
</testsuite> <!-- Solution_one_Prod.Side_Heading_Production -->
