<?xml version="1.0" encoding="UTF-8"?>
<!-- Generated by org.testng.reporters.JUnitReportReporter -->
<testsuite hostname="DESKTOP-N7K85DJ" name="Warranty_Test_Case_Dev.Contact_US" tests="2" failures="0" timestamp="24 Feb 2022 15:18:06 GMT" time="129.436" errors="0">
  <testcase name="ContactUS" time="71.928" classname="Warranty_Test_Case_Dev.Contact_US"/>
  <testcase name="ContactUS" time="57.508" classname="Warranty_Test_Case_Dev.Contact_US"/>
</testsuite> <!-- Warranty_Test_Case_Dev.Contact_US -->
