<?xml version="1.0" encoding="UTF-8"?>
<!-- Generated by org.testng.reporters.JUnitReportReporter -->
<testsuite hostname="DESKTOP-N7K85DJ" name="Promesa_Test_Case_Development.Change_language" tests="2" failures="0" timestamp="16 Feb 2022 13:57:45 GMT" time="40.049" errors="0">
  <testcase name="Change_Language" time="27.060" classname="Promesa_Test_Case_Development.Change_language"/>
  <testcase name="Change_Language" time="12.989" classname="Promesa_Test_Case_Development.Change_language"/>
</testsuite> <!-- Promesa_Test_Case_Development.Change_language -->
