<?xml version="1.0" encoding="UTF-8"?>
<!-- Generated by org.testng.reporters.JUnitReportReporter -->
<testsuite hostname="DESKTOP-N7K85DJ" name="Adler_TestCases_Prod.News" tests="2" failures="0" timestamp="5 Jan 2022 10:13:38 GMT" time="317.828" errors="0">
  <testcase name="main_Home_Page" time="155.818" classname="Adler_TestCases_Prod.News"/>
  <testcase name="main_Home_Page" time="162.010" classname="Adler_TestCases_Prod.News"/>
</testsuite> <!-- Adler_TestCases_Prod.News -->
