<?xml version="1.0" encoding="UTF-8"?>
<!-- Generated by org.testng.reporters.JUnitReportReporter -->
<testsuite hostname="DESKTOP-N7K85DJ" name="Adler_TestCases_Prod.News" tests="2" failures="0" timestamp="15 Feb 2022 15:16:06 GMT" time="311.210" errors="0">
  <testcase name="main_Home_Page" time="174.557" classname="Adler_TestCases_Prod.News"/>
  <testcase name="main_Home_Page" time="136.653" classname="Adler_TestCases_Prod.News"/>
</testsuite> <!-- Adler_TestCases_Prod.News -->
