<?xml version="1.0" encoding="UTF-8"?>
<!-- Generated by org.testng.reporters.JUnitReportReporter -->
<testsuite hostname="DESKTOP-N7K85DJ" name="AUW_Test_Case_dev.AUW_header_web_Development" tests="2" failures="0" timestamp="16 Dec 2021 13:45:35 GMT" time="109.309" errors="0">
  <testcase name="main" time="47.013" classname="AUW_Test_Case_dev.AUW_header_web_Development"/>
  <testcase name="main" time="62.296" classname="AUW_Test_Case_dev.AUW_header_web_Development"/>
</testsuite> <!-- AUW_Test_Case_dev.AUW_header_web_Development -->
