<?xml version="1.0" encoding="UTF-8"?>
<!-- Generated by org.testng.reporters.JUnitReportReporter -->
<testsuite hostname="DESKTOP-N7K85DJ" name="Promesa_Test_Case_Prod.Footer" tests="10" failures="0" timestamp="30 Mar 2022 06:35:29 GMT" time="324.738" errors="0">
  <testcase name="Footer_linkedin" time="26.759" classname="Promesa_Test_Case_Prod.Footer"/>
  <testcase name="Footer_PrivacyPolicy" time="29.858" classname="Promesa_Test_Case_Prod.Footer"/>
  <testcase name="Footer_facebook" time="29.056" classname="Promesa_Test_Case_Prod.Footer"/>
  <testcase name="Footer_facebook" time="40.323" classname="Promesa_Test_Case_Prod.Footer"/>
  <testcase name="Footer_instagram" time="26.743" classname="Promesa_Test_Case_Prod.Footer"/>
  <testcase name="Footer_twitter" time="19.135" classname="Promesa_Test_Case_Prod.Footer"/>
  <testcase name="Footer_twitter" time="26.967" classname="Promesa_Test_Case_Prod.Footer"/>
  <testcase name="Footer_instagram" time="16.570" classname="Promesa_Test_Case_Prod.Footer"/>
  <testcase name="Footer_linkedin" time="17.461" classname="Promesa_Test_Case_Prod.Footer"/>
  <testcase name="Footer_PrivacyPolicy" time="91.866" classname="Promesa_Test_Case_Prod.Footer"/>
</testsuite> <!-- Promesa_Test_Case_Prod.Footer -->
