<?xml version="1.0" encoding="UTF-8"?>
<!-- Generated by org.testng.reporters.JUnitReportReporter -->
<testsuite hostname="DESKTOP-N7K85DJ" name="Adler_TestCases_Development.Home" tests="2" failures="0" timestamp="24 Jan 2022 11:23:12 GMT" time="112.245" errors="0">
  <testcase name="main_Home_Page" time="44.466" classname="Adler_TestCases_Development.Home"/>
  <testcase name="main_Home_Page" time="67.779" classname="Adler_TestCases_Development.Home"/>
</testsuite> <!-- Adler_TestCases_Development.Home -->
