<?xml version="1.0" encoding="UTF-8"?>
<!-- Generated by org.testng.reporters.JUnitReportReporter -->
<testsuite hostname="DESKTOP-N7K85DJ" name="Casuality_Prod_TC.Menu_About_US" tests="2" failures="0" timestamp="17 Mar 2022 11:54:46 GMT" time="117.562" errors="0">
  <testcase name="HomePage" time="62.819" classname="Casuality_Prod_TC.Menu_About_US"/>
  <testcase name="HomePage" time="54.743" classname="Casuality_Prod_TC.Menu_About_US"/>
</testsuite> <!-- Casuality_Prod_TC.Menu_About_US -->
