<?xml version="1.0" encoding="UTF-8"?>
<!-- Generated by org.testng.reporters.JUnitReportReporter -->
<testsuite hostname="DESKTOP-N7K85DJ" name="MTL_Test_Cases_Prod.Home_URL" tests="2" failures="0" timestamp="25 May 2022 13:05:44 GMT" time="181.954" errors="0">
  <testcase name="Footer" time="44.031" classname="MTL_Test_Cases_Prod.Home_URL"/>
  <testcase name="Footer" time="137.923" classname="MTL_Test_Cases_Prod.Home_URL"/>
</testsuite> <!-- MTL_Test_Cases_Prod.Home_URL -->
