<?xml version="1.0" encoding="UTF-8"?>
<!-- Generated by org.testng.reporters.JUnitReportReporter -->
<testsuite hostname="DESKTOP-N7K85DJ" name="Casuality_Prod_TC.Menu_Contact_Us" tests="2" failures="0" timestamp="23 Mar 2022 12:03:17 GMT" time="97.966" errors="0">
  <testcase name="HomePage" time="68.678" classname="Casuality_Prod_TC.Menu_Contact_Us"/>
  <testcase name="HomePage" time="29.288" classname="Casuality_Prod_TC.Menu_Contact_Us"/>
</testsuite> <!-- Casuality_Prod_TC.Menu_Contact_Us -->
