<?xml version="1.0" encoding="UTF-8"?>
<!-- Generated by org.testng.reporters.JUnitReportReporter -->
<testsuite hostname="DESKTOP-N7K85DJ" name="AUW_Test_case_prod.AUW_NJ_Update" tests="2" failures="0" timestamp="8 Mar 2022 09:14:16 GMT" time="244.081" errors="0">
  <testcase name="main" time="48.385" classname="AUW_Test_case_prod.AUW_NJ_Update"/>
  <testcase name="main" time="195.696" classname="AUW_Test_case_prod.AUW_NJ_Update"/>
</testsuite> <!-- AUW_Test_case_prod.AUW_NJ_Update -->
