<?xml version="1.0" encoding="UTF-8"?>
<!-- Generated by org.testng.reporters.JUnitReportReporter -->
<testsuite hostname="DESKTOP-N7K85DJ" name="Tradewel_Test_Cases_Production.comprehensive_Protection" tests="1" failures="0" timestamp="23 May 2022 09:46:43 GMT" time="204.587" errors="0">
  <testcase name="Comprehensive" time="204.587" classname="Tradewel_Test_Cases_Production.comprehensive_Protection"/>
</testsuite> <!-- Tradewel_Test_Cases_Production.comprehensive_Protection -->
