<?xml version="1.0" encoding="UTF-8"?>
<!-- Generated by org.testng.reporters.JUnitReportReporter -->
<testsuite hostname="DESKTOP-N7K85DJ" name="MTL_Test_Cases_Prod.Home_URL" tests="2" failures="0" timestamp="27 Dec 2021 15:43:57 GMT" time="84.589" errors="0">
  <testcase name="Footer" time="35.205" classname="MTL_Test_Cases_Prod.Home_URL"/>
  <testcase name="Footer" time="49.384" classname="MTL_Test_Cases_Prod.Home_URL"/>
</testsuite> <!-- MTL_Test_Cases_Prod.Home_URL -->
