<?xml version="1.0" encoding="UTF-8"?>
<!-- Generated by org.testng.reporters.JUnitReportReporter -->
<testsuite hostname="DESKTOP-N7K85DJ" name="Casuality_Prod_TC.Menu_Contact_Us" tests="2" failures="0" timestamp="7 Feb 2022 15:35:33 GMT" time="60.527" errors="0">
  <testcase name="HomePage" time="26.478" classname="Casuality_Prod_TC.Menu_Contact_Us"/>
  <testcase name="HomePage" time="34.049" classname="Casuality_Prod_TC.Menu_Contact_Us"/>
</testsuite> <!-- Casuality_Prod_TC.Menu_Contact_Us -->
