<?xml version="1.0" encoding="UTF-8"?>
<!-- Generated by org.testng.reporters.JUnitReportReporter -->
<testsuite hostname="DESKTOP-N7K85DJ" name="Casuality_Prod_TC.Home_page" tests="2" failures="0" timestamp="1 Apr 2022 10:47:35 GMT" time="187.563" errors="0">
  <testcase name="HomePage" time="115.500" classname="Casuality_Prod_TC.Home_page"/>
  <testcase name="HomePage" time="72.063" classname="Casuality_Prod_TC.Home_page"/>
</testsuite> <!-- Casuality_Prod_TC.Home_page -->
