<?xml version="1.0" encoding="UTF-8"?>
<!-- Generated by org.testng.reporters.JUnitReportReporter -->
<testsuite hostname="DESKTOP-N7K85DJ" name="AUW_Test_case_prod.AUW_header_web_Prod" tests="2" failures="0" timestamp="30 Dec 2021 15:02:05 GMT" time="102.484" errors="0">
  <testcase name="main" time="44.355" classname="AUW_Test_case_prod.AUW_header_web_Prod"/>
  <testcase name="main" time="58.129" classname="AUW_Test_case_prod.AUW_header_web_Prod"/>
</testsuite> <!-- AUW_Test_case_prod.AUW_header_web_Prod -->
