<?xml version="1.0" encoding="UTF-8"?>
<!-- Generated by org.testng.reporters.JUnitReportReporter -->
<testsuite hostname="DESKTOP-N7K85DJ" name="Aerospace_TestCases_Development.Menu_Contact_US" tests="2" failures="0" timestamp="27 Jun 2022 10:19:01 GMT" time="55.180" errors="0">
  <testcase name="Home_Menu_News" time="32.133" classname="Aerospace_TestCases_Development.Menu_Contact_US"/>
  <testcase name="Home_Menu_News" time="23.047" classname="Aerospace_TestCases_Development.Menu_Contact_US"/>
</testsuite> <!-- Aerospace_TestCases_Development.Menu_Contact_US -->
