<?xml version="1.0" encoding="UTF-8"?>
<!-- Generated by org.testng.reporters.JUnitReportReporter -->
<testsuite hostname="DESKTOP-N7K85DJ" name="AFL_Test_Case_Prod.Footer_TC" tests="2" failures="0" timestamp="1 Mar 2022 12:40:42 GMT" time="187.482" errors="0">
  <testcase name="Footer" time="108.744" classname="AFL_Test_Case_Prod.Footer_TC"/>
  <testcase name="Footer" time="78.738" classname="AFL_Test_Case_Prod.Footer_TC"/>
</testsuite> <!-- AFL_Test_Case_Prod.Footer_TC -->
