<?xml version="1.0" encoding="UTF-8"?>
<!-- Generated by org.testng.reporters.JUnitReportReporter -->
<testsuite hostname="DESKTOP-N7K85DJ" name="Adler_TestCases_Prod.Home" tests="2" failures="0" timestamp="1 Apr 2022 10:47:35 GMT" time="118.819" errors="0">
  <testcase name="main_Home_Page" time="85.337" classname="Adler_TestCases_Prod.Home"/>
  <testcase name="main_Home_Page" time="33.482" classname="Adler_TestCases_Prod.Home"/>
</testsuite> <!-- Adler_TestCases_Prod.Home -->
