<?xml version="1.0" encoding="UTF-8"?>
<!-- Generated by org.testng.reporters.JUnitReportReporter -->
<testsuite hostname="DESKTOP-N7K85DJ" name="Warranty_Test_Case_Prod.Contact_US" tests="2" failures="0" timestamp="1 Apr 2022 11:34:41 GMT" time="89.516" errors="0">
  <testcase name="ContactUS" time="41.994" classname="Warranty_Test_Case_Prod.Contact_US"/>
  <testcase name="ContactUS" time="47.522" classname="Warranty_Test_Case_Prod.Contact_US"/>
</testsuite> <!-- Warranty_Test_Case_Prod.Contact_US -->
