<?xml version="1.0" encoding="UTF-8"?>
<!-- Generated by org.testng.reporters.JUnitReportReporter -->
<testsuite hostname="DESKTOP-N7K85DJ" name="Promesa_Test_Case_Prod.Footer" tests="10" failures="0" timestamp="4 Feb 2022 10:36:28 GMT" time="343.993" errors="0">
  <testcase name="Footer_linkedin" time="22.214" classname="Promesa_Test_Case_Prod.Footer"/>
  <testcase name="Footer_twitter" time="52.545" classname="Promesa_Test_Case_Prod.Footer"/>
  <testcase name="Footer_linkedin" time="16.914" classname="Promesa_Test_Case_Prod.Footer"/>
  <testcase name="Footer_facebook" time="87.852" classname="Promesa_Test_Case_Prod.Footer"/>
  <testcase name="Footer_PrivacyPolicy" time="39.293" classname="Promesa_Test_Case_Prod.Footer"/>
  <testcase name="Footer_PrivacyPolicy" time="32.288" classname="Promesa_Test_Case_Prod.Footer"/>
  <testcase name="Footer_instagram" time="24.938" classname="Promesa_Test_Case_Prod.Footer"/>
  <testcase name="Footer_instagram" time="16.844" classname="Promesa_Test_Case_Prod.Footer"/>
  <testcase name="Footer_twitter" time="19.564" classname="Promesa_Test_Case_Prod.Footer"/>
  <testcase name="Footer_facebook" time="31.541" classname="Promesa_Test_Case_Prod.Footer"/>
</testsuite> <!-- Promesa_Test_Case_Prod.Footer -->
