<?xml version="1.0" encoding="UTF-8"?>
<!-- Generated by org.testng.reporters.JUnitReportReporter -->
<testsuite hostname="DESKTOP-N7K85DJ" name="AUW_Test_case_prod.AUW_Intelligence_TC" tests="2" failures="0" timestamp="11 Mar 2022 13:55:32 GMT" time="303.756" errors="0">
  <testcase name="main" time="91.205" classname="AUW_Test_case_prod.AUW_Intelligence_TC"/>
  <testcase name="main" time="212.551" classname="AUW_Test_case_prod.AUW_Intelligence_TC"/>
</testsuite> <!-- AUW_Test_case_prod.AUW_Intelligence_TC -->
