<?xml version="1.0" encoding="UTF-8"?>
<!-- Generated by org.testng.reporters.JUnitReportReporter -->
<testsuite hostname="DESKTOP-N7K85DJ" name="AUW_Test_Case_dev.AUW_NJ_Update" tests="2" failures="0" timestamp="12 Apr 2022 05:27:58 GMT" time="118.756" errors="0">
  <testcase name="main" time="69.072" classname="AUW_Test_Case_dev.AUW_NJ_Update"/>
  <testcase name="main" time="49.684" classname="AUW_Test_Case_dev.AUW_NJ_Update"/>
</testsuite> <!-- AUW_Test_Case_dev.AUW_NJ_Update -->
