<?xml version="1.0" encoding="UTF-8"?>
<!-- Generated by org.testng.reporters.JUnitReportReporter -->
<testsuite hostname="DESKTOP-N7K85DJ" name="AUW_Test_case_prod.AUW_PPP" tests="2" failures="0" timestamp="4 Jan 2022 15:10:58 GMT" time="82.925" errors="0">
  <testcase name="main" time="37.330" classname="AUW_Test_case_prod.AUW_PPP"/>
  <testcase name="main" time="45.595" classname="AUW_Test_case_prod.AUW_PPP"/>
</testsuite> <!-- AUW_Test_case_prod.AUW_PPP -->
