<?xml version="1.0" encoding="UTF-8"?>
<!-- Generated by org.testng.reporters.JUnitReportReporter -->
<testsuite hostname="DESKTOP-N7K85DJ" name="Warranty_Test_Case_Dev.Partner_With_US" tests="2" failures="0" timestamp="12 Jan 2022 10:17:31 GMT" time="74.660" errors="0">
  <testcase name="partner" time="32.399" classname="Warranty_Test_Case_Dev.Partner_With_US"/>
  <testcase name="partner" time="42.261" classname="Warranty_Test_Case_Dev.Partner_With_US"/>
</testsuite> <!-- Warranty_Test_Case_Dev.Partner_With_US -->
