<?xml version="1.0" encoding="UTF-8"?>
<!-- Generated by org.testng.reporters.JUnitReportReporter -->
<testsuite hostname="DESKTOP-N7K85DJ" name="Adler_TestCases_Development.News" tests="2" failures="0" timestamp="11 Feb 2022 10:29:05 GMT" time="315.909" errors="0">
  <testcase name="main_Home_Page" time="158.479" classname="Adler_TestCases_Development.News"/>
  <testcase name="main_Home_Page" time="157.430" classname="Adler_TestCases_Development.News"/>
</testsuite> <!-- Adler_TestCases_Development.News -->
