<?xml version="1.0" encoding="UTF-8"?>
<!-- Generated by org.testng.reporters.JUnitReportReporter -->
<testsuite hostname="DESKTOP-N7K85DJ" name="AUW_Test_case_prod.AUW_Intelligence_TC" tests="2" failures="0" timestamp="9 Dec 2021 13:26:34 GMT" time="170.141" errors="0">
  <testcase name="main" time="82.194" classname="AUW_Test_case_prod.AUW_Intelligence_TC"/>
  <testcase name="main" time="87.947" classname="AUW_Test_case_prod.AUW_Intelligence_TC"/>
</testsuite> <!-- AUW_Test_case_prod.AUW_Intelligence_TC -->
