<?xml version="1.0" encoding="UTF-8"?>
<!-- Generated by org.testng.reporters.JUnitReportReporter -->
<testsuite hostname="DESKTOP-N7K85DJ" name="Warranty_Test_Case_Dev.Partner_With_US" tests="2" failures="0" timestamp="8 Mar 2022 10:47:11 GMT" time="61.256" errors="0">
  <testcase name="partner" time="39.318" classname="Warranty_Test_Case_Dev.Partner_With_US"/>
  <testcase name="partner" time="21.938" classname="Warranty_Test_Case_Dev.Partner_With_US"/>
</testsuite> <!-- Warranty_Test_Case_Dev.Partner_With_US -->
