<?xml version="1.0" encoding="UTF-8"?>
<!-- Generated by org.testng.reporters.JUnitReportReporter -->
<testsuite hostname="DESKTOP-N7K85DJ" name="Warranty_Test_Case_Dev.HomePage_Testcase" tests="2" failures="0" timestamp="22 Dec 2021 14:58:12 GMT" time="595.797" errors="0">
  <testcase name="Home_page" time="297.226" classname="Warranty_Test_Case_Dev.HomePage_Testcase"/>
  <testcase name="Home_page" time="298.571" classname="Warranty_Test_Case_Dev.HomePage_Testcase"/>
</testsuite> <!-- Warranty_Test_Case_Dev.HomePage_Testcase -->
