<?xml version="1.0" encoding="UTF-8"?>
<!-- Generated by org.testng.reporters.JUnitReportReporter -->
<testsuite hostname="DESKTOP-N7K85DJ" name="Careers_Test_case_Development.Footer" tests="2" failures="0" timestamp="16 Dec 2021 13:45:34 GMT" time="142.109" errors="0">
  <testcase name="AUW_Footer" time="75.548" classname="Careers_Test_case_Development.Footer"/>
  <testcase name="AUW_Footer" time="66.561" classname="Careers_Test_case_Development.Footer"/>
</testsuite> <!-- Careers_Test_case_Development.Footer -->
