<?xml version="1.0" encoding="UTF-8"?>
<!-- Generated by org.testng.reporters.JUnitReportReporter -->
<testsuite hostname="DESKTOP-N7K85DJ" name="AUW_Test_Case_dev.AUW_NJ_Update" tests="2" failures="0" timestamp="23 Dec 2021 12:43:52 GMT" time="114.654" errors="0">
  <testcase name="main" time="57.632" classname="AUW_Test_Case_dev.AUW_NJ_Update"/>
  <testcase name="main" time="57.022" classname="AUW_Test_Case_dev.AUW_NJ_Update"/>
</testsuite> <!-- AUW_Test_Case_dev.AUW_NJ_Update -->
