<?xml version="1.0" encoding="UTF-8"?>
<!-- Generated by org.testng.reporters.JUnitReportReporter -->
<testsuite hostname="DESKTOP-N7K85DJ" name="Casuality_Prod_TC.Menu_Contact_Us" tests="2" failures="0" timestamp="11 Feb 2022 12:57:48 GMT" time="117.480" errors="0">
  <testcase name="HomePage" time="79.192" classname="Casuality_Prod_TC.Menu_Contact_Us"/>
  <testcase name="HomePage" time="38.288" classname="Casuality_Prod_TC.Menu_Contact_Us"/>
</testsuite> <!-- Casuality_Prod_TC.Menu_Contact_Us -->
