<?xml version="1.0" encoding="UTF-8"?>
<!-- Generated by org.testng.reporters.JUnitReportReporter -->
<testsuite hostname="DESKTOP-N7K85DJ" name="Warranty_Test_Case_Dev.Our_Partner" tests="12" failures="0" timestamp="14 Feb 2022 11:13:18 GMT" time="1113.515" errors="0">
  <testcase name="Partner5" time="85.741" classname="Warranty_Test_Case_Dev.Our_Partner"/>
  <testcase name="Partner6" time="79.560" classname="Warranty_Test_Case_Dev.Our_Partner"/>
  <testcase name="Partner3" time="97.871" classname="Warranty_Test_Case_Dev.Our_Partner"/>
  <testcase name="Partner5" time="83.308" classname="Warranty_Test_Case_Dev.Our_Partner"/>
  <testcase name="Partner4" time="103.890" classname="Warranty_Test_Case_Dev.Our_Partner"/>
  <testcase name="Partner1" time="107.099" classname="Warranty_Test_Case_Dev.Our_Partner"/>
  <testcase name="Partner4" time="97.721" classname="Warranty_Test_Case_Dev.Our_Partner"/>
  <testcase name="Partner2" time="96.179" classname="Warranty_Test_Case_Dev.Our_Partner"/>
  <testcase name="Partner2" time="89.062" classname="Warranty_Test_Case_Dev.Our_Partner"/>
  <testcase name="Partner3" time="99.364" classname="Warranty_Test_Case_Dev.Our_Partner"/>
  <testcase name="Partner1" time="88.578" classname="Warranty_Test_Case_Dev.Our_Partner"/>
  <testcase name="Partner6" time="85.142" classname="Warranty_Test_Case_Dev.Our_Partner"/>
</testsuite> <!-- Warranty_Test_Case_Dev.Our_Partner -->
