<?xml version="1.0" encoding="UTF-8"?>
<!-- Generated by org.testng.reporters.JUnitReportReporter -->
<testsuite hostname="DESKTOP-N7K85DJ" name="Warranty_Test_Case_Prod.Contact_US" tests="2" failures="0" timestamp="16 Feb 2022 08:42:47 GMT" time="228.683" errors="0">
  <testcase name="ContactUS" time="177.484" classname="Warranty_Test_Case_Prod.Contact_US"/>
  <testcase name="ContactUS" time="51.199" classname="Warranty_Test_Case_Prod.Contact_US"/>
</testsuite> <!-- Warranty_Test_Case_Prod.Contact_US -->
