<?xml version="1.0" encoding="UTF-8"?>
<!-- Generated by org.testng.reporters.JUnitReportReporter -->
<testsuite hostname="DESKTOP-N7K85DJ" name="Warranty_Test_Case_Prod.Contact_US" tests="2" failures="0" timestamp="9 Mar 2022 15:47:56 GMT" time="134.520" errors="0">
  <testcase name="ContactUS" time="54.279" classname="Warranty_Test_Case_Prod.Contact_US"/>
  <testcase name="ContactUS" time="80.241" classname="Warranty_Test_Case_Prod.Contact_US"/>
</testsuite> <!-- Warranty_Test_Case_Prod.Contact_US -->
