<?xml version="1.0" encoding="UTF-8"?>
<!-- Generated by org.testng.reporters.JUnitReportReporter -->
<testsuite hostname="DESKTOP-N7K85DJ" name="AFL_Test_Case_Prod.HomePage_TC" tests="2" failures="0" timestamp="30 Dec 2021 15:02:05 GMT" time="289.551" errors="0">
  <testcase name="Home_Page" time="110.194" classname="AFL_Test_Case_Prod.HomePage_TC"/>
  <testcase name="Home_Page" time="179.357" classname="AFL_Test_Case_Prod.HomePage_TC"/>
</testsuite> <!-- AFL_Test_Case_Prod.HomePage_TC -->
