<?xml version="1.0" encoding="UTF-8"?>
<!-- Generated by org.testng.reporters.JUnitReportReporter -->
<testsuite hostname="DESKTOP-N7K85DJ" name="Tradewel_Test_Cases_Development.About_US" tests="2" failures="0" timestamp="7 Mar 2022 12:41:03 GMT" time="115.806" errors="0">
  <testcase name="main_Home_Page" time="55.993" classname="Tradewel_Test_Cases_Development.About_US"/>
  <testcase name="main_Home_Page" time="59.813" classname="Tradewel_Test_Cases_Development.About_US"/>
</testsuite> <!-- Tradewel_Test_Cases_Development.About_US -->
