<?xml version="1.0" encoding="UTF-8"?>
<!-- Generated by org.testng.reporters.JUnitReportReporter -->
<testsuite hostname="DESKTOP-N7K85DJ" name="Promesa_Test_Case_Prod.Change_language" tests="2" failures="0" timestamp="15 Mar 2022 10:17:10 GMT" time="29.131" errors="0">
  <testcase name="Change_Language" time="13.608" classname="Promesa_Test_Case_Prod.Change_language"/>
  <testcase name="Change_Language" time="15.523" classname="Promesa_Test_Case_Prod.Change_language"/>
</testsuite> <!-- Promesa_Test_Case_Prod.Change_language -->
