<?xml version="1.0" encoding="UTF-8"?>
<!-- Generated by org.testng.reporters.JUnitReportReporter -->
<testsuite hostname="DESKTOP-N7K85DJ" name="Promesa_Test_Case_Development.Footer" tests="2" failures="0" timestamp="18 Jan 2022 10:21:18 GMT" time="208.862" errors="0">
  <testcase name="Footer" time="105.235" classname="Promesa_Test_Case_Development.Footer"/>
  <testcase name="Footer" time="103.627" classname="Promesa_Test_Case_Development.Footer"/>
</testsuite> <!-- Promesa_Test_Case_Development.Footer -->
