<?xml version="1.0" encoding="UTF-8"?>
<!-- Generated by org.testng.reporters.JUnitReportReporter -->
<testsuite hostname="DESKTOP-N7K85DJ" name="AUW_Test_case_prod.AUW_Intelligence_TC" tests="2" failures="0" timestamp="28 Feb 2022 06:59:29 GMT" time="283.166" errors="0">
  <testcase name="main" time="175.283" classname="AUW_Test_case_prod.AUW_Intelligence_TC"/>
  <testcase name="main" time="107.883" classname="AUW_Test_case_prod.AUW_Intelligence_TC"/>
</testsuite> <!-- AUW_Test_case_prod.AUW_Intelligence_TC -->
