<?xml version="1.0" encoding="UTF-8"?>
<!-- Generated by org.testng.reporters.JUnitReportReporter -->
<testsuite hostname="DESKTOP-N7K85DJ" name="Adler_TestCases_Prod.News" tests="2" failures="0" timestamp="16 Dec 2021 09:47:07 GMT" time="249.869" errors="0">
  <testcase name="main_Home_Page" time="122.790" classname="Adler_TestCases_Prod.News"/>
  <testcase name="main_Home_Page" time="127.079" classname="Adler_TestCases_Prod.News"/>
</testsuite> <!-- Adler_TestCases_Prod.News -->
