<?xml version="1.0" encoding="UTF-8"?>
<!-- Generated by org.testng.reporters.JUnitReportReporter -->
<testsuite hostname="DESKTOP-N7K85DJ" name="MTL_Test_Cases_Prod.Home_URL" tests="2" failures="0" timestamp="26 Apr 2022 09:47:26 GMT" time="115.739" errors="0">
  <testcase name="Footer" time="45.626" classname="MTL_Test_Cases_Prod.Home_URL"/>
  <testcase name="Footer" time="70.113" classname="MTL_Test_Cases_Prod.Home_URL"/>
</testsuite> <!-- MTL_Test_Cases_Prod.Home_URL -->
