<?xml version="1.0" encoding="UTF-8"?>
<!-- Generated by org.testng.reporters.JUnitReportReporter -->
<testsuite hostname="DESKTOP-N7K85DJ" name="AUW_Test_case_prod.AUW_CallUpdate" tests="2" failures="0" timestamp="23 Mar 2022 12:03:17 GMT" time="173.733" errors="0">
  <testcase name="main" time="53.075" classname="AUW_Test_case_prod.AUW_CallUpdate"/>
  <testcase name="main" time="120.658" classname="AUW_Test_case_prod.AUW_CallUpdate"/>
</testsuite> <!-- AUW_Test_case_prod.AUW_CallUpdate -->
