<?xml version="1.0" encoding="UTF-8"?>
<!-- Generated by org.testng.reporters.JUnitReportReporter -->
<testsuite hostname="DESKTOP-N7K85DJ" name="Warranty_Test_Case_Prod.About_US" tests="2" failures="0" timestamp="27 Jan 2022 13:33:16 GMT" time="121.108" errors="0">
  <testcase name="Home_page" time="77.710" classname="Warranty_Test_Case_Prod.About_US"/>
  <testcase name="Home_page" time="43.398" classname="Warranty_Test_Case_Prod.About_US"/>
</testsuite> <!-- Warranty_Test_Case_Prod.About_US -->
