<?xml version="1.0" encoding="UTF-8"?>
<!-- Generated by org.testng.reporters.JUnitReportReporter -->
<testsuite hostname="DESKTOP-N7K85DJ" name="AUW_Test_case_prod.AUW_NJ_Update" tests="2" failures="0" timestamp="23 Feb 2022 11:40:24 GMT" time="146.664" errors="0">
  <testcase name="main" time="94.158" classname="AUW_Test_case_prod.AUW_NJ_Update"/>
  <testcase name="main" time="52.506" classname="AUW_Test_case_prod.AUW_NJ_Update"/>
</testsuite> <!-- AUW_Test_case_prod.AUW_NJ_Update -->
