<?xml version="1.0" encoding="UTF-8"?>
<!-- Generated by org.testng.reporters.JUnitReportReporter -->
<testsuite hostname="DESKTOP-N7K85DJ" name="Speciality_underwriters_Test_Case_Prod.Home_TC" tests="2" failures="0" timestamp="10 Feb 2022 16:20:33 GMT" time="68.426" errors="0">
  <testcase name="Footer" time="36.219" classname="Speciality_underwriters_Test_Case_Prod.Home_TC"/>
  <testcase name="Footer" time="32.207" classname="Speciality_underwriters_Test_Case_Prod.Home_TC"/>
</testsuite> <!-- Speciality_underwriters_Test_Case_Prod.Home_TC -->
