<?xml version="1.0" encoding="UTF-8"?>
<!-- Generated by org.testng.reporters.JUnitReportReporter -->
<testsuite hostname="DESKTOP-N7K85DJ" name="Speciality_underwriters_Test_Case_Dev.Home_TC" tests="2" failures="0" timestamp="23 Dec 2021 12:43:52 GMT" time="52.265" errors="0">
  <testcase name="Footer" time="28.713" classname="Speciality_underwriters_Test_Case_Dev.Home_TC"/>
  <testcase name="Footer" time="23.552" classname="Speciality_underwriters_Test_Case_Dev.Home_TC"/>
</testsuite> <!-- Speciality_underwriters_Test_Case_Dev.Home_TC -->
