<?xml version="1.0" encoding="UTF-8"?>
<!-- Generated by org.testng.reporters.JUnitReportReporter -->
<testsuite hostname="DESKTOP-N7K85DJ" name="Adler_TestCases_Prod.Home" tests="2" failures="0" timestamp="12 Apr 2022 08:56:09 GMT" time="54.562" errors="0">
  <testcase name="main_Home_Page" time="28.919" classname="Adler_TestCases_Prod.Home"/>
  <testcase name="main_Home_Page" time="25.643" classname="Adler_TestCases_Prod.Home"/>
</testsuite> <!-- Adler_TestCases_Prod.Home -->
