<?xml version="1.0" encoding="UTF-8"?>
<!-- Generated by org.testng.reporters.JUnitReportReporter -->
<testsuite hostname="DESKTOP-N7K85DJ" name="AFL_Test_Case_Prod.HomePage_TC" tests="2" failures="0" timestamp="4 Mar 2022 11:36:24 GMT" time="253.166" errors="0">
  <testcase name="Home_Page" time="138.897" classname="AFL_Test_Case_Prod.HomePage_TC"/>
  <testcase name="Home_Page" time="114.269" classname="AFL_Test_Case_Prod.HomePage_TC"/>
</testsuite> <!-- AFL_Test_Case_Prod.HomePage_TC -->
