<?xml version="1.0" encoding="UTF-8"?>
<!-- Generated by org.testng.reporters.JUnitReportReporter -->
<testsuite hostname="DESKTOP-N7K85DJ" name="Adler_TestCases_Prod.News" tests="2" failures="0" timestamp="4 Feb 2022 10:36:28 GMT" time="314.956" errors="0">
  <testcase name="main_Home_Page" time="176.400" classname="Adler_TestCases_Prod.News"/>
  <testcase name="main_Home_Page" time="138.556" classname="Adler_TestCases_Prod.News"/>
</testsuite> <!-- Adler_TestCases_Prod.News -->
