<?xml version="1.0" encoding="UTF-8"?>
<!-- Generated by org.testng.reporters.JUnitReportReporter -->
<testsuite hostname="DESKTOP-N7K85DJ" name="Adler_TestCases_Prod.Home" tests="2" failures="0" timestamp="4 Mar 2022 11:36:24 GMT" time="76.736" errors="0">
  <testcase name="main_Home_Page" time="44.093" classname="Adler_TestCases_Prod.Home"/>
  <testcase name="main_Home_Page" time="32.643" classname="Adler_TestCases_Prod.Home"/>
</testsuite> <!-- Adler_TestCases_Prod.Home -->
