<?xml version="1.0" encoding="UTF-8"?>
<!-- Generated by org.testng.reporters.JUnitReportReporter -->
<testsuite hostname="DESKTOP-N7K85DJ" name="AUW_Test_Case_dev.AUW_Experience" tests="2" failures="0" timestamp="12 Apr 2022 05:27:58 GMT" time="777.188" errors="0">
  <testcase name="main" time="347.186" classname="AUW_Test_Case_dev.AUW_Experience"/>
  <testcase name="main" time="430.002" classname="AUW_Test_Case_dev.AUW_Experience"/>
</testsuite> <!-- AUW_Test_Case_dev.AUW_Experience -->
