<?xml version="1.0" encoding="UTF-8"?>
<!-- Generated by org.testng.reporters.JUnitReportReporter -->
<testsuite hostname="DESKTOP-N7K85DJ" name="Warranty_Test_Case_Dev.Our_Partner" tests="6" failures="0" timestamp="12 Jan 2022 16:45:34 GMT" time="558.708" errors="0">
  <testcase name="Partner1" time="112.724" classname="Warranty_Test_Case_Dev.Our_Partner"/>
  <testcase name="Partner2" time="82.142" classname="Warranty_Test_Case_Dev.Our_Partner"/>
  <testcase name="Partner4" time="92.332" classname="Warranty_Test_Case_Dev.Our_Partner"/>
  <testcase name="Partner6" time="81.591" classname="Warranty_Test_Case_Dev.Our_Partner"/>
  <testcase name="Partner5" time="95.815" classname="Warranty_Test_Case_Dev.Our_Partner"/>
  <testcase name="Partner3" time="94.104" classname="Warranty_Test_Case_Dev.Our_Partner"/>
</testsuite> <!-- Warranty_Test_Case_Dev.Our_Partner -->
