<?xml version="1.0" encoding="UTF-8"?>
<!-- Generated by org.testng.reporters.JUnitReportReporter -->
<testsuite hostname="DESKTOP-N7K85DJ" name="AFL_Test_Case_Prod.Footer_TC" tests="2" failures="0" timestamp="16 Mar 2022 13:29:52 GMT" time="140.225" errors="0">
  <testcase name="Footer" time="72.713" classname="AFL_Test_Case_Prod.Footer_TC"/>
  <testcase name="Footer" time="67.512" classname="AFL_Test_Case_Prod.Footer_TC"/>
</testsuite> <!-- AFL_Test_Case_Prod.Footer_TC -->
