<?xml version="1.0" encoding="UTF-8"?>
<!-- Generated by org.testng.reporters.JUnitReportReporter -->
<testsuite hostname="DESKTOP-N7K85DJ" name="AUW_Test_case_prod.AUW_CallUpdate" tests="2" failures="0" timestamp="27 Jan 2022 13:33:16 GMT" time="210.454" errors="0">
  <testcase name="main" time="58.159" classname="AUW_Test_case_prod.AUW_CallUpdate"/>
  <testcase name="main" time="152.295" classname="AUW_Test_case_prod.AUW_CallUpdate"/>
</testsuite> <!-- AUW_Test_case_prod.AUW_CallUpdate -->
