<?xml version="1.0" encoding="UTF-8"?>
<!-- Generated by org.testng.reporters.JUnitReportReporter -->
<testsuite hostname="DESKTOP-N7K85DJ" name="AUW_Test_case_prod.Practices_AgentsBrokers" tests="2" failures="0" timestamp="23 Feb 2022 11:40:24 GMT" time="169.535" errors="0">
  <testcase name="Practices_AgentsBrokers" time="68.405" classname="AUW_Test_case_prod.Practices_AgentsBrokers"/>
  <testcase name="Practices_AgentsBrokers" time="101.130" classname="AUW_Test_case_prod.Practices_AgentsBrokers"/>
</testsuite> <!-- AUW_Test_case_prod.Practices_AgentsBrokers -->
