<?xml version="1.0" encoding="UTF-8"?>
<!-- Generated by org.testng.reporters.JUnitReportReporter -->
<testsuite hostname="DESKTOP-N7K85DJ" name="AUW_Test_case_prod.AUW_AboutUS" tests="2" failures="0" timestamp="2 Mar 2022 14:47:22 GMT" time="189.458" errors="0">
  <testcase name="AboutUS" time="113.028" classname="AUW_Test_case_prod.AUW_AboutUS"/>
  <testcase name="AboutUS" time="76.430" classname="AUW_Test_case_prod.AUW_AboutUS"/>
</testsuite> <!-- AUW_Test_case_prod.AUW_AboutUS -->
