<?xml version="1.0" encoding="UTF-8"?>
<!-- Generated by org.testng.reporters.JUnitReportReporter -->
<testsuite hostname="DESKTOP-N7K85DJ" name="AUW_Test_Case_dev.Practices_CustomerSeekingCoverage" tests="2" failures="0" timestamp="28 Dec 2021 09:27:57 GMT" time="473.366" errors="0">
  <testcase name="Practices_CustomerSeekingCoverage" time="241.843" classname="AUW_Test_Case_dev.Practices_CustomerSeekingCoverage"/>
  <testcase name="Practices_CustomerSeekingCoverage" time="231.523" classname="AUW_Test_Case_dev.Practices_CustomerSeekingCoverage"/>
</testsuite> <!-- AUW_Test_Case_dev.Practices_CustomerSeekingCoverage -->
