<?xml version="1.0" encoding="UTF-8"?>
<!-- Generated by org.testng.reporters.JUnitReportReporter -->
<testsuite hostname="DESKTOP-N7K85DJ" name="AUW_Test_case_prod.AUW_NJ_Update" tests="2" failures="0" timestamp="15 Dec 2021 11:56:30 GMT" time="92.703" errors="0">
  <testcase name="main" time="48.045" classname="AUW_Test_case_prod.AUW_NJ_Update"/>
  <testcase name="main" time="44.658" classname="AUW_Test_case_prod.AUW_NJ_Update"/>
</testsuite> <!-- AUW_Test_case_prod.AUW_NJ_Update -->
