<?xml version="1.0" encoding="UTF-8"?>
<!-- Generated by org.testng.reporters.JUnitReportReporter -->
<testsuite hostname="DESKTOP-N7K85DJ" name="Casuality_Prod_TC.Menu_Contact_Us" tests="2" failures="0" timestamp="2 May 2022 07:01:07 GMT" time="71.926" errors="0">
  <testcase name="HomePage" time="30.178" classname="Casuality_Prod_TC.Menu_Contact_Us"/>
  <testcase name="HomePage" time="41.748" classname="Casuality_Prod_TC.Menu_Contact_Us"/>
</testsuite> <!-- Casuality_Prod_TC.Menu_Contact_Us -->
