<?xml version="1.0" encoding="UTF-8"?>
<!-- Generated by org.testng.reporters.JUnitReportReporter -->
<testsuite hostname="DESKTOP-N7K85DJ" name="AUW_Test_Case_dev.AUW_Intelligence_TC" tests="2" failures="0" timestamp="25 Feb 2022 13:56:49 GMT" time="175.330" errors="0">
  <testcase name="main" time="88.648" classname="AUW_Test_Case_dev.AUW_Intelligence_TC"/>
  <testcase name="main" time="86.682" classname="AUW_Test_Case_dev.AUW_Intelligence_TC"/>
</testsuite> <!-- AUW_Test_Case_dev.AUW_Intelligence_TC -->
