<?xml version="1.0" encoding="UTF-8"?>
<!-- Generated by org.testng.reporters.JUnitReportReporter -->
<testsuite hostname="DESKTOP-N7K85DJ" name="Warranty_Test_Case_Prod.Contact_US" tests="2" failures="0" timestamp="5 May 2022 09:54:47 GMT" time="258.674" errors="0">
  <testcase name="ContactUS" time="199.951" classname="Warranty_Test_Case_Prod.Contact_US"/>
  <testcase name="ContactUS" time="58.723" classname="Warranty_Test_Case_Prod.Contact_US"/>
</testsuite> <!-- Warranty_Test_Case_Prod.Contact_US -->
