<?xml version="1.0" encoding="UTF-8"?>
<!-- Generated by org.testng.reporters.JUnitReportReporter -->
<testsuite hostname="DESKTOP-N7K85DJ" name="Casuality_Prod_TC.Menu_Contact_Us" tests="2" failures="0" timestamp="17 Mar 2022 11:54:46 GMT" time="80.272" errors="0">
  <testcase name="HomePage" time="33.729" classname="Casuality_Prod_TC.Menu_Contact_Us"/>
  <testcase name="HomePage" time="46.543" classname="Casuality_Prod_TC.Menu_Contact_Us"/>
</testsuite> <!-- Casuality_Prod_TC.Menu_Contact_Us -->
