<?xml version="1.0" encoding="UTF-8"?>
<!-- Generated by org.testng.reporters.JUnitReportReporter -->
<testsuite hostname="DESKTOP-N7K85DJ" name="Promesa_Test_Case_Prod.Pharmacy_search" tests="2" failures="0" timestamp="4 Mar 2022 11:36:24 GMT" time="281.473" errors="0">
  <testcase name="Side_Heading_One" time="134.576" classname="Promesa_Test_Case_Prod.Pharmacy_search"/>
  <testcase name="Side_Heading_One" time="146.897" classname="Promesa_Test_Case_Prod.Pharmacy_search"/>
</testsuite> <!-- Promesa_Test_Case_Prod.Pharmacy_search -->
