<?xml version="1.0" encoding="UTF-8"?>
<!-- Generated by org.testng.reporters.JUnitReportReporter -->
<testsuite hostname="DESKTOP-N7K85DJ" name="Warranty_Test_Case_Prod.Our_Partner" tests="12" failures="0" timestamp="11 Feb 2022 12:38:07 GMT" time="1081.119" errors="0">
  <testcase name="Partner4" time="85.710" classname="Warranty_Test_Case_Prod.Our_Partner"/>
  <testcase name="Partner1" time="88.070" classname="Warranty_Test_Case_Prod.Our_Partner"/>
  <testcase name="Partner5" time="85.534" classname="Warranty_Test_Case_Prod.Our_Partner"/>
  <testcase name="Partner4" time="83.404" classname="Warranty_Test_Case_Prod.Our_Partner"/>
  <testcase name="Partner6" time="79.241" classname="Warranty_Test_Case_Prod.Our_Partner"/>
  <testcase name="Partner5" time="73.657" classname="Warranty_Test_Case_Prod.Our_Partner"/>
  <testcase name="Partner6" time="89.353" classname="Warranty_Test_Case_Prod.Our_Partner"/>
  <testcase name="Partner3" time="103.786" classname="Warranty_Test_Case_Prod.Our_Partner"/>
  <testcase name="Partner2" time="93.224" classname="Warranty_Test_Case_Prod.Our_Partner"/>
  <testcase name="Partner2" time="113.577" classname="Warranty_Test_Case_Prod.Our_Partner"/>
  <testcase name="Partner3" time="84.421" classname="Warranty_Test_Case_Prod.Our_Partner"/>
  <testcase name="Partner1" time="101.142" classname="Warranty_Test_Case_Prod.Our_Partner"/>
</testsuite> <!-- Warranty_Test_Case_Prod.Our_Partner -->
