<?xml version="1.0" encoding="UTF-8"?>
<!-- Generated by org.testng.reporters.JUnitReportReporter -->
<testsuite hostname="DESKTOP-N7K85DJ" name="AFL_Test_Case_Prod.Footer_TC" tests="2" failures="0" timestamp="16 Feb 2022 12:49:52 GMT" time="149.518" errors="0">
  <testcase name="Footer" time="73.428" classname="AFL_Test_Case_Prod.Footer_TC"/>
  <testcase name="Footer" time="76.090" classname="AFL_Test_Case_Prod.Footer_TC"/>
</testsuite> <!-- AFL_Test_Case_Prod.Footer_TC -->
