<?xml version="1.0" encoding="UTF-8"?>
<!-- Generated by org.testng.reporters.JUnitReportReporter -->
<testsuite hostname="DESKTOP-N7K85DJ" name="AUW_Test_case_prod.AUW_Intelligence_TC" tests="2" failures="0" timestamp="2 Mar 2022 14:47:22 GMT" time="222.216" errors="0">
  <testcase name="main" time="128.641" classname="AUW_Test_case_prod.AUW_Intelligence_TC"/>
  <testcase name="main" time="93.575" classname="AUW_Test_case_prod.AUW_Intelligence_TC"/>
</testsuite> <!-- AUW_Test_case_prod.AUW_Intelligence_TC -->
