<?xml version="1.0" encoding="UTF-8"?>
<!-- Generated by org.testng.reporters.JUnitReportReporter -->
<testsuite hostname="DESKTOP-N7K85DJ" name="Warranty_Test_Case_Dev.Contact_US" tests="2" failures="0" timestamp="8 Mar 2022 10:47:11 GMT" time="134.792" errors="0">
  <testcase name="ContactUS" time="66.670" classname="Warranty_Test_Case_Dev.Contact_US"/>
  <testcase name="ContactUS" time="68.122" classname="Warranty_Test_Case_Dev.Contact_US"/>
</testsuite> <!-- Warranty_Test_Case_Dev.Contact_US -->
