<?xml version="1.0" encoding="UTF-8"?>
<!-- Generated by org.testng.reporters.JUnitReportReporter -->
<testsuite hostname="DESKTOP-N7K85DJ" name="Adler_TestCases_Prod.News" tests="2" failures="0" timestamp="22 Mar 2022 09:50:23 GMT" time="352.647" errors="0">
  <testcase name="main_Home_Page" time="131.891" classname="Adler_TestCases_Prod.News"/>
  <testcase name="main_Home_Page" time="220.756" classname="Adler_TestCases_Prod.News"/>
</testsuite> <!-- Adler_TestCases_Prod.News -->
