<?xml version="1.0" encoding="UTF-8"?>
<!-- Generated by org.testng.reporters.JUnitReportReporter -->
<testsuite hostname="DESKTOP-N7K85DJ" name="Solution_one_Development.Footer_Develop" tests="2" failures="0" timestamp="15 Dec 2021 09:54:42 GMT" time="112.160" errors="0">
  <testcase name="Footer" time="52.892" classname="Solution_one_Development.Footer_Develop"/>
  <testcase name="Footer" time="59.268" classname="Solution_one_Development.Footer_Develop"/>
</testsuite> <!-- Solution_one_Development.Footer_Develop -->
