<?xml version="1.0" encoding="UTF-8"?>
<!-- Generated by org.testng.reporters.JUnitReportReporter -->
<testsuite hostname="DESKTOP-N7K85DJ" name="AUW_Test_Case_dev.Practices_AgentsBrokers" tests="2" failures="0" timestamp="25 Feb 2022 13:56:49 GMT" time="124.091" errors="0">
  <testcase name="Practices_AgentsBrokers" time="63.046" classname="AUW_Test_Case_dev.Practices_AgentsBrokers"/>
  <testcase name="Practices_AgentsBrokers" time="61.045" classname="AUW_Test_Case_dev.Practices_AgentsBrokers"/>
</testsuite> <!-- AUW_Test_Case_dev.Practices_AgentsBrokers -->
