<?xml version="1.0" encoding="UTF-8"?>
<!-- Generated by org.testng.reporters.JUnitReportReporter -->
<testsuite hostname="DESKTOP-N7K85DJ" name="Adler_TestCases_Development.Home" tests="2" failures="0" timestamp="14 Jan 2022 10:44:32 GMT" time="123.185" errors="0">
  <testcase name="main_Home_Page" time="81.729" classname="Adler_TestCases_Development.Home"/>
  <testcase name="main_Home_Page" time="41.456" classname="Adler_TestCases_Development.Home"/>
</testsuite> <!-- Adler_TestCases_Development.Home -->
