<?xml version="1.0" encoding="UTF-8"?>
<!-- Generated by org.testng.reporters.JUnitReportReporter -->
<testsuite hostname="DESKTOP-N7K85DJ" name="Warranty_Test_Case_Dev.About_US" tests="2" failures="0" timestamp="18 Jan 2022 10:21:18 GMT" time="120.578" errors="0">
  <testcase name="Home_page" time="48.313" classname="Warranty_Test_Case_Dev.About_US"/>
  <testcase name="Home_page" time="72.265" classname="Warranty_Test_Case_Dev.About_US"/>
</testsuite> <!-- Warranty_Test_Case_Dev.About_US -->
