<?xml version="1.0" encoding="UTF-8"?>
<!-- Generated by org.testng.reporters.JUnitReportReporter -->
<testsuite hostname="DESKTOP-N7K85DJ" name="Casuality_Prod_TC.Home_page" tests="2" failures="0" timestamp="17 Mar 2022 11:54:46 GMT" time="171.613" errors="0">
  <testcase name="HomePage" time="75.992" classname="Casuality_Prod_TC.Home_page"/>
  <testcase name="HomePage" time="95.621" classname="Casuality_Prod_TC.Home_page"/>
</testsuite> <!-- Casuality_Prod_TC.Home_page -->
