<?xml version="1.0" encoding="UTF-8"?>
<!-- Generated by org.testng.reporters.JUnitReportReporter -->
<testsuite hostname="DESKTOP-N7K85DJ" name="AUW_Test_case_prod.AUW_NJ_Update" tests="2" failures="0" timestamp="22 Dec 2021 09:39:17 GMT" time="102.554" errors="0">
  <testcase name="main" time="54.826" classname="AUW_Test_case_prod.AUW_NJ_Update"/>
  <testcase name="main" time="47.728" classname="AUW_Test_case_prod.AUW_NJ_Update"/>
</testsuite> <!-- AUW_Test_case_prod.AUW_NJ_Update -->
