<?xml version="1.0" encoding="UTF-8"?>
<!-- Generated by org.testng.reporters.JUnitReportReporter -->
<testsuite hostname="DESKTOP-N7K85DJ" name="Casuality_Prod_TC.Home_page" tests="2" failures="0" timestamp="21 Mar 2022 16:42:58 GMT" time="155.117" errors="0">
  <testcase name="HomePage" time="74.616" classname="Casuality_Prod_TC.Home_page"/>
  <testcase name="HomePage" time="80.501" classname="Casuality_Prod_TC.Home_page"/>
</testsuite> <!-- Casuality_Prod_TC.Home_page -->
