<?xml version="1.0" encoding="UTF-8"?>
<!-- Generated by org.testng.reporters.JUnitReportReporter -->
<testsuite hostname="DESKTOP-N7K85DJ" name="Warranty_Test_Case_Prod.About_US" tests="2" failures="0" timestamp="8 Apr 2022 08:47:38 GMT" time="116.148" errors="0">
  <testcase name="Home_page" time="45.270" classname="Warranty_Test_Case_Prod.About_US"/>
  <testcase name="Home_page" time="70.878" classname="Warranty_Test_Case_Prod.About_US"/>
</testsuite> <!-- Warranty_Test_Case_Prod.About_US -->
