<?xml version="1.0" encoding="UTF-8"?>
<!-- Generated by org.testng.reporters.JUnitReportReporter -->
<testsuite hostname="DESKTOP-N7K85DJ" name="Solution_one_Development.Footer_Develop" tests="2" failures="0" timestamp="4 Mar 2022 12:50:00 GMT" time="182.419" errors="0">
  <testcase name="Footer" time="98.214" classname="Solution_one_Development.Footer_Develop"/>
  <testcase name="Footer" time="84.205" classname="Solution_one_Development.Footer_Develop"/>
</testsuite> <!-- Solution_one_Development.Footer_Develop -->
