<?xml version="1.0" encoding="UTF-8"?>
<!-- Generated by org.testng.reporters.JUnitReportReporter -->
<testsuite hostname="DESKTOP-N7K85DJ" name="Promesa_Test_Case_Prod.Change_language" tests="2" failures="0" timestamp="27 Dec 2021 15:43:57 GMT" time="21.475" errors="0">
  <testcase name="Change_Language" time="7.293" classname="Promesa_Test_Case_Prod.Change_language"/>
  <testcase name="Change_Language" time="14.182" classname="Promesa_Test_Case_Prod.Change_language"/>
</testsuite> <!-- Promesa_Test_Case_Prod.Change_language -->
