<?xml version="1.0" encoding="UTF-8"?>
<!-- Generated by org.testng.reporters.JUnitReportReporter -->
<testsuite hostname="DESKTOP-N7K85DJ" name="Warranty_Test_Case_Prod.Partner_With_US" tests="2" failures="0" timestamp="27 Apr 2022 13:37:51 GMT" time="51.764" errors="0">
  <testcase name="partner" time="20.704" classname="Warranty_Test_Case_Prod.Partner_With_US"/>
  <testcase name="partner" time="31.060" classname="Warranty_Test_Case_Prod.Partner_With_US"/>
</testsuite> <!-- Warranty_Test_Case_Prod.Partner_With_US -->
