<?xml version="1.0" encoding="UTF-8"?>
<!-- Generated by org.testng.reporters.JUnitReportReporter -->
<testsuite hostname="DESKTOP-N7K85DJ" name="Promesa_Test_Case_Prod.Change_language" tests="2" failures="0" timestamp="16 Feb 2022 08:42:47 GMT" time="34.038" errors="0">
  <testcase name="Change_Language" time="19.767" classname="Promesa_Test_Case_Prod.Change_language"/>
  <testcase name="Change_Language" time="14.271" classname="Promesa_Test_Case_Prod.Change_language"/>
</testsuite> <!-- Promesa_Test_Case_Prod.Change_language -->
