<?xml version="1.0" encoding="UTF-8"?>
<!-- Generated by org.testng.reporters.JUnitReportReporter -->
<testsuite hostname="DESKTOP-N7K85DJ" name="AUW_Test_Case_dev.AUW_Intelligence_TC" tests="2" failures="0" timestamp="24 Jan 2022 11:23:12 GMT" time="221.740" errors="0">
  <testcase name="main" time="108.060" classname="AUW_Test_Case_dev.AUW_Intelligence_TC"/>
  <testcase name="main" time="113.680" classname="AUW_Test_Case_dev.AUW_Intelligence_TC"/>
</testsuite> <!-- AUW_Test_Case_dev.AUW_Intelligence_TC -->
