<?xml version="1.0" encoding="UTF-8"?>
<!-- Generated by org.testng.reporters.JUnitReportReporter -->
<testsuite hostname="DESKTOP-N7K85DJ" name="Warranty_Test_Case_Dev.About_US" tests="2" failures="0" timestamp="7 Mar 2022 16:16:38 GMT" time="94.695" errors="0">
  <testcase name="Home_page" time="49.539" classname="Warranty_Test_Case_Dev.About_US"/>
  <testcase name="Home_page" time="45.156" classname="Warranty_Test_Case_Dev.About_US"/>
</testsuite> <!-- Warranty_Test_Case_Dev.About_US -->
