<?xml version="1.0" encoding="UTF-8"?>
<!-- Generated by org.testng.reporters.JUnitReportReporter -->
<testsuite hostname="DESKTOP-N7K85DJ" name="MTL_Test_Cases_Prod.More_offers_TC" tests="2" failures="0" timestamp="10 Feb 2022 16:20:34 GMT" time="109.706" errors="0">
  <testcase name="More_offers" time="65.555" classname="MTL_Test_Cases_Prod.More_offers_TC"/>
  <testcase name="More_offers" time="44.151" classname="MTL_Test_Cases_Prod.More_offers_TC"/>
</testsuite> <!-- MTL_Test_Cases_Prod.More_offers_TC -->
