<?xml version="1.0" encoding="UTF-8"?>
<!-- Generated by org.testng.reporters.JUnitReportReporter -->
<testsuite hostname="DESKTOP-N7K85DJ" name="Adler_TestCases_Prod.News" tests="2" failures="0" timestamp="14 Jan 2022 12:33:11 GMT" time="491.349" errors="0">
  <testcase name="main_Home_Page" time="128.688" classname="Adler_TestCases_Prod.News"/>
  <testcase name="main_Home_Page" time="362.661" classname="Adler_TestCases_Prod.News"/>
</testsuite> <!-- Adler_TestCases_Prod.News -->
