<?xml version="1.0" encoding="UTF-8"?>
<!-- Generated by org.testng.reporters.JUnitReportReporter -->
<testsuite hostname="DESKTOP-N7K85DJ" name="AUW_Test_case_prod.AUW_Intelligence_TC" tests="2" failures="0" timestamp="24 Feb 2022 14:29:27 GMT" time="280.138" errors="0">
  <testcase name="main" time="184.648" classname="AUW_Test_case_prod.AUW_Intelligence_TC"/>
  <testcase name="main" time="95.490" classname="AUW_Test_case_prod.AUW_Intelligence_TC"/>
</testsuite> <!-- AUW_Test_case_prod.AUW_Intelligence_TC -->
