<?xml version="1.0" encoding="UTF-8"?>
<!-- Generated by org.testng.reporters.JUnitReportReporter -->
<testsuite hostname="DESKTOP-N7K85DJ" name="Solution_one_Prod.Footer_Production" tests="2" failures="0" timestamp="9 Mar 2022 17:25:57 GMT" time="116.773" errors="0">
  <testcase name="Footer" time="60.352" classname="Solution_one_Prod.Footer_Production"/>
  <testcase name="Footer" time="56.421" classname="Solution_one_Prod.Footer_Production"/>
</testsuite> <!-- Solution_one_Prod.Footer_Production -->
