<?xml version="1.0" encoding="UTF-8"?>
<!-- Generated by org.testng.reporters.JUnitReportReporter -->
<testsuite hostname="DESKTOP-N7K85DJ" name="AFL_Test_Case_Prod.HomePage_TC" tests="2" failures="0" timestamp="14 Jan 2022 12:33:11 GMT" time="403.638" errors="0">
  <testcase name="Home_Page" time="115.039" classname="AFL_Test_Case_Prod.HomePage_TC"/>
  <testcase name="Home_Page" time="288.599" classname="AFL_Test_Case_Prod.HomePage_TC"/>
</testsuite> <!-- AFL_Test_Case_Prod.HomePage_TC -->
