<?xml version="1.0" encoding="UTF-8"?>
<!-- Generated by org.testng.reporters.JUnitReportReporter -->
<testsuite hostname="DESKTOP-N7K85DJ" name="AUW_Test_case_prod.AUW_Experience" tests="2" failures="0" timestamp="25 Apr 2022 10:19:01 GMT" time="772.567" errors="0">
  <testcase name="main" time="427.561" classname="AUW_Test_case_prod.AUW_Experience"/>
  <testcase name="main" time="345.006" classname="AUW_Test_case_prod.AUW_Experience"/>
</testsuite> <!-- AUW_Test_case_prod.AUW_Experience -->
