<?xml version="1.0" encoding="UTF-8"?>
<!-- Generated by org.testng.reporters.JUnitReportReporter -->
<testsuite hostname="DESKTOP-N7K85DJ" name="Promesa_Test_Case_Prod.Footer" tests="10" failures="0" timestamp="3 Mar 2022 14:31:02 GMT" time="378.304" errors="0">
  <testcase name="Footer_twitter" time="18.201" classname="Promesa_Test_Case_Prod.Footer"/>
  <testcase name="Footer_twitter" time="34.832" classname="Promesa_Test_Case_Prod.Footer"/>
  <testcase name="Footer_linkedin" time="34.951" classname="Promesa_Test_Case_Prod.Footer"/>
  <testcase name="Footer_facebook" time="32.506" classname="Promesa_Test_Case_Prod.Footer"/>
  <testcase name="Footer_facebook" time="30.465" classname="Promesa_Test_Case_Prod.Footer"/>
  <testcase name="Footer_PrivacyPolicy" time="99.403" classname="Promesa_Test_Case_Prod.Footer"/>
  <testcase name="Footer_instagram" time="60.756" classname="Promesa_Test_Case_Prod.Footer"/>
  <testcase name="Footer_PrivacyPolicy" time="31.309" classname="Promesa_Test_Case_Prod.Footer"/>
  <testcase name="Footer_linkedin" time="17.064" classname="Promesa_Test_Case_Prod.Footer"/>
  <testcase name="Footer_instagram" time="18.817" classname="Promesa_Test_Case_Prod.Footer"/>
</testsuite> <!-- Promesa_Test_Case_Prod.Footer -->
