<?xml version="1.0" encoding="UTF-8"?>
<!-- Generated by org.testng.reporters.JUnitReportReporter -->
<testsuite hostname="DESKTOP-N7K85DJ" name="Promesa_Test_Case_Development.Change_language" tests="2" failures="0" timestamp="22 Dec 2021 14:58:11 GMT" time="34.404" errors="0">
  <testcase name="Change_Language" time="23.196" classname="Promesa_Test_Case_Development.Change_language"/>
  <testcase name="Change_Language" time="11.208" classname="Promesa_Test_Case_Development.Change_language"/>
</testsuite> <!-- Promesa_Test_Case_Development.Change_language -->
