<?xml version="1.0" encoding="UTF-8"?>
<!-- Generated by org.testng.reporters.JUnitReportReporter -->
<testsuite hostname="DESKTOP-N7K85DJ" name="MTL_Test_Cases_Prod.More_offers_TC" tests="2" failures="0" timestamp="21 Feb 2022 13:14:22 GMT" time="113.554" errors="0">
  <testcase name="More_offers" time="68.467" classname="MTL_Test_Cases_Prod.More_offers_TC"/>
  <testcase name="More_offers" time="45.087" classname="MTL_Test_Cases_Prod.More_offers_TC"/>
</testsuite> <!-- MTL_Test_Cases_Prod.More_offers_TC -->
