<?xml version="1.0" encoding="UTF-8"?>
<!-- Generated by org.testng.reporters.JUnitReportReporter -->
<testsuite hostname="DESKTOP-N7K85DJ" name="AFL_Test_Case_Prod.Footer_TC" tests="2" failures="0" timestamp="30 Mar 2022 07:35:15 GMT" time="143.649" errors="0">
  <testcase name="Footer" time="74.349" classname="AFL_Test_Case_Prod.Footer_TC"/>
  <testcase name="Footer" time="69.300" classname="AFL_Test_Case_Prod.Footer_TC"/>
</testsuite> <!-- AFL_Test_Case_Prod.Footer_TC -->
