<?xml version="1.0" encoding="UTF-8"?>
<!-- Generated by org.testng.reporters.JUnitReportReporter -->
<testsuite hostname="DESKTOP-N7K85DJ" name="Careers_Test_case_Development.Footer" tests="2" failures="0" timestamp="12 Apr 2022 05:27:58 GMT" time="213.133" errors="0">
  <testcase name="AUW_Footer" time="77.475" classname="Careers_Test_case_Development.Footer"/>
  <testcase name="AUW_Footer" time="135.658" classname="Careers_Test_case_Development.Footer"/>
</testsuite> <!-- Careers_Test_case_Development.Footer -->
