<?xml version="1.0" encoding="UTF-8"?>
<!-- Generated by org.testng.reporters.JUnitReportReporter -->
<testsuite hostname="DESKTOP-N7K85DJ" name="AUW_Test_Case_dev.AUW_Intelligence_TC" tests="2" failures="0" timestamp="10 Feb 2022 13:28:21 GMT" time="242.874" errors="0">
  <testcase name="main" time="113.763" classname="AUW_Test_Case_dev.AUW_Intelligence_TC"/>
  <testcase name="main" time="129.111" classname="AUW_Test_Case_dev.AUW_Intelligence_TC"/>
</testsuite> <!-- AUW_Test_Case_dev.AUW_Intelligence_TC -->
