<?xml version="1.0" encoding="UTF-8"?>
<!-- Generated by org.testng.reporters.JUnitReportReporter -->
<testsuite hostname="DESKTOP-N7K85DJ" name="AFL_Test_Case_Prod.What_We_offer_OutSideUs" tests="2" failures="0" timestamp="8 Mar 2022 09:14:17 GMT" time="681.308" errors="0">
  <testcase name="Footer" time="267.592" classname="AFL_Test_Case_Prod.What_We_offer_OutSideUs"/>
  <testcase name="Footer" time="413.716" classname="AFL_Test_Case_Prod.What_We_offer_OutSideUs"/>
</testsuite> <!-- AFL_Test_Case_Prod.What_We_offer_OutSideUs -->
