<?xml version="1.0" encoding="UTF-8"?>
<!-- Generated by org.testng.reporters.JUnitReportReporter -->
<testsuite hostname="DESKTOP-N7K85DJ" name="Casuality_Prod_TC.Menu_Contact_Us" tests="2" failures="0" timestamp="23 May 2022 09:46:43 GMT" time="85.448" errors="0">
  <testcase name="HomePage" time="54.846" classname="Casuality_Prod_TC.Menu_Contact_Us"/>
  <testcase name="HomePage" time="30.602" classname="Casuality_Prod_TC.Menu_Contact_Us"/>
</testsuite> <!-- Casuality_Prod_TC.Menu_Contact_Us -->
