<?xml version="1.0" encoding="UTF-8"?>
<!-- Generated by org.testng.reporters.JUnitReportReporter -->
<testsuite hostname="DESKTOP-N7K85DJ" name="Adler_TestCases_Development.News" tests="2" failures="0" timestamp="28 Dec 2021 09:27:57 GMT" time="269.497" errors="0">
  <testcase name="main_Home_Page" time="140.225" classname="Adler_TestCases_Development.News"/>
  <testcase name="main_Home_Page" time="129.272" classname="Adler_TestCases_Development.News"/>
</testsuite> <!-- Adler_TestCases_Development.News -->
