<?xml version="1.0" encoding="UTF-8"?>
<!-- Generated by org.testng.reporters.JUnitReportReporter -->
<testsuite hostname="DESKTOP-N7K85DJ" name="AUW_Test_Case_dev.AUW_NJ_Update" tests="2" failures="0" timestamp="28 Dec 2021 09:27:57 GMT" time="100.730" errors="0">
  <testcase name="main" time="46.568" classname="AUW_Test_Case_dev.AUW_NJ_Update"/>
  <testcase name="main" time="54.162" classname="AUW_Test_Case_dev.AUW_NJ_Update"/>
</testsuite> <!-- AUW_Test_Case_dev.AUW_NJ_Update -->
