<?xml version="1.0" encoding="UTF-8"?>
<!-- Generated by org.testng.reporters.JUnitReportReporter -->
<testsuite hostname="DESKTOP-N7K85DJ" name="Promesa_Test_Case_Prod.Footer" tests="10" failures="0" timestamp="4 Jan 2022 15:10:58 GMT" time="251.450" errors="0">
  <testcase name="Footer_PrivacyPolicy" time="27.772" classname="Promesa_Test_Case_Prod.Footer"/>
  <testcase name="Footer_linkedin" time="13.679" classname="Promesa_Test_Case_Prod.Footer"/>
  <testcase name="Footer_twitter" time="34.348" classname="Promesa_Test_Case_Prod.Footer"/>
  <testcase name="Footer_facebook" time="30.587" classname="Promesa_Test_Case_Prod.Footer"/>
  <testcase name="Footer_instagram" time="13.173" classname="Promesa_Test_Case_Prod.Footer"/>
  <testcase name="Footer_linkedin" time="23.808" classname="Promesa_Test_Case_Prod.Footer"/>
  <testcase name="Footer_facebook" time="25.478" classname="Promesa_Test_Case_Prod.Footer"/>
  <testcase name="Footer_PrivacyPolicy" time="42.614" classname="Promesa_Test_Case_Prod.Footer"/>
  <testcase name="Footer_instagram" time="21.959" classname="Promesa_Test_Case_Prod.Footer"/>
  <testcase name="Footer_twitter" time="18.032" classname="Promesa_Test_Case_Prod.Footer"/>
</testsuite> <!-- Promesa_Test_Case_Prod.Footer -->
