<?xml version="1.0" encoding="UTF-8"?>
<!-- Generated by org.testng.reporters.JUnitReportReporter -->
<testsuite hostname="DESKTOP-N7K85DJ" name="Warranty_Test_Case_Dev.Our_Partner" tests="6" failures="0" timestamp="4 Jan 2022 11:56:20 GMT" time="412.163" errors="0">
  <testcase name="Partner6" time="69.570" classname="Warranty_Test_Case_Dev.Our_Partner"/>
  <testcase name="Partner3" time="69.000" classname="Warranty_Test_Case_Dev.Our_Partner"/>
  <testcase name="Partner2" time="67.304" classname="Warranty_Test_Case_Dev.Our_Partner"/>
  <testcase name="Partner1" time="67.795" classname="Warranty_Test_Case_Dev.Our_Partner"/>
  <testcase name="Partner5" time="69.450" classname="Warranty_Test_Case_Dev.Our_Partner"/>
  <testcase name="Partner4" time="69.044" classname="Warranty_Test_Case_Dev.Our_Partner"/>
</testsuite> <!-- Warranty_Test_Case_Dev.Our_Partner -->
