<?xml version="1.0" encoding="UTF-8"?>
<!-- Generated by org.testng.reporters.JUnitReportReporter -->
<testsuite hostname="DESKTOP-N7K85DJ" name="AUW_Test_Case_dev.AUW_CallUpdate" tests="2" failures="0" timestamp="21 Feb 2022 15:12:16 GMT" time="155.223" errors="0">
  <testcase name="main" time="61.121" classname="AUW_Test_Case_dev.AUW_CallUpdate"/>
  <testcase name="main" time="94.102" classname="AUW_Test_Case_dev.AUW_CallUpdate"/>
</testsuite> <!-- AUW_Test_Case_dev.AUW_CallUpdate -->
