<?xml version="1.0" encoding="UTF-8"?>
<!-- Generated by org.testng.reporters.JUnitReportReporter -->
<testsuite hostname="DESKTOP-N7K85DJ" name="Warranty_Test_Case_Dev.Contact_US" tests="2" failures="0" timestamp="4 Apr 2022 07:43:47 GMT" time="192.629" errors="0">
  <testcase name="ContactUS" time="107.439" classname="Warranty_Test_Case_Dev.Contact_US"/>
  <testcase name="ContactUS" time="85.190" classname="Warranty_Test_Case_Dev.Contact_US"/>
</testsuite> <!-- Warranty_Test_Case_Dev.Contact_US -->
