<?xml version="1.0" encoding="UTF-8"?>
<!-- Generated by org.testng.reporters.JUnitReportReporter -->
<testsuite hostname="DESKTOP-N7K85DJ" name="Promesa_Test_Case_Development.Footer" tests="2" failures="0" timestamp="16 Dec 2021 13:45:35 GMT" time="134.092" errors="0">
  <testcase name="Footer" time="65.468" classname="Promesa_Test_Case_Development.Footer"/>
  <testcase name="Footer" time="68.624" classname="Promesa_Test_Case_Development.Footer"/>
</testsuite> <!-- Promesa_Test_Case_Development.Footer -->
