<?xml version="1.0" encoding="UTF-8"?>
<!-- Generated by org.testng.reporters.JUnitReportReporter -->
<testsuite hostname="DESKTOP-N7K85DJ" name="MTL_Test_Cases_Prod.Home_URL" tests="2" failures="0" timestamp="12 Jan 2022 15:20:27 GMT" time="150.416" errors="0">
  <testcase name="Footer" time="108.809" classname="MTL_Test_Cases_Prod.Home_URL"/>
  <testcase name="Footer" time="41.607" classname="MTL_Test_Cases_Prod.Home_URL"/>
</testsuite> <!-- MTL_Test_Cases_Prod.Home_URL -->
