<?xml version="1.0" encoding="UTF-8"?>
<!-- Generated by org.testng.reporters.JUnitReportReporter -->
<testsuite hostname="DESKTOP-N7K85DJ" name="AFL_Test_Cases_Dev.ContactUS_OutsideUS_dev" tests="2" failures="0" timestamp="14 Dec 2021 11:47:24 GMT" time="54.943" errors="0">
  <testcase name="ContactUs_Page" time="24.915" classname="AFL_Test_Cases_Dev.ContactUS_OutsideUS_dev"/>
  <testcase name="ContactUs_Page" time="30.028" classname="AFL_Test_Cases_Dev.ContactUS_OutsideUS_dev"/>
</testsuite> <!-- AFL_Test_Cases_Dev.ContactUS_OutsideUS_dev -->
