<?xml version="1.0" encoding="UTF-8"?>
<!-- Generated by org.testng.reporters.JUnitReportReporter -->
<testsuite hostname="DESKTOP-N7K85DJ" name="Warranty_Test_Case_Prod.Our_Partner" tests="12" failures="0" timestamp="8 Mar 2022 09:14:16 GMT" time="973.523" errors="0">
  <testcase name="Partner2" time="88.620" classname="Warranty_Test_Case_Prod.Our_Partner"/>
  <testcase name="Partner6" time="74.063" classname="Warranty_Test_Case_Prod.Our_Partner"/>
  <testcase name="Partner5" time="78.092" classname="Warranty_Test_Case_Prod.Our_Partner"/>
  <testcase name="Partner6" time="68.497" classname="Warranty_Test_Case_Prod.Our_Partner"/>
  <testcase name="Partner3" time="73.190" classname="Warranty_Test_Case_Prod.Our_Partner"/>
  <testcase name="Partner4" time="91.009" classname="Warranty_Test_Case_Prod.Our_Partner"/>
  <testcase name="Partner2" time="76.286" classname="Warranty_Test_Case_Prod.Our_Partner"/>
  <testcase name="Partner1" time="74.225" classname="Warranty_Test_Case_Prod.Our_Partner"/>
  <testcase name="Partner5" time="74.520" classname="Warranty_Test_Case_Prod.Our_Partner"/>
  <testcase name="Partner4" time="75.392" classname="Warranty_Test_Case_Prod.Our_Partner"/>
  <testcase name="Partner1" time="97.911" classname="Warranty_Test_Case_Prod.Our_Partner"/>
  <testcase name="Partner3" time="101.718" classname="Warranty_Test_Case_Prod.Our_Partner"/>
</testsuite> <!-- Warranty_Test_Case_Prod.Our_Partner -->
