<?xml version="1.0" encoding="UTF-8"?>
<!-- Generated by org.testng.reporters.JUnitReportReporter -->
<testsuite hostname="DESKTOP-N7K85DJ" name="MTL_Test_Cases_Prod.Home_URL" tests="2" failures="0" timestamp="25 Jan 2022 14:00:35 GMT" time="150.163" errors="0">
  <testcase name="Footer" time="48.566" classname="MTL_Test_Cases_Prod.Home_URL"/>
  <testcase name="Footer" time="101.597" classname="MTL_Test_Cases_Prod.Home_URL"/>
</testsuite> <!-- MTL_Test_Cases_Prod.Home_URL -->
