<?xml version="1.0" encoding="UTF-8"?>
<!-- Generated by org.testng.reporters.JUnitReportReporter -->
<testsuite hostname="DESKTOP-N7K85DJ" name="AUW_Test_case_prod.AUW_CallUpdate" tests="2" failures="0" timestamp="31 Mar 2022 09:38:46 GMT" time="173.607" errors="0">
  <testcase name="main" time="51.989" classname="AUW_Test_case_prod.AUW_CallUpdate"/>
  <testcase name="main" time="121.618" classname="AUW_Test_case_prod.AUW_CallUpdate"/>
</testsuite> <!-- AUW_Test_case_prod.AUW_CallUpdate -->
