<?xml version="1.0" encoding="UTF-8"?>
<!-- Generated by org.testng.reporters.JUnitReportReporter -->
<testsuite hostname="DESKTOP-N7K85DJ" name="Promesa_Test_Case_Prod.Change_language" tests="2" failures="0" timestamp="17 Mar 2022 11:54:46 GMT" time="34.858" errors="0">
  <testcase name="Change_Language" time="21.749" classname="Promesa_Test_Case_Prod.Change_language"/>
  <testcase name="Change_Language" time="13.109" classname="Promesa_Test_Case_Prod.Change_language"/>
</testsuite> <!-- Promesa_Test_Case_Prod.Change_language -->
