<?xml version="1.0" encoding="UTF-8"?>
<!-- Generated by org.testng.reporters.JUnitReportReporter -->
<testsuite hostname="DESKTOP-N7K85DJ" name="MTL_Test_Cases_Prod.Home_URL" tests="2" failures="0" timestamp="2 Mar 2022 14:47:22 GMT" time="710.583" errors="0">
  <testcase name="Footer" time="47.821" classname="MTL_Test_Cases_Prod.Home_URL"/>
  <testcase name="Footer" time="662.762" classname="MTL_Test_Cases_Prod.Home_URL"/>
</testsuite> <!-- MTL_Test_Cases_Prod.Home_URL -->
