<?xml version="1.0" encoding="UTF-8"?>
<!-- Generated by org.testng.reporters.JUnitReportReporter -->
<testsuite hostname="DESKTOP-N7K85DJ" name="AFL_Test_Case_Prod.Footer_TC" tests="2" failures="0" timestamp="21 Mar 2022 15:42:49 GMT" time="139.604" errors="0">
  <testcase name="Footer" time="73.229" classname="AFL_Test_Case_Prod.Footer_TC"/>
  <testcase name="Footer" time="66.375" classname="AFL_Test_Case_Prod.Footer_TC"/>
</testsuite> <!-- AFL_Test_Case_Prod.Footer_TC -->
