<?xml version="1.0" encoding="UTF-8"?>
<!-- Generated by org.testng.reporters.JUnitReportReporter -->
<testsuite hostname="DESKTOP-N7K85DJ" name="Warranty_Test_Case_Prod.Our_Partner" tests="12" failures="0" timestamp="4 Mar 2022 11:36:24 GMT" time="944.738" errors="0">
  <testcase name="Partner6" time="66.579" classname="Warranty_Test_Case_Prod.Our_Partner"/>
  <testcase name="Partner5" time="65.478" classname="Warranty_Test_Case_Prod.Our_Partner"/>
  <testcase name="Partner1" time="74.644" classname="Warranty_Test_Case_Prod.Our_Partner"/>
  <testcase name="Partner2" time="74.386" classname="Warranty_Test_Case_Prod.Our_Partner"/>
  <testcase name="Partner4" time="72.373" classname="Warranty_Test_Case_Prod.Our_Partner"/>
  <testcase name="Partner2" time="102.684" classname="Warranty_Test_Case_Prod.Our_Partner"/>
  <testcase name="Partner3" time="89.401" classname="Warranty_Test_Case_Prod.Our_Partner"/>
  <testcase name="Partner1" time="96.898" classname="Warranty_Test_Case_Prod.Our_Partner"/>
  <testcase name="Partner6" time="73.716" classname="Warranty_Test_Case_Prod.Our_Partner"/>
  <testcase name="Partner5" time="73.489" classname="Warranty_Test_Case_Prod.Our_Partner"/>
  <testcase name="Partner4" time="82.727" classname="Warranty_Test_Case_Prod.Our_Partner"/>
  <testcase name="Partner3" time="72.363" classname="Warranty_Test_Case_Prod.Our_Partner"/>
</testsuite> <!-- Warranty_Test_Case_Prod.Our_Partner -->
