<?xml version="1.0" encoding="UTF-8"?>
<!-- Generated by org.testng.reporters.JUnitReportReporter -->
<testsuite hostname="DESKTOP-N7K85DJ" name="Warranty_Test_Case_Prod.Contact_US" tests="2" failures="0" timestamp="4 Mar 2022 11:36:24 GMT" time="120.923" errors="0">
  <testcase name="ContactUS" time="50.364" classname="Warranty_Test_Case_Prod.Contact_US"/>
  <testcase name="ContactUS" time="70.559" classname="Warranty_Test_Case_Prod.Contact_US"/>
</testsuite> <!-- Warranty_Test_Case_Prod.Contact_US -->
