<?xml version="1.0" encoding="UTF-8"?>
<!-- Generated by org.testng.reporters.JUnitReportReporter -->
<testsuite hostname="DESKTOP-N7K85DJ" name="AUW_Test_Case_dev.AUW_header_web_Development" tests="2" failures="0" timestamp="24 Jan 2022 11:23:12 GMT" time="152.279" errors="0">
  <testcase name="main" time="67.400" classname="AUW_Test_Case_dev.AUW_header_web_Development"/>
  <testcase name="main" time="84.879" classname="AUW_Test_Case_dev.AUW_header_web_Development"/>
</testsuite> <!-- AUW_Test_Case_dev.AUW_header_web_Development -->
