<?xml version="1.0" encoding="UTF-8"?>
<!-- Generated by org.testng.reporters.JUnitReportReporter -->
<testsuite hostname="DESKTOP-N7K85DJ" name="Warranty_Test_Case_Prod.Contact_US" tests="2" failures="0" timestamp="12 Jan 2022 15:20:27 GMT" time="324.864" errors="0">
  <testcase name="ContactUS" time="49.540" classname="Warranty_Test_Case_Prod.Contact_US"/>
  <testcase name="ContactUS" time="275.324" classname="Warranty_Test_Case_Prod.Contact_US"/>
</testsuite> <!-- Warranty_Test_Case_Prod.Contact_US -->
