<?xml version="1.0" encoding="UTF-8"?>
<!-- Generated by org.testng.reporters.JUnitReportReporter -->
<testsuite hostname="DESKTOP-N7K85DJ" name="Careers_Test_case_Development.Footer" tests="2" failures="0" timestamp="28 Dec 2021 09:27:57 GMT" time="179.616" errors="0">
  <testcase name="AUW_Footer" time="103.474" classname="Careers_Test_case_Development.Footer"/>
  <testcase name="AUW_Footer" time="76.142" classname="Careers_Test_case_Development.Footer"/>
</testsuite> <!-- Careers_Test_case_Development.Footer -->
