<?xml version="1.0" encoding="UTF-8"?>
<!-- Generated by org.testng.reporters.JUnitReportReporter -->
<testsuite hostname="DESKTOP-N7K85DJ" name="Warranty_Test_Case_Prod.About_US" tests="2" failures="0" timestamp="16 Mar 2022 12:48:23 GMT" time="119.364" errors="0">
  <testcase name="Home_page" time="77.051" classname="Warranty_Test_Case_Prod.About_US"/>
  <testcase name="Home_page" time="42.313" classname="Warranty_Test_Case_Prod.About_US"/>
</testsuite> <!-- Warranty_Test_Case_Prod.About_US -->
