<?xml version="1.0" encoding="UTF-8"?>
<!-- Generated by org.testng.reporters.JUnitReportReporter -->
<testsuite hostname="DESKTOP-N7K85DJ" name="Warranty_Test_Case_Dev.Contact_US" tests="2" failures="0" timestamp="23 Dec 2021 12:43:52 GMT" time="113.545" errors="0">
  <testcase name="ContactUS" time="58.823" classname="Warranty_Test_Case_Dev.Contact_US"/>
  <testcase name="ContactUS" time="54.722" classname="Warranty_Test_Case_Dev.Contact_US"/>
</testsuite> <!-- Warranty_Test_Case_Dev.Contact_US -->
