<?xml version="1.0" encoding="UTF-8"?>
<!-- Generated by org.testng.reporters.JUnitReportReporter -->
<testsuite hostname="DESKTOP-N7K85DJ" name="Credit_Global_Test_Cases_Dev.What_we_Do_TC" tests="2" failures="0" timestamp="18 Jan 2022 10:21:18 GMT" time="116.296" errors="0">
  <testcase name="HomePage_Header_login" time="49.097" classname="Credit_Global_Test_Cases_Dev.What_we_Do_TC"/>
  <testcase name="HomePage_Header_login" time="67.199" classname="Credit_Global_Test_Cases_Dev.What_we_Do_TC"/>
</testsuite> <!-- Credit_Global_Test_Cases_Dev.What_we_Do_TC -->
