<?xml version="1.0" encoding="UTF-8"?>
<!-- Generated by org.testng.reporters.JUnitReportReporter -->
<testsuite hostname="DESKTOP-N7K85DJ" name="Warranty_Test_Case_Prod.Contact_US" tests="2" failures="0" timestamp="5 Jan 2022 10:13:38 GMT" time="149.896" errors="0">
  <testcase name="ContactUS" time="65.506" classname="Warranty_Test_Case_Prod.Contact_US"/>
  <testcase name="ContactUS" time="84.390" classname="Warranty_Test_Case_Prod.Contact_US"/>
</testsuite> <!-- Warranty_Test_Case_Prod.Contact_US -->
