<?xml version="1.0" encoding="UTF-8"?>
<!-- Generated by org.testng.reporters.JUnitReportReporter -->
<testsuite hostname="DESKTOP-N7K85DJ" name="Warranty_Test_Case_Prod.Partner_With_US" tests="2" failures="0" timestamp="17 Mar 2022 11:54:46 GMT" time="57.535" errors="0">
  <testcase name="partner" time="21.302" classname="Warranty_Test_Case_Prod.Partner_With_US"/>
  <testcase name="partner" time="36.233" classname="Warranty_Test_Case_Prod.Partner_With_US"/>
</testsuite> <!-- Warranty_Test_Case_Prod.Partner_With_US -->
