<?xml version="1.0" encoding="UTF-8"?>
<!-- Generated by org.testng.reporters.JUnitReportReporter -->
<testsuite hostname="DESKTOP-N7K85DJ" name="AUW_Test_Case_dev.AUW_CallUpdate" tests="2" failures="0" timestamp="4 Apr 2022 06:52:09 GMT" time="111.631" errors="0">
  <testcase name="main" time="51.899" classname="AUW_Test_Case_dev.AUW_CallUpdate"/>
  <testcase name="main" time="59.732" classname="AUW_Test_Case_dev.AUW_CallUpdate"/>
</testsuite> <!-- AUW_Test_Case_dev.AUW_CallUpdate -->
