<?xml version="1.0" encoding="UTF-8"?>
<!-- Generated by org.testng.reporters.JUnitReportReporter -->
<testsuite hostname="DESKTOP-N7K85DJ" name="AUW_Test_case_prod.AUW_Intelligence_TC" tests="2" failures="0" timestamp="10 Feb 2022 16:20:34 GMT" time="303.580" errors="0">
  <testcase name="main" time="210.188" classname="AUW_Test_case_prod.AUW_Intelligence_TC"/>
  <testcase name="main" time="93.392" classname="AUW_Test_case_prod.AUW_Intelligence_TC"/>
</testsuite> <!-- AUW_Test_case_prod.AUW_Intelligence_TC -->
