<?xml version="1.0" encoding="UTF-8"?>
<!-- Generated by org.testng.reporters.JUnitReportReporter -->
<testsuite hostname="DESKTOP-N7K85DJ" name="AUW_Test_case_prod.AUW_AboutUS" tests="2" failures="0" timestamp="27 Dec 2021 15:43:57 GMT" time="143.326" errors="0">
  <testcase name="AboutUS" time="68.565" classname="AUW_Test_case_prod.AUW_AboutUS"/>
  <testcase name="AboutUS" time="74.761" classname="AUW_Test_case_prod.AUW_AboutUS"/>
</testsuite> <!-- AUW_Test_case_prod.AUW_AboutUS -->
