<?xml version="1.0" encoding="UTF-8"?>
<!-- Generated by org.testng.reporters.JUnitReportReporter -->
<testsuite hostname="DESKTOP-N7K85DJ" name="Solution_one_Development.Footer_Develop" tests="2" failures="0" timestamp="4 Apr 2022 06:52:09 GMT" time="189.388" errors="0">
  <testcase name="Footer" time="88.621" classname="Solution_one_Development.Footer_Develop"/>
  <testcase name="Footer" time="100.767" classname="Solution_one_Development.Footer_Develop"/>
</testsuite> <!-- Solution_one_Development.Footer_Develop -->
