<?xml version="1.0" encoding="UTF-8"?>
<!-- Generated by org.testng.reporters.JUnitReportReporter -->
<testsuite hostname="DESKTOP-N7K85DJ" name="Solution_one_Prod.Footer_Production" tests="2" failures="0" timestamp="16 Dec 2021 09:47:07 GMT" time="107.739" errors="0">
  <testcase name="Footer" time="56.513" classname="Solution_one_Prod.Footer_Production"/>
  <testcase name="Footer" time="51.226" classname="Solution_one_Prod.Footer_Production"/>
</testsuite> <!-- Solution_one_Prod.Footer_Production -->
