<?xml version="1.0" encoding="UTF-8"?>
<!-- Generated by org.testng.reporters.JUnitReportReporter -->
<testsuite hostname="DESKTOP-N7K85DJ" name="Speciality_underwriters_Test_Case_Dev.Contact_US_TC" tests="2" failures="0" timestamp="4 Jan 2022 11:14:57 GMT" time="57.028" errors="0">
  <testcase name="Footer" time="26.735" classname="Speciality_underwriters_Test_Case_Dev.Contact_US_TC"/>
  <testcase name="Footer" time="30.293" classname="Speciality_underwriters_Test_Case_Dev.Contact_US_TC"/>
</testsuite> <!-- Speciality_underwriters_Test_Case_Dev.Contact_US_TC -->
