<?xml version="1.0" encoding="UTF-8"?>
<!-- Generated by org.testng.reporters.JUnitReportReporter -->
<testsuite hostname="DESKTOP-N7K85DJ" name="AUW_Test_Case_dev.AUW_CallUpdate" tests="2" failures="0" timestamp="12 Apr 2022 05:27:59 GMT" time="126.620" errors="0">
  <testcase name="main" time="73.881" classname="AUW_Test_Case_dev.AUW_CallUpdate"/>
  <testcase name="main" time="52.739" classname="AUW_Test_Case_dev.AUW_CallUpdate"/>
</testsuite> <!-- AUW_Test_Case_dev.AUW_CallUpdate -->
