<?xml version="1.0" encoding="UTF-8"?>
<!-- Generated by org.testng.reporters.JUnitReportReporter -->
<testsuite hostname="DESKTOP-N7K85DJ" name="AUW_Test_case_prod.AUW_PPP" tests="2" failures="0" timestamp="15 Feb 2022 16:09:04 GMT" time="187.758" errors="0">
  <testcase name="main" time="109.674" classname="AUW_Test_case_prod.AUW_PPP"/>
  <testcase name="main" time="78.084" classname="AUW_Test_case_prod.AUW_PPP"/>
</testsuite> <!-- AUW_Test_case_prod.AUW_PPP -->
