<?xml version="1.0" encoding="UTF-8"?>
<!-- Generated by org.testng.reporters.JUnitReportReporter -->
<testsuite hostname="DESKTOP-N7K85DJ" name="Warranty_Test_Case_Dev.Partner_With_US" tests="2" failures="0" timestamp="23 Dec 2021 12:43:52 GMT" time="49.488" errors="0">
  <testcase name="partner" time="23.548" classname="Warranty_Test_Case_Dev.Partner_With_US"/>
  <testcase name="partner" time="25.940" classname="Warranty_Test_Case_Dev.Partner_With_US"/>
</testsuite> <!-- Warranty_Test_Case_Dev.Partner_With_US -->
