<?xml version="1.0" encoding="UTF-8"?>
<!-- Generated by org.testng.reporters.JUnitReportReporter -->
<testsuite hostname="DESKTOP-N7K85DJ" name="Careers_Test_case_Prod.Footer" tests="10" failures="0" timestamp="28 Feb 2022 16:18:05 GMT" time="214.003" errors="0">
  <testcase name="AUW_Facebook" time="25.792" classname="Careers_Test_case_Prod.Footer"/>
  <testcase name="AUW_Instagram" time="15.408" classname="Careers_Test_case_Prod.Footer"/>
  <testcase name="AUW_twitter" time="23.179" classname="Careers_Test_case_Prod.Footer"/>
  <testcase name="AUW_Linkedin" time="16.647" classname="Careers_Test_case_Prod.Footer"/>
  <testcase name="AUW_Facebook" time="22.684" classname="Careers_Test_case_Prod.Footer"/>
  <testcase name="AUW_Linkedin" time="15.977" classname="Careers_Test_case_Prod.Footer"/>
  <testcase name="AUW_Policy" time="28.798" classname="Careers_Test_case_Prod.Footer"/>
  <testcase name="AUW_twitter" time="18.371" classname="Careers_Test_case_Prod.Footer"/>
  <testcase name="AUW_Instagram" time="15.936" classname="Careers_Test_case_Prod.Footer"/>
  <testcase name="AUW_Policy" time="31.211" classname="Careers_Test_case_Prod.Footer"/>
</testsuite> <!-- Careers_Test_case_Prod.Footer -->
