<?xml version="1.0" encoding="UTF-8"?>
<!-- Generated by org.testng.reporters.JUnitReportReporter -->
<testsuite hostname="DESKTOP-N7K85DJ" name="AUW_Test_Case_dev.AUW_NJ_Update" tests="2" failures="0" timestamp="4 Mar 2022 12:50:00 GMT" time="121.814" errors="0">
  <testcase name="main" time="67.945" classname="AUW_Test_Case_dev.AUW_NJ_Update"/>
  <testcase name="main" time="53.869" classname="AUW_Test_Case_dev.AUW_NJ_Update"/>
</testsuite> <!-- AUW_Test_Case_dev.AUW_NJ_Update -->
