<?xml version="1.0" encoding="UTF-8"?>
<!-- Generated by org.testng.reporters.JUnitReportReporter -->
<testsuite hostname="DESKTOP-N7K85DJ" name="AUW_Test_case_prod.AUW_NJ_Update" tests="2" failures="0" timestamp="5 May 2022 09:54:47 GMT" time="155.370" errors="0">
  <testcase name="main" time="49.790" classname="AUW_Test_case_prod.AUW_NJ_Update"/>
  <testcase name="main" time="105.580" classname="AUW_Test_case_prod.AUW_NJ_Update"/>
</testsuite> <!-- AUW_Test_case_prod.AUW_NJ_Update -->
