<?xml version="1.0" encoding="UTF-8"?>
<!-- Generated by org.testng.reporters.JUnitReportReporter -->
<testsuite hostname="DESKTOP-N7K85DJ" name="AUW_Test_Case_dev.AUW_Footer_Development" tests="1" failures="0" timestamp="9 Jun 2022 14:42:54 GMT" time="82.974" errors="0">
  <testcase name="AUW_Footer" time="82.974" classname="AUW_Test_Case_dev.AUW_Footer_Development"/>
</testsuite> <!-- AUW_Test_Case_dev.AUW_Footer_Development -->
