<?xml version="1.0" encoding="UTF-8"?>
<!-- Generated by org.testng.reporters.JUnitReportReporter -->
<testsuite hostname="DESKTOP-N7K85DJ" name="Promesa_Test_Case_Development.Side_Heading_One" tests="1" failures="0" timestamp="18 Jan 2022 10:21:18 GMT" time="40.652" errors="0">
  <testcase name="Side_Heading_One" time="40.652" classname="Promesa_Test_Case_Development.Side_Heading_One"/>
</testsuite> <!-- Promesa_Test_Case_Development.Side_Heading_One -->
