<?xml version="1.0" encoding="UTF-8"?>
<!-- Generated by org.testng.reporters.JUnitReportReporter -->
<testsuite hostname="DESKTOP-N7K85DJ" name="AFL_Test_Case_Prod.Footer_TC" tests="2" failures="0" timestamp="4 Feb 2022 10:36:28 GMT" time="229.257" errors="0">
  <testcase name="Footer" time="78.774" classname="AFL_Test_Case_Prod.Footer_TC"/>
  <testcase name="Footer" time="150.483" classname="AFL_Test_Case_Prod.Footer_TC"/>
</testsuite> <!-- AFL_Test_Case_Prod.Footer_TC -->
