<?xml version="1.0" encoding="UTF-8"?>
<!-- Generated by org.testng.reporters.JUnitReportReporter -->
<testsuite hostname="DESKTOP-N7K85DJ" name="Warranty_Test_Case_Dev.Our_Partner" tests="6" failures="0" timestamp="9 Jun 2022 14:42:54 GMT" time="522.358" errors="0">
  <testcase name="Partner3" time="85.979" classname="Warranty_Test_Case_Dev.Our_Partner"/>
  <testcase name="Partner6" time="87.864" classname="Warranty_Test_Case_Dev.Our_Partner"/>
  <testcase name="Partner5" time="85.787" classname="Warranty_Test_Case_Dev.Our_Partner"/>
  <testcase name="Partner4" time="88.828" classname="Warranty_Test_Case_Dev.Our_Partner"/>
  <testcase name="Partner2" time="90.251" classname="Warranty_Test_Case_Dev.Our_Partner"/>
  <testcase name="Partner1" time="83.649" classname="Warranty_Test_Case_Dev.Our_Partner"/>
</testsuite> <!-- Warranty_Test_Case_Dev.Our_Partner -->
