<?xml version="1.0" encoding="UTF-8"?>
<!-- Generated by org.testng.reporters.JUnitReportReporter -->
<testsuite hostname="DESKTOP-N7K85DJ" name="AUW_Test_case_prod.AUW_CallUpdate" tests="2" failures="0" timestamp="22 Apr 2022 10:04:10 GMT" time="128.514" errors="0">
  <testcase name="main" time="76.010" classname="AUW_Test_case_prod.AUW_CallUpdate"/>
  <testcase name="main" time="52.504" classname="AUW_Test_case_prod.AUW_CallUpdate"/>
</testsuite> <!-- AUW_Test_case_prod.AUW_CallUpdate -->
