<?xml version="1.0" encoding="UTF-8"?>
<!-- Generated by org.testng.reporters.JUnitReportReporter -->
<testsuite hostname="DESKTOP-N7K85DJ" name="Solution_one_Prod.Footer_Production" tests="2" failures="0" timestamp="14 Mar 2022 12:23:09 GMT" time="120.581" errors="0">
  <testcase name="Footer" time="58.823" classname="Solution_one_Prod.Footer_Production"/>
  <testcase name="Footer" time="61.758" classname="Solution_one_Prod.Footer_Production"/>
</testsuite> <!-- Solution_one_Prod.Footer_Production -->
