<?xml version="1.0" encoding="UTF-8"?>
<!-- Generated by org.testng.reporters.JUnitReportReporter -->
<testsuite hostname="DESKTOP-N7K85DJ" name="Adler_TestCases_Prod.News" tests="2" failures="0" timestamp="11 Mar 2022 13:55:32 GMT" time="373.790" errors="0">
  <testcase name="main_Home_Page" time="140.224" classname="Adler_TestCases_Prod.News"/>
  <testcase name="main_Home_Page" time="233.566" classname="Adler_TestCases_Prod.News"/>
</testsuite> <!-- Adler_TestCases_Prod.News -->
