<?xml version="1.0" encoding="UTF-8"?>
<!-- Generated by org.testng.reporters.JUnitReportReporter -->
<testsuite hostname="DESKTOP-N7K85DJ" name="Warranty_Test_Case_Dev.Contact_US" tests="2" failures="0" timestamp="9 Dec 2021 11:12:25 GMT" time="91.187" errors="0">
  <testcase name="ContactUS" time="47.709" classname="Warranty_Test_Case_Dev.Contact_US"/>
  <testcase name="ContactUS" time="43.478" classname="Warranty_Test_Case_Dev.Contact_US"/>
</testsuite> <!-- Warranty_Test_Case_Dev.Contact_US -->
