<?xml version="1.0" encoding="UTF-8"?>
<!-- Generated by org.testng.reporters.JUnitReportReporter -->
<testsuite hostname="DESKTOP-N7K85DJ" name="JumboGC_Test_case_Devlopment.Header_footer" tests="10" failures="0" timestamp="4 Apr 2022 06:52:09 GMT" time="486.917" errors="0">
  <testcase name="Footer_linkedIN" time="43.863" classname="JumboGC_Test_case_Devlopment.Header_footer"/>
  <testcase name="Footer_linkedIN" time="53.334" classname="JumboGC_Test_case_Devlopment.Header_footer"/>
  <testcase name="Header_Login" time="35.826" classname="JumboGC_Test_case_Devlopment.Header_footer"/>
  <testcase name="Footer_Instagram" time="45.615" classname="JumboGC_Test_case_Devlopment.Header_footer"/>
  <testcase name="Header_Login" time="36.797" classname="JumboGC_Test_case_Devlopment.Header_footer"/>
  <testcase name="Footer_Privacy" time="65.843" classname="JumboGC_Test_case_Devlopment.Header_footer"/>
  <testcase name="Footer_Facebook" time="54.380" classname="JumboGC_Test_case_Devlopment.Header_footer"/>
  <testcase name="Footer_Instagram" time="52.059" classname="JumboGC_Test_case_Devlopment.Header_footer"/>
  <testcase name="Footer_Privacy" time="57.272" classname="JumboGC_Test_case_Devlopment.Header_footer"/>
  <testcase name="Footer_Facebook" time="41.928" classname="JumboGC_Test_case_Devlopment.Header_footer"/>
</testsuite> <!-- JumboGC_Test_case_Devlopment.Header_footer -->
