<?xml version="1.0" encoding="UTF-8"?>
<!-- Generated by org.testng.reporters.JUnitReportReporter -->
<testsuite hostname="DESKTOP-N7K85DJ" name="Speciality_underwriters_Test_Case_Dev.What_We_offer" tests="2" failures="0" timestamp="4 Jan 2022 11:14:57 GMT" time="101.367" errors="0">
  <testcase name="Footer" time="54.782" classname="Speciality_underwriters_Test_Case_Dev.What_We_offer"/>
  <testcase name="Footer" time="46.585" classname="Speciality_underwriters_Test_Case_Dev.What_We_offer"/>
</testsuite> <!-- Speciality_underwriters_Test_Case_Dev.What_We_offer -->
