<?xml version="1.0" encoding="UTF-8"?>
<!-- Generated by org.testng.reporters.JUnitReportReporter -->
<testsuite hostname="DESKTOP-N7K85DJ" name="Warranty_Test_Case_Dev.About_US" tests="2" failures="0" timestamp="8 Mar 2022 10:47:11 GMT" time="95.396" errors="0">
  <testcase name="Home_page" time="52.278" classname="Warranty_Test_Case_Dev.About_US"/>
  <testcase name="Home_page" time="43.118" classname="Warranty_Test_Case_Dev.About_US"/>
</testsuite> <!-- Warranty_Test_Case_Dev.About_US -->
