<?xml version="1.0" encoding="UTF-8"?>
<!-- Generated by org.testng.reporters.JUnitReportReporter -->
<testsuite hostname="DESKTOP-N7K85DJ" name="Speciality_underwriters_Test_Case_Prod.Home_TC" tests="2" failures="0" timestamp="23 May 2022 09:46:44 GMT" time="60.055" errors="0">
  <testcase name="Footer" time="32.211" classname="Speciality_underwriters_Test_Case_Prod.Home_TC"/>
  <testcase name="Footer" time="27.844" classname="Speciality_underwriters_Test_Case_Prod.Home_TC"/>
</testsuite> <!-- Speciality_underwriters_Test_Case_Prod.Home_TC -->
