<?xml version="1.0" encoding="UTF-8"?>
<!-- Generated by org.testng.reporters.JUnitReportReporter -->
<testsuite hostname="DESKTOP-N7K85DJ" name="Speciality_underwriters_Test_Case_Dev.What_We_offer" tests="2" failures="0" timestamp="16 Dec 2021 13:45:35 GMT" time="91.110" errors="0">
  <testcase name="Footer" time="43.105" classname="Speciality_underwriters_Test_Case_Dev.What_We_offer"/>
  <testcase name="Footer" time="48.005" classname="Speciality_underwriters_Test_Case_Dev.What_We_offer"/>
</testsuite> <!-- Speciality_underwriters_Test_Case_Dev.What_We_offer -->
