<?xml version="1.0" encoding="UTF-8"?>
<!-- Generated by org.testng.reporters.JUnitReportReporter -->
<testsuite hostname="DESKTOP-N7K85DJ" name="Warranty_Test_Case_Prod.Contact_US" tests="2" failures="0" timestamp="8 Apr 2022 08:47:38 GMT" time="154.350" errors="0">
  <testcase name="ContactUS" time="103.686" classname="Warranty_Test_Case_Prod.Contact_US"/>
  <testcase name="ContactUS" time="50.664" classname="Warranty_Test_Case_Prod.Contact_US"/>
</testsuite> <!-- Warranty_Test_Case_Prod.Contact_US -->
