<?xml version="1.0" encoding="UTF-8"?>
<!-- Generated by org.testng.reporters.JUnitReportReporter -->
<testsuite hostname="DESKTOP-N7K85DJ" name="Warranty_Test_Case_Prod.About_US" tests="2" failures="0" timestamp="1 Apr 2022 11:34:41 GMT" time="83.273" errors="0">
  <testcase name="Home_page" time="41.775" classname="Warranty_Test_Case_Prod.About_US"/>
  <testcase name="Home_page" time="41.498" classname="Warranty_Test_Case_Prod.About_US"/>
</testsuite> <!-- Warranty_Test_Case_Prod.About_US -->
