<?xml version="1.0" encoding="UTF-8"?>
<!-- Generated by org.testng.reporters.JUnitReportReporter -->
<testsuite hostname="DESKTOP-N7K85DJ" name="Promesa_Test_Case_Prod.Change_language" tests="2" failures="0" timestamp="1 Mar 2022 12:40:42 GMT" time="27.915" errors="0">
  <testcase name="Change_Language" time="14.194" classname="Promesa_Test_Case_Prod.Change_language"/>
  <testcase name="Change_Language" time="13.721" classname="Promesa_Test_Case_Prod.Change_language"/>
</testsuite> <!-- Promesa_Test_Case_Prod.Change_language -->
