<?xml version="1.0" encoding="UTF-8"?>
<!-- Generated by org.testng.reporters.JUnitReportReporter -->
<testsuite hostname="DESKTOP-N7K85DJ" name="Warranty_Test_Case_Dev.Contact_US" tests="2" failures="0" timestamp="17 Feb 2022 14:18:50 GMT" time="149.869" errors="0">
  <testcase name="ContactUS" time="67.827" classname="Warranty_Test_Case_Dev.Contact_US"/>
  <testcase name="ContactUS" time="82.042" classname="Warranty_Test_Case_Dev.Contact_US"/>
</testsuite> <!-- Warranty_Test_Case_Dev.Contact_US -->
