<?xml version="1.0" encoding="UTF-8"?>
<!-- Generated by org.testng.reporters.JUnitReportReporter -->
<testsuite hostname="DESKTOP-N7K85DJ" name="Careers_Test_case_Prod.Footer" tests="10" failures="0" timestamp="25 Apr 2022 10:19:01 GMT" time="393.569" errors="0">
  <testcase name="AUW_twitter" time="21.517" classname="Careers_Test_case_Prod.Footer"/>
  <testcase name="AUW_Policy" time="34.668" classname="Careers_Test_case_Prod.Footer"/>
  <testcase name="AUW_Instagram" time="20.227" classname="Careers_Test_case_Prod.Footer"/>
  <testcase name="AUW_Facebook" time="29.855" classname="Careers_Test_case_Prod.Footer"/>
  <testcase name="AUW_Policy" time="58.104" classname="Careers_Test_case_Prod.Footer"/>
  <testcase name="AUW_Linkedin" time="19.088" classname="Careers_Test_case_Prod.Footer"/>
  <testcase name="AUW_Instagram" time="80.558" classname="Careers_Test_case_Prod.Footer"/>
  <testcase name="AUW_Facebook" time="25.859" classname="Careers_Test_case_Prod.Footer"/>
  <testcase name="AUW_twitter" time="67.548" classname="Careers_Test_case_Prod.Footer"/>
  <testcase name="AUW_Linkedin" time="36.145" classname="Careers_Test_case_Prod.Footer"/>
</testsuite> <!-- Careers_Test_case_Prod.Footer -->
