<?xml version="1.0" encoding="UTF-8"?>
<!-- Generated by org.testng.reporters.JUnitReportReporter -->
<testsuite hostname="DESKTOP-N7K85DJ" name="AUW_Test_case_prod.AUW_CallUpdate" tests="2" failures="0" timestamp="7 Mar 2022 11:16:52 GMT" time="190.529" errors="0">
  <testcase name="main" time="53.629" classname="AUW_Test_case_prod.AUW_CallUpdate"/>
  <testcase name="main" time="136.900" classname="AUW_Test_case_prod.AUW_CallUpdate"/>
</testsuite> <!-- AUW_Test_case_prod.AUW_CallUpdate -->
