<?xml version="1.0" encoding="UTF-8"?>
<!-- Generated by org.testng.reporters.JUnitReportReporter -->
<testsuite hostname="DESKTOP-N7K85DJ" name="AUW_Test_case_prod.AUW_CallUpdate" tests="2" failures="0" timestamp="22 Mar 2022 09:50:23 GMT" time="195.638" errors="0">
  <testcase name="main" time="144.166" classname="AUW_Test_case_prod.AUW_CallUpdate"/>
  <testcase name="main" time="51.472" classname="AUW_Test_case_prod.AUW_CallUpdate"/>
</testsuite> <!-- AUW_Test_case_prod.AUW_CallUpdate -->
