<?xml version="1.0" encoding="UTF-8"?>
<!-- Generated by org.testng.reporters.JUnitReportReporter -->
<testsuite hostname="DESKTOP-N7K85DJ" name="Promesa_Test_Case_Prod.Footer" tests="10" failures="0" timestamp="27 Dec 2021 15:43:57 GMT" time="200.687" errors="0">
  <testcase name="Footer_instagram" time="11.584" classname="Promesa_Test_Case_Prod.Footer"/>
  <testcase name="Footer_twitter" time="14.030" classname="Promesa_Test_Case_Prod.Footer"/>
  <testcase name="Footer_instagram" time="17.243" classname="Promesa_Test_Case_Prod.Footer"/>
  <testcase name="Footer_facebook" time="24.682" classname="Promesa_Test_Case_Prod.Footer"/>
  <testcase name="Footer_linkedin" time="11.770" classname="Promesa_Test_Case_Prod.Footer"/>
  <testcase name="Footer_facebook" time="29.509" classname="Promesa_Test_Case_Prod.Footer"/>
  <testcase name="Footer_PrivacyPolicy" time="27.220" classname="Promesa_Test_Case_Prod.Footer"/>
  <testcase name="Footer_PrivacyPolicy" time="30.633" classname="Promesa_Test_Case_Prod.Footer"/>
  <testcase name="Footer_linkedin" time="16.544" classname="Promesa_Test_Case_Prod.Footer"/>
  <testcase name="Footer_twitter" time="17.472" classname="Promesa_Test_Case_Prod.Footer"/>
</testsuite> <!-- Promesa_Test_Case_Prod.Footer -->
