<?xml version="1.0" encoding="UTF-8"?>
<!-- Generated by org.testng.reporters.JUnitReportReporter -->
<testsuite hostname="DESKTOP-N7K85DJ" name="Adler_TestCases_Development.News" tests="2" failures="0" timestamp="10 Feb 2022 13:28:21 GMT" time="429.769" errors="0">
  <testcase name="main_Home_Page" time="183.306" classname="Adler_TestCases_Development.News"/>
  <testcase name="main_Home_Page" time="246.463" classname="Adler_TestCases_Development.News"/>
</testsuite> <!-- Adler_TestCases_Development.News -->
