<?xml version="1.0" encoding="UTF-8"?>
<!-- Generated by org.testng.reporters.JUnitReportReporter -->
<testsuite hostname="DESKTOP-N7K85DJ" name="Warranty_Test_Case_Prod.About_US" tests="2" failures="0" timestamp="25 Apr 2022 10:19:02 GMT" time="98.354" errors="0">
  <testcase name="Home_page" time="53.719" classname="Warranty_Test_Case_Prod.About_US"/>
  <testcase name="Home_page" time="44.635" classname="Warranty_Test_Case_Prod.About_US"/>
</testsuite> <!-- Warranty_Test_Case_Prod.About_US -->
