<?xml version="1.0" encoding="UTF-8"?>
<!-- Generated by org.testng.reporters.JUnitReportReporter -->
<testsuite hostname="DESKTOP-N7K85DJ" name="AUW_Test_Case_dev.AUW_Experience" tests="1" failures="0" timestamp="23 Feb 2022 14:54:09 GMT" time="415.839" errors="0">
  <testcase name="main" time="415.839" classname="AUW_Test_Case_dev.AUW_Experience"/>
</testsuite> <!-- AUW_Test_Case_dev.AUW_Experience -->
