<?xml version="1.0" encoding="UTF-8"?>
<!-- Generated by org.testng.reporters.JUnitReportReporter -->
<testsuite hostname="DESKTOP-N7K85DJ" name="AUW_Test_case_prod.AUW_Intelligence_TC" tests="2" failures="0" timestamp="21 Mar 2022 16:07:43 GMT" time="183.511" errors="0">
  <testcase name="main" time="85.447" classname="AUW_Test_case_prod.AUW_Intelligence_TC"/>
  <testcase name="main" time="98.064" classname="AUW_Test_case_prod.AUW_Intelligence_TC"/>
</testsuite> <!-- AUW_Test_case_prod.AUW_Intelligence_TC -->
