<?xml version="1.0" encoding="UTF-8"?>
<!-- Generated by org.testng.reporters.JUnitReportReporter -->
<testsuite hostname="DESKTOP-N7K85DJ" name="Adler_TestCases_Prod.Home" tests="2" failures="0" timestamp="8 Mar 2022 09:14:17 GMT" time="127.728" errors="0">
  <testcase name="main_Home_Page" time="95.693" classname="Adler_TestCases_Prod.Home"/>
  <testcase name="main_Home_Page" time="32.035" classname="Adler_TestCases_Prod.Home"/>
</testsuite> <!-- Adler_TestCases_Prod.Home -->
