<?xml version="1.0" encoding="UTF-8"?>
<!-- Generated by org.testng.reporters.JUnitReportReporter -->
<testsuite hostname="DESKTOP-N7K85DJ" name="Casuality_Dev_TC.Menu_Contact_Us" tests="2" failures="0" timestamp="14 Feb 2022 11:13:18 GMT" time="80.649" errors="0">
  <testcase name="HomePage" time="32.569" classname="Casuality_Dev_TC.Menu_Contact_Us"/>
  <testcase name="HomePage" time="48.080" classname="Casuality_Dev_TC.Menu_Contact_Us"/>
</testsuite> <!-- Casuality_Dev_TC.Menu_Contact_Us -->
