<?xml version="1.0" encoding="UTF-8"?>
<!-- Generated by org.testng.reporters.JUnitReportReporter -->
<testsuite hostname="DESKTOP-N7K85DJ" name="Promesa_Test_Case_Prod.Change_language" tests="2" failures="0" timestamp="9 Dec 2021 13:26:34 GMT" time="19.731" errors="0">
  <testcase name="Change_Language" time="6.867" classname="Promesa_Test_Case_Prod.Change_language"/>
  <testcase name="Change_Language" time="12.864" classname="Promesa_Test_Case_Prod.Change_language"/>
</testsuite> <!-- Promesa_Test_Case_Prod.Change_language -->
