<?xml version="1.0" encoding="UTF-8"?>
<!-- Generated by org.testng.reporters.JUnitReportReporter -->
<testsuite hostname="DESKTOP-N7K85DJ" name="AUW_Test_Case_dev.AUW_CallUpdate" tests="2" failures="0" timestamp="14 Dec 2021 11:47:24 GMT" time="99.088" errors="0">
  <testcase name="main" time="47.433" classname="AUW_Test_Case_dev.AUW_CallUpdate"/>
  <testcase name="main" time="51.655" classname="AUW_Test_Case_dev.AUW_CallUpdate"/>
</testsuite> <!-- AUW_Test_Case_dev.AUW_CallUpdate -->
