<?xml version="1.0" encoding="UTF-8"?>
<!-- Generated by org.testng.reporters.JUnitReportReporter -->
<testsuite hostname="DESKTOP-N7K85DJ" name="AUW_Test_Case_dev.AUW_CallUpdate" tests="2" failures="0" timestamp="9 Dec 2021 11:12:25 GMT" time="98.835" errors="0">
  <testcase name="main" time="47.413" classname="AUW_Test_Case_dev.AUW_CallUpdate"/>
  <testcase name="main" time="51.422" classname="AUW_Test_Case_dev.AUW_CallUpdate"/>
</testsuite> <!-- AUW_Test_Case_dev.AUW_CallUpdate -->
