<?xml version="1.0" encoding="UTF-8"?>
<!-- Generated by org.testng.reporters.JUnitReportReporter -->
<testsuite hostname="DESKTOP-N7K85DJ" name="Adler_TestCases_Prod.Home" tests="2" failures="0" timestamp="30 Mar 2022 06:35:29 GMT" time="118.548" errors="0">
  <testcase name="main_Home_Page" time="35.533" classname="Adler_TestCases_Prod.Home"/>
  <testcase name="main_Home_Page" time="83.015" classname="Adler_TestCases_Prod.Home"/>
</testsuite> <!-- Adler_TestCases_Prod.Home -->
