<?xml version="1.0" encoding="UTF-8"?>
<!-- Generated by org.testng.reporters.JUnitReportReporter -->
<testsuite hostname="DESKTOP-N7K85DJ" name="Solution_one_Prod.Footer_Production" tests="2" failures="0" timestamp="8 Mar 2022 09:14:16 GMT" time="243.017" errors="0">
  <testcase name="Footer" time="61.983" classname="Solution_one_Prod.Footer_Production"/>
  <testcase name="Footer" time="181.034" classname="Solution_one_Prod.Footer_Production"/>
</testsuite> <!-- Solution_one_Prod.Footer_Production -->
