<?xml version="1.0" encoding="UTF-8"?>
<!-- Generated by org.testng.reporters.JUnitReportReporter -->
<testsuite hostname="DESKTOP-N7K85DJ" name="Tradewel_Test_Cases_Production.About_US" tests="2" failures="0" timestamp="4 Mar 2022 11:36:24 GMT" time="85.751" errors="0">
  <testcase name="main_Home_Page" time="43.017" classname="Tradewel_Test_Cases_Production.About_US"/>
  <testcase name="main_Home_Page" time="42.734" classname="Tradewel_Test_Cases_Production.About_US"/>
</testsuite> <!-- Tradewel_Test_Cases_Production.About_US -->
