<?xml version="1.0" encoding="UTF-8"?>
<!-- Generated by org.testng.reporters.JUnitReportReporter -->
<testsuite hostname="DESKTOP-N7K85DJ" name="Casuality_Dev_TC.Home_page" tests="2" failures="0" timestamp="21 Feb 2022 15:12:15 GMT" time="187.343" errors="0">
  <testcase name="HomePage" time="89.606" classname="Casuality_Dev_TC.Home_page"/>
  <testcase name="HomePage" time="97.737" classname="Casuality_Dev_TC.Home_page"/>
</testsuite> <!-- Casuality_Dev_TC.Home_page -->
