<?xml version="1.0" encoding="UTF-8"?>
<!-- Generated by org.testng.reporters.JUnitReportReporter -->
<testsuite hostname="DESKTOP-N7K85DJ" name="AUW_Test_case_prod.AUW_NJ_Update" tests="2" failures="0" timestamp="17 Feb 2022 12:40:42 GMT" time="256.921" errors="0">
  <testcase name="main" time="196.851" classname="AUW_Test_case_prod.AUW_NJ_Update"/>
  <testcase name="main" time="60.070" classname="AUW_Test_case_prod.AUW_NJ_Update"/>
</testsuite> <!-- AUW_Test_case_prod.AUW_NJ_Update -->
