<?xml version="1.0" encoding="UTF-8"?>
<!-- Generated by org.testng.reporters.JUnitReportReporter -->
<testsuite hostname="DESKTOP-N7K85DJ" name="Adler_TestCases_Development.News" tests="2" failures="0" timestamp="14 Jan 2022 10:44:33 GMT" time="376.217" errors="0">
  <testcase name="main_Home_Page" time="213.573" classname="Adler_TestCases_Development.News"/>
  <testcase name="main_Home_Page" time="162.644" classname="Adler_TestCases_Development.News"/>
</testsuite> <!-- Adler_TestCases_Development.News -->
