<?xml version="1.0" encoding="UTF-8"?>
<!-- Generated by org.testng.reporters.JUnitReportReporter -->
<testsuite hostname="DESKTOP-N7K85DJ" name="MTL_Test_Cases_Prod.Home_URL" tests="2" failures="0" timestamp="23 Feb 2022 11:40:24 GMT" time="125.154" errors="0">
  <testcase name="Footer" time="50.120" classname="MTL_Test_Cases_Prod.Home_URL"/>
  <testcase name="Footer" time="75.034" classname="MTL_Test_Cases_Prod.Home_URL"/>
</testsuite> <!-- MTL_Test_Cases_Prod.Home_URL -->
