<?xml version="1.0" encoding="UTF-8"?>
<!-- Generated by org.testng.reporters.JUnitReportReporter -->
<testsuite hostname="DESKTOP-N7K85DJ" name="Promesa_Test_Case_Development.Footer" tests="2" failures="0" timestamp="21 Feb 2022 15:12:16 GMT" time="189.550" errors="0">
  <testcase name="Footer" time="89.578" classname="Promesa_Test_Case_Development.Footer"/>
  <testcase name="Footer" time="99.972" classname="Promesa_Test_Case_Development.Footer"/>
</testsuite> <!-- Promesa_Test_Case_Development.Footer -->
