<?xml version="1.0" encoding="UTF-8"?>
<!-- Generated by org.testng.reporters.JUnitReportReporter -->
<testsuite hostname="DESKTOP-N7K85DJ" name="Careers_Test_case_Prod.Footer" tests="10" failures="0" timestamp="27 Apr 2022 11:15:08 GMT" time="395.143" errors="0">
  <testcase name="AUW_Policy" time="49.312" classname="Careers_Test_case_Prod.Footer"/>
  <testcase name="AUW_Instagram" time="19.488" classname="Careers_Test_case_Prod.Footer"/>
  <testcase name="AUW_twitter" time="22.130" classname="Careers_Test_case_Prod.Footer"/>
  <testcase name="AUW_twitter" time="92.643" classname="Careers_Test_case_Prod.Footer"/>
  <testcase name="AUW_Policy" time="33.506" classname="Careers_Test_case_Prod.Footer"/>
  <testcase name="AUW_Facebook" time="27.658" classname="Careers_Test_case_Prod.Footer"/>
  <testcase name="AUW_Instagram" time="39.904" classname="Careers_Test_case_Prod.Footer"/>
  <testcase name="AUW_Linkedin" time="20.676" classname="Careers_Test_case_Prod.Footer"/>
  <testcase name="AUW_Facebook" time="61.398" classname="Careers_Test_case_Prod.Footer"/>
  <testcase name="AUW_Linkedin" time="28.428" classname="Careers_Test_case_Prod.Footer"/>
</testsuite> <!-- Careers_Test_case_Prod.Footer -->
