<?xml version="1.0" encoding="UTF-8"?>
<!-- Generated by org.testng.reporters.JUnitReportReporter -->
<testsuite hostname="DESKTOP-N7K85DJ" name="AUW_Test_case_prod.AUW_CallUpdate" tests="2" failures="0" timestamp="7 Feb 2022 13:48:17 GMT" time="164.714" errors="0">
  <testcase name="main" time="112.289" classname="AUW_Test_case_prod.AUW_CallUpdate"/>
  <testcase name="main" time="52.425" classname="AUW_Test_case_prod.AUW_CallUpdate"/>
</testsuite> <!-- AUW_Test_case_prod.AUW_CallUpdate -->
