<?xml version="1.0" encoding="UTF-8"?>
<!-- Generated by org.testng.reporters.JUnitReportReporter -->
<testsuite hostname="DESKTOP-N7K85DJ" name="Solution_one_Prod.Footer_Production" tests="2" failures="0" timestamp="4 Feb 2022 10:36:28 GMT" time="234.449" errors="0">
  <testcase name="Footer" time="162.188" classname="Solution_one_Prod.Footer_Production"/>
  <testcase name="Footer" time="72.261" classname="Solution_one_Prod.Footer_Production"/>
</testsuite> <!-- Solution_one_Prod.Footer_Production -->
