<?xml version="1.0" encoding="UTF-8"?>
<!-- Generated by org.testng.reporters.JUnitReportReporter -->
<testsuite hostname="DESKTOP-N7K85DJ" name="Casuality_Dev_TC.Menu_Our_Carriers" tests="2" failures="0" timestamp="8 Mar 2022 10:47:11 GMT" time="109.123" errors="0">
  <testcase name="Carriers" time="65.884" classname="Casuality_Dev_TC.Menu_Our_Carriers"/>
  <testcase name="Carriers" time="43.239" classname="Casuality_Dev_TC.Menu_Our_Carriers"/>
</testsuite> <!-- Casuality_Dev_TC.Menu_Our_Carriers -->
