<?xml version="1.0" encoding="UTF-8"?>
<!-- Generated by org.testng.reporters.JUnitReportReporter -->
<testsuite hostname="DESKTOP-N7K85DJ" name="AUW_Test_case_prod.AUW_CallUpdate" tests="2" failures="0" timestamp="25 Apr 2022 10:19:01 GMT" time="201.222" errors="0">
  <testcase name="main" time="106.945" classname="AUW_Test_case_prod.AUW_CallUpdate"/>
  <testcase name="main" time="94.277" classname="AUW_Test_case_prod.AUW_CallUpdate"/>
</testsuite> <!-- AUW_Test_case_prod.AUW_CallUpdate -->
