<?xml version="1.0" encoding="UTF-8"?>
<!-- Generated by org.testng.reporters.JUnitReportReporter -->
<testsuite hostname="DESKTOP-N7K85DJ" name="MTL_Test_Cases_Prod.More_offers_TC" tests="2" failures="0" timestamp="9 Mar 2022 15:47:56 GMT" time="118.693" errors="0">
  <testcase name="More_offers" time="47.277" classname="MTL_Test_Cases_Prod.More_offers_TC"/>
  <testcase name="More_offers" time="71.416" classname="MTL_Test_Cases_Prod.More_offers_TC"/>
</testsuite> <!-- MTL_Test_Cases_Prod.More_offers_TC -->
