<?xml version="1.0" encoding="UTF-8"?>
<!-- Generated by org.testng.reporters.JUnitReportReporter -->
<testsuite hostname="DESKTOP-N7K85DJ" name="AFL_Test_Case_Prod.Footer_TC" tests="2" failures="0" timestamp="10 Feb 2022 16:20:34 GMT" time="193.803" errors="0">
  <testcase name="Footer" time="85.607" classname="AFL_Test_Case_Prod.Footer_TC"/>
  <testcase name="Footer" time="108.196" classname="AFL_Test_Case_Prod.Footer_TC"/>
</testsuite> <!-- AFL_Test_Case_Prod.Footer_TC -->
