<?xml version="1.0" encoding="UTF-8"?>
<!-- Generated by org.testng.reporters.JUnitReportReporter -->
<testsuite hostname="DESKTOP-N7K85DJ" name="Casuality_Dev_TC.Menu_About_US" tests="2" failures="0" timestamp="4 Mar 2022 12:50:00 GMT" time="119.723" errors="0">
  <testcase name="HomePage" time="71.425" classname="Casuality_Dev_TC.Menu_About_US"/>
  <testcase name="HomePage" time="48.298" classname="Casuality_Dev_TC.Menu_About_US"/>
</testsuite> <!-- Casuality_Dev_TC.Menu_About_US -->
