<?xml version="1.0" encoding="UTF-8"?>
<!-- Generated by org.testng.reporters.JUnitReportReporter -->
<testsuite hostname="DESKTOP-N7K85DJ" name="Warranty_Test_Case_Prod.Our_Partner" tests="12" failures="0" timestamp="27 Jan 2022 13:33:16 GMT" time="1012.580" errors="0">
  <testcase name="Partner1" time="86.610" classname="Warranty_Test_Case_Prod.Our_Partner"/>
  <testcase name="Partner4" time="80.288" classname="Warranty_Test_Case_Prod.Our_Partner"/>
  <testcase name="Partner4" time="72.535" classname="Warranty_Test_Case_Prod.Our_Partner"/>
  <testcase name="Partner2" time="81.021" classname="Warranty_Test_Case_Prod.Our_Partner"/>
  <testcase name="Partner3" time="81.901" classname="Warranty_Test_Case_Prod.Our_Partner"/>
  <testcase name="Partner3" time="76.908" classname="Warranty_Test_Case_Prod.Our_Partner"/>
  <testcase name="Partner6" time="78.223" classname="Warranty_Test_Case_Prod.Our_Partner"/>
  <testcase name="Partner5" time="70.476" classname="Warranty_Test_Case_Prod.Our_Partner"/>
  <testcase name="Partner2" time="78.094" classname="Warranty_Test_Case_Prod.Our_Partner"/>
  <testcase name="Partner6" time="66.362" classname="Warranty_Test_Case_Prod.Our_Partner"/>
  <testcase name="Partner1" time="156.011" classname="Warranty_Test_Case_Prod.Our_Partner"/>
  <testcase name="Partner5" time="84.151" classname="Warranty_Test_Case_Prod.Our_Partner"/>
</testsuite> <!-- Warranty_Test_Case_Prod.Our_Partner -->
