<?xml version="1.0" encoding="UTF-8"?>
<!-- Generated by org.testng.reporters.JUnitReportReporter -->
<testsuite hostname="DESKTOP-N7K85DJ" name="Adler_TestCases_Prod.News" tests="2" failures="0" timestamp="1 Apr 2022 10:47:35 GMT" time="302.081" errors="0">
  <testcase name="main_Home_Page" time="168.722" classname="Adler_TestCases_Prod.News"/>
  <testcase name="main_Home_Page" time="133.359" classname="Adler_TestCases_Prod.News"/>
</testsuite> <!-- Adler_TestCases_Prod.News -->
