<?xml version="1.0" encoding="UTF-8"?>
<!-- Generated by org.testng.reporters.JUnitReportReporter -->
<testsuite hostname="DESKTOP-N7K85DJ" name="AUW_Test_case_prod.AUW_Intelligence_TC" tests="2" failures="0" timestamp="30 Dec 2021 15:02:05 GMT" time="174.641" errors="0">
  <testcase name="main" time="82.476" classname="AUW_Test_case_prod.AUW_Intelligence_TC"/>
  <testcase name="main" time="92.165" classname="AUW_Test_case_prod.AUW_Intelligence_TC"/>
</testsuite> <!-- AUW_Test_case_prod.AUW_Intelligence_TC -->
