<?xml version="1.0" encoding="UTF-8"?>
<!-- Generated by org.testng.reporters.JUnitReportReporter -->
<testsuite hostname="DESKTOP-N7K85DJ" name="Casuality_Dev_TC.Menu_Press_Room" tests="2" failures="0" timestamp="12 Apr 2022 05:27:58 GMT" time="134.574" errors="0">
  <testcase name="HomePage" time="57.092" classname="Casuality_Dev_TC.Menu_Press_Room"/>
  <testcase name="HomePage" time="77.482" classname="Casuality_Dev_TC.Menu_Press_Room"/>
</testsuite> <!-- Casuality_Dev_TC.Menu_Press_Room -->
