<?xml version="1.0" encoding="UTF-8"?>
<!-- Generated by org.testng.reporters.JUnitReportReporter -->
<testsuite hostname="DESKTOP-N7K85DJ" name="Warranty_Test_Case_Prod.Partner_With_US" tests="2" failures="0" timestamp="2 May 2022 07:01:07 GMT" time="50.812" errors="0">
  <testcase name="partner" time="29.379" classname="Warranty_Test_Case_Prod.Partner_With_US"/>
  <testcase name="partner" time="21.433" classname="Warranty_Test_Case_Prod.Partner_With_US"/>
</testsuite> <!-- Warranty_Test_Case_Prod.Partner_With_US -->
