<?xml version="1.0" encoding="UTF-8"?>
<!-- Generated by org.testng.reporters.JUnitReportReporter -->
<testsuite hostname="DESKTOP-N7K85DJ" name="Tradewel_Test_Cases_Development.About_US" tests="2" failures="0" timestamp="11 Feb 2022 10:29:05 GMT" time="101.550" errors="0">
  <testcase name="main_Home_Page" time="50.926" classname="Tradewel_Test_Cases_Development.About_US"/>
  <testcase name="main_Home_Page" time="50.624" classname="Tradewel_Test_Cases_Development.About_US"/>
</testsuite> <!-- Tradewel_Test_Cases_Development.About_US -->
