<?xml version="1.0" encoding="UTF-8"?>
<!-- Generated by org.testng.reporters.JUnitReportReporter -->
<testsuite hostname="DESKTOP-N7K85DJ" name="Casuality_Prod_TC.Menu_Press_Room" tests="2" failures="0" timestamp="21 Mar 2022 16:42:58 GMT" time="128.957" errors="0">
  <testcase name="HomePage" time="67.468" classname="Casuality_Prod_TC.Menu_Press_Room"/>
  <testcase name="HomePage" time="61.489" classname="Casuality_Prod_TC.Menu_Press_Room"/>
</testsuite> <!-- Casuality_Prod_TC.Menu_Press_Room -->
