<?xml version="1.0" encoding="UTF-8"?>
<!-- Generated by org.testng.reporters.JUnitReportReporter -->
<testsuite hostname="DESKTOP-N7K85DJ" name="AUW_Test_case_prod.AUW_Intelligence_TC" tests="2" failures="0" timestamp="18 Jan 2022 13:48:13 GMT" time="239.191" errors="0">
  <testcase name="main" time="138.538" classname="AUW_Test_case_prod.AUW_Intelligence_TC"/>
  <testcase name="main" time="100.653" classname="AUW_Test_case_prod.AUW_Intelligence_TC"/>
</testsuite> <!-- AUW_Test_case_prod.AUW_Intelligence_TC -->
