<?xml version="1.0" encoding="UTF-8"?>
<!-- Generated by org.testng.reporters.JUnitReportReporter -->
<testsuite hostname="DESKTOP-N7K85DJ" name="AUW_Test_case_prod.AUW_Intelligence_TC" tests="2" failures="0" timestamp="5 May 2022 09:54:47 GMT" time="245.481" errors="0">
  <testcase name="main" time="142.816" classname="AUW_Test_case_prod.AUW_Intelligence_TC"/>
  <testcase name="main" time="102.665" classname="AUW_Test_case_prod.AUW_Intelligence_TC"/>
</testsuite> <!-- AUW_Test_case_prod.AUW_Intelligence_TC -->
