<?xml version="1.0" encoding="UTF-8"?>
<!-- Generated by org.testng.reporters.JUnitReportReporter -->
<testsuite hostname="DESKTOP-N7K85DJ" name="Promesa_Test_Case_Development.Footer" tests="2" failures="0" timestamp="14 Feb 2022 11:13:18 GMT" time="163.761" errors="0">
  <testcase name="Footer" time="84.123" classname="Promesa_Test_Case_Development.Footer"/>
  <testcase name="Footer" time="79.638" classname="Promesa_Test_Case_Development.Footer"/>
</testsuite> <!-- Promesa_Test_Case_Development.Footer -->
