<?xml version="1.0" encoding="UTF-8"?>
<!-- Generated by org.testng.reporters.JUnitReportReporter -->
<testsuite hostname="DESKTOP-N7K85DJ" name="Casuality_Prod_TC.Menu_Contact_Us" tests="2" failures="0" timestamp="15 Mar 2022 13:05:04 GMT" time="99.940" errors="0">
  <testcase name="HomePage" time="38.591" classname="Casuality_Prod_TC.Menu_Contact_Us"/>
  <testcase name="HomePage" time="61.349" classname="Casuality_Prod_TC.Menu_Contact_Us"/>
</testsuite> <!-- Casuality_Prod_TC.Menu_Contact_Us -->
