<?xml version="1.0" encoding="UTF-8"?>
<!-- Generated by org.testng.reporters.JUnitReportReporter -->
<testsuite hostname="DESKTOP-N7K85DJ" name="AUW_Test_case_prod.AUW_Experience" tests="2" failures="0" timestamp="7 Feb 2022 13:48:18 GMT" time="663.730" errors="0">
  <testcase name="main" time="315.763" classname="AUW_Test_case_prod.AUW_Experience"/>
  <testcase name="main" time="347.967" classname="AUW_Test_case_prod.AUW_Experience"/>
</testsuite> <!-- AUW_Test_case_prod.AUW_Experience -->
