<?xml version="1.0" encoding="UTF-8"?>
<!-- Generated by org.testng.reporters.JUnitReportReporter -->
<testsuite hostname="DESKTOP-N7K85DJ" name="AUW_Test_Case_dev.AUW_NJ_Update" tests="2" failures="0" timestamp="14 Dec 2021 11:47:24 GMT" time="94.594" errors="0">
  <testcase name="main" time="45.127" classname="AUW_Test_Case_dev.AUW_NJ_Update"/>
  <testcase name="main" time="49.467" classname="AUW_Test_Case_dev.AUW_NJ_Update"/>
</testsuite> <!-- AUW_Test_Case_dev.AUW_NJ_Update -->
