<?xml version="1.0" encoding="UTF-8"?>
<!-- Generated by org.testng.reporters.JUnitReportReporter -->
<testsuite hostname="DESKTOP-N7K85DJ" name="Credit_Global_Test_Cases_Prod.What_we_Do_TC" tests="2" failures="0" timestamp="30 Dec 2021 15:02:05 GMT" time="77.403" errors="0">
  <testcase name="HomePage_Header_login" time="44.793" classname="Credit_Global_Test_Cases_Prod.What_we_Do_TC"/>
  <testcase name="HomePage_Header_login" time="32.610" classname="Credit_Global_Test_Cases_Prod.What_we_Do_TC"/>
</testsuite> <!-- Credit_Global_Test_Cases_Prod.What_we_Do_TC -->
