<?xml version="1.0" encoding="UTF-8"?>
<!-- Generated by org.testng.reporters.JUnitReportReporter -->
<testsuite hostname="DESKTOP-N7K85DJ" name="AFL_Test_Case_Prod.Footer_TC" tests="2" failures="0" timestamp="11 Feb 2022 12:38:07 GMT" time="176.776" errors="0">
  <testcase name="Footer" time="87.691" classname="AFL_Test_Case_Prod.Footer_TC"/>
  <testcase name="Footer" time="89.085" classname="AFL_Test_Case_Prod.Footer_TC"/>
</testsuite> <!-- AFL_Test_Case_Prod.Footer_TC -->
