<?xml version="1.0" encoding="UTF-8"?>
<!-- Generated by org.testng.reporters.JUnitReportReporter -->
<testsuite hostname="DESKTOP-N7K85DJ" name="Pinnacle_Test_Cases_Development.WatsNew" tests="2" failures="0" timestamp="25 Feb 2022 13:22:59 GMT" time="306.759" errors="0">
  <testcase name="WhatsNew" time="188.752" classname="Pinnacle_Test_Cases_Development.WatsNew"/>
  <testcase name="WhatsNew" time="118.007" classname="Pinnacle_Test_Cases_Development.WatsNew"/>
</testsuite> <!-- Pinnacle_Test_Cases_Development.WatsNew -->
