<?xml version="1.0" encoding="UTF-8"?>
<!-- Generated by org.testng.reporters.JUnitReportReporter -->
<testsuite hostname="DESKTOP-N7K85DJ" name="AUW_Test_case_prod.AUW_PPP" tests="2" failures="0" timestamp="27 Apr 2022 11:15:08 GMT" time="76.055" errors="0">
  <testcase name="main" time="27.053" classname="AUW_Test_case_prod.AUW_PPP"/>
  <testcase name="main" time="49.002" classname="AUW_Test_case_prod.AUW_PPP"/>
</testsuite> <!-- AUW_Test_case_prod.AUW_PPP -->
