<?xml version="1.0" encoding="UTF-8"?>
<!-- Generated by org.testng.reporters.JUnitReportReporter -->
<testsuite hostname="DESKTOP-N7K85DJ" name="AUW_Test_Case_dev.AUW_Intelligence_TC" tests="2" failures="0" timestamp="12 Apr 2022 05:27:58 GMT" time="263.630" errors="0">
  <testcase name="main" time="168.818" classname="AUW_Test_Case_dev.AUW_Intelligence_TC"/>
  <testcase name="main" time="94.812" classname="AUW_Test_Case_dev.AUW_Intelligence_TC"/>
</testsuite> <!-- AUW_Test_Case_dev.AUW_Intelligence_TC -->
