<?xml version="1.0" encoding="UTF-8"?>
<!-- Generated by org.testng.reporters.JUnitReportReporter -->
<testsuite hostname="DESKTOP-N7K85DJ" name="Warranty_Test_Case_Prod.About_US" tests="2" failures="0" timestamp="4 Feb 2022 10:36:29 GMT" time="149.717" errors="0">
  <testcase name="Home_page" time="43.972" classname="Warranty_Test_Case_Prod.About_US"/>
  <testcase name="Home_page" time="105.745" classname="Warranty_Test_Case_Prod.About_US"/>
</testsuite> <!-- Warranty_Test_Case_Prod.About_US -->
