<?xml version="1.0" encoding="UTF-8"?>
<!-- Generated by org.testng.reporters.JUnitReportReporter -->
<testsuite hostname="DESKTOP-N7K85DJ" name="AUW_Test_Case_dev.AUW_NJ_Update" tests="2" failures="0" timestamp="5 Jan 2022 12:51:26 GMT" time="114.730" errors="0">
  <testcase name="main" time="56.321" classname="AUW_Test_Case_dev.AUW_NJ_Update"/>
  <testcase name="main" time="58.409" classname="AUW_Test_Case_dev.AUW_NJ_Update"/>
</testsuite> <!-- AUW_Test_Case_dev.AUW_NJ_Update -->
