<?xml version="1.0" encoding="UTF-8"?>
<!-- Generated by org.testng.reporters.JUnitReportReporter -->
<testsuite hostname="DESKTOP-N7K85DJ" name="Warranty_Test_Case_Dev.Our_Partner" tests="12" failures="0" timestamp="22 Dec 2021 14:58:11 GMT" time="1035.474" errors="0">
  <testcase name="Partner3" time="80.641" classname="Warranty_Test_Case_Dev.Our_Partner"/>
  <testcase name="Partner5" time="92.372" classname="Warranty_Test_Case_Dev.Our_Partner"/>
  <testcase name="Partner4" time="83.080" classname="Warranty_Test_Case_Dev.Our_Partner"/>
  <testcase name="Partner2" time="77.075" classname="Warranty_Test_Case_Dev.Our_Partner"/>
  <testcase name="Partner6" time="84.167" classname="Warranty_Test_Case_Dev.Our_Partner"/>
  <testcase name="Partner6" time="79.997" classname="Warranty_Test_Case_Dev.Our_Partner"/>
  <testcase name="Partner1" time="88.316" classname="Warranty_Test_Case_Dev.Our_Partner"/>
  <testcase name="Partner1" time="78.401" classname="Warranty_Test_Case_Dev.Our_Partner"/>
  <testcase name="Partner3" time="96.238" classname="Warranty_Test_Case_Dev.Our_Partner"/>
  <testcase name="Partner2" time="92.425" classname="Warranty_Test_Case_Dev.Our_Partner"/>
  <testcase name="Partner4" time="102.289" classname="Warranty_Test_Case_Dev.Our_Partner"/>
  <testcase name="Partner5" time="80.473" classname="Warranty_Test_Case_Dev.Our_Partner"/>
</testsuite> <!-- Warranty_Test_Case_Dev.Our_Partner -->
