<?xml version="1.0" encoding="UTF-8"?>
<!-- Generated by org.testng.reporters.JUnitReportReporter -->
<testsuite hostname="DESKTOP-N7K85DJ" name="AUW_Test_Case_dev.AUW_PPP" tests="2" failures="0" timestamp="8 Mar 2022 10:47:11 GMT" time="69.094" errors="0">
  <testcase name="main" time="27.327" classname="AUW_Test_Case_dev.AUW_PPP"/>
  <testcase name="main" time="41.767" classname="AUW_Test_Case_dev.AUW_PPP"/>
</testsuite> <!-- AUW_Test_Case_dev.AUW_PPP -->
