<?xml version="1.0" encoding="UTF-8"?>
<!-- Generated by org.testng.reporters.JUnitReportReporter -->
<testsuite hostname="DESKTOP-N7K85DJ" name="Casuality_Dev_TC.Menu_Contact_Us" tests="2" failures="0" timestamp="11 Feb 2022 14:12:05 GMT" time="66.501" errors="0">
  <testcase name="HomePage" time="29.004" classname="Casuality_Dev_TC.Menu_Contact_Us"/>
  <testcase name="HomePage" time="37.497" classname="Casuality_Dev_TC.Menu_Contact_Us"/>
</testsuite> <!-- Casuality_Dev_TC.Menu_Contact_Us -->
