<?xml version="1.0" encoding="UTF-8"?>
<!-- Generated by org.testng.reporters.JUnitReportReporter -->
<testsuite hostname="DESKTOP-N7K85DJ" name="AUW_Test_case_prod.AUW_AboutUS" tests="2" failures="0" timestamp="16 Feb 2022 08:42:47 GMT" time="225.112" errors="0">
  <testcase name="AboutUS" time="135.321" classname="AUW_Test_case_prod.AUW_AboutUS"/>
  <testcase name="AboutUS" time="89.791" classname="AUW_Test_case_prod.AUW_AboutUS"/>
</testsuite> <!-- AUW_Test_case_prod.AUW_AboutUS -->
