<?xml version="1.0" encoding="UTF-8"?>
<!-- Generated by org.testng.reporters.JUnitReportReporter -->
<testsuite hostname="DESKTOP-N7K85DJ" name="Warranty_Test_Case_Prod.About_US" tests="2" failures="0" timestamp="4 Mar 2022 11:36:24 GMT" time="99.803" errors="0">
  <testcase name="Home_page" time="56.134" classname="Warranty_Test_Case_Prod.About_US"/>
  <testcase name="Home_page" time="43.669" classname="Warranty_Test_Case_Prod.About_US"/>
</testsuite> <!-- Warranty_Test_Case_Prod.About_US -->
