<?xml version="1.0" encoding="UTF-8"?>
<!-- Generated by org.testng.reporters.JUnitReportReporter -->
<testsuite hostname="DESKTOP-N7K85DJ" name="Adler_TestCases_Prod.News" tests="2" failures="0" timestamp="25 Jan 2022 14:00:35 GMT" time="448.893" errors="0">
  <testcase name="main_Home_Page" time="130.386" classname="Adler_TestCases_Prod.News"/>
  <testcase name="main_Home_Page" time="318.507" classname="Adler_TestCases_Prod.News"/>
</testsuite> <!-- Adler_TestCases_Prod.News -->
