<?xml version="1.0" encoding="UTF-8"?>
<!-- Generated by org.testng.reporters.JUnitReportReporter -->
<testsuite hostname="DESKTOP-N7K85DJ" name="Careers_Test_case_Development.Footer" tests="2" failures="0" timestamp="10 Feb 2022 13:28:21 GMT" time="370.978" errors="0">
  <testcase name="AUW_Footer" time="284.223" classname="Careers_Test_case_Development.Footer"/>
  <testcase name="AUW_Footer" time="86.755" classname="Careers_Test_case_Development.Footer"/>
</testsuite> <!-- Careers_Test_case_Development.Footer -->
