<?xml version="1.0" encoding="UTF-8"?>
<!-- Generated by org.testng.reporters.JUnitReportReporter -->
<testsuite hostname="DESKTOP-N7K85DJ" name="AUW_Test_case_prod.AUW_NJ_Update" tests="2" failures="0" timestamp="4 Jan 2022 15:10:58 GMT" time="128.895" errors="0">
  <testcase name="main" time="78.564" classname="AUW_Test_case_prod.AUW_NJ_Update"/>
  <testcase name="main" time="50.331" classname="AUW_Test_case_prod.AUW_NJ_Update"/>
</testsuite> <!-- AUW_Test_case_prod.AUW_NJ_Update -->
