<?xml version="1.0" encoding="UTF-8"?>
<!-- Generated by org.testng.reporters.JUnitReportReporter -->
<testsuite hostname="DESKTOP-N7K85DJ" name="AUW_Test_case_prod.AUW_PPP" tests="2" failures="0" timestamp="30 Mar 2022 07:00:45 GMT" time="97.556" errors="0">
  <testcase name="main" time="25.074" classname="AUW_Test_case_prod.AUW_PPP"/>
  <testcase name="main" time="72.482" classname="AUW_Test_case_prod.AUW_PPP"/>
</testsuite> <!-- AUW_Test_case_prod.AUW_PPP -->
