<?xml version="1.0" encoding="UTF-8"?>
<!-- Generated by org.testng.reporters.JUnitReportReporter -->
<testsuite hostname="DESKTOP-N7K85DJ" name="AUW_Test_Case_dev.AUW_NJ_Update" tests="2" failures="0" timestamp="8 Mar 2022 10:47:11 GMT" time="124.425" errors="0">
  <testcase name="main" time="61.893" classname="AUW_Test_Case_dev.AUW_NJ_Update"/>
  <testcase name="main" time="62.532" classname="AUW_Test_Case_dev.AUW_NJ_Update"/>
</testsuite> <!-- AUW_Test_Case_dev.AUW_NJ_Update -->
