<?xml version="1.0" encoding="UTF-8"?>
<!-- Generated by org.testng.reporters.JUnitReportReporter -->
<testsuite hostname="DESKTOP-N7K85DJ" name="Warranty_Test_Case_Prod.Our_Partner" tests="12" failures="0" timestamp="25 Feb 2022 12:26:47 GMT" time="912.301" errors="0">
  <testcase name="Partner3" time="85.978" classname="Warranty_Test_Case_Prod.Our_Partner"/>
  <testcase name="Partner6" time="74.427" classname="Warranty_Test_Case_Prod.Our_Partner"/>
  <testcase name="Partner2" time="73.399" classname="Warranty_Test_Case_Prod.Our_Partner"/>
  <testcase name="Partner5" time="68.809" classname="Warranty_Test_Case_Prod.Our_Partner"/>
  <testcase name="Partner4" time="79.035" classname="Warranty_Test_Case_Prod.Our_Partner"/>
  <testcase name="Partner1" time="73.623" classname="Warranty_Test_Case_Prod.Our_Partner"/>
  <testcase name="Partner6" time="66.032" classname="Warranty_Test_Case_Prod.Our_Partner"/>
  <testcase name="Partner2" time="80.378" classname="Warranty_Test_Case_Prod.Our_Partner"/>
  <testcase name="Partner5" time="72.534" classname="Warranty_Test_Case_Prod.Our_Partner"/>
  <testcase name="Partner3" time="74.155" classname="Warranty_Test_Case_Prod.Our_Partner"/>
  <testcase name="Partner4" time="75.282" classname="Warranty_Test_Case_Prod.Our_Partner"/>
  <testcase name="Partner1" time="88.649" classname="Warranty_Test_Case_Prod.Our_Partner"/>
</testsuite> <!-- Warranty_Test_Case_Prod.Our_Partner -->
