<?xml version="1.0" encoding="UTF-8"?>
<!-- Generated by org.testng.reporters.JUnitReportReporter -->
<testsuite hostname="DESKTOP-N7K85DJ" name="AUW_Test_Case_dev.AUW_header_web_Development" tests="2" failures="0" timestamp="4 Apr 2022 06:52:09 GMT" time="142.431" errors="0">
  <testcase name="main" time="70.820" classname="AUW_Test_Case_dev.AUW_header_web_Development"/>
  <testcase name="main" time="71.611" classname="AUW_Test_Case_dev.AUW_header_web_Development"/>
</testsuite> <!-- AUW_Test_Case_dev.AUW_header_web_Development -->
