<?xml version="1.0" encoding="UTF-8"?>
<!-- Generated by org.testng.reporters.JUnitReportReporter -->
<testsuite hostname="DESKTOP-N7K85DJ" name="Promesa_Test_Case_Prod.Change_language" tests="1" failures="0" timestamp="17 Feb 2022 15:29:13 GMT" time="10.956" errors="0">
  <testcase name="Change_Language" time="10.956" classname="Promesa_Test_Case_Prod.Change_language"/>
</testsuite> <!-- Promesa_Test_Case_Prod.Change_language -->
