<?xml version="1.0" encoding="UTF-8"?>
<!-- Generated by org.testng.reporters.JUnitReportReporter -->
<testsuite hostname="DESKTOP-N7K85DJ" name="MTL_Test_Cases_Prod.More_offers_TC" tests="2" failures="0" timestamp="10 May 2022 11:54:17 GMT" time="108.435" errors="0">
  <testcase name="More_offers" time="44.637" classname="MTL_Test_Cases_Prod.More_offers_TC"/>
  <testcase name="More_offers" time="63.798" classname="MTL_Test_Cases_Prod.More_offers_TC"/>
</testsuite> <!-- MTL_Test_Cases_Prod.More_offers_TC -->
