<?xml version="1.0" encoding="UTF-8"?>
<!-- Generated by org.testng.reporters.JUnitReportReporter -->
<testsuite hostname="DESKTOP-N7K85DJ" name="AUW_Test_case_prod.AUW_Experience" tests="2" failures="0" timestamp="10 May 2022 11:54:17 GMT" time="820.253" errors="0">
  <testcase name="main" time="379.226" classname="AUW_Test_case_prod.AUW_Experience"/>
  <testcase name="main" time="441.027" classname="AUW_Test_case_prod.AUW_Experience"/>
</testsuite> <!-- AUW_Test_case_prod.AUW_Experience -->
