<?xml version="1.0" encoding="UTF-8"?>
<!-- Generated by org.testng.reporters.JUnitReportReporter -->
<testsuite hostname="DESKTOP-N7K85DJ" name="AUW_Test_case_prod.AUW_Intelligence_TC" tests="2" failures="0" timestamp="25 May 2022 13:05:44 GMT" time="227.490" errors="0">
  <testcase name="main" time="92.474" classname="AUW_Test_case_prod.AUW_Intelligence_TC"/>
  <testcase name="main" time="135.016" classname="AUW_Test_case_prod.AUW_Intelligence_TC"/>
</testsuite> <!-- AUW_Test_case_prod.AUW_Intelligence_TC -->
