<?xml version="1.0" encoding="UTF-8"?>
<!-- Generated by org.testng.reporters.JUnitReportReporter -->
<testsuite hostname="DESKTOP-N7K85DJ" name="AUW_Test_case_prod.AUW_PPP" tests="2" failures="0" timestamp="21 Feb 2022 13:14:22 GMT" time="129.550" errors="0">
  <testcase name="main" time="30.853" classname="AUW_Test_case_prod.AUW_PPP"/>
  <testcase name="main" time="98.697" classname="AUW_Test_case_prod.AUW_PPP"/>
</testsuite> <!-- AUW_Test_case_prod.AUW_PPP -->
