<?xml version="1.0" encoding="UTF-8"?>
<!-- Generated by org.testng.reporters.JUnitReportReporter -->
<testsuite hostname="DESKTOP-N7K85DJ" name="Speciality_underwriters_Test_Case_Prod.Contact_US_TC" tests="2" failures="0" timestamp="14 Mar 2022 11:17:46 GMT" time="100.130" errors="0">
  <testcase name="Footer" time="22.949" classname="Speciality_underwriters_Test_Case_Prod.Contact_US_TC"/>
  <testcase name="Footer" time="77.181" classname="Speciality_underwriters_Test_Case_Prod.Contact_US_TC"/>
</testsuite> <!-- Speciality_underwriters_Test_Case_Prod.Contact_US_TC -->
