<?xml version="1.0" encoding="UTF-8"?>
<!-- Generated by org.testng.reporters.JUnitReportReporter -->
<testsuite hostname="DESKTOP-N7K85DJ" name="Warranty_Test_Case_Dev.Contact_US" tests="2" failures="0" timestamp="12 Jan 2022 10:17:31 GMT" time="149.508" errors="0">
  <testcase name="ContactUS" time="85.219" classname="Warranty_Test_Case_Dev.Contact_US"/>
  <testcase name="ContactUS" time="64.289" classname="Warranty_Test_Case_Dev.Contact_US"/>
</testsuite> <!-- Warranty_Test_Case_Dev.Contact_US -->
