<?xml version="1.0" encoding="UTF-8"?>
<!-- Generated by org.testng.reporters.JUnitReportReporter -->
<testsuite hostname="DESKTOP-N7K85DJ" name="MTL_Test_Cases_Prod.More_offers_TC" tests="2" failures="0" timestamp="18 Feb 2022 14:06:49 GMT" time="90.194" errors="0">
  <testcase name="More_offers" time="45.538" classname="MTL_Test_Cases_Prod.More_offers_TC"/>
  <testcase name="More_offers" time="44.656" classname="MTL_Test_Cases_Prod.More_offers_TC"/>
</testsuite> <!-- MTL_Test_Cases_Prod.More_offers_TC -->
