<?xml version="1.0" encoding="UTF-8"?>
<!-- Generated by org.testng.reporters.JUnitReportReporter -->
<testsuite hostname="DESKTOP-N7K85DJ" name="Warranty_Test_Case_Dev.Our_Partner" tests="12" failures="0" timestamp="8 Mar 2022 10:47:11 GMT" time="1080.100" errors="0">
  <testcase name="Partner2" time="86.890" classname="Warranty_Test_Case_Dev.Our_Partner"/>
  <testcase name="Partner6" time="83.411" classname="Warranty_Test_Case_Dev.Our_Partner"/>
  <testcase name="Partner3" time="95.892" classname="Warranty_Test_Case_Dev.Our_Partner"/>
  <testcase name="Partner5" time="93.375" classname="Warranty_Test_Case_Dev.Our_Partner"/>
  <testcase name="Partner2" time="87.482" classname="Warranty_Test_Case_Dev.Our_Partner"/>
  <testcase name="Partner3" time="95.050" classname="Warranty_Test_Case_Dev.Our_Partner"/>
  <testcase name="Partner1" time="92.665" classname="Warranty_Test_Case_Dev.Our_Partner"/>
  <testcase name="Partner5" time="78.026" classname="Warranty_Test_Case_Dev.Our_Partner"/>
  <testcase name="Partner1" time="83.008" classname="Warranty_Test_Case_Dev.Our_Partner"/>
  <testcase name="Partner4" time="92.799" classname="Warranty_Test_Case_Dev.Our_Partner"/>
  <testcase name="Partner4" time="109.093" classname="Warranty_Test_Case_Dev.Our_Partner"/>
  <testcase name="Partner6" time="82.409" classname="Warranty_Test_Case_Dev.Our_Partner"/>
</testsuite> <!-- Warranty_Test_Case_Dev.Our_Partner -->
