<?xml version="1.0" encoding="UTF-8"?>
<!-- Generated by org.testng.reporters.JUnitReportReporter -->
<testsuite hostname="DESKTOP-N7K85DJ" name="Promesa_Test_Case_Development.Footer" tests="2" failures="0" timestamp="14 Jan 2022 10:44:33 GMT" time="251.877" errors="0">
  <testcase name="Footer" time="154.474" classname="Promesa_Test_Case_Development.Footer"/>
  <testcase name="Footer" time="97.403" classname="Promesa_Test_Case_Development.Footer"/>
</testsuite> <!-- Promesa_Test_Case_Development.Footer -->
