<?xml version="1.0" encoding="UTF-8"?>
<!-- Generated by org.testng.reporters.JUnitReportReporter -->
<testsuite hostname="DESKTOP-N7K85DJ" name="MTL_Test_Cases_Prod.Home_URL" tests="2" failures="0" timestamp="9 Dec 2021 13:26:34 GMT" time="77.909" errors="0">
  <testcase name="Footer" time="37.125" classname="MTL_Test_Cases_Prod.Home_URL"/>
  <testcase name="Footer" time="40.784" classname="MTL_Test_Cases_Prod.Home_URL"/>
</testsuite> <!-- MTL_Test_Cases_Prod.Home_URL -->
