<?xml version="1.0" encoding="UTF-8"?>
<!-- Generated by org.testng.reporters.JUnitReportReporter -->
<testsuite hostname="DESKTOP-N7K85DJ" name="Casuality_Prod_TC.Home_page" tests="2" failures="0" timestamp="12 Apr 2022 10:11:26 GMT" time="132.994" errors="0">
  <testcase name="HomePage" time="66.664" classname="Casuality_Prod_TC.Home_page"/>
  <testcase name="HomePage" time="66.330" classname="Casuality_Prod_TC.Home_page"/>
</testsuite> <!-- Casuality_Prod_TC.Home_page -->
