<?xml version="1.0" encoding="UTF-8"?>
<!-- Generated by org.testng.reporters.JUnitReportReporter -->
<testsuite hostname="DESKTOP-N7K85DJ" name="Adler_TestCases_Development.Home" tests="2" failures="0" timestamp="16 Dec 2021 13:45:35 GMT" time="57.207" errors="0">
  <testcase name="main_Home_Page" time="28.447" classname="Adler_TestCases_Development.Home"/>
  <testcase name="main_Home_Page" time="28.760" classname="Adler_TestCases_Development.Home"/>
</testsuite> <!-- Adler_TestCases_Development.Home -->
