<?xml version="1.0" encoding="UTF-8"?>
<!-- Generated by org.testng.reporters.JUnitReportReporter -->
<testsuite hostname="DESKTOP-N7K85DJ" name="AUW_Test_case_prod.AUW_PPP" tests="2" failures="0" timestamp="18 Feb 2022 14:06:49 GMT" time="60.363" errors="0">
  <testcase name="main" time="26.594" classname="AUW_Test_case_prod.AUW_PPP"/>
  <testcase name="main" time="33.769" classname="AUW_Test_case_prod.AUW_PPP"/>
</testsuite> <!-- AUW_Test_case_prod.AUW_PPP -->
