<?xml version="1.0" encoding="UTF-8"?>
<!-- Generated by org.testng.reporters.JUnitReportReporter -->
<testsuite hostname="DESKTOP-N7K85DJ" name="Promesa_Test_Case_Prod.Footer" tests="10" failures="0" timestamp="25 Apr 2022 10:19:01 GMT" time="257.719" errors="0">
  <testcase name="Footer_linkedin" time="17.078" classname="Promesa_Test_Case_Prod.Footer"/>
  <testcase name="Footer_instagram" time="18.652" classname="Promesa_Test_Case_Prod.Footer"/>
  <testcase name="Footer_instagram" time="15.625" classname="Promesa_Test_Case_Prod.Footer"/>
  <testcase name="Footer_twitter" time="28.500" classname="Promesa_Test_Case_Prod.Footer"/>
  <testcase name="Footer_facebook" time="33.707" classname="Promesa_Test_Case_Prod.Footer"/>
  <testcase name="Footer_facebook" time="30.722" classname="Promesa_Test_Case_Prod.Footer"/>
  <testcase name="Footer_linkedin" time="24.944" classname="Promesa_Test_Case_Prod.Footer"/>
  <testcase name="Footer_PrivacyPolicy" time="32.895" classname="Promesa_Test_Case_Prod.Footer"/>
  <testcase name="Footer_twitter" time="16.988" classname="Promesa_Test_Case_Prod.Footer"/>
  <testcase name="Footer_PrivacyPolicy" time="38.608" classname="Promesa_Test_Case_Prod.Footer"/>
</testsuite> <!-- Promesa_Test_Case_Prod.Footer -->
