<?xml version="1.0" encoding="UTF-8"?>
<!-- Generated by org.testng.reporters.JUnitReportReporter -->
<testsuite hostname="DESKTOP-N7K85DJ" name="Promesa_Test_Case_Development.Pharmacy_search" tests="2" failures="0" timestamp="11 Feb 2022 10:29:05 GMT" time="291.302" errors="0">
  <testcase name="Side_Heading_One" time="147.698" classname="Promesa_Test_Case_Development.Pharmacy_search"/>
  <testcase name="Side_Heading_One" time="143.604" classname="Promesa_Test_Case_Development.Pharmacy_search"/>
</testsuite> <!-- Promesa_Test_Case_Development.Pharmacy_search -->
