<?xml version="1.0" encoding="UTF-8"?>
<!-- Generated by org.testng.reporters.JUnitReportReporter -->
<testsuite hostname="DESKTOP-N7K85DJ" name="Adler_TestCases_Prod.News" tests="2" failures="0" timestamp="17 Feb 2022 12:40:42 GMT" time="465.269" errors="0">
  <testcase name="main_Home_Page" time="318.892" classname="Adler_TestCases_Prod.News"/>
  <testcase name="main_Home_Page" time="146.377" classname="Adler_TestCases_Prod.News"/>
</testsuite> <!-- Adler_TestCases_Prod.News -->
