<?xml version="1.0" encoding="UTF-8"?>
<!-- Generated by org.testng.reporters.JUnitReportReporter -->
<testsuite hostname="DESKTOP-N7K85DJ" name="Tradewel_Test_Cases_Development.About_US" tests="2" failures="0" timestamp="4 Jan 2022 11:14:57 GMT" time="105.428" errors="0">
  <testcase name="main_Home_Page" time="59.366" classname="Tradewel_Test_Cases_Development.About_US"/>
  <testcase name="main_Home_Page" time="46.062" classname="Tradewel_Test_Cases_Development.About_US"/>
</testsuite> <!-- Tradewel_Test_Cases_Development.About_US -->
