<?xml version="1.0" encoding="UTF-8"?>
<!-- Generated by org.testng.reporters.JUnitReportReporter -->
<testsuite hostname="DESKTOP-N7K85DJ" name="Warranty_Test_Case_Prod.Contact_US" tests="2" failures="0" timestamp="4 Feb 2022 10:36:29 GMT" time="183.842" errors="0">
  <testcase name="ContactUS" time="51.734" classname="Warranty_Test_Case_Prod.Contact_US"/>
  <testcase name="ContactUS" time="132.108" classname="Warranty_Test_Case_Prod.Contact_US"/>
</testsuite> <!-- Warranty_Test_Case_Prod.Contact_US -->
