<?xml version="1.0" encoding="UTF-8"?>
<!-- Generated by org.testng.reporters.JUnitReportReporter -->
<testsuite hostname="DESKTOP-N7K85DJ" name="AUW_Test_case_prod.AUW_Experience" tests="2" failures="0" timestamp="31 Mar 2022 09:38:46 GMT" time="725.622" errors="0">
  <testcase name="main" time="314.190" classname="AUW_Test_case_prod.AUW_Experience"/>
  <testcase name="main" time="411.432" classname="AUW_Test_case_prod.AUW_Experience"/>
</testsuite> <!-- AUW_Test_case_prod.AUW_Experience -->
