<?xml version="1.0" encoding="UTF-8"?>
<!-- Generated by org.testng.reporters.JUnitReportReporter -->
<testsuite hostname="DESKTOP-N7K85DJ" name="Casuality_Dev_TC.Menu_Press_Room" tests="2" failures="0" timestamp="8 Mar 2022 10:47:11 GMT" time="143.687" errors="0">
  <testcase name="HomePage" time="74.648" classname="Casuality_Dev_TC.Menu_Press_Room"/>
  <testcase name="HomePage" time="69.039" classname="Casuality_Dev_TC.Menu_Press_Room"/>
</testsuite> <!-- Casuality_Dev_TC.Menu_Press_Room -->
