<?xml version="1.0" encoding="UTF-8"?>
<!-- Generated by org.testng.reporters.JUnitReportReporter -->
<testsuite hostname="DESKTOP-N7K85DJ" name="Casuality_Prod_TC.Menu_Press_Room" tests="2" failures="0" timestamp="23 Feb 2022 11:40:24 GMT" time="166.127" errors="0">
  <testcase name="HomePage" time="65.589" classname="Casuality_Prod_TC.Menu_Press_Room"/>
  <testcase name="HomePage" time="100.538" classname="Casuality_Prod_TC.Menu_Press_Room"/>
</testsuite> <!-- Casuality_Prod_TC.Menu_Press_Room -->
