<?xml version="1.0" encoding="UTF-8"?>
<!-- Generated by org.testng.reporters.JUnitReportReporter -->
<testsuite hostname="DESKTOP-N7K85DJ" name="Casuality_Prod_TC.Menu_Contact_Us" tests="2" failures="0" timestamp="7 Mar 2022 11:16:52 GMT" time="107.283" errors="0">
  <testcase name="HomePage" time="38.442" classname="Casuality_Prod_TC.Menu_Contact_Us"/>
  <testcase name="HomePage" time="68.841" classname="Casuality_Prod_TC.Menu_Contact_Us"/>
</testsuite> <!-- Casuality_Prod_TC.Menu_Contact_Us -->
