<?xml version="1.0" encoding="UTF-8"?>
<!-- Generated by org.testng.reporters.JUnitReportReporter -->
<testsuite hostname="DESKTOP-N7K85DJ" name="MTL_Test_Cases_Prod.Home_URL" tests="2" failures="0" timestamp="5 May 2022 09:54:47 GMT" time="118.337" errors="0">
  <testcase name="Footer" time="73.259" classname="MTL_Test_Cases_Prod.Home_URL"/>
  <testcase name="Footer" time="45.078" classname="MTL_Test_Cases_Prod.Home_URL"/>
</testsuite> <!-- MTL_Test_Cases_Prod.Home_URL -->
