<?xml version="1.0" encoding="UTF-8"?>
<!-- Generated by org.testng.reporters.JUnitReportReporter -->
<testsuite hostname="DESKTOP-N7K85DJ" name="Solution_one_Prod.Footer_Production" tests="2" failures="0" timestamp="5 May 2022 09:54:47 GMT" time="142.303" errors="0">
  <testcase name="Footer" time="81.414" classname="Solution_one_Prod.Footer_Production"/>
  <testcase name="Footer" time="60.889" classname="Solution_one_Prod.Footer_Production"/>
</testsuite> <!-- Solution_one_Prod.Footer_Production -->
