<?xml version="1.0" encoding="UTF-8"?>
<!-- Generated by org.testng.reporters.JUnitReportReporter -->
<testsuite hostname="DESKTOP-N7K85DJ" name="Promesa_Test_Case_Development.Change_language" tests="2" failures="0" timestamp="14 Jan 2022 10:44:32 GMT" time="102.041" errors="0">
  <testcase name="Change_Language" time="78.975" classname="Promesa_Test_Case_Development.Change_language"/>
  <testcase name="Change_Language" time="23.066" classname="Promesa_Test_Case_Development.Change_language"/>
</testsuite> <!-- Promesa_Test_Case_Development.Change_language -->
