<?xml version="1.0" encoding="UTF-8"?>
<!-- Generated by org.testng.reporters.JUnitReportReporter -->
<testsuite hostname="DESKTOP-N7K85DJ" name="AUW_Test_case_prod.AUW_NJ_Update" tests="2" failures="0" timestamp="7 Feb 2022 13:48:17 GMT" time="182.917" errors="0">
  <testcase name="main" time="55.153" classname="AUW_Test_case_prod.AUW_NJ_Update"/>
  <testcase name="main" time="127.764" classname="AUW_Test_case_prod.AUW_NJ_Update"/>
</testsuite> <!-- AUW_Test_case_prod.AUW_NJ_Update -->
