<?xml version="1.0" encoding="UTF-8"?>
<!-- Generated by org.testng.reporters.JUnitReportReporter -->
<testsuite hostname="DESKTOP-N7K85DJ" name="MTL_Test_Cases_Prod.Home_URL" tests="2" failures="0" timestamp="25 Apr 2022 10:19:01 GMT" time="187.602" errors="0">
  <testcase name="Footer" time="143.252" classname="MTL_Test_Cases_Prod.Home_URL"/>
  <testcase name="Footer" time="44.350" classname="MTL_Test_Cases_Prod.Home_URL"/>
</testsuite> <!-- MTL_Test_Cases_Prod.Home_URL -->
