<?xml version="1.0" encoding="UTF-8"?>
<!-- Generated by org.testng.reporters.JUnitReportReporter -->
<testsuite hostname="DESKTOP-N7K85DJ" name="Tradewel_Test_Cases_Production.About_US" tests="2" failures="0" timestamp="8 Apr 2022 08:47:38 GMT" time="91.243" errors="0">
  <testcase name="main_Home_Page" time="48.604" classname="Tradewel_Test_Cases_Production.About_US"/>
  <testcase name="main_Home_Page" time="42.639" classname="Tradewel_Test_Cases_Production.About_US"/>
</testsuite> <!-- Tradewel_Test_Cases_Production.About_US -->
