<?xml version="1.0" encoding="UTF-8"?>
<!-- Generated by org.testng.reporters.JUnitReportReporter -->
<testsuite hostname="DESKTOP-N7K85DJ" name="Casuality_Dev_TC.Home_page" tests="2" failures="0" timestamp="25 Feb 2022 13:22:59 GMT" time="160.835" errors="0">
  <testcase name="HomePage" time="75.767" classname="Casuality_Dev_TC.Home_page"/>
  <testcase name="HomePage" time="85.068" classname="Casuality_Dev_TC.Home_page"/>
</testsuite> <!-- Casuality_Dev_TC.Home_page -->
