<?xml version="1.0" encoding="UTF-8"?>
<!-- Generated by org.testng.reporters.JUnitReportReporter -->
<testsuite hostname="DESKTOP-N7K85DJ" name="JumboGC_Test_case_prod.Header_footer" tests="10" failures="0" timestamp="8 Mar 2022 09:14:16 GMT" time="599.500" errors="0">
  <testcase name="Footer_Instagram" time="39.671" classname="JumboGC_Test_case_prod.Header_footer"/>
  <testcase name="Footer_Facebook" time="39.150" classname="JumboGC_Test_case_prod.Header_footer"/>
  <testcase name="Footer_Privacy" time="49.728" classname="JumboGC_Test_case_prod.Header_footer"/>
  <testcase name="Footer_linkedIN" time="52.003" classname="JumboGC_Test_case_prod.Header_footer"/>
  <testcase name="Footer_linkedIN" time="39.748" classname="JumboGC_Test_case_prod.Header_footer"/>
  <testcase name="Footer_Facebook" time="68.659" classname="JumboGC_Test_case_prod.Header_footer"/>
  <testcase name="Footer_Instagram" time="94.727" classname="JumboGC_Test_case_prod.Header_footer"/>
  <testcase name="Header_Login" time="32.519" classname="JumboGC_Test_case_prod.Header_footer"/>
  <testcase name="Header_Login" time="93.161" classname="JumboGC_Test_case_prod.Header_footer"/>
  <testcase name="Footer_Privacy" time="90.134" classname="JumboGC_Test_case_prod.Header_footer"/>
</testsuite> <!-- JumboGC_Test_case_prod.Header_footer -->
