<?xml version="1.0" encoding="UTF-8"?>
<!-- Generated by org.testng.reporters.JUnitReportReporter -->
<testsuite hostname="DESKTOP-N7K85DJ" name="AUW_Test_Case_dev.AUW_header_web_Development" tests="2" failures="0" timestamp="14 Feb 2022 11:13:18 GMT" time="141.827" errors="0">
  <testcase name="main" time="67.042" classname="AUW_Test_Case_dev.AUW_header_web_Development"/>
  <testcase name="main" time="74.785" classname="AUW_Test_Case_dev.AUW_header_web_Development"/>
</testsuite> <!-- AUW_Test_Case_dev.AUW_header_web_Development -->
