<?xml version="1.0" encoding="UTF-8"?>
<!-- Generated by org.testng.reporters.JUnitReportReporter -->
<testsuite hostname="DESKTOP-N7K85DJ" name="Speciality_underwriters_Test_Case_Prod.About_Us" tests="2" failures="0" timestamp="25 Apr 2022 10:19:02 GMT" time="46.308" errors="0">
  <testcase name="Footer" time="21.433" classname="Speciality_underwriters_Test_Case_Prod.About_Us"/>
  <testcase name="Footer" time="24.875" classname="Speciality_underwriters_Test_Case_Prod.About_Us"/>
</testsuite> <!-- Speciality_underwriters_Test_Case_Prod.About_Us -->
