<?xml version="1.0" encoding="UTF-8"?>
<!-- Generated by org.testng.reporters.JUnitReportReporter -->
<testsuite hostname="DESKTOP-N7K85DJ" name="AFL_Test_Case_Prod.Footer_TC" tests="2" failures="0" timestamp="25 Feb 2022 12:26:47 GMT" time="156.356" errors="0">
  <testcase name="Footer" time="81.388" classname="AFL_Test_Case_Prod.Footer_TC"/>
  <testcase name="Footer" time="74.968" classname="AFL_Test_Case_Prod.Footer_TC"/>
</testsuite> <!-- AFL_Test_Case_Prod.Footer_TC -->
