<?xml version="1.0" encoding="UTF-8"?>
<!-- Generated by org.testng.reporters.JUnitReportReporter -->
<testsuite hostname="DESKTOP-N7K85DJ" name="Promesa_Test_Case_Development.Change_language" tests="2" failures="0" timestamp="17 Feb 2022 14:18:50 GMT" time="39.528" errors="0">
  <testcase name="Change_Language" time="16.003" classname="Promesa_Test_Case_Development.Change_language"/>
  <testcase name="Change_Language" time="23.525" classname="Promesa_Test_Case_Development.Change_language"/>
</testsuite> <!-- Promesa_Test_Case_Development.Change_language -->
