<?xml version="1.0" encoding="UTF-8"?>
<!-- Generated by org.testng.reporters.JUnitReportReporter -->
<testsuite hostname="DESKTOP-N7K85DJ" name="AUW_Test_Case_dev.AUW_header_web_Development" tests="2" failures="0" timestamp="23 Feb 2022 14:25:17 GMT" time="104.944" errors="0">
  <testcase name="main" time="56.384" classname="AUW_Test_Case_dev.AUW_header_web_Development"/>
  <testcase name="main" time="48.560" classname="AUW_Test_Case_dev.AUW_header_web_Development"/>
</testsuite> <!-- AUW_Test_Case_dev.AUW_header_web_Development -->
