<?xml version="1.0" encoding="UTF-8"?>
<!-- Generated by org.testng.reporters.JUnitReportReporter -->
<testsuite hostname="DESKTOP-N7K85DJ" name="Casuality_Prod_TC.Menu_About_US" tests="2" failures="0" timestamp="23 Feb 2022 11:40:24 GMT" time="147.561" errors="0">
  <testcase name="HomePage" time="93.628" classname="Casuality_Prod_TC.Menu_About_US"/>
  <testcase name="HomePage" time="53.933" classname="Casuality_Prod_TC.Menu_About_US"/>
</testsuite> <!-- Casuality_Prod_TC.Menu_About_US -->
