<?xml version="1.0" encoding="UTF-8"?>
<!-- Generated by org.testng.reporters.JUnitReportReporter -->
<testsuite hostname="DESKTOP-N7K85DJ" name="Careers_Test_case_Prod.Side_Heading1" tests="1" failures="0" timestamp="24 Feb 2022 14:29:27 GMT" time="204.174" errors="0">
  <testcase name="Side_Heading" time="204.174" classname="Careers_Test_case_Prod.Side_Heading1"/>
</testsuite> <!-- Careers_Test_case_Prod.Side_Heading1 -->
