<?xml version="1.0" encoding="UTF-8"?>
<!-- Generated by org.testng.reporters.JUnitReportReporter -->
<testsuite hostname="DESKTOP-N7K85DJ" name="MTL_Test_Cases_Prod.Home_URL" tests="2" failures="0" timestamp="23 May 2022 09:46:43 GMT" time="107.970" errors="0">
  <testcase name="Footer" time="44.005" classname="MTL_Test_Cases_Prod.Home_URL"/>
  <testcase name="Footer" time="63.965" classname="MTL_Test_Cases_Prod.Home_URL"/>
</testsuite> <!-- MTL_Test_Cases_Prod.Home_URL -->
