<?xml version="1.0" encoding="UTF-8"?>
<!-- Generated by org.testng.reporters.JUnitReportReporter -->
<testsuite hostname="DESKTOP-N7K85DJ" name="Promesa_Test_Case_Prod.Change_language" tests="2" failures="0" timestamp="4 Jan 2022 15:10:58 GMT" time="33.895" errors="0">
  <testcase name="Change_Language" time="12.592" classname="Promesa_Test_Case_Prod.Change_language"/>
  <testcase name="Change_Language" time="21.303" classname="Promesa_Test_Case_Prod.Change_language"/>
</testsuite> <!-- Promesa_Test_Case_Prod.Change_language -->
