<?xml version="1.0" encoding="UTF-8"?>
<!-- Generated by org.testng.reporters.JUnitReportReporter -->
<testsuite hostname="DESKTOP-N7K85DJ" name="Adler_TestCases_Development.News" tests="2" failures="0" timestamp="27 Jun 2022 09:53:43 GMT" time="299.633" errors="0">
  <testcase name="main_Home_Page" time="150.512" classname="Adler_TestCases_Development.News"/>
  <testcase name="main_Home_Page" time="149.121" classname="Adler_TestCases_Development.News"/>
</testsuite> <!-- Adler_TestCases_Development.News -->
