<?xml version="1.0" encoding="UTF-8"?>
<!-- Generated by org.testng.reporters.JUnitReportReporter -->
<testsuite hostname="DESKTOP-N7K85DJ" name="AUW_Test_case_prod.AUW_PPP" tests="2" failures="0" timestamp="12 Apr 2022 07:47:28 GMT" time="77.541" errors="0">
  <testcase name="main" time="51.904" classname="AUW_Test_case_prod.AUW_PPP"/>
  <testcase name="main" time="25.637" classname="AUW_Test_case_prod.AUW_PPP"/>
</testsuite> <!-- AUW_Test_case_prod.AUW_PPP -->
