<?xml version="1.0" encoding="UTF-8"?>
<!-- Generated by org.testng.reporters.JUnitReportReporter -->
<testsuite hostname="DESKTOP-N7K85DJ" name="Solution_one_Prod.Footer_Production" tests="2" failures="0" timestamp="8 Apr 2022 08:47:38 GMT" time="167.180" errors="0">
  <testcase name="Footer" time="103.688" classname="Solution_one_Prod.Footer_Production"/>
  <testcase name="Footer" time="63.492" classname="Solution_one_Prod.Footer_Production"/>
</testsuite> <!-- Solution_one_Prod.Footer_Production -->
