<?xml version="1.0" encoding="UTF-8"?>
<!-- Generated by org.testng.reporters.JUnitReportReporter -->
<testsuite hostname="DESKTOP-N7K85DJ" name="AUW_Test_Case_dev.AUW_Intelligence_TC" tests="2" failures="0" timestamp="14 Feb 2022 11:13:18 GMT" time="210.908" errors="0">
  <testcase name="main" time="106.051" classname="AUW_Test_Case_dev.AUW_Intelligence_TC"/>
  <testcase name="main" time="104.857" classname="AUW_Test_Case_dev.AUW_Intelligence_TC"/>
</testsuite> <!-- AUW_Test_Case_dev.AUW_Intelligence_TC -->
