<?xml version="1.0" encoding="UTF-8"?>
<!-- Generated by org.testng.reporters.JUnitReportReporter -->
<testsuite hostname="DESKTOP-N7K85DJ" name="Careers_Test_case_Prod.Side_Heading1" tests="1" failures="0" timestamp="14 Mar 2022 11:17:46 GMT" time="299.365" errors="0">
  <testcase name="Side_Heading" time="299.365" classname="Careers_Test_case_Prod.Side_Heading1"/>
</testsuite> <!-- Careers_Test_case_Prod.Side_Heading1 -->
