<?xml version="1.0" encoding="UTF-8"?>
<!-- Generated by org.testng.reporters.JUnitReportReporter -->
<testsuite hostname="DESKTOP-N7K85DJ" name="Warranty_Test_Case_Prod.Contact_US" tests="2" failures="0" timestamp="21 Feb 2022 13:14:22 GMT" time="241.046" errors="0">
  <testcase name="ContactUS" time="185.823" classname="Warranty_Test_Case_Prod.Contact_US"/>
  <testcase name="ContactUS" time="55.223" classname="Warranty_Test_Case_Prod.Contact_US"/>
</testsuite> <!-- Warranty_Test_Case_Prod.Contact_US -->
