<?xml version="1.0" encoding="UTF-8"?>
<!-- Generated by org.testng.reporters.JUnitReportReporter -->
<testsuite hostname="DESKTOP-N7K85DJ" name="AFL_Test_Case_Prod.HomePage_TC" tests="2" failures="0" timestamp="4 Jan 2022 15:10:58 GMT" time="298.082" errors="0">
  <testcase name="Home_Page" time="145.799" classname="AFL_Test_Case_Prod.HomePage_TC"/>
  <testcase name="Home_Page" time="152.283" classname="AFL_Test_Case_Prod.HomePage_TC"/>
</testsuite> <!-- AFL_Test_Case_Prod.HomePage_TC -->
