<?xml version="1.0" encoding="UTF-8"?>
<!-- Generated by org.testng.reporters.JUnitReportReporter -->
<testsuite hostname="DESKTOP-N7K85DJ" name="Tradewel_Test_Cases_Development.About_US" tests="2" failures="0" timestamp="17 Feb 2022 14:18:50 GMT" time="141.458" errors="0">
  <testcase name="main_Home_Page" time="83.974" classname="Tradewel_Test_Cases_Development.About_US"/>
  <testcase name="main_Home_Page" time="57.484" classname="Tradewel_Test_Cases_Development.About_US"/>
</testsuite> <!-- Tradewel_Test_Cases_Development.About_US -->
