<?xml version="1.0" encoding="UTF-8"?>
<!-- Generated by org.testng.reporters.JUnitReportReporter -->
<testsuite hostname="DESKTOP-N7K85DJ" name="Tradewel_Test_Cases_Production.About_US" tests="2" failures="0" timestamp="10 May 2022 11:54:17 GMT" time="130.908" errors="0">
  <testcase name="main_Home_Page" time="44.035" classname="Tradewel_Test_Cases_Production.About_US"/>
  <testcase name="main_Home_Page" time="86.873" classname="Tradewel_Test_Cases_Production.About_US"/>
</testsuite> <!-- Tradewel_Test_Cases_Production.About_US -->
