<?xml version="1.0" encoding="UTF-8"?>
<!-- Generated by org.testng.reporters.JUnitReportReporter -->
<testsuite hostname="DESKTOP-N7K85DJ" name="Warranty_Test_Case_Prod.Our_Partner" tests="6" failures="0" timestamp="1 Mar 2022 16:43:41 GMT" time="411.139" errors="0">
  <testcase name="Partner1" time="68.193" classname="Warranty_Test_Case_Prod.Our_Partner"/>
  <testcase name="Partner2" time="70.887" classname="Warranty_Test_Case_Prod.Our_Partner"/>
  <testcase name="Partner4" time="71.049" classname="Warranty_Test_Case_Prod.Our_Partner"/>
  <testcase name="Partner5" time="67.668" classname="Warranty_Test_Case_Prod.Our_Partner"/>
  <testcase name="Partner3" time="67.886" classname="Warranty_Test_Case_Prod.Our_Partner"/>
  <testcase name="Partner6" time="65.456" classname="Warranty_Test_Case_Prod.Our_Partner"/>
</testsuite> <!-- Warranty_Test_Case_Prod.Our_Partner -->
