<?xml version="1.0" encoding="UTF-8"?>
<!-- Generated by org.testng.reporters.JUnitReportReporter -->
<testsuite hostname="DESKTOP-N7K85DJ" name="AUW_Test_Case_dev.AUW_CallUpdate" tests="2" failures="0" timestamp="23 Dec 2021 12:43:52 GMT" time="118.576" errors="0">
  <testcase name="main" time="58.807" classname="AUW_Test_Case_dev.AUW_CallUpdate"/>
  <testcase name="main" time="59.769" classname="AUW_Test_Case_dev.AUW_CallUpdate"/>
</testsuite> <!-- AUW_Test_Case_dev.AUW_CallUpdate -->
