<?xml version="1.0" encoding="UTF-8"?>
<!-- Generated by org.testng.reporters.JUnitReportReporter -->
<testsuite hostname="DESKTOP-N7K85DJ" name="MTL_Test_Cases_Prod.More_offers_TC" tests="2" failures="0" timestamp="4 Jan 2022 15:10:58 GMT" time="116.533" errors="0">
  <testcase name="More_offers" time="54.304" classname="MTL_Test_Cases_Prod.More_offers_TC"/>
  <testcase name="More_offers" time="62.229" classname="MTL_Test_Cases_Prod.More_offers_TC"/>
</testsuite> <!-- MTL_Test_Cases_Prod.More_offers_TC -->
