<?xml version="1.0" encoding="UTF-8"?>
<!-- Generated by org.testng.reporters.JUnitReportReporter -->
<testsuite hostname="DESKTOP-N7K85DJ" name="AFL_Test_Case_Prod.Footer_TC" tests="2" failures="0" timestamp="18 Feb 2022 14:06:49 GMT" time="160.031" errors="0">
  <testcase name="Footer" time="79.335" classname="AFL_Test_Case_Prod.Footer_TC"/>
  <testcase name="Footer" time="80.696" classname="AFL_Test_Case_Prod.Footer_TC"/>
</testsuite> <!-- AFL_Test_Case_Prod.Footer_TC -->
