<?xml version="1.0" encoding="UTF-8"?>
<!-- Generated by org.testng.reporters.JUnitReportReporter -->
<testsuite hostname="DESKTOP-N7K85DJ" name="AUW_Global_Test_Cases_Development.LearnMore_TC" tests="2" failures="0" timestamp="23 Feb 2022 12:36:01 GMT" time="66.595" errors="0">
  <testcase name="LearnMore" time="32.447" classname="AUW_Global_Test_Cases_Development.LearnMore_TC"/>
  <testcase name="LearnMore" time="34.148" classname="AUW_Global_Test_Cases_Development.LearnMore_TC"/>
</testsuite> <!-- AUW_Global_Test_Cases_Development.LearnMore_TC -->
