<?xml version="1.0" encoding="UTF-8"?>
<!-- Generated by org.testng.reporters.JUnitReportReporter -->
<testsuite hostname="DESKTOP-N7K85DJ" name="Promesa_Test_Case_Prod.Footer" tests="10" failures="0" timestamp="7 Mar 2022 11:16:52 GMT" time="398.919" errors="0">
  <testcase name="Footer_linkedin" time="32.036" classname="Promesa_Test_Case_Prod.Footer"/>
  <testcase name="Footer_PrivacyPolicy" time="32.330" classname="Promesa_Test_Case_Prod.Footer"/>
  <testcase name="Footer_instagram" time="17.960" classname="Promesa_Test_Case_Prod.Footer"/>
  <testcase name="Footer_facebook" time="30.707" classname="Promesa_Test_Case_Prod.Footer"/>
  <testcase name="Footer_PrivacyPolicy" time="65.576" classname="Promesa_Test_Case_Prod.Footer"/>
  <testcase name="Footer_linkedin" time="23.864" classname="Promesa_Test_Case_Prod.Footer"/>
  <testcase name="Footer_instagram" time="52.438" classname="Promesa_Test_Case_Prod.Footer"/>
  <testcase name="Footer_twitter" time="76.525" classname="Promesa_Test_Case_Prod.Footer"/>
  <testcase name="Footer_twitter" time="18.471" classname="Promesa_Test_Case_Prod.Footer"/>
  <testcase name="Footer_facebook" time="49.012" classname="Promesa_Test_Case_Prod.Footer"/>
</testsuite> <!-- Promesa_Test_Case_Prod.Footer -->
