<?xml version="1.0" encoding="UTF-8"?>
<!-- Generated by org.testng.reporters.JUnitReportReporter -->
<testsuite hostname="DESKTOP-N7K85DJ" name="Careers_Test_case_Prod.Footer" tests="10" failures="0" timestamp="16 Feb 2022 08:42:47 GMT" time="356.507" errors="0">
  <testcase name="AUW_Facebook" time="27.501" classname="Careers_Test_case_Prod.Footer"/>
  <testcase name="AUW_Instagram" time="22.878" classname="Careers_Test_case_Prod.Footer"/>
  <testcase name="AUW_Instagram" time="31.208" classname="Careers_Test_case_Prod.Footer"/>
  <testcase name="AUW_Linkedin" time="19.249" classname="Careers_Test_case_Prod.Footer"/>
  <testcase name="AUW_Facebook" time="75.928" classname="Careers_Test_case_Prod.Footer"/>
  <testcase name="AUW_Policy" time="53.286" classname="Careers_Test_case_Prod.Footer"/>
  <testcase name="AUW_Policy" time="36.184" classname="Careers_Test_case_Prod.Footer"/>
  <testcase name="AUW_Linkedin" time="34.797" classname="Careers_Test_case_Prod.Footer"/>
  <testcase name="AUW_twitter" time="22.769" classname="Careers_Test_case_Prod.Footer"/>
  <testcase name="AUW_twitter" time="32.707" classname="Careers_Test_case_Prod.Footer"/>
</testsuite> <!-- Careers_Test_case_Prod.Footer -->
