<?xml version="1.0" encoding="UTF-8"?>
<!-- Generated by org.testng.reporters.JUnitReportReporter -->
<testsuite hostname="DESKTOP-N7K85DJ" name="Promesa_Test_Case_Development.Footer" tests="2" failures="0" timestamp="24 Feb 2022 15:18:07 GMT" time="148.866" errors="0">
  <testcase name="Footer" time="75.431" classname="Promesa_Test_Case_Development.Footer"/>
  <testcase name="Footer" time="73.435" classname="Promesa_Test_Case_Development.Footer"/>
</testsuite> <!-- Promesa_Test_Case_Development.Footer -->
