<?xml version="1.0" encoding="UTF-8"?>
<!-- Generated by org.testng.reporters.JUnitReportReporter -->
<testsuite hostname="DESKTOP-N7K85DJ" name="MTL_Test_Cases_Prod.More_offers_TC" tests="2" failures="0" timestamp="24 Dec 2021 14:37:44 GMT" time="126.169" errors="0">
  <testcase name="More_offers" time="36.262" classname="MTL_Test_Cases_Prod.More_offers_TC"/>
  <testcase name="More_offers" time="89.907" classname="MTL_Test_Cases_Prod.More_offers_TC"/>
</testsuite> <!-- MTL_Test_Cases_Prod.More_offers_TC -->
