<?xml version="1.0" encoding="UTF-8"?>
<!-- Generated by org.testng.reporters.JUnitReportReporter -->
<testsuite hostname="DESKTOP-N7K85DJ" name="AUW_Test_Case_dev.AUW_NJ_Update" tests="2" failures="0" timestamp="9 Dec 2021 11:12:25 GMT" time="94.609" errors="0">
  <testcase name="main" time="44.949" classname="AUW_Test_Case_dev.AUW_NJ_Update"/>
  <testcase name="main" time="49.660" classname="AUW_Test_Case_dev.AUW_NJ_Update"/>
</testsuite> <!-- AUW_Test_Case_dev.AUW_NJ_Update -->
