<?xml version="1.0" encoding="UTF-8"?>
<!-- Generated by org.testng.reporters.JUnitReportReporter -->
<testsuite hostname="DESKTOP-N7K85DJ" name="Adler_TestCases_Prod.Home" tests="2" failures="0" timestamp="2 May 2022 07:01:07 GMT" time="100.442" errors="0">
  <testcase name="main_Home_Page" time="68.104" classname="Adler_TestCases_Prod.Home"/>
  <testcase name="main_Home_Page" time="32.338" classname="Adler_TestCases_Prod.Home"/>
</testsuite> <!-- Adler_TestCases_Prod.Home -->
