<?xml version="1.0" encoding="UTF-8"?>
<!-- Generated by org.testng.reporters.JUnitReportReporter -->
<testsuite hostname="DESKTOP-N7K85DJ" name="AUW_Test_case_prod.AUW_NJ_Update" tests="2" failures="0" timestamp="14 Mar 2022 11:43:39 GMT" time="129.418" errors="0">
  <testcase name="main" time="47.104" classname="AUW_Test_case_prod.AUW_NJ_Update"/>
  <testcase name="main" time="82.314" classname="AUW_Test_case_prod.AUW_NJ_Update"/>
</testsuite> <!-- AUW_Test_case_prod.AUW_NJ_Update -->
