<?xml version="1.0" encoding="UTF-8"?>
<!-- Generated by org.testng.reporters.JUnitReportReporter -->
<testsuite hostname="DESKTOP-N7K85DJ" name="Speciality_underwriters_Test_Case_Dev.About_Us" tests="2" failures="0" timestamp="18 Jan 2022 10:21:18 GMT" time="47.773" errors="0">
  <testcase name="Footer" time="20.349" classname="Speciality_underwriters_Test_Case_Dev.About_Us"/>
  <testcase name="Footer" time="27.424" classname="Speciality_underwriters_Test_Case_Dev.About_Us"/>
</testsuite> <!-- Speciality_underwriters_Test_Case_Dev.About_Us -->
