<?xml version="1.0" encoding="UTF-8"?>
<!-- Generated by org.testng.reporters.JUnitReportReporter -->
<testsuite hostname="DESKTOP-N7K85DJ" name="Casuality_Prod_TC.Menu_Press_Room" tests="2" failures="0" timestamp="1 Mar 2022 12:40:42 GMT" time="184.658" errors="0">
  <testcase name="HomePage" time="66.410" classname="Casuality_Prod_TC.Menu_Press_Room"/>
  <testcase name="HomePage" time="118.248" classname="Casuality_Prod_TC.Menu_Press_Room"/>
</testsuite> <!-- Casuality_Prod_TC.Menu_Press_Room -->
