<?xml version="1.0" encoding="UTF-8"?>
<!-- Generated by org.testng.reporters.JUnitReportReporter -->
<testsuite hostname="DESKTOP-N7K85DJ" name="Warranty_Test_Case_Prod.Contact_US" tests="2" failures="0" timestamp="30 Mar 2022 06:35:29 GMT" time="158.140" errors="0">
  <testcase name="ContactUS" time="50.660" classname="Warranty_Test_Case_Prod.Contact_US"/>
  <testcase name="ContactUS" time="107.480" classname="Warranty_Test_Case_Prod.Contact_US"/>
</testsuite> <!-- Warranty_Test_Case_Prod.Contact_US -->
