<?xml version="1.0" encoding="UTF-8"?>
<!-- Generated by org.testng.reporters.JUnitReportReporter -->
<testsuite hostname="DESKTOP-N7K85DJ" name="Adler_TestCases_Prod.Home" tests="2" failures="0" timestamp="24 Feb 2022 14:29:27 GMT" time="87.687" errors="0">
  <testcase name="main_Home_Page" time="53.163" classname="Adler_TestCases_Prod.Home"/>
  <testcase name="main_Home_Page" time="34.524" classname="Adler_TestCases_Prod.Home"/>
</testsuite> <!-- Adler_TestCases_Prod.Home -->
