<?xml version="1.0" encoding="UTF-8"?>
<!-- Generated by org.testng.reporters.JUnitReportReporter -->
<testsuite hostname="DESKTOP-N7K85DJ" name="Casuality_Prod_TC.Menu_About_US" tests="2" failures="0" timestamp="16 Mar 2022 12:48:23 GMT" time="139.609" errors="0">
  <testcase name="HomePage" time="85.319" classname="Casuality_Prod_TC.Menu_About_US"/>
  <testcase name="HomePage" time="54.290" classname="Casuality_Prod_TC.Menu_About_US"/>
</testsuite> <!-- Casuality_Prod_TC.Menu_About_US -->
