<?xml version="1.0" encoding="UTF-8"?>
<!-- Generated by org.testng.reporters.JUnitReportReporter -->
<testsuite hostname="DESKTOP-N7K85DJ" name="Solution_one_Development.Footer_Develop" tests="2" failures="0" timestamp="22 Dec 2021 14:58:12 GMT" time="132.944" errors="0">
  <testcase name="Footer" time="65.539" classname="Solution_one_Development.Footer_Develop"/>
  <testcase name="Footer" time="67.405" classname="Solution_one_Development.Footer_Develop"/>
</testsuite> <!-- Solution_one_Development.Footer_Develop -->
