<?xml version="1.0" encoding="UTF-8"?>
<!-- Generated by org.testng.reporters.JUnitReportReporter -->
<testsuite hostname="DESKTOP-N7K85DJ" name="Speciality_underwriters_Test_Case_Prod.Home_TC" tests="2" failures="0" timestamp="23 Feb 2022 11:40:24 GMT" time="79.135" errors="0">
  <testcase name="Footer" time="22.823" classname="Speciality_underwriters_Test_Case_Prod.Home_TC"/>
  <testcase name="Footer" time="56.312" classname="Speciality_underwriters_Test_Case_Prod.Home_TC"/>
</testsuite> <!-- Speciality_underwriters_Test_Case_Prod.Home_TC -->
