<?xml version="1.0" encoding="UTF-8"?>
<!-- Generated by org.testng.reporters.JUnitReportReporter -->
<testsuite hostname="DESKTOP-N7K85DJ" name="Credit_Global_Test_Cases_Prod.Home_TC" tests="8" failures="0" timestamp="31 Mar 2022 09:38:46 GMT" time="394.520" errors="0">
  <testcase name="HomePage_Header_ContactUS_btn" time="54.178" classname="Credit_Global_Test_Cases_Prod.Home_TC"/>
  <testcase name="HomePage_Header_login" time="55.986" classname="Credit_Global_Test_Cases_Prod.Home_TC"/>
  <testcase name="HomePage_Header_Our_approach" time="26.994" classname="Credit_Global_Test_Cases_Prod.Home_TC"/>
  <testcase name="HomePage_Header_What_weDo" time="72.076" classname="Credit_Global_Test_Cases_Prod.Home_TC"/>
  <testcase name="HomePage_Header_ContactUS_btn" time="84.589" classname="Credit_Global_Test_Cases_Prod.Home_TC"/>
  <testcase name="HomePage_Header_What_weDo" time="28.395" classname="Credit_Global_Test_Cases_Prod.Home_TC"/>
  <testcase name="HomePage_Header_login" time="42.515" classname="Credit_Global_Test_Cases_Prod.Home_TC"/>
  <testcase name="HomePage_Header_Our_approach" time="29.787" classname="Credit_Global_Test_Cases_Prod.Home_TC"/>
</testsuite> <!-- Credit_Global_Test_Cases_Prod.Home_TC -->
