<?xml version="1.0" encoding="UTF-8"?>
<!-- Generated by org.testng.reporters.JUnitReportReporter -->
<testsuite hostname="DESKTOP-N7K85DJ" name="Warranty_Test_Case_Prod.About_US" tests="2" failures="0" timestamp="23 May 2022 09:46:44 GMT" time="133.385" errors="0">
  <testcase name="Home_page" time="82.965" classname="Warranty_Test_Case_Prod.About_US"/>
  <testcase name="Home_page" time="50.420" classname="Warranty_Test_Case_Prod.About_US"/>
</testsuite> <!-- Warranty_Test_Case_Prod.About_US -->
