<?xml version="1.0" encoding="UTF-8"?>
<!-- Generated by org.testng.reporters.JUnitReportReporter -->
<testsuite hostname="DESKTOP-N7K85DJ" name="AUW_Test_Case_dev.AUW_NJ_Update" tests="2" failures="0" timestamp="4 Jan 2022 11:14:57 GMT" time="112.546" errors="0">
  <testcase name="main" time="48.031" classname="AUW_Test_Case_dev.AUW_NJ_Update"/>
  <testcase name="main" time="64.515" classname="AUW_Test_Case_dev.AUW_NJ_Update"/>
</testsuite> <!-- AUW_Test_Case_dev.AUW_NJ_Update -->
