<?xml version="1.0" encoding="UTF-8"?>
<!-- Generated by org.testng.reporters.JUnitReportReporter -->
<testsuite hostname="DESKTOP-N7K85DJ" name="Promesa_Test_Case_Prod.Change_language" tests="2" failures="0" timestamp="31 Mar 2022 13:16:00 GMT" time="22.282" errors="0">
  <testcase name="Change_Language" time="6.236" classname="Promesa_Test_Case_Prod.Change_language"/>
  <testcase name="Change_Language" time="16.046" classname="Promesa_Test_Case_Prod.Change_language"/>
</testsuite> <!-- Promesa_Test_Case_Prod.Change_language -->
