<?xml version="1.0" encoding="UTF-8"?>
<!-- Generated by org.testng.reporters.JUnitReportReporter -->
<testsuite hostname="DESKTOP-N7K85DJ" name="Promesa_Test_Case_Prod.Change_language" tests="2" failures="0" timestamp="21 Mar 2022 16:29:59 GMT" time="19.226" errors="0">
  <testcase name="Change_Language" time="6.459" classname="Promesa_Test_Case_Prod.Change_language"/>
  <testcase name="Change_Language" time="12.767" classname="Promesa_Test_Case_Prod.Change_language"/>
</testsuite> <!-- Promesa_Test_Case_Prod.Change_language -->
