<?xml version="1.0" encoding="UTF-8"?>
<!-- Generated by org.testng.reporters.JUnitReportReporter -->
<testsuite hostname="DESKTOP-N7K85DJ" name="MTL_Test_Cases_Prod.Home_URL" tests="2" failures="0" timestamp="22 Apr 2022 10:04:10 GMT" time="105.973" errors="0">
  <testcase name="Footer" time="43.501" classname="MTL_Test_Cases_Prod.Home_URL"/>
  <testcase name="Footer" time="62.472" classname="MTL_Test_Cases_Prod.Home_URL"/>
</testsuite> <!-- MTL_Test_Cases_Prod.Home_URL -->
