<?xml version="1.0" encoding="UTF-8"?>
<!-- Generated by org.testng.reporters.JUnitReportReporter -->
<testsuite hostname="DESKTOP-N7K85DJ" name="Tradewel_Test_Cases_Development.About_US" tests="1" failures="0" timestamp="9 Jun 2022 14:42:54 GMT" time="47.977" errors="0">
  <testcase name="main_Home_Page" time="47.977" classname="Tradewel_Test_Cases_Development.About_US"/>
</testsuite> <!-- Tradewel_Test_Cases_Development.About_US -->
