<?xml version="1.0" encoding="UTF-8"?>
<!-- Generated by org.testng.reporters.JUnitReportReporter -->
<testsuite hostname="DESKTOP-N7K85DJ" name="AUW_Test_case_prod.AUW_Intelligence_TC" tests="2" failures="0" timestamp="22 Apr 2022 10:04:10 GMT" time="214.263" errors="0">
  <testcase name="main" time="87.294" classname="AUW_Test_case_prod.AUW_Intelligence_TC"/>
  <testcase name="main" time="126.969" classname="AUW_Test_case_prod.AUW_Intelligence_TC"/>
</testsuite> <!-- AUW_Test_case_prod.AUW_Intelligence_TC -->
