<?xml version="1.0" encoding="UTF-8"?>
<!-- Generated by org.testng.reporters.JUnitReportReporter -->
<testsuite hostname="DESKTOP-N7K85DJ" name="AFL_Test_Case_Prod.Footer_TC" tests="2" failures="0" timestamp="15 Dec 2021 11:56:30 GMT" time="153.302" errors="0">
  <testcase name="Footer" time="78.224" classname="AFL_Test_Case_Prod.Footer_TC"/>
  <testcase name="Footer" time="75.078" classname="AFL_Test_Case_Prod.Footer_TC"/>
</testsuite> <!-- AFL_Test_Case_Prod.Footer_TC -->
