<?xml version="1.0" encoding="UTF-8"?>
<!-- Generated by org.testng.reporters.JUnitReportReporter -->
<testsuite hostname="DESKTOP-N7K85DJ" name="AUW_Test_case_prod.AUW_header_web_Prod" tests="2" failures="0" timestamp="22 Dec 2021 09:39:17 GMT" time="113.106" errors="0">
  <testcase name="main" time="49.214" classname="AUW_Test_case_prod.AUW_header_web_Prod"/>
  <testcase name="main" time="63.892" classname="AUW_Test_case_prod.AUW_header_web_Prod"/>
</testsuite> <!-- AUW_Test_case_prod.AUW_header_web_Prod -->
