<?xml version="1.0" encoding="UTF-8"?>
<!-- Generated by org.testng.reporters.JUnitReportReporter -->
<testsuite hostname="DESKTOP-N7K85DJ" name="Casuality_Prod_TC.Menu_Contact_Us" tests="2" failures="0" timestamp="26 Apr 2022 09:47:26 GMT" time="85.667" errors="0">
  <testcase name="HomePage" time="53.248" classname="Casuality_Prod_TC.Menu_Contact_Us"/>
  <testcase name="HomePage" time="32.419" classname="Casuality_Prod_TC.Menu_Contact_Us"/>
</testsuite> <!-- Casuality_Prod_TC.Menu_Contact_Us -->
