<?xml version="1.0" encoding="UTF-8"?>
<!-- Generated by org.testng.reporters.JUnitReportReporter -->
<testsuite hostname="DESKTOP-N7K85DJ" name="Casuality_Prod_TC.Menu_Press_Room" tests="2" failures="0" timestamp="1 Apr 2022 10:47:35 GMT" time="153.035" errors="0">
  <testcase name="HomePage" time="59.446" classname="Casuality_Prod_TC.Menu_Press_Room"/>
  <testcase name="HomePage" time="93.589" classname="Casuality_Prod_TC.Menu_Press_Room"/>
</testsuite> <!-- Casuality_Prod_TC.Menu_Press_Room -->
