<?xml version="1.0" encoding="UTF-8"?>
<!-- Generated by org.testng.reporters.JUnitReportReporter -->
<testsuite hostname="DESKTOP-N7K85DJ" name="Careers_Test_case_Prod.Footer" tests="10" failures="0" timestamp="18 Feb 2022 15:28:04 GMT" time="215.572" errors="0">
  <testcase name="AUW_Policy" time="28.781" classname="Careers_Test_case_Prod.Footer"/>
  <testcase name="AUW_twitter" time="19.054" classname="Careers_Test_case_Prod.Footer"/>
  <testcase name="AUW_Facebook" time="26.443" classname="Careers_Test_case_Prod.Footer"/>
  <testcase name="AUW_Linkedin" time="17.617" classname="Careers_Test_case_Prod.Footer"/>
  <testcase name="AUW_Instagram" time="14.799" classname="Careers_Test_case_Prod.Footer"/>
  <testcase name="AUW_Linkedin" time="18.443" classname="Careers_Test_case_Prod.Footer"/>
  <testcase name="AUW_Facebook" time="21.732" classname="Careers_Test_case_Prod.Footer"/>
  <testcase name="AUW_twitter" time="18.529" classname="Careers_Test_case_Prod.Footer"/>
  <testcase name="AUW_Instagram" time="17.391" classname="Careers_Test_case_Prod.Footer"/>
  <testcase name="AUW_Policy" time="32.783" classname="Careers_Test_case_Prod.Footer"/>
</testsuite> <!-- Careers_Test_case_Prod.Footer -->
