<?xml version="1.0" encoding="UTF-8"?>
<!-- Generated by org.testng.reporters.JUnitReportReporter -->
<testsuite hostname="DESKTOP-N7K85DJ" name="AUW_Test_case_prod.AUW_Experience" tests="2" failures="0" timestamp="27 Jan 2022 13:33:16 GMT" time="733.318" errors="0">
  <testcase name="main" time="330.041" classname="AUW_Test_case_prod.AUW_Experience"/>
  <testcase name="main" time="403.277" classname="AUW_Test_case_prod.AUW_Experience"/>
</testsuite> <!-- AUW_Test_case_prod.AUW_Experience -->
