<?xml version="1.0" encoding="UTF-8"?>
<!-- Generated by org.testng.reporters.JUnitReportReporter -->
<testsuite hostname="DESKTOP-N7K85DJ" name="AUW_Test_Case_dev.AUW_CallUpdate" tests="2" failures="0" timestamp="17 Feb 2022 14:18:51 GMT" time="130.126" errors="0">
  <testcase name="main" time="71.495" classname="AUW_Test_Case_dev.AUW_CallUpdate"/>
  <testcase name="main" time="58.631" classname="AUW_Test_Case_dev.AUW_CallUpdate"/>
</testsuite> <!-- AUW_Test_Case_dev.AUW_CallUpdate -->
