<?xml version="1.0" encoding="UTF-8"?>
<!-- Generated by org.testng.reporters.JUnitReportReporter -->
<testsuite hostname="DESKTOP-N7K85DJ" name="Casuality_Prod_TC.Menu_Press_Room" tests="2" failures="0" timestamp="10 Feb 2022 16:45:42 GMT" time="134.190" errors="0">
  <testcase name="HomePage" time="70.336" classname="Casuality_Prod_TC.Menu_Press_Room"/>
  <testcase name="HomePage" time="63.854" classname="Casuality_Prod_TC.Menu_Press_Room"/>
</testsuite> <!-- Casuality_Prod_TC.Menu_Press_Room -->
