<?xml version="1.0" encoding="UTF-8"?>
<!-- Generated by org.testng.reporters.JUnitReportReporter -->
<testsuite hostname="DESKTOP-N7K85DJ" name="Careers_Test_case_Prod.Footer" tests="10" failures="0" timestamp="21 Mar 2022 16:37:33 GMT" time="208.034" errors="0">
  <testcase name="AUW_Facebook" time="24.640" classname="Careers_Test_case_Prod.Footer"/>
  <testcase name="AUW_twitter" time="21.211" classname="Careers_Test_case_Prod.Footer"/>
  <testcase name="AUW_Linkedin" time="17.246" classname="Careers_Test_case_Prod.Footer"/>
  <testcase name="AUW_Instagram" time="12.684" classname="Careers_Test_case_Prod.Footer"/>
  <testcase name="AUW_Facebook" time="23.278" classname="Careers_Test_case_Prod.Footer"/>
  <testcase name="AUW_twitter" time="18.775" classname="Careers_Test_case_Prod.Footer"/>
  <testcase name="AUW_Policy" time="27.268" classname="Careers_Test_case_Prod.Footer"/>
  <testcase name="AUW_Instagram" time="16.815" classname="Careers_Test_case_Prod.Footer"/>
  <testcase name="AUW_Linkedin" time="14.227" classname="Careers_Test_case_Prod.Footer"/>
  <testcase name="AUW_Policy" time="31.890" classname="Careers_Test_case_Prod.Footer"/>
</testsuite> <!-- Careers_Test_case_Prod.Footer -->
