<?xml version="1.0" encoding="UTF-8"?>
<!-- Generated by org.testng.reporters.JUnitReportReporter -->
<testsuite hostname="DESKTOP-N7K85DJ" name="Casuality_Prod_TC.Menu_Press_Room" tests="2" failures="0" timestamp="23 May 2022 09:46:43 GMT" time="172.773" errors="0">
  <testcase name="HomePage" time="109.327" classname="Casuality_Prod_TC.Menu_Press_Room"/>
  <testcase name="HomePage" time="63.446" classname="Casuality_Prod_TC.Menu_Press_Room"/>
</testsuite> <!-- Casuality_Prod_TC.Menu_Press_Room -->
