<?xml version="1.0" encoding="UTF-8"?>
<!-- Generated by org.testng.reporters.JUnitReportReporter -->
<testsuite hostname="DESKTOP-N7K85DJ" name="Promesa_Test_Case_Development.Change_language" tests="2" failures="0" timestamp="24 Feb 2022 15:18:06 GMT" time="28.251" errors="0">
  <testcase name="Change_Language" time="10.009" classname="Promesa_Test_Case_Development.Change_language"/>
  <testcase name="Change_Language" time="18.242" classname="Promesa_Test_Case_Development.Change_language"/>
</testsuite> <!-- Promesa_Test_Case_Development.Change_language -->
