<?xml version="1.0" encoding="UTF-8"?>
<!-- Generated by org.testng.reporters.JUnitReportReporter -->
<testsuite hostname="DESKTOP-N7K85DJ" name="Warranty_Test_Case_Prod.About_US" tests="2" failures="0" timestamp="10 May 2022 11:54:17 GMT" time="122.867" errors="0">
  <testcase name="Home_page" time="48.800" classname="Warranty_Test_Case_Prod.About_US"/>
  <testcase name="Home_page" time="74.067" classname="Warranty_Test_Case_Prod.About_US"/>
</testsuite> <!-- Warranty_Test_Case_Prod.About_US -->
