<?xml version="1.0" encoding="UTF-8"?>
<!-- Generated by org.testng.reporters.JUnitReportReporter -->
<testsuite hostname="DESKTOP-N7K85DJ" name="Promesa_Test_Case_Development.Footer" tests="2" failures="0" timestamp="8 Mar 2022 10:47:11 GMT" time="176.117" errors="0">
  <testcase name="Footer" time="91.214" classname="Promesa_Test_Case_Development.Footer"/>
  <testcase name="Footer" time="84.903" classname="Promesa_Test_Case_Development.Footer"/>
</testsuite> <!-- Promesa_Test_Case_Development.Footer -->
