<?xml version="1.0" encoding="UTF-8"?>
<!-- Generated by org.testng.reporters.JUnitReportReporter -->
<testsuite hostname="DESKTOP-N7K85DJ" name="AFL_Test_Case_Prod.AboutUS_OutsideUS" tests="2" failures="0" timestamp="12 Jan 2022 15:20:27 GMT" time="158.346" errors="0">
  <testcase name="main_Home_Page" time="122.963" classname="AFL_Test_Case_Prod.AboutUS_OutsideUS"/>
  <testcase name="main_Home_Page" time="35.383" classname="AFL_Test_Case_Prod.AboutUS_OutsideUS"/>
</testsuite> <!-- AFL_Test_Case_Prod.AboutUS_OutsideUS -->
