<?xml version="1.0" encoding="UTF-8"?>
<!-- Generated by org.testng.reporters.JUnitReportReporter -->
<testsuite hostname="DESKTOP-N7K85DJ" name="AFL_Test_Case_Prod.Footer_TC" tests="2" failures="0" timestamp="27 Dec 2021 15:43:57 GMT" time="147.178" errors="0">
  <testcase name="Footer" time="68.674" classname="AFL_Test_Case_Prod.Footer_TC"/>
  <testcase name="Footer" time="78.504" classname="AFL_Test_Case_Prod.Footer_TC"/>
</testsuite> <!-- AFL_Test_Case_Prod.Footer_TC -->
