<?xml version="1.0" encoding="UTF-8"?>
<!-- Generated by org.testng.reporters.JUnitReportReporter -->
<testsuite hostname="DESKTOP-N7K85DJ" name="Warranty_Test_Case_Dev.Contact_US" tests="2" failures="0" timestamp="10 Feb 2022 13:28:21 GMT" time="183.281" errors="0">
  <testcase name="ContactUS" time="60.266" classname="Warranty_Test_Case_Dev.Contact_US"/>
  <testcase name="ContactUS" time="123.015" classname="Warranty_Test_Case_Dev.Contact_US"/>
</testsuite> <!-- Warranty_Test_Case_Dev.Contact_US -->
