<?xml version="1.0" encoding="UTF-8"?>
<!-- Generated by org.testng.reporters.JUnitReportReporter -->
<testsuite hostname="DESKTOP-N7K85DJ" name="AUW_Test_case_prod.AUW_header_web_Prod" tests="2" failures="0" timestamp="5 May 2022 09:54:47 GMT" time="120.811" errors="0">
  <testcase name="main" time="60.175" classname="AUW_Test_case_prod.AUW_header_web_Prod"/>
  <testcase name="main" time="60.636" classname="AUW_Test_case_prod.AUW_header_web_Prod"/>
</testsuite> <!-- AUW_Test_case_prod.AUW_header_web_Prod -->
