<?xml version="1.0" encoding="UTF-8"?>
<!-- Generated by org.testng.reporters.JUnitReportReporter -->
<testsuite hostname="DESKTOP-N7K85DJ" name="AUW_Test_case_prod.AUW_Experience" tests="2" failures="0" timestamp="11 Feb 2022 12:38:07 GMT" time="704.083" errors="0">
  <testcase name="main" time="377.256" classname="AUW_Test_case_prod.AUW_Experience"/>
  <testcase name="main" time="326.827" classname="AUW_Test_case_prod.AUW_Experience"/>
</testsuite> <!-- AUW_Test_case_prod.AUW_Experience -->
