<?xml version="1.0" encoding="UTF-8"?>
<!-- Generated by org.testng.reporters.JUnitReportReporter -->
<testsuite hostname="DESKTOP-N7K85DJ" name="AFL_Test_Case_Prod.Footer_TC" tests="2" failures="0" timestamp="12 Jan 2022 15:20:27 GMT" time="210.996" errors="0">
  <testcase name="Footer" time="77.438" classname="AFL_Test_Case_Prod.Footer_TC"/>
  <testcase name="Footer" time="133.558" classname="AFL_Test_Case_Prod.Footer_TC"/>
</testsuite> <!-- AFL_Test_Case_Prod.Footer_TC -->
