<?xml version="1.0" encoding="UTF-8"?>
<!-- Generated by org.testng.reporters.JUnitReportReporter -->
<testsuite hostname="DESKTOP-N7K85DJ" name="AUW_Test_case_prod.AUW_CallUpdate" tests="2" failures="0" timestamp="8 Mar 2022 09:14:16 GMT" time="234.275" errors="0">
  <testcase name="main" time="175.390" classname="AUW_Test_case_prod.AUW_CallUpdate"/>
  <testcase name="main" time="58.885" classname="AUW_Test_case_prod.AUW_CallUpdate"/>
</testsuite> <!-- AUW_Test_case_prod.AUW_CallUpdate -->
