<?xml version="1.0" encoding="UTF-8"?>
<!-- Generated by org.testng.reporters.JUnitReportReporter -->
<testsuite hostname="DESKTOP-N7K85DJ" name="Adler_TestCases_Prod.News" tests="2" failures="0" timestamp="12 Jan 2022 15:20:27 GMT" time="415.733" errors="0">
  <testcase name="main_Home_Page" time="286.758" classname="Adler_TestCases_Prod.News"/>
  <testcase name="main_Home_Page" time="128.975" classname="Adler_TestCases_Prod.News"/>
</testsuite> <!-- Adler_TestCases_Prod.News -->
