<?xml version="1.0" encoding="UTF-8"?>
<!-- Generated by org.testng.reporters.JUnitReportReporter -->
<testsuite hostname="DESKTOP-N7K85DJ" name="AUW_Test_Case_dev.AUW_Experience" tests="2" failures="0" timestamp="12 Jan 2022 10:17:31 GMT" time="756.517" errors="0">
  <testcase name="main" time="347.720" classname="AUW_Test_Case_dev.AUW_Experience"/>
  <testcase name="main" time="408.797" classname="AUW_Test_Case_dev.AUW_Experience"/>
</testsuite> <!-- AUW_Test_Case_dev.AUW_Experience -->
