<?xml version="1.0" encoding="UTF-8"?>
<!-- Generated by org.testng.reporters.JUnitReportReporter -->
<testsuite hostname="DESKTOP-N7K85DJ" name="AUW_Test_case_prod.AUW_header_web_Prod" tests="2" failures="0" timestamp="16 Dec 2021 09:47:07 GMT" time="107.510" errors="0">
  <testcase name="main" time="58.789" classname="AUW_Test_case_prod.AUW_header_web_Prod"/>
  <testcase name="main" time="48.721" classname="AUW_Test_case_prod.AUW_header_web_Prod"/>
</testsuite> <!-- AUW_Test_case_prod.AUW_header_web_Prod -->
