<?xml version="1.0" encoding="UTF-8"?>
<!-- Generated by org.testng.reporters.JUnitReportReporter -->
<testsuite hostname="DESKTOP-N7K85DJ" name="Adler_TestCases_Prod.News" tests="2" failures="0" timestamp="30 Dec 2021 15:02:05 GMT" time="248.481" errors="0">
  <testcase name="main_Home_Page" time="122.731" classname="Adler_TestCases_Prod.News"/>
  <testcase name="main_Home_Page" time="125.750" classname="Adler_TestCases_Prod.News"/>
</testsuite> <!-- Adler_TestCases_Prod.News -->
