<?xml version="1.0" encoding="UTF-8"?>
<!-- Generated by org.testng.reporters.JUnitReportReporter -->
<testsuite hostname="DESKTOP-N7K85DJ" name="Solution_one_Development.Footer_Develop" tests="2" failures="0" timestamp="23 Feb 2022 12:36:01 GMT" time="230.959" errors="0">
  <testcase name="Footer" time="132.281" classname="Solution_one_Development.Footer_Develop"/>
  <testcase name="Footer" time="98.678" classname="Solution_one_Development.Footer_Develop"/>
</testsuite> <!-- Solution_one_Development.Footer_Develop -->
