<?xml version="1.0" encoding="UTF-8"?>
<!-- Generated by org.testng.reporters.JUnitReportReporter -->
<testsuite hostname="DESKTOP-N7K85DJ" name="Warranty_Test_Case_Dev.Our_Partner" tests="12" failures="0" timestamp="11 Feb 2022 14:03:17 GMT" time="1084.480" errors="0">
  <testcase name="Partner3" time="80.098" classname="Warranty_Test_Case_Dev.Our_Partner"/>
  <testcase name="Partner5" time="91.070" classname="Warranty_Test_Case_Dev.Our_Partner"/>
  <testcase name="Partner1" time="109.067" classname="Warranty_Test_Case_Dev.Our_Partner"/>
  <testcase name="Partner1" time="113.439" classname="Warranty_Test_Case_Dev.Our_Partner"/>
  <testcase name="Partner2" time="97.304" classname="Warranty_Test_Case_Dev.Our_Partner"/>
  <testcase name="Partner4" time="80.135" classname="Warranty_Test_Case_Dev.Our_Partner"/>
  <testcase name="Partner5" time="76.185" classname="Warranty_Test_Case_Dev.Our_Partner"/>
  <testcase name="Partner6" time="82.911" classname="Warranty_Test_Case_Dev.Our_Partner"/>
  <testcase name="Partner3" time="82.852" classname="Warranty_Test_Case_Dev.Our_Partner"/>
  <testcase name="Partner2" time="99.078" classname="Warranty_Test_Case_Dev.Our_Partner"/>
  <testcase name="Partner6" time="78.933" classname="Warranty_Test_Case_Dev.Our_Partner"/>
  <testcase name="Partner4" time="93.408" classname="Warranty_Test_Case_Dev.Our_Partner"/>
</testsuite> <!-- Warranty_Test_Case_Dev.Our_Partner -->
