<?xml version="1.0" encoding="UTF-8"?>
<!-- Generated by org.testng.reporters.JUnitReportReporter -->
<testsuite hostname="DESKTOP-N7K85DJ" name="AUW_Test_case_prod.AUW_NJ_Update" tests="2" failures="0" timestamp="11 Feb 2022 12:38:07 GMT" time="164.032" errors="0">
  <testcase name="main" time="55.416" classname="AUW_Test_case_prod.AUW_NJ_Update"/>
  <testcase name="main" time="108.616" classname="AUW_Test_case_prod.AUW_NJ_Update"/>
</testsuite> <!-- AUW_Test_case_prod.AUW_NJ_Update -->
