<?xml version="1.0" encoding="UTF-8"?>
<!-- Generated by org.testng.reporters.JUnitReportReporter -->
<testsuite hostname="DESKTOP-N7K85DJ" name="Speciality_underwriters_Test_Case_Prod.Home_TC" tests="2" failures="0" timestamp="15 Feb 2022 15:16:06 GMT" time="76.444" errors="0">
  <testcase name="Footer" time="27.123" classname="Speciality_underwriters_Test_Case_Prod.Home_TC"/>
  <testcase name="Footer" time="49.321" classname="Speciality_underwriters_Test_Case_Prod.Home_TC"/>
</testsuite> <!-- Speciality_underwriters_Test_Case_Prod.Home_TC -->
