<?xml version="1.0" encoding="UTF-8"?>
<!-- Generated by org.testng.reporters.JUnitReportReporter -->
<testsuite hostname="DESKTOP-N7K85DJ" name="MTL_Test_Cases_Prod.What_we_offer_URL_TC" tests="2" failures="0" timestamp="23 Feb 2022 11:40:24 GMT" time="244.356" errors="0">
  <testcase name="Heading" time="91.165" classname="MTL_Test_Cases_Prod.What_we_offer_URL_TC"/>
  <testcase name="Heading" time="153.191" classname="MTL_Test_Cases_Prod.What_we_offer_URL_TC"/>
</testsuite> <!-- MTL_Test_Cases_Prod.What_we_offer_URL_TC -->
