<?xml version="1.0" encoding="UTF-8"?>
<!-- Generated by org.testng.reporters.JUnitReportReporter -->
<testsuite hostname="DESKTOP-N7K85DJ" name="Adler_TestCases_Development.Home" tests="2" failures="0" timestamp="27 Jun 2022 09:53:43 GMT" time="70.881" errors="0">
  <testcase name="main_Home_Page" time="36.425" classname="Adler_TestCases_Development.Home"/>
  <testcase name="main_Home_Page" time="34.456" classname="Adler_TestCases_Development.Home"/>
</testsuite> <!-- Adler_TestCases_Development.Home -->
