<?xml version="1.0" encoding="UTF-8"?>
<!-- Generated by org.testng.reporters.JUnitReportReporter -->
<testsuite hostname="DESKTOP-N7K85DJ" name="AUW_Test_Case_dev.AUW_header_web_Development" tests="2" failures="0" timestamp="22 Dec 2021 14:58:12 GMT" time="119.090" errors="0">
  <testcase name="main" time="68.055" classname="AUW_Test_Case_dev.AUW_header_web_Development"/>
  <testcase name="main" time="51.035" classname="AUW_Test_Case_dev.AUW_header_web_Development"/>
</testsuite> <!-- AUW_Test_Case_dev.AUW_header_web_Development -->
