<?xml version="1.0" encoding="UTF-8"?>
<!-- Generated by org.testng.reporters.JUnitReportReporter -->
<testsuite hostname="DESKTOP-N7K85DJ" name="Adler_TestCases_Development.News" tests="1" failures="0" timestamp="22 Dec 2021 16:49:03 GMT" time="155.225" errors="0">
  <testcase name="main_Home_Page" time="155.225" classname="Adler_TestCases_Development.News"/>
</testsuite> <!-- Adler_TestCases_Development.News -->
