<?xml version="1.0" encoding="UTF-8"?>
<!-- Generated by org.testng.reporters.JUnitReportReporter -->
<testsuite hostname="DESKTOP-N7K85DJ" name="Promesa_Test_Case_Prod.Side_Heading_Two" tests="1" failures="0" timestamp="27 Dec 2021 15:43:57 GMT" time="21.611" errors="0">
  <testcase name="Siheading_2" time="21.611" classname="Promesa_Test_Case_Prod.Side_Heading_Two"/>
</testsuite> <!-- Promesa_Test_Case_Prod.Side_Heading_Two -->
