<?xml version="1.0" encoding="UTF-8"?>
<!-- Generated by org.testng.reporters.JUnitReportReporter -->
<testsuite hostname="DESKTOP-N7K85DJ" name="AUW_Test_case_prod.AUW_AboutUS" tests="2" failures="0" timestamp="11 Feb 2022 12:38:07 GMT" time="209.720" errors="0">
  <testcase name="AboutUS" time="125.076" classname="AUW_Test_case_prod.AUW_AboutUS"/>
  <testcase name="AboutUS" time="84.644" classname="AUW_Test_case_prod.AUW_AboutUS"/>
</testsuite> <!-- AUW_Test_case_prod.AUW_AboutUS -->
