<?xml version="1.0" encoding="UTF-8"?>
<!-- Generated by org.testng.reporters.JUnitReportReporter -->
<testsuite hostname="DESKTOP-N7K85DJ" name="AUW_Test_case_prod.AUW_PPP" tests="2" failures="0" timestamp="4 Feb 2022 10:36:28 GMT" time="129.990" errors="0">
  <testcase name="main" time="101.394" classname="AUW_Test_case_prod.AUW_PPP"/>
  <testcase name="main" time="28.596" classname="AUW_Test_case_prod.AUW_PPP"/>
</testsuite> <!-- AUW_Test_case_prod.AUW_PPP -->
