<?xml version="1.0" encoding="UTF-8"?>
<!-- Generated by org.testng.reporters.JUnitReportReporter -->
<testsuite hostname="DESKTOP-N7K85DJ" name="MTL_Test_Cases_Prod.More_offers_TC" tests="2" failures="0" timestamp="5 May 2022 09:54:47 GMT" time="102.201" errors="0">
  <testcase name="More_offers" time="54.622" classname="MTL_Test_Cases_Prod.More_offers_TC"/>
  <testcase name="More_offers" time="47.579" classname="MTL_Test_Cases_Prod.More_offers_TC"/>
</testsuite> <!-- MTL_Test_Cases_Prod.More_offers_TC -->
