<?xml version="1.0" encoding="UTF-8"?>
<!-- Generated by org.testng.reporters.JUnitReportReporter -->
<testsuite hostname="DESKTOP-N7K85DJ" name="Adler_TestCases_Development.News" tests="2" failures="0" timestamp="5 Jan 2022 12:51:26 GMT" time="323.664" errors="0">
  <testcase name="main_Home_Page" time="148.869" classname="Adler_TestCases_Development.News"/>
  <testcase name="main_Home_Page" time="174.795" classname="Adler_TestCases_Development.News"/>
</testsuite> <!-- Adler_TestCases_Development.News -->
