<?xml version="1.0" encoding="UTF-8"?>
<!-- Generated by org.testng.reporters.JUnitReportReporter -->
<testsuite hostname="DESKTOP-N7K85DJ" name="Careers_Test_case_Prod.Footer" tests="10" failures="0" timestamp="23 Mar 2022 12:03:17 GMT" time="559.151" errors="0">
  <testcase name="AUW_Linkedin" time="20.465" classname="Careers_Test_case_Prod.Footer"/>
  <testcase name="AUW_Linkedin" time="82.972" classname="Careers_Test_case_Prod.Footer"/>
  <testcase name="AUW_Instagram" time="96.216" classname="Careers_Test_case_Prod.Footer"/>
  <testcase name="AUW_Facebook" time="26.415" classname="Careers_Test_case_Prod.Footer"/>
  <testcase name="AUW_twitter" time="115.051" classname="Careers_Test_case_Prod.Footer"/>
  <testcase name="AUW_Instagram" time="18.632" classname="Careers_Test_case_Prod.Footer"/>
  <testcase name="AUW_Policy" time="43.366" classname="Careers_Test_case_Prod.Footer"/>
  <testcase name="AUW_Policy" time="41.132" classname="Careers_Test_case_Prod.Footer"/>
  <testcase name="AUW_twitter" time="22.467" classname="Careers_Test_case_Prod.Footer"/>
  <testcase name="AUW_Facebook" time="92.435" classname="Careers_Test_case_Prod.Footer"/>
</testsuite> <!-- Careers_Test_case_Prod.Footer -->
