<?xml version="1.0" encoding="UTF-8"?>
<!-- Generated by org.testng.reporters.JUnitReportReporter -->
<testsuite hostname="DESKTOP-N7K85DJ" name="AUW_Global_Test_Cases_Prod.Home_More" tests="1" failures="0" timestamp="24 Dec 2021 14:37:44 GMT" time="62.852" errors="0">
  <testcase name="More_button" time="62.852" classname="AUW_Global_Test_Cases_Prod.Home_More"/>
</testsuite> <!-- AUW_Global_Test_Cases_Prod.Home_More -->
