<?xml version="1.0" encoding="UTF-8"?>
<!-- Generated by org.testng.reporters.JUnitReportReporter -->
<testsuite hostname="DESKTOP-N7K85DJ" name="Promesa_Test_Case_Development.Change_language" tests="2" failures="0" timestamp="10 Feb 2022 14:59:57 GMT" time="26.582" errors="0">
  <testcase name="Change_Language" time="17.582" classname="Promesa_Test_Case_Development.Change_language"/>
  <testcase name="Change_Language" time="9.000" classname="Promesa_Test_Case_Development.Change_language"/>
</testsuite> <!-- Promesa_Test_Case_Development.Change_language -->
