<?xml version="1.0" encoding="UTF-8"?>
<!-- Generated by org.testng.reporters.JUnitReportReporter -->
<testsuite hostname="DESKTOP-N7K85DJ" name="Promesa_Test_Case_Prod.Pharmacy_search" tests="2" failures="0" timestamp="2 May 2022 07:01:07 GMT" time="274.201" errors="0">
  <testcase name="Side_Heading_One" time="135.527" classname="Promesa_Test_Case_Prod.Pharmacy_search"/>
  <testcase name="Side_Heading_One" time="138.674" classname="Promesa_Test_Case_Prod.Pharmacy_search"/>
</testsuite> <!-- Promesa_Test_Case_Prod.Pharmacy_search -->
