<?xml version="1.0" encoding="UTF-8"?>
<!-- Generated by org.testng.reporters.JUnitReportReporter -->
<testsuite hostname="DESKTOP-N7K85DJ" name="AUW_Test_Case_dev.AUW_Experience" tests="2" failures="0" timestamp="4 Mar 2022 12:50:00 GMT" time="745.444" errors="0">
  <testcase name="main" time="348.848" classname="AUW_Test_Case_dev.AUW_Experience"/>
  <testcase name="main" time="396.596" classname="AUW_Test_Case_dev.AUW_Experience"/>
</testsuite> <!-- AUW_Test_Case_dev.AUW_Experience -->
