<?xml version="1.0" encoding="UTF-8"?>
<!-- Generated by org.testng.reporters.JUnitReportReporter -->
<testsuite hostname="DESKTOP-N7K85DJ" name="Adler_TestCases_Prod.Home" tests="2" failures="0" timestamp="25 Feb 2022 12:26:47 GMT" time="72.635" errors="0">
  <testcase name="main_Home_Page" time="36.665" classname="Adler_TestCases_Prod.Home"/>
  <testcase name="main_Home_Page" time="35.970" classname="Adler_TestCases_Prod.Home"/>
</testsuite> <!-- Adler_TestCases_Prod.Home -->
