<?xml version="1.0" encoding="UTF-8"?>
<!-- Generated by org.testng.reporters.JUnitReportReporter -->
<testsuite hostname="DESKTOP-N7K85DJ" name="Warranty_Test_Case_Prod.Partner_With_US" tests="2" failures="0" timestamp="14 Jan 2022 12:33:11 GMT" time="127.519" errors="0">
  <testcase name="partner" time="108.304" classname="Warranty_Test_Case_Prod.Partner_With_US"/>
  <testcase name="partner" time="19.215" classname="Warranty_Test_Case_Prod.Partner_With_US"/>
</testsuite> <!-- Warranty_Test_Case_Prod.Partner_With_US -->
