<?xml version="1.0" encoding="UTF-8"?>
<!-- Generated by org.testng.reporters.JUnitReportReporter -->
<testsuite hostname="DESKTOP-N7K85DJ" name="Casuality_Prod_TC.Menu_Press_Room" tests="2" failures="0" timestamp="28 Feb 2022 06:59:29 GMT" time="197.278" errors="0">
  <testcase name="HomePage" time="64.163" classname="Casuality_Prod_TC.Menu_Press_Room"/>
  <testcase name="HomePage" time="133.115" classname="Casuality_Prod_TC.Menu_Press_Room"/>
</testsuite> <!-- Casuality_Prod_TC.Menu_Press_Room -->
