<?xml version="1.0" encoding="UTF-8"?>
<!-- Generated by org.testng.reporters.JUnitReportReporter -->
<testsuite hostname="DESKTOP-N7K85DJ" name="AFL_Test_Case_Prod.HomePage_TC" tests="2" failures="0" timestamp="27 Jan 2022 13:33:16 GMT" time="281.659" errors="0">
  <testcase name="Home_Page" time="124.807" classname="AFL_Test_Case_Prod.HomePage_TC"/>
  <testcase name="Home_Page" time="156.852" classname="AFL_Test_Case_Prod.HomePage_TC"/>
</testsuite> <!-- AFL_Test_Case_Prod.HomePage_TC -->
