<?xml version="1.0" encoding="UTF-8"?>
<!-- Generated by org.testng.reporters.JUnitReportReporter -->
<testsuite hostname="DESKTOP-N7K85DJ" name="Warranty_Test_Case_Dev.About_US" tests="2" failures="0" timestamp="9 Dec 2021 11:12:25 GMT" time="75.875" errors="0">
  <testcase name="Home_page" time="35.945" classname="Warranty_Test_Case_Dev.About_US"/>
  <testcase name="Home_page" time="39.930" classname="Warranty_Test_Case_Dev.About_US"/>
</testsuite> <!-- Warranty_Test_Case_Dev.About_US -->
