<?xml version="1.0" encoding="UTF-8"?>
<!-- Generated by org.testng.reporters.JUnitReportReporter -->
<testsuite hostname="DESKTOP-N7K85DJ" name="Warranty_Test_Case_Dev.Contact_US" tests="2" failures="0" timestamp="16 Feb 2022 15:13:51 GMT" time="172.455" errors="0">
  <testcase name="ContactUS" time="71.482" classname="Warranty_Test_Case_Dev.Contact_US"/>
  <testcase name="ContactUS" time="100.973" classname="Warranty_Test_Case_Dev.Contact_US"/>
</testsuite> <!-- Warranty_Test_Case_Dev.Contact_US -->
