<?xml version="1.0" encoding="UTF-8"?>
<!-- Generated by org.testng.reporters.JUnitReportReporter -->
<testsuite hostname="DESKTOP-N7K85DJ" name="Warranty_Test_Case_Prod.Partner_With_US" tests="2" failures="0" timestamp="17 Feb 2022 12:40:42 GMT" time="56.602" errors="0">
  <testcase name="partner" time="28.232" classname="Warranty_Test_Case_Prod.Partner_With_US"/>
  <testcase name="partner" time="28.370" classname="Warranty_Test_Case_Prod.Partner_With_US"/>
</testsuite> <!-- Warranty_Test_Case_Prod.Partner_With_US -->
