<?xml version="1.0" encoding="UTF-8"?>
<!-- Generated by org.testng.reporters.JUnitReportReporter -->
<testsuite hostname="DESKTOP-N7K85DJ" name="AUW_Test_case_prod.AUW_Experience" tests="2" failures="0" timestamp="18 Feb 2022 14:06:49 GMT" time="677.244" errors="0">
  <testcase name="main" time="363.034" classname="AUW_Test_case_prod.AUW_Experience"/>
  <testcase name="main" time="314.210" classname="AUW_Test_case_prod.AUW_Experience"/>
</testsuite> <!-- AUW_Test_case_prod.AUW_Experience -->
