<?xml version="1.0" encoding="UTF-8"?>
<!-- Generated by org.testng.reporters.JUnitReportReporter -->
<testsuite hostname="DESKTOP-N7K85DJ" name="Casuality_Dev_TC.Menu_About_US" tests="2" failures="0" timestamp="7 Mar 2022 16:52:16 GMT" time="106.717" errors="0">
  <testcase name="HomePage" time="48.932" classname="Casuality_Dev_TC.Menu_About_US"/>
  <testcase name="HomePage" time="57.785" classname="Casuality_Dev_TC.Menu_About_US"/>
</testsuite> <!-- Casuality_Dev_TC.Menu_About_US -->
