<?xml version="1.0" encoding="UTF-8"?>
<!-- Generated by org.testng.reporters.JUnitReportReporter -->
<testsuite hostname="DESKTOP-N7K85DJ" name="AUW_Test_Case_dev.AUW_PPP" tests="2" failures="0" timestamp="25 Feb 2022 13:56:49 GMT" time="49.836" errors="0">
  <testcase name="main" time="27.028" classname="AUW_Test_Case_dev.AUW_PPP"/>
  <testcase name="main" time="22.808" classname="AUW_Test_Case_dev.AUW_PPP"/>
</testsuite> <!-- AUW_Test_Case_dev.AUW_PPP -->
