<?xml version="1.0" encoding="UTF-8"?>
<!-- Generated by org.testng.reporters.JUnitReportReporter -->
<testsuite hostname="DESKTOP-N7K85DJ" name="Solution_one_Prod.Footer_Production" tests="2" failures="0" timestamp="18 Feb 2022 14:06:49 GMT" time="201.350" errors="0">
  <testcase name="Footer" time="62.757" classname="Solution_one_Prod.Footer_Production"/>
  <testcase name="Footer" time="138.593" classname="Solution_one_Prod.Footer_Production"/>
</testsuite> <!-- Solution_one_Prod.Footer_Production -->
