<?xml version="1.0" encoding="UTF-8"?>
<!-- Generated by org.testng.reporters.JUnitReportReporter -->
<testsuite hostname="DESKTOP-N7K85DJ" name="AUW_Test_case_prod.AUW_header_web_Prod" tests="2" failures="0" timestamp="3 Mar 2022 14:31:02 GMT" time="147.196" errors="0">
  <testcase name="main" time="59.184" classname="AUW_Test_case_prod.AUW_header_web_Prod"/>
  <testcase name="main" time="88.012" classname="AUW_Test_case_prod.AUW_header_web_Prod"/>
</testsuite> <!-- AUW_Test_case_prod.AUW_header_web_Prod -->
