<?xml version="1.0" encoding="UTF-8"?>
<!-- Generated by org.testng.reporters.JUnitReportReporter -->
<testsuite hostname="DESKTOP-N7K85DJ" name="AUW_Test_Case_dev.AUW_NJ_Update" tests="2" failures="0" timestamp="21 Feb 2022 15:12:15 GMT" time="151.232" errors="0">
  <testcase name="main" time="58.807" classname="AUW_Test_Case_dev.AUW_NJ_Update"/>
  <testcase name="main" time="92.425" classname="AUW_Test_Case_dev.AUW_NJ_Update"/>
</testsuite> <!-- AUW_Test_Case_dev.AUW_NJ_Update -->
