<?xml version="1.0" encoding="UTF-8"?>
<!-- Generated by org.testng.reporters.JUnitReportReporter -->
<testsuite hostname="DESKTOP-N7K85DJ" name="AUW_Test_case_prod.AUW_Intelligence_TC" tests="2" failures="0" timestamp="27 Dec 2021 15:43:57 GMT" time="175.077" errors="0">
  <testcase name="main" time="83.663" classname="AUW_Test_case_prod.AUW_Intelligence_TC"/>
  <testcase name="main" time="91.414" classname="AUW_Test_case_prod.AUW_Intelligence_TC"/>
</testsuite> <!-- AUW_Test_case_prod.AUW_Intelligence_TC -->
