<?xml version="1.0" encoding="UTF-8"?>
<!-- Generated by org.testng.reporters.JUnitReportReporter -->
<testsuite hostname="DESKTOP-N7K85DJ" name="AUW_Test_Case_dev.AUW_header_web_Development" tests="2" failures="0" timestamp="4 Mar 2022 12:50:00 GMT" time="176.618" errors="0">
  <testcase name="main" time="91.124" classname="AUW_Test_Case_dev.AUW_header_web_Development"/>
  <testcase name="main" time="85.494" classname="AUW_Test_Case_dev.AUW_header_web_Development"/>
</testsuite> <!-- AUW_Test_Case_dev.AUW_header_web_Development -->
