<?xml version="1.0" encoding="UTF-8"?>
<!-- Generated by org.testng.reporters.JUnitReportReporter -->
<testsuite hostname="DESKTOP-N7K85DJ" name="AUW_Test_Case_dev.AUW_PPP" tests="2" failures="0" timestamp="9 Dec 2021 11:12:25 GMT" time="49.984" errors="0">
  <testcase name="main" time="22.899" classname="AUW_Test_Case_dev.AUW_PPP"/>
  <testcase name="main" time="27.085" classname="AUW_Test_Case_dev.AUW_PPP"/>
</testsuite> <!-- AUW_Test_Case_dev.AUW_PPP -->
