<?xml version="1.0" encoding="UTF-8"?>
<!-- Generated by org.testng.reporters.JUnitReportReporter -->
<testsuite hostname="DESKTOP-N7K85DJ" name="AFL_Test_Cases_Dev.ContactUS_OutsideUS_dev" tests="2" failures="0" timestamp="23 Feb 2022 12:36:01 GMT" time="87.439" errors="0">
  <testcase name="ContactUs_Page" time="39.853" classname="AFL_Test_Cases_Dev.ContactUS_OutsideUS_dev"/>
  <testcase name="ContactUs_Page" time="47.586" classname="AFL_Test_Cases_Dev.ContactUS_OutsideUS_dev"/>
</testsuite> <!-- AFL_Test_Cases_Dev.ContactUS_OutsideUS_dev -->
