<?xml version="1.0" encoding="UTF-8"?>
<!-- Generated by org.testng.reporters.JUnitReportReporter -->
<testsuite hostname="DESKTOP-N7K85DJ" name="AUW_Test_Case_dev.AUW_header_web_Development" tests="2" failures="0" timestamp="16 Feb 2022 09:34:57 GMT" time="150.284" errors="0">
  <testcase name="main" time="73.156" classname="AUW_Test_Case_dev.AUW_header_web_Development"/>
  <testcase name="main" time="77.128" classname="AUW_Test_Case_dev.AUW_header_web_Development"/>
</testsuite> <!-- AUW_Test_Case_dev.AUW_header_web_Development -->
