<?xml version="1.0" encoding="UTF-8"?>
<!-- Generated by org.testng.reporters.JUnitReportReporter -->
<testsuite hostname="DESKTOP-N7K85DJ" name="Warranty_Test_Case_Prod.Partner_With_US" tests="2" failures="0" timestamp="1 Apr 2022 11:34:41 GMT" time="36.802" errors="0">
  <testcase name="partner" time="16.423" classname="Warranty_Test_Case_Prod.Partner_With_US"/>
  <testcase name="partner" time="20.379" classname="Warranty_Test_Case_Prod.Partner_With_US"/>
</testsuite> <!-- Warranty_Test_Case_Prod.Partner_With_US -->
