<?xml version="1.0" encoding="UTF-8"?>
<!-- Generated by org.testng.reporters.JUnitReportReporter -->
<testsuite hostname="DESKTOP-N7K85DJ" name="Adler_TestCases_Prod.Home" tests="2" failures="0" timestamp="5 May 2022 09:54:47 GMT" time="80.352" errors="0">
  <testcase name="main_Home_Page" time="48.369" classname="Adler_TestCases_Prod.Home"/>
  <testcase name="main_Home_Page" time="31.983" classname="Adler_TestCases_Prod.Home"/>
</testsuite> <!-- Adler_TestCases_Prod.Home -->
