<?xml version="1.0" encoding="UTF-8"?>
<!-- Generated by org.testng.reporters.JUnitReportReporter -->
<testsuite hostname="DESKTOP-N7K85DJ" name="Adler_TestCases_Prod.Home" tests="2" failures="0" timestamp="10 Feb 2022 16:20:34 GMT" time="112.134" errors="0">
  <testcase name="main_Home_Page" time="42.475" classname="Adler_TestCases_Prod.Home"/>
  <testcase name="main_Home_Page" time="69.659" classname="Adler_TestCases_Prod.Home"/>
</testsuite> <!-- Adler_TestCases_Prod.Home -->
