<?xml version="1.0" encoding="UTF-8"?>
<!-- Generated by org.testng.reporters.JUnitReportReporter -->
<testsuite hostname="DESKTOP-N7K85DJ" name="Promesa_Test_Case_Prod.Change_language" tests="2" failures="0" timestamp="25 Apr 2022 10:19:02 GMT" time="34.755" errors="0">
  <testcase name="Change_Language" time="19.216" classname="Promesa_Test_Case_Prod.Change_language"/>
  <testcase name="Change_Language" time="15.539" classname="Promesa_Test_Case_Prod.Change_language"/>
</testsuite> <!-- Promesa_Test_Case_Prod.Change_language -->
