<?xml version="1.0" encoding="UTF-8"?>
<!-- Generated by org.testng.reporters.JUnitReportReporter -->
<testsuite hostname="DESKTOP-N7K85DJ" name="AUW_Global_Test_Cases_Prod.LearnMore_TC" tests="2" failures="0" timestamp="30 Mar 2022 06:35:29 GMT" time="72.975" errors="0">
  <testcase name="LearnMore" time="47.966" classname="AUW_Global_Test_Cases_Prod.LearnMore_TC"/>
  <testcase name="LearnMore" time="25.009" classname="AUW_Global_Test_Cases_Prod.LearnMore_TC"/>
</testsuite> <!-- AUW_Global_Test_Cases_Prod.LearnMore_TC -->
