<?xml version="1.0" encoding="UTF-8"?>
<!-- Generated by org.testng.reporters.JUnitReportReporter -->
<testsuite hostname="DESKTOP-N7K85DJ" name="Promesa_Test_Case_Prod.Footer" tests="10" failures="0" timestamp="2 May 2022 07:01:07 GMT" time="218.626" errors="0">
  <testcase name="Footer_instagram" time="21.763" classname="Promesa_Test_Case_Prod.Footer"/>
  <testcase name="Footer_PrivacyPolicy" time="27.797" classname="Promesa_Test_Case_Prod.Footer"/>
  <testcase name="Footer_facebook" time="26.454" classname="Promesa_Test_Case_Prod.Footer"/>
  <testcase name="Footer_linkedin" time="16.762" classname="Promesa_Test_Case_Prod.Footer"/>
  <testcase name="Footer_PrivacyPolicy" time="29.766" classname="Promesa_Test_Case_Prod.Footer"/>
  <testcase name="Footer_instagram" time="15.638" classname="Promesa_Test_Case_Prod.Footer"/>
  <testcase name="Footer_linkedin" time="15.670" classname="Promesa_Test_Case_Prod.Footer"/>
  <testcase name="Footer_facebook" time="28.037" classname="Promesa_Test_Case_Prod.Footer"/>
  <testcase name="Footer_twitter" time="14.775" classname="Promesa_Test_Case_Prod.Footer"/>
  <testcase name="Footer_twitter" time="21.964" classname="Promesa_Test_Case_Prod.Footer"/>
</testsuite> <!-- Promesa_Test_Case_Prod.Footer -->
