<?xml version="1.0" encoding="UTF-8"?>
<!-- Generated by org.testng.reporters.JUnitReportReporter -->
<testsuite hostname="DESKTOP-N7K85DJ" name="AUW_Test_case_prod.AUW_Experience" tests="2" failures="0" timestamp="16 Feb 2022 08:42:47 GMT" time="700.559" errors="0">
  <testcase name="main" time="386.748" classname="AUW_Test_case_prod.AUW_Experience"/>
  <testcase name="main" time="313.811" classname="AUW_Test_case_prod.AUW_Experience"/>
</testsuite> <!-- AUW_Test_case_prod.AUW_Experience -->
