<?xml version="1.0" encoding="UTF-8"?>
<!-- Generated by org.testng.reporters.JUnitReportReporter -->
<testsuite hostname="DESKTOP-N7K85DJ" name="Warranty_Test_Case_Prod.About_US" tests="2" failures="0" timestamp="7 Mar 2022 11:16:52 GMT" time="97.199" errors="0">
  <testcase name="Home_page" time="51.878" classname="Warranty_Test_Case_Prod.About_US"/>
  <testcase name="Home_page" time="45.321" classname="Warranty_Test_Case_Prod.About_US"/>
</testsuite> <!-- Warranty_Test_Case_Prod.About_US -->
