<?xml version="1.0" encoding="UTF-8"?>
<!-- Generated by org.testng.reporters.JUnitReportReporter -->
<testsuite hostname="DESKTOP-N7K85DJ" name="Promesa_Test_Case_Prod.Change_language" tests="2" failures="0" timestamp="8 Apr 2022 08:47:38 GMT" time="32.154" errors="0">
  <testcase name="Change_Language" time="14.519" classname="Promesa_Test_Case_Prod.Change_language"/>
  <testcase name="Change_Language" time="17.635" classname="Promesa_Test_Case_Prod.Change_language"/>
</testsuite> <!-- Promesa_Test_Case_Prod.Change_language -->
