<?xml version="1.0" encoding="UTF-8"?>
<!-- Generated by org.testng.reporters.JUnitReportReporter -->
<testsuite hostname="DESKTOP-N7K85DJ" name="Casuality_Prod_TC.Home_page" tests="2" failures="0" timestamp="8 Mar 2022 09:14:16 GMT" time="177.530" errors="0">
  <testcase name="HomePage" time="102.095" classname="Casuality_Prod_TC.Home_page"/>
  <testcase name="HomePage" time="75.435" classname="Casuality_Prod_TC.Home_page"/>
</testsuite> <!-- Casuality_Prod_TC.Home_page -->
