<?xml version="1.0" encoding="UTF-8"?>
<!-- Generated by org.testng.reporters.JUnitReportReporter -->
<testsuite hostname="DESKTOP-N7K85DJ" name="Promesa_Test_Case_Prod.Footer" tests="10" failures="0" timestamp="17 Mar 2022 11:54:46 GMT" time="380.585" errors="0">
  <testcase name="Footer_facebook" time="53.645" classname="Promesa_Test_Case_Prod.Footer"/>
  <testcase name="Footer_PrivacyPolicy" time="69.365" classname="Promesa_Test_Case_Prod.Footer"/>
  <testcase name="Footer_twitter" time="17.255" classname="Promesa_Test_Case_Prod.Footer"/>
  <testcase name="Footer_linkedin" time="15.685" classname="Promesa_Test_Case_Prod.Footer"/>
  <testcase name="Footer_PrivacyPolicy" time="29.979" classname="Promesa_Test_Case_Prod.Footer"/>
  <testcase name="Footer_instagram" time="17.325" classname="Promesa_Test_Case_Prod.Footer"/>
  <testcase name="Footer_linkedin" time="36.246" classname="Promesa_Test_Case_Prod.Footer"/>
  <testcase name="Footer_instagram" time="57.601" classname="Promesa_Test_Case_Prod.Footer"/>
  <testcase name="Footer_twitter" time="54.407" classname="Promesa_Test_Case_Prod.Footer"/>
  <testcase name="Footer_facebook" time="29.077" classname="Promesa_Test_Case_Prod.Footer"/>
</testsuite> <!-- Promesa_Test_Case_Prod.Footer -->
