<?xml version="1.0" encoding="UTF-8"?>
<!-- Generated by org.testng.reporters.JUnitReportReporter -->
<testsuite hostname="DESKTOP-N7K85DJ" name="AFL_Test_Case_Prod.HomePage_TC" tests="2" failures="0" timestamp="15 Feb 2022 15:16:06 GMT" time="318.122" errors="0">
  <testcase name="Home_Page" time="195.550" classname="AFL_Test_Case_Prod.HomePage_TC"/>
  <testcase name="Home_Page" time="122.572" classname="AFL_Test_Case_Prod.HomePage_TC"/>
</testsuite> <!-- AFL_Test_Case_Prod.HomePage_TC -->
