<?xml version="1.0" encoding="UTF-8"?>
<!-- Generated by org.testng.reporters.JUnitReportReporter -->
<testsuite hostname="DESKTOP-N7K85DJ" name="Tradewel_Test_Cases_Development.About_US" tests="2" failures="0" timestamp="24 Jan 2022 11:23:12 GMT" time="206.783" errors="0">
  <testcase name="main_Home_Page" time="157.738" classname="Tradewel_Test_Cases_Development.About_US"/>
  <testcase name="main_Home_Page" time="49.045" classname="Tradewel_Test_Cases_Development.About_US"/>
</testsuite> <!-- Tradewel_Test_Cases_Development.About_US -->
