<?xml version="1.0" encoding="UTF-8"?>
<!-- Generated by org.testng.reporters.JUnitReportReporter -->
<testsuite hostname="DESKTOP-N7K85DJ" name="Warranty_Test_Case_Prod.Our_Partner" tests="12" failures="0" timestamp="22 Mar 2022 09:50:23 GMT" time="1004.674" errors="0">
  <testcase name="Partner5" time="72.109" classname="Warranty_Test_Case_Prod.Our_Partner"/>
  <testcase name="Partner3" time="101.045" classname="Warranty_Test_Case_Prod.Our_Partner"/>
  <testcase name="Partner4" time="89.404" classname="Warranty_Test_Case_Prod.Our_Partner"/>
  <testcase name="Partner4" time="75.209" classname="Warranty_Test_Case_Prod.Our_Partner"/>
  <testcase name="Partner6" time="73.776" classname="Warranty_Test_Case_Prod.Our_Partner"/>
  <testcase name="Partner3" time="74.106" classname="Warranty_Test_Case_Prod.Our_Partner"/>
  <testcase name="Partner6" time="70.192" classname="Warranty_Test_Case_Prod.Our_Partner"/>
  <testcase name="Partner2" time="74.674" classname="Warranty_Test_Case_Prod.Our_Partner"/>
  <testcase name="Partner1" time="105.709" classname="Warranty_Test_Case_Prod.Our_Partner"/>
  <testcase name="Partner1" time="74.899" classname="Warranty_Test_Case_Prod.Our_Partner"/>
  <testcase name="Partner2" time="120.755" classname="Warranty_Test_Case_Prod.Our_Partner"/>
  <testcase name="Partner5" time="72.796" classname="Warranty_Test_Case_Prod.Our_Partner"/>
</testsuite> <!-- Warranty_Test_Case_Prod.Our_Partner -->
