<?xml version="1.0" encoding="UTF-8"?>
<!-- Generated by org.testng.reporters.JUnitReportReporter -->
<testsuite hostname="DESKTOP-N7K85DJ" name="Credit_Global_Test_Cases_Dev.What_we_Do_TC" tests="2" failures="0" timestamp="14 Feb 2022 11:13:18 GMT" time="115.845" errors="0">
  <testcase name="HomePage_Header_login" time="50.207" classname="Credit_Global_Test_Cases_Dev.What_we_Do_TC"/>
  <testcase name="HomePage_Header_login" time="65.638" classname="Credit_Global_Test_Cases_Dev.What_we_Do_TC"/>
</testsuite> <!-- Credit_Global_Test_Cases_Dev.What_we_Do_TC -->
