<?xml version="1.0" encoding="UTF-8"?>
<!-- Generated by org.testng.reporters.JUnitReportReporter -->
<testsuite hostname="DESKTOP-N7K85DJ" name="AFL_Test_Case_Prod.HomePage_TC" tests="2" failures="0" timestamp="23 May 2022 09:46:44 GMT" time="309.943" errors="0">
  <testcase name="Home_Page" time="183.601" classname="AFL_Test_Case_Prod.HomePage_TC"/>
  <testcase name="Home_Page" time="126.342" classname="AFL_Test_Case_Prod.HomePage_TC"/>
</testsuite> <!-- AFL_Test_Case_Prod.HomePage_TC -->
