<?xml version="1.0" encoding="UTF-8"?>
<!-- Generated by org.testng.reporters.JUnitReportReporter -->
<testsuite hostname="DESKTOP-N7K85DJ" name="Solution_one_Prod.Footer_Production" tests="2" failures="0" timestamp="25 Jan 2022 14:00:35 GMT" time="274.527" errors="0">
  <testcase name="Footer" time="82.311" classname="Solution_one_Prod.Footer_Production"/>
  <testcase name="Footer" time="192.216" classname="Solution_one_Prod.Footer_Production"/>
</testsuite> <!-- Solution_one_Prod.Footer_Production -->
