<?xml version="1.0" encoding="UTF-8"?>
<!-- Generated by org.testng.reporters.JUnitReportReporter -->
<testsuite hostname="DESKTOP-N7K85DJ" name="Casuality_Dev_TC.Menu_Our_Carriers" tests="1" failures="0" timestamp="24 Feb 2022 16:25:19 GMT" time="42.024" errors="0">
  <testcase name="Carriers" time="42.024" classname="Casuality_Dev_TC.Menu_Our_Carriers"/>
</testsuite> <!-- Casuality_Dev_TC.Menu_Our_Carriers -->
