<?xml version="1.0" encoding="UTF-8"?>
<!-- Generated by org.testng.reporters.JUnitReportReporter -->
<testsuite hostname="DESKTOP-N7K85DJ" name="AFL_Test_Case_Prod.HomePage_TC" tests="2" failures="0" timestamp="5 Jan 2022 10:13:38 GMT" time="294.828" errors="0">
  <testcase name="Home_Page" time="144.259" classname="AFL_Test_Case_Prod.HomePage_TC"/>
  <testcase name="Home_Page" time="150.569" classname="AFL_Test_Case_Prod.HomePage_TC"/>
</testsuite> <!-- AFL_Test_Case_Prod.HomePage_TC -->
