<?xml version="1.0" encoding="UTF-8"?>
<!-- Generated by org.testng.reporters.JUnitReportReporter -->
<testsuite hostname="DESKTOP-N7K85DJ" name="AUW_Test_Case_dev.Practices_CustomerSeekingCoverage" tests="2" failures="0" timestamp="12 Apr 2022 05:27:58 GMT" time="516.455" errors="0">
  <testcase name="Practices_CustomerSeekingCoverage" time="289.919" classname="AUW_Test_Case_dev.Practices_CustomerSeekingCoverage"/>
  <testcase name="Practices_CustomerSeekingCoverage" time="226.536" classname="AUW_Test_Case_dev.Practices_CustomerSeekingCoverage"/>
</testsuite> <!-- AUW_Test_Case_dev.Practices_CustomerSeekingCoverage -->
