<?xml version="1.0" encoding="UTF-8"?>
<!-- Generated by org.testng.reporters.JUnitReportReporter -->
<testsuite hostname="DESKTOP-N7K85DJ" name="Warranty_Test_Case_Prod.About_US" tests="2" failures="0" timestamp="23 Mar 2022 12:03:18 GMT" time="153.239" errors="0">
  <testcase name="Home_page" time="109.939" classname="Warranty_Test_Case_Prod.About_US"/>
  <testcase name="Home_page" time="43.300" classname="Warranty_Test_Case_Prod.About_US"/>
</testsuite> <!-- Warranty_Test_Case_Prod.About_US -->
