<?xml version="1.0" encoding="UTF-8"?>
<!-- Generated by org.testng.reporters.JUnitReportReporter -->
<testsuite hostname="DESKTOP-N7K85DJ" name="Speciality_underwriters_Test_Case_Dev.About_Us" tests="2" failures="0" timestamp="23 Dec 2021 12:43:52 GMT" time="46.551" errors="0">
  <testcase name="Footer" time="25.357" classname="Speciality_underwriters_Test_Case_Dev.About_Us"/>
  <testcase name="Footer" time="21.194" classname="Speciality_underwriters_Test_Case_Dev.About_Us"/>
</testsuite> <!-- Speciality_underwriters_Test_Case_Dev.About_Us -->
