<?xml version="1.0" encoding="UTF-8"?>
<!-- Generated by org.testng.reporters.JUnitReportReporter -->
<testsuite hostname="DESKTOP-N7K85DJ" name="Warranty_Test_Case_Prod.About_US" tests="2" failures="0" timestamp="7 Feb 2022 13:48:17 GMT" time="119.716" errors="0">
  <testcase name="Home_page" time="41.895" classname="Warranty_Test_Case_Prod.About_US"/>
  <testcase name="Home_page" time="77.821" classname="Warranty_Test_Case_Prod.About_US"/>
</testsuite> <!-- Warranty_Test_Case_Prod.About_US -->
