<?xml version="1.0" encoding="UTF-8"?>
<!-- Generated by org.testng.reporters.JUnitReportReporter -->
<testsuite hostname="DESKTOP-N7K85DJ" name="AUW_Test_case_prod.AUW_AboutUS" tests="2" failures="0" timestamp="5 Jan 2022 10:13:38 GMT" time="202.660" errors="0">
  <testcase name="AboutUS" time="98.178" classname="AUW_Test_case_prod.AUW_AboutUS"/>
  <testcase name="AboutUS" time="104.482" classname="AUW_Test_case_prod.AUW_AboutUS"/>
</testsuite> <!-- AUW_Test_case_prod.AUW_AboutUS -->
