<?xml version="1.0" encoding="UTF-8"?>
<!-- Generated by org.testng.reporters.JUnitReportReporter -->
<testsuite hostname="DESKTOP-N7K85DJ" name="Promesa_Test_Case_Development.Footer" tests="2" failures="0" timestamp="17 Feb 2022 14:18:50 GMT" time="165.238" errors="0">
  <testcase name="Footer" time="87.008" classname="Promesa_Test_Case_Development.Footer"/>
  <testcase name="Footer" time="78.230" classname="Promesa_Test_Case_Development.Footer"/>
</testsuite> <!-- Promesa_Test_Case_Development.Footer -->
