<?xml version="1.0" encoding="UTF-8"?>
<!-- Generated by org.testng.reporters.JUnitReportReporter -->
<testsuite hostname="DESKTOP-N7K85DJ" name="Aerospace_TestCases_Development.Menu_Aerospace" tests="1" failures="0" timestamp="8 Mar 2022 15:36:20 GMT" time="14.375" errors="0">
  <testcase name="Home_Menu_Aeviation" time="14.375" classname="Aerospace_TestCases_Development.Menu_Aerospace"/>
</testsuite> <!-- Aerospace_TestCases_Development.Menu_Aerospace -->
