<?xml version="1.0" encoding="UTF-8"?>
<!-- Generated by org.testng.reporters.JUnitReportReporter -->
<testsuite hostname="DESKTOP-N7K85DJ" name="Aerospace_TestCases_Development.Menu_Aviation" tests="2" failures="0" timestamp="10 Jun 2022 13:31:35 GMT" time="147.980" errors="0">
  <testcase name="Home_Menu_Aeviation" time="71.504" classname="Aerospace_TestCases_Development.Menu_Aviation"/>
  <testcase name="Home_Menu_Aeviation" time="76.476" classname="Aerospace_TestCases_Development.Menu_Aviation"/>
</testsuite> <!-- Aerospace_TestCases_Development.Menu_Aviation -->
