<?xml version="1.0" encoding="UTF-8"?>
<!-- Generated by org.testng.reporters.JUnitReportReporter -->
<testsuite hostname="DESKTOP-N7K85DJ" name="Aerospace_TestCases_Development.Home_TC" tests="1" failures="0" timestamp="25 Apr 2022 14:46:11 GMT" time="52.773" errors="0">
  <testcase name="Home_Page_main" time="52.773" classname="Aerospace_TestCases_Development.Home_TC"/>
</testsuite> <!-- Aerospace_TestCases_Development.Home_TC -->
