<?xml version="1.0" encoding="UTF-8"?>
<!-- Generated by org.testng.reporters.JUnitReportReporter -->
<testsuite hostname="DESKTOP-N7K85DJ" name="Aerospace_TestCases_Development.Space" tests="2" failures="0" timestamp="10 Jun 2022 13:31:35 GMT" time="152.386" errors="0">
  <testcase name="Space" time="76.460" classname="Aerospace_TestCases_Development.Space"/>
  <testcase name="Space" time="75.926" classname="Aerospace_TestCases_Development.Space"/>
</testsuite> <!-- Aerospace_TestCases_Development.Space -->
