<?xml version="1.0" encoding="UTF-8"?>
<!-- Generated by org.testng.reporters.JUnitReportReporter -->
<testsuite hostname="DESKTOP-N7K85DJ" name="Aerospace_TestCases_Development.Home_TC" tests="1" failures="0" timestamp="4 Mar 2022 16:53:01 GMT" time="48.415" errors="0">
  <testcase name="Home_Page_main" time="48.415" classname="Aerospace_TestCases_Development.Home_TC"/>
</testsuite> <!-- Aerospace_TestCases_Development.Home_TC -->
