<?xml version="1.0" encoding="UTF-8"?>
<!-- Generated by org.testng.reporters.JUnitReportReporter -->
<testsuite hostname="DESKTOP-N7K85DJ" name="Aerospace_TestCases_Development.Menu_Contact_US" tests="1" failures="0" timestamp="16 Mar 2022 15:48:58 GMT" time="23.743" errors="0">
  <testcase name="Home_Menu_News" time="23.743" classname="Aerospace_TestCases_Development.Menu_Contact_US"/>
</testsuite> <!-- Aerospace_TestCases_Development.Menu_Contact_US -->
