<?xml version="1.0" encoding="UTF-8"?>
<!-- Generated by org.testng.reporters.JUnitReportReporter -->
<testsuite hostname="DESKTOP-N7K85DJ" name="Aerospace_TestCases_Development.Menu_Contact_US" tests="2" failures="0" timestamp="22 Mar 2022 16:09:20 GMT" time="43.417" errors="0">
  <testcase name="Home_Menu_News" time="18.929" classname="Aerospace_TestCases_Development.Menu_Contact_US"/>
  <testcase name="Home_Menu_News" time="24.488" classname="Aerospace_TestCases_Development.Menu_Contact_US"/>
</testsuite> <!-- Aerospace_TestCases_Development.Menu_Contact_US -->
