<?xml version="1.0" encoding="UTF-8"?>
<!-- Generated by org.testng.reporters.JUnitReportReporter -->
<testsuite hostname="DESKTOP-N7K85DJ" name="Aerospace_TestCases_Development.Menu_Contact_US" tests="1" failures="0" timestamp="26 Apr 2022 15:33:00 GMT" time="64.022" errors="0">
  <testcase name="Home_Menu_News" time="64.022" classname="Aerospace_TestCases_Development.Menu_Contact_US"/>
</testsuite> <!-- Aerospace_TestCases_Development.Menu_Contact_US -->
