<?xml version="1.0" encoding="UTF-8"?>
<!-- Generated by org.testng.reporters.JUnitReportReporter -->
<testsuite hostname="DESKTOP-N7K85DJ" name="Aerospace_TestCases_Development.Menu_About_Us" tests="2" failures="0" timestamp="22 Mar 2022 16:09:20 GMT" time="49.641" errors="0">
  <testcase name="Home_Menu_AboutUS" time="29.277" classname="Aerospace_TestCases_Development.Menu_About_Us"/>
  <testcase name="Home_Menu_AboutUS" time="20.364" classname="Aerospace_TestCases_Development.Menu_About_Us"/>
</testsuite> <!-- Aerospace_TestCases_Development.Menu_About_Us -->
