<?xml version="1.0" encoding="UTF-8"?>
<!-- Generated by org.testng.reporters.JUnitReportReporter -->
<testsuite hostname="DESKTOP-N7K85DJ" name="Aerospace_TestCases_Development.Space" tests="2" failures="0" timestamp="22 Mar 2022 16:09:20 GMT" time="141.281" errors="0">
  <testcase name="Home_Menu_News" time="68.228" classname="Aerospace_TestCases_Development.Space"/>
  <testcase name="Home_Menu_News" time="73.053" classname="Aerospace_TestCases_Development.Space"/>
</testsuite> <!-- Aerospace_TestCases_Development.Space -->
