<?xml version="1.0" encoding="UTF-8"?>
<!-- Generated by org.testng.reporters.JUnitReportReporter -->
<testsuite hostname="DESKTOP-N7K85DJ" name="Aerospace_TestCases_Development.Menu_News" tests="1" failures="0" timestamp="10 Jun 2022 13:49:59 GMT" time="117.031" errors="0">
  <testcase name="Home_Menu_News" time="117.031" classname="Aerospace_TestCases_Development.Menu_News"/>
</testsuite> <!-- Aerospace_TestCases_Development.Menu_News -->
