<?xml version="1.0" encoding="UTF-8"?>
<!-- Generated by org.testng.reporters.JUnitReportReporter -->
<testsuite hostname="DESKTOP-N7K85DJ" name="Aerospace_TestCases_Development.Menu_Contact_US" tests="2" failures="0" timestamp="10 Jun 2022 13:31:35 GMT" time="48.079" errors="0">
  <testcase name="Home_Menu_News" time="22.302" classname="Aerospace_TestCases_Development.Menu_Contact_US"/>
  <testcase name="Home_Menu_News" time="25.777" classname="Aerospace_TestCases_Development.Menu_Contact_US"/>
</testsuite> <!-- Aerospace_TestCases_Development.Menu_Contact_US -->
