<?xml version="1.0" encoding="UTF-8"?>
<!-- Generated by org.testng.reporters.JUnitReportReporter -->
<testsuite hostname="DESKTOP-N7K85DJ" name="Aerospace_TestCases_Development.Menu_Aviation" tests="2" failures="0" timestamp="22 Mar 2022 16:09:20 GMT" time="138.161" errors="0">
  <testcase name="Home_Menu_Aeviation" time="73.735" classname="Aerospace_TestCases_Development.Menu_Aviation"/>
  <testcase name="Home_Menu_Aeviation" time="64.426" classname="Aerospace_TestCases_Development.Menu_Aviation"/>
</testsuite> <!-- Aerospace_TestCases_Development.Menu_Aviation -->
