<?xml version="1.0" encoding="UTF-8"?>
<!-- Generated by org.testng.reporters.JUnitReportReporter -->
<testsuite hostname="DESKTOP-N7K85DJ" name="Aerospace_TestCases_Development.Menu_News" tests="2" failures="0" timestamp="22 Mar 2022 16:09:20 GMT" time="259.000" errors="0">
  <testcase name="Home_Menu_News" time="131.752" classname="Aerospace_TestCases_Development.Menu_News"/>
  <testcase name="Home_Menu_News" time="127.248" classname="Aerospace_TestCases_Development.Menu_News"/>
</testsuite> <!-- Aerospace_TestCases_Development.Menu_News -->
