<?xml version="1.0" encoding="UTF-8"?>
<!-- Generated by org.testng.reporters.JUnitReportReporter -->
<testsuite hostname="DESKTOP-N7K85DJ" name="Aerospace_TestCases_Development.News" tests="1" failures="0" timestamp="11 Mar 2022 16:41:47 GMT" time="135.229" errors="0">
  <testcase name="Home_Menu_News" time="135.229" classname="Aerospace_TestCases_Development.News"/>
</testsuite> <!-- Aerospace_TestCases_Development.News -->
