<?xml version="1.0" encoding="UTF-8"?>
<!-- Generated by org.testng.reporters.JUnitReportReporter -->
<testsuite hostname="DESKTOP-N7K85DJ" name="Aerospace_TestCases_Development.Home_TC" tests="2" failures="0" timestamp="22 Mar 2022 16:09:20 GMT" time="98.482" errors="0">
  <testcase name="Home_Page_main" time="46.817" classname="Aerospace_TestCases_Development.Home_TC"/>
  <testcase name="Home_Page_main" time="51.665" classname="Aerospace_TestCases_Development.Home_TC"/>
</testsuite> <!-- Aerospace_TestCases_Development.Home_TC -->
