<?xml version="1.0" encoding="UTF-8"?>
<!-- Generated by org.testng.reporters.JUnitReportReporter -->
<testsuite hostname="DESKTOP-N7K85DJ" name="Aerospace_TestCases_Development.Menu_About_Us" tests="1" failures="0" timestamp="17 May 2022 08:01:43 GMT" time="27.717" errors="0">
  <testcase name="Home_Menu_AboutUS" time="27.717" classname="Aerospace_TestCases_Development.Menu_About_Us"/>
</testsuite> <!-- Aerospace_TestCases_Development.Menu_About_Us -->
