<?xml version="1.0" encoding="UTF-8"?>
<!-- Generated by org.testng.reporters.JUnitReportReporter -->
<testsuite hostname="DESKTOP-N7K85DJ" name="Aerospace_TestCases_Development.Home_TC" tests="1" failures="0" timestamp="17 May 2022 07:58:29 GMT" time="56.811" errors="0">
  <testcase name="Home_Page_main" time="56.811" classname="Aerospace_TestCases_Development.Home_TC"/>
</testsuite> <!-- Aerospace_TestCases_Development.Home_TC -->
