<?xml version="1.0" encoding="UTF-8"?>
<!-- Generated by org.testng.reporters.JUnitReportReporter -->
<testsuite hostname="DESKTOP-N7K85DJ" name="Warranty_Test_Case_Dev.Contact_US" tests="2" failures="0" timestamp="30 Dec 2021 12:53:18 GMT" time="94.104" errors="0">
  <testcase name="ContactUS" time="48.683" classname="Warranty_Test_Case_Dev.Contact_US"/>
  <testcase name="ContactUS" time="45.421" classname="Warranty_Test_Case_Dev.Contact_US"/>
</testsuite> <!-- Warranty_Test_Case_Dev.Contact_US -->
