<?xml version="1.0" encoding="UTF-8"?>
<!-- Generated by org.testng.reporters.JUnitReportReporter -->
<testsuite hostname="DESKTOP-N7K85DJ" name="Test_Case_Dev.About_US" tests="2" failures="0" timestamp="21 Sep 2021 05:39:32 GMT" time="80.859" errors="0">
  <testcase name="Home_page" time="37.834" classname="Test_Case_Dev.About_US"/>
  <testcase name="Home_page" time="43.025" classname="Test_Case_Dev.About_US"/>
</testsuite> <!-- Test_Case_Dev.About_US -->
