<?xml version="1.0" encoding="UTF-8"?>
<!-- Generated by org.testng.reporters.JUnitReportReporter -->
<testsuite hostname="DESKTOP-N7K85DJ" name="Test_Case_Dev.Contact_US" tests="2" failures="0" timestamp="21 Sep 2021 05:39:32 GMT" time="98.557" errors="0">
  <testcase name="ContactUS" time="51.848" classname="Test_Case_Dev.Contact_US"/>
  <testcase name="ContactUS" time="46.709" classname="Test_Case_Dev.Contact_US"/>
</testsuite> <!-- Test_Case_Dev.Contact_US -->
