<?xml version="1.0" encoding="UTF-8"?>
<!-- Generated by org.testng.reporters.JUnitReportReporter -->
<testsuite hostname="DESKTOP-N7K85DJ" name="Test_Case_Dev.Contact_US" tests="2" failures="0" timestamp="19 Nov 2021 14:01:51 GMT" time="104.385" errors="0">
  <testcase name="ContactUS" time="53.096" classname="Test_Case_Dev.Contact_US"/>
  <testcase name="ContactUS" time="51.289" classname="Test_Case_Dev.Contact_US"/>
</testsuite> <!-- Test_Case_Dev.Contact_US -->
