<?xml version="1.0" encoding="UTF-8"?>
<!-- Generated by org.testng.reporters.JUnitReportReporter -->
<testsuite hostname="DESKTOP-N7K85DJ" name="Warranty_Test_Case_Dev.Partner_With_US" tests="2" failures="0" timestamp="3 Jan 2022 16:37:35 GMT" time="38.622" errors="0">
  <testcase name="partner" time="16.026" classname="Warranty_Test_Case_Dev.Partner_With_US"/>
  <testcase name="partner" time="22.596" classname="Warranty_Test_Case_Dev.Partner_With_US"/>
</testsuite> <!-- Warranty_Test_Case_Dev.Partner_With_US -->
