<?xml version="1.0" encoding="UTF-8"?>
<!-- Generated by org.testng.reporters.JUnitReportReporter -->
<testsuite hostname="DESKTOP-N7K85DJ" name="Warranty_Test_Case_Dev.About_US" tests="2" failures="0" timestamp="3 Jan 2022 16:37:35 GMT" time="77.703" errors="0">
  <testcase name="Home_page" time="40.898" classname="Warranty_Test_Case_Dev.About_US"/>
  <testcase name="Home_page" time="36.805" classname="Warranty_Test_Case_Dev.About_US"/>
</testsuite> <!-- Warranty_Test_Case_Dev.About_US -->
