<?xml version="1.0" encoding="UTF-8"?>
<!-- Generated by org.testng.reporters.JUnitReportReporter -->
<testsuite hostname="DESKTOP-N7K85DJ" name="Test_Case_Dev.NewsEvents" tests="2" failures="0" timestamp="30 Sep 2021 09:43:18 GMT" time="177.609" errors="0">
  <testcase name="NewsEvents" time="93.871" classname="Test_Case_Dev.NewsEvents"/>
  <testcase name="NewsEvents" time="83.738" classname="Test_Case_Dev.NewsEvents"/>
</testsuite> <!-- Test_Case_Dev.NewsEvents -->
