<?xml version="1.0" encoding="UTF-8"?>
<!-- Generated by org.testng.reporters.JUnitReportReporter -->
<testsuite hostname="DESKTOP-N7K85DJ" name="Warranty_Test_Case_Dev.Partner_With_US" tests="2" failures="0" timestamp="20 Dec 2021 12:49:11 GMT" time="43.019" errors="0">
  <testcase name="partner" time="18.928" classname="Warranty_Test_Case_Dev.Partner_With_US"/>
  <testcase name="partner" time="24.091" classname="Warranty_Test_Case_Dev.Partner_With_US"/>
</testsuite> <!-- Warranty_Test_Case_Dev.Partner_With_US -->
