<?xml version="1.0" encoding="UTF-8"?>
<!-- Generated by org.testng.reporters.JUnitReportReporter -->
<testsuite hostname="DESKTOP-N7K85DJ" name="Warranty_Test_Case_Dev.Our_Partner" tests="12" failures="0" timestamp="3 Jan 2022 16:37:35 GMT" time="872.875" errors="0">
  <testcase name="Partner3" time="67.776" classname="Warranty_Test_Case_Dev.Our_Partner"/>
  <testcase name="Partner5" time="67.843" classname="Warranty_Test_Case_Dev.Our_Partner"/>
  <testcase name="Partner2" time="75.092" classname="Warranty_Test_Case_Dev.Our_Partner"/>
  <testcase name="Partner6" time="67.817" classname="Warranty_Test_Case_Dev.Our_Partner"/>
  <testcase name="Partner1" time="74.595" classname="Warranty_Test_Case_Dev.Our_Partner"/>
  <testcase name="Partner1" time="69.119" classname="Warranty_Test_Case_Dev.Our_Partner"/>
  <testcase name="Partner4" time="76.911" classname="Warranty_Test_Case_Dev.Our_Partner"/>
  <testcase name="Partner4" time="71.345" classname="Warranty_Test_Case_Dev.Our_Partner"/>
  <testcase name="Partner3" time="76.674" classname="Warranty_Test_Case_Dev.Our_Partner"/>
  <testcase name="Partner5" time="80.417" classname="Warranty_Test_Case_Dev.Our_Partner"/>
  <testcase name="Partner2" time="67.447" classname="Warranty_Test_Case_Dev.Our_Partner"/>
  <testcase name="Partner6" time="77.839" classname="Warranty_Test_Case_Dev.Our_Partner"/>
</testsuite> <!-- Warranty_Test_Case_Dev.Our_Partner -->
