<?xml version="1.0" encoding="UTF-8"?>
<!-- Generated by org.testng.reporters.JUnitReportReporter -->
<testsuite hostname="DESKTOP-N7K85DJ" name="Warranty_Test_Case_Dev.Contact_US" tests="2" failures="0" timestamp="20 Dec 2021 12:49:11 GMT" time="105.826" errors="0">
  <testcase name="ContactUS" time="50.726" classname="Warranty_Test_Case_Dev.Contact_US"/>
  <testcase name="ContactUS" time="55.100" classname="Warranty_Test_Case_Dev.Contact_US"/>
</testsuite> <!-- Warranty_Test_Case_Dev.Contact_US -->
