<?xml version="1.0" encoding="UTF-8"?>
<!-- Generated by org.testng.reporters.JUnitReportReporter -->
<testsuite hostname="DESKTOP-N7K85DJ" name="Warranty_Test_Case_Dev.Partner_With_US" tests="2" failures="0" timestamp="30 Dec 2021 12:53:18 GMT" time="37.102" errors="0">
  <testcase name="partner" time="16.257" classname="Warranty_Test_Case_Dev.Partner_With_US"/>
  <testcase name="partner" time="20.845" classname="Warranty_Test_Case_Dev.Partner_With_US"/>
</testsuite> <!-- Warranty_Test_Case_Dev.Partner_With_US -->
