<?xml version="1.0" encoding="UTF-8"?>
<!-- Generated by org.testng.reporters.JUnitReportReporter -->
<testsuite hostname="DESKTOP-N7K85DJ" name="Warranty_Test_Case_Prod.About_US" tests="2" failures="0" timestamp="4 Jan 2022 17:10:41 GMT" time="83.905" errors="0">
  <testcase name="Home_page" time="40.882" classname="Warranty_Test_Case_Prod.About_US"/>
  <testcase name="Home_page" time="43.023" classname="Warranty_Test_Case_Prod.About_US"/>
</testsuite> <!-- Warranty_Test_Case_Prod.About_US -->
