<?xml version="1.0" encoding="UTF-8"?>
<!-- Generated by org.testng.reporters.JUnitReportReporter -->
<testsuite hostname="DESKTOP-N7K85DJ" name="Test_Case_Dev.Our_Partner" tests="12" failures="0" timestamp="19 Nov 2021 14:01:51 GMT" time="891.105" errors="0">
  <testcase name="Partner3" time="66.369" classname="Test_Case_Dev.Our_Partner"/>
  <testcase name="Partner6" time="68.873" classname="Test_Case_Dev.Our_Partner"/>
  <testcase name="Partner5" time="82.255" classname="Test_Case_Dev.Our_Partner"/>
  <testcase name="Partner2" time="66.982" classname="Test_Case_Dev.Our_Partner"/>
  <testcase name="Partner6" time="82.390" classname="Test_Case_Dev.Our_Partner"/>
  <testcase name="Partner5" time="75.390" classname="Test_Case_Dev.Our_Partner"/>
  <testcase name="Partner2" time="76.844" classname="Test_Case_Dev.Our_Partner"/>
  <testcase name="Partner4" time="71.873" classname="Test_Case_Dev.Our_Partner"/>
  <testcase name="Partner4" time="77.143" classname="Test_Case_Dev.Our_Partner"/>
  <testcase name="Partner3" time="78.945" classname="Test_Case_Dev.Our_Partner"/>
  <testcase name="Partner1" time="77.012" classname="Test_Case_Dev.Our_Partner"/>
  <testcase name="Partner1" time="67.029" classname="Test_Case_Dev.Our_Partner"/>
</testsuite> <!-- Test_Case_Dev.Our_Partner -->
