<?xml version="1.0" encoding="UTF-8"?>
<!-- Generated by org.testng.reporters.JUnitReportReporter -->
<testsuite hostname="DESKTOP-N7K85DJ" name="Warranty_Test_Case_Dev.About_US" tests="2" failures="0" timestamp="30 Dec 2021 12:53:18 GMT" time="77.399" errors="0">
  <testcase name="Home_page" time="40.701" classname="Warranty_Test_Case_Dev.About_US"/>
  <testcase name="Home_page" time="36.698" classname="Warranty_Test_Case_Dev.About_US"/>
</testsuite> <!-- Warranty_Test_Case_Dev.About_US -->
