<?xml version="1.0" encoding="UTF-8"?>
<!-- Generated by org.testng.reporters.JUnitReportReporter -->
<testsuite hostname="DESKTOP-N7K85DJ" name="Test_Case_Dev.Partner_With_US" tests="2" failures="0" timestamp="21 Sep 2021 05:39:32 GMT" time="38.924" errors="0">
  <testcase name="partner" time="16.800" classname="Test_Case_Dev.Partner_With_US"/>
  <testcase name="partner" time="22.124" classname="Test_Case_Dev.Partner_With_US"/>
</testsuite> <!-- Test_Case_Dev.Partner_With_US -->
