<?xml version="1.0" encoding="UTF-8"?>
<!-- Generated by org.testng.reporters.JUnitReportReporter -->
<testsuite hostname="DESKTOP-N7K85DJ" name="Warranty_Test_Case_Dev.Our_Partner" tests="12" failures="0" timestamp="20 Dec 2021 12:49:11 GMT" time="956.440" errors="0">
  <testcase name="Partner1" time="77.580" classname="Warranty_Test_Case_Dev.Our_Partner"/>
  <testcase name="Partner3" time="75.736" classname="Warranty_Test_Case_Dev.Our_Partner"/>
  <testcase name="Partner5" time="79.244" classname="Warranty_Test_Case_Dev.Our_Partner"/>
  <testcase name="Partner4" time="82.316" classname="Warranty_Test_Case_Dev.Our_Partner"/>
  <testcase name="Partner6" time="83.260" classname="Warranty_Test_Case_Dev.Our_Partner"/>
  <testcase name="Partner6" time="79.050" classname="Warranty_Test_Case_Dev.Our_Partner"/>
  <testcase name="Partner4" time="76.774" classname="Warranty_Test_Case_Dev.Our_Partner"/>
  <testcase name="Partner5" time="81.226" classname="Warranty_Test_Case_Dev.Our_Partner"/>
  <testcase name="Partner2" time="80.311" classname="Warranty_Test_Case_Dev.Our_Partner"/>
  <testcase name="Partner2" time="81.608" classname="Warranty_Test_Case_Dev.Our_Partner"/>
  <testcase name="Partner1" time="79.970" classname="Warranty_Test_Case_Dev.Our_Partner"/>
  <testcase name="Partner3" time="79.365" classname="Warranty_Test_Case_Dev.Our_Partner"/>
</testsuite> <!-- Warranty_Test_Case_Dev.Our_Partner -->
