<?xml version="1.0" encoding="UTF-8"?>
<!-- Generated by org.testng.reporters.JUnitReportReporter -->
<testsuite hostname="DESKTOP-N7K85DJ" name="Test_Case_Dev.About_US" tests="2" failures="0" timestamp="30 Sep 2021 09:43:18 GMT" time="77.711" errors="0">
  <testcase name="Home_page" time="36.712" classname="Test_Case_Dev.About_US"/>
  <testcase name="Home_page" time="40.999" classname="Test_Case_Dev.About_US"/>
</testsuite> <!-- Test_Case_Dev.About_US -->
