<?xml version="1.0" encoding="UTF-8"?>
<!-- Generated by org.testng.reporters.JUnitReportReporter -->
<testsuite hostname="DESKTOP-N7K85DJ" name="Test_Case_Dev.Our_Partner" tests="12" failures="0" timestamp="21 Sep 2021 05:39:32 GMT" time="864.614" errors="0">
  <testcase name="Partner2" time="75.478" classname="Test_Case_Dev.Our_Partner"/>
  <testcase name="Partner1" time="74.956" classname="Test_Case_Dev.Our_Partner"/>
  <testcase name="Partner6" time="75.006" classname="Test_Case_Dev.Our_Partner"/>
  <testcase name="Partner6" time="68.179" classname="Test_Case_Dev.Our_Partner"/>
  <testcase name="Partner5" time="75.147" classname="Test_Case_Dev.Our_Partner"/>
  <testcase name="Partner3" time="75.630" classname="Test_Case_Dev.Our_Partner"/>
  <testcase name="Partner5" time="67.793" classname="Test_Case_Dev.Our_Partner"/>
  <testcase name="Partner4" time="76.733" classname="Test_Case_Dev.Our_Partner"/>
  <testcase name="Partner3" time="68.142" classname="Test_Case_Dev.Our_Partner"/>
  <testcase name="Partner1" time="68.909" classname="Test_Case_Dev.Our_Partner"/>
  <testcase name="Partner2" time="68.406" classname="Test_Case_Dev.Our_Partner"/>
  <testcase name="Partner4" time="70.235" classname="Test_Case_Dev.Our_Partner"/>
</testsuite> <!-- Test_Case_Dev.Our_Partner -->
