<?xml version="1.0" encoding="UTF-8"?>
<!-- Generated by org.testng.reporters.JUnitReportReporter -->
<testsuite hostname="DESKTOP-N7K85DJ" name="Warranty_Test_Case_Dev.Contact_US" tests="2" failures="0" timestamp="3 Jan 2022 16:37:35 GMT" time="95.889" errors="0">
  <testcase name="ContactUS" time="47.937" classname="Warranty_Test_Case_Dev.Contact_US"/>
  <testcase name="ContactUS" time="47.952" classname="Warranty_Test_Case_Dev.Contact_US"/>
</testsuite> <!-- Warranty_Test_Case_Dev.Contact_US -->
