<?xml version="1.0" encoding="UTF-8"?>
<!-- Generated by org.testng.reporters.JUnitReportReporter -->
<testsuite hostname="DESKTOP-N7K85DJ" name="Warranty_Test_Case_Dev.Our_Partner" tests="12" failures="0" timestamp="30 Dec 2021 12:53:18 GMT" time="840.612" errors="0">
  <testcase name="Partner3" time="66.305" classname="Warranty_Test_Case_Dev.Our_Partner"/>
  <testcase name="Partner5" time="67.940" classname="Warranty_Test_Case_Dev.Our_Partner"/>
  <testcase name="Partner2" time="71.811" classname="Warranty_Test_Case_Dev.Our_Partner"/>
  <testcase name="Partner6" time="68.569" classname="Warranty_Test_Case_Dev.Our_Partner"/>
  <testcase name="Partner1" time="72.695" classname="Warranty_Test_Case_Dev.Our_Partner"/>
  <testcase name="Partner1" time="68.805" classname="Warranty_Test_Case_Dev.Our_Partner"/>
  <testcase name="Partner4" time="73.089" classname="Warranty_Test_Case_Dev.Our_Partner"/>
  <testcase name="Partner4" time="69.143" classname="Warranty_Test_Case_Dev.Our_Partner"/>
  <testcase name="Partner3" time="72.080" classname="Warranty_Test_Case_Dev.Our_Partner"/>
  <testcase name="Partner5" time="72.022" classname="Warranty_Test_Case_Dev.Our_Partner"/>
  <testcase name="Partner2" time="66.458" classname="Warranty_Test_Case_Dev.Our_Partner"/>
  <testcase name="Partner6" time="71.695" classname="Warranty_Test_Case_Dev.Our_Partner"/>
</testsuite> <!-- Warranty_Test_Case_Dev.Our_Partner -->
