<?xml version="1.0" encoding="UTF-8"?>
<!-- Generated by org.testng.reporters.JUnitReportReporter -->
<testsuite hostname="DESKTOP-N7K85DJ" name="Test_Case_Dev.Partner_With_US" tests="2" failures="0" timestamp="30 Sep 2021 09:43:18 GMT" time="36.685" errors="0">
  <testcase name="partner" time="16.311" classname="Test_Case_Dev.Partner_With_US"/>
  <testcase name="partner" time="20.374" classname="Test_Case_Dev.Partner_With_US"/>
</testsuite> <!-- Test_Case_Dev.Partner_With_US -->
