<?xml version="1.0" encoding="UTF-8"?>
<!-- Generated by org.testng.reporters.JUnitReportReporter -->
<testsuite hostname="DESKTOP-N7K85DJ" name="Test_Case_Dev.HomePage_Testcase" tests="2" failures="0" timestamp="30 Sep 2021 09:43:18 GMT" time="530.750" errors="0">
  <testcase name="Home_page" time="262.012" classname="Test_Case_Dev.HomePage_Testcase"/>
  <testcase name="Home_page" time="268.738" classname="Test_Case_Dev.HomePage_Testcase"/>
</testsuite> <!-- Test_Case_Dev.HomePage_Testcase -->
