<?xml version="1.0" encoding="UTF-8"?>
<!-- Generated by org.testng.reporters.JUnitReportReporter -->
<testsuite hostname="DESKTOP-N7K85DJ" name="Test_Case_Dev.About_US" tests="2" failures="0" timestamp="19 Nov 2021 14:01:51 GMT" time="77.928" errors="0">
  <testcase name="Home_page" time="40.527" classname="Test_Case_Dev.About_US"/>
  <testcase name="Home_page" time="37.401" classname="Test_Case_Dev.About_US"/>
</testsuite> <!-- Test_Case_Dev.About_US -->
