<?xml version="1.0" encoding="UTF-8"?>
<!-- Generated by org.testng.reporters.JUnitReportReporter -->
<testsuite hostname="DESKTOP-N7K85DJ" name="Warranty_Test_Case_Prod.Our_Partner" tests="12" failures="0" timestamp="4 Jan 2022 17:10:41 GMT" time="933.115" errors="0">
  <testcase name="Partner1" time="70.518" classname="Warranty_Test_Case_Prod.Our_Partner"/>
  <testcase name="Partner6" time="129.898" classname="Warranty_Test_Case_Prod.Our_Partner"/>
  <testcase name="Partner2" time="69.488" classname="Warranty_Test_Case_Prod.Our_Partner"/>
  <testcase name="Partner1" time="75.746" classname="Warranty_Test_Case_Prod.Our_Partner"/>
  <testcase name="Partner5" time="68.353" classname="Warranty_Test_Case_Prod.Our_Partner"/>
  <testcase name="Partner3" time="75.743" classname="Warranty_Test_Case_Prod.Our_Partner"/>
  <testcase name="Partner4" time="77.151" classname="Warranty_Test_Case_Prod.Our_Partner"/>
  <testcase name="Partner3" time="68.470" classname="Warranty_Test_Case_Prod.Our_Partner"/>
  <testcase name="Partner6" time="74.995" classname="Warranty_Test_Case_Prod.Our_Partner"/>
  <testcase name="Partner2" time="74.393" classname="Warranty_Test_Case_Prod.Our_Partner"/>
  <testcase name="Partner4" time="73.090" classname="Warranty_Test_Case_Prod.Our_Partner"/>
  <testcase name="Partner5" time="75.270" classname="Warranty_Test_Case_Prod.Our_Partner"/>
</testsuite> <!-- Warranty_Test_Case_Prod.Our_Partner -->
