<?xml version="1.0" encoding="UTF-8"?>
<!-- Generated by org.testng.reporters.JUnitReportReporter -->
<testsuite hostname="DESKTOP-N7K85DJ" name="Test_Case_Dev.Our_Partner" tests="12" failures="0" timestamp="30 Sep 2021 09:43:18 GMT" time="839.573" errors="0">
  <testcase name="Partner2" time="72.257" classname="Test_Case_Dev.Our_Partner"/>
  <testcase name="Partner1" time="71.771" classname="Test_Case_Dev.Our_Partner"/>
  <testcase name="Partner6" time="73.009" classname="Test_Case_Dev.Our_Partner"/>
  <testcase name="Partner6" time="66.401" classname="Test_Case_Dev.Our_Partner"/>
  <testcase name="Partner5" time="73.203" classname="Test_Case_Dev.Our_Partner"/>
  <testcase name="Partner3" time="73.422" classname="Test_Case_Dev.Our_Partner"/>
  <testcase name="Partner5" time="66.532" classname="Test_Case_Dev.Our_Partner"/>
  <testcase name="Partner4" time="74.044" classname="Test_Case_Dev.Our_Partner"/>
  <testcase name="Partner3" time="66.436" classname="Test_Case_Dev.Our_Partner"/>
  <testcase name="Partner1" time="66.542" classname="Test_Case_Dev.Our_Partner"/>
  <testcase name="Partner2" time="67.950" classname="Test_Case_Dev.Our_Partner"/>
  <testcase name="Partner4" time="68.006" classname="Test_Case_Dev.Our_Partner"/>
</testsuite> <!-- Test_Case_Dev.Our_Partner -->
