<?xml version="1.0" encoding="UTF-8"?>
<!-- Generated by org.testng.reporters.JUnitReportReporter -->
<testsuite hostname="DESKTOP-N7K85DJ" name="Test_Case_Dev.Partner_With_US" tests="2" failures="0" timestamp="19 Nov 2021 14:01:51 GMT" time="97.034" errors="0">
  <testcase name="partner" time="77.250" classname="Test_Case_Dev.Partner_With_US"/>
  <testcase name="partner" time="19.784" classname="Test_Case_Dev.Partner_With_US"/>
</testsuite> <!-- Test_Case_Dev.Partner_With_US -->
