<?xml version="1.0" encoding="UTF-8"?>
<!-- Generated by org.testng.reporters.JUnitReportReporter -->
<testsuite hostname="DESKTOP-N7K85DJ" name="Test_Case_Dev.NewsEvents" tests="2" failures="0" timestamp="19 Nov 2021 14:01:51 GMT" time="199.127" errors="0">
  <testcase name="NewsEvents" time="101.781" classname="Test_Case_Dev.NewsEvents"/>
  <testcase name="NewsEvents" time="97.346" classname="Test_Case_Dev.NewsEvents"/>
</testsuite> <!-- Test_Case_Dev.NewsEvents -->
