<?xml version="1.0" encoding="UTF-8"?>
<!-- Generated by org.testng.reporters.JUnitReportReporter -->
<testsuite hostname="DESKTOP-N7K85DJ" name="Test_Case_Dev.Contact_US" tests="2" failures="0" timestamp="30 Sep 2021 09:43:18 GMT" time="101.248" errors="0">
  <testcase name="ContactUS" time="47.774" classname="Test_Case_Dev.Contact_US"/>
  <testcase name="ContactUS" time="53.474" classname="Test_Case_Dev.Contact_US"/>
</testsuite> <!-- Test_Case_Dev.Contact_US -->
