<?xml version="1.0" encoding="UTF-8"?>
<!-- Generated by org.testng.reporters.JUnitReportReporter -->
<testsuite hostname="DESKTOP-N7K85DJ" name="Warranty_Test_Case_Prod.Partner_With_US" tests="2" failures="0" timestamp="4 Jan 2022 17:10:41 GMT" time="40.803" errors="0">
  <testcase name="partner" time="21.784" classname="Warranty_Test_Case_Prod.Partner_With_US"/>
  <testcase name="partner" time="19.019" classname="Warranty_Test_Case_Prod.Partner_With_US"/>
</testsuite> <!-- Warranty_Test_Case_Prod.Partner_With_US -->
