<?xml version="1.0" encoding="UTF-8"?>
<!-- Generated by org.testng.reporters.JUnitReportReporter -->
<testsuite hostname="DESKTOP-N7K85DJ" name="Test_Case_Dev.HomePage_Testcase" tests="2" failures="0" timestamp="21 Sep 2021 05:39:32 GMT" time="549.322" errors="0">
  <testcase name="Home_page" time="272.814" classname="Test_Case_Dev.HomePage_Testcase"/>
  <testcase name="Home_page" time="276.508" classname="Test_Case_Dev.HomePage_Testcase"/>
</testsuite> <!-- Test_Case_Dev.HomePage_Testcase -->
