<?xml version="1.0" encoding="UTF-8"?>
<!-- Generated by org.testng.reporters.JUnitReportReporter -->
<testsuite hostname="DESKTOP-N7K85DJ" name="Test_Case_Dev.NewsEvents" tests="2" failures="0" timestamp="21 Sep 2021 05:39:32 GMT" time="181.569" errors="0">
  <testcase name="NewsEvents" time="92.967" classname="Test_Case_Dev.NewsEvents"/>
  <testcase name="NewsEvents" time="88.602" classname="Test_Case_Dev.NewsEvents"/>
</testsuite> <!-- Test_Case_Dev.NewsEvents -->
