<?xml version="1.0" encoding="UTF-8"?>
<!-- Generated by org.testng.reporters.JUnitReportReporter -->
<testsuite hostname="DESKTOP-N7K85DJ" name="Test_Case_Dev.HomePage_Testcase" tests="2" failures="0" timestamp="19 Nov 2021 14:01:51 GMT" time="551.453" errors="0">
  <testcase name="Home_page" time="268.909" classname="Test_Case_Dev.HomePage_Testcase"/>
  <testcase name="Home_page" time="282.544" classname="Test_Case_Dev.HomePage_Testcase"/>
</testsuite> <!-- Test_Case_Dev.HomePage_Testcase -->
