<?xml version="1.0" encoding="UTF-8"?>
<!-- Generated by org.testng.reporters.JUnitReportReporter -->
<testsuite hostname="DESKTOP-N7K85DJ" name="Test_Cases_Development.WatsNew" tests="2" failures="0" timestamp="25 Oct 2021 13:58:05 GMT" time="188.142" errors="0">
  <testcase name="WhatsNew" time="95.721" classname="Test_Cases_Development.WatsNew"/>
  <testcase name="WhatsNew" time="92.421" classname="Test_Cases_Development.WatsNew"/>
</testsuite> <!-- Test_Cases_Development.WatsNew -->
