<?xml version="1.0" encoding="UTF-8"?>
<!-- Generated by org.testng.reporters.JUnitReportReporter -->
<testsuite hostname="DESKTOP-N7K85DJ" name="Test_Cases_Development.HomePage_TC" tests="2" failures="0" timestamp="22 Oct 2021 12:11:43 GMT" time="99.645" errors="0">
  <testcase name="main_Home_Page" time="52.408" classname="Test_Cases_Development.HomePage_TC"/>
  <testcase name="main_Home_Page" time="47.237" classname="Test_Cases_Development.HomePage_TC"/>
</testsuite> <!-- Test_Cases_Development.HomePage_TC -->
