<?xml version="1.0" encoding="UTF-8"?>
<!-- Generated by org.testng.reporters.JUnitReportReporter -->
<testsuite hostname="DESKTOP-N7K85DJ" name="Test_Cases_Development.HomePage_TC" tests="2" failures="0" timestamp="22 Nov 2021 09:48:52 GMT" time="112.431" errors="0">
  <testcase name="main_Home_Page" time="59.707" classname="Test_Cases_Development.HomePage_TC"/>
  <testcase name="main_Home_Page" time="52.724" classname="Test_Cases_Development.HomePage_TC"/>
</testsuite> <!-- Test_Cases_Development.HomePage_TC -->
