<?xml version="1.0" encoding="UTF-8"?>
<!-- Generated by org.testng.reporters.JUnitReportReporter -->
<testsuite hostname="DESKTOP-N7K85DJ" name="Pinnacle_Test_Cases_Development.HomePage_TC" tests="2" failures="0" timestamp="3 Jan 2022 16:45:31 GMT" time="115.027" errors="0">
  <testcase name="main_Home_Page" time="55.177" classname="Pinnacle_Test_Cases_Development.HomePage_TC"/>
  <testcase name="main_Home_Page" time="59.850" classname="Pinnacle_Test_Cases_Development.HomePage_TC"/>
</testsuite> <!-- Pinnacle_Test_Cases_Development.HomePage_TC -->
