<?xml version="1.0" encoding="UTF-8"?>
<!-- Generated by org.testng.reporters.JUnitReportReporter -->
<testsuite hostname="DESKTOP-N7K85DJ" name="Test_Cases_Development.HomePage_TC" tests="2" failures="0" timestamp="25 Oct 2021 13:58:05 GMT" time="117.504" errors="0">
  <testcase name="main_Home_Page" time="49.556" classname="Test_Cases_Development.HomePage_TC"/>
  <testcase name="main_Home_Page" time="67.948" classname="Test_Cases_Development.HomePage_TC"/>
</testsuite> <!-- Test_Cases_Development.HomePage_TC -->
