<?xml version="1.0" encoding="UTF-8"?>
<!-- Generated by org.testng.reporters.JUnitReportReporter -->
<testsuite hostname="DESKTOP-N7K85DJ" name="Test_Cases_Development.WatsNew" tests="2" failures="0" timestamp="22 Nov 2021 09:48:52 GMT" time="168.775" errors="0">
  <testcase name="WhatsNew" time="87.361" classname="Test_Cases_Development.WatsNew"/>
  <testcase name="WhatsNew" time="81.414" classname="Test_Cases_Development.WatsNew"/>
</testsuite> <!-- Test_Cases_Development.WatsNew -->
