<?xml version="1.0" encoding="UTF-8"?>
<!-- Generated by org.testng.reporters.JUnitReportReporter -->
<testsuite hostname="DESKTOP-N7K85DJ" name="Pinnacle_Test_Cases_Development.HomePage_TC" tests="2" failures="0" timestamp="29 Dec 2021 11:37:56 GMT" time="110.666" errors="0">
  <testcase name="main_Home_Page" time="57.927" classname="Pinnacle_Test_Cases_Development.HomePage_TC"/>
  <testcase name="main_Home_Page" time="52.739" classname="Pinnacle_Test_Cases_Development.HomePage_TC"/>
</testsuite> <!-- Pinnacle_Test_Cases_Development.HomePage_TC -->
