<?xml version="1.0" encoding="UTF-8"?>
<!-- Generated by org.testng.reporters.JUnitReportReporter -->
<testsuite hostname="DESKTOP-N7K85DJ" name="Pinnacle_Test_Cases_Development.WatsNew" tests="2" failures="0" timestamp="3 Jan 2022 16:45:31 GMT" time="204.724" errors="0">
  <testcase name="WhatsNew" time="103.270" classname="Pinnacle_Test_Cases_Development.WatsNew"/>
  <testcase name="WhatsNew" time="101.454" classname="Pinnacle_Test_Cases_Development.WatsNew"/>
</testsuite> <!-- Pinnacle_Test_Cases_Development.WatsNew -->
