<?xml version="1.0" encoding="UTF-8"?>
<!-- Generated by org.testng.reporters.JUnitReportReporter -->
<testsuite hostname="DESKTOP-N7K85DJ" name="Test_Cases_Development.WatsNew" tests="2" failures="0" timestamp="22 Oct 2021 12:11:43 GMT" time="205.839" errors="0">
  <testcase name="WhatsNew" time="100.984" classname="Test_Cases_Development.WatsNew"/>
  <testcase name="WhatsNew" time="104.855" classname="Test_Cases_Development.WatsNew"/>
</testsuite> <!-- Test_Cases_Development.WatsNew -->
