<?xml version="1.0" encoding="UTF-8"?>
<!-- Generated by org.testng.reporters.JUnitReportReporter -->
<testsuite hostname="DESKTOP-N7K85DJ" name="Test_Cases_Development.HomePage_TC" tests="2" failures="0" timestamp="2 Dec 2021 09:56:44 GMT" time="119.326" errors="0">
  <testcase name="main_Home_Page" time="61.825" classname="Test_Cases_Development.HomePage_TC"/>
  <testcase name="main_Home_Page" time="57.501" classname="Test_Cases_Development.HomePage_TC"/>
</testsuite> <!-- Test_Cases_Development.HomePage_TC -->
