<?xml version="1.0" encoding="UTF-8"?>
<!-- Generated by org.testng.reporters.JUnitReportReporter -->
<testsuite hostname="DESKTOP-N7K85DJ" name="Pinnacle_Test_Cases_Development.WatsNew" tests="2" failures="0" timestamp="29 Dec 2021 11:37:56 GMT" time="189.615" errors="0">
  <testcase name="WhatsNew" time="93.342" classname="Pinnacle_Test_Cases_Development.WatsNew"/>
  <testcase name="WhatsNew" time="96.273" classname="Pinnacle_Test_Cases_Development.WatsNew"/>
</testsuite> <!-- Pinnacle_Test_Cases_Development.WatsNew -->
