<?xml version="1.0" encoding="UTF-8"?>
<!-- Generated by org.testng.reporters.JUnitReportReporter -->
<testsuite hostname="DESKTOP-N7K85DJ" name="Test_Cases_Development.HomePage_TC" tests="2" failures="0" timestamp="18 Oct 2021 13:47:34 GMT" time="98.620" errors="0">
  <testcase name="main_Home_Page" time="52.069" classname="Test_Cases_Development.HomePage_TC"/>
  <testcase name="main_Home_Page" time="46.551" classname="Test_Cases_Development.HomePage_TC"/>
</testsuite> <!-- Test_Cases_Development.HomePage_TC -->
