<?xml version="1.0" encoding="UTF-8"?>
<!-- Generated by org.testng.reporters.JUnitReportReporter -->
<testsuite hostname="DESKTOP-N7K85DJ" name="Test_Cases_Development.WatsNew" tests="2" failures="0" timestamp="18 Oct 2021 13:47:34 GMT" time="177.340" errors="0">
  <testcase name="WhatsNew" time="90.382" classname="Test_Cases_Development.WatsNew"/>
  <testcase name="WhatsNew" time="86.958" classname="Test_Cases_Development.WatsNew"/>
</testsuite> <!-- Test_Cases_Development.WatsNew -->
