<?xml version="1.0" encoding="UTF-8"?>
<!-- Generated by org.testng.reporters.JUnitReportReporter -->
<testsuite hostname="DESKTOP-N7K85DJ" name="Test_Cases_Development.WatsNew" tests="2" failures="0" timestamp="2 Dec 2021 09:56:44 GMT" time="224.645" errors="0">
  <testcase name="WhatsNew" time="105.644" classname="Test_Cases_Development.WatsNew"/>
  <testcase name="WhatsNew" time="119.001" classname="Test_Cases_Development.WatsNew"/>
</testsuite> <!-- Test_Cases_Development.WatsNew -->
