<?xml version="1.0" encoding="UTF-8"?>
<!-- Generated by org.testng.reporters.JUnitReportReporter -->
<testsuite hostname="DESKTOP-N7K85DJ" name="Casuality_Prod_TC.Menu_Press_Room" tests="2" failures="0" timestamp="28 Jan 2022 14:58:16 GMT" time="126.781" errors="0">
  <testcase name="HomePage" time="66.601" classname="Casuality_Prod_TC.Menu_Press_Room"/>
  <testcase name="HomePage" time="60.180" classname="Casuality_Prod_TC.Menu_Press_Room"/>
</testsuite> <!-- Casuality_Prod_TC.Menu_Press_Room -->
