<?xml version="1.0" encoding="UTF-8"?>
<!-- Generated by org.testng.reporters.JUnitReportReporter -->
<testsuite hostname="DESKTOP-N7K85DJ" name="Casuality_Dev_TC.Menu_Our_Carriers" tests="2" failures="0" timestamp="7 Feb 2022 14:10:59 GMT" time="58.399" errors="0">
  <testcase name="Carriers" time="30.208" classname="Casuality_Dev_TC.Menu_Our_Carriers"/>
  <testcase name="Carriers" time="28.191" classname="Casuality_Dev_TC.Menu_Our_Carriers"/>
</testsuite> <!-- Casuality_Dev_TC.Menu_Our_Carriers -->
