<?xml version="1.0" encoding="UTF-8"?>
<!-- Generated by org.testng.reporters.JUnitReportReporter -->
<testsuite hostname="DESKTOP-N7K85DJ" name="Casuality_Prod_TC.Menu_About_US" tests="2" failures="0" timestamp="21 Jan 2022 13:48:41 GMT" time="98.958" errors="0">
  <testcase name="HomePage" time="50.482" classname="Casuality_Prod_TC.Menu_About_US"/>
  <testcase name="HomePage" time="48.476" classname="Casuality_Prod_TC.Menu_About_US"/>
</testsuite> <!-- Casuality_Prod_TC.Menu_About_US -->
