<?xml version="1.0" encoding="UTF-8"?>
<!-- Generated by org.testng.reporters.JUnitReportReporter -->
<testsuite hostname="DESKTOP-N7K85DJ" name="Casuality_Prod_TC.Menu_About_US" tests="2" failures="0" timestamp="28 Jan 2022 14:58:16 GMT" time="119.914" errors="0">
  <testcase name="HomePage" time="60.177" classname="Casuality_Prod_TC.Menu_About_US"/>
  <testcase name="HomePage" time="59.737" classname="Casuality_Prod_TC.Menu_About_US"/>
</testsuite> <!-- Casuality_Prod_TC.Menu_About_US -->
