<?xml version="1.0" encoding="UTF-8"?>
<!-- Generated by org.testng.reporters.JUnitReportReporter -->
<testsuite hostname="DESKTOP-N7K85DJ" name="Casuality_Prod_TC.Home_page" tests="2" failures="0" timestamp="28 Jan 2022 14:58:16 GMT" time="173.429" errors="0">
  <testcase name="HomePage" time="90.581" classname="Casuality_Prod_TC.Home_page"/>
  <testcase name="HomePage" time="82.848" classname="Casuality_Prod_TC.Home_page"/>
</testsuite> <!-- Casuality_Prod_TC.Home_page -->
