<?xml version="1.0" encoding="UTF-8"?>
<!-- Generated by org.testng.reporters.JUnitReportReporter -->
<testsuite hostname="DESKTOP-N7K85DJ" name="Casuality_Prod_TC.Menu_Contact_Us" tests="2" failures="0" timestamp="28 Jan 2022 14:58:16 GMT" time="72.307" errors="0">
  <testcase name="HomePage" time="32.085" classname="Casuality_Prod_TC.Menu_Contact_Us"/>
  <testcase name="HomePage" time="40.222" classname="Casuality_Prod_TC.Menu_Contact_Us"/>
</testsuite> <!-- Casuality_Prod_TC.Menu_Contact_Us -->
