<?xml version="1.0" encoding="UTF-8"?>
<!-- Generated by org.testng.reporters.JUnitReportReporter -->
<testsuite hostname="DESKTOP-N7K85DJ" name="Casuality_Dev_TC.Menu_Contact_Us" tests="2" failures="0" timestamp="7 Feb 2022 14:10:59 GMT" time="59.197" errors="0">
  <testcase name="HomePage" time="32.428" classname="Casuality_Dev_TC.Menu_Contact_Us"/>
  <testcase name="HomePage" time="26.769" classname="Casuality_Dev_TC.Menu_Contact_Us"/>
</testsuite> <!-- Casuality_Dev_TC.Menu_Contact_Us -->
