<?xml version="1.0" encoding="UTF-8"?>
<!-- Generated by org.testng.reporters.JUnitReportReporter -->
<testsuite hostname="DESKTOP-N7K85DJ" name="Casuality_Dev_TC.Home_page" tests="2" failures="0" timestamp="7 Feb 2022 14:10:59 GMT" time="153.301" errors="0">
  <testcase name="HomePage" time="77.258" classname="Casuality_Dev_TC.Home_page"/>
  <testcase name="HomePage" time="76.043" classname="Casuality_Dev_TC.Home_page"/>
</testsuite> <!-- Casuality_Dev_TC.Home_page -->
