<?xml version="1.0" encoding="UTF-8"?>
<!-- Generated by org.testng.reporters.JUnitReportReporter -->
<testsuite hostname="DESKTOP-N7K85DJ" name="Casuality_Prod_TC.Menu_Press_Room" tests="2" failures="0" timestamp="21 Jan 2022 13:48:41 GMT" time="110.729" errors="0">
  <testcase name="HomePage" time="57.862" classname="Casuality_Prod_TC.Menu_Press_Room"/>
  <testcase name="HomePage" time="52.867" classname="Casuality_Prod_TC.Menu_Press_Room"/>
</testsuite> <!-- Casuality_Prod_TC.Menu_Press_Room -->
