<?xml version="1.0" encoding="UTF-8"?>
<!-- Generated by org.testng.reporters.JUnitReportReporter -->
<testsuite hostname="DESKTOP-N7K85DJ" name="Casuality_Prod_TC.Home_page" tests="2" failures="0" timestamp="21 Jan 2022 13:48:41 GMT" time="143.075" errors="0">
  <testcase name="HomePage" time="70.132" classname="Casuality_Prod_TC.Home_page"/>
  <testcase name="HomePage" time="72.943" classname="Casuality_Prod_TC.Home_page"/>
</testsuite> <!-- Casuality_Prod_TC.Home_page -->
