<?xml version="1.0" encoding="UTF-8"?>
<!-- Generated by org.testng.reporters.JUnitReportReporter -->
<testsuite hostname="DESKTOP-N7K85DJ" name="Casuality_Dev_TC.Menu_About_US" tests="2" failures="0" timestamp="7 Feb 2022 14:10:59 GMT" time="100.686" errors="0">
  <testcase name="HomePage" time="52.176" classname="Casuality_Dev_TC.Menu_About_US"/>
  <testcase name="HomePage" time="48.510" classname="Casuality_Dev_TC.Menu_About_US"/>
</testsuite> <!-- Casuality_Dev_TC.Menu_About_US -->
