<?xml version="1.0" encoding="UTF-8"?>
<!-- Generated by org.testng.reporters.JUnitReportReporter -->
<testsuite hostname="DESKTOP-N7K85DJ" name="Test_case_prod.AUW_header_web_Prod" tests="2" failures="0" timestamp="29 Sep 2021 15:30:43 GMT" time="99.697" errors="0">
  <testcase name="main" time="55.763" classname="Test_case_prod.AUW_header_web_Prod"/>
  <testcase name="main" time="43.934" classname="Test_case_prod.AUW_header_web_Prod"/>
</testsuite> <!-- Test_case_prod.AUW_header_web_Prod -->
