<?xml version="1.0" encoding="UTF-8"?>
<!-- Generated by org.testng.reporters.JUnitReportReporter -->
<testsuite hostname="DESKTOP-N7K85DJ" name="Test_case_prod.AUW_NJ_Update" tests="2" failures="0" timestamp="26 Sep 2021 10:43:59 GMT" time="87.630" errors="0">
  <testcase name="main" time="41.269" classname="Test_case_prod.AUW_NJ_Update"/>
  <testcase name="main" time="46.361" classname="Test_case_prod.AUW_NJ_Update"/>
</testsuite> <!-- Test_case_prod.AUW_NJ_Update -->
