<?xml version="1.0" encoding="UTF-8"?>
<!-- Generated by org.testng.reporters.JUnitReportReporter -->
<testsuite hostname="DESKTOP-N7K85DJ" name="AUW_Test_case_prod.AUW_CallUpdate" tests="2" failures="0" timestamp="20 Dec 2021 06:02:55 GMT" time="88.765" errors="0">
  <testcase name="main" time="47.707" classname="AUW_Test_case_prod.AUW_CallUpdate"/>
  <testcase name="main" time="41.058" classname="AUW_Test_case_prod.AUW_CallUpdate"/>
</testsuite> <!-- AUW_Test_case_prod.AUW_CallUpdate -->
