<?xml version="1.0" encoding="UTF-8"?>
<!-- Generated by org.testng.reporters.JUnitReportReporter -->
<testsuite hostname="DESKTOP-N7K85DJ" name="Test_case_prod.AUW_Footer_Prod" tests="2" failures="0" timestamp="26 Sep 2021 10:43:59 GMT" time="158.181" errors="0">
  <testcase name="AUW_Footer" time="81.500" classname="Test_case_prod.AUW_Footer_Prod"/>
  <testcase name="AUW_Footer" time="76.681" classname="Test_case_prod.AUW_Footer_Prod"/>
</testsuite> <!-- Test_case_prod.AUW_Footer_Prod -->
