<?xml version="1.0" encoding="UTF-8"?>
<!-- Generated by org.testng.reporters.JUnitReportReporter -->
<testsuite hostname="DESKTOP-N7K85DJ" name="Test_case_prod.AUW_Footer_Prod" tests="2" failures="0" timestamp="29 Sep 2021 15:30:43 GMT" time="173.355" errors="0">
  <testcase name="AUW_Footer" time="86.575" classname="Test_case_prod.AUW_Footer_Prod"/>
  <testcase name="AUW_Footer" time="86.780" classname="Test_case_prod.AUW_Footer_Prod"/>
</testsuite> <!-- Test_case_prod.AUW_Footer_Prod -->
