<?xml version="1.0" encoding="UTF-8"?>
<!-- Generated by org.testng.reporters.JUnitReportReporter -->
<testsuite hostname="DESKTOP-N7K85DJ" name="Test_case_prod.Practices_AgentsBrokers" tests="2" failures="0" timestamp="29 Sep 2021 15:30:43 GMT" time="125.874" errors="0">
  <testcase name="Practices_AgentsBrokers" time="60.433" classname="Test_case_prod.Practices_AgentsBrokers"/>
  <testcase name="Practices_AgentsBrokers" time="65.441" classname="Test_case_prod.Practices_AgentsBrokers"/>
</testsuite> <!-- Test_case_prod.Practices_AgentsBrokers -->
