<?xml version="1.0" encoding="UTF-8"?>
<!-- Generated by org.testng.reporters.JUnitReportReporter -->
<testsuite hostname="DESKTOP-N7K85DJ" name="Test_case_prod.AUW_CallUpdate" tests="2" failures="0" timestamp="29 Sep 2021 15:30:43 GMT" time="90.742" errors="0">
  <testcase name="main" time="42.219" classname="Test_case_prod.AUW_CallUpdate"/>
  <testcase name="main" time="48.523" classname="Test_case_prod.AUW_CallUpdate"/>
</testsuite> <!-- Test_case_prod.AUW_CallUpdate -->
