<?xml version="1.0" encoding="UTF-8"?>
<!-- Generated by org.testng.reporters.JUnitReportReporter -->
<testsuite hostname="DESKTOP-N7K85DJ" name="AUW_Test_Case_dev.AUW_header_web_Development" tests="2" failures="0" timestamp="29 Dec 2021 08:31:22 GMT" time="106.165" errors="0">
  <testcase name="main" time="47.019" classname="AUW_Test_Case_dev.AUW_header_web_Development"/>
  <testcase name="main" time="59.146" classname="AUW_Test_Case_dev.AUW_header_web_Development"/>
</testsuite> <!-- AUW_Test_Case_dev.AUW_header_web_Development -->
