<?xml version="1.0" encoding="UTF-8"?>
<!-- Generated by org.testng.reporters.JUnitReportReporter -->
<testsuite hostname="DESKTOP-N7K85DJ" name="Test_case_prod.Practices_AgentsBrokers" tests="2" failures="0" timestamp="1 Nov 2021 12:52:40 GMT" time="125.917" errors="0">
  <testcase name="Practices_AgentsBrokers" time="62.935" classname="Test_case_prod.Practices_AgentsBrokers"/>
  <testcase name="Practices_AgentsBrokers" time="62.982" classname="Test_case_prod.Practices_AgentsBrokers"/>
</testsuite> <!-- Test_case_prod.Practices_AgentsBrokers -->
