<?xml version="1.0" encoding="UTF-8"?>
<!-- Generated by org.testng.reporters.JUnitReportReporter -->
<testsuite hostname="DESKTOP-N7K85DJ" name="Test_Case_dev.AUW_Footer_Development" tests="2" failures="0" timestamp="29 Sep 2021 14:55:49 GMT" time="162.876" errors="0">
  <testcase name="AUW_Footer" time="76.091" classname="Test_Case_dev.AUW_Footer_Development"/>
  <testcase name="AUW_Footer" time="86.785" classname="Test_Case_dev.AUW_Footer_Development"/>
</testsuite> <!-- Test_Case_dev.AUW_Footer_Development -->
