<?xml version="1.0" encoding="UTF-8"?>
<!-- Generated by org.testng.reporters.JUnitReportReporter -->
<testsuite hostname="DESKTOP-N7K85DJ" name="Test_case_prod.AUW_Footer_Prod" tests="2" failures="0" timestamp="15 Nov 2021 05:02:07 GMT" time="161.019" errors="0">
  <testcase name="AUW_Footer" time="81.343" classname="Test_case_prod.AUW_Footer_Prod"/>
  <testcase name="AUW_Footer" time="79.676" classname="Test_case_prod.AUW_Footer_Prod"/>
</testsuite> <!-- Test_case_prod.AUW_Footer_Prod -->
