<?xml version="1.0" encoding="UTF-8"?>
<!-- Generated by org.testng.reporters.JUnitReportReporter -->
<testsuite hostname="DESKTOP-N7K85DJ" name="Test_Case_dev.AUW_Intelligence_TC" tests="2" failures="0" timestamp="26 Sep 2021 08:12:54 GMT" time="187.950" errors="0">
  <testcase name="main" time="90.421" classname="Test_Case_dev.AUW_Intelligence_TC"/>
  <testcase name="main" time="97.529" classname="Test_Case_dev.AUW_Intelligence_TC"/>
</testsuite> <!-- Test_Case_dev.AUW_Intelligence_TC -->
