<?xml version="1.0" encoding="UTF-8"?>
<!-- Generated by org.testng.reporters.JUnitReportReporter -->
<testsuite hostname="DESKTOP-N7K85DJ" name="AUW_Test_case_prod.AUW_header_web_Prod" tests="2" failures="0" timestamp="20 Dec 2021 06:02:55 GMT" time="98.554" errors="0">
  <testcase name="main" time="43.162" classname="AUW_Test_case_prod.AUW_header_web_Prod"/>
  <testcase name="main" time="55.392" classname="AUW_Test_case_prod.AUW_header_web_Prod"/>
</testsuite> <!-- AUW_Test_case_prod.AUW_header_web_Prod -->
