<?xml version="1.0" encoding="UTF-8"?>
<!-- Generated by org.testng.reporters.JUnitReportReporter -->
<testsuite hostname="DESKTOP-N7K85DJ" name="Test_Case_dev.AUW_Experience" tests="2" failures="0" timestamp="26 Sep 2021 08:12:54 GMT" time="564.070" errors="0">
  <testcase name="main" time="277.135" classname="Test_Case_dev.AUW_Experience"/>
  <testcase name="main" time="286.935" classname="Test_Case_dev.AUW_Experience"/>
</testsuite> <!-- Test_Case_dev.AUW_Experience -->
