<?xml version="1.0" encoding="UTF-8"?>
<!-- Generated by org.testng.reporters.JUnitReportReporter -->
<testsuite hostname="DESKTOP-N7K85DJ" name="Test_case_prod.AUW_Experience" tests="2" failures="0" timestamp="29 Sep 2021 15:30:43 GMT" time="558.652" errors="0">
  <testcase name="main" time="274.404" classname="Test_case_prod.AUW_Experience"/>
  <testcase name="main" time="284.248" classname="Test_case_prod.AUW_Experience"/>
</testsuite> <!-- Test_case_prod.AUW_Experience -->
