<?xml version="1.0" encoding="UTF-8"?>
<!-- Generated by org.testng.reporters.JUnitReportReporter -->
<testsuite hostname="DESKTOP-N7K85DJ" name="Test_case_prod.AUW_Footer_Prod" tests="2" failures="0" timestamp="25 Oct 2021 10:34:59 GMT" time="188.128" errors="0">
  <testcase name="AUW_Footer" time="83.726" classname="Test_case_prod.AUW_Footer_Prod"/>
  <testcase name="AUW_Footer" time="104.402" classname="Test_case_prod.AUW_Footer_Prod"/>
</testsuite> <!-- Test_case_prod.AUW_Footer_Prod -->
