<?xml version="1.0" encoding="UTF-8"?>
<!-- Generated by org.testng.reporters.JUnitReportReporter -->
<testsuite hostname="DESKTOP-N7K85DJ" name="AUW_Test_case_prod.AUW_NJ_Update" tests="2" failures="0" timestamp="20 Dec 2021 06:02:55 GMT" time="87.099" errors="0">
  <testcase name="main" time="45.896" classname="AUW_Test_case_prod.AUW_NJ_Update"/>
  <testcase name="main" time="41.203" classname="AUW_Test_case_prod.AUW_NJ_Update"/>
</testsuite> <!-- AUW_Test_case_prod.AUW_NJ_Update -->
