<?xml version="1.0" encoding="UTF-8"?>
<!-- Generated by org.testng.reporters.JUnitReportReporter -->
<testsuite hostname="DESKTOP-N7K85DJ" name="Test_case_prod.Practices_CustomerSeekingCoverage" tests="2" failures="0" timestamp="26 Sep 2021 10:43:59 GMT" time="450.831" errors="0">
  <testcase name="Practices_CustomerSeekingCoverage" time="217.413" classname="Test_case_prod.Practices_CustomerSeekingCoverage"/>
  <testcase name="Practices_CustomerSeekingCoverage" time="233.418" classname="Test_case_prod.Practices_CustomerSeekingCoverage"/>
</testsuite> <!-- Test_case_prod.Practices_CustomerSeekingCoverage -->
