<?xml version="1.0" encoding="UTF-8"?>
<!-- Generated by org.testng.reporters.JUnitReportReporter -->
<testsuite hostname="DESKTOP-N7K85DJ" name="Test_case_prod.AUW_CallUpdate" tests="2" failures="0" timestamp="25 Oct 2021 10:34:59 GMT" time="90.489" errors="0">
  <testcase name="main" time="41.892" classname="Test_case_prod.AUW_CallUpdate"/>
  <testcase name="main" time="48.597" classname="Test_case_prod.AUW_CallUpdate"/>
</testsuite> <!-- Test_case_prod.AUW_CallUpdate -->
