<?xml version="1.0" encoding="UTF-8"?>
<!-- Generated by org.testng.reporters.JUnitReportReporter -->
<testsuite hostname="DESKTOP-N7K85DJ" name="AUW_Test_Case_dev.AUW_CallUpdate" tests="2" failures="0" timestamp="29 Dec 2021 08:31:22 GMT" time="104.465" errors="0">
  <testcase name="main" time="50.496" classname="AUW_Test_Case_dev.AUW_CallUpdate"/>
  <testcase name="main" time="53.969" classname="AUW_Test_Case_dev.AUW_CallUpdate"/>
</testsuite> <!-- AUW_Test_Case_dev.AUW_CallUpdate -->
