<?xml version="1.0" encoding="UTF-8"?>
<!-- Generated by org.testng.reporters.JUnitReportReporter -->
<testsuite hostname="DESKTOP-N7K85DJ" name="Test_Case_dev.AUW_Footer_Development" tests="2" failures="0" timestamp="15 Nov 2021 05:44:21 GMT" time="164.695" errors="0">
  <testcase name="AUW_Footer" time="83.233" classname="Test_Case_dev.AUW_Footer_Development"/>
  <testcase name="AUW_Footer" time="81.462" classname="Test_Case_dev.AUW_Footer_Development"/>
</testsuite> <!-- Test_Case_dev.AUW_Footer_Development -->
