<?xml version="1.0" encoding="UTF-8"?>
<!-- Generated by org.testng.reporters.JUnitReportReporter -->
<testsuite hostname="DESKTOP-N7K85DJ" name="Test_Case_dev.AUW_Experience" tests="2" failures="0" timestamp="15 Nov 2021 05:44:21 GMT" time="575.827" errors="0">
  <testcase name="main" time="287.137" classname="Test_Case_dev.AUW_Experience"/>
  <testcase name="main" time="288.690" classname="Test_Case_dev.AUW_Experience"/>
</testsuite> <!-- Test_Case_dev.AUW_Experience -->
