<?xml version="1.0" encoding="UTF-8"?>
<!-- Generated by org.testng.reporters.JUnitReportReporter -->
<testsuite hostname="DESKTOP-N7K85DJ" name="Test_case_prod.AUW_header_web_Prod" tests="2" failures="0" timestamp="19 Oct 2021 11:19:12 GMT" time="106.945" errors="0">
  <testcase name="main" time="43.108" classname="Test_case_prod.AUW_header_web_Prod"/>
  <testcase name="main" time="63.837" classname="Test_case_prod.AUW_header_web_Prod"/>
</testsuite> <!-- Test_case_prod.AUW_header_web_Prod -->
