<?xml version="1.0" encoding="UTF-8"?>
<!-- Generated by org.testng.reporters.JUnitReportReporter -->
<testsuite hostname="DESKTOP-N7K85DJ" name="Test_case_prod.AUW_Intelligence_TC" tests="2" failures="0" timestamp="26 Sep 2021 10:43:59 GMT" time="168.560" errors="0">
  <testcase name="main" time="86.867" classname="Test_case_prod.AUW_Intelligence_TC"/>
  <testcase name="main" time="81.693" classname="Test_case_prod.AUW_Intelligence_TC"/>
</testsuite> <!-- Test_case_prod.AUW_Intelligence_TC -->
