<?xml version="1.0" encoding="UTF-8"?>
<!-- Generated by org.testng.reporters.JUnitReportReporter -->
<testsuite hostname="DESKTOP-N7K85DJ" name="Test_case_prod.AUW_header_web_Prod" tests="2" failures="0" timestamp="25 Oct 2021 10:34:59 GMT" time="107.504" errors="0">
  <testcase name="main" time="43.855" classname="Test_case_prod.AUW_header_web_Prod"/>
  <testcase name="main" time="63.649" classname="Test_case_prod.AUW_header_web_Prod"/>
</testsuite> <!-- Test_case_prod.AUW_header_web_Prod -->
