<?xml version="1.0" encoding="UTF-8"?>
<!-- Generated by org.testng.reporters.JUnitReportReporter -->
<testsuite hostname="DESKTOP-N7K85DJ" name="Test_Case_dev.Practices_CustomerSeekingCoverage" tests="2" failures="0" timestamp="26 Sep 2021 08:12:54 GMT" time="456.612" errors="0">
  <testcase name="Practices_CustomerSeekingCoverage" time="231.040" classname="Test_Case_dev.Practices_CustomerSeekingCoverage"/>
  <testcase name="Practices_CustomerSeekingCoverage" time="225.572" classname="Test_Case_dev.Practices_CustomerSeekingCoverage"/>
</testsuite> <!-- Test_Case_dev.Practices_CustomerSeekingCoverage -->
