<?xml version="1.0" encoding="UTF-8"?>
<!-- Generated by org.testng.reporters.JUnitReportReporter -->
<testsuite hostname="DESKTOP-N7K85DJ" name="Test_case_prod.Practices_AgentsBrokers" tests="2" failures="0" timestamp="26 Sep 2021 10:43:59 GMT" time="129.552" errors="0">
  <testcase name="Practices_AgentsBrokers" time="60.028" classname="Test_case_prod.Practices_AgentsBrokers"/>
  <testcase name="Practices_AgentsBrokers" time="69.524" classname="Test_case_prod.Practices_AgentsBrokers"/>
</testsuite> <!-- Test_case_prod.Practices_AgentsBrokers -->
