<?xml version="1.0" encoding="UTF-8"?>
<!-- Generated by org.testng.reporters.JUnitReportReporter -->
<testsuite hostname="DESKTOP-N7K85DJ" name="Test_case_prod.AUW_Intelligence_TC" tests="2" failures="0" timestamp="15 Nov 2021 05:02:07 GMT" time="168.986" errors="0">
  <testcase name="main" time="81.482" classname="Test_case_prod.AUW_Intelligence_TC"/>
  <testcase name="main" time="87.504" classname="Test_case_prod.AUW_Intelligence_TC"/>
</testsuite> <!-- Test_case_prod.AUW_Intelligence_TC -->
