<?xml version="1.0" encoding="UTF-8"?>
<!-- Generated by org.testng.reporters.JUnitReportReporter -->
<testsuite hostname="DESKTOP-N7K85DJ" name="Test_Case_dev.Practices_CustomerSeekingCoverage" tests="2" failures="0" timestamp="1 Nov 2021 10:12:02 GMT" time="450.841" errors="0">
  <testcase name="Practices_CustomerSeekingCoverage" time="228.543" classname="Test_Case_dev.Practices_CustomerSeekingCoverage"/>
  <testcase name="Practices_CustomerSeekingCoverage" time="222.298" classname="Test_Case_dev.Practices_CustomerSeekingCoverage"/>
</testsuite> <!-- Test_Case_dev.Practices_CustomerSeekingCoverage -->
