<?xml version="1.0" encoding="UTF-8"?>
<!-- Generated by org.testng.reporters.JUnitReportReporter -->
<testsuite hostname="DESKTOP-N7K85DJ" name="Test_Case_dev.AUW_Footer_Development" tests="2" failures="0" timestamp="1 Nov 2021 10:12:02 GMT" time="150.995" errors="0">
  <testcase name="AUW_Footer" time="73.968" classname="Test_Case_dev.AUW_Footer_Development"/>
  <testcase name="AUW_Footer" time="77.027" classname="Test_Case_dev.AUW_Footer_Development"/>
</testsuite> <!-- Test_Case_dev.AUW_Footer_Development -->
