<?xml version="1.0" encoding="UTF-8"?>
<!-- Generated by org.testng.reporters.JUnitReportReporter -->
<testsuite hostname="DESKTOP-N7K85DJ" name="Test_case_prod.AUW_Experience" tests="2" failures="0" timestamp="25 Oct 2021 10:34:59 GMT" time="559.157" errors="0">
  <testcase name="main" time="284.522" classname="Test_case_prod.AUW_Experience"/>
  <testcase name="main" time="274.635" classname="Test_case_prod.AUW_Experience"/>
</testsuite> <!-- Test_case_prod.AUW_Experience -->
