<?xml version="1.0" encoding="UTF-8"?>
<!-- Generated by org.testng.reporters.JUnitReportReporter -->
<testsuite hostname="DESKTOP-N7K85DJ" name="Test_Case_dev.AUW_header_web_Development" tests="2" failures="0" timestamp="15 Nov 2021 05:44:21 GMT" time="104.153" errors="0">
  <testcase name="main" time="57.311" classname="Test_Case_dev.AUW_header_web_Development"/>
  <testcase name="main" time="46.842" classname="Test_Case_dev.AUW_header_web_Development"/>
</testsuite> <!-- Test_Case_dev.AUW_header_web_Development -->
