<?xml version="1.0" encoding="UTF-8"?>
<!-- Generated by org.testng.reporters.JUnitReportReporter -->
<testsuite hostname="DESKTOP-N7K85DJ" name="AUW_Test_Case_dev.AUW_Experience" tests="2" failures="0" timestamp="29 Dec 2021 08:31:22 GMT" time="585.311" errors="0">
  <testcase name="main" time="299.447" classname="AUW_Test_Case_dev.AUW_Experience"/>
  <testcase name="main" time="285.864" classname="AUW_Test_Case_dev.AUW_Experience"/>
</testsuite> <!-- AUW_Test_Case_dev.AUW_Experience -->
