<?xml version="1.0" encoding="UTF-8"?>
<!-- Generated by org.testng.reporters.JUnitReportReporter -->
<testsuite hostname="DESKTOP-N7K85DJ" name="Test_case_prod.AUW_CallUpdate" tests="2" failures="0" timestamp="15 Nov 2021 05:02:07 GMT" time="89.880" errors="0">
  <testcase name="main" time="46.407" classname="Test_case_prod.AUW_CallUpdate"/>
  <testcase name="main" time="43.473" classname="Test_case_prod.AUW_CallUpdate"/>
</testsuite> <!-- Test_case_prod.AUW_CallUpdate -->
