<?xml version="1.0" encoding="UTF-8"?>
<!-- Generated by org.testng.reporters.JUnitReportReporter -->
<testsuite hostname="DESKTOP-N7K85DJ" name="Test_case_prod.AUW_Intelligence_TC" tests="2" failures="0" timestamp="1 Nov 2021 12:52:39 GMT" time="178.759" errors="0">
  <testcase name="main" time="90.032" classname="Test_case_prod.AUW_Intelligence_TC"/>
  <testcase name="main" time="88.727" classname="Test_case_prod.AUW_Intelligence_TC"/>
</testsuite> <!-- Test_case_prod.AUW_Intelligence_TC -->
