<?xml version="1.0" encoding="UTF-8"?>
<!-- Generated by org.testng.reporters.JUnitReportReporter -->
<testsuite hostname="DESKTOP-N7K85DJ" name="Test_Case_dev.AUW_PPP" tests="2" failures="0" timestamp="15 Nov 2021 05:44:21 GMT" time="52.100" errors="0">
  <testcase name="main" time="24.972" classname="Test_Case_dev.AUW_PPP"/>
  <testcase name="main" time="27.128" classname="Test_Case_dev.AUW_PPP"/>
</testsuite> <!-- Test_Case_dev.AUW_PPP -->
