<?xml version="1.0" encoding="UTF-8"?>
<!-- Generated by org.testng.reporters.JUnitReportReporter -->
<testsuite hostname="DESKTOP-N7K85DJ" name="AUW_Test_case_prod.AUW_AboutUS" tests="2" failures="0" timestamp="29 Dec 2021 15:49:46 GMT" time="139.260" errors="0">
  <testcase name="AboutUS" time="72.266" classname="AUW_Test_case_prod.AUW_AboutUS"/>
  <testcase name="AboutUS" time="66.994" classname="AUW_Test_case_prod.AUW_AboutUS"/>
</testsuite> <!-- AUW_Test_case_prod.AUW_AboutUS -->
