<?xml version="1.0" encoding="UTF-8"?>
<!-- Generated by org.testng.reporters.JUnitReportReporter -->
<testsuite hostname="DESKTOP-N7K85DJ" name="Test_Case_dev.AUW_AboutUS" tests="2" failures="0" timestamp="15 Nov 2021 05:44:21 GMT" time="150.257" errors="0">
  <testcase name="AboutUS" time="74.173" classname="Test_Case_dev.AUW_AboutUS"/>
  <testcase name="AboutUS" time="76.084" classname="Test_Case_dev.AUW_AboutUS"/>
</testsuite> <!-- Test_Case_dev.AUW_AboutUS -->
