<?xml version="1.0" encoding="UTF-8"?>
<!-- Generated by org.testng.reporters.JUnitReportReporter -->
<testsuite hostname="DESKTOP-N7K85DJ" name="Test_case_prod.AUW_Intelligence_TC" tests="2" failures="0" timestamp="25 Oct 2021 10:34:59 GMT" time="172.396" errors="0">
  <testcase name="main" time="89.578" classname="Test_case_prod.AUW_Intelligence_TC"/>
  <testcase name="main" time="82.818" classname="Test_case_prod.AUW_Intelligence_TC"/>
</testsuite> <!-- Test_case_prod.AUW_Intelligence_TC -->
