<?xml version="1.0" encoding="UTF-8"?>
<!-- Generated by org.testng.reporters.JUnitReportReporter -->
<testsuite hostname="DESKTOP-N7K85DJ" name="Test_case_prod.Practices_CustomerSeekingCoverage" tests="2" failures="0" timestamp="19 Oct 2021 11:19:12 GMT" time="1510.642" errors="0">
  <testcase name="Practices_CustomerSeekingCoverage" time="217.222" classname="Test_case_prod.Practices_CustomerSeekingCoverage"/>
  <testcase name="Practices_CustomerSeekingCoverage" time="1293.420" classname="Test_case_prod.Practices_CustomerSeekingCoverage"/>
</testsuite> <!-- Test_case_prod.Practices_CustomerSeekingCoverage -->
