<?xml version="1.0" encoding="UTF-8"?>
<!-- Generated by org.testng.reporters.JUnitReportReporter -->
<testsuite hostname="DESKTOP-N7K85DJ" name="Test_Case_dev.Practices_CustomerSeekingCoverage" tests="2" failures="0" timestamp="29 Sep 2021 14:55:49 GMT" time="461.399" errors="0">
  <testcase name="Practices_CustomerSeekingCoverage" time="230.682" classname="Test_Case_dev.Practices_CustomerSeekingCoverage"/>
  <testcase name="Practices_CustomerSeekingCoverage" time="230.717" classname="Test_Case_dev.Practices_CustomerSeekingCoverage"/>
</testsuite> <!-- Test_Case_dev.Practices_CustomerSeekingCoverage -->
