<?xml version="1.0" encoding="UTF-8"?>
<!-- Generated by org.testng.reporters.JUnitReportReporter -->
<testsuite hostname="DESKTOP-N7K85DJ" name="Test_Case_dev.AUW_CallUpdate" tests="2" failures="0" timestamp="15 Nov 2021 05:44:21 GMT" time="111.989" errors="0">
  <testcase name="main" time="60.562" classname="Test_Case_dev.AUW_CallUpdate"/>
  <testcase name="main" time="51.427" classname="Test_Case_dev.AUW_CallUpdate"/>
</testsuite> <!-- Test_Case_dev.AUW_CallUpdate -->
