<?xml version="1.0" encoding="UTF-8"?>
<!-- Generated by org.testng.reporters.JUnitReportReporter -->
<testsuite hostname="DESKTOP-N7K85DJ" name="Test_case_prod.AUW_AboutUS" tests="2" failures="0" timestamp="19 Oct 2021 11:19:12 GMT" time="117.103" errors="0">
  <testcase name="AboutUS" time="55.358" classname="Test_case_prod.AUW_AboutUS"/>
  <testcase name="AboutUS" time="61.745" classname="Test_case_prod.AUW_AboutUS"/>
</testsuite> <!-- Test_case_prod.AUW_AboutUS -->
