<?xml version="1.0" encoding="UTF-8"?>
<!-- Generated by org.testng.reporters.JUnitReportReporter -->
<testsuite hostname="DESKTOP-N7K85DJ" name="Test_Case_dev.AUW_Intelligence_TC" tests="2" failures="0" timestamp="29 Sep 2021 14:55:49 GMT" time="181.244" errors="0">
  <testcase name="main" time="92.419" classname="Test_Case_dev.AUW_Intelligence_TC"/>
  <testcase name="main" time="88.825" classname="Test_Case_dev.AUW_Intelligence_TC"/>
</testsuite> <!-- Test_Case_dev.AUW_Intelligence_TC -->
