<?xml version="1.0" encoding="UTF-8"?>
<!-- Generated by org.testng.reporters.JUnitReportReporter -->
<testsuite hostname="DESKTOP-N7K85DJ" name="AUW_Test_case_prod.AUW_PPP" tests="2" failures="0" timestamp="29 Dec 2021 15:49:46 GMT" time="46.557" errors="0">
  <testcase name="main" time="21.583" classname="AUW_Test_case_prod.AUW_PPP"/>
  <testcase name="main" time="24.974" classname="AUW_Test_case_prod.AUW_PPP"/>
</testsuite> <!-- AUW_Test_case_prod.AUW_PPP -->
