<?xml version="1.0" encoding="UTF-8"?>
<!-- Generated by org.testng.reporters.JUnitReportReporter -->
<testsuite hostname="DESKTOP-N7K85DJ" name="Test_Case_dev.AUW_Intelligence_TC" tests="2" failures="0" timestamp="1 Nov 2021 10:12:02 GMT" time="182.600" errors="0">
  <testcase name="main" time="92.147" classname="Test_Case_dev.AUW_Intelligence_TC"/>
  <testcase name="main" time="90.453" classname="Test_Case_dev.AUW_Intelligence_TC"/>
</testsuite> <!-- Test_Case_dev.AUW_Intelligence_TC -->
