<?xml version="1.0" encoding="UTF-8"?>
<!-- Generated by org.testng.reporters.JUnitReportReporter -->
<testsuite hostname="DESKTOP-N7K85DJ" name="Test_case_prod.AUW_Experience" tests="2" failures="0" timestamp="19 Oct 2021 11:19:12 GMT" time="553.709" errors="0">
  <testcase name="main" time="280.041" classname="Test_case_prod.AUW_Experience"/>
  <testcase name="main" time="273.668" classname="Test_case_prod.AUW_Experience"/>
</testsuite> <!-- Test_case_prod.AUW_Experience -->
