<?xml version="1.0" encoding="UTF-8"?>
<!-- Generated by org.testng.reporters.JUnitReportReporter -->
<testsuite hostname="DESKTOP-N7K85DJ" name="AUW_Test_Case_dev.AUW_PPP" tests="2" failures="0" timestamp="29 Dec 2021 08:31:22 GMT" time="53.662" errors="0">
  <testcase name="main" time="24.850" classname="AUW_Test_Case_dev.AUW_PPP"/>
  <testcase name="main" time="28.812" classname="AUW_Test_Case_dev.AUW_PPP"/>
</testsuite> <!-- AUW_Test_Case_dev.AUW_PPP -->
