<?xml version="1.0" encoding="UTF-8"?>
<!-- Generated by org.testng.reporters.JUnitReportReporter -->
<testsuite hostname="DESKTOP-N7K85DJ" name="Test_case_prod.Practices_AgentsBrokers" tests="2" failures="0" timestamp="25 Oct 2021 10:34:59 GMT" time="136.306" errors="0">
  <testcase name="Practices_AgentsBrokers" time="64.353" classname="Test_case_prod.Practices_AgentsBrokers"/>
  <testcase name="Practices_AgentsBrokers" time="71.953" classname="Test_case_prod.Practices_AgentsBrokers"/>
</testsuite> <!-- Test_case_prod.Practices_AgentsBrokers -->
