<?xml version="1.0" encoding="UTF-8"?>
<!-- Generated by org.testng.reporters.JUnitReportReporter -->
<testsuite hostname="DESKTOP-N7K85DJ" name="Test_Case_dev.AUW_NJ_Update" tests="2" failures="0" timestamp="15 Nov 2021 05:44:21 GMT" time="96.033" errors="0">
  <testcase name="main" time="46.055" classname="Test_Case_dev.AUW_NJ_Update"/>
  <testcase name="main" time="49.978" classname="Test_Case_dev.AUW_NJ_Update"/>
</testsuite> <!-- Test_Case_dev.AUW_NJ_Update -->
