<?xml version="1.0" encoding="UTF-8"?>
<!-- Generated by org.testng.reporters.JUnitReportReporter -->
<testsuite hostname="DESKTOP-N7K85DJ" name="Test_case_prod.Practices_CustomerSeekingCoverage" tests="2" failures="0" timestamp="1 Nov 2021 12:52:40 GMT" time="448.571" errors="0">
  <testcase name="Practices_CustomerSeekingCoverage" time="223.999" classname="Test_case_prod.Practices_CustomerSeekingCoverage"/>
  <testcase name="Practices_CustomerSeekingCoverage" time="224.572" classname="Test_case_prod.Practices_CustomerSeekingCoverage"/>
</testsuite> <!-- Test_case_prod.Practices_CustomerSeekingCoverage -->
