<?xml version="1.0" encoding="UTF-8"?>
<!-- Generated by org.testng.reporters.JUnitReportReporter -->
<testsuite hostname="DESKTOP-N7K85DJ" name="Test_Case_dev.AUW_CallUpdate" tests="2" failures="0" timestamp="26 Sep 2021 08:12:54 GMT" time="98.370" errors="0">
  <testcase name="main" time="47.279" classname="Test_Case_dev.AUW_CallUpdate"/>
  <testcase name="main" time="51.091" classname="Test_Case_dev.AUW_CallUpdate"/>
</testsuite> <!-- Test_Case_dev.AUW_CallUpdate -->
