<?xml version="1.0" encoding="UTF-8"?>
<!-- Generated by org.testng.reporters.JUnitReportReporter -->
<testsuite hostname="DESKTOP-N7K85DJ" name="Test_Case_dev.AUW_AboutUS" tests="2" failures="0" timestamp="29 Sep 2021 14:55:49 GMT" time="129.428" errors="0">
  <testcase name="AboutUS" time="62.297" classname="Test_Case_dev.AUW_AboutUS"/>
  <testcase name="AboutUS" time="67.131" classname="Test_Case_dev.AUW_AboutUS"/>
</testsuite> <!-- Test_Case_dev.AUW_AboutUS -->
