<?xml version="1.0" encoding="UTF-8"?>
<!-- Generated by org.testng.reporters.JUnitReportReporter -->
<testsuite hostname="DESKTOP-N7K85DJ" name="Test_case_prod.AUW_Footer_Prod" tests="2" failures="0" timestamp="19 Oct 2021 11:19:12 GMT" time="163.835" errors="0">
  <testcase name="AUW_Footer" time="83.344" classname="Test_case_prod.AUW_Footer_Prod"/>
  <testcase name="AUW_Footer" time="80.491" classname="Test_case_prod.AUW_Footer_Prod"/>
</testsuite> <!-- Test_case_prod.AUW_Footer_Prod -->
