<?xml version="1.0" encoding="UTF-8"?>
<!-- Generated by org.testng.reporters.JUnitReportReporter -->
<testsuite hostname="DESKTOP-N7K85DJ" name="Test_case_prod.AUW_CallUpdate" tests="2" failures="0" timestamp="26 Sep 2021 10:43:59 GMT" time="93.599" errors="0">
  <testcase name="main" time="47.179" classname="Test_case_prod.AUW_CallUpdate"/>
  <testcase name="main" time="46.420" classname="Test_case_prod.AUW_CallUpdate"/>
</testsuite> <!-- Test_case_prod.AUW_CallUpdate -->
