<?xml version="1.0" encoding="UTF-8"?>
<!-- Generated by org.testng.reporters.JUnitReportReporter -->
<testsuite hostname="DESKTOP-N7K85DJ" name="AUW_Test_Case_dev.AUW_NJ_Update" tests="2" failures="0" timestamp="20 Dec 2021 07:34:15 GMT" time="146.012" errors="0">
  <testcase name="main" time="96.425" classname="AUW_Test_Case_dev.AUW_NJ_Update"/>
  <testcase name="main" time="49.587" classname="AUW_Test_Case_dev.AUW_NJ_Update"/>
</testsuite> <!-- AUW_Test_Case_dev.AUW_NJ_Update -->
