<?xml version="1.0" encoding="UTF-8"?>
<!-- Generated by org.testng.reporters.JUnitReportReporter -->
<testsuite hostname="DESKTOP-N7K85DJ" name="AUW_Test_Case_dev.AUW_CallUpdate" tests="2" failures="0" timestamp="20 Dec 2021 07:34:15 GMT" time="111.427" errors="0">
  <testcase name="main" time="55.628" classname="AUW_Test_Case_dev.AUW_CallUpdate"/>
  <testcase name="main" time="55.799" classname="AUW_Test_Case_dev.AUW_CallUpdate"/>
</testsuite> <!-- AUW_Test_Case_dev.AUW_CallUpdate -->
