<?xml version="1.0" encoding="UTF-8"?>
<!-- Generated by org.testng.reporters.JUnitReportReporter -->
<testsuite hostname="DESKTOP-N7K85DJ" name="Test_case_prod.AUW_Experience" tests="2" failures="0" timestamp="26 Sep 2021 10:43:59 GMT" time="555.066" errors="0">
  <testcase name="main" time="281.779" classname="Test_case_prod.AUW_Experience"/>
  <testcase name="main" time="273.287" classname="Test_case_prod.AUW_Experience"/>
</testsuite> <!-- Test_case_prod.AUW_Experience -->
