<?xml version="1.0" encoding="UTF-8"?>
<!-- Generated by org.testng.reporters.JUnitReportReporter -->
<testsuite hostname="DESKTOP-N7K85DJ" name="Test_case_prod.AUW_Experience" tests="2" failures="0" timestamp="1 Nov 2021 12:52:39 GMT" time="565.025" errors="0">
  <testcase name="main" time="278.729" classname="Test_case_prod.AUW_Experience"/>
  <testcase name="main" time="286.296" classname="Test_case_prod.AUW_Experience"/>
</testsuite> <!-- Test_case_prod.AUW_Experience -->
