<?xml version="1.0" encoding="UTF-8"?>
<!-- Generated by org.testng.reporters.JUnitReportReporter -->
<testsuite hostname="DESKTOP-N7K85DJ" name="Test_case_prod.Practices_CustomerSeekingCoverage" tests="2" failures="0" timestamp="15 Nov 2021 05:02:07 GMT" time="449.013" errors="0">
  <testcase name="Practices_CustomerSeekingCoverage" time="232.312" classname="Test_case_prod.Practices_CustomerSeekingCoverage"/>
  <testcase name="Practices_CustomerSeekingCoverage" time="216.701" classname="Test_case_prod.Practices_CustomerSeekingCoverage"/>
</testsuite> <!-- Test_case_prod.Practices_CustomerSeekingCoverage -->
