<?xml version="1.0" encoding="UTF-8"?>
<!-- Generated by org.testng.reporters.JUnitReportReporter -->
<testsuite hostname="DESKTOP-N7K85DJ" name="Test_Case_dev.Practices_AgentsBrokers" tests="2" failures="0" timestamp="1 Nov 2021 10:12:02 GMT" time="122.480" errors="0">
  <testcase name="Practices_AgentsBrokers" time="62.631" classname="Test_Case_dev.Practices_AgentsBrokers"/>
  <testcase name="Practices_AgentsBrokers" time="59.849" classname="Test_Case_dev.Practices_AgentsBrokers"/>
</testsuite> <!-- Test_Case_dev.Practices_AgentsBrokers -->
