<?xml version="1.0" encoding="UTF-8"?>
<!-- Generated by org.testng.reporters.JUnitReportReporter -->
<testsuite hostname="DESKTOP-N7K85DJ" name="Test_case_prod.AUW_PPP" tests="2" failures="0" timestamp="15 Nov 2021 05:02:07 GMT" time="49.293" errors="0">
  <testcase name="main" time="24.401" classname="Test_case_prod.AUW_PPP"/>
  <testcase name="main" time="24.892" classname="Test_case_prod.AUW_PPP"/>
</testsuite> <!-- Test_case_prod.AUW_PPP -->
