<?xml version="1.0" encoding="UTF-8"?>
<!-- Generated by org.testng.reporters.JUnitReportReporter -->
<testsuite hostname="DESKTOP-N7K85DJ" name="Test_Case_dev.AUW_header_web_Development" tests="2" failures="0" timestamp="26 Sep 2021 08:12:54 GMT" time="100.396" errors="0">
  <testcase name="main" time="43.459" classname="Test_Case_dev.AUW_header_web_Development"/>
  <testcase name="main" time="56.937" classname="Test_Case_dev.AUW_header_web_Development"/>
</testsuite> <!-- Test_Case_dev.AUW_header_web_Development -->
