<?xml version="1.0" encoding="UTF-8"?>
<!-- Generated by org.testng.reporters.JUnitReportReporter -->
<testsuite hostname="DESKTOP-N7K85DJ" name="Test_case_prod.AUW_header_web_Prod" tests="2" failures="0" timestamp="15 Nov 2021 05:02:07 GMT" time="88.734" errors="0">
  <testcase name="main" time="47.289" classname="Test_case_prod.AUW_header_web_Prod"/>
  <testcase name="main" time="41.445" classname="Test_case_prod.AUW_header_web_Prod"/>
</testsuite> <!-- Test_case_prod.AUW_header_web_Prod -->
