<?xml version="1.0" encoding="UTF-8"?>
<!-- Generated by org.testng.reporters.JUnitReportReporter -->
<testsuite hostname="DESKTOP-N7K85DJ" name="AUW_Test_case_prod.AUW_PPP" tests="2" failures="0" timestamp="20 Dec 2021 06:02:55 GMT" time="45.656" errors="0">
  <testcase name="main" time="20.653" classname="AUW_Test_case_prod.AUW_PPP"/>
  <testcase name="main" time="25.003" classname="AUW_Test_case_prod.AUW_PPP"/>
</testsuite> <!-- AUW_Test_case_prod.AUW_PPP -->
