<?xml version="1.0" encoding="UTF-8"?>
<!-- Generated by org.testng.reporters.JUnitReportReporter -->
<testsuite hostname="DESKTOP-N7K85DJ" name="Test_case_prod.AUW_NJ_Update" tests="2" failures="0" timestamp="29 Sep 2021 15:30:43 GMT" time="92.156" errors="0">
  <testcase name="main" time="49.297" classname="Test_case_prod.AUW_NJ_Update"/>
  <testcase name="main" time="42.859" classname="Test_case_prod.AUW_NJ_Update"/>
</testsuite> <!-- Test_case_prod.AUW_NJ_Update -->
