<?xml version="1.0" encoding="UTF-8"?>
<!-- Generated by org.testng.reporters.JUnitReportReporter -->
<testsuite hostname="DESKTOP-N7K85DJ" name="AUW_Test_Case_dev.AUW_Experience" tests="2" failures="0" timestamp="20 Dec 2021 07:34:15 GMT" time="585.765" errors="0">
  <testcase name="main" time="296.308" classname="AUW_Test_Case_dev.AUW_Experience"/>
  <testcase name="main" time="289.457" classname="AUW_Test_Case_dev.AUW_Experience"/>
</testsuite> <!-- AUW_Test_Case_dev.AUW_Experience -->
