<?xml version="1.0" encoding="UTF-8"?>
<!-- Generated by org.testng.reporters.JUnitReportReporter -->
<testsuite hostname="DESKTOP-N7K85DJ" name="Test_Case_dev.AUW_Experience" tests="2" failures="0" timestamp="1 Nov 2021 10:12:02 GMT" time="566.743" errors="0">
  <testcase name="main" time="280.382" classname="Test_Case_dev.AUW_Experience"/>
  <testcase name="main" time="286.361" classname="Test_Case_dev.AUW_Experience"/>
</testsuite> <!-- Test_Case_dev.AUW_Experience -->
