<?xml version="1.0" encoding="UTF-8"?>
<!-- Generated by org.testng.reporters.JUnitReportReporter -->
<testsuite hostname="DESKTOP-N7K85DJ" name="Test_Case_dev.AUW_Footer_Development" tests="2" failures="0" timestamp="26 Sep 2021 08:12:54 GMT" time="151.895" errors="0">
  <testcase name="AUW_Footer" time="79.160" classname="Test_Case_dev.AUW_Footer_Development"/>
  <testcase name="AUW_Footer" time="72.735" classname="Test_Case_dev.AUW_Footer_Development"/>
</testsuite> <!-- Test_Case_dev.AUW_Footer_Development -->
