<?xml version="1.0" encoding="UTF-8"?>
<!-- Generated by org.testng.reporters.JUnitReportReporter -->
<testsuite hostname="DESKTOP-N7K85DJ" name="AUW_Test_case_prod.AUW_CallUpdate" tests="2" failures="0" timestamp="29 Dec 2021 15:49:46 GMT" time="88.922" errors="0">
  <testcase name="main" time="46.778" classname="AUW_Test_case_prod.AUW_CallUpdate"/>
  <testcase name="main" time="42.144" classname="AUW_Test_case_prod.AUW_CallUpdate"/>
</testsuite> <!-- AUW_Test_case_prod.AUW_CallUpdate -->
