<?xml version="1.0" encoding="UTF-8"?>
<!-- Generated by org.testng.reporters.JUnitReportReporter -->
<testsuite hostname="DESKTOP-N7K85DJ" name="Test_case_prod.AUW_NJ_Update" tests="2" failures="0" timestamp="15 Nov 2021 05:02:07 GMT" time="87.660" errors="0">
  <testcase name="main" time="46.860" classname="Test_case_prod.AUW_NJ_Update"/>
  <testcase name="main" time="40.800" classname="Test_case_prod.AUW_NJ_Update"/>
</testsuite> <!-- Test_case_prod.AUW_NJ_Update -->
