<?xml version="1.0" encoding="UTF-8"?>
<!-- Generated by org.testng.reporters.JUnitReportReporter -->
<testsuite hostname="DESKTOP-N7K85DJ" name="Test_case_prod.Practices_AgentsBrokers" tests="2" failures="0" timestamp="15 Nov 2021 05:02:07 GMT" time="139.126" errors="0">
  <testcase name="Practices_AgentsBrokers" time="78.208" classname="Test_case_prod.Practices_AgentsBrokers"/>
  <testcase name="Practices_AgentsBrokers" time="60.918" classname="Test_case_prod.Practices_AgentsBrokers"/>
</testsuite> <!-- Test_case_prod.Practices_AgentsBrokers -->
