<?xml version="1.0" encoding="UTF-8"?>
<!-- Generated by org.testng.reporters.JUnitReportReporter -->
<testsuite hostname="DESKTOP-N7K85DJ" name="Test_case_prod.AUW_PPP" tests="2" failures="0" timestamp="25 Oct 2021 10:34:59 GMT" time="48.417" errors="0">
  <testcase name="main" time="26.781" classname="Test_case_prod.AUW_PPP"/>
  <testcase name="main" time="21.636" classname="Test_case_prod.AUW_PPP"/>
</testsuite> <!-- Test_case_prod.AUW_PPP -->
