<?xml version="1.0" encoding="UTF-8"?>
<!-- Generated by org.testng.reporters.JUnitReportReporter -->
<testsuite hostname="DESKTOP-N7K85DJ" name="Test_case_prod.AUW_CallUpdate" tests="2" failures="0" timestamp="1 Nov 2021 12:52:39 GMT" time="91.250" errors="0">
  <testcase name="main" time="48.227" classname="Test_case_prod.AUW_CallUpdate"/>
  <testcase name="main" time="43.023" classname="Test_case_prod.AUW_CallUpdate"/>
</testsuite> <!-- Test_case_prod.AUW_CallUpdate -->
