<?xml version="1.0" encoding="UTF-8"?>
<!-- Generated by org.testng.reporters.JUnitReportReporter -->
<testsuite hostname="DESKTOP-N7K85DJ" name="Test_case_prod.AUW_PPP" tests="2" failures="0" timestamp="29 Sep 2021 15:30:43 GMT" time="48.180" errors="0">
  <testcase name="main" time="21.883" classname="Test_case_prod.AUW_PPP"/>
  <testcase name="main" time="26.297" classname="Test_case_prod.AUW_PPP"/>
</testsuite> <!-- Test_case_prod.AUW_PPP -->
