<?xml version="1.0" encoding="UTF-8"?>
<!-- Generated by org.testng.reporters.JUnitReportReporter -->
<testsuite hostname="DESKTOP-N7K85DJ" name="AUW_Test_Case_dev.AUW_Footer_Development" tests="2" failures="0" timestamp="29 Dec 2021 08:31:22 GMT" time="159.782" errors="0">
  <testcase name="AUW_Footer" time="75.683" classname="AUW_Test_Case_dev.AUW_Footer_Development"/>
  <testcase name="AUW_Footer" time="84.099" classname="AUW_Test_Case_dev.AUW_Footer_Development"/>
</testsuite> <!-- AUW_Test_Case_dev.AUW_Footer_Development -->
