<?xml version="1.0" encoding="UTF-8"?>
<!-- Generated by org.testng.reporters.JUnitReportReporter -->
<testsuite hostname="DESKTOP-N7K85DJ" name="Test_Case_dev.AUW_header_web_Development" tests="2" failures="0" timestamp="29 Sep 2021 14:55:49 GMT" time="101.612" errors="0">
  <testcase name="main" time="57.531" classname="Test_Case_dev.AUW_header_web_Development"/>
  <testcase name="main" time="44.081" classname="Test_Case_dev.AUW_header_web_Development"/>
</testsuite> <!-- Test_Case_dev.AUW_header_web_Development -->
