<?xml version="1.0" encoding="UTF-8"?>
<!-- Generated by org.testng.reporters.JUnitReportReporter -->
<testsuite hostname="DESKTOP-N7K85DJ" name="AUW_Test_Case_dev.AUW_NJ_Update" tests="2" failures="0" timestamp="29 Dec 2021 08:31:22 GMT" time="98.820" errors="0">
  <testcase name="main" time="51.126" classname="AUW_Test_Case_dev.AUW_NJ_Update"/>
  <testcase name="main" time="47.694" classname="AUW_Test_Case_dev.AUW_NJ_Update"/>
</testsuite> <!-- AUW_Test_Case_dev.AUW_NJ_Update -->
