<?xml version="1.0" encoding="UTF-8"?>
<!-- Generated by org.testng.reporters.JUnitReportReporter -->
<testsuite hostname="DESKTOP-N7K85DJ" name="Test_case_prod.AUW_NJ_Update" tests="2" failures="0" timestamp="25 Oct 2021 10:34:59 GMT" time="90.504" errors="0">
  <testcase name="main" time="48.365" classname="Test_case_prod.AUW_NJ_Update"/>
  <testcase name="main" time="42.139" classname="Test_case_prod.AUW_NJ_Update"/>
</testsuite> <!-- Test_case_prod.AUW_NJ_Update -->
