<?xml version="1.0" encoding="UTF-8"?>
<!-- Generated by org.testng.reporters.JUnitReportReporter -->
<testsuite hostname="DESKTOP-N7K85DJ" name="Test_Case_dev.AUW_CallUpdate" tests="2" failures="0" timestamp="29 Sep 2021 14:55:49 GMT" time="99.877" errors="0">
  <testcase name="main" time="53.109" classname="Test_Case_dev.AUW_CallUpdate"/>
  <testcase name="main" time="46.768" classname="Test_Case_dev.AUW_CallUpdate"/>
</testsuite> <!-- Test_Case_dev.AUW_CallUpdate -->
