<?xml version="1.0" encoding="UTF-8"?>
<!-- Generated by org.testng.reporters.JUnitReportReporter -->
<testsuite hostname="DESKTOP-N7K85DJ" name="Test_case_prod.AUW_AboutUS" tests="2" failures="0" timestamp="29 Sep 2021 15:30:43 GMT" time="123.976" errors="0">
  <testcase name="AboutUS" time="60.221" classname="Test_case_prod.AUW_AboutUS"/>
  <testcase name="AboutUS" time="63.755" classname="Test_case_prod.AUW_AboutUS"/>
</testsuite> <!-- Test_case_prod.AUW_AboutUS -->
