<?xml version="1.0" encoding="UTF-8"?>
<!-- Generated by org.testng.reporters.JUnitReportReporter -->
<testsuite hostname="DESKTOP-N7K85DJ" name="AUW_Test_case_prod.AUW_Intelligence_TC" tests="2" failures="0" timestamp="29 Dec 2021 15:49:46 GMT" time="168.341" errors="0">
  <testcase name="main" time="82.360" classname="AUW_Test_case_prod.AUW_Intelligence_TC"/>
  <testcase name="main" time="85.981" classname="AUW_Test_case_prod.AUW_Intelligence_TC"/>
</testsuite> <!-- AUW_Test_case_prod.AUW_Intelligence_TC -->
