<?xml version="1.0" encoding="UTF-8"?>
<!-- Generated by org.testng.reporters.JUnitReportReporter -->
<testsuite hostname="DESKTOP-N7K85DJ" name="AUW_Test_case_prod.AUW_Intelligence_TC" tests="2" failures="0" timestamp="20 Dec 2021 06:02:55 GMT" time="168.768" errors="0">
  <testcase name="main" time="87.184" classname="AUW_Test_case_prod.AUW_Intelligence_TC"/>
  <testcase name="main" time="81.584" classname="AUW_Test_case_prod.AUW_Intelligence_TC"/>
</testsuite> <!-- AUW_Test_case_prod.AUW_Intelligence_TC -->
