<?xml version="1.0" encoding="UTF-8"?>
<!-- Generated by org.testng.reporters.JUnitReportReporter -->
<testsuite hostname="DESKTOP-N7K85DJ" name="AUW_Test_case_prod.Practices_AgentsBrokers" tests="2" failures="0" timestamp="29 Dec 2021 15:49:46 GMT" time="129.987" errors="0">
  <testcase name="Practices_AgentsBrokers" time="65.990" classname="AUW_Test_case_prod.Practices_AgentsBrokers"/>
  <testcase name="Practices_AgentsBrokers" time="63.997" classname="AUW_Test_case_prod.Practices_AgentsBrokers"/>
</testsuite> <!-- AUW_Test_case_prod.Practices_AgentsBrokers -->
