<?xml version="1.0" encoding="UTF-8"?>
<!-- Generated by org.testng.reporters.JUnitReportReporter -->
<testsuite hostname="DESKTOP-N7K85DJ" name="Test_case_prod.AUW_AboutUS" tests="2" failures="0" timestamp="26 Sep 2021 10:43:59 GMT" time="117.045" errors="0">
  <testcase name="AboutUS" time="56.034" classname="Test_case_prod.AUW_AboutUS"/>
  <testcase name="AboutUS" time="61.011" classname="Test_case_prod.AUW_AboutUS"/>
</testsuite> <!-- Test_case_prod.AUW_AboutUS -->
