<?xml version="1.0" encoding="UTF-8"?>
<!-- Generated by org.testng.reporters.JUnitReportReporter -->
<testsuite hostname="DESKTOP-N7K85DJ" name="AUW_Test_case_prod.AUW_Experience" tests="2" failures="0" timestamp="20 Dec 2021 06:02:55 GMT" time="554.792" errors="0">
  <testcase name="main" time="278.652" classname="AUW_Test_case_prod.AUW_Experience"/>
  <testcase name="main" time="276.140" classname="AUW_Test_case_prod.AUW_Experience"/>
</testsuite> <!-- AUW_Test_case_prod.AUW_Experience -->
