<?xml version="1.0" encoding="UTF-8"?>
<!-- Generated by org.testng.reporters.JUnitReportReporter -->
<testsuite hostname="DESKTOP-N7K85DJ" name="Test_case_prod.AUW_CallUpdate" tests="2" failures="0" timestamp="19 Oct 2021 11:19:12 GMT" time="88.386" errors="0">
  <testcase name="main" time="41.389" classname="Test_case_prod.AUW_CallUpdate"/>
  <testcase name="main" time="46.997" classname="Test_case_prod.AUW_CallUpdate"/>
</testsuite> <!-- Test_case_prod.AUW_CallUpdate -->
