<?xml version="1.0" encoding="UTF-8"?>
<!-- Generated by org.testng.reporters.JUnitReportReporter -->
<testsuite hostname="DESKTOP-N7K85DJ" name="Test_Case_dev.AUW_NJ_Update" tests="2" failures="0" timestamp="29 Sep 2021 14:55:49 GMT" time="97.617" errors="0">
  <testcase name="main" time="45.138" classname="Test_Case_dev.AUW_NJ_Update"/>
  <testcase name="main" time="52.479" classname="Test_Case_dev.AUW_NJ_Update"/>
</testsuite> <!-- Test_Case_dev.AUW_NJ_Update -->
