<?xml version="1.0" encoding="UTF-8"?>
<!-- Generated by org.testng.reporters.JUnitReportReporter -->
<testsuite hostname="DESKTOP-N7K85DJ" name="Test_Case_dev.Practices_AgentsBrokers" tests="2" failures="0" timestamp="15 Nov 2021 05:44:21 GMT" time="127.631" errors="0">
  <testcase name="Practices_AgentsBrokers" time="58.185" classname="Test_Case_dev.Practices_AgentsBrokers"/>
  <testcase name="Practices_AgentsBrokers" time="69.446" classname="Test_Case_dev.Practices_AgentsBrokers"/>
</testsuite> <!-- Test_Case_dev.Practices_AgentsBrokers -->
