<?xml version="1.0" encoding="UTF-8"?>
<!-- Generated by org.testng.reporters.JUnitReportReporter -->
<testsuite hostname="DESKTOP-N7K85DJ" name="Test_Case_dev.Practices_CustomerSeekingCoverage" tests="2" failures="0" timestamp="15 Nov 2021 05:44:21 GMT" time="462.100" errors="0">
  <testcase name="Practices_CustomerSeekingCoverage" time="229.303" classname="Test_Case_dev.Practices_CustomerSeekingCoverage"/>
  <testcase name="Practices_CustomerSeekingCoverage" time="232.797" classname="Test_Case_dev.Practices_CustomerSeekingCoverage"/>
</testsuite> <!-- Test_Case_dev.Practices_CustomerSeekingCoverage -->
