<?xml version="1.0" encoding="UTF-8"?>
<!-- Generated by org.testng.reporters.JUnitReportReporter -->
<testsuite hostname="DESKTOP-N7K85DJ" name="AUW_Test_Case_dev.AUW_Intelligence_TC" tests="2" failures="0" timestamp="29 Dec 2021 08:31:22 GMT" time="186.344" errors="0">
  <testcase name="main" time="95.503" classname="AUW_Test_Case_dev.AUW_Intelligence_TC"/>
  <testcase name="main" time="90.841" classname="AUW_Test_Case_dev.AUW_Intelligence_TC"/>
</testsuite> <!-- AUW_Test_Case_dev.AUW_Intelligence_TC -->
