<?xml version="1.0" encoding="UTF-8"?>
<!-- Generated by org.testng.reporters.JUnitReportReporter -->
<testsuite hostname="DESKTOP-N7K85DJ" name="AUW_Test_case_prod.AUW_NJ_Update" tests="2" failures="0" timestamp="29 Dec 2021 15:49:46 GMT" time="88.466" errors="0">
  <testcase name="main" time="45.751" classname="AUW_Test_case_prod.AUW_NJ_Update"/>
  <testcase name="main" time="42.715" classname="AUW_Test_case_prod.AUW_NJ_Update"/>
</testsuite> <!-- AUW_Test_case_prod.AUW_NJ_Update -->
