<?xml version="1.0" encoding="UTF-8"?>
<!-- Generated by org.testng.reporters.JUnitReportReporter -->
<testsuite hostname="DESKTOP-N7K85DJ" name="Test_case_prod.AUW_Intelligence_TC" tests="2" failures="0" timestamp="19 Oct 2021 11:19:12 GMT" time="170.358" errors="0">
  <testcase name="main" time="87.658" classname="Test_case_prod.AUW_Intelligence_TC"/>
  <testcase name="main" time="82.700" classname="Test_case_prod.AUW_Intelligence_TC"/>
</testsuite> <!-- Test_case_prod.AUW_Intelligence_TC -->
