<?xml version="1.0" encoding="UTF-8"?>
<!-- Generated by org.testng.reporters.JUnitReportReporter -->
<testsuite hostname="DESKTOP-N7K85DJ" name="AUW_Test_Case_dev.AUW_PPP" tests="2" failures="0" timestamp="20 Dec 2021 07:34:15 GMT" time="110.601" errors="0">
  <testcase name="main" time="23.794" classname="AUW_Test_Case_dev.AUW_PPP"/>
  <testcase name="main" time="86.807" classname="AUW_Test_Case_dev.AUW_PPP"/>
</testsuite> <!-- AUW_Test_Case_dev.AUW_PPP -->
