<?xml version="1.0" encoding="UTF-8"?>
<!-- Generated by org.testng.reporters.JUnitReportReporter -->
<testsuite hostname="DESKTOP-N7K85DJ" name="Test_Case_dev.AUW_AboutUS" tests="2" failures="0" timestamp="1 Nov 2021 10:12:02 GMT" time="148.110" errors="0">
  <testcase name="AboutUS" time="73.176" classname="Test_Case_dev.AUW_AboutUS"/>
  <testcase name="AboutUS" time="74.934" classname="Test_Case_dev.AUW_AboutUS"/>
</testsuite> <!-- Test_Case_dev.AUW_AboutUS -->
