<?xml version="1.0" encoding="UTF-8"?>
<!-- Generated by org.testng.reporters.JUnitReportReporter -->
<testsuite hostname="DESKTOP-N7K85DJ" name="Test_Case_dev.AUW_header_web_Development" tests="2" failures="0" timestamp="1 Nov 2021 10:12:02 GMT" time="106.476" errors="0">
  <testcase name="main" time="43.877" classname="Test_Case_dev.AUW_header_web_Development"/>
  <testcase name="main" time="62.599" classname="Test_Case_dev.AUW_header_web_Development"/>
</testsuite> <!-- Test_Case_dev.AUW_header_web_Development -->
