<?xml version="1.0" encoding="UTF-8"?>
<!-- Generated by org.testng.reporters.JUnitReportReporter -->
<testsuite hostname="DESKTOP-N7K85DJ" name="Test_case_prod.AUW_PPP" tests="2" failures="0" timestamp="1 Nov 2021 12:52:40 GMT" time="46.717" errors="0">
  <testcase name="main" time="21.269" classname="Test_case_prod.AUW_PPP"/>
  <testcase name="main" time="25.448" classname="Test_case_prod.AUW_PPP"/>
</testsuite> <!-- Test_case_prod.AUW_PPP -->
