<?xml version="1.0" encoding="UTF-8"?>
<!-- Generated by org.testng.reporters.JUnitReportReporter -->
<testsuite hostname="DESKTOP-N7K85DJ" name="Test_case_prod.AUW_PPP" tests="2" failures="0" timestamp="19 Oct 2021 11:19:12 GMT" time="47.039" errors="0">
  <testcase name="main" time="21.232" classname="Test_case_prod.AUW_PPP"/>
  <testcase name="main" time="25.807" classname="Test_case_prod.AUW_PPP"/>
</testsuite> <!-- Test_case_prod.AUW_PPP -->
