<?xml version="1.0" encoding="UTF-8"?>
<!-- Generated by org.testng.reporters.JUnitReportReporter -->
<testsuite hostname="DESKTOP-N7K85DJ" name="Test_case_prod.AUW_header_web_Prod" tests="2" failures="0" timestamp="26 Sep 2021 10:43:59 GMT" time="99.706" errors="0">
  <testcase name="main" time="56.373" classname="Test_case_prod.AUW_header_web_Prod"/>
  <testcase name="main" time="43.333" classname="Test_case_prod.AUW_header_web_Prod"/>
</testsuite> <!-- Test_case_prod.AUW_header_web_Prod -->
