<?xml version="1.0" encoding="UTF-8"?>
<!-- Generated by org.testng.reporters.JUnitReportReporter -->
<testsuite hostname="DESKTOP-N7K85DJ" name="Test_case_prod.AUW_AboutUS" tests="2" failures="0" timestamp="15 Nov 2021 05:02:07 GMT" time="137.419" errors="0">
  <testcase name="AboutUS" time="66.354" classname="Test_case_prod.AUW_AboutUS"/>
  <testcase name="AboutUS" time="71.065" classname="Test_case_prod.AUW_AboutUS"/>
</testsuite> <!-- Test_case_prod.AUW_AboutUS -->
