<?xml version="1.0" encoding="UTF-8"?>
<!-- Generated by org.testng.reporters.JUnitReportReporter -->
<testsuite hostname="DESKTOP-N7K85DJ" name="Test_Case_dev.AUW_Experience" tests="2" failures="0" timestamp="29 Sep 2021 14:55:49 GMT" time="563.547" errors="0">
  <testcase name="main" time="279.930" classname="Test_Case_dev.AUW_Experience"/>
  <testcase name="main" time="283.617" classname="Test_Case_dev.AUW_Experience"/>
</testsuite> <!-- Test_Case_dev.AUW_Experience -->
