<?xml version="1.0" encoding="UTF-8"?>
<!-- Generated by org.testng.reporters.JUnitReportReporter -->
<testsuite hostname="DESKTOP-N7K85DJ" name="Test_Case_dev.AUW_NJ_Update" tests="2" failures="0" timestamp="26 Sep 2021 08:12:54 GMT" time="95.214" errors="0">
  <testcase name="main" time="50.153" classname="Test_Case_dev.AUW_NJ_Update"/>
  <testcase name="main" time="45.061" classname="Test_Case_dev.AUW_NJ_Update"/>
</testsuite> <!-- Test_Case_dev.AUW_NJ_Update -->
