<?xml version="1.0" encoding="UTF-8"?>
<!-- Generated by org.testng.reporters.JUnitReportReporter -->
<testsuite hostname="DESKTOP-N7K85DJ" name="Test_Case_dev.AUW_CallUpdate" tests="2" failures="0" timestamp="1 Nov 2021 10:12:02 GMT" time="111.821" errors="0">
  <testcase name="main" time="51.110" classname="Test_Case_dev.AUW_CallUpdate"/>
  <testcase name="main" time="60.711" classname="Test_Case_dev.AUW_CallUpdate"/>
</testsuite> <!-- Test_Case_dev.AUW_CallUpdate -->
