<?xml version="1.0" encoding="UTF-8"?>
<!-- Generated by org.testng.reporters.JUnitReportReporter -->
<testsuite hostname="DESKTOP-N7K85DJ" name="Test_Case_dev.Practices_AgentsBrokers" tests="2" failures="0" timestamp="26 Sep 2021 08:12:54 GMT" time="135.208" errors="0">
  <testcase name="Practices_AgentsBrokers" time="61.550" classname="Test_Case_dev.Practices_AgentsBrokers"/>
  <testcase name="Practices_AgentsBrokers" time="73.658" classname="Test_Case_dev.Practices_AgentsBrokers"/>
</testsuite> <!-- Test_Case_dev.Practices_AgentsBrokers -->
