<?xml version="1.0" encoding="UTF-8"?>
<!-- Generated by org.testng.reporters.JUnitReportReporter -->
<testsuite hostname="DESKTOP-N7K85DJ" name="Test_Case_dev.AUW_AboutUS" tests="2" failures="0" timestamp="26 Sep 2021 08:12:54 GMT" time="126.885" errors="0">
  <testcase name="AboutUS" time="62.430" classname="Test_Case_dev.AUW_AboutUS"/>
  <testcase name="AboutUS" time="64.455" classname="Test_Case_dev.AUW_AboutUS"/>
</testsuite> <!-- Test_Case_dev.AUW_AboutUS -->
