<?xml version="1.0" encoding="UTF-8"?>
<!-- Generated by org.testng.reporters.JUnitReportReporter -->
<testsuite hostname="DESKTOP-N7K85DJ" name="Test_Case_dev.Practices_AgentsBrokers" tests="2" failures="0" timestamp="29 Sep 2021 14:55:49 GMT" time="128.988" errors="0">
  <testcase name="Practices_AgentsBrokers" time="67.788" classname="Test_Case_dev.Practices_AgentsBrokers"/>
  <testcase name="Practices_AgentsBrokers" time="61.200" classname="Test_Case_dev.Practices_AgentsBrokers"/>
</testsuite> <!-- Test_Case_dev.Practices_AgentsBrokers -->
