<?xml version="1.0" encoding="UTF-8"?>
<!-- Generated by org.testng.reporters.JUnitReportReporter -->
<testsuite hostname="DESKTOP-N7K85DJ" name="AUW_Test_case_prod.AUW_Experience" tests="2" failures="0" timestamp="29 Dec 2021 15:49:46 GMT" time="559.085" errors="0">
  <testcase name="main" time="278.405" classname="AUW_Test_case_prod.AUW_Experience"/>
  <testcase name="main" time="280.680" classname="AUW_Test_case_prod.AUW_Experience"/>
</testsuite> <!-- AUW_Test_case_prod.AUW_Experience -->
