<?xml version="1.0" encoding="UTF-8"?>
<!-- Generated by org.testng.reporters.JUnitReportReporter -->
<testsuite hostname="DESKTOP-N7K85DJ" name="Test_Case_dev.AUW_PPP" tests="2" failures="0" timestamp="26 Sep 2021 08:12:54 GMT" time="51.187" errors="0">
  <testcase name="main" time="23.488" classname="Test_Case_dev.AUW_PPP"/>
  <testcase name="main" time="27.699" classname="Test_Case_dev.AUW_PPP"/>
</testsuite> <!-- Test_Case_dev.AUW_PPP -->
