<?xml version="1.0" encoding="UTF-8"?>
<!-- Generated by org.testng.reporters.JUnitReportReporter -->
<testsuite hostname="DESKTOP-N7K85DJ" name="Test_Case_dev.AUW_Intelligence_TC" tests="2" failures="0" timestamp="15 Nov 2021 05:44:21 GMT" time="179.223" errors="0">
  <testcase name="main" time="87.895" classname="Test_Case_dev.AUW_Intelligence_TC"/>
  <testcase name="main" time="91.328" classname="Test_Case_dev.AUW_Intelligence_TC"/>
</testsuite> <!-- Test_Case_dev.AUW_Intelligence_TC -->
