<?xml version="1.0" encoding="UTF-8"?>
<!-- Generated by org.testng.reporters.JUnitReportReporter -->
<testsuite hostname="DESKTOP-N7K85DJ" name="Test_case_prod.AUW_NJ_Update" tests="2" failures="0" timestamp="1 Nov 2021 12:52:40 GMT" time="91.495" errors="0">
  <testcase name="main" time="43.875" classname="Test_case_prod.AUW_NJ_Update"/>
  <testcase name="main" time="47.620" classname="Test_case_prod.AUW_NJ_Update"/>
</testsuite> <!-- Test_case_prod.AUW_NJ_Update -->
