<?xml version="1.0" encoding="UTF-8"?>
<!-- Generated by org.testng.reporters.JUnitReportReporter -->
<testsuite hostname="DESKTOP-N7K85DJ" name="Test_case_prod.AUW_AboutUS" tests="2" failures="0" timestamp="25 Oct 2021 10:34:59 GMT" time="121.153" errors="0">
  <testcase name="AboutUS" time="56.851" classname="Test_case_prod.AUW_AboutUS"/>
  <testcase name="AboutUS" time="64.302" classname="Test_case_prod.AUW_AboutUS"/>
</testsuite> <!-- Test_case_prod.AUW_AboutUS -->
