<?xml version="1.0" encoding="UTF-8"?>
<!-- Generated by org.testng.reporters.JUnitReportReporter -->
<testsuite hostname="DESKTOP-N7K85DJ" name="Test_case_prod.AUW_header_web_Prod" tests="2" failures="0" timestamp="1 Nov 2021 12:52:40 GMT" time="107.213" errors="0">
  <testcase name="main" time="43.149" classname="Test_case_prod.AUW_header_web_Prod"/>
  <testcase name="main" time="64.064" classname="Test_case_prod.AUW_header_web_Prod"/>
</testsuite> <!-- Test_case_prod.AUW_header_web_Prod -->
