<?xml version="1.0" encoding="UTF-8"?>
<!-- Generated by org.testng.reporters.JUnitReportReporter -->
<testsuite hostname="DESKTOP-N7K85DJ" name="AUW_Test_Case_dev.AUW_header_web_Development" tests="2" failures="0" timestamp="20 Dec 2021 07:34:15 GMT" time="108.839" errors="0">
  <testcase name="main" time="57.741" classname="AUW_Test_Case_dev.AUW_header_web_Development"/>
  <testcase name="main" time="51.098" classname="AUW_Test_Case_dev.AUW_header_web_Development"/>
</testsuite> <!-- AUW_Test_Case_dev.AUW_header_web_Development -->
