<?xml version="1.0" encoding="UTF-8"?>
<!-- Generated by org.testng.reporters.JUnitReportReporter -->
<testsuite hostname="DESKTOP-N7K85DJ" name="Test_case_prod.AUW_Footer_Prod" tests="2" failures="0" timestamp="1 Nov 2021 12:52:40 GMT" time="161.419" errors="0">
  <testcase name="AUW_Footer" time="83.445" classname="Test_case_prod.AUW_Footer_Prod"/>
  <testcase name="AUW_Footer" time="77.974" classname="Test_case_prod.AUW_Footer_Prod"/>
</testsuite> <!-- Test_case_prod.AUW_Footer_Prod -->
