<?xml version="1.0" encoding="UTF-8"?>
<!-- Generated by org.testng.reporters.JUnitReportReporter -->
<testsuite hostname="DESKTOP-N7K85DJ" name="Test_case_prod.AUW_AboutUS" tests="2" failures="0" timestamp="1 Nov 2021 12:52:39 GMT" time="141.804" errors="0">
  <testcase name="AboutUS" time="73.140" classname="Test_case_prod.AUW_AboutUS"/>
  <testcase name="AboutUS" time="68.664" classname="Test_case_prod.AUW_AboutUS"/>
</testsuite> <!-- Test_case_prod.AUW_AboutUS -->
