<?xml version="1.0" encoding="UTF-8"?>
<!-- Generated by org.testng.reporters.JUnitReportReporter -->
<testsuite hostname="DESKTOP-N7K85DJ" name="Test_Case_dev.AUW_PPP" tests="2" failures="0" timestamp="1 Nov 2021 10:12:02 GMT" time="50.479" errors="0">
  <testcase name="main" time="23.136" classname="Test_Case_dev.AUW_PPP"/>
  <testcase name="main" time="27.343" classname="Test_Case_dev.AUW_PPP"/>
</testsuite> <!-- Test_Case_dev.AUW_PPP -->
