<?xml version="1.0" encoding="UTF-8"?>
<!-- Generated by org.testng.reporters.JUnitReportReporter -->
<testsuite hostname="DESKTOP-N7K85DJ" name="Test_case_prod.Practices_CustomerSeekingCoverage" tests="2" failures="0" timestamp="29 Sep 2021 15:30:43 GMT" time="441.707" errors="0">
  <testcase name="Practices_CustomerSeekingCoverage" time="222.349" classname="Test_case_prod.Practices_CustomerSeekingCoverage"/>
  <testcase name="Practices_CustomerSeekingCoverage" time="219.358" classname="Test_case_prod.Practices_CustomerSeekingCoverage"/>
</testsuite> <!-- Test_case_prod.Practices_CustomerSeekingCoverage -->
