<?xml version="1.0" encoding="UTF-8"?>
<!-- Generated by org.testng.reporters.JUnitReportReporter -->
<testsuite hostname="DESKTOP-N7K85DJ" name="Test_Case_dev.AUW_PPP" tests="2" failures="0" timestamp="29 Sep 2021 14:55:49 GMT" time="52.755" errors="0">
  <testcase name="main" time="23.746" classname="Test_Case_dev.AUW_PPP"/>
  <testcase name="main" time="29.009" classname="Test_Case_dev.AUW_PPP"/>
</testsuite> <!-- Test_Case_dev.AUW_PPP -->
