<?xml version="1.0" encoding="UTF-8"?>
<!-- Generated by org.testng.reporters.JUnitReportReporter -->
<testsuite hostname="DESKTOP-N7K85DJ" name="TestCase_Sample.Myntra_search" tests="1" failures="0" timestamp="12 Apr 2022 14:12:38 GMT" time="19.163" errors="0">
  <testcase name="main_Home_Page" time="19.163" classname="TestCase_Sample.Myntra_search"/>
</testsuite> <!-- TestCase_Sample.Myntra_search -->
