<?xml version="1.0" encoding="UTF-8"?>
<!-- Generated by org.testng.reporters.JUnitReportReporter -->
<testsuite hostname="DESKTOP-N7K85DJ" name="TestCase_Sample.Myntra_Login" tests="1" failures="0" timestamp="12 Apr 2022 14:16:02 GMT" time="31.208" errors="0">
  <testcase name="main_Home_Page" time="31.208" classname="TestCase_Sample.Myntra_Login"/>
</testsuite> <!-- TestCase_Sample.Myntra_Login -->
