<?xml version="1.0" encoding="UTF-8"?>
<!-- Generated by org.testng.reporters.JUnitReportReporter -->
<testsuite hostname="DESKTOP-N7K85DJ" name="Test_Cases_Prod.Home_More" tests="1" failures="0" timestamp="29 Sep 2021 13:13:06 GMT" time="57.866" errors="0">
  <testcase name="More_button" time="57.866" classname="Test_Cases_Prod.Home_More"/>
</testsuite> <!-- Test_Cases_Prod.Home_More -->
