<?xml version="1.0" encoding="UTF-8"?>
<!-- Generated by org.testng.reporters.JUnitReportReporter -->
<testsuite hostname="DESKTOP-N7K85DJ" name="Test_Cases_Prod.LearnMore_TC" tests="2" failures="0" timestamp="18 Oct 2021 13:57:43 GMT" time="49.181" errors="0">
  <testcase name="LearnMore" time="26.214" classname="Test_Cases_Prod.LearnMore_TC"/>
  <testcase name="LearnMore" time="22.967" classname="Test_Cases_Prod.LearnMore_TC"/>
</testsuite> <!-- Test_Cases_Prod.LearnMore_TC -->
