<?xml version="1.0" encoding="UTF-8"?>
<!-- Generated by org.testng.reporters.JUnitReportReporter -->
<testsuite hostname="DESKTOP-N7K85DJ" name="Test_Cases_Development.LearnMore_TC" tests="2" failures="0" timestamp="15 Nov 2021 08:26:10 GMT" time="44.197" errors="0">
  <testcase name="LearnMore" time="24.839" classname="Test_Cases_Development.LearnMore_TC"/>
  <testcase name="LearnMore" time="19.358" classname="Test_Cases_Development.LearnMore_TC"/>
</testsuite> <!-- Test_Cases_Development.LearnMore_TC -->
