<?xml version="1.0" encoding="UTF-8"?>
<!-- Generated by org.testng.reporters.JUnitReportReporter -->
<testsuite hostname="DESKTOP-N7K85DJ" name="Test_Cases_Development.Home_More" tests="1" failures="0" timestamp="18 Oct 2021 13:54:28 GMT" time="63.962" errors="0">
  <testcase name="More_button" time="63.962" classname="Test_Cases_Development.Home_More"/>
</testsuite> <!-- Test_Cases_Development.Home_More -->
