<?xml version="1.0" encoding="UTF-8"?>
<!-- Generated by org.testng.reporters.JUnitReportReporter -->
<testsuite hostname="DESKTOP-N7K85DJ" name="Test_Cases_Prod.Home_More" tests="1" failures="0" timestamp="15 Sep 2021 15:36:07 GMT" time="45.798" errors="0">
  <testcase name="More_button" time="45.798" classname="Test_Cases_Prod.Home_More"/>
</testsuite> <!-- Test_Cases_Prod.Home_More -->
