<?xml version="1.0" encoding="UTF-8"?>
<!-- Generated by org.testng.reporters.JUnitReportReporter -->
<testsuite hostname="DESKTOP-N7K85DJ" name="AUW_Global_Test_Cases_Development.LearnMore_TC" tests="2" failures="0" timestamp="29 Dec 2021 11:24:36 GMT" time="46.484" errors="0">
  <testcase name="LearnMore" time="25.156" classname="AUW_Global_Test_Cases_Development.LearnMore_TC"/>
  <testcase name="LearnMore" time="21.328" classname="AUW_Global_Test_Cases_Development.LearnMore_TC"/>
</testsuite> <!-- AUW_Global_Test_Cases_Development.LearnMore_TC -->
