<?xml version="1.0" encoding="UTF-8"?>
<!-- Generated by org.testng.reporters.JUnitReportReporter -->
<testsuite hostname="DESKTOP-N7K85DJ" name="Test_Cases_Development.Home_More" tests="1" failures="0" timestamp="29 Sep 2021 13:01:49 GMT" time="50.835" errors="0">
  <testcase name="More_button" time="50.835" classname="Test_Cases_Development.Home_More"/>
</testsuite> <!-- Test_Cases_Development.Home_More -->
