<?xml version="1.0" encoding="UTF-8"?>
<!-- Generated by org.testng.reporters.JUnitReportReporter -->
<testsuite hostname="DESKTOP-N7K85DJ" name="Test_Cases_Prod.Home_Page_TC" tests="2" failures="0" timestamp="23 Aug 2021 14:54:25 GMT" time="54.339" errors="0">
  <testcase name="HomePage" time="24.069" classname="Test_Cases_Prod.Home_Page_TC"/>
  <testcase name="HomePage" time="30.270" classname="Test_Cases_Prod.Home_Page_TC"/>
</testsuite> <!-- Test_Cases_Prod.Home_Page_TC -->
