<?xml version="1.0" encoding="UTF-8"?>
<!-- Generated by org.testng.reporters.JUnitReportReporter -->
<testsuite hostname="DESKTOP-N7K85DJ" name="AUW_Global_Test_Cases_Development.LearnMore_TC" tests="2" failures="0" timestamp="22 Dec 2021 06:25:48 GMT" time="73.130" errors="0">
  <testcase name="LearnMore" time="28.239" classname="AUW_Global_Test_Cases_Development.LearnMore_TC"/>
  <testcase name="LearnMore" time="44.891" classname="AUW_Global_Test_Cases_Development.LearnMore_TC"/>
</testsuite> <!-- AUW_Global_Test_Cases_Development.LearnMore_TC -->
