<?xml version="1.0" encoding="UTF-8"?>
<!-- Generated by org.testng.reporters.JUnitReportReporter -->
<testsuite hostname="DESKTOP-N7K85DJ" name="AUW_Global_Test_Cases_Prod.Home_Page_TC" tests="2" failures="0" timestamp="29 Dec 2021 11:29:13 GMT" time="40.276" errors="0">
  <testcase name="HomePage" time="22.167" classname="AUW_Global_Test_Cases_Prod.Home_Page_TC"/>
  <testcase name="HomePage" time="18.109" classname="AUW_Global_Test_Cases_Prod.Home_Page_TC"/>
</testsuite> <!-- AUW_Global_Test_Cases_Prod.Home_Page_TC -->
