<?xml version="1.0" encoding="UTF-8"?>
<!-- Generated by org.testng.reporters.JUnitReportReporter -->
<testsuite hostname="DESKTOP-N7K85DJ" name="Test_Cases_Prod.Home_Page_TC" tests="2" failures="0" timestamp="4 Oct 2021 11:59:31 GMT" time="51.857" errors="0">
  <testcase name="HomePage" time="23.620" classname="Test_Cases_Prod.Home_Page_TC"/>
  <testcase name="HomePage" time="28.237" classname="Test_Cases_Prod.Home_Page_TC"/>
</testsuite> <!-- Test_Cases_Prod.Home_Page_TC -->
