<?xml version="1.0" encoding="UTF-8"?>
<!-- Generated by org.testng.reporters.JUnitReportReporter -->
<testsuite hostname="DESKTOP-N7K85DJ" name="AUW_Global_Test_Cases_Development.Home_Page_TC" tests="2" failures="0" timestamp="29 Dec 2021 11:24:36 GMT" time="37.437" errors="0">
  <testcase name="HomePage" time="16.057" classname="AUW_Global_Test_Cases_Development.Home_Page_TC"/>
  <testcase name="HomePage" time="21.380" classname="AUW_Global_Test_Cases_Development.Home_Page_TC"/>
</testsuite> <!-- AUW_Global_Test_Cases_Development.Home_Page_TC -->
