<?xml version="1.0" encoding="UTF-8"?>
<!-- Generated by org.testng.reporters.JUnitReportReporter -->
<testsuite hostname="DESKTOP-N7K85DJ" name="Test_Cases_Development.Home_Page_TC" tests="2" failures="0" timestamp="29 Sep 2021 13:01:49 GMT" time="47.938" errors="0">
  <testcase name="HomePage" time="26.398" classname="Test_Cases_Development.Home_Page_TC"/>
  <testcase name="HomePage" time="21.540" classname="Test_Cases_Development.Home_Page_TC"/>
</testsuite> <!-- Test_Cases_Development.Home_Page_TC -->
