<?xml version="1.0" encoding="UTF-8"?>
<!-- Generated by org.testng.reporters.JUnitReportReporter -->
<testsuite hostname="DESKTOP-N7K85DJ" name="Test_Cases_Prod.LearnMore_TC" tests="2" failures="0" timestamp="29 Sep 2021 13:13:06 GMT" time="48.565" errors="0">
  <testcase name="LearnMore" time="23.437" classname="Test_Cases_Prod.LearnMore_TC"/>
  <testcase name="LearnMore" time="25.128" classname="Test_Cases_Prod.LearnMore_TC"/>
</testsuite> <!-- Test_Cases_Prod.LearnMore_TC -->
