<?xml version="1.0" encoding="UTF-8"?>
<!-- Generated by org.testng.reporters.JUnitReportReporter -->
<testsuite hostname="DESKTOP-N7K85DJ" name="Test_Cases_Prod.Home_More" tests="1" failures="0" timestamp="25 Oct 2021 10:38:33 GMT" time="56.647" errors="0">
  <testcase name="More_button" time="56.647" classname="Test_Cases_Prod.Home_More"/>
</testsuite> <!-- Test_Cases_Prod.Home_More -->
