<?xml version="1.0" encoding="UTF-8"?>
<!-- Generated by org.testng.reporters.JUnitReportReporter -->
<testsuite hostname="DESKTOP-N7K85DJ" name="Test_Cases_Development.LearnMore_TC" tests="2" failures="0" timestamp="29 Sep 2021 13:01:49 GMT" time="44.688" errors="0">
  <testcase name="LearnMore" time="25.264" classname="Test_Cases_Development.LearnMore_TC"/>
  <testcase name="LearnMore" time="19.424" classname="Test_Cases_Development.LearnMore_TC"/>
</testsuite> <!-- Test_Cases_Development.LearnMore_TC -->
