<?xml version="1.0" encoding="UTF-8"?>
<!-- Generated by org.testng.reporters.JUnitReportReporter -->
<testsuite hostname="DESKTOP-N7K85DJ" name="Test_Cases_Prod.Home_Page_TC" tests="2" failures="0" timestamp="15 Sep 2021 15:36:07 GMT" time="56.767" errors="0">
  <testcase name="HomePage" time="26.518" classname="Test_Cases_Prod.Home_Page_TC"/>
  <testcase name="HomePage" time="30.249" classname="Test_Cases_Prod.Home_Page_TC"/>
</testsuite> <!-- Test_Cases_Prod.Home_Page_TC -->
