<?xml version="1.0" encoding="UTF-8"?>
<!-- Generated by org.testng.reporters.JUnitReportReporter -->
<testsuite hostname="DESKTOP-N7K85DJ" name="Test_Cases_Development.Home_Page_TC" tests="2" failures="0" timestamp="2 Sep 2021 16:56:50 GMT" time="47.212" errors="0">
  <testcase name="HomePage" time="18.258" classname="Test_Cases_Development.Home_Page_TC"/>
  <testcase name="HomePage" time="28.954" classname="Test_Cases_Development.Home_Page_TC"/>
</testsuite> <!-- Test_Cases_Development.Home_Page_TC -->
