<?xml version="1.0" encoding="UTF-8"?>
<!-- Generated by org.testng.reporters.JUnitReportReporter -->
<testsuite hostname="DESKTOP-N7K85DJ" name="Test_Cases_Prod.LearnMore_TC" tests="2" failures="0" timestamp="15 Nov 2021 08:33:28 GMT" time="45.061" errors="0">
  <testcase name="LearnMore" time="22.192" classname="Test_Cases_Prod.LearnMore_TC"/>
  <testcase name="LearnMore" time="22.869" classname="Test_Cases_Prod.LearnMore_TC"/>
</testsuite> <!-- Test_Cases_Prod.LearnMore_TC -->
