<?xml version="1.0" encoding="UTF-8"?>
<!-- Generated by org.testng.reporters.JUnitReportReporter -->
<testsuite hostname="DESKTOP-N7K85DJ" name="AUW_Global_Test_Cases_Development.Home_More" tests="1" failures="0" timestamp="29 Dec 2021 11:24:36 GMT" time="54.274" errors="0">
  <testcase name="More_button" time="54.274" classname="AUW_Global_Test_Cases_Development.Home_More"/>
</testsuite> <!-- AUW_Global_Test_Cases_Development.Home_More -->
