<?xml version="1.0" encoding="UTF-8"?>
<!-- Generated by org.testng.reporters.JUnitReportReporter -->
<testsuite hostname="DESKTOP-N7K85DJ" name="Test_Cases_Development.Home_More" tests="1" failures="0" timestamp="2 Sep 2021 16:56:50 GMT" time="55.176" errors="0">
  <testcase name="More_button" time="55.176" classname="Test_Cases_Development.Home_More"/>
</testsuite> <!-- Test_Cases_Development.Home_More -->
