<?xml version="1.0" encoding="UTF-8"?>
<!-- Generated by org.testng.reporters.JUnitReportReporter -->
<testsuite hostname="DESKTOP-N7K85DJ" name="Test_Cases_Development.Home_More" tests="1" failures="0" timestamp="15 Nov 2021 08:26:10 GMT" time="50.983" errors="0">
  <testcase name="More_button" time="50.983" classname="Test_Cases_Development.Home_More"/>
</testsuite> <!-- Test_Cases_Development.Home_More -->
