<?xml version="1.0" encoding="UTF-8"?>
<!-- Generated by org.testng.reporters.JUnitReportReporter -->
<testsuite hostname="DESKTOP-N7K85DJ" name="Test_Cases_Prod.Home_Page_TC" tests="2" failures="0" timestamp="15 Nov 2021 08:33:28 GMT" time="49.270" errors="0">
  <testcase name="HomePage" time="26.540" classname="Test_Cases_Prod.Home_Page_TC"/>
  <testcase name="HomePage" time="22.730" classname="Test_Cases_Prod.Home_Page_TC"/>
</testsuite> <!-- Test_Cases_Prod.Home_Page_TC -->
