<?xml version="1.0" encoding="UTF-8"?>
<!-- Generated by org.testng.reporters.JUnitReportReporter -->
<testsuite hostname="DESKTOP-N7K85DJ" name="Test_Cases_Development.Home_Page_TC" tests="2" failures="0" timestamp="15 Nov 2021 08:26:10 GMT" time="33.148" errors="0">
  <testcase name="HomePage" time="15.232" classname="Test_Cases_Development.Home_Page_TC"/>
  <testcase name="HomePage" time="17.916" classname="Test_Cases_Development.Home_Page_TC"/>
</testsuite> <!-- Test_Cases_Development.Home_Page_TC -->
