<?xml version="1.0" encoding="UTF-8"?>
<!-- Generated by org.testng.reporters.JUnitReportReporter -->
<testsuite hostname="DESKTOP-N7K85DJ" name="Test_Cases_Prod.Home_More" tests="1" failures="0" timestamp="4 Oct 2021 11:59:31 GMT" time="54.020" errors="0">
  <testcase name="More_button" time="54.020" classname="Test_Cases_Prod.Home_More"/>
</testsuite> <!-- Test_Cases_Prod.Home_More -->
