<?xml version="1.0" encoding="UTF-8"?>
<!-- Generated by org.testng.reporters.JUnitReportReporter -->
<testsuite hostname="DESKTOP-N7K85DJ" name="Test_Cases_Prod.LearnMore_TC" tests="2" failures="0" timestamp="4 Oct 2021 11:59:31 GMT" time="52.654" errors="0">
  <testcase name="LearnMore" time="25.771" classname="Test_Cases_Prod.LearnMore_TC"/>
  <testcase name="LearnMore" time="26.883" classname="Test_Cases_Prod.LearnMore_TC"/>
</testsuite> <!-- Test_Cases_Prod.LearnMore_TC -->
