<?xml version="1.0" encoding="UTF-8"?>
<!-- Generated by org.testng.reporters.JUnitReportReporter -->
<testsuite hostname="DESKTOP-N7K85DJ" name="Test_Cases_Prod.Home_Page_TC" tests="2" failures="0" timestamp="18 Oct 2021 13:57:43 GMT" time="52.497" errors="0">
  <testcase name="HomePage" time="23.452" classname="Test_Cases_Prod.Home_Page_TC"/>
  <testcase name="HomePage" time="29.045" classname="Test_Cases_Prod.Home_Page_TC"/>
</testsuite> <!-- Test_Cases_Prod.Home_Page_TC -->
