<?xml version="1.0" encoding="UTF-8"?>
<!-- Generated by org.testng.reporters.JUnitReportReporter -->
<testsuite hostname="DESKTOP-N7K85DJ" name="Test_Cases_Prod.Home_More" tests="1" failures="0" timestamp="18 Oct 2021 13:57:43 GMT" time="53.483" errors="0">
  <testcase name="More_button" time="53.483" classname="Test_Cases_Prod.Home_More"/>
</testsuite> <!-- Test_Cases_Prod.Home_More -->
