<?xml version="1.0" encoding="UTF-8"?>
<!-- Generated by org.testng.reporters.JUnitReportReporter -->
<testsuite hostname="DESKTOP-N7K85DJ" name="Test_Cases_Prod.Home_Page_TC" tests="2" failures="0" timestamp="25 Oct 2021 10:38:33 GMT" time="52.798" errors="0">
  <testcase name="HomePage" time="23.801" classname="Test_Cases_Prod.Home_Page_TC"/>
  <testcase name="HomePage" time="28.997" classname="Test_Cases_Prod.Home_Page_TC"/>
</testsuite> <!-- Test_Cases_Prod.Home_Page_TC -->
