<?xml version="1.0" encoding="UTF-8"?>
<!-- Generated by org.testng.reporters.JUnitReportReporter -->
<testsuite hostname="DESKTOP-N7K85DJ" name="Test_Cases_Prod.LearnMore_TC" tests="2" failures="0" timestamp="25 Oct 2021 10:38:33 GMT" time="50.651" errors="0">
  <testcase name="LearnMore" time="25.349" classname="Test_Cases_Prod.LearnMore_TC"/>
  <testcase name="LearnMore" time="25.302" classname="Test_Cases_Prod.LearnMore_TC"/>
</testsuite> <!-- Test_Cases_Prod.LearnMore_TC -->
