<?xml version="1.0" encoding="UTF-8"?>
<!-- Generated by org.testng.reporters.JUnitReportReporter -->
<testsuite hostname="DESKTOP-N7K85DJ" name="Test_Cases_Prod.LearnMore_TC" tests="2" failures="0" timestamp="15 Sep 2021 15:36:07 GMT" time="51.582" errors="0">
  <testcase name="LearnMore" time="24.611" classname="Test_Cases_Prod.LearnMore_TC"/>
  <testcase name="LearnMore" time="26.971" classname="Test_Cases_Prod.LearnMore_TC"/>
</testsuite> <!-- Test_Cases_Prod.LearnMore_TC -->
