<?xml version="1.0" encoding="UTF-8"?>
<!-- Generated by org.testng.reporters.JUnitReportReporter -->
<testsuite hostname="DESKTOP-N7K85DJ" name="Test_Cases_Development.LearnMore_TC" tests="2" failures="0" timestamp="2 Sep 2021 16:56:50 GMT" time="66.811" errors="0">
  <testcase name="LearnMore" time="36.601" classname="Test_Cases_Development.LearnMore_TC"/>
  <testcase name="LearnMore" time="30.210" classname="Test_Cases_Development.LearnMore_TC"/>
</testsuite> <!-- Test_Cases_Development.LearnMore_TC -->
