<?xml version="1.0" encoding="UTF-8"?>
<!-- Generated by org.testng.reporters.JUnitReportReporter -->
<testsuite hostname="DESKTOP-N7K85DJ" name="Test_Cases_Development.Home_Page_TC" tests="2" failures="0" timestamp="18 Oct 2021 13:54:28 GMT" time="56.024" errors="0">
  <testcase name="HomePage" time="26.554" classname="Test_Cases_Development.Home_Page_TC"/>
  <testcase name="HomePage" time="29.470" classname="Test_Cases_Development.Home_Page_TC"/>
</testsuite> <!-- Test_Cases_Development.Home_Page_TC -->
