<?xml version="1.0" encoding="UTF-8"?>
<!-- Generated by org.testng.reporters.JUnitReportReporter -->
<testsuite hostname="DESKTOP-N7K85DJ" name="Test_Cases_Development.LearnMore_TC" tests="2" failures="0" timestamp="18 Oct 2021 13:54:28 GMT" time="69.315" errors="0">
  <testcase name="LearnMore" time="38.123" classname="Test_Cases_Development.LearnMore_TC"/>
  <testcase name="LearnMore" time="31.192" classname="Test_Cases_Development.LearnMore_TC"/>
</testsuite> <!-- Test_Cases_Development.LearnMore_TC -->
