<?xml version="1.0" encoding="UTF-8"?>
<!-- Generated by org.testng.reporters.JUnitReportReporter -->
<testsuite hostname="DESKTOP-N7K85DJ" name="MTL_Test_Cases_Dev.What_we_offer1_TC" tests="22" failures="0" timestamp="29 Dec 2021 17:24:02 GMT" time="1065.703" errors="0">
  <testcase name="Heading9" time="47.562" classname="MTL_Test_Cases_Dev.What_we_offer1_TC"/>
  <testcase name="Heading5" time="47.824" classname="MTL_Test_Cases_Dev.What_we_offer1_TC"/>
  <testcase name="Heading6" time="43.644" classname="MTL_Test_Cases_Dev.What_we_offer1_TC"/>
  <testcase name="Heading1" time="47.927" classname="MTL_Test_Cases_Dev.What_we_offer1_TC"/>
  <testcase name="Heading4" time="42.958" classname="MTL_Test_Cases_Dev.What_we_offer1_TC"/>
  <testcase name="Heading10" time="43.223" classname="MTL_Test_Cases_Dev.What_we_offer1_TC"/>
  <testcase name="Heading2" time="48.807" classname="MTL_Test_Cases_Dev.What_we_offer1_TC"/>
  <testcase name="Heading9" time="52.785" classname="MTL_Test_Cases_Dev.What_we_offer1_TC"/>
  <testcase name="Heading2" time="48.547" classname="MTL_Test_Cases_Dev.What_we_offer1_TC"/>
  <testcase name="Heading8" time="48.118" classname="MTL_Test_Cases_Dev.What_we_offer1_TC"/>
  <testcase name="Heading7" time="47.268" classname="MTL_Test_Cases_Dev.What_we_offer1_TC"/>
  <testcase name="Heading11" time="66.038" classname="MTL_Test_Cases_Dev.What_we_offer1_TC"/>
  <testcase name="Heading5" time="44.007" classname="MTL_Test_Cases_Dev.What_we_offer1_TC"/>
  <testcase name="Heading3" time="41.482" classname="MTL_Test_Cases_Dev.What_we_offer1_TC"/>
  <testcase name="Heading1" time="40.439" classname="MTL_Test_Cases_Dev.What_we_offer1_TC"/>
  <testcase name="Heading7" time="42.419" classname="MTL_Test_Cases_Dev.What_we_offer1_TC"/>
  <testcase name="Heading4" time="47.306" classname="MTL_Test_Cases_Dev.What_we_offer1_TC"/>
  <testcase name="Heading6" time="59.969" classname="MTL_Test_Cases_Dev.What_we_offer1_TC"/>
  <testcase name="Heading10" time="56.207" classname="MTL_Test_Cases_Dev.What_we_offer1_TC"/>
  <testcase name="Heading3" time="50.467" classname="MTL_Test_Cases_Dev.What_we_offer1_TC"/>
  <testcase name="Heading11" time="56.805" classname="MTL_Test_Cases_Dev.What_we_offer1_TC"/>
  <testcase name="Heading8" time="41.901" classname="MTL_Test_Cases_Dev.What_we_offer1_TC"/>
</testsuite> <!-- MTL_Test_Cases_Dev.What_we_offer1_TC -->
