<?xml version="1.0" encoding="UTF-8"?>
<!-- Generated by org.testng.reporters.JUnitReportReporter -->
<testsuite hostname="DESKTOP-N7K85DJ" name="Test_Cases_Prod.More_offers_TC" tests="2" failures="0" timestamp="30 Sep 2021 06:32:25 GMT" time="128.123" errors="0">
  <testcase name="More_offers" time="88.841" classname="Test_Cases_Prod.More_offers_TC"/>
  <testcase name="More_offers" time="39.282" classname="Test_Cases_Prod.More_offers_TC"/>
</testsuite> <!-- Test_Cases_Prod.More_offers_TC -->
