<?xml version="1.0" encoding="UTF-8"?>
<!-- Generated by org.testng.reporters.JUnitReportReporter -->
<testsuite hostname="DESKTOP-N7K85DJ" name="Test_Cases.More_offers_TC" tests="2" failures="0" timestamp="9 Nov 2021 10:20:00 GMT" time="96.298" errors="0">
  <testcase name="More_offers" time="36.578" classname="Test_Cases.More_offers_TC"/>
  <testcase name="More_offers" time="59.720" classname="Test_Cases.More_offers_TC"/>
</testsuite> <!-- Test_Cases.More_offers_TC -->
