<?xml version="1.0" encoding="UTF-8"?>
<!-- Generated by org.testng.reporters.JUnitReportReporter -->
<testsuite hostname="DESKTOP-N7K85DJ" name="Test_Cases_Prod.More_offers_TC" tests="2" failures="0" timestamp="25 Oct 2021 11:18:31 GMT" time="132.345" errors="0">
  <testcase name="More_offers" time="38.249" classname="Test_Cases_Prod.More_offers_TC"/>
  <testcase name="More_offers" time="94.096" classname="Test_Cases_Prod.More_offers_TC"/>
</testsuite> <!-- Test_Cases_Prod.More_offers_TC -->
