<?xml version="1.0" encoding="UTF-8"?>
<!-- Generated by org.testng.reporters.JUnitReportReporter -->
<testsuite hostname="DESKTOP-N7K85DJ" name="Test_Cases_Prod.What_we_offer1_TC" tests="22" failures="0" timestamp="30 Sep 2021 06:32:25 GMT" time="1010.571" errors="0">
  <testcase name="Heading1" time="44.258" classname="Test_Cases_Prod.What_we_offer1_TC"/>
  <testcase name="Heading2" time="42.338" classname="Test_Cases_Prod.What_we_offer1_TC"/>
  <testcase name="Heading4" time="42.427" classname="Test_Cases_Prod.What_we_offer1_TC"/>
  <testcase name="Heading9" time="47.120" classname="Test_Cases_Prod.What_we_offer1_TC"/>
  <testcase name="Heading7" time="47.577" classname="Test_Cases_Prod.What_we_offer1_TC"/>
  <testcase name="Heading3" time="42.579" classname="Test_Cases_Prod.What_we_offer1_TC"/>
  <testcase name="Heading10" time="46.694" classname="Test_Cases_Prod.What_we_offer1_TC"/>
  <testcase name="Heading6" time="47.649" classname="Test_Cases_Prod.What_we_offer1_TC"/>
  <testcase name="Heading11" time="61.751" classname="Test_Cases_Prod.What_we_offer1_TC"/>
  <testcase name="Heading5" time="42.295" classname="Test_Cases_Prod.What_we_offer1_TC"/>
  <testcase name="Heading8" time="47.754" classname="Test_Cases_Prod.What_we_offer1_TC"/>
  <testcase name="Heading9" time="42.305" classname="Test_Cases_Prod.What_we_offer1_TC"/>
  <testcase name="Heading1" time="39.417" classname="Test_Cases_Prod.What_we_offer1_TC"/>
  <testcase name="Heading8" time="42.421" classname="Test_Cases_Prod.What_we_offer1_TC"/>
  <testcase name="Heading5" time="46.888" classname="Test_Cases_Prod.What_we_offer1_TC"/>
  <testcase name="Heading2" time="47.131" classname="Test_Cases_Prod.What_we_offer1_TC"/>
  <testcase name="Heading10" time="42.533" classname="Test_Cases_Prod.What_we_offer1_TC"/>
  <testcase name="Heading6" time="42.517" classname="Test_Cases_Prod.What_we_offer1_TC"/>
  <testcase name="Heading4" time="46.707" classname="Test_Cases_Prod.What_we_offer1_TC"/>
  <testcase name="Heading3" time="47.909" classname="Test_Cases_Prod.What_we_offer1_TC"/>
  <testcase name="Heading11" time="57.413" classname="Test_Cases_Prod.What_we_offer1_TC"/>
  <testcase name="Heading7" time="42.888" classname="Test_Cases_Prod.What_we_offer1_TC"/>
</testsuite> <!-- Test_Cases_Prod.What_we_offer1_TC -->
