<?xml version="1.0" encoding="UTF-8"?>
<!-- Generated by org.testng.reporters.JUnitReportReporter -->
<testsuite hostname="DESKTOP-N7K85DJ" name="MTL_Test_Cases_Dev.Home_URL" tests="2" failures="0" timestamp="29 Dec 2021 17:24:02 GMT" time="84.605" errors="0">
  <testcase name="Footer" time="47.821" classname="MTL_Test_Cases_Dev.Home_URL"/>
  <testcase name="Footer" time="36.784" classname="MTL_Test_Cases_Dev.Home_URL"/>
</testsuite> <!-- MTL_Test_Cases_Dev.Home_URL -->
