<?xml version="1.0" encoding="UTF-8"?>
<!-- Generated by org.testng.reporters.JUnitReportReporter -->
<testsuite hostname="DESKTOP-N7K85DJ" name="Test_Cases_Prod.Home_URL" tests="2" failures="0" timestamp="30 Sep 2021 06:32:25 GMT" time="86.250" errors="0">
  <testcase name="Footer" time="49.335" classname="Test_Cases_Prod.Home_URL"/>
  <testcase name="Footer" time="36.915" classname="Test_Cases_Prod.Home_URL"/>
</testsuite> <!-- Test_Cases_Prod.Home_URL -->
