<?xml version="1.0" encoding="UTF-8"?>
<!-- Generated by org.testng.reporters.JUnitReportReporter -->
<testsuite hostname="DESKTOP-N7K85DJ" name="Test_Cases_Prod.What_we_offer_URL_TC" tests="2" failures="0" timestamp="15 Sep 2021 17:14:33 GMT" time="198.098" errors="0">
  <testcase name="Heading" time="106.642" classname="Test_Cases_Prod.What_we_offer_URL_TC"/>
  <testcase name="Heading" time="91.456" classname="Test_Cases_Prod.What_we_offer_URL_TC"/>
</testsuite> <!-- Test_Cases_Prod.What_we_offer_URL_TC -->
