<?xml version="1.0" encoding="UTF-8"?>
<!-- Generated by org.testng.reporters.JUnitReportReporter -->
<testsuite hostname="DESKTOP-N7K85DJ" name="Test_Cases.More_offers_TC" tests="2" failures="0" timestamp="30 Sep 2021 06:03:13 GMT" time="83.432" errors="0">
  <testcase name="More_offers" time="35.332" classname="Test_Cases.More_offers_TC"/>
  <testcase name="More_offers" time="48.100" classname="Test_Cases.More_offers_TC"/>
</testsuite> <!-- Test_Cases.More_offers_TC -->
