<?xml version="1.0" encoding="UTF-8"?>
<!-- Generated by org.testng.reporters.JUnitReportReporter -->
<testsuite hostname="DESKTOP-N7K85DJ" name="Test_Cases.Home_URL" tests="2" failures="0" timestamp="19 Nov 2021 13:17:50 GMT" time="90.018" errors="0">
  <testcase name="Footer" time="51.775" classname="Test_Cases.Home_URL"/>
  <testcase name="Footer" time="38.243" classname="Test_Cases.Home_URL"/>
</testsuite> <!-- Test_Cases.Home_URL -->
