<?xml version="1.0" encoding="UTF-8"?>
<!-- Generated by org.testng.reporters.JUnitReportReporter -->
<testsuite hostname="DESKTOP-N7K85DJ" name="Test_Cases_Prod.Home_URL" tests="2" failures="0" timestamp="19 Nov 2021 12:49:07 GMT" time="91.198" errors="0">
  <testcase name="Footer" time="53.790" classname="Test_Cases_Prod.Home_URL"/>
  <testcase name="Footer" time="37.408" classname="Test_Cases_Prod.Home_URL"/>
</testsuite> <!-- Test_Cases_Prod.Home_URL -->
