<?xml version="1.0" encoding="UTF-8"?>
<!-- Generated by org.testng.reporters.JUnitReportReporter -->
<testsuite hostname="DESKTOP-N7K85DJ" name="Test_Cases_Prod.What_we_offer_URL_TC" tests="2" failures="0" timestamp="19 Nov 2021 12:49:07 GMT" time="181.621" errors="0">
  <testcase name="Heading" time="90.158" classname="Test_Cases_Prod.What_we_offer_URL_TC"/>
  <testcase name="Heading" time="91.463" classname="Test_Cases_Prod.What_we_offer_URL_TC"/>
</testsuite> <!-- Test_Cases_Prod.What_we_offer_URL_TC -->
