<?xml version="1.0" encoding="UTF-8"?>
<!-- Generated by org.testng.reporters.JUnitReportReporter -->
<testsuite hostname="DESKTOP-N7K85DJ" name="Test_Cases_Prod.What_we_offer1_TC" tests="22" failures="0" timestamp="15 Sep 2021 17:14:33 GMT" time="1057.259" errors="0">
  <testcase name="Heading11" time="64.208" classname="Test_Cases_Prod.What_we_offer1_TC"/>
  <testcase name="Heading1" time="48.237" classname="Test_Cases_Prod.What_we_offer1_TC"/>
  <testcase name="Heading2" time="43.859" classname="Test_Cases_Prod.What_we_offer1_TC"/>
  <testcase name="Heading4" time="44.416" classname="Test_Cases_Prod.What_we_offer1_TC"/>
  <testcase name="Heading9" time="50.121" classname="Test_Cases_Prod.What_we_offer1_TC"/>
  <testcase name="Heading7" time="50.982" classname="Test_Cases_Prod.What_we_offer1_TC"/>
  <testcase name="Heading3" time="44.106" classname="Test_Cases_Prod.What_we_offer1_TC"/>
  <testcase name="Heading6" time="48.880" classname="Test_Cases_Prod.What_we_offer1_TC"/>
  <testcase name="Heading5" time="43.630" classname="Test_Cases_Prod.What_we_offer1_TC"/>
  <testcase name="Heading10" time="49.772" classname="Test_Cases_Prod.What_we_offer1_TC"/>
  <testcase name="Heading8" time="50.553" classname="Test_Cases_Prod.What_we_offer1_TC"/>
  <testcase name="Heading9" time="43.921" classname="Test_Cases_Prod.What_we_offer1_TC"/>
  <testcase name="Heading1" time="41.213" classname="Test_Cases_Prod.What_we_offer1_TC"/>
  <testcase name="Heading8" time="43.863" classname="Test_Cases_Prod.What_we_offer1_TC"/>
  <testcase name="Heading5" time="49.607" classname="Test_Cases_Prod.What_we_offer1_TC"/>
  <testcase name="Heading2" time="48.347" classname="Test_Cases_Prod.What_we_offer1_TC"/>
  <testcase name="Heading10" time="43.902" classname="Test_Cases_Prod.What_we_offer1_TC"/>
  <testcase name="Heading6" time="43.634" classname="Test_Cases_Prod.What_we_offer1_TC"/>
  <testcase name="Heading4" time="49.276" classname="Test_Cases_Prod.What_we_offer1_TC"/>
  <testcase name="Heading3" time="51.267" classname="Test_Cases_Prod.What_we_offer1_TC"/>
  <testcase name="Heading11" time="59.251" classname="Test_Cases_Prod.What_we_offer1_TC"/>
  <testcase name="Heading7" time="44.214" classname="Test_Cases_Prod.What_we_offer1_TC"/>
</testsuite> <!-- Test_Cases_Prod.What_we_offer1_TC -->
