<?xml version="1.0" encoding="UTF-8"?>
<!-- Generated by org.testng.reporters.JUnitReportReporter -->
<testsuite hostname="DESKTOP-N7K85DJ" name="Test_Cases.Home_URL" tests="2" failures="0" timestamp="30 Sep 2021 06:03:13 GMT" time="83.114" errors="0">
  <testcase name="Footer" time="47.624" classname="Test_Cases.Home_URL"/>
  <testcase name="Footer" time="35.490" classname="Test_Cases.Home_URL"/>
</testsuite> <!-- Test_Cases.Home_URL -->
