<?xml version="1.0" encoding="UTF-8"?>
<!-- Generated by org.testng.reporters.JUnitReportReporter -->
<testsuite hostname="DESKTOP-N7K85DJ" name="Test_Cases.Home_URL" tests="2" failures="0" timestamp="9 Nov 2021 10:20:00 GMT" time="91.106" errors="0">
  <testcase name="Footer" time="54.521" classname="Test_Cases.Home_URL"/>
  <testcase name="Footer" time="36.585" classname="Test_Cases.Home_URL"/>
</testsuite> <!-- Test_Cases.Home_URL -->
