<?xml version="1.0" encoding="UTF-8"?>
<!-- Generated by org.testng.reporters.JUnitReportReporter -->
<testsuite hostname="DESKTOP-N7K85DJ" name="MTL_Test_Cases_Prod.More_offers_TC" tests="2" failures="0" timestamp="30 Dec 2021 09:50:01 GMT" time="127.484" errors="0">
  <testcase name="More_offers" time="35.934" classname="MTL_Test_Cases_Prod.More_offers_TC"/>
  <testcase name="More_offers" time="91.550" classname="MTL_Test_Cases_Prod.More_offers_TC"/>
</testsuite> <!-- MTL_Test_Cases_Prod.More_offers_TC -->
