<?xml version="1.0" encoding="UTF-8"?>
<!-- Generated by org.testng.reporters.JUnitReportReporter -->
<testsuite hostname="DESKTOP-N7K85DJ" name="Test_Cases_Prod.What_we_offer_URL_TC" tests="2" failures="0" timestamp="25 Oct 2021 11:18:31 GMT" time="177.473" errors="0">
  <testcase name="Heading" time="88.626" classname="Test_Cases_Prod.What_we_offer_URL_TC"/>
  <testcase name="Heading" time="88.847" classname="Test_Cases_Prod.What_we_offer_URL_TC"/>
</testsuite> <!-- Test_Cases_Prod.What_we_offer_URL_TC -->
