<?xml version="1.0" encoding="UTF-8"?>
<!-- Generated by org.testng.reporters.JUnitReportReporter -->
<testsuite hostname="DESKTOP-N7K85DJ" name="Test_Cases_Prod.More_offers_TC" tests="2" failures="0" timestamp="19 Nov 2021 12:49:07 GMT" time="136.371" errors="0">
  <testcase name="More_offers" time="41.963" classname="Test_Cases_Prod.More_offers_TC"/>
  <testcase name="More_offers" time="94.408" classname="Test_Cases_Prod.More_offers_TC"/>
</testsuite> <!-- Test_Cases_Prod.More_offers_TC -->
