<?xml version="1.0" encoding="UTF-8"?>
<!-- Generated by org.testng.reporters.JUnitReportReporter -->
<testsuite hostname="DESKTOP-N7K85DJ" name="Test_Cases_Prod.What_we_offer1_TC" tests="22" failures="0" timestamp="19 Nov 2021 12:49:07 GMT" time="1066.293" errors="0">
  <testcase name="Heading1" time="48.844" classname="Test_Cases_Prod.What_we_offer1_TC"/>
  <testcase name="Heading4" time="48.149" classname="Test_Cases_Prod.What_we_offer1_TC"/>
  <testcase name="Heading1" time="41.578" classname="Test_Cases_Prod.What_we_offer1_TC"/>
  <testcase name="Heading4" time="45.885" classname="Test_Cases_Prod.What_we_offer1_TC"/>
  <testcase name="Heading2" time="48.811" classname="Test_Cases_Prod.What_we_offer1_TC"/>
  <testcase name="Heading9" time="45.667" classname="Test_Cases_Prod.What_we_offer1_TC"/>
  <testcase name="Heading10" time="50.644" classname="Test_Cases_Prod.What_we_offer1_TC"/>
  <testcase name="Heading3" time="49.734" classname="Test_Cases_Prod.What_we_offer1_TC"/>
  <testcase name="Heading10" time="45.154" classname="Test_Cases_Prod.What_we_offer1_TC"/>
  <testcase name="Heading6" time="48.140" classname="Test_Cases_Prod.What_we_offer1_TC"/>
  <testcase name="Heading3" time="45.246" classname="Test_Cases_Prod.What_we_offer1_TC"/>
  <testcase name="Heading7" time="48.588" classname="Test_Cases_Prod.What_we_offer1_TC"/>
  <testcase name="Heading6" time="45.020" classname="Test_Cases_Prod.What_we_offer1_TC"/>
  <testcase name="Heading7" time="45.383" classname="Test_Cases_Prod.What_we_offer1_TC"/>
  <testcase name="Heading5" time="49.139" classname="Test_Cases_Prod.What_we_offer1_TC"/>
  <testcase name="Heading8" time="44.918" classname="Test_Cases_Prod.What_we_offer1_TC"/>
  <testcase name="Heading11" time="64.467" classname="Test_Cases_Prod.What_we_offer1_TC"/>
  <testcase name="Heading5" time="45.115" classname="Test_Cases_Prod.What_we_offer1_TC"/>
  <testcase name="Heading11" time="60.882" classname="Test_Cases_Prod.What_we_offer1_TC"/>
  <testcase name="Heading8" time="50.106" classname="Test_Cases_Prod.What_we_offer1_TC"/>
  <testcase name="Heading9" time="49.118" classname="Test_Cases_Prod.What_we_offer1_TC"/>
  <testcase name="Heading2" time="45.705" classname="Test_Cases_Prod.What_we_offer1_TC"/>
</testsuite> <!-- Test_Cases_Prod.What_we_offer1_TC -->
