<?xml version="1.0" encoding="UTF-8"?>
<!-- Generated by org.testng.reporters.JUnitReportReporter -->
<testsuite hostname="DESKTOP-N7K85DJ" name="Test_Cases.What_we_offer1_TC" tests="22" failures="0" timestamp="30 Sep 2021 06:03:13 GMT" time="972.902" errors="0">
  <testcase name="Heading10" time="43.874" classname="Test_Cases.What_we_offer1_TC"/>
  <testcase name="Heading1" time="36.080" classname="Test_Cases.What_we_offer1_TC"/>
  <testcase name="Heading7" time="44.777" classname="Test_Cases.What_we_offer1_TC"/>
  <testcase name="Heading6" time="44.639" classname="Test_Cases.What_we_offer1_TC"/>
  <testcase name="Heading9" time="50.306" classname="Test_Cases.What_we_offer1_TC"/>
  <testcase name="Heading11" time="54.630" classname="Test_Cases.What_we_offer1_TC"/>
  <testcase name="Heading7" time="39.231" classname="Test_Cases.What_we_offer1_TC"/>
  <testcase name="Heading8" time="39.369" classname="Test_Cases.What_we_offer1_TC"/>
  <testcase name="Heading5" time="44.615" classname="Test_Cases.What_we_offer1_TC"/>
  <testcase name="Heading3" time="44.333" classname="Test_Cases.What_we_offer1_TC"/>
  <testcase name="Heading6" time="38.736" classname="Test_Cases.What_we_offer1_TC"/>
  <testcase name="Heading4" time="38.741" classname="Test_Cases.What_we_offer1_TC"/>
  <testcase name="Heading2" time="44.105" classname="Test_Cases.What_we_offer1_TC"/>
  <testcase name="Heading11" time="59.449" classname="Test_Cases.What_we_offer1_TC"/>
  <testcase name="Heading9" time="44.250" classname="Test_Cases.What_we_offer1_TC"/>
  <testcase name="Heading3" time="39.470" classname="Test_Cases.What_we_offer1_TC"/>
  <testcase name="Heading2" time="39.437" classname="Test_Cases.What_we_offer1_TC"/>
  <testcase name="Heading1" time="40.739" classname="Test_Cases.What_we_offer1_TC"/>
  <testcase name="Heading5" time="48.318" classname="Test_Cases.What_we_offer1_TC"/>
  <testcase name="Heading8" time="44.602" classname="Test_Cases.What_we_offer1_TC"/>
  <testcase name="Heading10" time="48.479" classname="Test_Cases.What_we_offer1_TC"/>
  <testcase name="Heading4" time="44.722" classname="Test_Cases.What_we_offer1_TC"/>
</testsuite> <!-- Test_Cases.What_we_offer1_TC -->
