<?xml version="1.0" encoding="UTF-8"?>
<!-- Generated by org.testng.reporters.JUnitReportReporter -->
<testsuite hostname="DESKTOP-N7K85DJ" name="Test_Cases_Prod.What_we_offer_URL_TC" tests="2" failures="0" timestamp="30 Sep 2021 06:32:25 GMT" time="192.727" errors="0">
  <testcase name="Heading" time="102.975" classname="Test_Cases_Prod.What_we_offer_URL_TC"/>
  <testcase name="Heading" time="89.752" classname="Test_Cases_Prod.What_we_offer_URL_TC"/>
</testsuite> <!-- Test_Cases_Prod.What_we_offer_URL_TC -->
