<?xml version="1.0" encoding="UTF-8"?>
<!-- Generated by org.testng.reporters.JUnitReportReporter -->
<testsuite hostname="DESKTOP-N7K85DJ" name="Test_Cases.What_we_offer1_TC" tests="22" failures="0" timestamp="19 Nov 2021 13:17:50 GMT" time="1080.109" errors="0">
  <testcase name="Heading9" time="48.709" classname="Test_Cases.What_we_offer1_TC"/>
  <testcase name="Heading5" time="51.486" classname="Test_Cases.What_we_offer1_TC"/>
  <testcase name="Heading6" time="46.400" classname="Test_Cases.What_we_offer1_TC"/>
  <testcase name="Heading3" time="47.488" classname="Test_Cases.What_we_offer1_TC"/>
  <testcase name="Heading1" time="48.675" classname="Test_Cases.What_we_offer1_TC"/>
  <testcase name="Heading4" time="43.164" classname="Test_Cases.What_we_offer1_TC"/>
  <testcase name="Heading10" time="45.725" classname="Test_Cases.What_we_offer1_TC"/>
  <testcase name="Heading2" time="53.238" classname="Test_Cases.What_we_offer1_TC"/>
  <testcase name="Heading9" time="62.431" classname="Test_Cases.What_we_offer1_TC"/>
  <testcase name="Heading2" time="45.850" classname="Test_Cases.What_we_offer1_TC"/>
  <testcase name="Heading8" time="51.048" classname="Test_Cases.What_we_offer1_TC"/>
  <testcase name="Heading7" time="48.327" classname="Test_Cases.What_we_offer1_TC"/>
  <testcase name="Heading11" time="65.607" classname="Test_Cases.What_we_offer1_TC"/>
  <testcase name="Heading5" time="45.060" classname="Test_Cases.What_we_offer1_TC"/>
  <testcase name="Heading1" time="39.377" classname="Test_Cases.What_we_offer1_TC"/>
  <testcase name="Heading7" time="40.992" classname="Test_Cases.What_we_offer1_TC"/>
  <testcase name="Heading4" time="50.191" classname="Test_Cases.What_we_offer1_TC"/>
  <testcase name="Heading6" time="47.851" classname="Test_Cases.What_we_offer1_TC"/>
  <testcase name="Heading10" time="51.391" classname="Test_Cases.What_we_offer1_TC"/>
  <testcase name="Heading3" time="48.916" classname="Test_Cases.What_we_offer1_TC"/>
  <testcase name="Heading11" time="57.575" classname="Test_Cases.What_we_offer1_TC"/>
  <testcase name="Heading8" time="40.608" classname="Test_Cases.What_we_offer1_TC"/>
</testsuite> <!-- Test_Cases.What_we_offer1_TC -->
