<?xml version="1.0" encoding="UTF-8"?>
<!-- Generated by org.testng.reporters.JUnitReportReporter -->
<testsuite hostname="DESKTOP-N7K85DJ" name="Test_Cases.What_we_offer1_TC" tests="22" failures="0" timestamp="9 Nov 2021 10:20:00 GMT" time="986.091" errors="0">
  <testcase name="Heading9" time="42.711" classname="Test_Cases.What_we_offer1_TC"/>
  <testcase name="Heading5" time="49.348" classname="Test_Cases.What_we_offer1_TC"/>
  <testcase name="Heading6" time="40.324" classname="Test_Cases.What_we_offer1_TC"/>
  <testcase name="Heading3" time="39.741" classname="Test_Cases.What_we_offer1_TC"/>
  <testcase name="Heading1" time="43.354" classname="Test_Cases.What_we_offer1_TC"/>
  <testcase name="Heading4" time="40.218" classname="Test_Cases.What_we_offer1_TC"/>
  <testcase name="Heading2" time="46.995" classname="Test_Cases.What_we_offer1_TC"/>
  <testcase name="Heading9" time="45.565" classname="Test_Cases.What_we_offer1_TC"/>
  <testcase name="Heading8" time="44.867" classname="Test_Cases.What_we_offer1_TC"/>
  <testcase name="Heading7" time="45.418" classname="Test_Cases.What_we_offer1_TC"/>
  <testcase name="Heading11" time="60.090" classname="Test_Cases.What_we_offer1_TC"/>
  <testcase name="Heading2" time="39.767" classname="Test_Cases.What_we_offer1_TC"/>
  <testcase name="Heading5" time="46.315" classname="Test_Cases.What_we_offer1_TC"/>
  <testcase name="Heading10" time="40.253" classname="Test_Cases.What_we_offer1_TC"/>
  <testcase name="Heading1" time="39.629" classname="Test_Cases.What_we_offer1_TC"/>
  <testcase name="Heading7" time="40.508" classname="Test_Cases.What_we_offer1_TC"/>
  <testcase name="Heading4" time="45.427" classname="Test_Cases.What_we_offer1_TC"/>
  <testcase name="Heading6" time="50.531" classname="Test_Cases.What_we_offer1_TC"/>
  <testcase name="Heading10" time="45.148" classname="Test_Cases.What_we_offer1_TC"/>
  <testcase name="Heading3" time="44.541" classname="Test_Cases.What_we_offer1_TC"/>
  <testcase name="Heading11" time="55.436" classname="Test_Cases.What_we_offer1_TC"/>
  <testcase name="Heading8" time="39.905" classname="Test_Cases.What_we_offer1_TC"/>
</testsuite> <!-- Test_Cases.What_we_offer1_TC -->
