<?xml version="1.0" encoding="UTF-8"?>
<!-- Generated by org.testng.reporters.JUnitReportReporter -->
<testsuite hostname="DESKTOP-N7K85DJ" name="Test_Cases_Prod.What_we_offer1_TC" tests="22" failures="0" timestamp="9 Nov 2021 10:45:18 GMT" time="1037.605" errors="0">
  <testcase name="Heading1" time="44.411" classname="Test_Cases_Prod.What_we_offer1_TC"/>
  <testcase name="Heading1" time="40.220" classname="Test_Cases_Prod.What_we_offer1_TC"/>
  <testcase name="Heading4" time="43.836" classname="Test_Cases_Prod.What_we_offer1_TC"/>
  <testcase name="Heading2" time="47.906" classname="Test_Cases_Prod.What_we_offer1_TC"/>
  <testcase name="Heading4" time="48.133" classname="Test_Cases_Prod.What_we_offer1_TC"/>
  <testcase name="Heading9" time="50.115" classname="Test_Cases_Prod.What_we_offer1_TC"/>
  <testcase name="Heading10" time="47.917" classname="Test_Cases_Prod.What_we_offer1_TC"/>
  <testcase name="Heading3" time="47.513" classname="Test_Cases_Prod.What_we_offer1_TC"/>
  <testcase name="Heading10" time="44.575" classname="Test_Cases_Prod.What_we_offer1_TC"/>
  <testcase name="Heading6" time="47.918" classname="Test_Cases_Prod.What_we_offer1_TC"/>
  <testcase name="Heading3" time="43.615" classname="Test_Cases_Prod.What_we_offer1_TC"/>
  <testcase name="Heading7" time="47.668" classname="Test_Cases_Prod.What_we_offer1_TC"/>
  <testcase name="Heading6" time="43.000" classname="Test_Cases_Prod.What_we_offer1_TC"/>
  <testcase name="Heading7" time="43.088" classname="Test_Cases_Prod.What_we_offer1_TC"/>
  <testcase name="Heading5" time="48.072" classname="Test_Cases_Prod.What_we_offer1_TC"/>
  <testcase name="Heading8" time="43.351" classname="Test_Cases_Prod.What_we_offer1_TC"/>
  <testcase name="Heading11" time="63.799" classname="Test_Cases_Prod.What_we_offer1_TC"/>
  <testcase name="Heading5" time="44.019" classname="Test_Cases_Prod.What_we_offer1_TC"/>
  <testcase name="Heading11" time="58.388" classname="Test_Cases_Prod.What_we_offer1_TC"/>
  <testcase name="Heading8" time="48.027" classname="Test_Cases_Prod.What_we_offer1_TC"/>
  <testcase name="Heading9" time="48.679" classname="Test_Cases_Prod.What_we_offer1_TC"/>
  <testcase name="Heading2" time="43.355" classname="Test_Cases_Prod.What_we_offer1_TC"/>
</testsuite> <!-- Test_Cases_Prod.What_we_offer1_TC -->
