<?xml version="1.0" encoding="UTF-8"?>
<!-- Generated by org.testng.reporters.JUnitReportReporter -->
<testsuite hostname="DESKTOP-N7K85DJ" name="Test_Cases_Prod.Home_URL" tests="2" failures="0" timestamp="9 Nov 2021 10:45:18 GMT" time="94.245" errors="0">
  <testcase name="Footer" time="56.148" classname="Test_Cases_Prod.Home_URL"/>
  <testcase name="Footer" time="38.097" classname="Test_Cases_Prod.Home_URL"/>
</testsuite> <!-- Test_Cases_Prod.Home_URL -->
