<?xml version="1.0" encoding="UTF-8"?>
<!-- Generated by org.testng.reporters.JUnitReportReporter -->
<testsuite hostname="DESKTOP-N7K85DJ" name="Test_Cases_Prod.More_offers_TC" tests="2" failures="0" timestamp="9 Nov 2021 10:45:18 GMT" time="88.236" errors="0">
  <testcase name="More_offers" time="43.133" classname="Test_Cases_Prod.More_offers_TC"/>
  <testcase name="More_offers" time="45.103" classname="Test_Cases_Prod.More_offers_TC"/>
</testsuite> <!-- Test_Cases_Prod.More_offers_TC -->
