<?xml version="1.0" encoding="UTF-8"?>
<!-- Generated by org.testng.reporters.JUnitReportReporter -->
<testsuite hostname="DESKTOP-N7K85DJ" name="Test_Cases_Prod.More_offers_TC" tests="2" failures="0" timestamp="15 Sep 2021 17:14:33 GMT" time="92.480" errors="0">
  <testcase name="More_offers" time="52.328" classname="Test_Cases_Prod.More_offers_TC"/>
  <testcase name="More_offers" time="40.152" classname="Test_Cases_Prod.More_offers_TC"/>
</testsuite> <!-- Test_Cases_Prod.More_offers_TC -->
