<?xml version="1.0" encoding="UTF-8"?>
<!-- Generated by org.testng.reporters.JUnitReportReporter -->
<testsuite hostname="DESKTOP-N7K85DJ" name="Test_Cases.More_offers_TC" tests="2" failures="0" timestamp="19 Nov 2021 13:17:50 GMT" time="139.187" errors="0">
  <testcase name="More_offers" time="39.619" classname="Test_Cases.More_offers_TC"/>
  <testcase name="More_offers" time="99.568" classname="Test_Cases.More_offers_TC"/>
</testsuite> <!-- Test_Cases.More_offers_TC -->
