<?xml version="1.0" encoding="UTF-8"?>
<!-- Generated by org.testng.reporters.JUnitReportReporter -->
<testsuite hostname="DESKTOP-N7K85DJ" name="Test_Cases_Prod.Home_URL" tests="2" failures="0" timestamp="25 Oct 2021 11:18:31 GMT" time="101.517" errors="0">
  <testcase name="Footer" time="64.209" classname="Test_Cases_Prod.Home_URL"/>
  <testcase name="Footer" time="37.308" classname="Test_Cases_Prod.Home_URL"/>
</testsuite> <!-- Test_Cases_Prod.Home_URL -->
