<?xml version="1.0" encoding="UTF-8"?>
<!-- Generated by org.testng.reporters.JUnitReportReporter -->
<testsuite hostname="DESKTOP-N7K85DJ" name="MTL_Test_Cases_Dev.More_offers_TC" tests="2" failures="0" timestamp="29 Dec 2021 17:24:02 GMT" time="86.348" errors="0">
  <testcase name="More_offers" time="39.001" classname="MTL_Test_Cases_Dev.More_offers_TC"/>
  <testcase name="More_offers" time="47.347" classname="MTL_Test_Cases_Dev.More_offers_TC"/>
</testsuite> <!-- MTL_Test_Cases_Dev.More_offers_TC -->
