<?xml version="1.0" encoding="UTF-8"?>
<!-- Generated by org.testng.reporters.JUnitReportReporter -->
<testsuite hostname="DESKTOP-N7K85DJ" name="Test_Cases_Prod.What_we_offer1_TC" tests="22" failures="0" timestamp="25 Oct 2021 11:18:31 GMT" time="1013.818" errors="0">
  <testcase name="Heading9" time="47.566" classname="Test_Cases_Prod.What_we_offer1_TC"/>
  <testcase name="Heading3" time="47.131" classname="Test_Cases_Prod.What_we_offer1_TC"/>
  <testcase name="Heading6" time="49.562" classname="Test_Cases_Prod.What_we_offer1_TC"/>
  <testcase name="Heading1" time="39.065" classname="Test_Cases_Prod.What_we_offer1_TC"/>
  <testcase name="Heading4" time="41.949" classname="Test_Cases_Prod.What_we_offer1_TC"/>
  <testcase name="Heading4" time="48.187" classname="Test_Cases_Prod.What_we_offer1_TC"/>
  <testcase name="Heading6" time="41.678" classname="Test_Cases_Prod.What_we_offer1_TC"/>
  <testcase name="Heading8" time="42.160" classname="Test_Cases_Prod.What_we_offer1_TC"/>
  <testcase name="Heading10" time="47.669" classname="Test_Cases_Prod.What_we_offer1_TC"/>
  <testcase name="Heading8" time="49.448" classname="Test_Cases_Prod.What_we_offer1_TC"/>
  <testcase name="Heading2" time="47.040" classname="Test_Cases_Prod.What_we_offer1_TC"/>
  <testcase name="Heading9" time="42.002" classname="Test_Cases_Prod.What_we_offer1_TC"/>
  <testcase name="Heading7" time="42.013" classname="Test_Cases_Prod.What_we_offer1_TC"/>
  <testcase name="Heading1" time="43.762" classname="Test_Cases_Prod.What_we_offer1_TC"/>
  <testcase name="Heading7" time="47.631" classname="Test_Cases_Prod.What_we_offer1_TC"/>
  <testcase name="Heading2" time="42.636" classname="Test_Cases_Prod.What_we_offer1_TC"/>
  <testcase name="Heading5" time="41.973" classname="Test_Cases_Prod.What_we_offer1_TC"/>
  <testcase name="Heading11" time="56.681" classname="Test_Cases_Prod.What_we_offer1_TC"/>
  <testcase name="Heading5" time="48.274" classname="Test_Cases_Prod.What_we_offer1_TC"/>
  <testcase name="Heading3" time="42.091" classname="Test_Cases_Prod.What_we_offer1_TC"/>
  <testcase name="Heading10" time="41.775" classname="Test_Cases_Prod.What_we_offer1_TC"/>
  <testcase name="Heading11" time="63.525" classname="Test_Cases_Prod.What_we_offer1_TC"/>
</testsuite> <!-- Test_Cases_Prod.What_we_offer1_TC -->
