<?xml version="1.0" encoding="UTF-8"?>
<!-- Generated by org.testng.reporters.JUnitReportReporter -->
<testsuite hostname="DESKTOP-N7K85DJ" name="Test_Cases_Prod.Home_URL" tests="2" failures="0" timestamp="15 Sep 2021 17:14:33 GMT" time="89.379" errors="0">
  <testcase name="Footer" time="51.311" classname="Test_Cases_Prod.Home_URL"/>
  <testcase name="Footer" time="38.068" classname="Test_Cases_Prod.Home_URL"/>
</testsuite> <!-- Test_Cases_Prod.Home_URL -->
